406, 62704, 1, 0
531, 172231, 1, 0
1987, 143974, 1, 0
1987, 1455528, 1, 0
1987, 1454054, 1, 0
1988, 1453695, 1, 0
1988, 1453414, 1, 0
2000, 1172185, 1, 0
3961, 199984, 1, 0
3971, 1824525, 1, 0
3971, 1824945, 1, 0
3972, 1824609, 1, 0
3972, 1823095, 1, 0
3973, 1823687, 1, 0
3974, 1821644, 1, 0
4001, 768316, 1, 0
4254, 28586, 1, 0
4522, 291153, 1, 0
5016, 420788, 1, 0
5016, 1014768, 1, 0
7378, 702259, 1, 0
7379, 2362391, 1, 0
7379, 2363047, 1, 0
7379, 2362628, 1, 0
7379, 2359058, 1, 0
7379, 2359748, 1, 0
7379, 2359182, 1, 0
7380, 2358634, 1, 0
7380, 2358632, 1, 0
8040, 555298, 1, 0
8079, 671103, 1, 0
8079, 671635, 1, 0
8271, 270489, 1, 0
8551, 310981, 1, 0
9820, 652798, 1, 0
9847, 1740019, 1, 0
9847, 1422152, 1, 0
9847, 1728539, 1, 0
9848, 1741074, 1, 0
10008, 1263361, 1, 0
11463, 1479518, 1, 0
11789, 1941660, 1, 0
11790, 1942434, 1, 0
11790, 1942176, 1, 0
11790, 1941919, 1, 0
11790, 1942462, 1, 0
11790, 1940095, 1, 0
14862, 512145, 1, 0
14862, 2940265, 1, 0
14862, 2939611, 1, 0
14862, 2941870, 1, 0
14863, 2941360, 1, 0
14863, 2940328, 1, 0
14863, 2941625, 1, 0
14863, 2941655, 1, 0
14863, 2942582, 1, 0
14865, 2942838, 1, 0
14865, 2941449, 1, 0
14867, 2943812, 1, 0
16187, 1311426, 1, 0
16188, 1315567, 1, 0
16188, 1315357, 1, 0
16188, 1315908, 1, 0
16188, 1313679, 1, 0
17093, 987094, 1, 0
17093, 905485, 1, 0
17094, 904872, 1, 0
17094, 905829, 1, 0
17964, 709000, 1, 0
17964, 869444, 1, 0
17965, 871195, 1, 0
18198, 609450, 1, 0
18271, 191691, 1, 0
18585, 57110, 1, 0
18870, 326397, 1, 0
21076, 2766240, 1, 0
21076, 2779332, 1, 0
21077, 2774794, 1, 0
21077, 2775211, 1, 0
21077, 2767138, 1, 0
21078, 2763819, 1, 0
21079, 2773262, 1, 0
21079, 2782650, 1, 0
21079, 2782246, 1, 0
21470, 723272, 1, 0
21537, 378372, 1, 0
23057, 350595, 1, 0
23057, 1939800, 1, 0
23057, 1586569, 1, 0
23058, 1565054, 1, 0
23058, 1933995, 1, 0
23059, 1565884, 1, 0
23670, 509755, 1, 0
24274, 1183185, 1, 0
24274, 1186154, 1, 0
24274, 1186041, 1, 0
24274, 1186272, 1, 0
25885, 767243, 1, 0
25886, 1608020, 1, 0
25886, 1610551, 1, 0
25886, 1608383, 1, 0
25886, 1606726, 1, 0
25887, 1607047, 1, 0
27572, 871515, 1, 0
27573, 1630790, 1, 0
27573, 1630673, 1, 0
27573, 1630811, 1, 0
27573, 1630020, 1, 0
27573, 1630166, 1, 0
27573, 1630732, 1, 0
28464, 1925839, 1, 0
28464, 2516471, 1, 0
28464, 2511876, 1, 0
28846, 1678992, 1, 0
28846, 382179, 1, 0
29125, 133462, 1, 0
29331, 151791, 1, 0
32100, 3215327, 1, 0
32100, 3214796, 1, 0
32100, 3212313, 1, 0
32100, 3215181, 1, 0
32100, 3212197, 1, 0
32101, 3213075, 1, 0
32101, 3206525, 1, 0
32102, 3213666, 1, 0
32102, 3213976, 1, 0
32102, 3214271, 1, 0
32102, 3214257, 1, 0
32332, 663015, 1, 0
34124, 136292, 1, 0
34125, 1786979, 1, 0
34125, 1784619, 1, 0
34126, 1785482, 1, 0
34126, 1774247, 1, 0
34126, 1774410, 1, 0
34127, 1773900, 1, 0
34620, 1384951, 1, 0
34620, 2208195, 1, 0
35048, 488085, 1, 0
35048, 400492, 1, 0
35274, 419199, 1, 0
36698, 640468, 1, 0
36698, 1632388, 1, 0
36699, 1633219, 1, 0
36699, 1650298, 1, 0
36700, 1633710, 1, 0
37745, 1501608, 1, 0
37745, 2568950, 1, 0
37745, 2565840, 1, 0
37746, 2679969, 1, 0
37750, 2613122, 1, 0
38028, 375232, 1, 0
38533, 751748, 1, 0
38533, 751870, 1, 0
39047, 680005, 1, 0
39047, 1255248, 1, 0
39845, 599809, 1, 0
39845, 792208, 1, 0
39845, 789552, 1, 0
40295, 717467, 1, 0
40295, 1051910, 1, 0
40649, 672825, 1, 0
40831, 806183, 1, 0
43342, 721042, 1, 0
43343, 2620774, 1, 0
43343, 2511367, 1, 0
43346, 4275, 1, 0
43347, 3991, 1, 0
43350, 2628361, 1, 0
43350, 2518276, 1, 0
43351, 2629369, 1, 0
43352, 2629875, 1, 0
43352, 2629987, 1, 0
43511, 651284, 1, 0
44915, 392162, 1, 0
45258, 1872916, 1, 0
45258, 1875920, 1, 0
45259, 1870047, 1, 0
45259, 1868672, 1, 0
45259, 1868516, 1, 0
45259, 1869858, 1, 0
47903, 611363, 1, 0
47903, 2622033, 1, 0
47904, 2620163, 1, 0
47904, 2619981, 1, 0
47904, 2616772, 1, 0
47904, 2619486, 1, 0
47904, 2623175, 1, 0
47905, 2615789, 1, 0
47905, 2616355, 1, 0
47905, 2620757, 1, 0
48155, 743581, 1, 0
48307, 205196, 1, 0
50496, 492885, 1, 0
50496, 2339122, 1, 0
50496, 2339803, 1, 0
50497, 2339398, 1, 0
50497, 2342337, 1, 0
50497, 2341631, 1, 0
50497, 2341649, 1, 0
50498, 2341582, 1, 0
50500, 2340268, 1, 0
52020, 592365, 1, 0
52027, 1502333, 1, 0
52027, 1505736, 1, 0
52027, 1501693, 1, 0
52027, 1513076, 1, 0
52028, 1513582, 1, 0
53541, 622827, 1, 0
53542, 1481854, 1, 0
53542, 1483428, 1, 0
53542, 1484389, 1, 0
53542, 1482995, 1, 0
53543, 1482622, 1, 0
54121, 412388, 1, 0
54122, 553054, 1, 0
56274, 511589, 1, 0
56274, 2533372, 1, 0
56275, 2530348, 1, 0
56275, 2153231, 1, 0
56281, 6577, 1, 0
56285, 2153699, 1, 0
56285, 3599, 1, 0
56286, 2149402, 1, 0
56287, 2150436, 1, 0
57409, 986921, 1, 0
57409, 1112960, 1, 0
57409, 1108003, 1, 0
57409, 1114719, 1, 0
58318, 974705, 1, 0
58319, 909412, 1, 0
58319, 909852, 1, 0
58320, 909240, 1, 0
60270, 311804, 1, 0
60363, 2023185, 1, 0
60363, 2020485, 1, 0
60363, 2020181, 1, 0
60363, 2021154, 1, 0
60363, 2016694, 1, 0
60363, 2020693, 1, 0
60363, 2018596, 1, 0
60363, 2012661, 1, 0
416, 66566, 1, 0
531, 196877, 1, 0
1117, 116808, 1, 0
1987, 1455185, 1, 0
1987, 1533913, 1, 0
1987, 1455656, 1, 0
1988, 1530894, 1, 0
2001, 1292994, 1, 0
3971, 199597, 1, 0
3972, 1825803, 1, 0
3972, 1823661, 1, 0
3972, 1824022, 1, 0
3973, 1823552, 1, 0
3973, 1825415, 1, 0
3974, 1823706, 1, 0
4000, 767680, 1, 0
4254, 31556, 1, 0
4522, 334002, 1, 0
5015, 470710, 1, 0
5016, 1011649, 1, 0
7378, 598517, 1, 0
7378, 2362048, 1, 0
7379, 2362904, 1, 0
7379, 2359819, 1, 0
7380, 2363241, 1, 0
7380, 2363181, 1, 0
7380, 2358118, 1, 0
7380, 2360515, 1, 0
7381, 2362116, 1, 0
8079, 577528, 1, 0
8079, 660767, 1, 0
8079, 671743, 1, 0
8271, 269144, 1, 0
8523, 212635, 1, 0
9846, 876591, 1, 0
9846, 1738750, 1, 0
9847, 1742644, 1, 0
9847, 1734086, 1, 0
9847, 1738377, 1, 0
10007, 1405048, 1, 0
11789, 1942828, 1, 0
11790, 1943039, 1, 0
11790, 1943690, 1, 0
11790, 1940855, 1, 0
11790, 1940817, 1, 0
11790, 1943517, 1, 0
11790, 1942566, 1, 0
14861, 515944, 1, 0
14862, 2940097, 1, 0
14862, 2940138, 1, 0
14862, 2940135, 1, 0
14862, 2940181, 1, 0
14862, 2940170, 1, 0
14862, 2940237, 1, 0
14862, 2939796, 1, 0
14863, 2940171, 1, 0
14863, 2939921, 1, 0
14863, 2941522, 1, 0
14864, 2941080, 1, 0
16187, 1079361, 1, 0
16188, 1316434, 1, 0
16188, 1317650, 1, 0
16188, 1313278, 1, 0
16189, 1316056, 1, 0
17093, 1257997, 1, 0
17093, 905160, 1, 0
17094, 904754, 1, 0
17094, 904842, 1, 0
17964, 656464, 1, 0
17964, 870112, 1, 0
17965, 870831, 1, 0
18204, 556176, 1, 0
18271, 186178, 1, 0
18870, 55584, 1, 0
18870, 468903, 1, 0
21076, 2775442, 1, 0
21076, 2775181, 1, 0
21077, 2772486, 1, 0
21077, 2774866, 1, 0
21077, 2780293, 1, 0
21077, 2778212, 1, 0
21077, 2770366, 1, 0
21077, 2763259, 1, 0
21078, 2773426, 1, 0
21470, 714044, 1, 0
21553, 381510, 1, 0
23056, 495218, 1, 0
23057, 1585950, 1, 0
23057, 1586109, 1, 0
23057, 1586252, 1, 0
23057, 1935312, 1, 0
23057, 1924406, 1, 0
23670, 526207, 1, 0
23670, 588870, 1, 0
24273, 600605, 1, 0
24274, 1193578, 1, 0
24274, 1189051, 1, 0
25886, 706695, 1, 0
25886, 1609112, 1, 0
25886, 1606392, 1, 0
25886, 1605585, 1, 0
25887, 1606271, 1, 0
25887, 1605020, 1, 0
27572, 716589, 1, 0
27573, 1630662, 1, 0
27573, 1630379, 1, 0
27573, 1630388, 1, 0
27573, 1630501, 1, 0
27573, 1631051, 1, 0
27574, 1630729, 1, 0
28464, 1158389, 1, 0
28464, 2511354, 1, 0
28465, 2510188, 1, 0
28846, 1676519, 1, 0
28846, 381283, 1, 0
29124, 142110, 1, 0
29331, 226148, 1, 0
32099, 3207529, 1, 0
32099, 3214452, 1, 0
32099, 3212364, 1, 0
32100, 3209230, 1, 0
32100, 3216121, 1, 0
32100, 3210595, 1, 0
32100, 3215190, 1, 0
32101, 3215785, 1, 0
32101, 3216151, 1, 0
32101, 3215674, 1, 0
32102, 3214272, 1, 0
32337, 584210, 1, 0
34125, 150283, 1, 0
34126, 1774149, 1, 0
34126, 1773371, 1, 0
34127, 1773215, 1, 0
34127, 1772604, 1, 0
34128, 1771922, 1, 0
34128, 1774915, 1, 0
34628, 1450942, 1, 0
34628, 2211826, 1, 0
35048, 266458, 1, 0
35048, 910798, 1, 0
35256, 444488, 1, 0
36690, 699790, 1, 0
36693, 3010, 1, 0
36698, 1633368, 1, 0
36698, 1650110, 1, 0
36699, 1633402, 1, 0
37744, 1739179, 1, 0
37745, 2669101, 1, 0
37745, 2470263, 1, 0
37745, 2585804, 1, 0
37750, 2361539, 1, 0
38028, 364691, 1, 0
38533, 376294, 1, 0
38533, 757740, 1, 0
39047, 680960, 1, 0
39047, 1253524, 1, 0
39250, 531914, 1, 0
39844, 792458, 1, 0
39845, 791848, 1, 0
40294, 679935, 1, 0
40294, 1052309, 1, 0
40650, 816633, 1, 0
40831, 757072, 1, 0
43342, 832504, 1, 0
43343, 2620917, 1, 0
43350, 2518671, 1, 0
43350, 2700198, 1, 0
43350, 2450525, 1, 0
43350, 2700457, 1, 0
43351, 2442226, 1, 0
43351, 2519369, 1, 0
43351, 2519528, 1, 0
43352, 2629469, 1, 0
43511, 600228, 1, 0
45257, 386322, 1, 0
45258, 1876071, 1, 0
45258, 1879686, 1, 0
45259, 1876463, 1, 0
45259, 1871817, 1, 0
45259, 1874690, 1, 0
45260, 1861314, 1, 0
47903, 600219, 1, 0
47903, 2622049, 1, 0
47904, 2622067, 1, 0
47904, 2622195, 1, 0
47904, 2616559, 1, 0
47904, 2622703, 1, 0
47904, 2619217, 1, 0
47904, 2615238, 1, 0
47904, 2620480, 1, 0
47904, 2620418, 1, 0
48154, 716498, 1, 0
48307, 184090, 1, 0
50496, 480338, 1, 0
50496, 2341340, 1, 0
50496, 2341178, 1, 0
50496, 2340225, 1, 0
50497, 2339721, 1, 0
50497, 2340996, 1, 0
50497, 2340000, 1, 0
50498, 2342111, 1, 0
50500, 2337811, 1, 0
52026, 717784, 1, 0
52027, 1501501, 1, 0
52027, 1518736, 1, 0
52027, 1501094, 1, 0
52027, 1495029, 1, 0
52028, 1508441, 1, 0
53542, 633304, 1, 0
53543, 1482638, 1, 0
53543, 1484305, 1, 0
53543, 1485289, 1, 0
53545, 1486265, 1, 0
53545, 1481349, 1, 0
54120, 445921, 1, 0
54121, 549529, 1, 0
56274, 499133, 1, 0
56274, 2529759, 1, 0
56274, 2153285, 1, 0
56275, 2148494, 1, 0
56275, 2152813, 1, 0
56275, 2153714, 1, 0
56277, 3489, 1, 0
56284, 2163087, 1, 0
56285, 2149357, 1, 0
57408, 749993, 1, 0
57409, 1108146, 1, 0
57409, 1112675, 1, 0
57410, 1113613, 1, 0
58308, 882654, 1, 0
58315, 1993135, 1, 0
58317, 1996650, 1, 0
58318, 1999086, 1, 0
60270, 371819, 1, 0
60363, 2028181, 1, 0
60363, 2020835, 1, 0
60363, 2021463, 1, 0
60363, 2021750, 1, 0
60363, 2031946, 1, 0
60363, 2020931, 1, 0
60363, 2016207, 1, 0
60363, 2013156, 1, 0
416, 59851, 1, 0
531, 171573, 1, 0
1117, 114057, 1, 0
1117, 447576, 1, 0
1987, 951177, 1, 0
1988, 1454891, 1, 0
1990, 1454253, 1, 0
2000, 1347801, 1, 0
3972, 148234, 1, 0
3972, 1825400, 1, 0
3972, 1824505, 1, 0
3972, 1823772, 1, 0
3974, 1823620, 1, 0
3974, 1824050, 1, 0
3974, 1827708, 1, 0
4001, 836471, 1, 0
4254, 30370, 1, 0
4522, 277191, 1, 0
5016, 404880, 1, 0
5016, 1006537, 1, 0
7378, 598296, 1, 0
7379, 2363007, 1, 0
7379, 2360666, 1, 0
7379, 2359917, 1, 0
7379, 2360586, 1, 0
7380, 2363326, 1, 0
7380, 2360846, 1, 0
7380, 2358700, 1, 0
7380, 2363637, 1, 0
7544, 506297, 1, 0
8040, 629603, 1, 0
8079, 665494, 1, 0
8271, 259283, 1, 0
8523, 223133, 1, 0
9847, 769541, 1, 0
9847, 1741328, 1, 0
9847, 1739257, 1, 0
9847, 1739230, 1, 0
9847, 1742204, 1, 0
10008, 1323382, 1, 0
11789, 273166, 1, 0
11789, 1942146, 1, 0
11790, 1941891, 1, 0
11790, 1943122, 1, 0
11791, 1943448, 1, 0
11791, 1944013, 1, 0
11791, 1941972, 1, 0
14862, 472811, 1, 0
14862, 2939350, 1, 0
14862, 2941784, 1, 0
14862, 2942003, 1, 0
14865, 2939144, 1, 0
14866, 2945164, 1, 0
14867, 2945093, 1, 0
14867, 2940125, 1, 0
14868, 2941855, 1, 0
14869, 2939985, 1, 0
14870, 2940423, 1, 0
14871, 2940067, 1, 0
16188, 1503758, 1, 0
16188, 1312137, 1, 0
16188, 1311544, 1, 0
16188, 1311225, 1, 0
16188, 1316627, 1, 0
17093, 1140455, 1, 0
17093, 905436, 1, 0
17093, 905084, 1, 0
17093, 905277, 1, 0
17964, 691679, 1, 0
17965, 871161, 1, 0
17965, 868932, 1, 0
18197, 655204, 1, 0
18271, 201839, 1, 0
18870, 52190, 1, 0
18870, 462296, 1, 0
21076, 1120097, 1, 0
21076, 2775780, 1, 0
21076, 2777278, 1, 0
21076, 2774716, 1, 0
21077, 2762117, 1, 0
21078, 2772105, 1, 0
21079, 2776720, 1, 0
21080, 2677982, 1, 0
21080, 2775439, 1, 0
21470, 748123, 1, 0
21537, 382415, 1, 0
23056, 419746, 1, 0
23057, 1938435, 1, 0
23057, 1924930, 1, 0
23057, 1933325, 1, 0
23058, 1935380, 1, 0
23059, 1565034, 1, 0
24273, 483978, 1, 0
24274, 1192969, 1, 0
24274, 1192266, 1, 0
24274, 1193666, 1, 0
24274, 1190305, 1, 0
25885, 718273, 1, 0
25886, 1612001, 1, 0
25886, 1610914, 1, 0
25886, 1606473, 1, 0
25887, 1608971, 1, 0
25887, 1607042, 1, 0
27572, 826493, 1, 0
27572, 1629560, 1, 0
27573, 1630280, 1, 0
27573, 1629168, 1, 0
27573, 1632125, 1, 0
27574, 1632684, 1, 0
27574, 1630961, 1, 0
28464, 724640, 1, 0
28464, 2512091, 1, 0
28464, 2520291, 1, 0
28846, 1545455, 1, 0
28846, 382158, 1, 0
29124, 136908, 1, 0
29330, 445980, 1, 0
32099, 3214785, 1, 0
32099, 3209313, 1, 0
32099, 3214172, 1, 0
32099, 3213971, 1, 0
32099, 3215088, 1, 0
32099, 3214864, 1, 0
32100, 3212415, 1, 0
32100, 3216962, 1, 0
32101, 3215237, 1, 0
32101, 3210650, 1, 0
32102, 3216749, 1, 0
32337, 641429, 1, 0
34124, 165752, 1, 0
34125, 1784802, 1, 0
34125, 1786713, 1, 0
34125, 1785032, 1, 0
34125, 1787566, 1, 0
34126, 1787698, 1, 0
34126, 1781865, 1, 0
34620, 1399133, 1, 0
34620, 2258994, 1, 0
35049, 270155, 1, 0
35049, 400054, 1, 0
35274, 354947, 1, 0
36684, 821119, 1, 0
36698, 2048627, 1, 0
36698, 1633961, 1, 0
36699, 1649263, 1, 0
36699, 1633621, 1, 0
37745, 1597551, 1, 0
37745, 2695414, 1, 0
37745, 2470677, 1, 0
37745, 2695339, 1, 0
37750, 2710337, 1, 0
38533, 439866, 1, 0
38533, 763546, 1, 0
38533, 752157, 1, 0
39047, 621141, 1, 0
39048, 1269155, 1, 0
39845, 510201, 1, 0
39845, 789874, 1, 0
39845, 787905, 1, 0
40294, 707179, 1, 0
40295, 1051841, 1, 0
40649, 818362, 1, 0
40831, 868975, 1, 0
43342, 718811, 1, 0
43346, 3838, 1, 0
43352, 2630534, 1, 0
43352, 2444237, 1, 0
43352, 2424112, 1, 0
43353, 2441235, 1, 0
43354, 2423572, 1, 0
43354, 2424227, 1, 0
43354, 2522028, 1, 0
43354, 2423031, 1, 0
43510, 655315, 1, 0
44915, 296177, 1, 0
45258, 1873152, 1, 0
45258, 1875456, 1, 0
45259, 1876729, 1, 0
45259, 1868545, 1, 0
45259, 1872925, 1, 0
45260, 1867414, 1, 0
47903, 611775, 1, 0
47903, 2619349, 1, 0
47903, 2621426, 1, 0
47903, 2622606, 1, 0
47904, 2619774, 1, 0
47904, 2620040, 1, 0
47904, 2615438, 1, 0
47905, 2618590, 1, 0
47905, 2620544, 1, 0
47905, 2615964, 1, 0
48155, 792785, 1, 0
48306, 167569, 1, 0
50496, 763793, 1, 0
50496, 2340666, 1, 0
50496, 2340341, 1, 0
50497, 2340719, 1, 0
50498, 2342141, 1, 0
50498, 2338828, 1, 0
50498, 2337724, 1, 0
50500, 2337397, 1, 0
50501, 2341157, 1, 0
52019, 737394, 1, 0
52020, 1510037, 1, 0
52027, 1501307, 1, 0
52027, 1505739, 1, 0
52027, 1501952, 1, 0
52027, 1502167, 1, 0
53542, 632781, 1, 0
53542, 1482817, 1, 0
53542, 1483233, 1, 0
53543, 1483498, 1, 0
53543, 1484339, 1, 0
53543, 1482077, 1, 0
54121, 417381, 1, 0
54122, 550387, 1, 0
56274, 501049, 1, 0
56274, 2152343, 1, 0
56274, 2152777, 1, 0
56275, 2153098, 1, 0
56285, 2162539, 1, 0
56285, 2153222, 1, 0
56285, 2150486, 1, 0
56285, 2153966, 1, 0
56285, 2149525, 1, 0
57409, 785987, 1, 0
57409, 1108386, 1, 0
57410, 1112796, 1, 0
57410, 1108849, 1, 0
58315, 1002822, 1, 0
58318, 2635, 1, 0
58318, 909000, 1, 0
58319, 908253, 1, 0
60270, 332412, 1, 0
60363, 2015863, 1, 0
60363, 2018011, 1, 0
60363, 2020983, 1, 0
60363, 2020459, 1, 0
60363, 2025979, 1, 0
60363, 2020889, 1, 0
60363, 2018129, 1, 0
60363, 2013860, 1, 0
406, 63288, 1, 0
525, 174598, 1, 0
1117, 123900, 1, 0
1117, 449014, 1, 0
1978, 1525173, 1, 0
1987, 1454244, 1, 0
1987, 1454582, 1, 0
2000, 1308596, 1, 0
3962, 219433, 1, 0
3962, 1952571, 1, 0
3972, 1824370, 1, 0
3972, 1825329, 1, 0
3972, 1824341, 1, 0
3972, 1824858, 1, 0
3972, 1825049, 1, 0
4000, 808784, 1, 0
4254, 27855, 1, 0
4522, 278412, 1, 0
5016, 486493, 1, 0
5016, 1009425, 1, 0
7379, 638131, 1, 0
7379, 2362848, 1, 0
7379, 2362653, 1, 0
7379, 2362576, 1, 0
7379, 2360368, 1, 0
7379, 2363309, 1, 0
7380, 2362329, 1, 0
7380, 2363307, 1, 0
7380, 2362395, 1, 0
8079, 560193, 1, 0
8080, 671274, 1, 0
8080, 671820, 1, 0
8271, 263962, 1, 0
8523, 300013, 1, 0
9821, 869419, 1, 0
9846, 1739345, 1, 0
9847, 1739512, 1, 0
9847, 1739139, 1, 0
9847, 1738452, 1, 0
10008, 1398147, 1, 0
11789, 678493, 1, 0
11789, 1942926, 1, 0
11790, 1942572, 1, 0
11790, 1942979, 1, 0
11790, 1942926, 1, 0
11790, 1941893, 1, 0
11791, 1941494, 1, 0
14862, 503450, 1, 0
14863, 2940805, 1, 0
14864, 2940543, 1, 0
14864, 2942265, 1, 0
14865, 2942383, 1, 0
14865, 2942280, 1, 0
14865, 2938773, 1, 0
14867, 2944818, 1, 0
14867, 2944609, 1, 0
14870, 2940290, 1, 0
14870, 2940347, 1, 0
14870, 2940330, 1, 0
16188, 1340312, 1, 0
16188, 1312814, 1, 0
16188, 1312353, 1, 0
16188, 1313403, 1, 0
16188, 1314328, 1, 0
17093, 1044034, 1, 0
17093, 905362, 1, 0
17094, 906040, 1, 0
17094, 905974, 1, 0
17964, 749728, 1, 0
17964, 870332, 1, 0
17964, 871232, 1, 0
18204, 655177, 1, 0
18279, 207444, 1, 0
18867, 61197, 1, 0
18871, 469043, 1, 0
21076, 1102889, 1, 0
21077, 2772496, 1, 0
21078, 2777204, 1, 0
21078, 2769448, 1, 0
21078, 2782135, 1, 0
21078, 2777359, 1, 0
21079, 2781837, 1, 0
21079, 2677754, 1, 0
21079, 2677665, 1, 0
21470, 751822, 1, 0
21554, 380769, 1, 0
23057, 328890, 1, 0
23058, 1935557, 1, 0
23058, 1931283, 1, 0
23059, 1565524, 1, 0
23059, 1565710, 1, 0
23059, 1566029, 1, 0
24273, 547309, 1, 0
24273, 1187114, 1, 0
24273, 1185506, 1, 0
24274, 1194223, 1, 0
24274, 1192967, 1, 0
25886, 741655, 1, 0
25886, 1608459, 1, 0
25886, 1611124, 1, 0
25887, 1612298, 1, 0
25887, 1608844, 1, 0
25887, 1604995, 1, 0
27572, 869280, 1, 0
27572, 1630078, 1, 0
27573, 1629410, 1, 0
27573, 1631431, 1, 0
27574, 1630895, 1, 0
27574, 1626387, 1, 0
27574, 1631712, 1, 0
28464, 2071481, 1, 0
28464, 2511540, 1, 0
28464, 2520148, 1, 0
28845, 1775112, 1, 0
28845, 381131, 1, 0
29331, 133411, 1, 0
29331, 445964, 1, 0
32099, 3214658, 1, 0
32099, 3209144, 1, 0
32099, 3214637, 1, 0
32100, 3215529, 1, 0
32100, 3212860, 1, 0
32100, 3212711, 1, 0
32100, 3215600, 1, 0
32100, 3213075, 1, 0
32100, 3214971, 1, 0
32100, 3210010, 1, 0
32101, 3215806, 1, 0
32337, 702382, 1, 0
34115, 166088, 1, 0
34125, 1787366, 1, 0
34125, 1787499, 1, 0
34125, 1787934, 1, 0
34125, 1785210, 1, 0
34126, 1788003, 1, 0
34126, 1785428, 1, 0
34620, 1399324, 1, 0
34620, 2258953, 1, 0
35048, 251548, 1, 0
35049, 401516, 1, 0
35274, 449442, 1, 0
36690, 761050, 1, 0
36690, 1641214, 1, 0
36698, 1648888, 1, 0
36698, 1647133, 1, 0
36699, 1649492, 1, 0
37745, 1427015, 1, 0
37745, 2586291, 1, 0
37745, 2586133, 1, 0
37745, 2679978, 1, 0
37757, 2283211, 1, 0
38533, 526743, 1, 0
38533, 754635, 1, 0
38534, 756877, 1, 0
39047, 539284, 1, 0
39047, 1254014, 1, 0
39250, 557911, 1, 0
39845, 133967, 1, 0
39846, 786496, 1, 0
40294, 640817, 1, 0
40294, 1052509, 1, 0
40721, 820779, 1, 0
40831, 641857, 1, 0
43342, 806464, 1, 0
43343, 2621030, 1, 0
43347, 4491, 1, 0
43350, 2623282, 1, 0
43350, 3051767, 1, 0
43351, 2628731, 1, 0
43351, 2629115, 1, 0
43352, 2624920, 1, 0
43352, 2520906, 1, 0
43353, 2423668, 1, 0
43511, 549563, 1, 0
45258, 360587, 1, 0
45258, 1865116, 1, 0
45258, 1868801, 1, 0
45259, 1868190, 1, 0
45259, 1871750, 1, 0
45259, 1868453, 1, 0
45259, 1869909, 1, 0
47903, 562371, 1, 0
47904, 2622064, 1, 0
47904, 2620334, 1, 0
47904, 2615443, 1, 0
47905, 2615235, 1, 0
47906, 2621818, 1, 0
47906, 2624380, 1, 0
47906, 2621092, 1, 0
47906, 2611272, 1, 0
47906, 2621382, 1, 0
48155, 699370, 1, 0
48307, 184928, 1, 0
50496, 645291, 1, 0
50496, 2339353, 1, 0
50496, 2340738, 1, 0
50496, 2340857, 1, 0
50497, 2341919, 1, 0
50497, 2341945, 1, 0
50497, 2339409, 1, 0
50498, 2341000, 1, 0
50500, 2341477, 1, 0
52020, 685915, 1, 0
52027, 1501500, 1, 0
52027, 1513463, 1, 0
52027, 1518706, 1, 0
52027, 1513155, 1, 0
52027, 1518338, 1, 0
53542, 597312, 1, 0
53542, 1484344, 1, 0
53542, 1482034, 1, 0
53543, 1482076, 1, 0
53543, 1482546, 1, 0
53545, 1478587, 1, 0
54121, 456989, 1, 0
54121, 550802, 1, 0
56274, 478510, 1, 0
56274, 2152298, 1, 0
56275, 2150929, 1, 0
56275, 2153178, 1, 0
56275, 2153410, 1, 0
56281, 6164, 1, 0
56285, 2163028, 1, 0
56285, 2153653, 1, 0
56286, 2151170, 1, 0
57409, 794775, 1, 0
57409, 1113567, 1, 0
57409, 1112541, 1, 0
57409, 1114418, 1, 0
58308, 1102017, 1, 0
58308, 1993815, 1, 0
58312, 3525, 1, 0
58315, 2002491, 1, 0
60270, 359990, 1, 0
60364, 2021879, 1, 0
60364, 2018326, 1, 0
60364, 2020505, 1, 0
60364, 2021279, 1, 0
60364, 2009862, 1, 0
60364, 2015917, 1, 0
60364, 2019557, 1, 0
60364, 2013749, 1, 0
956, 270280, 1, 0
1021, 333948, 1, 0
1021, 335762, 1, 0
1025, 340386, 1, 0
1312, 558077, 1, 0
1628, 593924, 1, 0
1762, 907869, 1, 0
2081, 711069, 1, 0
2501, 553769, 1, 0
2616, 987416, 1, 0
2755, 1048233, 1, 0
3760, 511350, 1, 0
3761, 1966307, 1, 0
3761, 1941001, 1, 0
3761, 2098243, 1, 0
4171, 1893378, 1, 0
4597, 610100, 1, 0
4598, 836857, 1, 0
4760, 1131768, 1, 0
5128, 882834, 1, 0
5305, 473016, 1, 0
5551, 2560887, 1, 0
5753, 1464029, 1, 0
6003, 947319, 1, 0
6453, 1184072, 1, 0
6510, 677312, 1, 0
6809, 575815, 1, 0
7010, 1088772, 1, 0
7250, 940619, 1, 0
7620, 512562, 1, 0
9030, 2243275, 1, 0
9030, 2310544, 1, 0
9030, 2085856, 1, 0
9030, 2019844, 1, 0
9030, 2019839, 1, 0
9131, 2185503, 1, 0
9434, 1059501, 1, 0
9527, 2504899, 1, 0
9888, 2080270, 1, 0
10011, 760674, 1, 0
10260, 1341751, 1, 0
10782, 1385084, 1, 0
10783, 771303, 1, 0
11043, 1036259, 1, 0
11278, 658060, 1, 0
11641, 1012940, 1, 0
11757, 1198953, 1, 0
12252, 972035, 1, 0
12462, 788605, 1, 0
12536, 835816, 1, 0
12942, 758249, 1, 0
13488, 1740146, 1, 0
13488, 1847452, 1, 0
13538, 1790141, 1, 0
13751, 1617096, 1, 0
14331, 925315, 1, 0
14331, 842843, 1, 0
14581, 1327177, 1, 0
14766, 2022080, 1, 0
15002, 1030740, 1, 0
15283, 760772, 1, 0
15515, 655496, 1, 0
15900, 526123, 1, 0
16002, 706626, 1, 0
16280, 749832, 1, 0
16549, 620424, 1, 0
17657, 2171908, 1, 0
17658, 1755703, 1, 0
17660, 2324802, 1, 0
17660, 1757833, 1, 0
17774, 1675305, 1, 0
18132, 1577044, 1, 0
18345, 560540, 1, 0
18505, 685036, 1, 0
18756, 796619, 1, 0
19145, 594009, 1, 0
19263, 673613, 1, 0
19535, 623055, 1, 0
19968, 468588, 1, 0
20056, 761024, 1, 0
20264, 514259, 1, 0
20890, 913924, 1, 0
20891, 555954, 1, 0
21234, 1263068, 1, 0
21328, 93034, 1, 0
21511, 860631, 1, 0
22115, 787249, 1, 0
22115, 2014792, 1, 0
22251, 1793709, 1, 0
22584, 1443932, 1, 0
22819, 1862153, 1, 0
23032, 1655891, 1, 0
23334, 651523, 1, 0
23619, 540022, 1, 0
23780, 812843, 1, 0
24309, 1059986, 1, 0
25341, 1680005, 1, 0
25341, 3185312, 1, 0
25404, 62759, 1, 0
25422, 1728652, 1, 0
25456, 1789589, 1, 0
25694, 1912915, 1, 0
26040, 3780312, 1, 0
26040, 2298125, 1, 0
26636, 1302780, 1, 0
26705, 3011368, 1, 0
26758, 2090006, 1, 0
27041, 688886, 1, 0
27258, 648395, 1, 0
27616, 1024396, 1, 0
27767, 868658, 1, 0
28277, 671501, 1, 0
28315, 626777, 1, 0
28514, 802498, 1, 0
28759, 949197, 1, 0
29083, 866581, 1, 0
29250, 849389, 1, 0
30171, 984249, 1, 0
30184, 1424178, 1, 0
30184, 1322205, 1, 0
30291, 1080595, 1, 0
30909, 3037865, 1, 0
30911, 719807, 1, 0
31023, 1603014, 1, 0
31418, 1837965, 1, 0
31651, 535980, 1, 0
31774, 1090915, 1, 0
32000, 1044480, 1, 0
32341, 314598, 1, 0
32764, 705334, 1, 0
33067, 1353520, 1, 0
33068, 1337442, 1, 0
34121, 882172, 1, 0
34122, 2189938, 1, 0
34122, 1780515, 1, 0
34122, 2456822, 1, 0
34269, 1948070, 1, 0
34610, 1577888, 1, 0
34841, 598199, 1, 0
35081, 1257725, 1, 0
35263, 1119312, 1, 0
35585, 391962, 1, 0
35805, 1034219, 1, 0
36089, 685432, 1, 0
36270, 386948, 1, 0
36502, 783267, 1, 0
36839, 701193, 1, 0
37347, 704434, 1, 0
37347, 899285, 1, 0
37577, 963438, 1, 0
37876, 989632, 1, 0
38948, 1595141, 1, 0
38949, 1599528, 1, 0
38991, 42454, 1, 0
39077, 1728985, 1, 0
39078, 1728831, 1, 0
39256, 2230049, 1, 0
39650, 1996897, 1, 0
39752, 2268190, 1, 0
40026, 668822, 1, 0
40645, 625348, 1, 0
40648, 479408, 1, 0
40763, 1039716, 1, 0
41054, 1168643, 1, 0
41574, 809742, 1, 0
41827, 4187974, 1, 0
41828, 2879197, 1, 0
42028, 2005867, 1, 0
42350, 1054073, 1, 0
42547, 804133, 1, 0
42762, 1247636, 1, 0
43120, 475370, 1, 0
43449, 765900, 1, 0
43513, 1119520, 1, 0
44006, 959680, 1, 0
44007, 410809, 1, 0
44380, 1454928, 1, 0
44663, 1000960, 1, 0
44759, 1213389, 1, 0
45013, 817488, 1, 0
46361, 1109629, 1, 0
46362, 2849158, 1, 0
46405, 2862230, 1, 0
46413, 1748663, 1, 0
46413, 1748867, 1, 0
46729, 1761359, 1, 0
46830, 2196216, 1, 0
47064, 777951, 1, 0
47651, 369852, 1, 0
47664, 595737, 1, 0
47756, 823674, 1, 0
48099, 1102299, 1, 0
48280, 180543, 1, 0
48623, 660753, 1, 0
48800, 980186, 1, 0
49005, 1063632, 1, 0
49748, 745498, 1, 0
49905, 1472845, 1, 0
50031, 1598362, 1, 0
50031, 1349844, 1, 0
50420, 1193750, 1, 0
50507, 1662650, 1, 0
50750, 1678605, 1, 0
51012, 1522942, 1, 0
51389, 561218, 1, 0
51614, 778010, 1, 0
51805, 1476772, 1, 0
52041, 726789, 1, 0
52781, 1389276, 1, 0
52783, 1599827, 1, 0
52783, 1642914, 1, 0
53072, 1625600, 1, 0
53330, 909205, 1, 0
53916, 446263, 1, 0
53916, 1077308, 1, 0
54020, 1570393, 1, 0
54255, 1261551, 1, 0
54556, 639740, 1, 0
54759, 1057491, 1, 0
55013, 793282, 1, 0
55339, 1005557, 1, 0
55518, 769519, 1, 0
55974, 556977, 1, 0
56263, 773516, 1, 0
56273, 887950, 1, 0
56739, 881732, 1, 0
56794, 419612, 1, 0
57884, 1659023, 1, 0
57884, 2190674, 1, 0
57885, 1910435, 1, 0
57885, 1621604, 1, 0
58001, 2000607, 1, 0
58355, 1758749, 1, 0
58564, 374571, 1, 0
58829, 1156854, 1, 0
59041, 1009181, 1, 0
59354, 706330, 1, 0
59545, 344047, 1, 0
59764, 930187, 1, 0
60302, 1068934, 1, 0
60619, 1073227, 1, 0
60619, 1529574, 1, 0
60619, 933848, 1, 0
869, 185252, 1, 0
983, 297998, 1, 0
1021, 336692, 1, 0
1025, 340491, 1, 0
1307, 497762, 1, 0
1628, 349908, 1, 0
1761, 973338, 1, 0
2048, 729387, 1, 0
2618, 623062, 1, 0
2618, 1933399, 1, 0
2856, 926597, 1, 0
3030, 876094, 1, 0
3760, 676280, 1, 0
3761, 1999229, 1, 0
3762, 1910274, 1, 0
4172, 1944150, 1, 0
4597, 1924595, 1, 0
4597, 1925206, 1, 0
4812, 1413262, 1, 0
5003, 994659, 1, 0
5551, 893731, 1, 0
5551, 952863, 1, 0
5762, 1393503, 1, 0
6003, 887408, 1, 0
6261, 1011951, 1, 0
6510, 592664, 1, 0
6808, 677091, 1, 0
7010, 737797, 1, 0
7485, 858416, 1, 0
7558, 350773, 1, 0
7756, 935828, 1, 0
9030, 2019868, 1, 0
9435, 2396254, 1, 0
9435, 2983411, 1, 0
9436, 2285173, 1, 0
9436, 2368910, 1, 0
9436, 2369298, 1, 0
9535, 2465298, 1, 0
9890, 2234744, 1, 0
10023, 2267097, 1, 0
10259, 1205599, 1, 0
10783, 395380, 1, 0
10784, 715543, 1, 0
11061, 869429, 1, 0
11641, 1232728, 1, 0
11642, 786209, 1, 0
11755, 781854, 1, 0
12252, 1037656, 1, 0
12253, 495724, 1, 0
12512, 817298, 1, 0
12941, 1212713, 1, 0
13539, 1789718, 1, 0
13539, 1815638, 1, 0
13540, 1748284, 1, 0
13805, 1929765, 1, 0
14330, 775539, 1, 0
14331, 1818759, 1, 0
14538, 1484605, 1, 0
14766, 1841484, 1, 0
15001, 1251529, 1, 0
15304, 689491, 1, 0
15515, 630547, 1, 0
15825, 625094, 1, 0
16003, 696800, 1, 0
16281, 764963, 1, 0
16513, 681261, 1, 0
17659, 990335, 1, 0
17659, 1757735, 1, 0
17660, 2217564, 1, 0
17660, 1759191, 1, 0
17762, 1674900, 1, 0
18084, 1488558, 1, 0
18346, 344627, 1, 0
18504, 723328, 1, 0
18773, 730308, 1, 0
19023, 671491, 1, 0
19252, 620468, 1, 0
19535, 600996, 1, 0
19966, 368339, 1, 0
20055, 666312, 1, 0
20333, 968623, 1, 0
21234, 1017023, 1, 0
21339, 1277551, 1, 0
21343, 1373467, 1, 0
21344, 1353436, 1, 0
22115, 1046787, 1, 0
22148, 790375, 1, 0
22150, 1810118, 1, 0
22251, 1839197, 1, 0
22603, 1484601, 1, 0
22819, 3879647, 1, 0
23032, 1415294, 1, 0
23334, 443585, 1, 0
23619, 434649, 1, 0
23806, 895801, 1, 0
24067, 321453, 1, 0
24304, 683818, 1, 0
25340, 920631, 1, 0
25454, 1796920, 1, 0
25455, 3306168, 1, 0
25455, 2600154, 1, 0
25694, 1502661, 1, 0
26040, 3774523, 1, 0
26040, 1735762, 1, 0
26517, 1821274, 1, 0
26577, 458623, 1, 0
26816, 734241, 1, 0
27114, 820083, 1, 0
27258, 691808, 1, 0
27616, 854184, 1, 0
27767, 857791, 1, 0
28276, 708576, 1, 0
28278, 331100, 1, 0
28513, 550834, 1, 0
28864, 864189, 1, 0
29084, 628924, 1, 0
29251, 872995, 1, 0
29515, 648786, 1, 0
30123, 1508689, 1, 0
30171, 1306431, 1, 0
30909, 1297939, 1, 0
30910, 786747, 1, 0
30911, 1772422, 1, 0
31075, 2152883, 1, 0
31278, 1868465, 1, 0
31664, 414891, 1, 0
31775, 1357306, 1, 0
32105, 1153419, 1, 0
32269, 125020, 1, 0
32657, 704730, 1, 0
32763, 416425, 1, 0
33054, 549560, 1, 0
34121, 811965, 1, 0
34122, 1777369, 1, 0
34123, 1780467, 1, 0
34123, 1727100, 1, 0
34270, 1889496, 1, 0
34538, 1555940, 1, 0
34756, 250836, 1, 0
35081, 1250150, 1, 0
35681, 1041111, 1, 0
35703, 745071, 1, 0
35777, 1314254, 1, 0
36090, 1258745, 1, 0
36340, 349827, 1, 0
36502, 666515, 1, 0
36838, 854109, 1, 0
37347, 715664, 1, 0
37348, 844874, 1, 0
37565, 882808, 1, 0
37828, 1159232, 1, 0
38949, 478739, 1, 0
39078, 1669956, 1, 0
39078, 1709010, 1, 0
39111, 1703583, 1, 0
39130, 1752648, 1, 0
39250, 1683648, 1, 0
39690, 1607904, 1, 0
39751, 2137333, 1, 0
40025, 574788, 1, 0
40645, 741109, 1, 0
40645, 444890, 1, 0
40764, 814731, 1, 0
41151, 906193, 1, 0
41667, 504162, 1, 0
41668, 742048, 1, 0
41827, 1181493, 1, 0
42029, 1657962, 1, 0
42350, 1154721, 1, 0
42562, 813653, 1, 0
42763, 1199496, 1, 0
43067, 757132, 1, 0
43450, 1333463, 1, 0
43509, 1215701, 1, 0
43768, 892450, 1, 0
44005, 553292, 1, 0
44379, 436884, 1, 0
44522, 921640, 1, 0
44759, 818767, 1, 0
45013, 682431, 1, 0
45254, 294403, 1, 0
45931, 1552439, 1, 0
46361, 1913961, 1, 0
46361, 1838716, 1, 0
46361, 2355768, 1, 0
46729, 1827416, 1, 0
46831, 1994300, 1, 0
47001, 957018, 1, 0
47664, 395095, 1, 0
47665, 3640686, 1, 0
47757, 1139186, 1, 0
48081, 1020933, 1, 0
48279, 351247, 1, 0
48622, 922181, 1, 0
48777, 1215224, 1, 0
49004, 708002, 1, 0
49905, 464660, 1, 0
49936, 1255053, 1, 0
50031, 1599396, 1, 0
50031, 1332551, 1, 0
50298, 1365307, 1, 0
50508, 1816312, 1, 0
50750, 1472955, 1, 0
51140, 1505372, 1, 0
51386, 930754, 1, 0
51613, 823111, 1, 0
51757, 864021, 1, 0
52781, 1674481, 1, 0
52782, 1937490, 1, 0
52782, 2033182, 1, 0
52782, 1395551, 1, 0
53008, 1506945, 1, 0
53330, 863470, 1, 0
53917, 562157, 1, 0
53917, 1011979, 1, 0
54019, 968358, 1, 0
54555, 1469028, 1, 0
54557, 384601, 1, 0
54936, 947445, 1, 0
55010, 743882, 1, 0
55278, 1103581, 1, 0
55516, 720145, 1, 0
55804, 549609, 1, 0
56031, 657026, 1, 0
56273, 1036752, 1, 0
56501, 889973, 1, 0
56795, 421342, 1, 0
57884, 1852821, 1, 0
57884, 1907861, 1, 0
57885, 1579729, 1, 0
57885, 1910950, 1, 0
58001, 1800475, 1, 0
58353, 1954964, 1, 0
58642, 569775, 1, 0
58796, 633761, 1, 0
59090, 1029011, 1, 0
59266, 101745, 1, 0
59545, 1594767, 1, 0
59764, 905522, 1, 0
60302, 1268249, 1, 0
60620, 1072981, 1, 0
60620, 948152, 1, 0
60620, 942748, 1, 0
1212, 524643, 1, 0
1212, 526102, 1, 0
1212, 526639, 1, 0
1212, 524750, 1, 0
1311, 562191, 1, 0
1628, 351603, 1, 0
1761, 858950, 1, 0
2617, 839491, 1, 0
2618, 1931878, 1, 0
2618, 855000, 1, 0
2991, 1278959, 1, 0
3760, 1997170, 1, 0
3760, 1979898, 1, 0
3760, 1998821, 1, 0
3761, 1999275, 1, 0
4171, 2076872, 1, 0
4598, 305496, 1, 0
4599, 1981444, 1, 0
4781, 1045336, 1, 0
5128, 1157700, 1, 0
5301, 234933, 1, 0
5551, 1598775, 1, 0
5753, 1581157, 1, 0
6003, 899256, 1, 0
6452, 965250, 1, 0
6593, 695087, 1, 0
6808, 786403, 1, 0
7022, 920908, 1, 0
7355, 928601, 1, 0
7620, 471114, 1, 0
9018, 2210182, 1, 0
9019, 3136201, 1, 0
9019, 3032078, 1, 0
9433, 2332326, 1, 0
9434, 2721648, 1, 0
9434, 2411908, 1, 0
9435, 3302962, 1, 0
9530, 2610332, 1, 0
9886, 2435230, 1, 0
10045, 914619, 1, 0
10259, 1292285, 1, 0
10783, 499263, 1, 0
10783, 615072, 1, 0
11043, 800548, 1, 0
11280, 884104, 1, 0
11641, 947953, 1, 0
11750, 852104, 1, 0
12252, 878328, 1, 0
12254, 304843, 1, 0
12508, 1830074, 1, 0
12942, 895747, 1, 0
13065, 527894, 1, 0
13539, 1093757, 1, 0
13539, 1748240, 1, 0
13751, 1891225, 1, 0
14061, 654136, 1, 0
14332, 1795344, 1, 0
14507, 1360571, 1, 0
14766, 1473201, 1, 0
15000, 941560, 1, 0
15265, 556149, 1, 0
15503, 655446, 1, 0
15900, 781588, 1, 0
16002, 693218, 1, 0
16280, 737877, 1, 0
16513, 630231, 1, 0
17658, 962400, 1, 0
17659, 2288402, 1, 0
17660, 1694158, 1, 0
17660, 1672643, 1, 0
17756, 1722643, 1, 0
18084, 1521984, 1, 0
18345, 477166, 1, 0
18504, 720346, 1, 0
18815, 783724, 1, 0
19112, 766019, 1, 0
19264, 884645, 1, 0
19535, 591276, 1, 0
19968, 474248, 1, 0
20100, 673642, 1, 0
20264, 998469, 1, 0
20890, 1114993, 1, 0
20890, 538746, 1, 0
21234, 1042395, 1, 0
21343, 1373423, 1, 0
21767, 1457296, 1, 0
21843, 401118, 1, 0
22115, 1242347, 1, 0
22251, 1974375, 1, 0
22818, 1721910, 1, 0
22820, 671463, 1, 0
23033, 1001505, 1, 0
23333, 1008526, 1, 0
23619, 399957, 1, 0
23756, 849176, 1, 0
24067, 283235, 1, 0
24304, 646409, 1, 0
25340, 916306, 1, 0
25340, 3192609, 1, 0
25341, 1598388, 1, 0
25422, 1678842, 1, 0
25598, 1537284, 1, 0
26017, 856176, 1, 0
26017, 1712999, 1, 0
26324, 1215246, 1, 0
26723, 3061846, 1, 0
26758, 740486, 1, 0
27055, 674374, 1, 0
27260, 936978, 1, 0
27603, 1103288, 1, 0
27752, 898030, 1, 0
28276, 590016, 1, 0
28276, 659283, 1, 0
28513, 664325, 1, 0
28862, 880689, 1, 0
29082, 654043, 1, 0
29250, 627665, 1, 0
29515, 676155, 1, 0
30123, 629186, 1, 0
30171, 1430751, 1, 0
30909, 1317055, 1, 0
30910, 1792166, 1, 0
30911, 739970, 1, 0
31075, 2154835, 1, 0
31278, 1788492, 1, 0
31664, 357637, 1, 0
31761, 894390, 1, 0
32001, 978506, 1, 0
32341, 1211635, 1, 0
32646, 819831, 1, 0
32763, 555591, 1, 0
33068, 525201, 1, 0
34106, 2084074, 1, 0
34122, 1748646, 1, 0
34122, 1682955, 1, 0
34123, 1706622, 1, 0
34269, 1826853, 1, 0
34531, 1568339, 1, 0
34917, 464459, 1, 0
35003, 1364671, 1, 0
35263, 1024435, 1, 0
35667, 3665588, 1, 0
35777, 1465414, 1, 0
36091, 1161179, 1, 0
36270, 434034, 1, 0
36502, 596443, 1, 0
36838, 617736, 1, 0
37206, 638885, 1, 0
37347, 900898, 1, 0
37577, 890364, 1, 0
37829, 1156003, 1, 0
39077, 662228, 1, 0
39077, 1721936, 1, 0
39077, 1670042, 1, 0
39078, 1725333, 1, 0
39099, 1743772, 1, 0
39250, 1619433, 1, 0
39652, 1668632, 1, 0
39752, 2512146, 1, 0
40065, 659881, 1, 0
40645, 652102, 1, 0
40646, 533546, 1, 0
40764, 1041104, 1, 0
41078, 1488339, 1, 0
41614, 729343, 1, 0
41668, 590026, 1, 0
41827, 4412909, 1, 0
42028, 1867572, 1, 0
42349, 1121517, 1, 0
42562, 620964, 1, 0
42777, 1252014, 1, 0
43076, 824271, 1, 0
43449, 549242, 1, 0
43500, 911557, 1, 0
44006, 855538, 1, 0
44006, 505696, 1, 0
44365, 472761, 1, 0
44522, 891890, 1, 0
44759, 912054, 1, 0
45026, 855190, 1, 0
45530, 786401, 1, 0
46361, 1936616, 1, 0
46361, 1982480, 1, 0
46362, 3731767, 1, 0
46362, 1801877, 1, 0
46616, 1545396, 1, 0
46830, 2135723, 1, 0
47067, 960216, 1, 0
47257, 305175, 1, 0
47666, 928963, 1, 0
47756, 1168907, 1, 0
48099, 866493, 1, 0
48253, 489564, 1, 0
48622, 1141894, 1, 0
48788, 1202662, 1, 0
49005, 784361, 1, 0
49748, 530310, 1, 0
49936, 1501758, 1, 0
50031, 1348223, 1, 0
50031, 1331535, 1, 0
50322, 1705482, 1, 0
50507, 1488491, 1, 0
50750, 1534924, 1, 0
51016, 499106, 1, 0
51325, 811814, 1, 0
51614, 737064, 1, 0
51757, 737116, 1, 0
52781, 1929274, 1, 0
52782, 1575500, 1, 0
52782, 1557177, 1, 0
52782, 1608531, 1, 0
53008, 1602955, 1, 0
53330, 737184, 1, 0
53916, 1132791, 1, 0
53916, 1020303, 1, 0
54020, 910032, 1, 0
54555, 1410364, 1, 0
54556, 457083, 1, 0
54750, 1229885, 1, 0
55010, 772007, 1, 0
55278, 788692, 1, 0
55516, 804609, 1, 0
55974, 576863, 1, 0
56029, 728633, 1, 0
56273, 483089, 1, 0
56501, 822679, 1, 0
57884, 1212240, 1, 0
57886, 2650187, 1, 0
57887, 1912070, 1, 0
57887, 2338234, 1, 0
57888, 1912820, 1, 0
58001, 1751941, 1, 0
58353, 1959163, 1, 0
58702, 415014, 1, 0
58762, 807052, 1, 0
59041, 1307389, 1, 0
59251, 473959, 1, 0
59546, 309315, 1, 0
59763, 831732, 1, 0
60301, 1332810, 1, 0
60620, 1789661, 1, 0
60620, 1731645, 1, 0
60620, 993408, 1, 0
1021, 334871, 1, 0
1065, 379019, 1, 0
1211, 524962, 1, 0
1212, 526592, 1, 0
1311, 547720, 1, 0
1617, 591875, 1, 0
1761, 979072, 1, 0
2081, 689144, 1, 0
2617, 1111211, 1, 0
2618, 951142, 1, 0
2990, 1378574, 1, 0
3760, 1978981, 1, 0
3760, 1996681, 1, 0
3761, 2131357, 1, 0
3761, 1804013, 1, 0
4170, 1913122, 1, 0
4584, 1154836, 1, 0
4597, 1909932, 1, 0
4782, 876738, 1, 0
5538, 886447, 1, 0
5550, 950559, 1, 0
5551, 719956, 1, 0
5753, 1376403, 1, 0
6003, 1001168, 1, 0
6253, 741120, 1, 0
6510, 625736, 1, 0
6807, 830240, 1, 0
7010, 679378, 1, 0
7485, 1039124, 1, 0
7641, 927151, 1, 0
9018, 2507472, 1, 0
9018, 2210537, 1, 0
9019, 3290548, 1, 0
9019, 3277799, 1, 0
9019, 3265402, 1, 0
9019, 3256079, 1, 0
9434, 1469662, 1, 0
9527, 2642579, 1, 0
9887, 2301974, 1, 0
10046, 580514, 1, 0
10259, 1153634, 1, 0
10783, 521244, 1, 0
10784, 1159727, 1, 0
11061, 886009, 1, 0
11423, 764979, 1, 0
11641, 1801803, 1, 0
11750, 1273379, 1, 0
12252, 1105898, 1, 0
12253, 421144, 1, 0
12536, 804232, 1, 0
12941, 1068455, 1, 0
13489, 1847241, 1, 0
13496, 1747488, 1, 0
13518, 2541182, 1, 0
13751, 1628007, 1, 0
14331, 1588259, 1, 0
14331, 1794828, 1, 0
14563, 1365514, 1, 0
14766, 1979667, 1, 0
15186, 902271, 1, 0
15265, 741645, 1, 0
15900, 683258, 1, 0
15901, 1111598, 1, 0
16002, 747463, 1, 0
16280, 710767, 1, 0
17658, 800206, 1, 0
17659, 1756136, 1, 0
17659, 2287589, 1, 0
17659, 1743241, 1, 0
17659, 1677300, 1, 0
17756, 1669543, 1, 0
18062, 1633938, 1, 0
18345, 487277, 1, 0
18505, 736202, 1, 0
18815, 845092, 1, 0
19145, 895657, 1, 0
19264, 735599, 1, 0
19535, 655732, 1, 0
19955, 580277, 1, 0
20055, 758526, 1, 0
20264, 467820, 1, 0
20890, 1041983, 1, 0
21234, 1999410, 1, 0
21234, 1991876, 1, 0
21344, 1621888, 1, 0
21770, 886686, 1, 0
22115, 3581767, 1, 0
22116, 770443, 1, 0
22259, 1463062, 1, 0
22818, 625372, 1, 0
22820, 670768, 1, 0
23033, 857906, 1, 0
23619, 725114, 1, 0
23619, 799314, 1, 0
23806, 1176442, 1, 0
24051, 316073, 1, 0
24305, 324361, 1, 0
25341, 937861, 1, 0
25341, 1598600, 1, 0
25454, 1792829, 1, 0
25454, 1833368, 1, 0
25514, 1979325, 1, 0
25787, 276490, 1, 0
26017, 1887429, 1, 0
26570, 1170102, 1, 0
26636, 495492, 1, 0
26763, 1046133, 1, 0
27047, 774952, 1, 0
27259, 936243, 1, 0
27525, 926265, 1, 0
27750, 874785, 1, 0
28275, 878399, 1, 0
28277, 550400, 1, 0
28513, 459396, 1, 0
28862, 939930, 1, 0
29127, 640001, 1, 0
29279, 969985, 1, 0
30123, 1103804, 1, 0
30123, 1258946, 1, 0
30123, 1807527, 1, 0
30895, 1470761, 1, 0
30910, 2395743, 1, 0
30911, 787885, 1, 0
31023, 1354022, 1, 0
31420, 1569887, 1, 0
31664, 528439, 1, 0
31761, 840196, 1, 0
32103, 988443, 1, 0
32341, 270690, 1, 0
32533, 695062, 1, 0
32763, 398457, 1, 0
33068, 673692, 1, 0
34121, 1214176, 1, 0
34121, 2189894, 1, 0
34122, 1727319, 1, 0
34123, 2990992, 1, 0
34269, 1743368, 1, 0
34611, 1592131, 1, 0
34917, 795176, 1, 0
35003, 1083487, 1, 0
35680, 997970, 1, 0
35703, 3599320, 1, 0
35801, 812956, 1, 0
36089, 1149153, 1, 0
36294, 1041208, 1, 0
36501, 764499, 1, 0
36838, 996786, 1, 0
37035, 260075, 1, 0
37347, 844284, 1, 0
37566, 917789, 1, 0
37828, 1037532, 1, 0
38935, 1236847, 1, 0
38949, 1597599, 1, 0
39078, 1722462, 1, 0
39078, 1730709, 1, 0
39099, 1680358, 1, 0
39250, 1991704, 1, 0
39650, 1843204, 1, 0
39751, 1108665, 1, 0
40025, 806286, 1, 0
40273, 564192, 1, 0
40513, 1235930, 1, 0
40763, 1039931, 1, 0
41077, 1151938, 1, 0
41827, 1873390, 1, 0
41944, 2832826, 1, 0
41944, 2688202, 1, 0
42028, 1579392, 1, 0
42350, 1189841, 1, 0
42562, 757858, 1, 0
42763, 1357603, 1, 0
43095, 498773, 1, 0
43449, 1504511, 1, 0
43513, 874164, 1, 0
44007, 826892, 1, 0
44007, 412129, 1, 0
44378, 543653, 1, 0
44612, 893443, 1, 0
44765, 1018493, 1, 0
45015, 943480, 1, 0
45529, 441001, 1, 0
46361, 1909993, 1, 0
46361, 1981546, 1, 0
46361, 1749303, 1, 0
46361, 1982636, 1, 0
46616, 1667981, 1, 0
46789, 1542204, 1, 0
47068, 583099, 1, 0
47664, 375848, 1, 0
47664, 934235, 1, 0
47756, 975078, 1, 0
48046, 1008049, 1, 0
48434, 3706929, 1, 0
48622, 1115135, 1, 0
48787, 1073631, 1, 0
49007, 1197599, 1, 0
49801, 746830, 1, 0
49827, 1393052, 1, 0
49905, 3176430, 1, 0
50031, 1349128, 1, 0
50322, 1460820, 1, 0
50516, 1179240, 1, 0
50750, 1887755, 1, 0
51140, 1886521, 1, 0
51395, 731539, 1, 0
51614, 811870, 1, 0
51805, 1124407, 1, 0
52041, 640918, 1, 0
52780, 849022, 1, 0
52781, 1576466, 1, 0
52781, 1641028, 1, 0
53072, 1682209, 1, 0
53266, 1042503, 1, 0
53916, 1157056, 1, 0
53916, 1019972, 1, 0
54019, 1378188, 1, 0
54545, 1216896, 1, 0
54556, 463961, 1, 0
54750, 827977, 1, 0
55013, 745028, 1, 0
55278, 724122, 1, 0
55521, 759779, 1, 0
55974, 586474, 1, 0
56273, 786509, 1, 0
56274, 886444, 1, 0
56501, 928253, 1, 0
56794, 582046, 1, 0
57884, 1101782, 1, 0
57885, 1910451, 1, 0
57885, 1579934, 1, 0
57886, 2499447, 1, 0
58001, 1755196, 1, 0
58352, 1692955, 1, 0
58642, 562001, 1, 0
58796, 859262, 1, 0
59041, 1265683, 1, 0
59545, 594784, 1, 0
59545, 843225, 1, 0
59769, 851682, 1, 0
60302, 1148459, 1, 0
60620, 947161, 1, 0
60620, 1074533, 1, 0
60620, 911343, 1, 0
1227, 635466, 1, 0
1257, 667344, 1, 0
1279, 689903, 1, 0
1317, 727976, 1, 0
1318, 726384, 1, 0
1670, 742765, 1, 0
1768, 444219, 1, 0
2003, 776366, 1, 0
2329, 890359, 1, 0
2547, 558232, 1, 0
2858, 620453, 1, 0
3184, 942233, 1, 0
3259, 951083, 1, 0
3669, 1568619, 1, 0
3776, 1359403, 1, 0
4139, 1168245, 1, 0
4253, 1026438, 1, 0
4737, 606203, 1, 0
4756, 590913, 1, 0
5051, 728676, 1, 0
5311, 876057, 1, 0
5531, 775041, 1, 0
5767, 757079, 1, 0
6815, 923907, 1, 0
6816, 2069932, 1, 0
6869, 1557531, 1, 0
6870, 1705524, 1, 0
7048, 1836641, 1, 0
7325, 1573757, 1, 0
7505, 1582410, 1, 0
7750, 1438732, 1, 0
8010, 1068765, 1, 0
8262, 592430, 1, 0
8551, 372351, 1, 0
8870, 915111, 1, 0
9073, 828476, 1, 0
9391, 990366, 1, 0
9728, 631879, 1, 0
10462, 1224892, 1, 0
10481, 1609801, 1, 0
10481, 1568927, 1, 0
10505, 1506477, 1, 0
10764, 1496194, 1, 0
11000, 1123499, 1, 0
11371, 1253894, 1, 0
11548, 582608, 1, 0
11773, 705948, 1, 0
12093, 590831, 1, 0
12253, 608965, 1, 0
12558, 770798, 1, 0
12844, 694115, 1, 0
13451, 1080184, 1, 0
13452, 1492080, 1, 0
13503, 1180389, 1, 0
13946, 1248244, 1, 0
14013, 983130, 1, 0
14410, 1355838, 1, 0
14583, 710757, 1, 0
15752, 1787509, 1, 0
15778, 3097730, 1, 0
15778, 2916404, 1, 0
15827, 1757909, 1, 0
15827, 1757899, 1, 0
16000, 1839715, 1, 0
16288, 1362066, 1, 0
16515, 1004830, 1, 0
16973, 1326233, 1, 0
17022, 949790, 1, 0
17297, 942604, 1, 0
17860, 797935, 1, 0
18417, 1431730, 1, 0
18458, 1485131, 1, 0
18459, 1379902, 1, 0
18527, 1368557, 1, 0
18850, 1336434, 1, 0
19013, 1152264, 1, 0
19309, 900898, 1, 0
19538, 974262, 1, 0
19760, 617214, 1, 0
20020, 687049, 1, 0
20254, 786676, 1, 0
20546, 573646, 1, 0
20802, 622344, 1, 0
21105, 803083, 1, 0
21278, 841479, 1, 0
21507, 769785, 1, 0
22366, 1248857, 1, 0
22367, 1563268, 1, 0
22390, 2420083, 1, 0
22729, 1594193, 1, 0
22765, 1897541, 1, 0
23094, 1292413, 1, 0
23394, 1004062, 1, 0
23544, 862593, 1, 0
23766, 873495, 1, 0
24030, 657507, 1, 0
24314, 826816, 1, 0
24517, 645587, 1, 0
24752, 809467, 1, 0
25004, 867921, 1, 0
25356, 887183, 1, 0
25628, 1213682, 1, 0
26407, 1558617, 1, 0
26425, 1367365, 1, 0
26426, 1323824, 1, 0
26506, 1687525, 1, 0
26816, 1617297, 1, 0
27034, 878752, 1, 0
27266, 1042403, 1, 0
27518, 677393, 1, 0
27767, 728859, 1, 0
28000, 761311, 1, 0
28264, 751963, 1, 0
28544, 1095440, 1, 0
29228, 1277023, 1, 0
29228, 1227461, 1, 0
29253, 1578871, 1, 0
29510, 1472309, 1, 0
29765, 1610018, 1, 0
30067, 1085868, 1, 0
30257, 880698, 1, 0
30503, 811171, 1, 0
30820, 595084, 1, 0
31217, 651960, 1, 0
31256, 944061, 1, 0
31526, 820377, 1, 0
32252, 970907, 1, 0
32269, 1050847, 1, 0
32269, 1050620, 1, 0
32675, 1343880, 1, 0
32810, 498139, 1, 0
33063, 1221905, 1, 0
33340, 953122, 1, 0
33515, 549912, 1, 0
33856, 687518, 1, 0
34115, 866998, 1, 0
34258, 907826, 1, 0
34520, 730179, 1, 0
35066, 1998958, 1, 0
35066, 1998949, 1, 0
35369, 1570962, 1, 0
35596, 1052966, 1, 0
35900, 1136366, 1, 0
36020, 721862, 1, 0
36304, 554854, 1, 0
36508, 515026, 1, 0
36877, 836401, 1, 0
37047, 844564, 1, 0
37983, 464030, 1, 0
38017, 1120383, 1, 0
38116, 1237672, 1, 0
38116, 1219677, 1, 0
38312, 940365, 1, 0
38556, 486137, 1, 0
38786, 729416, 1, 0
39006, 605796, 1, 0
39918, 715255, 1, 0
39918, 1295597, 1, 0
39919, 1278988, 1, 0
40008, 1254996, 1, 0
40311, 1274954, 1, 0
40513, 643716, 1, 0
40790, 535355, 1, 0
41005, 565804, 1, 0
41328, 539735, 1, 0
41501, 546559, 1, 0
41944, 633952, 1, 0
42049, 616316, 1, 0
42307, 815747, 1, 0
43033, 1396804, 1, 0
43034, 1292318, 1, 0
43034, 1292352, 1, 0
43359, 1633581, 1, 0
43675, 1417268, 1, 0
43802, 1824677, 1, 0
44146, 913039, 1, 0
44269, 970742, 1, 0
44611, 624925, 1, 0
44768, 596504, 1, 0
45203, 469743, 1, 0
45254, 667303, 1, 0
45518, 865949, 1, 0
45772, 892493, 1, 0
46880, 1191572, 1, 0
46881, 2017602, 1, 0
46881, 1665181, 1, 0
46881, 1664999, 1, 0
47017, 1349683, 1, 0
47450, 1176248, 1, 0
47506, 624796, 1, 0
47758, 679147, 1, 0
48117, 738829, 1, 0
48251, 879095, 1, 0
48526, 839866, 1, 0
48788, 730340, 1, 0
49000, 959273, 1, 0
49740, 2230760, 1, 0
49741, 2119138, 1, 0
49767, 1940719, 1, 0
50142, 1511239, 1, 0
50264, 1259423, 1, 0
50547, 615978, 1, 0
50860, 484307, 1, 0
51031, 739935, 1, 0
51254, 799174, 1, 0
51584, 608281, 1, 0
51764, 676287, 1, 0
52006, 615526, 1, 0
52837, 822547, 1, 0
52837, 1521570, 1, 0
52858, 1274452, 1, 0
53026, 1294731, 1, 0
53511, 1414072, 1, 0
53512, 1523152, 1, 0
53756, 1252589, 1, 0
54000, 697107, 1, 0
54407, 594224, 1, 0
54558, 782704, 1, 0
54895, 1068073, 1, 0
55562, 1145095, 1, 0
55562, 1562147, 1, 0
55578, 1848718, 1, 0
55791, 1470244, 1, 0
56202, 1117256, 1, 0
56251, 655598, 1, 0
56617, 626739, 1, 0
56795, 648617, 1, 0
57001, 644754, 1, 0
57307, 758586, 1, 0
57502, 1000354, 1, 0
57757, 721439, 1, 0
58093, 636349, 1, 0
58854, 1076639, 1, 0
58861, 1255804, 1, 0
58881, 1379007, 1, 0
59314, 1734298, 1, 0
59314, 1535228, 1, 0
59511, 1461147, 1, 0
59876, 2003011, 1, 0
60000, 1602455, 1, 0
60994, 1453891, 1, 0
60994, 1452529, 1, 0
60994, 1678524, 1, 0
60994, 1346687, 1, 0
1226, 635511, 1, 0
1227, 637379, 1, 0
1235, 642523, 1, 0
1250, 659890, 1, 0
1257, 666137, 1, 0
1534, 776744, 1, 0
1761, 948456, 1, 0
2028, 636593, 1, 0
2264, 810880, 1, 0
2546, 605664, 1, 0
2858, 589640, 1, 0
3112, 832383, 1, 0
3263, 895625, 1, 0
3679, 1087373, 1, 0
3770, 1240703, 1, 0
4140, 1215034, 1, 0
4270, 873851, 1, 0
4618, 990008, 1, 0
4754, 577303, 1, 0
5076, 777561, 1, 0
5297, 660692, 1, 0
5531, 737467, 1, 0
5766, 762667, 1, 0
6815, 1095320, 1, 0
6815, 1650183, 1, 0
6815, 2033493, 1, 0
6869, 1705383, 1, 0
7048, 1714695, 1, 0
7325, 1553619, 1, 0
7504, 1514980, 1, 0
7795, 1386838, 1, 0
8010, 1024316, 1, 0
8262, 560710, 1, 0
8562, 349719, 1, 0
8871, 808103, 1, 0
9073, 799280, 1, 0
9406, 1001254, 1, 0
9728, 1013309, 1, 0
10481, 1486215, 1, 0
10481, 1610237, 1, 0
10482, 1406460, 1, 0
10749, 1564691, 1, 0
10761, 1874080, 1, 0
11041, 1282719, 1, 0
11371, 1391461, 1, 0
11540, 797995, 1, 0
11946, 842957, 1, 0
12065, 566533, 1, 0
12287, 627831, 1, 0
12547, 794943, 1, 0
12844, 768650, 1, 0
13363, 1065695, 1, 0
13422, 1461608, 1, 0
13507, 1453796, 1, 0
13945, 1689456, 1, 0
14091, 1052196, 1, 0
14275, 1211403, 1, 0
14515, 1212152, 1, 0
15777, 1013221, 1, 0
15778, 2284572, 1, 0
15827, 1879914, 1, 0
15827, 1881230, 1, 0
15827, 1881102, 1, 0
16001, 1811174, 1, 0
16287, 1461871, 1, 0
16515, 535059, 1, 0
16973, 966114, 1, 0
17071, 907002, 1, 0
17297, 1145755, 1, 0
17859, 806137, 1, 0
17860, 886846, 1, 0
18417, 1301350, 1, 0
18418, 1346718, 1, 0
18538, 1376835, 1, 0
18838, 1402034, 1, 0
19004, 1030670, 1, 0
19316, 918823, 1, 0
19519, 1132384, 1, 0
19760, 669249, 1, 0
20024, 690138, 1, 0
20272, 676936, 1, 0
20547, 546783, 1, 0
20829, 728911, 1, 0
21021, 822879, 1, 0
21308, 918379, 1, 0
21506, 739523, 1, 0
22366, 943395, 1, 0
22367, 1385187, 1, 0
22367, 1380486, 1, 0
22764, 1529667, 1, 0
22765, 1783462, 1, 0
23109, 1379723, 1, 0
23383, 1186934, 1, 0
23553, 673956, 1, 0
23757, 902533, 1, 0
24007, 650025, 1, 0
24255, 655946, 1, 0
24517, 709492, 1, 0
24987, 765543, 1, 0
25004, 748569, 1, 0
25253, 943891, 1, 0
25624, 1096805, 1, 0
26425, 1231246, 1, 0
26425, 1713936, 1, 0
26425, 1374664, 1, 0
26520, 1598807, 1, 0
26879, 1489619, 1, 0
27033, 828813, 1, 0
27327, 812972, 1, 0
27505, 600047, 1, 0
27752, 696087, 1, 0
28000, 777652, 1, 0
28266, 786488, 1, 0
28544, 942576, 1, 0
29217, 1231107, 1, 0
29227, 1722174, 1, 0
29294, 1424751, 1, 0
29523, 1678646, 1, 0
29761, 1276670, 1, 0
30011, 1090759, 1, 0
30257, 928898, 1, 0
30519, 856651, 1, 0
30824, 550094, 1, 0
31217, 656681, 1, 0
31267, 859253, 1, 0
31526, 848807, 1, 0
32310, 1055808, 1, 0
32311, 1838561, 1, 0
32311, 1791639, 1, 0
32532, 1417266, 1, 0
32892, 1488808, 1, 0
33063, 1340382, 1, 0
33340, 1064696, 1, 0
33581, 527111, 1, 0
33756, 646642, 1, 0
34115, 865483, 1, 0
34252, 919632, 1, 0
35065, 880918, 1, 0
35066, 1898726, 1, 0
35066, 1705543, 1, 0
35270, 1268702, 1, 0
35585, 1109438, 1, 0
35900, 1346982, 1, 0
36020, 559352, 1, 0
36468, 556576, 1, 0
36506, 547637, 1, 0
36877, 683507, 1, 0
37038, 890608, 1, 0
38016, 595331, 1, 0
38106, 1209903, 1, 0
38116, 1219700, 1, 0
38117, 1221280, 1, 0
38374, 965046, 1, 0
38622, 343157, 1, 0
38785, 874423, 1, 0
39005, 793701, 1, 0
39918, 1343675, 1, 0
39925, 1265684, 1, 0
39944, 1321007, 1, 0
40007, 1363211, 1, 0
40287, 1410912, 1, 0
40513, 699021, 1, 0
40790, 532107, 1, 0
41010, 602108, 1, 0
41270, 490404, 1, 0
41501, 505555, 1, 0
41750, 597731, 1, 0
42050, 781954, 1, 0
42307, 691597, 1, 0
42585, 1359903, 1, 0
43033, 1292535, 1, 0
43107, 1533637, 1, 0
43270, 1560936, 1, 0
43677, 1604288, 1, 0
43803, 1522690, 1, 0
44169, 1220000, 1, 0
44268, 649433, 1, 0
44620, 630003, 1, 0
44752, 622263, 1, 0
45214, 666188, 1, 0
45254, 811222, 1, 0
45518, 1083914, 1, 0
45772, 896577, 1, 0
46880, 1129480, 1, 0
46880, 1639187, 1, 0
46880, 1626035, 1, 0
46880, 1664383, 1, 0
47000, 1427917, 1, 0
47449, 1176120, 1, 0
47507, 588754, 1, 0
47765, 676871, 1, 0
48106, 711698, 1, 0
48299, 622751, 1, 0
48526, 756366, 1, 0
48789, 726896, 1, 0
49740, 1135576, 1, 0
49829, 2103286, 1, 0
49830, 1475511, 1, 0
49830, 2014886, 1, 0
50143, 1441673, 1, 0
50264, 1180738, 1, 0
50533, 488697, 1, 0
51031, 675801, 1, 0
51031, 887946, 1, 0
51254, 764653, 1, 0
51584, 729771, 1, 0
51764, 615636, 1, 0
52023, 654814, 1, 0
52842, 780757, 1, 0
52855, 1539668, 1, 0
52855, 1270774, 1, 0
53064, 1299880, 1, 0
53510, 1303974, 1, 0
53510, 1724995, 1, 0
53909, 1130062, 1, 0
54000, 630378, 1, 0
54435, 533260, 1, 0
54558, 796950, 1, 0
54895, 974592, 1, 0
55578, 1867047, 1, 0
55578, 1863051, 1, 0
55579, 1490723, 1, 0
55768, 1522796, 1, 0
56230, 1331446, 1, 0
56260, 626722, 1, 0
56571, 639400, 1, 0
56796, 473325, 1, 0
57000, 502920, 1, 0
57391, 778386, 1, 0
57502, 917857, 1, 0
57766, 746008, 1, 0
58066, 776166, 1, 0
58849, 1029580, 1, 0
58854, 1273099, 1, 0
58855, 1463676, 1, 0
59313, 1385377, 1, 0
59314, 1734337, 1, 0
59511, 1251525, 1, 0
59875, 1984596, 1, 0
60000, 1051747, 1, 0
60993, 1451917, 1, 0
60993, 1481748, 1, 0
60993, 1614210, 1, 0
60994, 1326077, 1, 0
1213, 624093, 1, 0
1226, 636917, 1, 0
1226, 637074, 1, 0
1226, 638152, 1, 0
1257, 642111, 1, 0
1669, 711089, 1, 0
1765, 456442, 1, 0
2028, 644869, 1, 0
2328, 583591, 1, 0
2501, 549162, 1, 0
2858, 647069, 1, 0
3060, 746578, 1, 0
3259, 821139, 1, 0
3678, 1163787, 1, 0
3770, 1233048, 1, 0
4139, 1183621, 1, 0
4251, 792720, 1, 0
4736, 760180, 1, 0
4765, 795728, 1, 0
5015, 832420, 1, 0
5311, 868435, 1, 0
5532, 682028, 1, 0
5767, 754766, 1, 0
6815, 995977, 1, 0
6816, 2050257, 1, 0
6816, 1504673, 1, 0
6865, 1553533, 1, 0
7048, 1838412, 1, 0
7326, 1621339, 1, 0
7504, 1429833, 1, 0
7791, 1540260, 1, 0
8010, 878368, 1, 0
8263, 562871, 1, 0
8870, 439656, 1, 0
8870, 915802, 1, 0
9072, 781438, 1, 0
9407, 963225, 1, 0
9729, 863815, 1, 0
10443, 1207709, 1, 0
10452, 1581794, 1, 0
10461, 1562458, 1, 0
10505, 1432669, 1, 0
10763, 1360280, 1, 0
11003, 1141253, 1, 0
11371, 555782, 1, 0
11540, 798287, 1, 0
11785, 786890, 1, 0
12065, 629457, 1, 0
12250, 602560, 1, 0
12547, 812066, 1, 0
12844, 741968, 1, 0
13363, 977053, 1, 0
13363, 1202407, 1, 0
13515, 1124391, 1, 0
13929, 1196481, 1, 0
14025, 1254488, 1, 0
14276, 1246669, 1, 0
14536, 1278837, 1, 0
15778, 1181691, 1, 0
15778, 2415122, 1, 0
15778, 1830271, 1, 0
15779, 1709362, 1, 0
15827, 1877943, 1, 0
16001, 1790705, 1, 0
16288, 1444554, 1, 0
16516, 530273, 1, 0
16973, 718268, 1, 0
17022, 907215, 1, 0
17384, 953338, 1, 0
17564, 862046, 1, 0
17860, 866904, 1, 0
18417, 1159296, 1, 0
18418, 1395699, 1, 0
18548, 1398370, 1, 0
18850, 1308491, 1, 0
19003, 1300430, 1, 0
19317, 525123, 1, 0
19537, 964706, 1, 0
19760, 682932, 1, 0
20000, 784575, 1, 0
20272, 579708, 1, 0
20547, 575566, 1, 0
20802, 606352, 1, 0
21024, 870767, 1, 0
21309, 950899, 1, 0
21741, 937618, 1, 0
22359, 1780421, 1, 0
22359, 1400899, 1, 0
22359, 1372475, 1, 0
22754, 1507196, 1, 0
22765, 1784251, 1, 0
23110, 1255373, 1, 0
23392, 868053, 1, 0
23544, 616685, 1, 0
23758, 834476, 1, 0
24008, 691696, 1, 0
24257, 662969, 1, 0
24517, 587966, 1, 0
24752, 837602, 1, 0
25004, 1077734, 1, 0
25258, 947199, 1, 0
25598, 1053780, 1, 0
26398, 1657691, 1, 0
26407, 2084192, 1, 0
26425, 2100247, 1, 0
26524, 1737016, 1, 0
26866, 1445529, 1, 0
27017, 1072556, 1, 0
27327, 977391, 1, 0
27518, 628908, 1, 0
27753, 654570, 1, 0
28000, 612183, 1, 0
28252, 740467, 1, 0
28544, 1114501, 1, 0
29228, 1179348, 1, 0
29228, 1792468, 1, 0
29253, 1433486, 1, 0
29509, 1353557, 1, 0
29771, 1483539, 1, 0
30010, 855306, 1, 0
30257, 863242, 1, 0
30500, 795733, 1, 0
30824, 533321, 1, 0
31217, 637860, 1, 0
31307, 839991, 1, 0
31526, 812958, 1, 0
32311, 1119249, 1, 0
32311, 1716780, 1, 0
32371, 1062638, 1, 0
32900, 1316202, 1, 0
32900, 1682228, 1, 0
33063, 1263664, 1, 0
33341, 1123048, 1, 0
33582, 523998, 1, 0
33756, 662040, 1, 0
34115, 882220, 1, 0
34252, 979721, 1, 0
34520, 766599, 1, 0
35066, 1382110, 1, 0
35066, 1982080, 1, 0
35278, 1261416, 1, 0
35533, 901222, 1, 0
35901, 1483467, 1, 0
36020, 722576, 1, 0
36304, 578582, 1, 0
36506, 578868, 1, 0
36877, 761646, 1, 0
37047, 817706, 1, 0
37983, 541378, 1, 0
37983, 1081831, 1, 0
38026, 1149028, 1, 0
38117, 1218921, 1, 0
38376, 929588, 1, 0
38599, 1354651, 1, 0
38795, 722060, 1, 0
39005, 608978, 1, 0
39902, 607121, 1, 0
39917, 1292671, 1, 0
39918, 2680231, 1, 0
40007, 1346165, 1, 0
40287, 1316603, 1, 0
40519, 580438, 1, 0
40790, 526529, 1, 0
41005, 625369, 1, 0
41327, 482942, 1, 0
41534, 542624, 1, 0
41750, 576454, 1, 0
42080, 608053, 1, 0
42299, 789715, 1, 0
42586, 1258085, 1, 0
43034, 1301001, 1, 0
43106, 1778992, 1, 0
43358, 1593821, 1, 0
43674, 1644089, 1, 0
43803, 1190103, 1, 0
44146, 1198448, 1, 0
44268, 740324, 1, 0
44545, 655602, 1, 0
44753, 511789, 1, 0
45217, 550510, 1, 0
45254, 814738, 1, 0
45518, 894864, 1, 0
45772, 892410, 1, 0
46880, 1184982, 1, 0
46880, 1626107, 1, 0
46881, 1361629, 1, 0
46881, 1362167, 1, 0
47037, 1340944, 1, 0
47450, 1124665, 1, 0
47506, 593153, 1, 0
47759, 691223, 1, 0
48117, 819927, 1, 0
48255, 850334, 1, 0
48562, 747933, 1, 0
48789, 795795, 1, 0
49028, 832911, 1, 0
49740, 2111047, 1, 0
49741, 1998869, 1, 0
49830, 1426356, 1, 0
50142, 1587753, 1, 0
50264, 1078983, 1, 0
50546, 923745, 1, 0
51030, 729687, 1, 0
51031, 549526, 1, 0
51253, 799638, 1, 0
51583, 799104, 1, 0
51769, 550499, 1, 0
52023, 722286, 1, 0
52832, 1007202, 1, 0
52832, 1248631, 1, 0
52843, 1210788, 1, 0
53026, 1559787, 1, 0
53510, 1367471, 1, 0
53510, 1521362, 1, 0
53758, 1079614, 1, 0
54000, 666950, 1, 0
54443, 628867, 1, 0
54657, 843597, 1, 0
54894, 1289648, 1, 0
55562, 1061974, 1, 0
55575, 1918248, 1, 0
55579, 1500667, 1, 0
55797, 1549677, 1, 0
56239, 1039844, 1, 0
56250, 778579, 1, 0
56588, 602047, 1, 0
56795, 722666, 1, 0
57001, 673954, 1, 0
57307, 797193, 1, 0
57502, 1045967, 1, 0
57757, 793308, 1, 0
58092, 566697, 1, 0
58854, 973956, 1, 0
58854, 1351867, 1, 0
58855, 1276150, 1, 0
59313, 1411123, 1, 0
59314, 1734735, 1, 0
59511, 1454177, 1, 0
59876, 1411910, 1, 0
60000, 1211680, 1, 0
60994, 1676901, 1, 0
60994, 1517530, 1, 0
60994, 1608947, 1, 0
60994, 1270382, 1, 0
1226, 636302, 1, 0
1226, 635381, 1, 0
1227, 636942, 1, 0
1235, 644607, 1, 0
1257, 666994, 1, 0
1654, 782734, 1, 0
1761, 677032, 1, 0
2058, 729637, 1, 0
2264, 681860, 1, 0
2501, 481058, 1, 0
2858, 598302, 1, 0
3184, 765913, 1, 0
3669, 855387, 1, 0
3669, 1438521, 1, 0
3771, 1224165, 1, 0
4140, 1136916, 1, 0
4270, 877649, 1, 0
4736, 622519, 1, 0
4763, 568211, 1, 0
5051, 938520, 1, 0
5311, 844801, 1, 0
5532, 767983, 1, 0
5768, 730971, 1, 0
6814, 950492, 1, 0
6816, 1651618, 1, 0
6816, 2024660, 1, 0
6870, 2078527, 1, 0
7100, 1876146, 1, 0
7326, 1556113, 1, 0
7505, 1532363, 1, 0
7750, 1590509, 1, 0
8033, 977873, 1, 0
8261, 556546, 1, 0
8562, 404093, 1, 0
8872, 693908, 1, 0
9073, 810479, 1, 0
9406, 959069, 1, 0
9728, 991510, 1, 0
10461, 1589427, 1, 0
10481, 1608954, 1, 0
10481, 1320685, 1, 0
10504, 1453788, 1, 0
10762, 1594844, 1, 0
11000, 1190710, 1, 0
11372, 824398, 1, 0
11540, 810264, 1, 0
11959, 731142, 1, 0
12065, 639863, 1, 0
12287, 628537, 1, 0
12547, 917070, 1, 0
12797, 669200, 1, 0
13363, 1016052, 1, 0
13452, 1707495, 1, 0
13515, 1286641, 1, 0
13946, 1370221, 1, 0
14021, 1390839, 1, 0
14276, 1409940, 1, 0
14536, 1030224, 1, 0
15733, 1663893, 1, 0
15752, 1805598, 1, 0
15778, 3098515, 1, 0
15778, 3097266, 1, 0
15778, 1831559, 1, 0
16001, 1867781, 1, 0
16288, 1579411, 1, 0
16515, 510774, 1, 0
16973, 1471875, 1, 0
17071, 920149, 1, 0
17297, 1107239, 1, 0
17860, 793980, 1, 0
18406, 1432464, 1, 0
18417, 1336410, 1, 0
18459, 1264807, 1, 0
18538, 1336065, 1, 0
18849, 1337512, 1, 0
19012, 1230090, 1, 0
19319, 733443, 1, 0
19513, 877317, 1, 0
19760, 651577, 1, 0
20024, 685049, 1, 0
20272, 618283, 1, 0
20546, 575086, 1, 0
20802, 606915, 1, 0
21014, 827192, 1, 0
21309, 924088, 1, 0
22366, 868864, 1, 0
22367, 1380237, 1, 0
22374, 1268462, 1, 0
22390, 2364982, 1, 0
22764, 1887180, 1, 0
22767, 1417439, 1, 0
23111, 1300583, 1, 0
23393, 1087040, 1, 0
23554, 614942, 1, 0
23758, 667444, 1, 0
24032, 676279, 1, 0
24262, 593345, 1, 0
24602, 637911, 1, 0
24752, 986074, 1, 0
25004, 864614, 1, 0
25258, 907713, 1, 0
26407, 1096037, 1, 0
26425, 2088335, 1, 0
26425, 1990867, 1, 0
26425, 1367632, 1, 0
26523, 1607046, 1, 0
26878, 1555980, 1, 0
27018, 1053138, 1, 0
27328, 587264, 1, 0
27505, 672222, 1, 0
27767, 753311, 1, 0
28000, 682047, 1, 0
28252, 738629, 1, 0
28544, 972285, 1, 0
29219, 1100186, 1, 0
29228, 1665001, 1, 0
29252, 1491026, 1, 0
29527, 1468178, 1, 0
29896, 1336834, 1, 0
30011, 1296890, 1, 0
30258, 871119, 1, 0
30504, 730195, 1, 0
30824, 579672, 1, 0
31203, 682128, 1, 0
31271, 860742, 1, 0
31526, 794795, 1, 0
32252, 740725, 1, 0
32269, 991956, 1, 0
32311, 2044606, 1, 0
32738, 1326998, 1, 0
32810, 557023, 1, 0
33063, 1350963, 1, 0
33340, 767370, 1, 0
33582, 511876, 1, 0
33756, 661248, 1, 0
34116, 867681, 1, 0
34253, 916465, 1, 0
34520, 589685, 1, 0
35065, 1006596, 1, 0
35065, 2001529, 1, 0
35330, 1281766, 1, 0
35533, 895882, 1, 0
35752, 1210614, 1, 0
36021, 679570, 1, 0
36282, 561623, 1, 0
36506, 801942, 1, 0
36877, 689355, 1, 0
37047, 780596, 1, 0
37983, 584879, 1, 0
37992, 1094567, 1, 0
38117, 1220371, 1, 0
38117, 1069980, 1, 0
38375, 980989, 1, 0
38568, 1074677, 1, 0
38785, 700454, 1, 0
39005, 715310, 1, 0
39917, 622465, 1, 0
39917, 1293048, 1, 0
39918, 1294628, 1, 0
40007, 1300545, 1, 0
40276, 1238072, 1, 0
40518, 620749, 1, 0
40788, 636809, 1, 0
41005, 546680, 1, 0
41327, 527068, 1, 0
41502, 517344, 1, 0
41932, 637434, 1, 0
42061, 611015, 1, 0
42254, 584713, 1, 0
43107, 1114274, 1, 0
43107, 1604396, 1, 0
43107, 1533755, 1, 0
43324, 1494581, 1, 0
43675, 1628385, 1, 0
43805, 1567859, 1, 0
44146, 1067534, 1, 0
44286, 844899, 1, 0
44620, 601371, 1, 0
44769, 771035, 1, 0
45217, 570279, 1, 0
45518, 844273, 1, 0
45519, 726708, 1, 0
45772, 1002017, 1, 0
46003, 1052473, 1, 0
46881, 1661073, 1, 0
46881, 2086043, 1, 0
46881, 1661207, 1, 0
47033, 1360301, 1, 0
47506, 1217676, 1, 0
47506, 614085, 1, 0
47758, 680913, 1, 0
48118, 805048, 1, 0
48284, 754033, 1, 0
48526, 790182, 1, 0
48789, 1023387, 1, 0
49740, 1194025, 1, 0
49740, 2119206, 1, 0
49767, 1369316, 1, 0
49829, 2070437, 1, 0
50143, 1535676, 1, 0
50251, 1348827, 1, 0
50547, 990256, 1, 0
50764, 586262, 1, 0
51030, 676750, 1, 0
51254, 838244, 1, 0
51582, 688531, 1, 0
51781, 581874, 1, 0
52023, 696710, 1, 0
52823, 814009, 1, 0
52833, 1249819, 1, 0
52837, 1690255, 1, 0
53026, 1442635, 1, 0
53510, 1371172, 1, 0
53510, 686661, 1, 0
53827, 1228014, 1, 0
54000, 705823, 1, 0
54387, 554730, 1, 0
54558, 719312, 1, 0
54894, 797391, 1, 0
55562, 1131397, 1, 0
55578, 1862623, 1, 0
55579, 1579088, 1, 0
55791, 1460964, 1, 0
56187, 966054, 1, 0
56250, 703895, 1, 0
56588, 593735, 1, 0
56795, 501074, 1, 0
57001, 564504, 1, 0
57307, 812049, 1, 0
57519, 851399, 1, 0
57766, 723787, 1, 0
58092, 737923, 1, 0
58854, 1267786, 1, 0
58855, 1216983, 1, 0
58855, 1269540, 1, 0
59261, 1310666, 1, 0
59314, 1727067, 1, 0
59511, 1207406, 1, 0
59876, 1957655, 1, 0
60000, 1258565, 1, 0
60994, 1677067, 1, 0
60994, 1676925, 1, 0
60994, 1676820, 1, 0
60994, 1343702, 1, 0
