1645, 1600600, 0, 0
1672, 1598699, 0, 0
1697, 1580724, 1, 0
1720, 1570006, 0, 0
1743, 1570229, 0, 0
1798, 1602668, 0, 0
1821, 1602805, 0, 0
2027, 1588480, 0, 0
2027, 1586023, 1, 0
2251, 1597550, 0, 0
2251, 1622567, 1, 0
2534, 1561430, 0, 0
2534, 1449264, 1, 0
2759, 1229524, 0, 0
2759, 1242948, 1, 0
3076, 1125798, 0, 0
3076, 1175284, 1, 0
3268, 1290828, 0, 0
3539, 1356489, 0, 0
3539, 1299771, 1, 0
4254, 2093174, 1, 0
4279, 2066920, 1, 0
4305, 2054604, 1, 0
4517, 2077951, 0, 0
4517, 2060326, 1, 0
4867, 2146043, 0, 0
4867, 2151667, 1, 0
5027, 2221292, 0, 0
5027, 2206769, 1, 0
5289, 2106780, 0, 0
5289, 2106080, 1, 0
5519, 2053548, 0, 0
5519, 1747952, 1, 0
5784, 1339246, 0, 0
5784, 1337166, 1, 0
6024, 1412642, 0, 0
6024, 1373403, 1, 0
6253, 1394581, 0, 0
6253, 1340136, 1, 0
6537, 1336640, 0, 0
6537, 1392764, 1, 0
7028, 1664856, 0, 0
7028, 1444171, 1, 0
7047, 1827008, 1, 0
7282, 1796809, 0, 0
7282, 1788091, 1, 0
7523, 1800906, 0, 0
7523, 1764815, 1, 0
7778, 1692783, 0, 0
7778, 1690091, 1, 0
8029, 1683309, 0, 0
8029, 1687664, 1, 0
8314, 1764439, 1, 0
8507, 1835111, 0, 0
8507, 1479789, 1, 0
8761, 1687859, 0, 0
9000, 1827577, 0, 0
9883, 1969290, 0, 0
9883, 2659353, 1, 0
9911, 2629000, 1, 0
9943, 2602311, 1, 0
10016, 2601924, 0, 0
10016, 2598662, 1, 0
10257, 2577070, 0, 0
10257, 2568811, 1, 0
10522, 2568473, 0, 0
10522, 2523408, 1, 0
10776, 2265585, 1, 0
11020, 1945349, 0, 0
11020, 1701738, 1, 0
11252, 1148671, 0, 0
11252, 1149809, 1, 0
11625, 1248600, 0, 0
11765, 1442364, 0, 0
11765, 1427590, 1, 0
12013, 1471267, 0, 0
12013, 1575884, 1, 0
12341, 1818273, 0, 0
12341, 1535977, 1, 0
12514, 1828695, 1, 0
12770, 1842624, 0, 0
12770, 1840465, 1, 0
13003, 1852623, 0, 0
13003, 1824912, 1, 0
13367, 1969499, 0, 0
13367, 1877447, 1, 0
13509, 2056726, 1, 0
13791, 1985530, 0, 0
13791, 1936539, 1, 0
14082, 2094151, 1, 0
14369, 2137855, 0, 0
14369, 2028780, 1, 0
14500, 2078800, 0, 0
14500, 2010495, 1, 0
14806, 2151805, 1, 0
15502, 2508060, 0, 0
15529, 2840250, 0, 0
15568, 2853172, 0, 0
15768, 2842947, 0, 0
15768, 2827795, 1, 0
16002, 2647433, 0, 0
16002, 2617293, 1, 0
16262, 2290610, 0, 0
16262, 2326719, 1, 0
16546, 1744044, 0, 0
16546, 1903895, 1, 0
16777, 1172372, 0, 0
16777, 1165406, 1, 0
17007, 1307583, 0, 0
17007, 1369130, 1, 0
17262, 1465199, 0, 0
17262, 1433325, 1, 0
17515, 1634228, 0, 0
17758, 1694077, 0, 0
17758, 1691975, 1, 0
18079, 1685501, 0, 0
18079, 1726998, 1, 0
18271, 1813875, 0, 0
18271, 1745326, 1, 0
18522, 1809231, 0, 0
18522, 1877467, 1, 0
18780, 1755979, 1, 0
19021, 1704824, 0, 0
19259, 1503655, 0, 0
19259, 1511471, 1, 0
19534, 1685776, 0, 0
19800, 1905352, 0, 0
19800, 1800717, 1, 0
20090, 1793420, 0, 0
20090, 1794517, 1, 0
20253, 1914341, 0, 0
20733, 2099471, 1, 0
21264, 2716494, 0, 0
21311, 2741866, 0, 0
21336, 2632216, 1, 0
21502, 2708468, 0, 0
21502, 2658175, 1, 0
21750, 2654241, 0, 0
21750, 2635048, 1, 0
22069, 2673831, 0, 0
22069, 2619637, 1, 0
22386, 2419477, 0, 0
22386, 2477616, 1, 0
22859, 2481035, 0, 0
22859, 2521106, 1, 0
22902, 2648766, 1, 0
23018, 2193407, 1, 0
23282, 1748141, 0, 0
23282, 1729271, 1, 0
23552, 1768335, 0, 0
23552, 1732599, 1, 0
23873, 1909364, 0, 0
23873, 1731551, 1, 0
24005, 1842745, 0, 0
24005, 1827166, 1, 0
24304, 1894835, 0, 0
24304, 1760980, 1, 0
24520, 1854889, 0, 0
24520, 1660789, 1, 0
24760, 1697363, 0, 0
24760, 1585858, 1, 0
25083, 1776897, 0, 0
25083, 1773665, 1, 0
25323, 1956274, 0, 0
25323, 1912317, 1, 0
25500, 2036228, 0, 0
25500, 1993246, 1, 0
25956, 2103067, 0, 0
25956, 2194927, 1, 0
26026, 2152905, 1, 0
26770, 2093641, 0, 0
26770, 2205260, 1, 0
26790, 2465623, 0, 0
26834, 2489486, 0, 0
27013, 2468921, 0, 0
27013, 2377315, 1, 0
27270, 2324081, 0, 0
27270, 2250728, 1, 0
27515, 1975568, 0, 0
27515, 1975428, 1, 0
27760, 1776628, 0, 0
27760, 1612008, 1, 0
28132, 1932400, 0, 0
28274, 2028688, 0, 0
28274, 1503641, 1, 0
28557, 1625699, 0, 0
28557, 1612984, 1, 0
28813, 1735003, 0, 0
28813, 1800255, 1, 0
29063, 1824351, 0, 0
29063, 1786794, 1, 0
29280, 1808626, 0, 0
29280, 1807762, 1, 0
29517, 1866999, 0, 0
29517, 1756652, 1, 0
29785, 1408850, 0, 0
29785, 1390973, 1, 0
30022, 1556383, 0, 0
30022, 1524580, 1, 0
30384, 1365273, 0, 0
30384, 1408203, 1, 0
30628, 1591386, 0, 0
30869, 1680255, 0, 0
30869, 1590799, 1, 0
31169, 1874840, 0, 0
31258, 1970989, 1, 0
31583, 2142033, 0, 0
31583, 2067610, 1, 0
31757, 2256450, 0, 0
31757, 2243485, 1, 0
32348, 2810709, 0, 0
32373, 2815874, 0, 0
32536, 2848007, 0, 0
32536, 2831965, 1, 0
32791, 2604618, 0, 0
32791, 2583889, 1, 0
33009, 2218291, 0, 0
33009, 2258149, 1, 0
33498, 1921698, 0, 0
33498, 1923355, 1, 0
33524, 1941092, 1, 0
33761, 1693939, 0, 0
33761, 1624810, 1, 0
34025, 1357148, 0, 0
34025, 1329281, 1, 0
34276, 1378825, 0, 0
34276, 1352251, 1, 0
34594, 1491543, 0, 0
34594, 1501006, 1, 0
34807, 1552680, 0, 0
35080, 1364002, 0, 0
35080, 1324613, 1, 0
35319, 1478062, 0, 0
35507, 1605948, 0, 0
35507, 1612011, 1, 0
35854, 1828972, 0, 0
35854, 1687651, 1, 0
36010, 1896971, 0, 0
36010, 1883425, 1, 0
36369, 1995442, 0, 0
36369, 2149496, 1, 0
36542, 2040833, 0, 0
36542, 2072481, 1, 0
36769, 2070910, 0, 0
36769, 2017992, 1, 0
37061, 2237830, 0, 0
37061, 2118348, 1, 0
37868, 2241811, 0, 0
37868, 2418057, 1, 0
37909, 2808679, 0, 0
38029, 2807150, 1, 0
38064, 2745201, 1, 0
38265, 2762011, 0, 0
38265, 2674988, 1, 0
38647, 2437760, 0, 0
38647, 2499562, 1, 0
38768, 2344980, 0, 0
38768, 2317566, 1, 0
39001, 2215426, 0, 0
39001, 2185551, 1, 0
39271, 1752995, 0, 0
39271, 1536266, 1, 0
39546, 1186401, 0, 0
39546, 1181827, 1, 0
39816, 1237230, 0, 0
39816, 1188602, 1, 0
40022, 1253676, 0, 0
40022, 1179276, 1, 0
40270, 1359973, 0, 0
40270, 1377474, 1, 0
40527, 1461479, 0, 0
40527, 1426974, 1, 0
40786, 1669547, 0, 0
41136, 1719997, 0, 0
41136, 1763083, 1, 0
41349, 1885937, 0, 0
41349, 1786291, 1, 0
41507, 2025623, 0, 0
41760, 1994224, 0, 0
41760, 1949758, 1, 0
42113, 1815953, 0, 0
42113, 1843815, 1, 0
42283, 2013167, 0, 0
42512, 1971022, 0, 0
42512, 1899020, 1, 0
42842, 1859238, 0, 0
42842, 1879288, 1, 0
43503, 2564817, 0, 0
43549, 2589465, 0, 0
43600, 2615288, 0, 0
43854, 2718934, 1, 0
44010, 2711017, 0, 0
44010, 2685977, 1, 0
44259, 2590257, 0, 0
44259, 2565021, 1, 0
44518, 2560489, 0, 0
44518, 2487958, 1, 0
44759, 2310942, 0, 0
44759, 2274336, 1, 0
45026, 2201868, 0, 0
45026, 2193284, 1, 0
45267, 1370987, 0, 0
45267, 1480722, 1, 0
45542, 1227466, 0, 0
45542, 1246906, 1, 0
45805, 1260037, 0, 0
45805, 1224647, 1, 0
46004, 1293798, 0, 0
46004, 1281326, 1, 0
46283, 1280571, 0, 0
46283, 1256719, 1, 0
46568, 1241402, 0, 0
46568, 1227632, 1, 0
46804, 1355416, 0, 0
47108, 1625447, 0, 0
47257, 1764921, 0, 0
47257, 1659090, 1, 0
47552, 1872965, 0, 0
47552, 1738893, 1, 0
47773, 1857095, 0, 0
47773, 1860879, 1, 0
48061, 1753269, 0, 0
48061, 1669815, 1, 0
48341, 1721950, 0, 0
48341, 1772529, 1, 0
48502, 1768882, 0, 0
48502, 1582947, 1, 0
49233, 2106219, 0, 0
49298, 2040699, 1, 0
49350, 2069296, 0, 0
49509, 1906122, 0, 0
49509, 1911820, 1, 0
49758, 1872765, 0, 0
50028, 1914458, 0, 0
50028, 1935090, 1, 0
50296, 1854873, 0, 0
50296, 1827813, 1, 0
50538, 1633008, 0, 0
50538, 1160742, 1, 0
50776, 1214823, 0, 0
50776, 1169391, 1, 0
51064, 1297363, 0, 0
51064, 1457328, 1, 0
51267, 1612136, 0, 0
51267, 1582512, 1, 0
51547, 1692759, 0, 0
51801, 1801400, 0, 0
51801, 1760789, 1, 0
52040, 1753513, 0, 0
52040, 1768998, 1, 0
52268, 1899235, 0, 0
52268, 1911970, 1, 0
52604, 1933026, 0, 0
52604, 1900483, 1, 0
52762, 2004769, 0, 0
52762, 1996192, 1, 0
53139, 1960931, 0, 0
53139, 1876100, 1, 0
53361, 1927637, 1, 0
53504, 1920206, 0, 0
53504, 1862706, 1, 0
53782, 1903781, 0, 0
53782, 1980554, 1, 0
54675, 2326966, 0, 0
54912, 2932481, 1, 0
54963, 2923405, 1, 0
54989, 2768324, 1, 0
55132, 2886160, 0, 0
55253, 2904424, 0, 0
55253, 2872014, 1, 0
55539, 2703648, 0, 0
55539, 2681337, 1, 0
55770, 2436470, 0, 0
55770, 2433650, 1, 0
56009, 2297881, 0, 0
56009, 2261812, 1, 0
56275, 2224499, 0, 0
56275, 1677974, 1, 0
56587, 1389111, 0, 0
56587, 1306119, 1, 0
56877, 1562820, 0, 0
56877, 1409694, 1, 0
57020, 1646255, 1, 0
57334, 1711363, 0, 0
57334, 1681316, 1, 0
57514, 1719476, 0, 0
57514, 1669100, 1, 0
57901, 1767400, 0, 0
57901, 1793160, 1, 0
58102, 1896383, 1, 0
58301, 1979506, 0, 0
58301, 1931316, 1, 0
58517, 1959164, 1, 0
58808, 1941146, 0, 0
58808, 1896450, 1, 0
59153, 2114070, 0, 0
59153, 1942058, 1, 0
59340, 2172033, 0, 0
59340, 2180193, 1, 0
59596, 2291392, 0, 0
59755, 2378807, 0, 0
59755, 2357213, 1, 0
60569, 2401227, 0, 0
60569, 3054425, 1, 0
60569, 3023342, 0, 0
60569, 2987379, 0, 0
60569, 1767546, 0, 0
60569, 1733257, 1, 0
1344, 1306603, 0, 0
1671, 1608279, 0, 0
1724, 1638926, 0, 0
1778, 1672981, 0, 0
1832, 1700020, 0, 0
1857, 1699536, 0, 0
1910, 1730084, 0, 0
2012, 1693003, 1, 0
2257, 1720534, 0, 0
2257, 1717925, 1, 0
2501, 1765950, 0, 0
2501, 1762646, 1, 0
2772, 1665828, 0, 0
2772, 1624855, 1, 0
3005, 1494944, 1, 0
3304, 1301184, 0, 0
3304, 1268770, 1, 0
3581, 1345729, 0, 0
3581, 1409369, 1, 0
4265, 2126455, 0, 0
4293, 2131437, 0, 0
4321, 2106098, 1, 0
4516, 2080267, 0, 0
4516, 2063370, 1, 0
4765, 2022393, 0, 0
4765, 2020857, 1, 0
5015, 2111116, 0, 0
5015, 2059065, 1, 0
5287, 2077204, 0, 0
5287, 2078952, 1, 0
5525, 1878594, 0, 0
5525, 1807039, 1, 0
5755, 1230815, 0, 0
5755, 1217269, 1, 0
6020, 1293351, 0, 0
6020, 1253324, 1, 0
6264, 1344399, 0, 0
6264, 1259705, 1, 0
6580, 1133215, 0, 0
6580, 1168257, 1, 0
7044, 1611490, 1, 0
7088, 1635082, 0, 0
7262, 1661806, 0, 0
7504, 1637489, 0, 0
7504, 1572104, 1, 0
7758, 1522852, 0, 0
7758, 1493911, 1, 0
8057, 1511677, 0, 0
8057, 1476947, 1, 0
8345, 1136242, 0, 0
8345, 1103511, 1, 0
8503, 1216614, 0, 0
8503, 1241194, 1, 0
8752, 1438682, 0, 0
9125, 1634358, 0, 0
9889, 2096011, 0, 0
9922, 2463817, 0, 0
9954, 2450000, 1, 0
10007, 2409074, 1, 0
10260, 2441574, 0, 0
10260, 2449460, 1, 0
10529, 2411121, 0, 0
10529, 2396642, 1, 0
10771, 2203104, 0, 0
10771, 2158524, 1, 0
11023, 1294284, 0, 0
11023, 1642095, 1, 0
11290, 1151897, 0, 0
11290, 1172890, 1, 0
11503, 1232903, 0, 0
11503, 1234283, 1, 0
11780, 1323082, 0, 0
11780, 1295852, 1, 0
12299, 1337843, 0, 0
12299, 1523243, 1, 0
12352, 1735429, 0, 0
12521, 1795916, 0, 0
12521, 1708572, 1, 0
12759, 1846128, 0, 0
12759, 1841092, 1, 0
13046, 1956452, 0, 0
13046, 1937192, 1, 0
13266, 1930393, 1, 0
13521, 2060011, 0, 0
13757, 2108722, 0, 0
13757, 2017851, 1, 0
14013, 2177935, 0, 0
14317, 2184963, 0, 0
14317, 2061488, 1, 0
14506, 1963693, 0, 0
14506, 1918731, 1, 0
14808, 2049694, 0, 0
14808, 2015968, 1, 0
15478, 2666955, 1, 0
15500, 2560247, 1, 0
15545, 2498107, 1, 0
15766, 2522745, 0, 0
15766, 2407380, 1, 0
16013, 2259415, 0, 0
16013, 2195111, 1, 0
16253, 2064418, 0, 0
16253, 2008615, 1, 0
16501, 1787227, 0, 0
16501, 1637328, 1, 0
16805, 1076995, 0, 0
16805, 1060664, 1, 0
17041, 1273323, 0, 0
17289, 1523660, 1, 0
17571, 1513074, 0, 0
17571, 1708431, 1, 0
17762, 1733208, 0, 0
17762, 1708609, 1, 0
18068, 1809036, 0, 0
18068, 1756396, 1, 0
18257, 1889283, 0, 0
18257, 1847662, 1, 0
18504, 2078377, 0, 0
18504, 1986288, 1, 0
18772, 2195950, 0, 0
19021, 2276933, 1, 0
19261, 2340149, 1, 0
19547, 2237890, 0, 0
19547, 2265196, 1, 0
19817, 2355360, 0, 0
19817, 2161406, 1, 0
20071, 2202846, 0, 0
20071, 2221524, 1, 0
20252, 2218700, 0, 0
20252, 2181320, 1, 0
21189, 2209357, 0, 0
21189, 2931448, 1, 0
21280, 2926392, 1, 0
21305, 2823345, 1, 0
21423, 2918296, 0, 0
21503, 2951129, 0, 0
21503, 2812581, 1, 0
21776, 2784194, 0, 0
21776, 2668391, 1, 0
22015, 2232877, 0, 0
22015, 2285080, 1, 0
22375, 2137286, 0, 0
22375, 2088297, 1, 0
22533, 2215587, 0, 0
22533, 2147804, 1, 0
22891, 2468885, 1, 0
23022, 1673080, 0, 0
23022, 1665155, 1, 0
23267, 1622066, 0, 0
23267, 1586480, 1, 0
23545, 1567848, 0, 0
23545, 1532898, 1, 0
23880, 1747443, 0, 0
24130, 1933852, 0, 0
24130, 2041243, 1, 0
24326, 2180227, 1, 0
24510, 2336432, 0, 0
24761, 2041191, 0, 0
24761, 2143515, 1, 0
25039, 1896593, 0, 0
25039, 1844610, 1, 0
25336, 1931927, 0, 0
25601, 2228970, 0, 0
25601, 2114982, 1, 0
25943, 2295206, 1, 0
26037, 2325702, 0, 0
26037, 2312039, 1, 0
26790, 1702575, 0, 0
26790, 2031547, 1, 0
26831, 2191844, 0, 0
26881, 2223409, 0, 0
27041, 2203551, 0, 0
27041, 2174015, 1, 0
27281, 2264839, 0, 0
27281, 2242303, 1, 0
27526, 2277485, 0, 0
27526, 2252701, 1, 0
27838, 2063737, 0, 0
27838, 2068914, 1, 0
28159, 1915970, 0, 0
28159, 1930202, 1, 0
28265, 2046667, 0, 0
28517, 2155453, 0, 0
28517, 1630432, 1, 0
28764, 1758246, 0, 0
28764, 1791509, 1, 0
29129, 1844096, 0, 0
29129, 1838483, 1, 0
29252, 1931783, 1, 0
29503, 1982239, 0, 0
29503, 1922641, 1, 0
29858, 2064402, 0, 0
29858, 2170643, 1, 0
30016, 2177804, 1, 0
30307, 2270209, 0, 0
30307, 2254079, 1, 0
30580, 2452417, 0, 0
30580, 2421072, 1, 0
30770, 2463532, 0, 0
30770, 2383801, 1, 0
31060, 2529571, 0, 0
31060, 2562429, 1, 0
31267, 2617813, 1, 0
31604, 2532373, 0, 0
31604, 2418459, 1, 0
32301, 2731291, 0, 0
32354, 2995035, 1, 0
32399, 2948763, 1, 0
32548, 2944667, 0, 0
32548, 2772524, 1, 0
32760, 2595991, 0, 0
32760, 2378640, 1, 0
33047, 2108237, 0, 0
33047, 2009870, 1, 0
33453, 1943252, 0, 0
33509, 2198196, 0, 0
33783, 2139277, 0, 0
33783, 1810356, 1, 0
34021, 1416574, 0, 0
34021, 1398395, 1, 0
34260, 1441965, 0, 0
34260, 1449135, 1, 0
34548, 1599896, 0, 0
34548, 1559703, 1, 0
34806, 1626783, 0, 0
34806, 1591947, 1, 0
35075, 1485576, 0, 0
35075, 1400445, 1, 0
35258, 1599968, 0, 0
35600, 1764227, 0, 0
35600, 1667712, 1, 0
35769, 1809835, 0, 0
35769, 1846612, 1, 0
36090, 1827033, 0, 0
36090, 1890987, 1, 0
36369, 2168176, 0, 0
36369, 2024667, 1, 0
36505, 2042678, 0, 0
36505, 2032803, 1, 0
36864, 1983745, 0, 0
36864, 1964047, 1, 0
37045, 2032161, 1, 0
37834, 2035462, 0, 0
37834, 1858951, 1, 0
37897, 2296674, 1, 0
38015, 2394061, 0, 0
38050, 2409934, 0, 0
38279, 2385379, 0, 0
38279, 2330433, 1, 0
38644, 2070057, 0, 0
38644, 2214002, 1, 0
38785, 2189836, 0, 0
39037, 2051655, 0, 0
39037, 2036730, 1, 0
39288, 1994606, 0, 0
39288, 1396243, 1, 0
39532, 1365920, 0, 0
39532, 1327990, 1, 0
39778, 1395638, 1, 0
40133, 1451480, 0, 0
40133, 1375694, 1, 0
40311, 1503097, 0, 0
40311, 1483477, 1, 0
40533, 1577088, 0, 0
40533, 1605424, 1, 0
40804, 1675314, 0, 0
40804, 1695870, 1, 0
41109, 1814754, 0, 0
41109, 1716292, 1, 0
41285, 1879110, 1, 0
41505, 1883808, 0, 0
41505, 1905867, 1, 0
41751, 1771901, 0, 0
41751, 1755089, 1, 0
42071, 1751130, 0, 0
42071, 1699230, 1, 0
42272, 1830965, 0, 0
42272, 1674082, 1, 0
42520, 1828025, 0, 0
42520, 1775808, 1, 0
42776, 1830079, 0, 0
42776, 1806099, 1, 0
43461, 2095568, 0, 0
43461, 1710096, 1, 0
43481, 2322825, 0, 0
43505, 2302728, 1, 0
43936, 2302754, 0, 0
43936, 2216806, 1, 0
44000, 2495003, 0, 0
44268, 2489072, 0, 0
44268, 2475945, 1, 0
44549, 2274719, 0, 0
44549, 2210123, 1, 0
44759, 2017558, 0, 0
44759, 2008324, 1, 0
45016, 1964804, 0, 0
45016, 1555007, 1, 0
45255, 1582930, 0, 0
45255, 1493113, 1, 0
45505, 1349444, 0, 0
45505, 1317345, 1, 0
45772, 1478955, 0, 0
45772, 1377169, 1, 0
46014, 1594104, 0, 0
46014, 1646611, 1, 0
46310, 1617942, 0, 0
46310, 1665831, 1, 0
46507, 1779746, 0, 0
46507, 1829380, 1, 0
46759, 1839947, 0, 0
46759, 1798086, 1, 0
47159, 1782443, 0, 0
47159, 1692712, 1, 0
47273, 1949363, 1, 0
47580, 1893508, 0, 0
47580, 1874689, 1, 0
47761, 1756485, 1, 0
48001, 1849390, 0, 0
48001, 1794535, 1, 0
48339, 1689663, 0, 0
48339, 1732140, 1, 0
49200, 1955179, 0, 0
49200, 1699206, 1, 0
49287, 2464047, 0, 0
49316, 2474242, 0, 0
49342, 2384938, 1, 0
49535, 2220978, 0, 0
49535, 2201602, 1, 0
49780, 2212283, 0, 0
49780, 2190867, 1, 0
50066, 2047615, 0, 0
50066, 2042179, 1, 0
50279, 2068179, 0, 0
50279, 2059355, 1, 0
50511, 1961502, 0, 0
50511, 1689808, 1, 0
50753, 1231003, 0, 0
50753, 1284862, 1, 0
51059, 1325695, 0, 0
51059, 1463709, 1, 0
51251, 1592310, 0, 0
51558, 1727816, 0, 0
51558, 1759772, 1, 0
51766, 1779175, 0, 0
51766, 1740173, 1, 0
52000, 1735852, 0, 0
52000, 1734184, 1, 0
52257, 1802874, 0, 0
52257, 1844954, 1, 0
52528, 1882433, 0, 0
52528, 1898955, 1, 0
52763, 1987154, 0, 0
52763, 1907114, 1, 0
53126, 1896722, 0, 0
53126, 1861513, 1, 0
53291, 1857776, 1, 0
53507, 1843827, 0, 0
53507, 1822192, 1, 0
53783, 1888977, 0, 0
53783, 1908295, 1, 0
54674, 2270091, 0, 0
54674, 1909043, 1, 0
54910, 2679059, 1, 0
54957, 2699493, 0, 0
54980, 2681351, 1, 0
55005, 2677675, 0, 0
55251, 2793314, 0, 0
55251, 2749585, 1, 0
55510, 2661270, 0, 0
55510, 2536193, 1, 0
55771, 2306682, 0, 0
55771, 2310233, 1, 0
56051, 2244841, 0, 0
56051, 2198271, 1, 0
56292, 2212811, 0, 0
56292, 1375960, 1, 0
56593, 1378472, 0, 0
56593, 1260261, 1, 0
56879, 1457537, 0, 0
56879, 1453706, 1, 0
57018, 1636853, 0, 0
57018, 1548817, 1, 0
57333, 1756640, 1, 0
57531, 1846599, 0, 0
57531, 1837794, 1, 0
57865, 1852689, 0, 0
57865, 1893923, 1, 0
58085, 2158064, 0, 0
58255, 2078259, 0, 0
58255, 2126867, 1, 0
58580, 2024448, 0, 0
58580, 1980860, 1, 0
58809, 1889299, 0, 0
58809, 1832056, 1, 0
59003, 1801690, 0, 0
59003, 1738718, 1, 0
59258, 1623593, 0, 0
59258, 1599909, 1, 0
59577, 1773858, 0, 0
59577, 1741133, 1, 0
59858, 1675117, 0, 0
59858, 1540012, 1, 0
60639, 2383526, 0, 0
60639, 1650705, 1, 0
60639, 2363048, 0, 0
60639, 2338951, 0, 0
60639, 1672823, 0, 0
60639, 1368307, 1, 0
1203, 1169276, 0, 0
1228, 1165773, 0, 0
1254, 1149079, 1, 0
1276, 1145509, 0, 0
1298, 1122013, 1, 0
1672, 1260612, 1, 0
1799, 1446984, 0, 0
1799, 1411236, 1, 0
2030, 1455547, 0, 0
2030, 1445677, 1, 0
2257, 1470828, 0, 0
2510, 1438233, 0, 0
2510, 1338575, 1, 0
2762, 1393564, 0, 0
3077, 1134886, 0, 0
3077, 1106665, 1, 0
3309, 1318132, 0, 0
3309, 1222133, 1, 0
4135, 1567205, 0, 0
4135, 1321715, 1, 0
4279, 2145920, 0, 0
4327, 2142391, 1, 0
4358, 2123703, 1, 0
4525, 2160538, 0, 0
4776, 2178865, 0, 0
4776, 2168090, 1, 0
5000, 2214377, 0, 0
5000, 2201423, 1, 0
5263, 2205916, 0, 0
5263, 2137200, 1, 0
5551, 2081072, 0, 0
5551, 1883039, 1, 0
5790, 1280404, 0, 0
5790, 1279030, 1, 0
6007, 1309608, 0, 0
6007, 1306972, 1, 0
6259, 1267516, 0, 0
6259, 1201997, 1, 0
6547, 1206141, 0, 0
6547, 1155204, 1, 0
7053, 1220439, 0, 0
7053, 1323382, 1, 0
7095, 1543382, 1, 0
7265, 1548952, 0, 0
7265, 1516560, 1, 0
7511, 1487464, 0, 0
7511, 1486511, 1, 0
7777, 1483259, 0, 0
7777, 1484122, 1, 0
8061, 1576891, 0, 0
8061, 1593711, 1, 0
8334, 1764200, 0, 0
8334, 1608303, 1, 0
8518, 1646416, 0, 0
8518, 1370011, 1, 0
8771, 1499692, 0, 0
9025, 1626235, 0, 0
9025, 1600039, 1, 0
9854, 2051611, 0, 0
9880, 2443250, 0, 0
9910, 2421789, 1, 0
10005, 2435726, 0, 0
10005, 2423129, 1, 0
10259, 2446634, 0, 0
10259, 2445187, 1, 0
10530, 2168561, 0, 0
10530, 2335926, 1, 0
10758, 2135547, 0, 0
10758, 2099313, 1, 0
11025, 1732459, 0, 0
11025, 1642515, 1, 0
11279, 1155970, 0, 0
11279, 1226799, 1, 0
11510, 1192613, 0, 0
11510, 1230949, 1, 0
11761, 1363227, 0, 0
12306, 1704973, 0, 0
12306, 1428894, 1, 0
12358, 1716927, 1, 0
12505, 1746547, 0, 0
12505, 1794943, 1, 0
12766, 1818742, 0, 0
12766, 1800019, 1, 0
13021, 1925290, 0, 0
13021, 1858645, 1, 0
13271, 1918603, 0, 0
13271, 1841284, 1, 0
13502, 1925378, 0, 0
13502, 1879594, 1, 0
13798, 1764791, 0, 0
13798, 1584863, 1, 0
14101, 1586044, 1, 0
14362, 1573314, 0, 0
14362, 1547249, 1, 0
14582, 1667667, 0, 0
14582, 1763580, 1, 0
14754, 1654650, 0, 0
14754, 1629411, 1, 0
15363, 2242880, 1, 0
15385, 2142352, 1, 0
15511, 2240053, 0, 0
15791, 2175110, 0, 0
15791, 2132692, 1, 0
16011, 2176804, 0, 0
16011, 2109511, 1, 0
16267, 2045485, 0, 0
16267, 1987495, 1, 0
16511, 1996415, 0, 0
16511, 1932436, 1, 0
16814, 1732929, 0, 0
16814, 1481165, 1, 0
17057, 1356416, 0, 0
17057, 1356766, 1, 0
17327, 1676224, 0, 0
17574, 1892300, 0, 0
17768, 1872585, 0, 0
17768, 1854318, 1, 0
18117, 1912291, 0, 0
18117, 1878944, 1, 0
18333, 2083545, 1, 0
18510, 2175946, 0, 0
18510, 2130745, 1, 0
18785, 2226992, 0, 0
18785, 2189414, 1, 0
19005, 2405352, 0, 0
19005, 2310142, 1, 0
19271, 2452287, 1, 0
19591, 2455812, 0, 0
19591, 2521741, 1, 0
19839, 2243223, 0, 0
19839, 2280647, 1, 0
20061, 2268069, 0, 0
20061, 2369059, 1, 0
20361, 2359268, 0, 0
20361, 2416601, 1, 0
21218, 2484021, 0, 0
21218, 2761855, 1, 0
21242, 3025903, 1, 0
21261, 2927846, 1, 0
21303, 2945071, 0, 0
21503, 2959857, 0, 0
21503, 2867819, 1, 0
21767, 2965819, 0, 0
21767, 2855878, 1, 0
22028, 2685652, 0, 0
22028, 2629609, 1, 0
22383, 2313628, 0, 0
22383, 2302063, 1, 0
22516, 2346742, 0, 0
22516, 2342790, 1, 0
22875, 2513148, 1, 0
23008, 2154143, 0, 0
23008, 2123506, 1, 0
23255, 1771635, 0, 0
23255, 1683479, 1, 0
23552, 1651136, 0, 0
23552, 1645383, 1, 0
23871, 1748043, 0, 0
23871, 1639819, 1, 0
24074, 1926046, 0, 0
24285, 2158958, 0, 0
24559, 2264442, 0, 0
24559, 2338018, 1, 0
24752, 2275461, 1, 0
25091, 2029644, 0, 0
25091, 1920298, 1, 0
25252, 2165805, 0, 0
25544, 2134139, 0, 0
25544, 2139158, 1, 0
25972, 2223992, 0, 0
25972, 2172870, 1, 0
26018, 2400877, 0, 0
26018, 2351682, 1, 0
26256, 2119418, 1, 0
26794, 2375562, 1, 0
26817, 2376640, 0, 0
27002, 2172261, 0, 0
27002, 2190879, 1, 0
27260, 2197671, 0, 0
27260, 2101152, 1, 0
27528, 2105245, 0, 0
27528, 2065279, 1, 0
27756, 1939914, 0, 0
27756, 1914729, 1, 0
28166, 1910024, 0, 0
28166, 1779902, 1, 0
28273, 1456341, 0, 0
28273, 1424889, 1, 0
28521, 1585662, 0, 0
28521, 1595054, 1, 0
28754, 1669463, 0, 0
28754, 1752137, 1, 0
29062, 1688647, 0, 0
29062, 1737405, 1, 0
29260, 1838036, 0, 0
29260, 1839921, 1, 0
29505, 1878312, 0, 0
29505, 1837369, 1, 0
29762, 1989320, 0, 0
29762, 1852870, 1, 0
30001, 1975365, 0, 0
30001, 1888505, 1, 0
30396, 1781004, 0, 0
30396, 1871098, 1, 0
30658, 1896145, 0, 0
30658, 1788395, 1, 0
30883, 1904840, 0, 0
31072, 1933511, 0, 0
31072, 1857127, 1, 0
31259, 1946240, 0, 0
31259, 1836124, 1, 0
31541, 1985584, 0, 0
31541, 1949252, 1, 0
32330, 2276505, 0, 0
32330, 1941176, 1, 0
32351, 2569359, 0, 0
32376, 2573518, 0, 0
32540, 2380889, 0, 0
32540, 2378718, 1, 0
32763, 2313871, 0, 0
32763, 2244383, 1, 0
33012, 1962725, 0, 0
33012, 1964655, 1, 0
33452, 1983604, 0, 0
33452, 1845140, 1, 0
33510, 2076064, 1, 0
33780, 1911869, 0, 0
33780, 1848837, 1, 0
34027, 1414845, 0, 0
34027, 1405183, 1, 0
34342, 1430293, 0, 0
34342, 1444101, 1, 0
34572, 1502047, 0, 0
34572, 1571420, 1, 0
34791, 1778924, 1, 0
35028, 1786996, 0, 0
35028, 1603295, 1, 0
35326, 1674770, 0, 0
35602, 1731571, 0, 0
35602, 1761941, 1, 0
35753, 1923523, 0, 0
36039, 1996989, 0, 0
36039, 1888946, 1, 0
36378, 2099711, 0, 0
36378, 2110233, 1, 0
36502, 2126548, 0, 0
36502, 2066495, 1, 0
36859, 2042337, 0, 0
36859, 1951361, 1, 0
37067, 2169988, 0, 0
37067, 2067393, 1, 0
37857, 2141417, 1, 0
37880, 2533051, 0, 0
37948, 2580735, 0, 0
38009, 2582328, 0, 0
38009, 2451993, 1, 0
38279, 2350385, 0, 0
38279, 2335311, 1, 0
38645, 2327900, 0, 0
38645, 2243828, 1, 0
38766, 2377366, 0, 0
38766, 2339476, 1, 0
39003, 2133455, 0, 0
39003, 2135882, 1, 0
39256, 1613961, 0, 0
39256, 1503427, 1, 0
39536, 1330145, 0, 0
39536, 1269472, 1, 0
39806, 1196411, 0, 0
39806, 1188836, 1, 0
40083, 1187117, 0, 0
40083, 1150185, 1, 0
40263, 1242212, 0, 0
40589, 1333932, 0, 0
40589, 1290069, 1, 0
40803, 1547827, 0, 0
40803, 1488608, 1, 0
41001, 1579074, 0, 0
41001, 1577241, 1, 0
41274, 1590760, 0, 0
41274, 1630983, 1, 0
41526, 1693048, 0, 0
41526, 1720254, 1, 0
41760, 1797952, 0, 0
41760, 1760369, 1, 0
42076, 1906202, 0, 0
42076, 1758107, 1, 0
42275, 2125170, 0, 0
42513, 2083778, 0, 0
42513, 2032890, 1, 0
42839, 2126701, 1, 0
43501, 2697456, 1, 0
43530, 2634634, 1, 0
43559, 2633941, 0, 0
43927, 2802685, 0, 0
44014, 2992607, 0, 0
44260, 2881229, 0, 0
44260, 2846317, 1, 0
44539, 2647599, 0, 0
44539, 2602269, 1, 0
44790, 2311029, 0, 0
44790, 2294597, 1, 0
45028, 2250452, 1, 0
45254, 1601461, 0, 0
45254, 1594543, 1, 0
45537, 1289535, 0, 0
45537, 1271004, 1, 0
45889, 1312196, 0, 0
45889, 1321274, 1, 0
46047, 1459212, 0, 0
46047, 1507545, 1, 0
46314, 1590745, 0, 0
46314, 1672026, 1, 0
46501, 1729911, 0, 0
46501, 1781819, 1, 0
46753, 1898525, 0, 0
46753, 1830582, 1, 0
47039, 1924916, 1, 0
47332, 2158803, 0, 0
47501, 2275421, 0, 0
47501, 2191527, 1, 0
47762, 2243503, 0, 0
47762, 2230270, 1, 0
48027, 2331611, 0, 0
48027, 2323703, 1, 0
48306, 2130656, 1, 0
49204, 2167330, 1, 0
49287, 2666398, 0, 0
49315, 2562352, 1, 0
49341, 2421012, 1, 0
49513, 2110068, 0, 0
49513, 2165589, 1, 0
49771, 2094690, 0, 0
49771, 2066164, 1, 0
50077, 1990078, 0, 0
50077, 1990117, 1, 0
50304, 1975485, 0, 0
50304, 1861183, 1, 0
50528, 1312983, 0, 0
50528, 1153405, 1, 0
50837, 1173322, 0, 0
50837, 1294320, 1, 0
51013, 1470923, 0, 0
51280, 1609488, 0, 0
51280, 1597143, 1, 0
51560, 1674766, 0, 0
51560, 1609264, 1, 0
51766, 1674912, 0, 0
51766, 1663310, 1, 0
52008, 1777564, 0, 0
52008, 1803349, 1, 0
52277, 1842943, 0, 0
52277, 1794795, 1, 0
52615, 1892127, 0, 0
52615, 1930380, 1, 0
52754, 1847566, 1, 0
53019, 1573874, 0, 0
53019, 1557298, 1, 0
53358, 1515817, 0, 0
53358, 1616849, 1, 0
53538, 1652180, 0, 0
53538, 1665105, 1, 0
53784, 1713991, 0, 0
53784, 1670587, 1, 0
54680, 1797704, 0, 0
54680, 2097733, 1, 0
54917, 2615250, 0, 0
54944, 2582325, 1, 0
54989, 2604027, 0, 0
55132, 2656520, 1, 0
55280, 2549955, 0, 0
55280, 2530374, 1, 0
55507, 2494211, 0, 0
55507, 2474011, 1, 0
55803, 2505197, 0, 0
55803, 2351182, 1, 0
56051, 2060802, 0, 0
56051, 1905915, 1, 0
56267, 1234823, 0, 0
56267, 1167500, 1, 0
56563, 1082944, 0, 0
56563, 1141703, 1, 0
56758, 1336441, 0, 0
57009, 1517276, 0, 0
57315, 1807577, 0, 0
57315, 1653847, 1, 0
57515, 1811835, 0, 0
57515, 1798123, 1, 0
57831, 1879701, 0, 0
57831, 1835855, 1, 0
58005, 2040057, 0, 0
58252, 2142841, 0, 0
58252, 2133991, 1, 0
58541, 2183303, 0, 0
58541, 2092934, 1, 0
58767, 2346663, 0, 0
58767, 2386907, 1, 0
59034, 2322172, 1, 0
59262, 2483796, 0, 0
59262, 2400824, 1, 0
59503, 2077196, 0, 0
59503, 2172258, 1, 0
59772, 2198975, 0, 0
59772, 2133231, 1, 0
60653, 2507820, 0, 0
60653, 2195129, 1, 0
60653, 2648248, 1, 0
60653, 2511597, 1, 0
60653, 1576015, 0, 0
60653, 1442275, 1, 0
1674, 1641686, 0, 0
1727, 1645815, 1, 0
1782, 1657955, 1, 0
1804, 1652443, 0, 0
1859, 1666698, 1, 0
1913, 1680135, 1, 0
1954, 1682513, 1, 0
2004, 1712316, 0, 0
2257, 1683346, 0, 0
2257, 1700839, 1, 0
2527, 1690120, 0, 0
2527, 1595707, 1, 0
2793, 1476581, 0, 0
2793, 1480136, 1, 0
3068, 1323946, 0, 0
3068, 1166614, 1, 0
3305, 1222355, 0, 0
3305, 1204657, 1, 0
3636, 1334472, 0, 0
3636, 1218252, 1, 0
4273, 1989844, 0, 0
4273, 1398918, 1, 0
4302, 1990888, 0, 0
4329, 1992062, 0, 0
4522, 1981793, 0, 0
4522, 1966143, 1, 0
4775, 1998043, 0, 0
4775, 1957020, 1, 0
5015, 2026222, 0, 0
5015, 1884193, 1, 0
5285, 1902370, 0, 0
5285, 1873305, 1, 0
5507, 1861253, 0, 0
5507, 1500109, 1, 0
5773, 1276714, 0, 0
6012, 1303112, 0, 0
6012, 1307619, 1, 0
6254, 1289626, 0, 0
6254, 1255212, 1, 0
6549, 1377847, 0, 0
6549, 1304614, 1, 0
6953, 1787871, 0, 0
7072, 1849886, 1, 0
7259, 1810116, 1, 0
7554, 1796773, 0, 0
7554, 1778629, 1, 0
7789, 1781535, 0, 0
7789, 1773003, 1, 0
8034, 1815905, 0, 0
8034, 1781154, 1, 0
8351, 1877183, 0, 0
8351, 1836424, 1, 0
8715, 1561347, 0, 0
8715, 1527450, 1, 0
8773, 1526310, 1, 0
9028, 1473547, 0, 0
9028, 1439897, 1, 0
9854, 2248832, 0, 0
9901, 2244305, 1, 0
9934, 2248193, 0, 0
10010, 2228444, 1, 0
10274, 2222691, 0, 0
10274, 2210045, 1, 0
10514, 2123323, 0, 0
10514, 2086659, 1, 0
10772, 1938058, 0, 0
10772, 1850256, 1, 0
11028, 1956488, 0, 0
11028, 1530961, 1, 0
11275, 1127144, 0, 0
11275, 1119035, 1, 0
11516, 1222366, 0, 0
11516, 1257697, 1, 0
11773, 1342593, 0, 0
11773, 1258079, 1, 0
12012, 1429915, 0, 0
12012, 1497384, 1, 0
12344, 1804081, 0, 0
12550, 1831936, 0, 0
12550, 1884525, 1, 0
12776, 1854674, 0, 0
12776, 1857361, 1, 0
13094, 2006763, 0, 0
13094, 2017453, 1, 0
13254, 2148905, 0, 0
13254, 2073967, 1, 0
13520, 2091129, 0, 0
13520, 2089452, 1, 0
13762, 2052146, 0, 0
13762, 1927377, 1, 0
14017, 2068620, 0, 0
14017, 2019633, 1, 0
14306, 2025585, 0, 0
14306, 1854813, 1, 0
14508, 1934373, 0, 0
14508, 1881138, 1, 0
14766, 2076176, 0, 0
14766, 2020236, 1, 0
15363, 2532271, 1, 0
15503, 2519319, 1, 0
15527, 2432638, 1, 0
15775, 2412045, 0, 0
15775, 2358223, 1, 0
16019, 2364630, 0, 0
16019, 2310056, 1, 0
16258, 2058961, 0, 0
16258, 1959040, 1, 0
16508, 1634861, 0, 0
16508, 1377728, 1, 0
16794, 1139787, 0, 0
16794, 1130748, 1, 0
17078, 1206477, 0, 0
17078, 1198767, 1, 0
17339, 1513767, 0, 0
17577, 1580902, 0, 0
17577, 1479278, 1, 0
17771, 1696615, 0, 0
17771, 1658741, 1, 0
18011, 1786599, 0, 0
18011, 1689006, 1, 0
18259, 1869013, 0, 0
18682, 2018193, 0, 0
18682, 2055307, 1, 0
18767, 2131782, 1, 0
19128, 2223856, 0, 0
19128, 2098485, 1, 0
19294, 2386813, 0, 0
19294, 2354311, 1, 0
19584, 2489461, 0, 0
19584, 2505705, 1, 0
19757, 2378226, 0, 0
19757, 2375461, 1, 0
20007, 2168483, 0, 0
20007, 2131616, 1, 0
20279, 2068484, 0, 0
20279, 2030950, 1, 0
21164, 2882290, 0, 0
21164, 2163847, 1, 0
21186, 2787095, 1, 0
21278, 2779042, 1, 0
21301, 2619032, 1, 0
21505, 2630404, 0, 0
21505, 2645329, 1, 0
21750, 2320802, 1, 0
22072, 2129240, 0, 0
22261, 2220996, 0, 0
22261, 2208487, 1, 0
22829, 2383771, 0, 0
22829, 2408617, 1, 0
22892, 2469698, 1, 0
23023, 1740864, 0, 0
23023, 1726490, 1, 0
23284, 1718456, 0, 0
23284, 1680283, 1, 0
23503, 1739770, 0, 0
23503, 1761491, 1, 0
23765, 1866215, 1, 0
24046, 1992108, 0, 0
24046, 1991855, 1, 0
24382, 2195805, 1, 0
24552, 2246257, 0, 0
24552, 2311553, 1, 0
24820, 2396091, 0, 0
24820, 2287006, 1, 0
25095, 2310467, 0, 0
25095, 2126931, 1, 0
25309, 2205504, 0, 0
25309, 2285565, 1, 0
25544, 2332912, 0, 0
25544, 2321735, 1, 0
26008, 2538782, 1, 0
26035, 2627743, 1, 0
26765, 2637525, 0, 0
26765, 2723566, 1, 0
26818, 3032698, 0, 0
26872, 2946108, 1, 0
27007, 2748819, 1, 0
27288, 2639447, 0, 0
27288, 2583942, 1, 0
27514, 2399051, 0, 0
27514, 2405367, 1, 0
27885, 2346967, 0, 0
27885, 2240163, 1, 0
28126, 2582270, 1, 0
28294, 2354049, 0, 0
28294, 2340390, 1, 0
28526, 2375131, 0, 0
28526, 2339167, 1, 0
28780, 2137596, 0, 0
28780, 1825425, 1, 0
29133, 1842072, 0, 0
29133, 1843879, 1, 0
29272, 1913492, 0, 0
29272, 1924816, 1, 0
29610, 1887494, 0, 0
29610, 1914664, 1, 0
29789, 1940706, 1, 0
30042, 1845906, 0, 0
30042, 1780771, 1, 0
30385, 1819288, 1, 0
30623, 1982171, 0, 0
30623, 1850218, 1, 0
30777, 2018681, 0, 0
31063, 2171621, 0, 0
31063, 2117586, 1, 0
31260, 2162975, 0, 0
31260, 2083408, 1, 0
31506, 2077288, 0, 0
32319, 2274957, 0, 0
32319, 2476024, 1, 0
32371, 2690739, 1, 0
32400, 2611353, 1, 0
32551, 2559217, 0, 0
32551, 2522346, 1, 0
32793, 2429244, 0, 0
32793, 2382964, 1, 0
33033, 2239935, 0, 0
33033, 2176249, 1, 0
33502, 2065846, 0, 0
33502, 2156187, 1, 0
33542, 2281858, 0, 0
33780, 2307582, 0, 0
33780, 2215960, 1, 0
34006, 1867295, 0, 0
34006, 1704882, 1, 0
34255, 1545125, 0, 0
34255, 1531234, 1, 0
34566, 1512473, 0, 0
34566, 1484125, 1, 0
34807, 1572159, 0, 0
34807, 1485502, 1, 0
35001, 1339717, 0, 0
35001, 1341470, 1, 0
35326, 1362797, 0, 0
35326, 1434385, 1, 0
35598, 1619649, 0, 0
35864, 1857168, 0, 0
35864, 1754774, 1, 0
36023, 1962646, 0, 0
36252, 2014402, 1, 0
36555, 2123112, 0, 0
36555, 2125000, 1, 0
36866, 2369870, 0, 0
37016, 2473653, 0, 0
37016, 2431065, 1, 0
37852, 2397776, 0, 0
37852, 2521716, 1, 0
37879, 2918778, 0, 0
37904, 2922503, 0, 0
38024, 3023139, 0, 0
38272, 2973189, 0, 0
38272, 2935905, 1, 0
38507, 2375874, 0, 0
38507, 2530475, 1, 0
38771, 2326617, 0, 0
38771, 2273558, 1, 0
39004, 1928858, 0, 0
39004, 2031385, 1, 0
39282, 1523590, 0, 0
39282, 1591510, 1, 0
39519, 1201908, 0, 0
39519, 1191323, 1, 0
39817, 1284253, 0, 0
39817, 1218188, 1, 0
40051, 1347447, 0, 0
40051, 1251035, 1, 0
40279, 1455877, 0, 0
40279, 1391728, 1, 0
40534, 1542850, 0, 0
40534, 1535839, 1, 0
40810, 1524217, 0, 0
40810, 1536551, 1, 0
41116, 1742375, 0, 0
41116, 1658535, 1, 0
41251, 1786732, 0, 0
41251, 1801615, 1, 0
41508, 1953261, 0, 0
41508, 1860444, 1, 0
41832, 1810913, 0, 0
41832, 1728300, 1, 0
42150, 1644434, 0, 0
42150, 1585207, 1, 0
42299, 1818607, 0, 0
42516, 1732649, 0, 0
42516, 1678533, 1, 0
42783, 1567877, 0, 0
42783, 1425626, 1, 0
43504, 1728064, 0, 0
43504, 1482812, 1, 0
43531, 2051368, 0, 0
43559, 2051615, 0, 0
43860, 2145788, 0, 0
43860, 2014147, 1, 0
44016, 2276522, 0, 0
44016, 2319246, 1, 0
44258, 2237827, 0, 0
44258, 2104418, 1, 0
44531, 1986341, 0, 0
44531, 1979015, 1, 0
44775, 1938449, 0, 0
44775, 1884817, 1, 0
45019, 1487982, 0, 0
45019, 1491456, 1, 0
45272, 1495874, 0, 0
45272, 1329341, 1, 0
45520, 1313619, 0, 0
45520, 1302194, 1, 0
45891, 1346072, 0, 0
45891, 1397390, 1, 0
46054, 1501844, 0, 0
46054, 1513184, 1, 0
46293, 1558107, 0, 0
46293, 1580197, 1, 0
46530, 1641446, 0, 0
46530, 1550572, 1, 0
46894, 1538819, 0, 0
46894, 1477079, 1, 0
47170, 1829235, 0, 0
47170, 1654880, 1, 0
47274, 1907675, 0, 0
47557, 1974344, 0, 0
47557, 1957183, 1, 0
47761, 2031659, 0, 0
47761, 1929825, 1, 0
48014, 1985164, 0, 0
48014, 1960871, 1, 0
48268, 1948501, 0, 0
48268, 1840954, 1, 0
49142, 1734560, 0, 0
49142, 1822526, 1, 0
49164, 1993506, 1, 0
49283, 2009412, 1, 0
49308, 1934590, 1, 0
49522, 1987884, 0, 0
49522, 1965131, 1, 0
49759, 1966274, 0, 0
49759, 1861820, 1, 0
50064, 1851380, 0, 0
50064, 1857755, 1, 0
50292, 1948127, 0, 0
50526, 2071496, 0, 0
50526, 2055356, 1, 0
50759, 1792050, 0, 0
50759, 1470645, 1, 0
51054, 1577663, 0, 0
51054, 1694675, 1, 0
51298, 1841802, 1, 0
51500, 1847997, 0, 0
51500, 1923832, 1, 0
51802, 1971260, 0, 0
51802, 1950880, 1, 0
52034, 1945185, 0, 0
52034, 1977006, 1, 0
52279, 2009711, 0, 0
52279, 1982439, 1, 0
52536, 1964616, 0, 0
52536, 1957241, 1, 0
52763, 2089576, 0, 0
53005, 2052033, 1, 0
53260, 1937521, 0, 0
53260, 1821664, 1, 0
53551, 1963632, 1, 0
53796, 2057039, 0, 0
53796, 2080958, 1, 0
54679, 2180350, 0, 0
54679, 2876357, 1, 0
54699, 2872640, 0, 0
54918, 3007238, 1, 0
54945, 2910205, 1, 0
55110, 2962760, 0, 0
55110, 2843209, 1, 0
55287, 2934486, 0, 0
55287, 2882924, 1, 0
55505, 2907866, 0, 0
55505, 2748538, 1, 0
55750, 2576641, 0, 0
55750, 2417845, 1, 0
56049, 2193486, 0, 0
56049, 2183803, 1, 0
56264, 1312309, 0, 0
56264, 1273147, 1, 0
56591, 1231679, 0, 0
56813, 1376412, 1, 0
57101, 1575210, 0, 0
57101, 1424592, 1, 0
57310, 1612498, 0, 0
57310, 1678790, 1, 0
57514, 1749170, 0, 0
57514, 1720763, 1, 0
57860, 1766563, 0, 0
57860, 1789015, 1, 0
58080, 2030961, 1, 0
58291, 2055133, 0, 0
58291, 2009529, 1, 0
58521, 2077818, 0, 0
58521, 2192448, 1, 0
58776, 2101213, 0, 0
58776, 2111821, 1, 0
59133, 2240654, 0, 0
59133, 2319921, 1, 0
59262, 2320414, 0, 0
59262, 2193415, 1, 0
59576, 2273384, 0, 0
59576, 2265839, 1, 0
59863, 2353833, 0, 0
59863, 2325020, 1, 0
60654, 2432482, 0, 0
60654, 3140359, 1, 0
60654, 3111636, 0, 0
60654, 3075945, 0, 0
60654, 1857805, 0, 0
60654, 1812966, 1, 0
