4037, 4034467, 1, 0
4040, 4004175, 1, 0
4044, 3229352, 1, 0
4047, 3183684, 1, 0
4051, 2099843, 1, 0
4056, 655387, 1, 0
4060, 354113, 1, 0
4064, 353943, 1, 0
4068, 350994, 1, 0
4077, 351613, 1, 0
4090, 360264, 1, 0
4093, 360732, 1, 0
4098, 361304, 1, 0
4101, 361650, 1, 0
4105, 361777, 1, 0
4110, 362584, 1, 0
4253, 171307, 1, 0
4502, 148180, 1, 0
4764, 157816, 1, 0
5002, 259588, 1, 0
5252, 119564, 1, 0
5500, 122633, 1, 0
5751, 123083, 1, 0
6002, 119979, 1, 0
6252, 118883, 1, 0
6501, 119548, 1, 0
6752, 118430, 1, 0
7003, 117676, 1, 0
7252, 115824, 1, 0
7508, 117039, 1, 0
8169, 455796, 1, 0
8471, 1080190, 1, 0
8475, 1081007, 1, 0
8586, 1188348, 1, 0
9495, 1224074, 1, 0
9891, 2401233, 1, 0
9894, 2401468, 1, 0
9898, 2389562, 1, 0
9902, 2390055, 1, 0
10257, 2088396, 1, 0
10263, 1792202, 1, 0
10503, 1293142, 1, 0
11025, 125546, 1, 0
11029, 504288, 1, 0
11252, 308361, 1, 0
11500, 115274, 1, 0
11750, 117645, 1, 0
12000, 118279, 1, 0
12252, 117253, 1, 0
12500, 121436, 1, 0
12752, 118188, 1, 0
13003, 126324, 1, 0
13251, 132141, 1, 0
13501, 116199, 1, 0
14503, 155958, 1, 0
15516, 2036934, 1, 0
15569, 2085736, 1, 0
16058, 2570854, 1, 0
16152, 2661620, 1, 0
16156, 2662444, 1, 0
16161, 2663929, 1, 0
16166, 2664527, 1, 0
16176, 2670771, 1, 0
16179, 2670573, 1, 0
16323, 2690565, 1, 0
16501, 1027125, 1, 0
17155, 162545, 1, 0
17160, 724083, 1, 0
17251, 726625, 1, 0
17503, 150739, 1, 0
17750, 119580, 1, 0
18001, 133978, 1, 0
18252, 118324, 1, 0
18502, 120721, 1, 0
18752, 120254, 1, 0
19002, 116769, 1, 0
19253, 120803, 1, 0
19936, 164023, 1, 0
19940, 735185, 1, 0
20467, 1258400, 1, 0
20471, 1258774, 1, 0
20614, 1326293, 1, 0
20920, 1693222, 1, 0
21061, 1765962, 1, 0
21609, 1922169, 1, 0
22029, 2764814, 1, 0
22060, 2792172, 1, 0
22065, 2793456, 1, 0
22431, 2849657, 1, 0
22500, 2539480, 1, 0
22752, 312137, 1, 0
23010, 117293, 1, 0
23252, 131391, 1, 0
23501, 117120, 1, 0
23753, 118409, 1, 0
24000, 117638, 1, 0
24250, 117676, 1, 0
24500, 119773, 1, 0
25061, 189073, 1, 0
25065, 645986, 1, 0
25251, 409732, 1, 0
25765, 123727, 1, 0
25770, 494478, 1, 0
27091, 359425, 1, 0
27355, 1515071, 1, 0
27618, 1774935, 1, 0
27628, 1780050, 1, 0
27638, 1786476, 1, 0
27642, 1786392, 1, 0
27645, 1786921, 1, 0
27751, 1488499, 1, 0
28504, 231115, 1, 0
28508, 841781, 1, 0
28511, 842097, 1, 0
28752, 403979, 1, 0
29002, 110151, 1, 0
29252, 113658, 1, 0
29503, 126543, 1, 0
29765, 120963, 1, 0
30000, 154200, 1, 0
30250, 119187, 1, 0
31089, 169693, 1, 0
31093, 902174, 1, 0
31097, 902678, 1, 0
31250, 703871, 1, 0
31694, 173042, 1, 0
31751, 537396, 1, 0
33010, 274907, 1, 0
33135, 1317622, 1, 0
33145, 1324081, 1, 0
33159, 1334133, 1, 0
33191, 1361981, 1, 0
33252, 1360481, 1, 0
33743, 1600023, 1, 0
33751, 1842790, 1, 0
34001, 423191, 1, 0
34252, 120082, 1, 0
34503, 118638, 1, 0
34776, 118409, 1, 0
35003, 193174, 1, 0
35484, 134665, 1, 0
35503, 510206, 1, 0
35757, 277265, 1, 0
36001, 165177, 1, 0
36251, 120484, 1, 0
36500, 163412, 1, 0
36807, 188961, 1, 0
37001, 287650, 1, 0
37252, 122814, 1, 0
38348, 275714, 1, 0
38352, 1192401, 1, 0
38751, 1587893, 1, 0
39298, 2131265, 1, 0
39302, 2131142, 1, 0
39306, 2131508, 1, 0
39310, 2131463, 1, 0
39314, 2131237, 1, 0
39501, 1133919, 1, 0
39751, 116500, 1, 0
40003, 118381, 1, 0
40784, 155955, 1, 0
40788, 823180, 1, 0
40792, 823017, 1, 0
41106, 870938, 1, 0
41473, 1202183, 1, 0
41790, 1621496, 1, 0
41794, 1776723, 1, 0
42003, 773894, 1, 0
42252, 115996, 1, 0
42503, 114351, 1, 0
42751, 110419, 1, 0
43015, 112358, 1, 0
43795, 222818, 1, 0
44300, 1376663, 1, 0
44469, 1542741, 1, 0
44791, 1861054, 1, 0
44795, 1861260, 1, 0
44799, 1860977, 1, 0
44804, 1862273, 1, 0
45001, 932003, 1, 0
45251, 113133, 1, 0
45501, 118149, 1, 0
45753, 119690, 1, 0
46317, 168037, 1, 0
46325, 641599, 1, 0
46709, 587117, 1, 0
47016, 661490, 1, 0
47139, 780286, 1, 0
47251, 771996, 1, 0
47502, 117978, 1, 0
47751, 119233, 1, 0
48001, 117716, 1, 0
48251, 117713, 1, 0
48501, 117309, 1, 0
48753, 119610, 1, 0
49001, 126541, 1, 0
49318, 131333, 1, 0
49923, 934631, 1, 0
49991, 998000, 1, 0
50001, 999375, 1, 0
50252, 484776, 1, 0
50502, 121969, 1, 0
50806, 117068, 1, 0
51000, 287286, 1, 0
51620, 508274, 1, 0
51875, 1212868, 1, 0
51985, 1318840, 1, 0
52001, 1220306, 1, 0
52251, 585054, 1, 0
52502, 118801, 1, 0
52818, 200903, 1, 0
53003, 199143, 1, 0
53252, 115325, 1, 0
53500, 114643, 1, 0
53750, 117777, 1, 0
54003, 122682, 1, 0
54252, 112542, 1, 0
54502, 113850, 1, 0
54753, 116197, 1, 0
55007, 122376, 1, 0
55502, 630590, 1, 0
56273, 1398170, 1, 0
56367, 1489375, 1, 0
56372, 1490147, 1, 0
56376, 1489692, 1, 0
56503, 1190029, 1, 0
57236, 157493, 1, 0
57543, 1014500, 1, 0
57549, 1017020, 1, 0
57639, 1071854, 1, 0
57906, 1080508, 1, 0
58073, 1348694, 1, 0
58250, 405738, 1, 0
58501, 121781, 1, 0
58753, 191580, 1, 0
59000, 154422, 1, 0
59250, 117546, 1, 0
59501, 116982, 1, 0
59751, 119469, 1, 0
60001, 115844, 1, 0
60001, 57495, 1, 0
