8907, 8905400, 1, 0
9184, 8874711, 1, 0
9440, 8827920, 1, 0
9670, 8757230, 1, 0
10186, 8955156, 1, 0
10424, 8984111, 1, 0
10690, 8853095, 1, 0
11181, 9018322, 1, 0
11452, 8921432, 1, 0
11673, 8909426, 1, 0
11921, 8953079, 1, 0
12186, 8927756, 1, 0
12413, 8921789, 1, 0
12670, 8901017, 1, 0
13195, 9145517, 1, 0
13431, 9112376, 1, 0
13685, 9152966, 1, 0
13950, 9179715, 1, 0
14246, 9266707, 1, 0
14500, 9109680, 1, 0
14759, 9118285, 1, 0
15079, 9230567, 1, 0
15327, 9242019, 1, 0
15599, 9170583, 1, 0
15839, 9168383, 1, 0
16079, 9105393, 1, 0
16330, 9141087, 1, 0
16552, 9109120, 1, 0
16759, 9094718, 1, 0
17072, 9157535, 1, 0
17324, 8879279, 1, 0
17607, 8935513, 1, 0
17868, 8960333, 1, 0
18152, 8968349, 1, 0
18406, 8966110, 1, 0
18660, 8990341, 1, 0
18918, 8731204, 1, 0
19168, 8743921, 1, 0
19417, 8726196, 1, 0
19648, 8467125, 1, 0
19979, 8527067, 1, 0
20239, 8566011, 1, 0
20497, 8576376, 1, 0
20721, 8534902, 1, 0
20958, 8544080, 1, 0
21181, 8510950, 1, 0
21419, 8223390, 1, 0
21673, 8241939, 1, 0
21893, 8207914, 1, 0
22133, 8182306, 1, 0
22429, 8182991, 1, 0
22730, 8229434, 1, 0
22998, 8239210, 1, 0
23253, 8174215, 1, 0
23518, 8191639, 1, 0
23770, 8171576, 1, 0
24026, 8187097, 1, 0
24265, 8186657, 1, 0
24522, 8192062, 1, 0
24757, 8205056, 1, 0
24984, 8225322, 1, 0
25237, 8165080, 1, 0
25480, 8155606, 1, 0
25766, 8158927, 1, 0
26163, 8295666, 1, 0
26384, 8232065, 1, 0
26640, 8234529, 1, 0
26877, 8216781, 1, 0
27104, 8186291, 1, 0
27349, 8181032, 1, 0
27616, 8198957, 1, 0
27854, 8206404, 1, 0
28080, 8100380, 1, 0
28313, 8073741, 1, 0
28701, 8203588, 1, 0
28998, 8277709, 1, 0
29271, 8313596, 1, 0
29454, 8273326, 1, 0
29830, 8411155, 1, 0
30087, 8413999, 1, 0
30374, 8481349, 1, 0
30623, 8490022, 1, 0
30841, 8412499, 1, 0
31117, 8387504, 1, 0
31378, 8380065, 1, 0
32141, 8888300, 1, 0
32544, 9025264, 1, 0
32951, 9180195, 1, 0
33205, 9178267, 1, 0
33904, 9638496, 1, 0
34368, 9845580, 1, 0
34614, 9857160, 1, 0
34970, 9985104, 1, 0
35301, 10064053, 1, 0
35930, 10449907, 1, 0
36299, 10533181, 1, 0
36529, 10365332, 1, 0
36859, 10474336, 1, 0
37126, 10486131, 1, 0
37686, 10809164, 1, 0
37911, 10806901, 1, 0
38129, 10780598, 1, 0
38370, 10754116, 1, 0
38598, 10744032, 1, 0
38811, 10730653, 1, 0
39045, 10732137, 1, 0
39263, 10562191, 1, 0
39453, 10454775, 1, 0
39697, 10425402, 1, 0
39906, 10452465, 1, 0
40154, 10324031, 1, 0
40483, 10395506, 1, 0
40878, 10503830, 1, 0
41150, 10527057, 1, 0
41388, 10547233, 1, 0
41712, 10594232, 1, 0
41930, 10551784, 1, 0
42165, 10024309, 1, 0
42391, 9846973, 1, 0
42858, 9906867, 1, 0
43154, 9949053, 1, 0
43688, 9784335, 1, 0
43926, 9557986, 1, 0
44154, 9540058, 1, 0
44482, 9511931, 1, 0
44728, 9426355, 1, 0
45010, 9079986, 1, 0
45241, 8941893, 1, 0
45759, 9229824, 1, 0
46071, 9212427, 1, 0
46302, 9175670, 1, 0
46599, 8913308, 1, 0
46820, 8909029, 1, 0
47048, 8918129, 1, 0
47563, 9192848, 1, 0
47795, 9196676, 1, 0
48031, 9220684, 1, 0
48563, 9517503, 1, 0
48847, 9583998, 1, 0
49067, 9613506, 1, 0
49371, 9674034, 1, 0
49577, 9671047, 1, 0
49827, 9672866, 1, 0
50062, 9578994, 1, 0
50624, 9745467, 1, 0
50868, 9718631, 1, 0
51088, 9699287, 1, 0
51330, 9618721, 1, 0
51535, 9604968, 1, 0
51765, 9599889, 1, 0
51994, 9603171, 1, 0
52239, 9381806, 1, 0
52605, 9451271, 1, 0
52843, 9154762, 1, 0
53081, 9155015, 1, 0
53416, 9262076, 1, 0
53682, 9200036, 1, 0
53898, 9170892, 1, 0
54165, 9154939, 1, 0
54400, 9159358, 1, 0
54661, 8902588, 1, 0
54902, 8831062, 1, 0
55408, 9106268, 1, 0
55645, 9045707, 1, 0
55870, 9050548, 1, 0
56230, 9182288, 1, 0
56610, 9046915, 1, 0
56834, 9038785, 1, 0
57130, 9098827, 1, 0
57351, 8788026, 1, 0
57595, 8747454, 1, 0
57844, 8776833, 1, 0
58083, 8712050, 1, 0
58319, 8742022, 1, 0
58545, 8718179, 1, 0
58793, 8731544, 1, 0
59042, 8417925, 1, 0
59430, 8561467, 1, 0
59660, 8572410, 1, 0
59887, 8556276, 1, 0
60111, 8576246, 1, 0
60111, 8345729, 1, 0
60111, 8117122, 1, 0
60111, 7871718, 1, 0
60111, 7506098, 1, 0
60111, 7268064, 1, 0
60111, 7030458, 1, 0
60111, 6695009, 1, 0
60111, 6429461, 1, 0
60111, 6212633, 1, 0
60111, 5946536, 1, 0
60111, 5710742, 1, 0
60111, 5449836, 1, 0
60111, 5208939, 1, 0
60111, 4702619, 1, 0
60111, 4466095, 1, 0
60111, 4240725, 1, 0
60111, 3881142, 1, 0
60111, 3501516, 1, 0
60111, 3277106, 1, 0
60111, 2980984, 1, 0
60111, 2760249, 1, 0
60111, 2516464, 1, 0
60111, 2267464, 1, 0
60111, 2028331, 1, 0
60111, 1791600, 1, 0
60111, 1566043, 1, 0
60111, 1317753, 1, 0
60111, 1069544, 1, 0
60111, 681300, 1, 0
60111, 450867, 1, 0
60111, 224538, 1, 0
8262, 8259633, 1, 0
8511, 8198733, 1, 0
8751, 8189881, 1, 0
9025, 8175851, 1, 0
9286, 8243310, 1, 0
9506, 8202263, 1, 0
9730, 8199049, 1, 0
10270, 8521325, 1, 0
10519, 8583429, 1, 0
10754, 8372888, 1, 0
11254, 8632473, 1, 0
11479, 8635305, 1, 0
11740, 8608458, 1, 0
11970, 8620845, 1, 0
12226, 8623805, 1, 0
12444, 8591145, 1, 0
12666, 8586098, 1, 0
13199, 8850640, 1, 0
13436, 8843169, 1, 0
13690, 8864861, 1, 0
14006, 8971730, 1, 0
14312, 9034187, 1, 0
14558, 9055963, 1, 0
14841, 9091082, 1, 0
15082, 9096899, 1, 0
15309, 9014260, 1, 0
15557, 9005896, 1, 0
15781, 8985336, 1, 0
16021, 8964368, 1, 0
16245, 8938642, 1, 0
16472, 8958778, 1, 0
16692, 8939341, 1, 0
16934, 8671379, 1, 0
17245, 8733681, 1, 0
17551, 8799633, 1, 0
17808, 8783497, 1, 0
18087, 8801161, 1, 0
18330, 8823961, 1, 0
18556, 8826005, 1, 0
18801, 8531111, 1, 0
19036, 8517614, 1, 0
19252, 8498003, 1, 0
19479, 8225052, 1, 0
19736, 8257588, 1, 0
20042, 8302196, 1, 0
20318, 8347750, 1, 0
20586, 8360021, 1, 0
20813, 8368811, 1, 0
21070, 8404222, 1, 0
21294, 8095293, 1, 0
21531, 8094725, 1, 0
21770, 8079791, 1, 0
22014, 8008974, 1, 0
22296, 7984481, 1, 0
22500, 7941548, 1, 0
22761, 7919874, 1, 0
23066, 7983967, 1, 0
23351, 8041730, 1, 0
23547, 7989502, 1, 0
23776, 7994859, 1, 0
24068, 8047204, 1, 0
24293, 8048270, 1, 0
24555, 8082616, 1, 0
24845, 8152153, 1, 0
25101, 8167345, 1, 0
25355, 8110400, 1, 0
25601, 8050499, 1, 0
25932, 8123694, 1, 0
26192, 8105542, 1, 0
26417, 8087059, 1, 0
26646, 8089707, 1, 0
26910, 8109343, 1, 0
27145, 8108887, 1, 0
27382, 8129697, 1, 0
27667, 8188105, 1, 0
27885, 8148259, 1, 0
28113, 8071092, 1, 0
28345, 8027483, 1, 0
28720, 8134056, 1, 0
29003, 8189994, 1, 0
29245, 8174875, 1, 0
29457, 8162576, 1, 0
29834, 8303043, 1, 0
30092, 8321960, 1, 0
30386, 8371360, 1, 0
30628, 8332100, 1, 0
30899, 8399612, 1, 0
31184, 8422584, 1, 0
31407, 8341310, 1, 0
32289, 8938471, 1, 0
32588, 9041735, 1, 0
32953, 9177657, 1, 0
33170, 9101596, 1, 0
33401, 9108341, 1, 0
34306, 9751638, 1, 0
34546, 9700961, 1, 0
34801, 9700101, 1, 0
35039, 9683452, 1, 0
35530, 9928807, 1, 0
36089, 10156834, 1, 0
36364, 10171264, 1, 0
36664, 10247427, 1, 0
37017, 10371769, 1, 0
37515, 10605251, 1, 0
37831, 10685588, 1, 0
38046, 10664419, 1, 0
38278, 10610881, 1, 0
38516, 10631489, 1, 0
38732, 10618446, 1, 0
38962, 10616978, 1, 0
39293, 10573320, 1, 0
39784, 10780379, 1, 0
40000, 10755246, 1, 0
40249, 10791790, 1, 0
40489, 10654404, 1, 0
40882, 10790853, 1, 0
41122, 10735974, 1, 0
41425, 10796094, 1, 0
41744, 10844366, 1, 0
42013, 10829221, 1, 0
42249, 10841969, 1, 0
42624, 10334273, 1, 0
42805, 10216936, 1, 0
43111, 10157716, 1, 0
43693, 10523350, 1, 0
43930, 10529085, 1, 0
44159, 9852389, 1, 0
44455, 9909755, 1, 0
44676, 9874969, 1, 0
44927, 9887852, 1, 0
45185, 9654811, 1, 0
45682, 9592752, 1, 0
45982, 9618277, 1, 0
46228, 9563226, 1, 0
46462, 9444610, 1, 0
46709, 9193251, 1, 0
46941, 9110578, 1, 0
47213, 9167253, 1, 0
47704, 9425970, 1, 0
47974, 9457293, 1, 0
48204, 9471652, 1, 0
48728, 9766247, 1, 0
48979, 9685739, 1, 0
49191, 9407477, 1, 0
49489, 9488574, 1, 0
49752, 9502718, 1, 0
50037, 9548541, 1, 0
50566, 9683920, 1, 0
50820, 9698586, 1, 0
51049, 9624869, 1, 0
51273, 9529531, 1, 0
51491, 9477594, 1, 0
51741, 9491796, 1, 0
51950, 9326363, 1, 0
52176, 9371094, 1, 0
52531, 9419402, 1, 0
52751, 9058246, 1, 0
52996, 9066154, 1, 0
53215, 9056397, 1, 0
53597, 9141587, 1, 0
53825, 9148537, 1, 0
54054, 9127026, 1, 0
54321, 9135863, 1, 0
54592, 8910310, 1, 0
54831, 8849437, 1, 0
55073, 8845751, 1, 0
55649, 9186892, 1, 0
55874, 9165330, 1, 0
56190, 9249017, 1, 0
56589, 9376043, 1, 0
56817, 9112914, 1, 0
57049, 9074959, 1, 0
57327, 9123633, 1, 0
57571, 8843110, 1, 0
57818, 8838767, 1, 0
58051, 8860441, 1, 0
58299, 8809980, 1, 0
58518, 8766800, 1, 0
58770, 8732709, 1, 0
59011, 8444139, 1, 0
59408, 8587743, 1, 0
59640, 8590857, 1, 0
59881, 8608059, 1, 0
60116, 8625263, 1, 0
60116, 8375019, 1, 0
60116, 8166185, 1, 0
60116, 7939613, 1, 0
60116, 7585583, 1, 0
60116, 7364760, 1, 0
60116, 7119692, 1, 0
60116, 6901063, 1, 0
60116, 6519137, 1, 0
60116, 6291494, 1, 0
60116, 6062526, 1, 0
60116, 5795349, 1, 0
60116, 5524175, 1, 0
60116, 5284813, 1, 0
60116, 5042625, 1, 0
60116, 4467236, 1, 0
60116, 4241988, 1, 0
60116, 3925676, 1, 0
60116, 3526619, 1, 0
60116, 3299399, 1, 0
60116, 3067504, 1, 0
60116, 2788885, 1, 0
60116, 2544700, 1, 0
60116, 2298570, 1, 0
60116, 2064599, 1, 0
60116, 1817182, 1, 0
60116, 1597690, 1, 0
60116, 1346161, 1, 0
60116, 1105553, 1, 0
60116, 707896, 1, 0
60116, 475838, 1, 0
60116, 234749, 1, 0
8698, 8696126, 1, 0
9018, 8745739, 1, 0
9280, 8723226, 1, 0
9502, 8657386, 1, 0
9726, 8522689, 1, 0
10294, 8829548, 1, 0
10537, 8832588, 1, 0
10782, 8854458, 1, 0
11297, 9081307, 1, 0
11526, 8940911, 1, 0
11777, 8962469, 1, 0
12039, 8932705, 1, 0
12310, 8990929, 1, 0
12551, 8997860, 1, 0
12804, 8999741, 1, 0
13283, 9188462, 1, 0
13522, 9177231, 1, 0
13771, 9183444, 1, 0
14139, 9318407, 1, 0
14398, 9313704, 1, 0
14628, 9209591, 1, 0
14871, 9229743, 1, 0
15103, 9227465, 1, 0
15332, 9246776, 1, 0
15554, 9125716, 1, 0
15839, 9143072, 1, 0
16103, 9130882, 1, 0
16352, 9163367, 1, 0
16581, 9136300, 1, 0
16817, 9130979, 1, 0
17206, 9236448, 1, 0
17446, 8969280, 1, 0
17673, 8975293, 1, 0
17922, 8903127, 1, 0
18191, 8910948, 1, 0
18405, 8903446, 1, 0
18627, 8900727, 1, 0
18862, 8568493, 1, 0
19091, 8553788, 1, 0
19328, 8545840, 1, 0
19594, 8296523, 1, 0
19839, 8313293, 1, 0
20180, 8402604, 1, 0
20417, 8377414, 1, 0
20640, 8330593, 1, 0
20862, 8311094, 1, 0
21123, 8318688, 1, 0
21356, 8073661, 1, 0
21619, 8096879, 1, 0
21842, 8071185, 1, 0
22068, 7929433, 1, 0
22348, 7949356, 1, 0
22628, 7999975, 1, 0
22842, 7971239, 1, 0
23119, 8015682, 1, 0
23390, 8058204, 1, 0
23608, 8054042, 1, 0
23825, 7985409, 1, 0
24064, 7960863, 1, 0
24318, 7965227, 1, 0
24585, 8004005, 1, 0
24817, 7999379, 1, 0
25035, 7828640, 1, 0
25296, 7850697, 1, 0
25537, 7863503, 1, 0
25810, 7888209, 1, 0
26131, 7939792, 1, 0
26361, 7955277, 1, 0
26583, 7955750, 1, 0
26851, 7988516, 1, 0
27104, 8012679, 1, 0
27348, 8020351, 1, 0
27616, 8022116, 1, 0
27830, 7990838, 1, 0
28080, 7900414, 1, 0
28313, 7896629, 1, 0
28538, 7898165, 1, 0
28693, 7830943, 1, 0
28970, 7846942, 1, 0
29226, 7869906, 1, 0
29428, 7808786, 1, 0
29829, 7986394, 1, 0
30087, 8018275, 1, 0
30382, 8034021, 1, 0
30624, 7996497, 1, 0
30862, 8020171, 1, 0
31113, 7993516, 1, 0
31345, 7954813, 1, 0
32141, 8533461, 1, 0
32545, 8720312, 1, 0
32911, 8846804, 1, 0
33160, 8841968, 1, 0
33397, 8811620, 1, 0
34303, 9486489, 1, 0
34510, 9474961, 1, 0
34796, 9499723, 1, 0
35067, 9530428, 1, 0
35498, 9687847, 1, 0
35957, 9826447, 1, 0
36300, 9939595, 1, 0
36553, 9970410, 1, 0
36909, 10058456, 1, 0
37186, 10081940, 1, 0
37757, 10408716, 1, 0
37991, 10374594, 1, 0
38248, 10417814, 1, 0
38482, 10402057, 1, 0
38703, 10389440, 1, 0
38957, 10419010, 1, 0
39174, 10480313, 1, 0
39684, 10714632, 1, 0
39908, 10681515, 1, 0
40154, 10726655, 1, 0
40454, 10624781, 1, 0
40843, 10756224, 1, 0
41118, 10736009, 1, 0
41351, 10727355, 1, 0
41661, 10799016, 1, 0
41875, 10761876, 1, 0
42117, 10772465, 1, 0
42317, 10176319, 1, 0
42699, 10154530, 1, 0
42917, 10006554, 1, 0
43215, 10055042, 1, 0
43747, 10350224, 1, 0
43983, 9680158, 1, 0
44206, 9696261, 1, 0
44534, 9737284, 1, 0
44837, 9769195, 1, 0
45092, 9594576, 1, 0
45633, 9675628, 1, 0
45942, 9642077, 1, 0
46194, 9640739, 1, 0
46434, 9524520, 1, 0
46706, 9519855, 1, 0
46937, 9180153, 1, 0
47195, 9204693, 1, 0
47669, 9421507, 1, 0
47940, 9457481, 1, 0
48167, 9463867, 1, 0
48724, 9766598, 1, 0
48999, 9824926, 1, 0
49304, 9620245, 1, 0
49580, 9672068, 1, 0
49852, 9697417, 1, 0
50136, 9682456, 1, 0
50674, 9831245, 1, 0
50899, 9781328, 1, 0
51161, 9809041, 1, 0
51402, 9741241, 1, 0
51623, 9748541, 1, 0
51842, 9724404, 1, 0
52053, 9735770, 1, 0
52310, 9610083, 1, 0
52664, 9746819, 1, 0
52902, 9687640, 1, 0
53132, 9384658, 1, 0
53497, 9513614, 1, 0
53734, 9528152, 1, 0
53955, 9421662, 1, 0
54232, 9395472, 1, 0
54466, 9373309, 1, 0
54730, 9097279, 1, 0
54960, 9017421, 1, 0
55513, 9319706, 1, 0
55793, 9358853, 1, 0
56036, 9329796, 1, 0
56453, 9515822, 1, 0
56690, 9494688, 1, 0
56927, 9257956, 1, 0
57191, 9251333, 1, 0
57408, 9241796, 1, 0
57653, 8928526, 1, 0
57870, 8870863, 1, 0
58112, 8807426, 1, 0
58324, 8744066, 1, 0
58582, 8729950, 1, 0
58822, 8685883, 1, 0
59098, 8423991, 1, 0
59453, 8553741, 1, 0
59691, 8530303, 1, 0
59912, 8509141, 1, 0
60135, 8512116, 1, 0
60135, 8293748, 1, 0
60135, 8082054, 1, 0
60135, 7825706, 1, 0
60135, 7470978, 1, 0
60135, 7232996, 1, 0
60135, 7003317, 1, 0
60135, 6638448, 1, 0
60135, 6401009, 1, 0
60135, 6180067, 1, 0
60135, 5903243, 1, 0
60135, 5669639, 1, 0
60135, 5404831, 1, 0
60135, 5175408, 1, 0
60135, 4621793, 1, 0
60135, 4342693, 1, 0
60135, 4099716, 1, 0
60135, 3682153, 1, 0
60135, 3445188, 1, 0
60135, 3208142, 1, 0
60135, 2944333, 1, 0
60135, 2726852, 1, 0
60135, 2482729, 1, 0
60135, 2265752, 1, 0
60135, 2023365, 1, 0
60135, 1811214, 1, 0
60135, 1553524, 1, 0
60135, 1313258, 1, 0
60135, 1036977, 1, 0
60135, 682565, 1, 0
60135, 444393, 1, 0
60135, 223651, 1, 0
8702, 8699310, 1, 0
8994, 8667896, 1, 0
9252, 8663777, 1, 0
9505, 8635603, 1, 0
9729, 8599189, 1, 0
10239, 8822073, 1, 0
10518, 8730694, 1, 0
10754, 8666746, 1, 0
11253, 8808158, 1, 0
11508, 8825293, 1, 0
11740, 8848214, 1, 0
11998, 8789820, 1, 0
12277, 8844891, 1, 0
12503, 8785028, 1, 0
12717, 8725426, 1, 0
13161, 8925580, 1, 0
13375, 8922608, 1, 0
13626, 8965135, 1, 0
13919, 9025478, 1, 0
14216, 9049166, 1, 0
14478, 9056030, 1, 0
14693, 9047550, 1, 0
14994, 9112564, 1, 0
15208, 9062337, 1, 0
15453, 8951689, 1, 0
15724, 9023057, 1, 0
15969, 8991712, 1, 0
16189, 8968511, 1, 0
16412, 8936432, 1, 0
16635, 8943891, 1, 0
16880, 8948276, 1, 0
17300, 8817527, 1, 0
17527, 8825349, 1, 0
17777, 8783691, 1, 0
18085, 8833907, 1, 0
18330, 8824883, 1, 0
18554, 8824213, 1, 0
18769, 8529512, 1, 0
19011, 8492471, 1, 0
19228, 8473262, 1, 0
19449, 8195485, 1, 0
19681, 8172835, 1, 0
20015, 8274698, 1, 0
20244, 8245408, 1, 0
20530, 8253310, 1, 0
20786, 8282508, 1, 0
21022, 8305072, 1, 0
21265, 8104284, 1, 0
21509, 8134211, 1, 0
21767, 8140270, 1, 0
22015, 8095153, 1, 0
22296, 8079758, 1, 0
22529, 8050567, 1, 0
22811, 8117803, 1, 0
23122, 8128075, 1, 0
23394, 8186324, 1, 0
23612, 8159140, 1, 0
23855, 8130973, 1, 0
24094, 8125403, 1, 0
24323, 8133993, 1, 0
24589, 8177109, 1, 0
24845, 8210394, 1, 0
25102, 8221676, 1, 0
25389, 8088743, 1, 0
25623, 8095831, 1, 0
26106, 8328097, 1, 0
26339, 8253578, 1, 0
26565, 8235496, 1, 0
26788, 8233952, 1, 0
27024, 8254781, 1, 0
27263, 8252453, 1, 0
27522, 8293804, 1, 0
27754, 8305028, 1, 0
28003, 8321483, 1, 0
28224, 8209418, 1, 0
28479, 8235413, 1, 0
28922, 8392121, 1, 0
29165, 8379019, 1, 0
29432, 8409713, 1, 0
29806, 8541042, 1, 0
30060, 8551447, 1, 0
30316, 8549743, 1, 0
30535, 8520166, 1, 0
30767, 8471243, 1, 0
30997, 8467791, 1, 0
31237, 8426513, 1, 0
31459, 8337436, 1, 0
32360, 8966432, 1, 0
32651, 9039276, 1, 0
33016, 9161658, 1, 0
33314, 9219139, 1, 0
34335, 10012767, 1, 0
34573, 9984336, 1, 0
34886, 10041080, 1, 0
35306, 10203840, 1, 0
35933, 10544135, 1, 0
36279, 10655328, 1, 0
36530, 10424080, 1, 0
36977, 10637609, 1, 0
37246, 10681169, 1, 0
37817, 11029636, 1, 0
38046, 11021890, 1, 0
38314, 11051025, 1, 0
38543, 11020927, 1, 0
38770, 11015855, 1, 0
39024, 11021197, 1, 0
39293, 11068640, 1, 0
39806, 11326524, 1, 0
40091, 11169050, 1, 0
40367, 11202134, 1, 0
40775, 11343493, 1, 0
41059, 11253027, 1, 0
41292, 11231561, 1, 0
41603, 11287093, 1, 0
41824, 11289032, 1, 0
42059, 11292236, 1, 0
42295, 11297827, 1, 0
42778, 11540633, 1, 0
43011, 11551521, 1, 0
43667, 11306653, 1, 0
43929, 11278092, 1, 0
44158, 11141802, 1, 0
44454, 11140593, 1, 0
44701, 10365954, 1, 0
44957, 10384035, 1, 0
45184, 10297838, 1, 0
45702, 10396695, 1, 0
46015, 10082420, 1, 0
46254, 9974997, 1, 0
46549, 10019443, 1, 0
46766, 9789681, 1, 0
46992, 9745524, 1, 0
47220, 9403035, 1, 0
47704, 9658397, 1, 0
47975, 9660086, 1, 0
48202, 9659742, 1, 0
48788, 10017868, 1, 0
49080, 10055495, 1, 0
49397, 10103656, 1, 0
49652, 9846716, 1, 0
49917, 9825500, 1, 0
50196, 9829137, 1, 0
50704, 9929015, 1, 0
50967, 9907913, 1, 0
51227, 9935054, 1, 0
51432, 9828332, 1, 0
51655, 9831379, 1, 0
51873, 9813713, 1, 0
52082, 9787161, 1, 0
52449, 9670987, 1, 0
52671, 9659832, 1, 0
52908, 9240560, 1, 0
53157, 9227908, 1, 0
53529, 9371285, 1, 0
53769, 9314862, 1, 0
53987, 9285319, 1, 0
54260, 9302765, 1, 0
54498, 9313539, 1, 0
54782, 9079486, 1, 0
55014, 8998582, 1, 0
55571, 9317128, 1, 0
55793, 9243776, 1, 0
56039, 9272928, 1, 0
56458, 9465763, 1, 0
56666, 9445669, 1, 0
56933, 9228420, 1, 0
57196, 9220991, 1, 0
57413, 9210299, 1, 0
57671, 8882908, 1, 0
57903, 8823813, 1, 0
58145, 8748820, 1, 0
58378, 8725132, 1, 0
58655, 8737933, 1, 0
58921, 8724590, 1, 0
59186, 8481769, 1, 0
59511, 8544338, 1, 0
59782, 8554699, 1, 0
59996, 8564441, 1, 0
60184, 8528751, 1, 0
60184, 8311058, 1, 0
60184, 8102235, 1, 0
60184, 7735109, 1, 0
60184, 7513336, 1, 0
60184, 7276242, 1, 0
60184, 7026815, 1, 0
60184, 6654466, 1, 0
60184, 6414885, 1, 0
60184, 6197270, 1, 0
60184, 5924070, 1, 0
60184, 5686373, 1, 0
60184, 5402108, 1, 0
60184, 5170263, 1, 0
60184, 4613129, 1, 0
60184, 4391086, 1, 0
60184, 4144662, 1, 0
60184, 3726199, 1, 0
60184, 3517972, 1, 0
60184, 3251433, 1, 0
60184, 2988358, 1, 0
60184, 2771374, 1, 0
60184, 2513235, 1, 0
60184, 2280601, 1, 0
60184, 2038502, 1, 0
60184, 1806370, 1, 0
60184, 1529356, 1, 0
60184, 1263227, 1, 0
60184, 997686, 1, 0
60184, 672657, 1, 0
60184, 402236, 1, 0
60184, 187652, 1, 0
4938, 4934064, 1, 0
5073, 4899619, 1, 0
5206, 4885045, 1, 0
5440, 4890570, 1, 0
5681, 4999959, 1, 0
5794, 5007561, 1, 0
5976, 5065076, 1, 0
6093, 5039088, 1, 0
6217, 4972877, 1, 0
6327, 4909260, 1, 0
6481, 4709926, 1, 0
6638, 4734776, 1, 0
6767, 4745299, 1, 0
6905, 4716531, 1, 0
7031, 4719316, 1, 0
7143, 4638283, 1, 0
7256, 4637718, 1, 0
7437, 4678595, 1, 0
7719, 4827962, 1, 0
7851, 4846595, 1, 0
7971, 4784738, 1, 0
8117, 4782839, 1, 0
8244, 4752331, 1, 0
8393, 4781446, 1, 0
8511, 4750015, 1, 0
8646, 4748044, 1, 0
8827, 4775232, 1, 0
8997, 4832934, 1, 0
9117, 4815064, 1, 0
9249, 4813322, 1, 0
9361, 4795757, 1, 0
9485, 4657771, 1, 0
9594, 4656298, 1, 0
9716, 4643078, 1, 0
9827, 4621194, 1, 0
9972, 4531884, 1, 0
10093, 4411984, 1, 0
10213, 4418201, 1, 0
10605, 4629304, 1, 0
10731, 4638590, 1, 0
10878, 4660792, 1, 0
11026, 4699074, 1, 0
11205, 4723825, 1, 0
11474, 4836225, 1, 0
11601, 4833722, 1, 0
11803, 4898378, 1, 0
12032, 5001221, 1, 0
12235, 5091760, 1, 0
12348, 5091838, 1, 0
12591, 4949891, 1, 0
12844, 4872652, 1, 0
13012, 4894819, 1, 0
13575, 5041344, 1, 0
13703, 5192298, 1, 0
13813, 5166489, 1, 0
14055, 5077184, 1, 0
14444, 5134339, 1, 0
14634, 5272445, 1, 0
14790, 5304945, 1, 0
15032, 5316863, 1, 0
15288, 5326217, 1, 0
15519, 5306872, 1, 0
15774, 5042924, 1, 0
16068, 5027288, 1, 0
16360, 4934178, 1, 0
16608, 4842672, 1, 0
16867, 4674131, 1, 0
17005, 4656652, 1, 0
17272, 4663382, 1, 0
17625, 4728167, 1, 0
17772, 4759711, 1, 0
18112, 4643159, 1, 0
18259, 4555938, 1, 0
18505, 4577432, 1, 0
18876, 4523066, 1, 0
19131, 4352545, 1, 0
19276, 4363478, 1, 0
19585, 4397385, 1, 0
19810, 4409994, 1, 0
20050, 4405789, 1, 0
20514, 4546286, 1, 0
20660, 4592576, 1, 0
20943, 4756164, 1, 0
21186, 4825683, 1, 0
21362, 4880285, 1, 0
21594, 4856085, 1, 0
21832, 4840040, 1, 0
22109, 4852110, 1, 0
22269, 4870376, 1, 0
22502, 4877081, 1, 0
22846, 4806826, 1, 0
23075, 4697493, 1, 0
23332, 4704961, 1, 0
23532, 4782580, 1, 0
23782, 4787629, 1, 0
24169, 4850075, 1, 0
24286, 4881204, 1, 0
24508, 4923062, 1, 0
24791, 4947567, 1, 0
25011, 5081875, 1, 0
25318, 5084577, 1, 0
25533, 5018518, 1, 0
25766, 5105994, 1, 0
26041, 4894715, 1, 0
26271, 4797646, 1, 0
26505, 4792924, 1, 0
26757, 4785103, 1, 0
27003, 4759780, 1, 0
27356, 4853926, 1, 0
27623, 4885376, 1, 0
27908, 5061726, 1, 0
28030, 5065667, 1, 0
28323, 5106430, 1, 0
28553, 5065199, 1, 0
28800, 5007907, 1, 0
29038, 4920573, 1, 0
29283, 4822875, 1, 0
29513, 4754741, 1, 0
29763, 4620041, 1, 0
30157, 4598713, 1, 0
30386, 4620009, 1, 0
30512, 4633289, 1, 0
30756, 4597375, 1, 0
31109, 4600753, 1, 0
31359, 4602297, 1, 0
31547, 4650990, 1, 0
31816, 4569125, 1, 0
32089, 4467243, 1, 0
32376, 4325447, 1, 0
32506, 4323707, 1, 0
32770, 4310394, 1, 0
33010, 4332694, 1, 0
33367, 4399802, 1, 0
33513, 4475436, 1, 0
33760, 4480168, 1, 0
34067, 4551170, 1, 0
34300, 4543800, 1, 0
34610, 4513796, 1, 0
34851, 4343093, 1, 0
35108, 4343907, 1, 0
35345, 4356830, 1, 0
35590, 4358673, 1, 0
35754, 4395153, 1, 0
36057, 4349407, 1, 0
36339, 4523048, 1, 0
36571, 4485960, 1, 0
36866, 4484567, 1, 0
37097, 4480960, 1, 0
37339, 4460645, 1, 0
37617, 4478698, 1, 0
37864, 4359228, 1, 0
38110, 4353675, 1, 0
38382, 4297636, 1, 0
38636, 4318581, 1, 0
38775, 4309681, 1, 0
39006, 4395543, 1, 0
39398, 4524464, 1, 0
39510, 4533726, 1, 0
39763, 4530646, 1, 0
40000, 4538492, 1, 0
40406, 4516954, 1, 0
40518, 4461658, 1, 0
40835, 4366551, 1, 0
41073, 4375790, 1, 0
41331, 4336991, 1, 0
41621, 4395622, 1, 0
41862, 4381841, 1, 0
42014, 4396901, 1, 0
42349, 4492539, 1, 0
42618, 4620512, 1, 0
42760, 4650020, 1, 0
43021, 4644685, 1, 0
43284, 4660971, 1, 0
43547, 4584529, 1, 0
43788, 4403578, 1, 0
44093, 4438029, 1, 0
44325, 4444329, 1, 0
44601, 4479652, 1, 0
44879, 4490601, 1, 0
45180, 4661770, 1, 0
45320, 4623928, 1, 0
45611, 4663778, 1, 0
45802, 4728709, 1, 0
46109, 4749125, 1, 0
46282, 4789202, 1, 0
46571, 4829493, 1, 0
46822, 4959323, 1, 0
47101, 5087028, 1, 0
47274, 5039153, 1, 0
47546, 4985859, 1, 0
47780, 4903741, 1, 0
48106, 4918774, 1, 0
48394, 4971943, 1, 0
48575, 5028258, 1, 0
48889, 5236180, 1, 0
49072, 5283819, 1, 0
49330, 5253891, 1, 0
49585, 5257404, 1, 0
49961, 5484202, 1, 0
50106, 5504770, 1, 0
50289, 5540576, 1, 0
50533, 5445202, 1, 0
50827, 5333947, 1, 0
51072, 5303921, 1, 0
51468, 5316901, 1, 0
51600, 5317755, 1, 0
51854, 5412733, 1, 0
52114, 5543569, 1, 0
52350, 5331889, 1, 0
52707, 5248740, 1, 0
53001, 5455424, 1, 0
53152, 5484113, 1, 0
53285, 5504666, 1, 0
53536, 5469758, 1, 0
53788, 5404238, 1, 0
54030, 5236956, 1, 0
54304, 5089345, 1, 0
54546, 5087659, 1, 0
54948, 5362676, 1, 0
55097, 5135573, 1, 0
55345, 5085347, 1, 0
55686, 5114053, 1, 0
55875, 5221025, 1, 0
56036, 5208679, 1, 0
56323, 5241227, 1, 0
56560, 5169141, 1, 0
56812, 5015012, 1, 0
57049, 4812640, 1, 0
57310, 4841572, 1, 0
57576, 4652876, 1, 0
57896, 4572833, 1, 0
58009, 4588525, 1, 0
58286, 4620812, 1, 0
58657, 4679764, 1, 0
58951, 4920907, 1, 0
59087, 4937787, 1, 0
59335, 4914318, 1, 0
59613, 4783144, 1, 0
59885, 4653919, 1, 0
60001, 4656157, 1, 0
60001, 2326496, 1, 0
5013, 5009492, 1, 0
5161, 4987937, 1, 0
5343, 5022505, 1, 0
5617, 5068193, 1, 0
5738, 5056820, 1, 0
5851, 5063906, 1, 0
6012, 5057104, 1, 0
6124, 4985850, 1, 0
6260, 5003451, 1, 0
6379, 4993264, 1, 0
6512, 4941565, 1, 0
6680, 4840474, 1, 0
6791, 4843750, 1, 0
6924, 4858232, 1, 0
7042, 4855310, 1, 0
7154, 4843176, 1, 0
7268, 4763375, 1, 0
7457, 4839932, 1, 0
7656, 4918048, 1, 0
7850, 4979511, 1, 0
7971, 4954287, 1, 0
8119, 4901526, 1, 0
8244, 4881314, 1, 0
8404, 4882466, 1, 0
8535, 4901151, 1, 0
8669, 4883883, 1, 0
8784, 4805857, 1, 0
8952, 4843563, 1, 0
9092, 4849356, 1, 0
9228, 4862272, 1, 0
9349, 4581731, 1, 0
9466, 4571269, 1, 0
9581, 4567697, 1, 0
9703, 4541999, 1, 0
9815, 4471904, 1, 0
9930, 4312523, 1, 0
10047, 4309415, 1, 0
10169, 4318043, 1, 0
10329, 4317229, 1, 0
10439, 4314986, 1, 0
10642, 4381806, 1, 0
10793, 4414416, 1, 0
10923, 4411504, 1, 0
11154, 4473777, 1, 0
11450, 4659320, 1, 0
11576, 4651580, 1, 0
11763, 4720485, 1, 0
12010, 4855488, 1, 0
12304, 4881803, 1, 0
12551, 4741550, 1, 0
12884, 4752593, 1, 0
13011, 4767272, 1, 0
13574, 4889502, 1, 0
13691, 5022074, 1, 0
13813, 5028326, 1, 0
14055, 4966457, 1, 0
14412, 5013558, 1, 0
14603, 5137010, 1, 0
14877, 5169269, 1, 0
15008, 5192340, 1, 0
15269, 5220708, 1, 0
15508, 5195759, 1, 0
15861, 5115337, 1, 0
16010, 5087181, 1, 0
16251, 4889150, 1, 0
16606, 4699643, 1, 0
16767, 4582587, 1, 0
17016, 4577053, 1, 0
17292, 4575719, 1, 0
17637, 4615380, 1, 0
17771, 4627198, 1, 0
18049, 4345907, 1, 0
18322, 4389200, 1, 0
18616, 4404734, 1, 0
18864, 4292990, 1, 0
19100, 4228235, 1, 0
19361, 4217191, 1, 0
19654, 4241362, 1, 0
19766, 4257943, 1, 0
20015, 4280374, 1, 0
20490, 4415340, 1, 0
20611, 4479050, 1, 0
20931, 4680059, 1, 0
21049, 4688778, 1, 0
21287, 4805814, 1, 0
21530, 4787162, 1, 0
21776, 4771839, 1, 0
22097, 4810707, 1, 0
22388, 4751260, 1, 0
22501, 4729759, 1, 0
22846, 4682449, 1, 0
23074, 4638223, 1, 0
23333, 4598794, 1, 0
23531, 4667614, 1, 0
23781, 4682830, 1, 0
24051, 4688238, 1, 0
24257, 4778371, 1, 0
24508, 4854100, 1, 0
24935, 4862970, 1, 0
25096, 4883809, 1, 0
25286, 4796268, 1, 0
25520, 4909227, 1, 0
25766, 4834997, 1, 0
26082, 4812983, 1, 0
26315, 4781320, 1, 0
26549, 4769977, 1, 0
26798, 4714142, 1, 0
27068, 4680052, 1, 0
27398, 4897093, 1, 0
27519, 4903674, 1, 0
27908, 4915170, 1, 0
28064, 4989686, 1, 0
28355, 5012144, 1, 0
28595, 4939479, 1, 0
28853, 4935503, 1, 0
29107, 4890131, 1, 0
29337, 4718576, 1, 0
29586, 4689199, 1, 0
29840, 4582570, 1, 0
30005, 4485126, 1, 0
30255, 4489578, 1, 0
30555, 4505458, 1, 0
30803, 4484380, 1, 0
31017, 4586782, 1, 0
31306, 4611834, 1, 0
31626, 4701514, 1, 0
31764, 4696131, 1, 0
32078, 4557820, 1, 0
32314, 4566339, 1, 0
32579, 4534459, 1, 0
32829, 4477798, 1, 0
33367, 4635518, 1, 0
33483, 4767156, 1, 0
33665, 4811373, 1, 0
33808, 4826506, 1, 0
34054, 4831580, 1, 0
34300, 4844649, 1, 0
34597, 4884313, 1, 0
34820, 4980292, 1, 0
35059, 4869140, 1, 0
35393, 4832718, 1, 0
35514, 4837962, 1, 0
35808, 4829389, 1, 0
36222, 4848152, 1, 0
36401, 4905856, 1, 0
36515, 4888595, 1, 0
36781, 4846502, 1, 0
37030, 4830434, 1, 0
37282, 4834212, 1, 0
37567, 4861530, 1, 0
37807, 4846097, 1, 0
38061, 4573218, 1, 0
38292, 4492814, 1, 0
38535, 4480885, 1, 0
38839, 4518353, 1, 0
39025, 4559754, 1, 0
39256, 4658754, 1, 0
39733, 4599116, 1, 0
39859, 4614227, 1, 0
40196, 4629572, 1, 0
40322, 4651004, 1, 0
40558, 4632979, 1, 0
40835, 4452686, 1, 0
41072, 4433776, 1, 0
41331, 4417868, 1, 0
41633, 4466591, 1, 0
41755, 4473586, 1, 0
42161, 4515121, 1, 0
42316, 4624478, 1, 0
42585, 4644764, 1, 0
42848, 4678105, 1, 0
43140, 4709664, 1, 0
43272, 4736778, 1, 0
43527, 4700134, 1, 0
43786, 4572639, 1, 0
44059, 4553306, 1, 0
44312, 4455756, 1, 0
44588, 4439212, 1, 0
45059, 4521668, 1, 0
45168, 4610543, 1, 0
45289, 4594550, 1, 0
45523, 4576384, 1, 0
45858, 4611568, 1, 0
46016, 4685261, 1, 0
46398, 4749217, 1, 0
46518, 4762657, 1, 0
47029, 4821176, 1, 0
47181, 4864305, 1, 0
47306, 4859789, 1, 0
47567, 4831115, 1, 0
47862, 5014053, 1, 0
48174, 5006122, 1, 0
48326, 5054791, 1, 0
48562, 5040638, 1, 0
48877, 5237145, 1, 0
49059, 5273258, 1, 0
49309, 5254880, 1, 0
49561, 5251104, 1, 0
49949, 5492270, 1, 0
50068, 5479794, 1, 0
50345, 5387735, 1, 0
50533, 5364689, 1, 0
50815, 5409273, 1, 0
51059, 5416478, 1, 0
51334, 5315296, 1, 0
51600, 5227629, 1, 0
51973, 5454727, 1, 0
52114, 5466523, 1, 0
52336, 5175298, 1, 0
52561, 5141314, 1, 0
52981, 5414360, 1, 0
53137, 5274977, 1, 0
53271, 5304628, 1, 0
53716, 5318019, 1, 0
53852, 5414002, 1, 0
54105, 5322807, 1, 0
54349, 5160051, 1, 0
54701, 5206828, 1, 0
54993, 5431990, 1, 0
55143, 5194441, 1, 0
55271, 5203809, 1, 0
55506, 5158371, 1, 0
55887, 5180168, 1, 0
56067, 5252204, 1, 0
56355, 5289269, 1, 0
56584, 5274329, 1, 0
56871, 5244780, 1, 0
57117, 5011220, 1, 0
57265, 5040742, 1, 0
57525, 5068441, 1, 0
57753, 4927000, 1, 0
58041, 4764460, 1, 0
58330, 4700315, 1, 0
58601, 4605810, 1, 0
58895, 4790343, 1, 0
59023, 4802749, 1, 0
59291, 4825706, 1, 0
59521, 4618450, 1, 0
59884, 4578433, 1, 0
60001, 4619782, 1, 0
60001, 2309399, 1, 0
4859, 4856838, 1, 0
4977, 4796850, 1, 0
5119, 4791376, 1, 0
5236, 4711713, 1, 0
5362, 4706661, 1, 0
5478, 4709175, 1, 0
5583, 4709902, 1, 0
5720, 4714972, 1, 0
5825, 4655714, 1, 0
5996, 4659860, 1, 0
6100, 4614870, 1, 0
6225, 4478459, 1, 0
6335, 4449005, 1, 0
6475, 4477213, 1, 0
6627, 4489859, 1, 0
6762, 4493188, 1, 0
6901, 4504408, 1, 0
7025, 4501370, 1, 0
7137, 4493629, 1, 0
7251, 4486680, 1, 0
7420, 4520903, 1, 0
7531, 4519818, 1, 0
7750, 4556094, 1, 0
7889, 4447350, 1, 0
8017, 4423591, 1, 0
8156, 4427167, 1, 0
8297, 4396077, 1, 0
8431, 4371323, 1, 0
8543, 4370741, 1, 0
8678, 4368356, 1, 0
8850, 4394428, 1, 0
9024, 4292112, 1, 0
9143, 4283965, 1, 0
9267, 4289724, 1, 0
9388, 4269014, 1, 0
9504, 4267235, 1, 0
9613, 4251282, 1, 0
9735, 4257335, 1, 0
9846, 4263081, 1, 0
10087, 4254265, 1, 0
10493, 4302048, 1, 0
10706, 4480731, 1, 0
10859, 4523992, 1, 0
11161, 4519839, 1, 0
11457, 4695279, 1, 0
11583, 4682304, 1, 0
11771, 4745362, 1, 0
12050, 4776921, 1, 0
12344, 4811736, 1, 0
12598, 4715619, 1, 0
12839, 4698097, 1, 0
13116, 4688118, 1, 0
13379, 4836062, 1, 0
13667, 4989208, 1, 0
13776, 4926144, 1, 0
14012, 4865282, 1, 0
14372, 4932091, 1, 0
14577, 5073841, 1, 0
14841, 5099315, 1, 0
15087, 5122695, 1, 0
15332, 5128470, 1, 0
15642, 5149460, 1, 0
15767, 5061537, 1, 0
16094, 5102965, 1, 0
16323, 4955602, 1, 0
16562, 4826008, 1, 0
16831, 4793723, 1, 0
17081, 4732080, 1, 0
17363, 4763347, 1, 0
17588, 4857534, 1, 0
17993, 4937406, 1, 0
18100, 4983073, 1, 0
18342, 4759014, 1, 0
18641, 4719730, 1, 0
18756, 4744684, 1, 0
19005, 4684655, 1, 0
19282, 4567997, 1, 0
19592, 4595723, 1, 0
19817, 4607989, 1, 0
20095, 4528324, 1, 0
20315, 4547476, 1, 0
20561, 4609351, 1, 0
20971, 4689302, 1, 0
21099, 4776211, 1, 0
21319, 4875406, 1, 0
21576, 4886229, 1, 0
21815, 4860608, 1, 0
22081, 4855688, 1, 0
22355, 4800748, 1, 0
22578, 4671320, 1, 0
22810, 4593266, 1, 0
23039, 4582416, 1, 0
23293, 4526337, 1, 0
23614, 4610105, 1, 0
23880, 4602106, 1, 0
24000, 4588321, 1, 0
24397, 4804551, 1, 0
24563, 4857739, 1, 0
24797, 4864146, 1, 0
25133, 4861189, 1, 0
25250, 4689090, 1, 0
25584, 4635552, 1, 0
25831, 4563795, 1, 0
26006, 4548280, 1, 0
26369, 4554965, 1, 0
26599, 4527737, 1, 0
26889, 4541344, 1, 0
27179, 4565290, 1, 0
27456, 4758277, 1, 0
27753, 4942974, 1, 0
27934, 5005067, 1, 0
28056, 5017344, 1, 0
28331, 5034905, 1, 0
28591, 4966317, 1, 0
28830, 4955005, 1, 0
29076, 4813984, 1, 0
29333, 4650481, 1, 0
29575, 4611055, 1, 0
29848, 4589478, 1, 0
30013, 4645449, 1, 0
30324, 4740194, 1, 0
30563, 4726944, 1, 0
30798, 4670108, 1, 0
31024, 4658879, 1, 0
31334, 4706166, 1, 0
31602, 4709047, 1, 0
31812, 4815678, 1, 0
32011, 4831801, 1, 0
32253, 4586648, 1, 0
32513, 4442973, 1, 0
32777, 4440084, 1, 0
33017, 4428239, 1, 0
33340, 4467762, 1, 0
33659, 4556571, 1, 0
33787, 4571389, 1, 0
34074, 4626534, 1, 0
34307, 4604532, 1, 0
34576, 4580095, 1, 0
34846, 4522328, 1, 0
35114, 4542756, 1, 0
35253, 4569450, 1, 0
35502, 4583681, 1, 0
35782, 4612436, 1, 0
36315, 4712211, 1, 0
36441, 4839270, 1, 0
36546, 4733796, 1, 0
36828, 4677707, 1, 0
37062, 4697370, 1, 0
37314, 4689700, 1, 0
37612, 4708332, 1, 0
37858, 4727662, 1, 0
38105, 4639247, 1, 0
38349, 4562926, 1, 0
38599, 4518147, 1, 0
38871, 4546260, 1, 0
39217, 4592296, 1, 0
39363, 4517186, 1, 0
39613, 4510613, 1, 0
39867, 4489631, 1, 0
40041, 4538902, 1, 0
40285, 4511968, 1, 0
40506, 4348058, 1, 0
40789, 4217674, 1, 0
41041, 4224286, 1, 0
41286, 4215803, 1, 0
41574, 4233743, 1, 0
41931, 4275632, 1, 0
42194, 4451240, 1, 0
42312, 4453589, 1, 0
42577, 4456419, 1, 0
42842, 4496229, 1, 0
43009, 4543000, 1, 0
43278, 4552920, 1, 0
43535, 4536969, 1, 0
43774, 4420862, 1, 0
44066, 4442573, 1, 0
44308, 4440421, 1, 0
44559, 4399586, 1, 0
44802, 4390468, 1, 0
45144, 4638109, 1, 0
45272, 4638884, 1, 0
45500, 4594588, 1, 0
45865, 4643174, 1, 0
46233, 4767436, 1, 0
46343, 4768626, 1, 0
46590, 4712789, 1, 0
46970, 4776755, 1, 0
47108, 4796254, 1, 0
47262, 4828133, 1, 0
47520, 4800727, 1, 0
47894, 4858266, 1, 0
48005, 4858824, 1, 0
48358, 4947559, 1, 0
48594, 4944562, 1, 0
48986, 5211820, 1, 0
49090, 5164721, 1, 0
49336, 5151194, 1, 0
49597, 5166232, 1, 0
49979, 5420249, 1, 0
50114, 5449616, 1, 0
50374, 5330233, 1, 0
50615, 5228831, 1, 0
50793, 5292401, 1, 0
51067, 5449070, 1, 0
51474, 5395846, 1, 0
51595, 5361908, 1, 0
52000, 5450515, 1, 0
52187, 5597301, 1, 0
52312, 5341471, 1, 0
52543, 5299961, 1, 0
52958, 5576943, 1, 0
53075, 5554935, 1, 0
53365, 5521504, 1, 0
53500, 5494551, 1, 0
53783, 5569914, 1, 0
54025, 5545993, 1, 0
54284, 5423696, 1, 0
54531, 5324949, 1, 0
54954, 5617788, 1, 0
55092, 5619638, 1, 0
55352, 5501814, 1, 0
55668, 5394153, 1, 0
55772, 5397738, 1, 0
56010, 5513040, 1, 0
56298, 5521691, 1, 0
56541, 5357130, 1, 0
56761, 5169012, 1, 0
57030, 5117679, 1, 0
57284, 4966752, 1, 0
57551, 4997059, 1, 0
57860, 4744714, 1, 0
58150, 4765515, 1, 0
58294, 4793883, 1, 0
58622, 4671337, 1, 0
58926, 4900462, 1, 0
59063, 4918561, 1, 0
59329, 4921765, 1, 0
59559, 4757605, 1, 0
59892, 4623933, 1, 0
60009, 4656391, 1, 0
60009, 2358253, 1, 0
4786, 4783200, 1, 0
4902, 4720995, 1, 0
5032, 4704777, 1, 0
5200, 4644768, 1, 0
5319, 4631425, 1, 0
5478, 4685155, 1, 0
5583, 4633461, 1, 0
5700, 4608730, 1, 0
5813, 4586454, 1, 0
5983, 4633925, 1, 0
6087, 4479309, 1, 0
6212, 4366578, 1, 0
6322, 4368254, 1, 0
6476, 4403224, 1, 0
6627, 4431854, 1, 0
6762, 4444843, 1, 0
6900, 4420179, 1, 0
7024, 4424098, 1, 0
7136, 4421734, 1, 0
7250, 4405384, 1, 0
7420, 4451469, 1, 0
7567, 4480542, 1, 0
7814, 4444242, 1, 0
7934, 4434644, 1, 0
8080, 4462214, 1, 0
8207, 4478424, 1, 0
8355, 4450370, 1, 0
8474, 4414871, 1, 0
8600, 4429140, 1, 0
8720, 4410116, 1, 0
8850, 4407688, 1, 0
9003, 4430631, 1, 0
9124, 4338564, 1, 0
9278, 4376392, 1, 0
9399, 4367846, 1, 0
9515, 4314960, 1, 0
9632, 4313234, 1, 0
9747, 4268821, 1, 0
9858, 4274357, 1, 0
10100, 4283014, 1, 0
10612, 4380228, 1, 0
10737, 4524828, 1, 0
10873, 4551173, 1, 0
11200, 4545949, 1, 0
11481, 4718572, 1, 0
11608, 4708283, 1, 0
11810, 4785409, 1, 0
12078, 4812715, 1, 0
12274, 4853959, 1, 0
12592, 4835236, 1, 0
12851, 4783099, 1, 0
13115, 4770389, 1, 0
13378, 4904311, 1, 0
13666, 5065872, 1, 0
13776, 5056523, 1, 0
14011, 5022596, 1, 0
14399, 5072598, 1, 0
14589, 5189621, 1, 0
14853, 5211322, 1, 0
15002, 5254766, 1, 0
15276, 5292449, 1, 0
15687, 5377831, 1, 0
15812, 5200357, 1, 0
16094, 5229575, 1, 0
16387, 5198990, 1, 0
16626, 5018451, 1, 0
16774, 4964559, 1, 0
17025, 4950170, 1, 0
17331, 4902880, 1, 0
17563, 4971184, 1, 0
17954, 5024332, 1, 0
18141, 5153033, 1, 0
18266, 5150365, 1, 0
18512, 4929047, 1, 0
18756, 4867088, 1, 0
19005, 4864097, 1, 0
19387, 4682786, 1, 0
19504, 4651050, 1, 0
19793, 4659158, 1, 0
20041, 4650335, 1, 0
20250, 4563627, 1, 0
20521, 4708862, 1, 0
20971, 4785584, 1, 0
21087, 4881201, 1, 0
21307, 4919872, 1, 0
21537, 4918048, 1, 0
21783, 4896053, 1, 0
22068, 4867431, 1, 0
22296, 4965549, 1, 0
22510, 4946610, 1, 0
22853, 4815831, 1, 0
23081, 4697695, 1, 0
23340, 4705603, 1, 0
23539, 4782883, 1, 0
23818, 4819046, 1, 0
24175, 4881836, 1, 0
24410, 5022666, 1, 0
24538, 5034179, 1, 0
24842, 5009319, 1, 0
25152, 5091164, 1, 0
25269, 5018933, 1, 0
25615, 4776705, 1, 0
25842, 4755440, 1, 0
26121, 4684105, 1, 0
26279, 4741884, 1, 0
26512, 4730201, 1, 0
26764, 4712788, 1, 0
27009, 4551793, 1, 0
27386, 4605309, 1, 0
27506, 4652545, 1, 0
27827, 4855824, 1, 0
28140, 4908006, 1, 0
28299, 4959548, 1, 0
28548, 4859466, 1, 0
28787, 4835697, 1, 0
29045, 4688481, 1, 0
29289, 4636115, 1, 0
29518, 4543919, 1, 0
29814, 4537216, 1, 0
30162, 4617670, 1, 0
30393, 4777732, 1, 0
30518, 4675863, 1, 0
30752, 4649773, 1, 0
31104, 4588891, 1, 0
31377, 4613003, 1, 0
31502, 4600467, 1, 0
31771, 4602916, 1, 0
32036, 4531435, 1, 0
32296, 4332279, 1, 0
32544, 4261519, 1, 0
32801, 4244143, 1, 0
33309, 4396209, 1, 0
33426, 4509035, 1, 0
33551, 4506041, 1, 0
33858, 4564385, 1, 0
34104, 4583232, 1, 0
34358, 4547382, 1, 0
34507, 4557099, 1, 0
34760, 4416683, 1, 0
35002, 4352838, 1, 0
35318, 4443748, 1, 0
35554, 4446864, 1, 0
35827, 4444912, 1, 0
36241, 4518979, 1, 0
36421, 4649731, 1, 0
36533, 4614374, 1, 0
36788, 4752277, 1, 0
37037, 4740693, 1, 0
37269, 4730941, 1, 0
37574, 4770581, 1, 0
37826, 4649312, 1, 0
38079, 4531795, 1, 0
38318, 4460918, 1, 0
38630, 4508998, 1, 0
38752, 4518968, 1, 0
39013, 4521446, 1, 0
39405, 4628969, 1, 0
39516, 4646896, 1, 0
39751, 4749529, 1, 0
40020, 4696043, 1, 0
40259, 4704243, 1, 0
40602, 4667373, 1, 0
40752, 4511494, 1, 0
41007, 4465135, 1, 0
41383, 4339988, 1, 0
41542, 4386968, 1, 0
41794, 4386956, 1, 0
42181, 4413322, 1, 0
42311, 4484719, 1, 0
42624, 4508227, 1, 0
42767, 4581781, 1, 0
43051, 4569736, 1, 0
43310, 4553844, 1, 0
43567, 4540614, 1, 0
43823, 4423348, 1, 0
44079, 4380623, 1, 0
44319, 4309444, 1, 0
44571, 4313545, 1, 0
44815, 4328357, 1, 0
45089, 4486705, 1, 0
45326, 4448197, 1, 0
45554, 4426142, 1, 0
45833, 4585246, 1, 0
46204, 4636944, 1, 0
46322, 4651939, 1, 0
46577, 4650568, 1, 0
46828, 4647446, 1, 0
47096, 4784727, 1, 0
47337, 4745363, 1, 0
47519, 4752113, 1, 0
47837, 4951000, 1, 0
48150, 4934907, 1, 0
48268, 4958627, 1, 0
48594, 5013103, 1, 0
49010, 5338953, 1, 0
49134, 5311486, 1, 0
49253, 5302858, 1, 0
49544, 5323292, 1, 0
49923, 5603936, 1, 0
50094, 5642559, 1, 0
50392, 5678401, 1, 0
50603, 5788833, 1, 0
50779, 5690022, 1, 0
51023, 5698814, 1, 0
51341, 5742396, 1, 0
51594, 5620355, 1, 0
51980, 5775683, 1, 0
52121, 5798547, 1, 0
52357, 5787803, 1, 0
52713, 5626569, 1, 0
53009, 5798076, 1, 0
53181, 5844077, 1, 0
53303, 5783894, 1, 0
53579, 5620814, 1, 0
53795, 5644213, 1, 0
54037, 5631357, 1, 0
54331, 5442054, 1, 0
54674, 5365230, 1, 0
54975, 5595006, 1, 0
55117, 5573264, 1, 0
55377, 5304302, 1, 0
55692, 5289951, 1, 0
55882, 5278605, 1, 0
56042, 5263309, 1, 0
56342, 5302475, 1, 0
56579, 5282855, 1, 0
56819, 5220903, 1, 0
57056, 4944865, 1, 0
57317, 4951733, 1, 0
57607, 4936931, 1, 0
57928, 4727851, 1, 0
58048, 4745044, 1, 0
58325, 4754348, 1, 0
58684, 4706291, 1, 0
58998, 4960844, 1, 0
59125, 4968434, 1, 0
59361, 4913400, 1, 0
59581, 4702239, 1, 0
59839, 4591954, 1, 0
60076, 4582814, 1, 0
60077, 2241328, 1, 0
