962, 143382, 1, 0
963, 953447, 1, 0
963, 952912, 1, 0
1010, 964285, 1, 0
1868, 1225617, 1, 0
1870, 1847360, 1, 0
1872, 1847132, 1, 0
2122, 1886306, 1, 0
2250, 1913361, 1, 0
4080, 1624499, 1, 0
4081, 2211439, 1, 0
4104, 2231767, 1, 0
9109, 7232654, 1, 0
9110, 7234610, 1, 0
9162, 7288840, 1, 0
9171, 7277917, 1, 0
9514, 7266444, 1, 0
9516, 7623719, 1, 0
9520, 7271151, 1, 0
9520, 7599094, 1, 0
9522, 7399953, 1, 0
9523, 7230416, 1, 0
9526, 7402625, 1, 0
9527, 7231841, 1, 0
9533, 5428981, 1, 0
9533, 7408342, 1, 0
9534, 7284533, 1, 0
9540, 7289645, 1, 0
9540, 7662396, 1, 0
9541, 7288043, 1, 0
9541, 7249501, 1, 0
9547, 7253017, 1, 0
9547, 7253380, 1, 0
9548, 7423907, 1, 0
9549, 7426013, 1, 0
9560, 7309710, 1, 0
9561, 7308943, 1, 0
9562, 7267040, 1, 0
9960, 6747344, 1, 0
17221, 8112206, 1, 0
17223, 7708418, 1, 0
17224, 7707809, 1, 0
17227, 8117176, 1, 0
17228, 7704760, 1, 0
17230, 8068118, 1, 0
17231, 7704942, 1, 0
17233, 8061724, 1, 0
17236, 7703350, 1, 0
17236, 7716820, 1, 0
17242, 7694946, 1, 0
17243, 7695053, 1, 0
17244, 7723346, 1, 0
17244, 7722405, 1, 0
17258, 7696577, 1, 0
17259, 7695142, 1, 0
17260, 7732371, 1, 0
17260, 7727023, 1, 0
17261, 7720493, 1, 0
17261, 7720472, 1, 0
17262, 7720490, 1, 0
17263, 7715783, 1, 0
17263, 7700635, 1, 0
17264, 7698980, 1, 0
17368, 7834637, 1, 0
17369, 7803622, 1, 0
17370, 7821422, 1, 0
17370, 7830824, 1, 0
17371, 7810520, 1, 0
17371, 7810213, 1, 0
18374, 5457759, 1, 0
18387, 1157045, 1, 0
18437, 1194650, 1, 0
18439, 1195424, 1, 0
18514, 1209138, 1, 0
18895, 1266258, 1, 0
21908, 2027250, 1, 0
21909, 3472278, 1, 0
21912, 3524674, 1, 0
21919, 3480048, 1, 0
21926, 3485370, 1, 0
21932, 3489564, 1, 0
21940, 3496229, 1, 0
21959, 3510938, 1, 0
21998, 3545500, 1, 0
21999, 3542875, 1, 0
21999, 3529723, 1, 0
22000, 3513869, 1, 0
22090, 3576286, 1, 0
28470, 3726336, 1, 0
28472, 6553342, 1, 0
28478, 6568978, 1, 0
28487, 6561312, 1, 0
28489, 6557401, 1, 0
28491, 6579206, 1, 0
28491, 6551550, 1, 0
31148, 9148684, 1, 0
31149, 9053958, 1, 0
31176, 9217184, 1, 0
31177, 8933196, 1, 0
31180, 9181245, 1, 0
31181, 8934357, 1, 0
31182, 8935531, 1, 0
31184, 2711912, 1, 0
31186, 9187102, 1, 0
31188, 9097208, 1, 0
31189, 9188827, 1, 0
31191, 9097883, 1, 0
31193, 9102477, 1, 0
31199, 9102830, 1, 0
31200, 9108322, 1, 0
31201, 9101451, 1, 0
31201, 9106122, 1, 0
31216, 9115678, 1, 0
31217, 9115030, 1, 0
31217, 9111341, 1, 0
31218, 9111794, 1, 0
31219, 9112235, 1, 0
31220, 9119798, 1, 0
31221, 8985292, 1, 0
31221, 8976369, 1, 0
31222, 2751616, 1, 0
31223, 2731720, 1, 0
31488, 9243392, 1, 0
31488, 3010001, 1, 0
31489, 3001881, 1, 0
32300, 2373455, 1, 0
32303, 1123087, 1, 0
32311, 1126865, 1, 0
32317, 1131037, 1, 0
32585, 1161210, 1, 0
40205, 7904770, 1, 0
40209, 7898214, 1, 0
40210, 7907476, 1, 0
40278, 7947391, 1, 0
40279, 7961901, 1, 0
40280, 7881516, 1, 0
40296, 7894796, 1, 0
40307, 7979635, 1, 0
40308, 7903895, 1, 0
40310, 7958959, 1, 0
40311, 7902929, 1, 0
40313, 7919880, 1, 0
40314, 7905637, 1, 0
40316, 7921501, 1, 0
40322, 7908197, 1, 0
40323, 7900032, 1, 0
40324, 7908560, 1, 0
40324, 7908649, 1, 0
40329, 7905159, 1, 0
40329, 7990219, 1, 0
40330, 7858101, 1, 0
40330, 7941460, 1, 0
40335, 7865443, 1, 0
40336, 7750819, 1, 0
40336, 7945620, 1, 0
40337, 7940588, 1, 0
40738, 8266551, 1, 0
40739, 8339228, 1, 0
40740, 8325045, 1, 0
40740, 8318527, 1, 0
40741, 8318670, 1, 0
40742, 8271339, 1, 0
46789, 6584200, 1, 0
46791, 6581555, 1, 0
46793, 6582432, 1, 0
46794, 6484625, 1, 0
46796, 6517991, 1, 0
47001, 6687690, 1, 0
47002, 6723051, 1, 0
47004, 6695324, 1, 0
47005, 6725310, 1, 0
47011, 6715291, 1, 0
47012, 6705140, 1, 0
47013, 6676893, 1, 0
47013, 6676857, 1, 0
47524, 7212416, 1, 0
47524, 7210076, 1, 0
47525, 7208935, 1, 0
47526, 7196759, 1, 0
47527, 7204511, 1, 0
47528, 7204682, 1, 0
47529, 7204922, 1, 0
47529, 7198675, 1, 0
47530, 7201232, 1, 0
47531, 7195542, 1, 0
47531, 7206962, 1, 0
47532, 7201871, 1, 0
50353, 10015812, 1, 0
50355, 9616136, 1, 0
50356, 9618146, 1, 0
51009, 4218018, 1, 0
51016, 4223314, 1, 0
51057, 10316072, 1, 0
51077, 4287605, 1, 0
51077, 4072259, 1, 0
51083, 3551496, 1, 0
51083, 3555484, 1, 0
51095, 4299050, 1, 0
51100, 4099356, 1, 0
51101, 4098640, 1, 0
51102, 4098327, 1, 0
51103, 10363624, 1, 0
51105, 4092896, 1, 0
51111, 10369891, 1, 0
51370, 4029346, 1, 0
57386, 3045356, 1, 0
57388, 6305138, 1, 0
57390, 6306513, 1, 0
57391, 6287973, 1, 0
57393, 6288136, 1, 0
57395, 6281624, 1, 0
57396, 6276546, 1, 0
57398, 6277548, 1, 0
57404, 6270154, 1, 0
57405, 6034192, 1, 0
57405, 6396843, 1, 0
57406, 6349385, 1, 0
57422, 6344459, 1, 0
57422, 6321955, 1, 0
57422, 6311477, 1, 0
57423, 6311249, 1, 0
57423, 6407399, 1, 0
57424, 6329064, 1, 0
57424, 6323547, 1, 0
57425, 6305760, 1, 0
57425, 6323220, 1, 0
57426, 6300576, 1, 0
58232, 7100736, 1, 0
58233, 7100545, 1, 0
58235, 7102186, 1, 0
58236, 6865615, 1, 0
58236, 7124060, 1, 0
59648, 5452220, 1, 0
59652, 2254617, 1, 0
59659, 2271519, 1, 0
59663, 2257350, 1, 0
59666, 2274361, 1, 0
59681, 2288007, 1, 0
59770, 2223712, 1, 0
60329, 1868980, 1, 0
60472, 771914, 1, 0
60472, 690730, 1, 0
268, 183779, 1, 0
2488, 457199, 1, 0
2502, 2356583, 1, 0
2504, 2352301, 1, 0
2507, 2344908, 1, 0
2509, 2348827, 1, 0
2512, 2326770, 1, 0
2515, 2346729, 1, 0
2518, 2300585, 1, 0
2520, 2288954, 1, 0
2804, 2401168, 1, 0
3475, 2393271, 1, 0
3494, 987316, 1, 0
3500, 991828, 1, 0
3750, 1001192, 1, 0
5510, 1183904, 1, 0
5511, 2011171, 1, 0
5513, 2009998, 1, 0
5514, 1998277, 1, 0
5517, 2016213, 1, 0
5518, 2013138, 1, 0
5519, 1898441, 1, 0
5847, 1956881, 1, 0
6019, 2308391, 1, 0
10017, 2445207, 1, 0
10021, 4498566, 1, 0
10026, 4495161, 1, 0
10059, 4549176, 1, 0
10059, 4538255, 1, 0
10091, 4559667, 1, 0
10093, 4560754, 1, 0
10094, 4545773, 1, 0
10096, 4075071, 1, 0
10097, 4056253, 1, 0
10099, 4057468, 1, 0
10101, 4589937, 1, 0
10102, 4589825, 1, 0
10104, 4589791, 1, 0
10106, 4558371, 1, 0
10113, 4595916, 1, 0
10609, 4355482, 1, 0
10609, 4564824, 1, 0
12263, 4406520, 1, 0
12292, 2266179, 1, 0
12297, 2206158, 1, 0
12298, 2238724, 1, 0
12299, 2202204, 1, 0
12306, 2213730, 1, 0
12331, 2236785, 1, 0
12502, 2234337, 1, 0
25733, 2969802, 1, 0
25734, 13434289, 1, 0
25734, 13377418, 1, 0
25735, 13369694, 1, 0
25735, 13247567, 1, 0
25736, 13233551, 1, 0
25736, 13438246, 1, 0
25766, 13435820, 1, 0
25767, 13263750, 1, 0
25769, 13264844, 1, 0
25775, 13270208, 1, 0
25775, 13270369, 1, 0
25777, 13421561, 1, 0
25778, 13290659, 1, 0
25956, 13450210, 1, 0
25957, 13216719, 1, 0
25959, 13218294, 1, 0
25961, 13219070, 1, 0
25963, 13217897, 1, 0
25963, 13474416, 1, 0
25964, 13460880, 1, 0
26208, 13463014, 1, 0
26211, 13918958, 1, 0
26211, 13914612, 1, 0
26212, 13905785, 1, 0
26213, 13838374, 1, 0
26213, 13838322, 1, 0
26214, 13725732, 1, 0
26214, 13712755, 1, 0
26215, 13709601, 1, 0
26215, 13474314, 1, 0
26216, 13471977, 1, 0
29219, 3483688, 1, 0
29220, 3453983, 1, 0
29240, 3471201, 1, 0
29252, 3477181, 1, 0
29268, 3535092, 1, 0
29269, 3535044, 1, 0
29276, 3541067, 1, 0
29283, 3546947, 1, 0
29284, 3506536, 1, 0
29284, 3328204, 1, 0
29285, 3328082, 1, 0
29295, 3559049, 1, 0
29296, 3561285, 1, 0
29301, 3534306, 1, 0
29304, 3529010, 1, 0
29306, 3527819, 1, 0
29306, 3347181, 1, 0
29309, 3348404, 1, 0
29310, 3347126, 1, 0
29310, 3347289, 1, 0
29311, 3098238, 1, 0
29311, 3103346, 1, 0
29316, 3103654, 1, 0
29316, 3103129, 1, 0
29317, 3102133, 1, 0
29318, 3354103, 1, 0
29332, 3121258, 1, 0
29335, 3123497, 1, 0
29335, 3121310, 1, 0
29336, 3121136, 1, 0
29336, 3120505, 1, 0
29336, 3120374, 1, 0
32251, 3032003, 1, 0
32252, 3031359, 1, 0
32758, 3441040, 1, 0
32766, 3434165, 1, 0
32769, 3516334, 1, 0
32771, 3502919, 1, 0
32779, 3510542, 1, 0
32784, 3500697, 1, 0
32786, 3490552, 1, 0
32944, 3642749, 1, 0
32945, 3639864, 1, 0
32949, 3639328, 1, 0
32950, 3640348, 1, 0
32952, 3640639, 1, 0
32954, 3618805, 1, 0
32955, 3643228, 1, 0
32959, 3643578, 1, 0
33046, 3676345, 1, 0
36042, 3320677, 1, 0
36048, 3104270, 1, 0
36070, 3124370, 1, 0
36073, 3306966, 1, 0
36078, 3309287, 1, 0
36081, 3301758, 1, 0
36083, 3298614, 1, 0
36086, 3137019, 1, 0
36087, 3329852, 1, 0
36089, 3302803, 1, 0
36090, 3140280, 1, 0
36092, 3140399, 1, 0
37907, 3494606, 1, 0
37993, 4939515, 1, 0
37995, 4876208, 1, 0
37996, 4877024, 1, 0
37998, 4946504, 1, 0
38000, 5039439, 1, 0
38002, 5015164, 1, 0
38003, 4957541, 1, 0
38728, 2864474, 1, 0
38743, 741328, 1, 0
38751, 747252, 1, 0
39063, 800240, 1, 0
41919, 1202469, 1, 0
41924, 3118817, 1, 0
41927, 3093516, 1, 0
41935, 3100728, 1, 0
41942, 2877987, 1, 0
41984, 3221127, 1, 0
41990, 3212868, 1, 0
41992, 3207592, 1, 0
41996, 3207193, 1, 0
41997, 3203188, 1, 0
42001, 2935654, 1, 0
42002, 3172623, 1, 0
44234, 3128558, 1, 0
44235, 2310737, 1, 0
44235, 2251111, 1, 0
44236, 2300609, 1, 0
44236, 2234908, 1, 0
44237, 2139792, 1, 0
44237, 2141204, 1, 0
44238, 2138899, 1, 0
44251, 2237723, 1, 0
49883, 2363172, 1, 0
49887, 5652631, 1, 0
49888, 5652378, 1, 0
49888, 5651507, 1, 0
49889, 5637524, 1, 0
49889, 5654498, 1, 0
49890, 5644707, 1, 0
49894, 5656165, 1, 0
49897, 5639717, 1, 0
49915, 5663466, 1, 0
49940, 5682015, 1, 0
49965, 5728388, 1, 0
49967, 5729601, 1, 0
49971, 5701199, 1, 0
49972, 5700235, 1, 0
49984, 5738531, 1, 0
49985, 5747020, 1, 0
49992, 5719801, 1, 0
49993, 5719572, 1, 0
49993, 5719280, 1, 0
49995, 5712951, 1, 0
49998, 5727132, 1, 0
50005, 5732473, 1, 0
51587, 5397975, 1, 0
51605, 1715955, 1, 0
51610, 1723372, 1, 0
51613, 1723452, 1, 0
51615, 1700078, 1, 0
51617, 1729366, 1, 0
53539, 1998080, 1, 0
53541, 3556135, 1, 0
53543, 3549967, 1, 0
53544, 3545935, 1, 0
53546, 3540680, 1, 0
53547, 3301697, 1, 0
53739, 2125247, 1, 0
53740, 2123022, 1, 0
53750, 3425013, 1, 0
54310, 3630730, 1, 0
54311, 2692747, 1, 0
59219, 3243192, 1, 0
59229, 7576922, 1, 0
59240, 7589689, 1, 0
59590, 5849632, 1, 0
59590, 7916960, 1, 0
59592, 6052279, 1, 0
59593, 5844585, 1, 0
59594, 6053609, 1, 0
59596, 6053620, 1, 0
59598, 6053562, 1, 0
59600, 6053802, 1, 0
59601, 6054096, 1, 0
59602, 5863729, 1, 0
60060, 6310296, 1, 0
61109, 7360468, 1, 0
61109, 7359653, 1, 0
61109, 7344357, 1, 0
61109, 7343239, 1, 0
61109, 7342154, 1, 0
61109, 7343597, 1, 0
61109, 7341800, 1, 0
61109, 6798589, 1, 0
61109, 6798143, 1, 0
61109, 6796726, 1, 0
61109, 1880767, 1, 0
61109, 1868978, 1, 0
61109, 1519306, 1, 0
61109, 4034207, 1, 0
331, 117097, 1, 0
552, 374674, 1, 0
1218, 520349, 1, 0
1221, 877624, 1, 0
1257, 873654, 1, 0
14956, 1405380, 1, 0
14966, 13706378, 1, 0
14969, 13627310, 1, 0
14973, 13743448, 1, 0
15008, 13775844, 1, 0
15010, 13753896, 1, 0
15014, 13754334, 1, 0
15021, 13642576, 1, 0
15022, 13681268, 1, 0
15025, 13633574, 1, 0
15027, 13601524, 1, 0
15030, 13648938, 1, 0
15032, 13605435, 1, 0
15039, 13817664, 1, 0
15041, 13656354, 1, 0
15046, 13815627, 1, 0
15048, 13655861, 1, 0
15201, 13778512, 1, 0
15202, 13771872, 1, 0
15202, 13767737, 1, 0
15203, 13767807, 1, 0
15209, 13771793, 1, 0
15210, 13785331, 1, 0
15211, 13780996, 1, 0
15212, 13773079, 1, 0
15212, 13780805, 1, 0
15215, 13778921, 1, 0
15216, 13776087, 1, 0
15217, 13770827, 1, 0
15219, 13771396, 1, 0
15220, 13772713, 1, 0
15220, 13772545, 1, 0
18011, 3041852, 1, 0
18011, 3003246, 1, 0
18014, 2993486, 1, 0
18016, 2975165, 1, 0
18018, 2815695, 1, 0
18022, 3055920, 1, 0
18023, 3050454, 1, 0
18025, 3002273, 1, 0
18026, 2995853, 1, 0
18028, 2995289, 1, 0
18029, 2828319, 1, 0
18031, 2828211, 1, 0
18033, 2823463, 1, 0
18039, 2826400, 1, 0
18039, 2827442, 1, 0
18039, 2822496, 1, 0
18040, 3084012, 1, 0
18040, 3029785, 1, 0
18057, 3042449, 1, 0
18057, 3032157, 1, 0
18058, 3030725, 1, 0
18058, 3019481, 1, 0
18059, 3013246, 1, 0
18059, 3011640, 1, 0
18060, 2858242, 1, 0
18060, 2849763, 1, 0
18061, 2849529, 1, 0
18061, 2846280, 1, 0
18318, 3101879, 1, 0
18318, 3098984, 1, 0
18319, 3099046, 1, 0
18319, 3099051, 1, 0
20649, 2632734, 1, 0
20650, 2624209, 1, 0
20652, 2641711, 1, 0
20920, 2905478, 1, 0
20921, 2903341, 1, 0
20923, 2898387, 1, 0
20925, 2896856, 1, 0
20926, 2865974, 1, 0
20928, 2916820, 1, 0
21008, 2977263, 1, 0
21009, 2987157, 1, 0
21010, 2977027, 1, 0
21010, 2987054, 1, 0
21254, 3215593, 1, 0
21255, 3215810, 1, 0
21256, 3197802, 1, 0
22362, 3045887, 1, 0
22362, 1440871, 1, 0
22408, 1759479, 1, 0
22410, 1483503, 1, 0
24707, 1351184, 1, 0
24710, 2348607, 1, 0
24712, 2302037, 1, 0
24713, 2271451, 1, 0
24715, 2306699, 1, 0
24757, 2331146, 1, 0
24757, 2302290, 1, 0
24758, 2302168, 1, 0
24764, 2300728, 1, 0
24765, 2300411, 1, 0
25189, 2347876, 1, 0
34318, 6159469, 1, 0
34321, 9613635, 1, 0
34322, 9557944, 1, 0
34324, 9558985, 1, 0
34326, 9612295, 1, 0
34328, 9549148, 1, 0
34329, 9613997, 1, 0
34330, 9573557, 1, 0
34331, 9551519, 1, 0
34333, 9537949, 1, 0
34474, 9677504, 1, 0
34474, 9677026, 1, 0
34475, 9676481, 1, 0
34475, 9717161, 1, 0
34737, 9935734, 1, 0
34738, 9933357, 1, 0
34738, 9932460, 1, 0
34739, 9550220, 1, 0
34740, 9550128, 1, 0
34740, 9972015, 1, 0
34741, 9960470, 1, 0
34742, 9944917, 1, 0
34742, 9944465, 1, 0
34743, 9939677, 1, 0
35535, 10731323, 1, 0
35536, 10728904, 1, 0
35538, 10826765, 1, 0
35540, 10782974, 1, 0
35541, 10775704, 1, 0
35541, 10745769, 1, 0
35542, 10739744, 1, 0
35542, 10737227, 1, 0
36214, 1895272, 1, 0
36217, 1894936, 1, 0
36226, 1902463, 1, 0
36231, 1902263, 1, 0
36243, 1913999, 1, 0
36244, 1913521, 1, 0
36248, 1773806, 1, 0
36249, 1917296, 1, 0
36254, 1928636, 1, 0
36255, 1934404, 1, 0
36256, 1922677, 1, 0
36256, 1782628, 1, 0
36263, 1525872, 1, 0
36520, 1349723, 1, 0
38673, 1491535, 1, 0
38674, 2448138, 1, 0
38678, 2460877, 1, 0
42362, 6130979, 1, 0
42385, 6141649, 1, 0
42387, 6138576, 1, 0
42389, 6133778, 1, 0
42396, 6139941, 1, 0
42399, 6133964, 1, 0
42445, 6178979, 1, 0
42446, 6160896, 1, 0
42448, 6159453, 1, 0
42449, 5928104, 1, 0
42452, 5931841, 1, 0
42454, 5926359, 1, 0
42455, 6212455, 1, 0
42457, 6209144, 1, 0
42458, 6204180, 1, 0
42460, 6193770, 1, 0
42467, 6210213, 1, 0
42467, 6204120, 1, 0
42468, 6181102, 1, 0
42469, 5946686, 1, 0
42500, 6063615, 1, 0
44869, 4296757, 1, 0
44871, 2483721, 1, 0
44872, 2423879, 1, 0
44872, 2473137, 1, 0
44873, 2414328, 1, 0
44873, 2406085, 1, 0
44874, 2397925, 1, 0
44874, 2372712, 1, 0
44874, 2371413, 1, 0
45040, 2512717, 1, 0
50402, 2802338, 1, 0
50404, 5531157, 1, 0
50409, 5534665, 1, 0
50409, 5536400, 1, 0
50415, 5540469, 1, 0
50415, 5544437, 1, 0
50417, 5541772, 1, 0
50421, 5379348, 1, 0
50424, 5257083, 1, 0
50484, 5241390, 1, 0
50494, 5622016, 1, 0
50497, 5624890, 1, 0
50499, 5458248, 1, 0
50500, 5459611, 1, 0
50502, 5460571, 1, 0
50503, 5400042, 1, 0
50505, 5631199, 1, 0
50508, 5352273, 1, 0
50510, 5470594, 1, 0
50515, 5273784, 1, 0
50515, 5355100, 1, 0
50516, 5474186, 1, 0
50909, 5416422, 1, 0
51916, 3621457, 1, 0
51919, 1502391, 1, 0
51922, 1497788, 1, 0
51929, 1435528, 1, 0
52035, 1488250, 1, 0
52294, 1609043, 1, 0
61566, 3283277, 1, 0
62216, 10286489, 1, 0
62216, 10284906, 1, 0
62216, 10283357, 1, 0
62216, 10276347, 1, 0
62216, 10275245, 1, 0
62216, 10167656, 1, 0
62216, 10139729, 1, 0
62216, 10139329, 1, 0
62216, 10044781, 1, 0
62216, 10041273, 1, 0
62216, 10037277, 1, 0
62216, 9921393, 1, 0
62216, 9920981, 1, 0
62216, 9920540, 1, 0
62216, 10293620, 1, 0
62216, 10296761, 1, 0
62216, 10286080, 1, 0
62216, 10177595, 1, 0
62216, 10171302, 1, 0
62216, 10275797, 1, 0
62216, 10180506, 1, 0
62216, 10170757, 1, 0
62216, 10140558, 1, 0
62216, 10140148, 1, 0
62216, 10036866, 1, 0
62216, 10045181, 1, 0
62216, 9878841, 1, 0
62216, 10041681, 1, 0
62216, 10040522, 1, 0
62216, 9878156, 1, 0
62216, 10035876, 1, 0
2995, 2995794, 1, 0
2998, 2997565, 1, 0
3000, 2998086, 1, 0
3034, 3030128, 1, 0
3036, 3032861, 1, 0
3037, 3027920, 1, 0
3040, 3029103, 1, 0
3042, 3035877, 1, 0
3044, 3026170, 1, 0
3045, 3035629, 1, 0
3047, 3032879, 1, 0
3049, 3033347, 1, 0
11566, 4749346, 1, 0
11568, 11546334, 1, 0
11570, 11551807, 1, 0
11572, 11546662, 1, 0
11573, 11546806, 1, 0
11578, 11548200, 1, 0
11579, 11558916, 1, 0
11579, 11551478, 1, 0
11580, 11545004, 1, 0
11581, 11548184, 1, 0
11583, 11548714, 1, 0
11589, 8594111, 1, 0
11590, 11566913, 1, 0
11591, 8592161, 1, 0
11591, 8591187, 1, 0
11605, 8570674, 1, 0
11606, 8563691, 1, 0
11607, 8559740, 1, 0
11607, 8555414, 1, 0
11608, 8571240, 1, 0
11609, 8572720, 1, 0
11609, 8569075, 1, 0
11610, 8564611, 1, 0
11611, 8560732, 1, 0
11611, 8567850, 1, 0
12213, 9158630, 1, 0
12214, 12189702, 1, 0
12215, 12186052, 1, 0
12215, 12184194, 1, 0
12216, 12183507, 1, 0
12216, 9167486, 1, 0
12216, 9129677, 1, 0
13449, 1882355, 1, 0
13451, 1882814, 1, 0
13452, 1880526, 1, 0
13454, 1883547, 1, 0
13456, 1876450, 1, 0
13457, 1874439, 1, 0
13459, 1868908, 1, 0
13461, 1869468, 1, 0
13462, 1855087, 1, 0
13885, 1796773, 1, 0
13886, 1670409, 1, 0
24507, 3274726, 1, 0
24508, 11056972, 1, 0
24510, 11057286, 1, 0
27444, 13990426, 1, 0
27447, 13984512, 1, 0
27449, 13960807, 1, 0
27451, 13994970, 1, 0
27452, 13987536, 1, 0
27454, 13983632, 1, 0
27457, 13985350, 1, 0
27458, 13985877, 1, 0
27459, 13986880, 1, 0
27469, 13981572, 1, 0
27485, 13995170, 1, 0
27485, 13994795, 1, 0
27499, 13612752, 1, 0
27501, 13613016, 1, 0
27502, 14014296, 1, 0
27503, 14045990, 1, 0
27504, 14016323, 1, 0
27505, 14045778, 1, 0
27505, 14017113, 1, 0
27507, 14020675, 1, 0
27507, 14046749, 1, 0
27508, 14019029, 1, 0
27508, 14018499, 1, 0
27853, 13967986, 1, 0
27854, 13967305, 1, 0
27855, 13966283, 1, 0
27855, 13966083, 1, 0
27855, 13965898, 1, 0
27856, 3349113, 1, 0
27856, 13966192, 1, 0
27857, 3348462, 1, 0
27857, 3347180, 1, 0
28553, 1108760, 1, 0
28558, 1101067, 1, 0
28588, 1141149, 1, 0
28605, 1147437, 1, 0
28606, 1151337, 1, 0
28617, 1148864, 1, 0
28619, 1117932, 1, 0
28623, 1138752, 1, 0
28625, 1126113, 1, 0
28626, 1121584, 1, 0
28628, 1119914, 1, 0
28629, 1120922, 1, 0
28631, 1182369, 1, 0
28633, 778686, 1, 0
28639, 784500, 1, 0
28640, 1189549, 1, 0
28641, 1188505, 1, 0
28641, 785427, 1, 0
28655, 1148253, 1, 0
28656, 1148427, 1, 0
28656, 800317, 1, 0
28657, 800009, 1, 0
28658, 1198370, 1, 0
28658, 1172860, 1, 0
28805, 1045565, 1, 0
43622, 4567236, 1, 0
43628, 15070137, 1, 0
43678, 15090456, 1, 0
43680, 15074212, 1, 0
43682, 15064703, 1, 0
43685, 15061434, 1, 0
43685, 15066811, 1, 0
43686, 15060036, 1, 0
43688, 15056993, 1, 0
43690, 15056805, 1, 0
43691, 15051345, 1, 0
43693, 15053308, 1, 0
43694, 15053836, 1, 0
43696, 15054769, 1, 0
43703, 15047636, 1, 0
43704, 15041178, 1, 0
43705, 14899949, 1, 0
43705, 15100175, 1, 0
43719, 15062531, 1, 0
43720, 15062730, 1, 0
43720, 15062792, 1, 0
43721, 15061675, 1, 0
43722, 15061661, 1, 0
43722, 15097143, 1, 0
43723, 15093374, 1, 0
43723, 15095615, 1, 0
43724, 15068223, 1, 0
43725, 15066446, 1, 0
44029, 15222699, 1, 0
44030, 15370811, 1, 0
44030, 15224382, 1, 0
44030, 15224508, 1, 0
48630, 5007852, 1, 0
48648, 4968440, 1, 0
48655, 4976131, 1, 0
48670, 4983902, 1, 0
48677, 4971412, 1, 0
48677, 4985909, 1, 0
48678, 4995839, 1, 0
48683, 5055473, 1, 0
48684, 4999236, 1, 0
48685, 4996508, 1, 0
48685, 4962616, 1, 0
48686, 4990062, 1, 0
48687, 4983704, 1, 0
48703, 5017771, 1, 0
48704, 5011187, 1, 0
48705, 5015017, 1, 0
48705, 5010612, 1, 0
48709, 5004064, 1, 0
48710, 4990629, 1, 0
48710, 4990592, 1, 0
48711, 4990524, 1, 0
48713, 4684225, 1, 0
48735, 5013548, 1, 0
49087, 5364823, 1, 0
49088, 5384142, 1, 0
49088, 5367200, 1, 0
49089, 5365339, 1, 0
49093, 5368747, 1, 0
49094, 5370008, 1, 0
49095, 5064968, 1, 0
49095, 5064989, 1, 0
49095, 5065042, 1, 0
52591, 3961319, 1, 0
52594, 3945396, 1, 0
52597, 3911423, 1, 0
52603, 3917228, 1, 0
52604, 3900316, 1, 0
52604, 3899314, 1, 0
52604, 3899141, 1, 0
52749, 4071755, 1, 0
52750, 4072603, 1, 0
52752, 4041282, 1, 0
52753, 4039451, 1, 0
52753, 4098464, 1, 0
52754, 4083232, 1, 0
52767, 3671534, 1, 0
52818, 4134302, 1, 0
52820, 4141920, 1, 0
52821, 4137993, 1, 0
52828, 4142755, 1, 0
52828, 4119047, 1, 0
52828, 3741292, 1, 0
52829, 3741194, 1, 0
52834, 4147540, 1, 0
52834, 4130466, 1, 0
52835, 3746572, 1, 0
52835, 3741743, 1, 0
52977, 4267108, 1, 0
52977, 4267138, 1, 0
52978, 4242810, 1, 0
52978, 3883820, 1, 0
52979, 3883841, 1, 0
52980, 3890934, 1, 0
52980, 3886184, 1, 0
63855, 11258644, 1, 0
64058, 11454520, 1, 0
64058, 11454181, 1, 0
64058, 11453829, 1, 0
64058, 11453475, 1, 0
64058, 11305071, 1, 0
64058, 11304649, 1, 0
64058, 11290690, 1, 0
64058, 11304181, 1, 0
64058, 11239323, 1, 0
64058, 11237862, 1, 0
64058, 11230190, 1, 0
64058, 11466709, 1, 0
64058, 11229471, 1, 0
64058, 11223661, 1, 0
64058, 11223291, 1, 0
64058, 11222933, 1, 0
64058, 11222602, 1, 0
64058, 11307735, 1, 0
64058, 11463897, 1, 0
64058, 11305513, 1, 0
64058, 11236363, 1, 0
64058, 11229829, 1, 0
64058, 11080992, 1, 0
64058, 11079354, 1, 0
64058, 11077423, 1, 0
64058, 11309203, 1, 0
64058, 11228867, 1, 0
64058, 11080246, 1, 0
64058, 11079779, 1, 0
64058, 11077996, 1, 0
64058, 11078895, 1, 0
