251, 91852, 0, 0
510, 154424, 0, 0
750, 241898, 0, 0
1007, 141865, 0, 0
1253, 178101, 0, 0
1505, 290368, 0, 0
1782, 281790, 0, 0
2001, 217460, 0, 0
2251, 316599, 0, 0
2507, 389264, 0, 0
2758, 515921, 0, 0
3002, 354444, 0, 0
3321, 271543, 0, 0
3515, 357220, 0, 0
3760, 287250, 0, 0
4006, 224506, 0, 0
4265, 280082, 0, 0
4515, 420357, 0, 0
4754, 492766, 0, 0
5000, 363916, 0, 0
5255, 208556, 0, 0
5592, 696941, 0, 0
5766, 540438, 0, 0
6006, 713603, 0, 0
6252, 759759, 0, 0
6501, 236234, 0, 0
6754, 169355, 0, 0
7004, 320935, 0, 0
7354, 514538, 0, 0
7525, 329685, 0, 0
7750, 204708, 0, 0
8000, 273010, 0, 0
8354, 266484, 0, 0
8527, 400763, 0, 0
8765, 318108, 0, 0
9014, 241346, 0, 0
9250, 129084, 0, 0
9505, 186592, 0, 0
9763, 327348, 0, 0
10033, 287210, 0, 0
10255, 82444, 0, 0
10520, 90804, 0, 0
10753, 249650, 0, 0
11013, 34438, 0, 0
11261, 557622, 0, 0
11502, 384688, 0, 0
11751, 124497, 0, 0
12015, 296365, 0, 0
12254, 161605, 0, 0
12508, 87260, 0, 0
12756, 221162, 0, 0
13000, 14651, 0, 0
13281, 423039, 0, 0
13512, 289921, 0, 0
13778, 352057, 0, 0
14003, 519196, 0, 0
14309, 280093, 0, 0
14501, 21882, 0, 0
14780, 811599, 0, 0
15017, 267390, 0, 0
15251, 848726, 0, 0
15518, 329671, 0, 0
15804, 366079, 0, 0
16001, 609330, 0, 0
16254, 481011, 0, 0
16502, 171174, 0, 0
16815, 45609, 0, 0
17003, 752025, 0, 0
17252, 39371, 0, 0
17500, 582982, 0, 0
17780, 227447, 0, 0
18026, 408528, 0, 0
18251, 255023, 0, 0
18501, 420363, 0, 0
18777, 541479, 0, 0
19006, 809905, 0, 0
19267, 710459, 0, 0
19509, 276468, 0, 0
19755, 454209, 0, 0
20006, 38335, 0, 0
20250, 28148, 0, 0
20553, 467002, 0, 0
20750, 303716, 0, 0
21026, 306438, 0, 0
21251, 229927, 0, 0
21504, 263164, 0, 0
21755, 452928, 0, 0
22007, 57954, 0, 0
22343, 753497, 0, 0
22510, 1598023, 0, 0
22757, 757364, 0, 0
23003, 401679, 0, 0
23254, 204314, 0, 0
23533, 244499, 0, 0
23752, 400292, 0, 0
24002, 536475, 0, 0
24263, 313565, 0, 0
24504, 339088, 0, 0
24752, 17917, 0, 0
25005, 378071, 0, 0
25270, 136454, 0, 0
25516, 795833, 0, 0
25752, 252748, 0, 0
26009, 249248, 0, 0
26266, 374363, 0, 0
26500, 320397, 0, 0
26754, 266651, 0, 0
27001, 258730, 0, 0
27250, 382479, 0, 0
27501, 153716, 0, 0
27754, 245440, 0, 0
28151, 428353, 0, 0
28290, 69237, 0, 0
28502, 330312, 0, 0
28754, 273340, 0, 0
29011, 413724, 0, 0
29254, 252623, 0, 0
29500, 165938, 0, 0
29750, 486438, 0, 0
30049, 61661, 0, 0
30255, 328955, 0, 0
30511, 659905, 0, 0
30753, 331710, 0, 0
31003, 34347, 0, 0
31270, 32965, 0, 0
31514, 475268, 0, 0
31750, 526663, 0, 0
32007, 276880, 0, 0
32254, 273107, 0, 0
32600, 38891, 0, 0
32792, 38493, 0, 0
33007, 686040, 0, 0
33281, 318233, 0, 0
33529, 1343126, 0, 0
33753, 533951, 0, 0
34004, 418986, 0, 0
34252, 175387, 0, 0
34502, 353833, 0, 0
34753, 746721, 0, 0
35001, 759102, 0, 0
35250, 279192, 0, 0
35518, 207089, 0, 0
35753, 103330, 0, 0
36001, 442492, 0, 0
36265, 170174, 0, 0
36509, 291561, 0, 0
36763, 626908, 0, 0
37152, 1259865, 0, 0
37277, 686133, 0, 0
37548, 37795, 0, 0
37750, 352219, 0, 0
38007, 488030, 0, 0
38252, 454747, 0, 0
38500, 510199, 0, 0
38757, 35967, 0, 0
39004, 1587058, 0, 0
39262, 36047, 0, 0
39520, 248737, 0, 0
39752, 336660, 0, 0
40007, 111316, 0, 0
40253, 196144, 0, 0
40502, 207109, 0, 0
40755, 640838, 0, 0
41040, 218374, 0, 0
41253, 184071, 0, 0
41506, 303517, 0, 0
41754, 616875, 0, 0
42004, 330163, 0, 0
42270, 766800, 0, 0
42514, 162232, 0, 0
42837, 754578, 0, 0
43093, 3694962, 0, 0
43347, 554216, 0, 0
43514, 1441765, 0, 0
43793, 507396, 0, 0
44011, 248640, 0, 0
44252, 862582, 0, 0
44500, 353382, 0, 0
44852, 2378798, 0, 0
45000, 981001, 0, 0
45313, 1184319, 0, 0
45525, 42352, 0, 0
45754, 729188, 0, 0
46009, 371618, 0, 0
46250, 305409, 0, 0
46506, 331561, 0, 0
46770, 161311, 0, 0
47007, 645320, 0, 0
47260, 315298, 0, 0
47510, 468969, 0, 0
47761, 121091, 0, 0
48003, 208005, 0, 0
48253, 239143, 0, 0
48503, 254340, 0, 0
48777, 247891, 0, 0
49009, 268290, 0, 0
49274, 606631, 0, 0
49509, 28221, 0, 0
49757, 583720, 0, 0
50005, 334942, 0, 0
50252, 25031, 0, 0
50506, 607687, 0, 0
50769, 971327, 0, 0
51039, 1489138, 0, 0
51266, 231039, 0, 0
51500, 163018, 0, 0
51765, 504806, 0, 0
52006, 718049, 0, 0
52250, 30805, 0, 0
52500, 400994, 0, 0
52754, 215546, 0, 0
53026, 232946, 0, 0
53251, 287574, 0, 0
53500, 375388, 0, 0
53756, 18182, 0, 0
54005, 505833, 0, 0
54251, 395092, 0, 0
54524, 111287, 0, 0
54758, 172996, 0, 0
55056, 24308, 0, 0
55256, 462007, 0, 0
55503, 296531, 0, 0
55767, 287390, 0, 0
56002, 389952, 0, 0
56254, 632959, 0, 0
56500, 471914, 0, 0
56781, 177814, 0, 0
57003, 41814, 0, 0
57253, 556499, 0, 0
57570, 873943, 0, 0
57754, 687986, 0, 0
58000, 371675, 0, 0
58313, 413231, 0, 0
58515, 296121, 0, 0
58775, 191679, 0, 0
59183, 563230, 0, 0
59258, 1883221, 0, 0
59504, 389547, 0, 0
59766, 101341, 0, 0
60004, 629695, 0, 0
61310, 1315348, 0, 0
61310, 1388921, 0, 0
61310, 1316120, 0, 0
61310, 1376702, 0, 0
61310, 4943186, 0, 0
61310, 3266420, 0, 0
259, 99089, 0, 0
500, 171487, 0, 0
760, 179384, 0, 0
1005, 257253, 0, 0
1261, 163602, 0, 0
1524, 361584, 0, 0
1750, 177921, 0, 0
2019, 807036, 0, 0
2284, 257278, 0, 0
2567, 306305, 0, 0
2750, 360753, 0, 0
3008, 513729, 0, 0
3258, 245553, 0, 0
3500, 323944, 0, 0
3806, 371971, 0, 0
4000, 605142, 0, 0
4262, 221585, 0, 0
4505, 320323, 0, 0
4781, 184112, 0, 0
5001, 455402, 0, 0
5256, 269131, 0, 0
5500, 184689, 0, 0
5775, 441269, 0, 0
6070, 278501, 0, 0
6399, 312435, 0, 0
6507, 599170, 0, 0
6757, 237323, 0, 0
7008, 312566, 0, 0
7304, 184247, 0, 0
7509, 668772, 0, 0
7853, 461864, 0, 0
8006, 580495, 0, 0
8252, 432738, 0, 0
8503, 195266, 0, 0
8861, 212751, 0, 0
9001, 560688, 0, 0
9371, 500646, 0, 0
9518, 284895, 0, 0
9759, 382601, 0, 0
10002, 294735, 0, 0
10271, 154018, 0, 0
10647, 538715, 0, 0
10759, 645425, 0, 0
11015, 891990, 0, 0
11255, 353026, 0, 0
11502, 244602, 0, 0
11756, 463112, 0, 0
12026, 437635, 0, 0
12431, 357296, 0, 0
12508, 25657, 0, 0
12774, 481640, 0, 0
13006, 715110, 0, 0
13256, 327044, 0, 0
13501, 467237, 0, 0
13800, 735692, 0, 0
14247, 1219252, 0, 0
14261, 13743, 0, 0
14512, 482737, 0, 0
14755, 322627, 0, 0
15001, 207911, 0, 0
15267, 411373, 0, 0
15513, 506560, 0, 0
15753, 680260, 0, 0
16002, 188083, 0, 0
16256, 306983, 0, 0
16501, 244003, 0, 0
16758, 386729, 0, 0
17011, 340462, 0, 0
17254, 427268, 0, 0
17521, 194119, 0, 0
17773, 395372, 0, 0
18292, 823318, 0, 0
18310, 17279, 0, 0
18505, 741148, 0, 0
18755, 628716, 0, 0
19085, 720330, 0, 0
19301, 714491, 0, 0
19513, 308355, 0, 0
19764, 285422, 0, 0
20003, 517262, 0, 0
20253, 47098, 0, 0
20505, 700477, 0, 0
20754, 356877, 0, 0
21000, 720911, 0, 0
21288, 327343, 0, 0
21504, 291234, 0, 0
21751, 28559, 0, 0
22004, 332917, 0, 0
22254, 381968, 0, 0
22519, 403297, 0, 0
22790, 220378, 0, 0
23011, 262323, 0, 0
23251, 261259, 0, 0
23516, 638202, 0, 0
23768, 321530, 0, 0
24000, 237156, 0, 0
24250, 401071, 0, 0
24513, 357927, 0, 0
24763, 407847, 0, 0
25006, 296138, 0, 0
25261, 289772, 0, 0
25505, 221030, 0, 0
25765, 541511, 0, 0
26131, 1833124, 0, 0
26271, 487545, 0, 0
26568, 419300, 0, 0
26772, 364612, 0, 0
27048, 747441, 0, 0
27320, 2257969, 0, 0
27523, 770799, 0, 0
27751, 236369, 0, 0
28000, 488714, 0, 0
28257, 542028, 0, 0
28500, 188337, 0, 0
28795, 308180, 0, 0
29002, 320835, 0, 0
29251, 303307, 0, 0
29501, 246493, 0, 0
29758, 229603, 0, 0
30000, 51776, 0, 0
30326, 374715, 0, 0
30564, 48608, 0, 0
30771, 325100, 0, 0
31002, 338147, 0, 0
31263, 187601, 0, 0
31504, 372200, 0, 0
31757, 312334, 0, 0
32007, 253277, 0, 0
32260, 370395, 0, 0
32505, 390525, 0, 0
32772, 177081, 0, 0
33004, 121752, 0, 0
33251, 597782, 0, 0
33505, 303165, 0, 0
33757, 140783, 0, 0
34020, 410788, 0, 0
34278, 186665, 0, 0
34512, 732081, 0, 0
34762, 32518, 0, 0
35001, 515700, 0, 0
35261, 372895, 0, 0
35502, 366173, 0, 0
35759, 473033, 0, 0
36045, 404604, 0, 0
36250, 1487748, 0, 0
36500, 469824, 0, 0
36751, 207573, 0, 0
37008, 246033, 0, 0
37250, 181775, 0, 0
37518, 337959, 0, 0
37752, 231911, 0, 0
38018, 143206, 0, 0
38253, 176844, 0, 0
38509, 350439, 0, 0
38758, 426422, 0, 0
39002, 225378, 0, 0
39377, 661317, 0, 0
39507, 685308, 0, 0
39784, 626811, 0, 0
40009, 25062, 0, 0
40251, 594097, 0, 0
40515, 411511, 0, 0
40897, 793580, 0, 0
41008, 1248220, 0, 0
41256, 379909, 0, 0
41507, 484688, 0, 0
41803, 742903, 0, 0
42000, 306132, 0, 0
42255, 295126, 0, 0
42561, 354651, 0, 0
42758, 600854, 0, 0
43004, 313147, 0, 0
43255, 241706, 0, 0
43501, 515414, 0, 0
43753, 481519, 0, 0
44052, 1166481, 0, 0
44261, 209228, 0, 0
44520, 382772, 0, 0
44751, 163915, 0, 0
45009, 220834, 0, 0
45256, 314045, 0, 0
45504, 312159, 0, 0
45760, 167480, 0, 0
46001, 24155, 0, 0
46269, 226698, 0, 0
46506, 616085, 0, 0
46873, 1093281, 0, 0
47012, 388440, 0, 0
47257, 394854, 0, 0
47500, 270386, 0, 0
47753, 682862, 0, 0
48000, 28029, 0, 0
48252, 326462, 0, 0
48535, 24055, 0, 0
48756, 426842, 0, 0
49003, 416776, 0, 0
49292, 187915, 0, 0
49502, 535365, 0, 0
49750, 486380, 0, 0
50006, 575592, 0, 0
50270, 457181, 0, 0
50502, 259279, 0, 0
50757, 461151, 0, 0
51003, 1247546, 0, 0
51252, 256133, 0, 0
51505, 716621, 0, 0
51776, 593170, 0, 0
52000, 576821, 0, 0
52266, 493509, 0, 0
52505, 139372, 0, 0
52793, 1053392, 0, 0
53002, 623860, 0, 0
53250, 519604, 0, 0
53563, 149644, 0, 0
53756, 998841, 0, 0
54027, 494671, 0, 0
54250, 373161, 0, 0
54503, 333500, 0, 0
54755, 140577, 0, 0
55098, 449739, 0, 0
55266, 676827, 0, 0
55508, 31302, 0, 0
55780, 522595, 0, 0
56004, 547241, 0, 0
56257, 356240, 0, 0
56636, 188097, 0, 0
56790, 2441662, 0, 0
57015, 1260411, 0, 0
57326, 968317, 0, 0
57501, 2487958, 0, 0
57898, 846287, 0, 0
58001, 17157, 0, 0
58250, 538751, 0, 0
58505, 122727, 0, 0
58848, 614614, 0, 0
59006, 341010, 0, 0
59293, 454937, 0, 0
59520, 1089110, 0, 0
59755, 1014860, 0, 0
60024, 26446, 0, 0
61362, 5067346, 0, 0
61362, 5052759, 0, 0
61362, 4990532, 0, 0
61362, 4962594, 0, 0
61362, 4910732, 0, 0
61362, 3071697, 0, 0
253, 118800, 0, 0
515, 143349, 0, 0
753, 189979, 0, 0
1003, 209874, 0, 0
1254, 278108, 0, 0
1503, 218192, 0, 0
1750, 264422, 0, 0
2073, 122372, 0, 0
2258, 351090, 0, 0
2504, 416866, 0, 0
2760, 252428, 0, 0
3003, 206941, 0, 0
3253, 371742, 0, 0
3506, 430821, 0, 0
3755, 224048, 0, 0
4015, 478664, 0, 0
4252, 587937, 0, 0
4516, 545328, 0, 0
4756, 372760, 0, 0
5001, 172131, 0, 0
5253, 329687, 0, 0
5506, 433361, 0, 0
5756, 529574, 0, 0
6001, 249455, 0, 0
6255, 584083, 0, 0
6501, 403631, 0, 0
6751, 587362, 0, 0
7021, 496358, 0, 0
7256, 267210, 0, 0
7502, 467559, 0, 0
7762, 481598, 0, 0
8024, 247869, 0, 0
8251, 984047, 0, 0
8518, 328206, 0, 0
8753, 577993, 0, 0
9005, 158560, 0, 0
9261, 727278, 0, 0
9525, 444347, 0, 0
9756, 234727, 0, 0
10010, 758477, 0, 0
10260, 157755, 0, 0
10501, 414954, 0, 0
10751, 283569, 0, 0
11003, 356800, 0, 0
11251, 792816, 0, 0
11504, 72670, 0, 0
11760, 685467, 0, 0
12005, 343121, 0, 0
12250, 408789, 0, 0
12578, 371765, 0, 0
12786, 258138, 0, 0
13004, 31116, 0, 0
13267, 419453, 0, 0
13503, 629323, 0, 0
13759, 184635, 0, 0
14003, 185821, 0, 0
14252, 262932, 0, 0
14500, 500420, 0, 0
14750, 206518, 0, 0
15009, 477730, 0, 0
15255, 880823, 0, 0
15510, 608713, 0, 0
15759, 1182994, 0, 0
16011, 356053, 0, 0
16256, 510333, 0, 0
16512, 251775, 0, 0
16777, 52961, 0, 0
17085, 875744, 0, 0
17576, 1788744, 0, 0
17615, 39559, 0, 0
17761, 1873020, 0, 0
18001, 251164, 0, 0
18250, 459371, 0, 0
18505, 428510, 0, 0
18766, 730078, 0, 0
19002, 222334, 0, 0
19256, 773034, 0, 0
19500, 721069, 0, 0
19753, 370309, 0, 0
20008, 195075, 0, 0
20378, 378523, 0, 0
20613, 477813, 0, 0
20754, 487214, 0, 0
21016, 28085, 0, 0
21263, 1181467, 0, 0
21528, 433352, 0, 0
21756, 429067, 0, 0
22002, 32373, 0, 0
22259, 704599, 0, 0
22507, 402733, 0, 0
22778, 482187, 0, 0
23010, 399147, 0, 0
23250, 723145, 0, 0
23501, 147817, 0, 0
23750, 197977, 0, 0
24002, 33158, 0, 0
24258, 180186, 0, 0
24593, 559534, 0, 0
24838, 715960, 0, 0
25107, 1199891, 0, 0
25334, 914716, 0, 0
25630, 1058180, 0, 0
25751, 626079, 0, 0
26003, 572905, 0, 0
26255, 222389, 0, 0
26503, 394027, 0, 0
26765, 1193405, 0, 0
27000, 559205, 0, 0
27307, 475411, 0, 0
27565, 1121574, 0, 0
27756, 296021, 0, 0
28044, 316358, 0, 0
28250, 355467, 0, 0
28500, 116758, 0, 0
28770, 121616, 0, 0
29021, 283636, 0, 0
29318, 115966, 0, 0
29502, 925334, 0, 0
29780, 423490, 0, 0
30004, 230502, 0, 0
30275, 980685, 0, 0
30501, 406415, 0, 0
30758, 196771, 0, 0
31007, 33405, 0, 0
31252, 521828, 0, 0
31502, 356449, 0, 0
31767, 211982, 0, 0
32122, 545959, 0, 0
32290, 692187, 0, 0
32506, 735844, 0, 0
32752, 448375, 0, 0
33002, 416225, 0, 0
33260, 2802589, 0, 0
33532, 1990951, 0, 0
33762, 727519, 0, 0
34008, 730662, 0, 0
34255, 546102, 0, 0
34503, 299240, 0, 0
34792, 520420, 0, 0
35005, 225333, 0, 0
35273, 571392, 0, 0
35506, 3634131, 0, 0
35778, 532864, 0, 0
36007, 256282, 0, 0
36252, 545880, 0, 0
36573, 633983, 0, 0
36874, 1087218, 0, 0
37022, 830858, 0, 0
37261, 507168, 0, 0
37504, 579398, 0, 0
37754, 202385, 0, 0
38002, 475785, 0, 0
38261, 422096, 0, 0
38510, 411848, 0, 0
38751, 270470, 0, 0
39007, 662129, 0, 0
39259, 38936, 0, 0
39632, 1823269, 0, 0
39762, 25880, 0, 0
40000, 585090, 0, 0
40250, 158336, 0, 0
40501, 309317, 0, 0
40849, 355316, 0, 0
41000, 610338, 0, 0
41264, 201848, 0, 0
41522, 210418, 0, 0
41754, 299823, 0, 0
42011, 277371, 0, 0
42315, 513097, 0, 0
42512, 1034369, 0, 0
42751, 330811, 0, 0
43017, 400590, 0, 0
43250, 66418, 0, 0
43646, 65427, 0, 0
43755, 854242, 0, 0
44038, 240518, 0, 0
44253, 321941, 0, 0
44503, 316701, 0, 0
44751, 324777, 0, 0
45021, 207737, 0, 0
45260, 384144, 0, 0
45505, 280293, 0, 0
45758, 1727687, 0, 0
46008, 569017, 0, 0
46256, 211338, 0, 0
46523, 414389, 0, 0
46753, 200498, 0, 0
47040, 242983, 0, 0
47252, 497642, 0, 0
47623, 465488, 0, 0
47779, 1965141, 0, 0
48179, 618854, 0, 0
48252, 24151, 0, 0
48516, 453230, 0, 0
48756, 22560, 0, 0
49008, 709754, 0, 0
49266, 309644, 0, 0
49518, 863502, 0, 0
49756, 919691, 0, 0
50009, 865794, 0, 0
50253, 267750, 0, 0
50502, 212797, 0, 0
50757, 404726, 0, 0
51008, 181563, 0, 0
51256, 310042, 0, 0
51531, 421715, 0, 0
51755, 574592, 0, 0
52043, 157480, 0, 0
52256, 21264, 0, 0
52504, 470545, 0, 0
52828, 397041, 0, 0
53009, 580161, 0, 0
53257, 548262, 0, 0
53505, 394935, 0, 0
53754, 170157, 0, 0
54001, 181170, 0, 0
54278, 730372, 0, 0
54514, 722467, 0, 0
54763, 572670, 0, 0
55002, 274804, 0, 0
55282, 405340, 0, 0
55501, 345107, 0, 0
55822, 300717, 0, 0
56000, 304319, 0, 0
56306, 619124, 0, 0
56500, 397485, 0, 0
56751, 1026255, 0, 0
57001, 242820, 0, 0
57253, 269547, 0, 0
57511, 176074, 0, 0
57750, 462967, 0, 0
58026, 501004, 0, 0
58303, 450874, 0, 0
58505, 341370, 0, 0
58752, 522049, 0, 0
59041, 1352146, 0, 0
59322, 2560818, 0, 0
59502, 1378317, 0, 0
59766, 35224, 0, 0
60127, 579140, 0, 0
61372, 4727926, 0, 0
61372, 4520271, 0, 0
61372, 4486154, 0, 0
61372, 4371529, 0, 0
61372, 4280434, 0, 0
61372, 2840496, 0, 0
262, 99662, 0, 0
506, 173572, 0, 0
782, 209464, 0, 0
1027, 182952, 0, 0
1262, 183588, 0, 0
1500, 239546, 0, 0
1751, 142596, 0, 0
2003, 224100, 0, 0
2252, 196643, 0, 0
2504, 274462, 0, 0
2766, 156853, 0, 0
3000, 247291, 0, 0
3253, 60988, 0, 0
3513, 478630, 0, 0
3752, 365609, 0, 0
4018, 200042, 0, 0
4250, 242826, 0, 0
4504, 187427, 0, 0
4784, 782614, 0, 0
5013, 172896, 0, 0
5251, 205697, 0, 0
5516, 161245, 0, 0
5757, 485507, 0, 0
6044, 654044, 0, 0
6258, 633105, 0, 0
6556, 584214, 0, 0
6755, 705868, 0, 0
7002, 331424, 0, 0
7265, 178134, 0, 0
7503, 207166, 0, 0
7750, 375184, 0, 0
8006, 166494, 0, 0
8250, 500931, 0, 0
8514, 226817, 0, 0
8771, 453313, 0, 0
9006, 164031, 0, 0
9252, 638496, 0, 0
9509, 153611, 0, 0
9753, 427182, 0, 0
10042, 227846, 0, 0
10259, 78256, 0, 0
10507, 246691, 0, 0
10807, 293810, 0, 0
11006, 269517, 0, 0
11298, 442646, 0, 0
11511, 750245, 0, 0
11909, 369632, 0, 0
12001, 316160, 0, 0
12259, 325853, 0, 0
12500, 604523, 0, 0
12826, 493239, 0, 0
13006, 772165, 0, 0
13256, 234652, 0, 0
13509, 422247, 0, 0
13752, 28851, 0, 0
14008, 733133, 0, 0
14250, 577460, 0, 0
14504, 240778, 0, 0
14752, 525490, 0, 0
15005, 243726, 0, 0
15253, 658390, 0, 0
15504, 39100, 0, 0
15752, 263537, 0, 0
16001, 460398, 0, 0
16257, 102190, 0, 0
16512, 397081, 0, 0
16750, 375500, 0, 0
17098, 51339, 0, 0
17305, 34498, 0, 0
17501, 731313, 0, 0
17751, 402305, 0, 0
18000, 337234, 0, 0
18261, 336368, 0, 0
18524, 355259, 0, 0
18969, 3560807, 0, 0
19025, 3548464, 0, 0
19259, 669177, 0, 0
19533, 805970, 0, 0
19752, 546794, 0, 0
20017, 752412, 0, 0
20258, 421487, 0, 0
20504, 154742, 0, 0
20843, 131473, 0, 0
21173, 1309955, 0, 0
21252, 586449, 0, 0
21509, 507472, 0, 0
21752, 760099, 0, 0
22020, 363664, 0, 0
22292, 321710, 0, 0
22674, 475490, 0, 0
22759, 21130, 0, 0
23004, 959210, 0, 0
23258, 614506, 0, 0
23505, 277097, 0, 0
23755, 530839, 0, 0
24112, 565118, 0, 0
24252, 654163, 0, 0
24509, 279380, 0, 0
24753, 186597, 0, 0
25003, 277171, 0, 0
25251, 508481, 0, 0
25500, 313500, 0, 0
25751, 193332, 0, 0
26003, 402915, 0, 0
26391, 442306, 0, 0
26508, 12928, 0, 0
26811, 593493, 0, 0
27026, 932358, 0, 0
27251, 393479, 0, 0
27505, 436152, 0, 0
27774, 111259, 0, 0
28002, 370918, 0, 0
28256, 338671, 0, 0
28530, 601077, 0, 0
28764, 534973, 0, 0
29001, 286288, 0, 0
29250, 138435, 0, 0
29507, 314744, 0, 0
29757, 402605, 0, 0
30004, 387221, 0, 0
30371, 386984, 0, 0
30584, 358575, 0, 0
30787, 407865, 0, 0
31007, 315583, 0, 0
31282, 505660, 0, 0
31523, 1277912, 0, 0
31775, 840140, 0, 0
32032, 472615, 0, 0
32252, 460636, 0, 0
32512, 649115, 0, 0
32750, 313897, 0, 0
33000, 463936, 0, 0
33257, 152358, 0, 0
33504, 547553, 0, 0
33781, 548141, 0, 0
34000, 369886, 0, 0
34515, 3869089, 0, 0
34530, 15129, 0, 0
34826, 949261, 0, 0
35000, 1016194, 0, 0
35255, 1001704, 0, 0
35509, 288831, 0, 0
35752, 441737, 0, 0
36005, 652103, 0, 0
36370, 374972, 0, 0
36509, 380437, 0, 0
36754, 405301, 0, 0
37029, 480649, 0, 0
37254, 566251, 0, 0
37506, 254212, 0, 0
37757, 32261, 0, 0
38026, 37114, 0, 0
38389, 626960, 0, 0
38517, 807427, 0, 0
38784, 382296, 0, 0
39027, 399246, 0, 0
39260, 587781, 0, 0
39508, 273842, 0, 0
39754, 322112, 0, 0
40000, 670864, 0, 0
40264, 30724, 0, 0
40513, 1136620, 0, 0
40754, 459955, 0, 0
41073, 749640, 0, 0
41361, 96151, 0, 0
41831, 1210311, 0, 0
41839, 7606, 0, 0
42019, 351383, 0, 0
42279, 288577, 0, 0
42501, 345885, 0, 0
42751, 552493, 0, 0
43004, 424543, 0, 0
43276, 173977, 0, 0
43535, 196266, 0, 0
43756, 327822, 0, 0
44009, 147154, 0, 0
44257, 189729, 0, 0
44505, 332917, 0, 0
44759, 306100, 0, 0
45010, 454547, 0, 0
45270, 1982548, 0, 0
45511, 372728, 0, 0
45896, 378220, 0, 0
46096, 39955, 0, 0
46341, 1322575, 0, 0
46538, 789946, 0, 0
46750, 1042132, 0, 0
47002, 460845, 0, 0
47266, 339793, 0, 0
47502, 459601, 0, 0
47754, 189328, 0, 0
48004, 662188, 0, 0
48287, 690024, 0, 0
48507, 720559, 0, 0
48753, 147531, 0, 0
49000, 181115, 0, 0
49250, 514027, 0, 0
49502, 286269, 0, 0
49766, 153038, 0, 0
50001, 30892, 0, 0
50282, 385180, 0, 0
50637, 1916699, 0, 0
50764, 768362, 0, 0
51046, 652707, 0, 0
51251, 36960, 0, 0
51509, 434944, 0, 0
51811, 961034, 0, 0
52006, 538025, 0, 0
52349, 242765, 0, 0
52505, 1427718, 0, 0
52755, 1135340, 0, 0
53005, 224279, 0, 0
53266, 311157, 0, 0
53545, 266948, 0, 0
53796, 578949, 0, 0
54001, 144444, 0, 0
54257, 279887, 0, 0
54501, 323315, 0, 0
54755, 257482, 0, 0
55012, 413931, 0, 0
55299, 105902, 0, 0
55591, 1092762, 0, 0
55752, 594766, 0, 0
56032, 149312, 0, 0
56268, 362636, 0, 0
56509, 521599, 0, 0
56800, 199791, 0, 0
57034, 262979, 0, 0
57251, 256879, 0, 0
57537, 90792, 0, 0
57753, 264052, 0, 0
58056, 164158, 0, 0
58437, 818733, 0, 0
58508, 1564047, 0, 0
58755, 555463, 0, 0
59000, 374727, 0, 0
59251, 313971, 0, 0
59506, 29003, 0, 0
59750, 287209, 0, 0
60014, 337418, 0, 0
61381, 1381404, 0, 0
61381, 1381272, 0, 0
61381, 1457219, 0, 0
61381, 4893148, 0, 0
61381, 4813262, 0, 0
61381, 3188526, 0, 0
265, 149810, 0, 0
575, 298235, 0, 0
790, 478954, 0, 0
1005, 579129, 0, 0
1258, 492065, 0, 0
1503, 478508, 0, 0
1805, 463101, 0, 0
2007, 666767, 0, 0
2257, 1162586, 0, 0
2515, 1033898, 0, 0
2759, 584460, 0, 0
3018, 691506, 0, 0
3251, 600693, 0, 0
3513, 382537, 0, 0
3750, 208284, 0, 0
4010, 431808, 0, 0
4267, 284131, 0, 0
4525, 499045, 0, 0
4771, 782609, 0, 0
5057, 690677, 0, 0
5309, 104637, 0, 0
5501, 71526, 0, 0
5786, 841841, 0, 0
6009, 430339, 0, 0
6252, 862812, 0, 0
6650, 973512, 0, 0
6761, 758076, 0, 0
7005, 700473, 0, 0
7254, 993318, 0, 0
7515, 489568, 0, 0
7789, 665348, 0, 0
8035, 1016783, 0, 0
8250, 190978, 0, 0
8502, 286002, 0, 0
8753, 232226, 0, 0
9037, 921693, 0, 0
9256, 245360, 0, 0
9505, 891795, 0, 0
9788, 866288, 0, 0
10001, 1027633, 0, 0
10261, 517417, 0, 0
10593, 197992, 0, 0
10750, 608674, 0, 0
11055, 283221, 0, 0
11259, 470686, 0, 0
11527, 810853, 0, 0
11752, 109812, 0, 0
12076, 803886, 0, 0
12290, 1220544, 0, 0
12501, 567374, 0, 0
12760, 212120, 0, 0
13051, 245735, 0, 0
13279, 106143, 0, 0
13543, 207579, 0, 0
13790, 871822, 0, 0
14010, 343677, 0, 0
14391, 427430, 0, 0
14545, 374502, 0, 0
14753, 83060, 0, 0
15000, 132862, 0, 0
15277, 196245, 0, 0
15524, 31417, 0, 0
15823, 1635287, 0, 0
16007, 186930, 0, 0
16265, 735365, 0, 0
16556, 74637, 0, 0
16783, 527824, 0, 0
17000, 838805, 0, 0
17254, 55369, 0, 0
17510, 887749, 0, 0
17757, 122090, 0, 0
18001, 747520, 0, 0
18261, 179721, 0, 0
18517, 42877, 0, 0
18777, 1469415, 0, 0
19002, 1558310, 0, 0
19254, 777797, 0, 0
19508, 51489, 0, 0
19777, 1010128, 0, 0
20014, 33522, 0, 0
20256, 48323, 0, 0
20500, 48783, 0, 0
20788, 57618, 0, 0
21060, 2204527, 0, 0
21323, 10868030, 0, 0
21517, 1862957, 0, 0
21785, 3564670, 0, 0
22051, 60876, 0, 0
22250, 2128122, 0, 0
22504, 50002, 0, 0
22799, 1195730, 0, 0
23000, 1051947, 0, 0
23256, 40313, 0, 0
23513, 520360, 0, 0
23750, 478173, 0, 0
24000, 880205, 0, 0
24281, 118648, 0, 0
24505, 78510, 0, 0
24814, 2061814, 0, 0
25010, 835352, 0, 0
25252, 1179898, 0, 0
25503, 1522318, 0, 0
25769, 446559, 0, 0
26010, 734922, 0, 0
26254, 1912341, 0, 0
26522, 1217453, 0, 0
26759, 653508, 0, 0
27011, 335205, 0, 0
27275, 447574, 0, 0
27506, 128835, 0, 0
27755, 336611, 0, 0
28004, 46215, 0, 0
28462, 978279, 0, 0
29152, 7809797, 0, 0
29166, 13710, 0, 0
29223, 57528, 0, 0
29260, 3898017, 0, 0
29531, 1130208, 0, 0
29992, 587838, 0, 0
30034, 42164, 0, 0
30274, 715364, 0, 0
30529, 1320732, 0, 0
30834, 249034, 0, 0
31011, 845158, 0, 0
31326, 884263, 0, 0
31519, 101068, 0, 0
31751, 154874, 0, 0
32000, 1469285, 0, 0
32274, 1142507, 0, 0
32504, 89113, 0, 0
32771, 171917, 0, 0
33000, 63311, 0, 0
33364, 45231, 0, 0
33539, 58281, 0, 0
33755, 2384589, 0, 0
34020, 1459734, 0, 0
34291, 91475, 0, 0
34546, 121448, 0, 0
34754, 131765, 0, 0
35018, 1628729, 0, 0
35302, 1285302, 0, 0
35514, 884331, 0, 0
35758, 128035, 0, 0
36006, 1936320, 0, 0
36254, 709149, 0, 0
36514, 1106580, 0, 0
36776, 689093, 0, 0
37039, 926715, 0, 0
37302, 1141097, 0, 0
37504, 141775, 0, 0
37750, 529263, 0, 0
38014, 109418, 0, 0
38278, 109785, 0, 0
38505, 84021, 0, 0
38845, 48554, 0, 0
39017, 24534, 0, 0
39371, 88592, 0, 0
39514, 1413621, 0, 0
39805, 1103684, 0, 0
40038, 116596, 0, 0
40335, 74193, 0, 0
40570, 33493, 0, 0
40822, 36040, 0, 0
41038, 4919276, 0, 0
41301, 1002075, 0, 0
41512, 169372, 0, 0
41764, 63239, 0, 0
42024, 50402, 0, 0
42286, 1250948, 0, 0
42566, 749738, 0, 0
42792, 170449, 0, 0
43010, 80095, 0, 0
43262, 1518035, 0, 0
43516, 85088, 0, 0
43761, 127984, 0, 0
44000, 4185448, 0, 0
44252, 1733806, 0, 0
44505, 78992, 0, 0
44756, 1056240, 0, 0
45022, 678925, 0, 0
45251, 797113, 0, 0
45506, 73482, 0, 0
45753, 70663, 0, 0
46022, 1023326, 0, 0
46293, 708314, 0, 0
46523, 47915, 0, 0
46750, 1976878, 0, 0
47004, 1797446, 0, 0
47250, 1239060, 0, 0
47508, 687016, 0, 0
47750, 477677, 0, 0
48008, 313748, 0, 0
48285, 923625, 0, 0
48517, 54628, 0, 0
48760, 44579, 0, 0
49001, 1393237, 0, 0
49261, 915697, 0, 0
49519, 72947, 0, 0
49776, 61483, 0, 0
50025, 1351806, 0, 0
50265, 94863, 0, 0
50506, 172507, 0, 0
50769, 87453, 0, 0
51135, 8819581, 0, 0
51342, 4355945, 0, 0
51536, 1775900, 0, 0
51849, 95890, 0, 0
52016, 2845508, 0, 0
52302, 2492582, 0, 0
52500, 39262, 0, 0
52861, 841525, 0, 0
53005, 69914, 0, 0
53280, 1149822, 0, 0
53503, 2571033, 0, 0
53752, 684696, 0, 0
54001, 1051313, 0, 0
54254, 550570, 0, 0
54502, 74402, 0, 0
54755, 696832, 0, 0
55007, 143283, 0, 0
55252, 620137, 0, 0
55504, 676675, 0, 0
55763, 1897950, 0, 0
56045, 165441, 0, 0
56257, 668081, 0, 0
56533, 1270751, 0, 0
56761, 197708, 0, 0
57072, 1004646, 0, 0
57258, 151589, 0, 0
57503, 141022, 0, 0
57762, 203406, 0, 0
58002, 162224, 0, 0
58250, 960986, 0, 0
58527, 1045773, 0, 0
58766, 135705, 0, 0
59031, 165103, 0, 0
59252, 105629, 0, 0
59505, 127904, 0, 0
59759, 109911, 0, 0
60014, 57564, 0, 0
60811, 1022259, 0, 0
60811, 885196, 0, 0
60811, 1453587, 0, 0
60811, 5584088, 0, 0
263, 185570, 0, 0
516, 394859, 0, 0
754, 526425, 0, 0
1005, 511791, 0, 0
1258, 388019, 0, 0
1515, 344302, 0, 0
1775, 296956, 0, 0
2004, 521083, 0, 0
2268, 797967, 0, 0
2505, 572024, 0, 0
2766, 451373, 0, 0
3002, 656946, 0, 0
3250, 639473, 0, 0
3541, 619529, 0, 0
3805, 662041, 0, 0
4014, 451754, 0, 0
4259, 625770, 0, 0
4571, 359874, 0, 0
4773, 594952, 0, 0
5188, 419955, 0, 0
5254, 511803, 0, 0
5501, 701079, 0, 0
5751, 566485, 0, 0
6155, 382103, 0, 0
6261, 773456, 0, 0
6500, 1063683, 0, 0
6874, 568174, 0, 0
7021, 1319760, 0, 0
7267, 554060, 0, 0
7535, 919880, 0, 0
7777, 1435614, 0, 0
8143, 619804, 0, 0
8329, 1027525, 0, 0
8577, 1923119, 0, 0
8773, 74489, 0, 0
9002, 800345, 0, 0
9270, 374422, 0, 0
9547, 390077, 0, 0
9772, 673036, 0, 0
10052, 676286, 0, 0
10254, 898929, 0, 0
10501, 183019, 0, 0
10775, 434916, 0, 0
11007, 318401, 0, 0
11275, 47484, 0, 0
11544, 1280671, 0, 0
11865, 193011, 0, 0
12005, 465713, 0, 0
12331, 861541, 0, 0
12547, 1159066, 0, 0
12767, 999513, 0, 0
13052, 428334, 0, 0
13253, 213223, 0, 0
13629, 351583, 0, 0
13781, 701739, 0, 0
14024, 812092, 0, 0
14255, 252525, 0, 0
14528, 727251, 0, 0
14756, 385185, 0, 0
15058, 908258, 0, 0
15251, 1066979, 0, 0
15505, 243314, 0, 0
15761, 631207, 0, 0
16005, 238101, 0, 0
16287, 74762, 0, 0
16505, 750132, 0, 0
16761, 138745, 0, 0
17010, 56420, 0, 0
17266, 1353418, 0, 0
17527, 61759, 0, 0
17769, 277510, 0, 0
18004, 1017390, 0, 0
18250, 125591, 0, 0
18506, 301408, 0, 0
18782, 82227, 0, 0
19008, 1011407, 0, 0
19276, 107319, 0, 0
19519, 4360718, 0, 0
19753, 1140954, 0, 0
20028, 75400, 0, 0
20266, 629398, 0, 0
20504, 67840, 0, 0
20762, 48715, 0, 0
21001, 47724, 0, 0
21271, 49348, 0, 0
21504, 1856321, 0, 0
21759, 1208656, 0, 0
22078, 3586359, 0, 0
22253, 54044, 0, 0
22659, 2729351, 0, 0
22841, 60451, 0, 0
23021, 1889350, 0, 0
23269, 62121, 0, 0
23524, 2388792, 0, 0
23858, 3195472, 0, 0
24041, 2378964, 0, 0
24262, 99841, 0, 0
24506, 1364626, 0, 0
24772, 1563135, 0, 0
25066, 862863, 0, 0
25257, 172851, 0, 0
25559, 740678, 0, 0
25761, 149252, 0, 0
26017, 1438504, 0, 0
26263, 602237, 0, 0
26649, 3059923, 0, 0
26764, 209125, 0, 0
27016, 2262029, 0, 0
27293, 361860, 0, 0
27517, 83270, 0, 0
27843, 1413323, 0, 0
28016, 717106, 0, 0
28259, 622685, 0, 0
28501, 555029, 0, 0
28751, 56924, 0, 0
29077, 104551, 0, 0
29260, 2625250, 0, 0
29504, 1424525, 0, 0
29754, 1178567, 0, 0
30001, 381726, 0, 0
30254, 84506, 0, 0
30500, 1114717, 0, 0
30782, 1715704, 0, 0
31000, 189232, 0, 0
31254, 98445, 0, 0
31602, 161160, 0, 0
31816, 1450154, 0, 0
32035, 170043, 0, 0
32294, 1120335, 0, 0
32516, 149668, 0, 0
32783, 77406, 0, 0
33001, 91585, 0, 0
33260, 1486867, 0, 0
33505, 855151, 0, 0
33769, 41349, 0, 0
34007, 2197057, 0, 0
34253, 113196, 0, 0
34597, 2870009, 0, 0
34783, 142785, 0, 0
35008, 198327, 0, 0
35289, 129963, 0, 0
35509, 1499151, 0, 0
35901, 687917, 0, 0
36041, 3014709, 0, 0
36307, 2474272, 0, 0
36504, 187285, 0, 0
36798, 176356, 0, 0
37005, 155552, 0, 0
37262, 1135000, 0, 0
37509, 607046, 0, 0
37776, 131116, 0, 0
38014, 532925, 0, 0
38252, 101480, 0, 0
38516, 62563, 0, 0
38791, 531077, 0, 0
39024, 72454, 0, 0
39262, 72405, 0, 0
39515, 49733, 0, 0
39761, 1459847, 0, 0
40002, 59540, 0, 0
40259, 309315, 0, 0
40507, 67019, 0, 0
40783, 55650, 0, 0
41117, 1557362, 0, 0
41256, 50945, 0, 0
41662, 1198624, 0, 0
41833, 143285, 0, 0
42445, 2557986, 0, 0
42511, 625312, 0, 0
42523, 12113, 0, 0
42759, 67974, 0, 0
43138, 2523876, 0, 0
43253, 188050, 0, 0
43506, 1058861, 0, 0
43786, 659152, 0, 0
44020, 794747, 0, 0
44280, 697520, 0, 0
44537, 115620, 0, 0
44802, 2489192, 0, 0
45100, 111538, 0, 0
45322, 204125, 0, 0
45551, 4842929, 0, 0
45757, 134191, 0, 0
46007, 57756, 0, 0
46253, 1408344, 0, 0
46523, 643826, 0, 0
46751, 1567219, 0, 0
47064, 75499, 0, 0
47261, 1458159, 0, 0
47541, 73710, 0, 0
47963, 128138, 0, 0
48012, 24733, 0, 0
48342, 1279263, 0, 0
48502, 3278288, 0, 0
48787, 443753, 0, 0
49001, 786625, 0, 0
49272, 692693, 0, 0
49508, 1293104, 0, 0
49775, 633446, 0, 0
50008, 72265, 0, 0
50253, 1086345, 0, 0
50514, 424729, 0, 0
50810, 1095018, 0, 0
51057, 1574727, 0, 0
51589, 1270836, 0, 0
51613, 23353, 0, 0
51797, 184374, 0, 0
52005, 1920688, 0, 0
52312, 86735, 0, 0
52619, 2217415, 0, 0
52824, 2253260, 0, 0
53021, 2005355, 0, 0
53333, 55920, 0, 0
53505, 2449533, 0, 0
53800, 141116, 0, 0
54050, 107981, 0, 0
54269, 2033303, 0, 0
54504, 1173141, 0, 0
54790, 98089, 0, 0
55000, 117924, 0, 0
55297, 111654, 0, 0
55573, 641651, 0, 0
55751, 122669, 0, 0
56004, 1594766, 0, 0
56285, 132723, 0, 0
56501, 159110, 0, 0
56841, 218074, 0, 0
57010, 1936680, 0, 0
57275, 155836, 0, 0
57537, 176182, 0, 0
57787, 839794, 0, 0
58020, 1147702, 0, 0
58297, 197904, 0, 0
58527, 1418920, 0, 0
58767, 198147, 0, 0
59013, 164186, 0, 0
59344, 1130288, 0, 0
59523, 1416152, 0, 0
59754, 945513, 0, 0
60008, 110924, 0, 0
60812, 1467905, 0, 0
60812, 868910, 0, 0
60812, 853312, 0, 0
60812, 6198760, 0, 0
254, 174628, 0, 0
517, 245535, 0, 0
753, 437148, 0, 0
1002, 455563, 0, 0
1265, 344700, 0, 0
1510, 473582, 0, 0
1757, 853212, 0, 0
2043, 335925, 0, 0
2252, 274803, 0, 0
2550, 774453, 0, 0
2753, 573326, 0, 0
3026, 677503, 0, 0
3263, 589978, 0, 0
3528, 245282, 0, 0
3760, 450905, 0, 0
4014, 466761, 0, 0
4258, 837729, 0, 0
4501, 416925, 0, 0
4779, 497051, 0, 0
5023, 373305, 0, 0
5316, 633596, 0, 0
5694, 985495, 0, 0
5822, 63509, 0, 0
6000, 1095058, 0, 0
6294, 632929, 0, 0
6502, 1106170, 0, 0
6772, 928394, 0, 0
7013, 1331655, 0, 0
7267, 1752834, 0, 0
7605, 1693358, 0, 0
7756, 695432, 0, 0
8027, 583473, 0, 0
8278, 266463, 0, 0
8512, 717113, 0, 0
8835, 469847, 0, 0
9037, 2457034, 0, 0
9258, 915833, 0, 0
9537, 508139, 0, 0
9759, 629203, 0, 0
10004, 564747, 0, 0
10283, 494665, 0, 0
10514, 687346, 0, 0
10760, 285165, 0, 0
11037, 806646, 0, 0
11286, 678561, 0, 0
11520, 655113, 0, 0
11792, 516144, 0, 0
12000, 2716211, 0, 0
12263, 315006, 0, 0
12511, 126108, 0, 0
12763, 494308, 0, 0
13003, 223784, 0, 0
13253, 613111, 0, 0
13508, 283089, 0, 0
13751, 122544, 0, 0
14013, 116595, 0, 0
14378, 93508, 0, 0
14528, 113045, 0, 0
14784, 671155, 0, 0
15164, 496700, 0, 0
15262, 32656, 0, 0
15642, 3449574, 0, 0
15783, 889737, 0, 0
16015, 1272249, 0, 0
16265, 61959, 0, 0
16530, 6291811, 0, 0
16795, 265493, 0, 0
17476, 496058, 0, 0
17498, 21405, 0, 0
18582, 10274014, 0, 0
18582, 1084650, 0, 0
18602, 19641, 0, 0
18618, 10271305, 0, 0
18624, 22201, 0, 0
18756, 1172386, 0, 0
19016, 62996, 0, 0
19266, 56348, 0, 0
19519, 67002, 0, 0
19855, 81124, 0, 0
20001, 1199225, 0, 0
20253, 849981, 0, 0
20513, 53748, 0, 0
20827, 1055671, 0, 0
21001, 1235523, 0, 0
21262, 2281019, 0, 0
21505, 1376954, 0, 0
21854, 735153, 0, 0
22032, 72760, 0, 0
22270, 52259, 0, 0
22534, 32705, 0, 0
22765, 32395, 0, 0
23021, 4384178, 0, 0
23258, 58588, 0, 0
23508, 1383118, 0, 0
23776, 134422, 0, 0
24000, 1279872, 0, 0
24256, 1116372, 0, 0
24527, 1742958, 0, 0
24906, 1400448, 0, 0
25000, 4425390, 0, 0
25291, 651041, 0, 0
25504, 79551, 0, 0
25793, 76437, 0, 0
26026, 151402, 0, 0
26281, 100525, 0, 0
26649, 7684583, 0, 0
26836, 46562, 0, 0
27080, 81582, 0, 0
27395, 2341272, 0, 0
27526, 134096, 0, 0
27755, 81790, 0, 0
28089, 27597, 0, 0
28257, 27951, 0, 0
28515, 1809015, 0, 0
28782, 722135, 0, 0
29007, 29249, 0, 0
29265, 31455, 0, 0
29522, 904993, 0, 0
29951, 86781, 0, 0
30094, 452092, 0, 0
30323, 143983, 0, 0
30507, 2260180, 0, 0
30777, 3177977, 0, 0
31013, 425551, 0, 0
31255, 1396850, 0, 0
31508, 519095, 0, 0
31750, 152881, 0, 0
32010, 463440, 0, 0
32254, 859416, 0, 0
32530, 171416, 0, 0
32755, 813157, 0, 0
33011, 135965, 0, 0
33277, 1060614, 0, 0
33505, 1413542, 0, 0
33820, 1019741, 0, 0
34002, 1711308, 0, 0
34261, 61547, 0, 0
34516, 1101436, 0, 0
34759, 185433, 0, 0
35001, 95595, 0, 0
35290, 65716, 0, 0
35535, 58773, 0, 0
35925, 84051, 0, 0
36006, 2263292, 0, 0
36252, 47987, 0, 0
36555, 147203, 0, 0
36861, 1188097, 0, 0
37024, 892299, 0, 0
37314, 137045, 0, 0
37624, 124538, 0, 0
37759, 1855877, 0, 0
38023, 1385372, 0, 0
38313, 796410, 0, 0
38508, 76685, 0, 0
38781, 51077, 0, 0
39018, 1989808, 0, 0
39253, 1261780, 0, 0
39525, 54317, 0, 0
39787, 32771, 0, 0
40043, 51183, 0, 0
40342, 59775, 0, 0
40840, 2014867, 0, 0
40852, 12776, 0, 0
41003, 2461687, 0, 0
41266, 1789597, 0, 0
41502, 746299, 0, 0
41754, 732833, 0, 0
42001, 680284, 0, 0
42255, 83643, 0, 0
42505, 660950, 0, 0
42786, 83142, 0, 0
43014, 722298, 0, 0
43255, 443086, 0, 0
43534, 1737441, 0, 0
43750, 793488, 0, 0
44004, 137309, 0, 0
44259, 2406606, 0, 0
44500, 59496, 0, 0
44776, 520433, 0, 0
45066, 70874, 0, 0
45284, 142998, 0, 0
45506, 105588, 0, 0
45850, 732159, 0, 0
46007, 46021, 0, 0
46263, 61761, 0, 0
46554, 98496, 0, 0
46816, 1418059, 0, 0
47035, 1403693, 0, 0
47286, 60270, 0, 0
47514, 51913, 0, 0
47753, 36680, 0, 0
48025, 571384, 0, 0
48253, 577454, 0, 0
48527, 1424225, 0, 0
48761, 71125, 0, 0
49003, 598162, 0, 0
49334, 110282, 0, 0
49565, 2288480, 0, 0
49864, 240768, 0, 0
50011, 1054447, 0, 0
50262, 109606, 0, 0
50504, 51137, 0, 0
50828, 97043, 0, 0
51008, 1065187, 0, 0
51260, 692633, 0, 0
51515, 659565, 0, 0
51753, 897045, 0, 0
52017, 1058317, 0, 0
52251, 353310, 0, 0
52527, 580851, 0, 0
52762, 694103, 0, 0
53068, 114758, 0, 0
53272, 1082833, 0, 0
53505, 1722153, 0, 0
53800, 1177614, 0, 0
54010, 134255, 0, 0
54251, 89396, 0, 0
54514, 88274, 0, 0
54762, 698858, 0, 0
55034, 105509, 0, 0
55264, 94044, 0, 0
55510, 877808, 0, 0
55750, 98126, 0, 0
56001, 870993, 0, 0
56258, 156842, 0, 0
56534, 707967, 0, 0
56761, 110388, 0, 0
57008, 809980, 0, 0
57258, 623205, 0, 0
57513, 1413460, 0, 0
57803, 178652, 0, 0
58005, 180152, 0, 0
58257, 1386673, 0, 0
58514, 126914, 0, 0
58760, 388078, 0, 0
59031, 258054, 0, 0
59278, 132311, 0, 0
59503, 141725, 0, 0
59805, 748726, 0, 0
60037, 427557, 0, 0
60812, 1006780, 0, 0
60812, 955041, 0, 0
60812, 939967, 0, 0
60812, 5805242, 0, 0
258, 181630, 0, 0
515, 312664, 0, 0
754, 303811, 0, 0
1005, 569965, 0, 0
1269, 635064, 0, 0
1502, 716552, 0, 0
1780, 423595, 0, 0
2035, 549487, 0, 0
2434, 561420, 0, 0
2534, 548514, 0, 0
2751, 659618, 0, 0
3012, 543406, 0, 0
3250, 330620, 0, 0
3561, 463496, 0, 0
3753, 857923, 0, 0
4014, 464505, 0, 0
4252, 505548, 0, 0
4571, 195480, 0, 0
4765, 445979, 0, 0
5016, 322991, 0, 0
5300, 47363, 0, 0
5520, 3561670, 0, 0
5794, 618184, 0, 0
6000, 1067066, 0, 0
6261, 589304, 0, 0
6511, 378844, 0, 0
6801, 732686, 0, 0
7050, 872006, 0, 0
7267, 528377, 0, 0
7514, 1279511, 0, 0
7765, 837526, 0, 0
8102, 2048423, 0, 0
8264, 620496, 0, 0
8600, 692323, 0, 0
8762, 411251, 0, 0
9039, 69366, 0, 0
9400, 972148, 0, 0
9518, 1233742, 0, 0
9772, 449575, 0, 0
10025, 431893, 0, 0
10268, 437476, 0, 0
10541, 1525467, 0, 0
10966, 392943, 0, 0
11080, 2018880, 0, 0
11259, 640971, 0, 0
11516, 494276, 0, 0
11764, 781074, 0, 0
12105, 1322927, 0, 0
12260, 173271, 0, 0
12541, 1341823, 0, 0
12903, 2303882, 0, 0
13007, 34611, 0, 0
13319, 96627, 0, 0
13611, 1121611, 0, 0
13755, 517073, 0, 0
14085, 117611, 0, 0
14377, 310235, 0, 0
14515, 1735000, 0, 0
14756, 1190562, 0, 0
15000, 625678, 0, 0
15262, 198723, 0, 0
15508, 86447, 0, 0
15783, 3812653, 0, 0
16082, 642013, 0, 0
16294, 71794, 0, 0
16594, 85497, 0, 0
16762, 82860, 0, 0
17024, 40339, 0, 0
17336, 51935, 0, 0
17585, 1715119, 0, 0
17757, 125003, 0, 0
18011, 689671, 0, 0
18340, 1668325, 0, 0
18510, 34221, 0, 0
18757, 44518, 0, 0
19061, 57524, 0, 0
19266, 134022, 0, 0
19531, 119869, 0, 0
19753, 49927, 0, 0
20367, 897520, 0, 0
20387, 20623, 0, 0
20508, 2675071, 0, 0
20774, 37863, 0, 0
21025, 63150, 0, 0
21279, 3731606, 0, 0
21513, 1788944, 0, 0
21753, 41827, 0, 0
22014, 83429, 0, 0
22259, 2483524, 0, 0
22500, 849335, 0, 0
22754, 1359540, 0, 0
23094, 575545, 0, 0
23335, 60278, 0, 0
23503, 2769704, 0, 0
23750, 1057855, 0, 0
24095, 96832, 0, 0
24271, 2421172, 0, 0
24515, 853851, 0, 0
24753, 831438, 0, 0
25010, 778439, 0, 0
25310, 1579240, 0, 0
25534, 126749, 0, 0
25750, 84998, 0, 0
26002, 165994, 0, 0
26352, 2070854, 0, 0
26506, 1200109, 0, 0
26784, 48789, 0, 0
27237, 293378, 0, 0
27293, 406957, 0, 0
27517, 60888, 0, 0
27789, 830216, 0, 0
28049, 2068428, 0, 0
28326, 85954, 0, 0
28569, 91189, 0, 0
28772, 41872, 0, 0
29007, 1131180, 0, 0
29274, 1229944, 0, 0
29510, 55424, 0, 0
29761, 1993622, 0, 0
30000, 925741, 0, 0
30255, 978931, 0, 0
30508, 2005787, 0, 0
30761, 869387, 0, 0
31008, 97136, 0, 0
31254, 892776, 0, 0
31503, 89545, 0, 0
31757, 114465, 0, 0
32118, 220239, 0, 0
32312, 199348, 0, 0
32605, 129241, 0, 0
32763, 37572, 0, 0
33071, 1127251, 0, 0
33408, 112504, 0, 0
33512, 26012, 0, 0
33756, 2337818, 0, 0
34007, 625091, 0, 0
34261, 695486, 0, 0
34503, 422565, 0, 0
34770, 55192, 0, 0
35001, 75069, 0, 0
35252, 1637730, 0, 0
35504, 57107, 0, 0
35783, 68773, 0, 0
36171, 1007606, 0, 0
36261, 104337, 0, 0
36577, 3037403, 0, 0
36754, 167069, 0, 0
37151, 2078302, 0, 0
37341, 320468, 0, 0
37571, 205856, 0, 0
38324, 2418108, 0, 0
38408, 84385, 0, 0
38711, 303056, 0, 0
38725, 13666, 0, 0
38791, 66355, 0, 0
39035, 1801059, 0, 0
39252, 717096, 0, 0
39940, 2429833, 0, 0
39957, 16999, 0, 0
40057, 50241, 0, 0
40289, 2810972, 0, 0
40569, 37343, 0, 0
40752, 2044299, 0, 0
41071, 1052498, 0, 0
41265, 2427423, 0, 0
41500, 81405, 0, 0
41756, 90413, 0, 0
42009, 853294, 0, 0
42340, 59550, 0, 0
42566, 2462906, 0, 0
42769, 277738, 0, 0
43018, 75256, 0, 0
43289, 1192665, 0, 0
43818, 598534, 0, 0
43849, 30543, 0, 0
44171, 6714438, 0, 0
44268, 2492108, 0, 0
44508, 2854749, 0, 0
44755, 1050875, 0, 0
45177, 1118660, 0, 0
45261, 105329, 0, 0
45509, 107166, 0, 0
45767, 752974, 0, 0
46005, 47869, 0, 0
46251, 61390, 0, 0
46535, 88279, 0, 0
46756, 3264578, 0, 0
47004, 584287, 0, 0
47294, 932199, 0, 0
47562, 76415, 0, 0
47787, 95060, 0, 0
48012, 44450, 0, 0
48255, 50624, 0, 0
48502, 34181, 0, 0
48769, 2416810, 0, 0
49001, 1822784, 0, 0
49257, 62220, 0, 0
49508, 4799316, 0, 0
49751, 1837749, 0, 0
50011, 651756, 0, 0
50266, 1006855, 0, 0
50515, 1009024, 0, 0
50756, 74819, 0, 0
51030, 583275, 0, 0
51273, 1208311, 0, 0
51501, 463714, 0, 0
51764, 602524, 0, 0
52019, 748490, 0, 0
52253, 51577, 0, 0
52517, 1477518, 0, 0
52789, 72116, 0, 0
53005, 89569, 0, 0
53280, 117704, 0, 0
53524, 2864431, 0, 0
53780, 83788, 0, 0
54001, 131612, 0, 0
54268, 1256769, 0, 0
54504, 221430, 0, 0
54843, 1088696, 0, 0
55238, 169279, 0, 0
55301, 63729, 0, 0
55506, 270599, 0, 0
55799, 3758389, 0, 0
56001, 112819, 0, 0
56278, 189000, 0, 0
56519, 433819, 0, 0
56752, 133121, 0, 0
57020, 77757, 0, 0
57290, 1052881, 0, 0
57544, 501086, 0, 0
57853, 73520, 0, 0
58020, 125119, 0, 0
58287, 2210619, 0, 0
58506, 694241, 0, 0
58839, 169212, 0, 0
59120, 143644, 0, 0
59288, 1308777, 0, 0
59517, 271912, 0, 0
59773, 366310, 0, 0
60008, 1865278, 0, 0
60812, 813439, 0, 0
60812, 922602, 0, 0
60812, 10440104, 0, 0
60812, 5683676, 0, 0
255, 188580, 0, 0
503, 323233, 0, 0
782, 303854, 0, 0
1004, 428293, 0, 0
1260, 534929, 0, 0
1509, 733504, 0, 0
1767, 360513, 0, 0
2000, 556265, 0, 0
2256, 498307, 0, 0
2533, 520138, 0, 0
2760, 866264, 0, 0
3007, 540505, 0, 0
3294, 524717, 0, 0
3500, 420257, 0, 0
3752, 315933, 0, 0
4037, 409118, 0, 0
4255, 522298, 0, 0
4526, 834140, 0, 0
4771, 216885, 0, 0
5036, 411282, 0, 0
5250, 476812, 0, 0
5517, 431923, 0, 0
5752, 311496, 0, 0
6019, 202013, 0, 0
6259, 645832, 0, 0
6502, 561152, 0, 0
6805, 377521, 0, 0
7048, 203321, 0, 0
7260, 565233, 0, 0
7500, 602379, 0, 0
7767, 299882, 0, 0
8024, 300822, 0, 0
8281, 135424, 0, 0
8555, 355241, 0, 0
8777, 842314, 0, 0
9015, 109633, 0, 0
9252, 1054442, 0, 0
9501, 158030, 0, 0
9832, 1049479, 0, 0
10044, 1346999, 0, 0
10252, 768095, 0, 0
10506, 620173, 0, 0
10779, 93444, 0, 0
11028, 367770, 0, 0
11258, 298147, 0, 0
11502, 256356, 0, 0
11758, 498645, 0, 0
12065, 685564, 0, 0
12286, 727346, 0, 0
12511, 91534, 0, 0
12792, 494421, 0, 0
13009, 331229, 0, 0
13250, 490020, 0, 0
13510, 460434, 0, 0
13750, 69493, 0, 0
14029, 880172, 0, 0
14254, 480081, 0, 0
14502, 397401, 0, 0
14799, 538925, 0, 0
15000, 730935, 0, 0
15255, 333684, 0, 0
15501, 80199, 0, 0
15845, 574373, 0, 0
16002, 1478133, 0, 0
16250, 448831, 0, 0
16501, 322381, 0, 0
16752, 453221, 0, 0
17001, 398248, 0, 0
17319, 281081, 0, 0
17501, 884804, 0, 0
17751, 597088, 0, 0
18082, 625461, 0, 0
18273, 125764, 0, 0
18519, 1113987, 0, 0
18757, 971637, 0, 0
19022, 137397, 0, 0
19258, 105124, 0, 0
19500, 854330, 0, 0
19803, 1259993, 0, 0
20007, 265419, 0, 0
20310, 739753, 0, 0
20544, 131116, 0, 0
20756, 274689, 0, 0
21006, 195532, 0, 0
21284, 877525, 0, 0
21522, 755765, 0, 0
21781, 889765, 0, 0
22047, 462072, 0, 0
22278, 172880, 0, 0
22533, 413757, 0, 0
22819, 868352, 0, 0
23005, 643082, 0, 0
23255, 464364, 0, 0
23511, 321511, 0, 0
23751, 118215, 0, 0
24016, 780225, 0, 0
24252, 799259, 0, 0
24502, 135926, 0, 0
24756, 674526, 0, 0
25017, 484261, 0, 0
25259, 184818, 0, 0
25501, 247594, 0, 0
25751, 134751, 0, 0
26002, 698534, 0, 0
26252, 427244, 0, 0
26512, 174576, 0, 0
26761, 838758, 0, 0
27020, 341529, 0, 0
27260, 910986, 0, 0
27516, 151028, 0, 0
27750, 119600, 0, 0
28001, 611478, 0, 0
28260, 162820, 0, 0
28516, 732941, 0, 0
28752, 500153, 0, 0
29002, 1538398, 0, 0
29297, 249760, 0, 0
29556, 868458, 0, 0
29757, 109925, 0, 0
30009, 1220045, 0, 0
30257, 2106258, 0, 0
30524, 1186082, 0, 0
30753, 1053235, 0, 0
31022, 798995, 0, 0
31250, 101791, 0, 0
31500, 80543, 0, 0
31762, 833876, 0, 0
32014, 675694, 0, 0
32258, 1598263, 0, 0
32503, 350298, 0, 0
32759, 518276, 0, 0
33015, 92635, 0, 0
33257, 1599935, 0, 0
33517, 403881, 0, 0
33818, 79841, 0, 0
34008, 458436, 0, 0
34277, 828306, 0, 0
34571, 400933, 0, 0
34771, 392736, 0, 0
35000, 291880, 0, 0
35254, 459437, 0, 0
35508, 443903, 0, 0
35766, 500327, 0, 0
36006, 530072, 0, 0
36255, 458917, 0, 0
36511, 565494, 0, 0
36760, 328114, 0, 0
37016, 475248, 0, 0
37253, 1073877, 0, 0
37517, 478149, 0, 0
37766, 35728, 0, 0
38004, 642418, 0, 0
38298, 352076, 0, 0
38512, 923475, 0, 0
38751, 1060008, 0, 0
39005, 98381, 0, 0
39333, 421832, 0, 0
39502, 821746, 0, 0
39756, 908577, 0, 0
40034, 307978, 0, 0
40250, 717329, 0, 0
40521, 742890, 0, 0
40786, 678398, 0, 0
41001, 474621, 0, 0
41267, 630906, 0, 0
41512, 136822, 0, 0
41750, 612529, 0, 0
42001, 403480, 0, 0
42268, 462997, 0, 0
42504, 243619, 0, 0
42763, 81415, 0, 0
43003, 1793072, 0, 0
43253, 70480, 0, 0
43505, 717368, 0, 0
43768, 88739, 0, 0
44004, 257397, 0, 0
44258, 115528, 0, 0
44505, 538400, 0, 0
44761, 180071, 0, 0
45019, 565289, 0, 0
45255, 482003, 0, 0
45512, 105792, 0, 0
45761, 420771, 0, 0
46015, 190475, 0, 0
46274, 1613857, 0, 0
46541, 481245, 0, 0
46783, 776890, 0, 0
47031, 502307, 0, 0
47253, 305028, 0, 0
47514, 911994, 0, 0
47751, 1260376, 0, 0
48001, 149425, 0, 0
48268, 401002, 0, 0
48501, 120201, 0, 0
48765, 246929, 0, 0
49006, 1160623, 0, 0
49253, 1000261, 0, 0
49516, 273851, 0, 0
49751, 344566, 0, 0
50002, 497029, 0, 0
50252, 80573, 0, 0
50508, 427905, 0, 0
50789, 134375, 0, 0
51000, 186070, 0, 0
51281, 352012, 0, 0
51509, 873468, 0, 0
51766, 353567, 0, 0
52038, 407576, 0, 0
52271, 210980, 0, 0
52508, 332741, 0, 0
52771, 423119, 0, 0
53002, 362547, 0, 0
53250, 293547, 0, 0
53500, 362869, 0, 0
53787, 323311, 0, 0
54040, 765825, 0, 0
54269, 822217, 0, 0
54508, 681241, 0, 0
54776, 280896, 0, 0
55010, 164133, 0, 0
55298, 149294, 0, 0
55502, 1325072, 0, 0
55766, 1190137, 0, 0
56014, 312445, 0, 0
56252, 208584, 0, 0
56583, 51998, 0, 0
56751, 1222994, 0, 0
57001, 1816287, 0, 0
57251, 725796, 0, 0
57514, 700981, 0, 0
57799, 392003, 0, 0
58041, 261214, 0, 0
58273, 153722, 0, 0
58504, 598627, 0, 0
58755, 92707, 0, 0
59004, 974256, 0, 0
59265, 561627, 0, 0
59501, 1175217, 0, 0
59756, 139265, 0, 0
60001, 100772, 0, 0
61276, 1519717, 0, 0
61276, 6136300, 0, 0
61276, 1425391, 0, 0
61276, 1349783, 0, 0
61276, 5976364, 0, 0
61276, 3354998, 0, 0
250, 141185, 0, 0
514, 275885, 0, 0
764, 271418, 0, 0
1011, 489832, 0, 0
1251, 419367, 0, 0
1505, 344150, 0, 0
1754, 593143, 0, 0
2006, 415132, 0, 0
2258, 397684, 0, 0
2506, 523514, 0, 0
2758, 490215, 0, 0
3025, 463857, 0, 0
3253, 401915, 0, 0
3529, 347595, 0, 0
3772, 323446, 0, 0
4005, 561656, 0, 0
4250, 764704, 0, 0
4502, 485766, 0, 0
4782, 333824, 0, 0
5037, 481230, 0, 0
5269, 1679826, 0, 0
5504, 658060, 0, 0
5762, 200862, 0, 0
6003, 506950, 0, 0
6269, 785358, 0, 0
6593, 234752, 0, 0
6754, 314629, 0, 0
7022, 418429, 0, 0
7288, 520313, 0, 0
7519, 523547, 0, 0
7762, 543626, 0, 0
8029, 594672, 0, 0
8252, 481275, 0, 0
8518, 336562, 0, 0
8751, 1000837, 0, 0
9029, 295958, 0, 0
9290, 155178, 0, 0
9506, 863598, 0, 0
9781, 1126948, 0, 0
10062, 1160144, 0, 0
10323, 417967, 0, 0
10506, 493203, 0, 0
10752, 389099, 0, 0
11007, 485568, 0, 0
11250, 600107, 0, 0
11531, 1227822, 0, 0
11818, 611880, 0, 0
12005, 614364, 0, 0
12283, 538012, 0, 0
12532, 898248, 0, 0
12763, 88528, 0, 0
13017, 124658, 0, 0
13258, 776027, 0, 0
13505, 441410, 0, 0
13759, 736809, 0, 0
14016, 564610, 0, 0
14259, 374932, 0, 0
14517, 309645, 0, 0
14758, 1113830, 0, 0
15001, 806400, 0, 0
15255, 590250, 0, 0
15509, 513789, 0, 0
15751, 1829171, 0, 0
16046, 941088, 0, 0
16291, 1709730, 0, 0
16526, 425321, 0, 0
16750, 82021, 0, 0
17019, 437940, 0, 0
17260, 238700, 0, 0
17508, 681667, 0, 0
17808, 2366783, 0, 0
18000, 630470, 0, 0
18263, 749511, 0, 0
18503, 955930, 0, 0
18764, 292791, 0, 0
19022, 442813, 0, 0
19262, 489860, 0, 0
19513, 340375, 0, 0
19766, 92215, 0, 0
20016, 574896, 0, 0
20310, 1162982, 0, 0
20507, 1189010, 0, 0
20762, 624629, 0, 0
21023, 829081, 0, 0
21256, 464569, 0, 0
21506, 644983, 0, 0
21761, 366336, 0, 0
22022, 215348, 0, 0
22250, 197273, 0, 0
22518, 780920, 0, 0
22768, 1005307, 0, 0
23012, 147506, 0, 0
23289, 928500, 0, 0
23519, 146459, 0, 0
23765, 767687, 0, 0
24019, 711152, 0, 0
24252, 718879, 0, 0
24502, 134414, 0, 0
24784, 442835, 0, 0
25017, 371013, 0, 0
25285, 637139, 0, 0
25501, 851204, 0, 0
25773, 117543, 0, 0
26029, 338895, 0, 0
26263, 473774, 0, 0
26515, 1550754, 0, 0
26752, 358754, 0, 0
27020, 117272, 0, 0
27258, 82361, 0, 0
27506, 88795, 0, 0
27775, 783385, 0, 0
28001, 426033, 0, 0
28310, 547714, 0, 0
28504, 549582, 0, 0
28760, 1036465, 0, 0
29005, 39931, 0, 0
29256, 598400, 0, 0
29502, 149556, 0, 0
29775, 725514, 0, 0
30029, 419902, 0, 0
30265, 464068, 0, 0
30549, 102033, 0, 0
30825, 637671, 0, 0
31022, 151925, 0, 0
31261, 976255, 0, 0
31541, 1176282, 0, 0
31766, 638415, 0, 0
32004, 672226, 0, 0
32263, 47044, 0, 0
32658, 1543254, 0, 0
32765, 1574283, 0, 0
33011, 780058, 0, 0
33294, 103681, 0, 0
33507, 384643, 0, 0
33752, 325388, 0, 0
34001, 587807, 0, 0
34260, 473163, 0, 0
34523, 484918, 0, 0
34755, 400711, 0, 0
35000, 548411, 0, 0
35259, 367682, 0, 0
35521, 132297, 0, 0
35759, 192872, 0, 0
36004, 431740, 0, 0
36304, 990907, 0, 0
36500, 1685990, 0, 0
36763, 420603, 0, 0
37002, 803431, 0, 0
37265, 823913, 0, 0
37578, 346218, 0, 0
37787, 756566, 0, 0
38009, 135463, 0, 0
38255, 494322, 0, 0
38527, 437736, 0, 0
38763, 119328, 0, 0
39033, 384328, 0, 0
39282, 111979, 0, 0
39505, 1195070, 0, 0
39769, 208510, 0, 0
40010, 1161933, 0, 0
40251, 560016, 0, 0
40530, 129417, 0, 0
40762, 673933, 0, 0
41037, 1788265, 0, 0
41255, 396813, 0, 0
41500, 760573, 0, 0
41867, 979218, 0, 0
42042, 161093, 0, 0
42290, 63783, 0, 0
42506, 821586, 0, 0
42759, 608943, 0, 0
43018, 810018, 0, 0
43285, 1878607, 0, 0
43518, 889080, 0, 0
43806, 435283, 0, 0
44040, 646635, 0, 0
44260, 570655, 0, 0
44507, 675182, 0, 0
44761, 512845, 0, 0
45001, 161869, 0, 0
45291, 409167, 0, 0
45517, 370187, 0, 0
45765, 1082352, 0, 0
46008, 583069, 0, 0
46274, 1222450, 0, 0
46521, 950395, 0, 0
46767, 739393, 0, 0
47005, 547520, 0, 0
47256, 736743, 0, 0
47511, 628972, 0, 0
47799, 240697, 0, 0
48035, 687188, 0, 0
48316, 469156, 0, 0
48676, 2851429, 0, 0
48847, 930619, 0, 0
49035, 129468, 0, 0
49334, 1863518, 0, 0
49560, 1049177, 0, 0
49750, 563115, 0, 0
50010, 389381, 0, 0
50313, 1068439, 0, 0
50501, 183321, 0, 0
50789, 932287, 0, 0
51042, 1000846, 0, 0
51250, 726922, 0, 0
51513, 839993, 0, 0
51850, 132061, 0, 0
52025, 158706, 0, 0
52283, 1023552, 0, 0
52505, 856637, 0, 0
52809, 391787, 0, 0
53025, 1396172, 0, 0
53298, 517107, 0, 0
53534, 1450412, 0, 0
53796, 91657, 0, 0
54009, 653302, 0, 0
54257, 125956, 0, 0
54519, 996343, 0, 0
54788, 105475, 0, 0
55025, 238008, 0, 0
55280, 187206, 0, 0
55502, 94569, 0, 0
55797, 527975, 0, 0
56006, 705798, 0, 0
56253, 745261, 0, 0
56506, 1387317, 0, 0
56755, 498747, 0, 0
57034, 569420, 0, 0
57252, 790671, 0, 0
57554, 1165548, 0, 0
57758, 622644, 0, 0
58030, 1271910, 0, 0
58256, 1166532, 0, 0
58515, 675659, 0, 0
58763, 878381, 0, 0
59052, 280387, 0, 0
59254, 77217, 0, 0
59501, 157232, 0, 0
59753, 393943, 0, 0
60039, 129674, 0, 0
61297, 5996009, 0, 0
61297, 1335996, 0, 0
61297, 1352036, 0, 0
61297, 5883756, 0, 0
61297, 5572170, 0, 0
61297, 3452264, 0, 0
280, 170640, 0, 0
510, 290471, 0, 0
751, 433658, 0, 0
1048, 373407, 0, 0
1252, 371427, 0, 0
1500, 356717, 0, 0
1754, 575496, 0, 0
2036, 631651, 0, 0
2253, 634779, 0, 0
2513, 586423, 0, 0
2758, 401672, 0, 0
3002, 433347, 0, 0
3260, 452249, 0, 0
3519, 583941, 0, 0
3751, 340833, 0, 0
4006, 501636, 0, 0
4257, 402831, 0, 0
4502, 363045, 0, 0
4762, 286643, 0, 0
5026, 280423, 0, 0
5258, 257016, 0, 0
5540, 471651, 0, 0
5756, 349904, 0, 0
6003, 331363, 0, 0
6314, 1021829, 0, 0
6520, 102970, 0, 0
6756, 454430, 0, 0
7001, 357744, 0, 0
7267, 339222, 0, 0
7510, 637870, 0, 0
7823, 620229, 0, 0
8000, 509618, 0, 0
8250, 380438, 0, 0
8508, 207769, 0, 0
8761, 449374, 0, 0
9003, 971947, 0, 0
9272, 716373, 0, 0
9509, 671619, 0, 0
9753, 227984, 0, 0
10001, 535031, 0, 0
10250, 472707, 0, 0
10502, 114643, 0, 0
10758, 131624, 0, 0
11012, 134898, 0, 0
11308, 605925, 0, 0
11504, 1402309, 0, 0
11753, 644200, 0, 0
12037, 370267, 0, 0
12270, 675186, 0, 0
12515, 542802, 0, 0
12769, 573242, 0, 0
13013, 257661, 0, 0
13299, 69418, 0, 0
13543, 561092, 0, 0
13779, 814611, 0, 0
14020, 617766, 0, 0
14262, 739177, 0, 0
14545, 630145, 0, 0
14758, 451691, 0, 0
15007, 794387, 0, 0
15315, 88809, 0, 0
15509, 711809, 0, 0
15782, 823105, 0, 0
16007, 365792, 0, 0
16289, 686735, 0, 0
16502, 531143, 0, 0
16811, 45976, 0, 0
17000, 1412455, 0, 0
17252, 233711, 0, 0
17512, 532254, 0, 0
17765, 283509, 0, 0
18028, 984564, 0, 0
18283, 130468, 0, 0
18501, 876272, 0, 0
18750, 581332, 0, 0
19029, 415088, 0, 0
19251, 399478, 0, 0
19502, 580438, 0, 0
19764, 516280, 0, 0
20004, 535610, 0, 0
20300, 568320, 0, 0
20502, 109014, 0, 0
20754, 449746, 0, 0
21004, 274934, 0, 0
21252, 202398, 0, 0
21501, 548806, 0, 0
21750, 331216, 0, 0
22013, 144622, 0, 0
22284, 625818, 0, 0
22518, 679344, 0, 0
22819, 224577, 0, 0
23139, 1335663, 0, 0
23347, 433030, 0, 0
23615, 1814383, 0, 0
23751, 156587, 0, 0
24019, 914026, 0, 0
24258, 1857262, 0, 0
24524, 1529035, 0, 0
24795, 77678, 0, 0
25066, 427196, 0, 0
25373, 2662789, 0, 0
25580, 184924, 0, 0
25879, 2019340, 0, 0
26020, 1018819, 0, 0
26273, 1160474, 0, 0
26508, 1095080, 0, 0
26756, 353325, 0, 0
27022, 888001, 0, 0
27270, 724502, 0, 0
27506, 138278, 0, 0
27802, 283828, 0, 0
28002, 650862, 0, 0
28260, 1235519, 0, 0
28504, 1075011, 0, 0
28832, 404338, 0, 0
29023, 411245, 0, 0
29262, 839463, 0, 0
29522, 317030, 0, 0
29760, 333567, 0, 0
30055, 892590, 0, 0
30252, 550718, 0, 0
30518, 1248842, 0, 0
30765, 56187, 0, 0
31011, 119025, 0, 0
31260, 677333, 0, 0
31512, 107876, 0, 0
31757, 512761, 0, 0
32006, 347991, 0, 0
32258, 283283, 0, 0
32554, 404472, 0, 0
32750, 415277, 0, 0
33014, 380609, 0, 0
33256, 594877, 0, 0
33506, 791020, 0, 0
33751, 266978, 0, 0
34005, 527449, 0, 0
34271, 375463, 0, 0
34509, 953580, 0, 0
34770, 120762, 0, 0
35000, 118129, 0, 0
35259, 452919, 0, 0
35514, 60961, 0, 0
35766, 83070, 0, 0
36010, 1485112, 0, 0
36291, 694030, 0, 0
36592, 442190, 0, 0
36772, 277260, 0, 0
37000, 1270354, 0, 0
37270, 1910016, 0, 0
37542, 1137354, 0, 0
37773, 160531, 0, 0
38026, 771015, 0, 0
38344, 2749567, 0, 0
38517, 1153200, 0, 0
38775, 633442, 0, 0
39047, 110926, 0, 0
39269, 1240681, 0, 0
39520, 556485, 0, 0
39756, 899428, 0, 0
40008, 699615, 0, 0
40258, 514951, 0, 0
40511, 509973, 0, 0
40752, 96291, 0, 0
41023, 588951, 0, 0
41292, 110901, 0, 0
41501, 48013, 0, 0
41762, 2269032, 0, 0
42001, 722689, 0, 0
42255, 136280, 0, 0
42527, 1194173, 0, 0
42781, 709665, 0, 0
43029, 101661, 0, 0
43295, 101045, 0, 0
43518, 192292, 0, 0
43765, 1118171, 0, 0
44016, 323967, 0, 0
44270, 452857, 0, 0
44564, 894378, 0, 0
44754, 1945141, 0, 0
45052, 871061, 0, 0
45275, 1315316, 0, 0
45509, 576576, 0, 0
45761, 1054162, 0, 0
46003, 1062359, 0, 0
46281, 510770, 0, 0
46507, 814253, 0, 0
46752, 537030, 0, 0
47010, 589717, 0, 0
47264, 1242812, 0, 0
47505, 560802, 0, 0
47757, 234680, 0, 0
48001, 369703, 0, 0
48253, 322428, 0, 0
48515, 116464, 0, 0
48779, 94818, 0, 0
49007, 979290, 0, 0
49253, 573852, 0, 0
49523, 564736, 0, 0
49777, 1746380, 0, 0
50002, 258199, 0, 0
50254, 720000, 0, 0
50508, 47093, 0, 0
50762, 1388507, 0, 0
51005, 302556, 0, 0
51250, 463398, 0, 0
51568, 94670, 0, 0
51750, 3892557, 0, 0
52004, 444453, 0, 0
52251, 210764, 0, 0
52502, 159914, 0, 0
52773, 612058, 0, 0
53008, 798149, 0, 0
53359, 377804, 0, 0
53515, 2100486, 0, 0
53757, 992178, 0, 0
54004, 994096, 0, 0
54265, 595496, 0, 0
54559, 1343844, 0, 0
54754, 946454, 0, 0
55016, 1681885, 0, 0
55269, 894877, 0, 0
55507, 519779, 0, 0
55759, 1209620, 0, 0
56025, 505664, 0, 0
56254, 490001, 0, 0
56512, 768415, 0, 0
56755, 145078, 0, 0
57069, 687491, 0, 0
57256, 933318, 0, 0
57502, 101222, 0, 0
57777, 686234, 0, 0
58000, 402300, 0, 0
58255, 494326, 0, 0
58511, 430162, 0, 0
58753, 76788, 0, 0
59016, 1057903, 0, 0
59290, 1375105, 0, 0
59505, 692034, 0, 0
59756, 803432, 0, 0
60039, 68872, 0, 0
61310, 1380215, 0, 0
61310, 1352792, 0, 0
61310, 5983274, 0, 0
61310, 5958202, 0, 0
61310, 5860640, 0, 0
61310, 3402743, 0, 0
254, 209424, 0, 0
504, 221688, 0, 0
784, 281329, 0, 0
1019, 435993, 0, 0
1281, 515773, 0, 0
1589, 330274, 0, 0
1767, 581802, 0, 0
2005, 427070, 0, 0
2262, 539625, 0, 0
2513, 578413, 0, 0
2770, 351901, 0, 0
3010, 347192, 0, 0
3273, 640970, 0, 0
3500, 409574, 0, 0
3753, 546822, 0, 0
4007, 496957, 0, 0
4255, 401251, 0, 0
4512, 312622, 0, 0
4756, 251370, 0, 0
5015, 322892, 0, 0
5258, 598796, 0, 0
5506, 266514, 0, 0
5754, 649818, 0, 0
6008, 259733, 0, 0
6256, 337090, 0, 0
6505, 391581, 0, 0
6760, 146805, 0, 0
7001, 558219, 0, 0
7255, 691687, 0, 0
7566, 521987, 0, 0
7751, 533904, 0, 0
8004, 640895, 0, 0
8262, 134974, 0, 0
8508, 757592, 0, 0
8751, 200873, 0, 0
9013, 592755, 0, 0
9276, 371301, 0, 0
9541, 196519, 0, 0
9753, 555078, 0, 0
10050, 209465, 0, 0
10260, 557505, 0, 0
10506, 312642, 0, 0
10751, 1041298, 0, 0
11008, 140314, 0, 0
11271, 738773, 0, 0
11542, 382962, 0, 0
11758, 126125, 0, 0
12044, 1030191, 0, 0
12264, 736464, 0, 0
12503, 292715, 0, 0
12769, 559553, 0, 0
13043, 288478, 0, 0
13274, 65234, 0, 0
13501, 889794, 0, 0
13759, 471149, 0, 0
14000, 329213, 0, 0
14262, 488165, 0, 0
14500, 275792, 0, 0
14775, 618731, 0, 0
15020, 503272, 0, 0
15258, 628252, 0, 0
15501, 350808, 0, 0
15765, 346455, 0, 0
16015, 481360, 0, 0
16250, 228835, 0, 0
16504, 373357, 0, 0
16761, 937364, 0, 0
17046, 2474642, 0, 0
17276, 1898105, 0, 0
17526, 895564, 0, 0
17760, 278623, 0, 0
18050, 478329, 0, 0
18273, 730069, 0, 0
18557, 153353, 0, 0
18768, 858903, 0, 0
19009, 139364, 0, 0
19259, 875801, 0, 0
19606, 636837, 0, 0
19751, 89980, 0, 0
20019, 629441, 0, 0
20251, 223456, 0, 0
20756, 1484095, 0, 0
20771, 5195274, 0, 0
21023, 2761151, 0, 0
21252, 1563780, 0, 0
21517, 1252500, 0, 0
21757, 255533, 0, 0
22009, 409791, 0, 0
22256, 912254, 0, 0
22501, 274515, 0, 0
22775, 478828, 0, 0
23009, 1188930, 0, 0
23250, 451629, 0, 0
23506, 149398, 0, 0
23782, 338109, 0, 0
24004, 183807, 0, 0
24251, 187888, 0, 0
24533, 932617, 0, 0
24767, 608647, 0, 0
25017, 326181, 0, 0
25255, 535959, 0, 0
25528, 335777, 0, 0
25765, 609574, 0, 0
26020, 474768, 0, 0
26263, 126637, 0, 0
26512, 252857, 0, 0
26920, 123115, 0, 0
27020, 250148, 0, 0
27257, 409898, 0, 0
27628, 1161839, 0, 0
28048, 738688, 0, 0
28048, 654998, 0, 0
28254, 1026780, 0, 0
28599, 103916, 0, 0
28752, 1459762, 0, 0
29001, 1667827, 0, 0
29250, 463549, 0, 0
29525, 144855, 0, 0
29757, 107076, 0, 0
30007, 540187, 0, 0
30252, 387612, 0, 0
30508, 831444, 0, 0
30764, 480989, 0, 0
31004, 384690, 0, 0
31263, 336517, 0, 0
31512, 82677, 0, 0
31754, 497665, 0, 0
32043, 1907620, 0, 0
32292, 107594, 0, 0
32521, 767855, 0, 0
32759, 543750, 0, 0
33011, 504139, 0, 0
33280, 48247, 0, 0
33602, 995209, 0, 0
33769, 1036781, 0, 0
34008, 58591, 0, 0
34272, 1715657, 0, 0
34545, 1076186, 0, 0
34754, 578465, 0, 0
35014, 273087, 0, 0
35253, 607762, 0, 0
35502, 555382, 0, 0
35752, 227529, 0, 0
36006, 357440, 0, 0
36255, 385731, 0, 0
36520, 427930, 0, 0
36760, 753929, 0, 0
37018, 112203, 0, 0
37272, 635175, 0, 0
37507, 502727, 0, 0
37778, 421932, 0, 0
38051, 632427, 0, 0
38256, 749675, 0, 0
38502, 138187, 0, 0
38763, 228631, 0, 0
39017, 475141, 0, 0
39252, 309554, 0, 0
39500, 354493, 0, 0
39753, 489509, 0, 0
40064, 1749562, 0, 0
40251, 871060, 0, 0
40506, 1309079, 0, 0
40755, 687887, 0, 0
41079, 133732, 0, 0
41281, 1572644, 0, 0
41507, 479173, 0, 0
41750, 974427, 0, 0
42018, 421751, 0, 0
42311, 769595, 0, 0
42525, 1060314, 0, 0
42774, 900084, 0, 0
43029, 396582, 0, 0
43267, 873444, 0, 0
43509, 1198636, 0, 0
43756, 842093, 0, 0
44046, 1099198, 0, 0
44258, 745293, 0, 0
44533, 505021, 0, 0
44770, 198654, 0, 0
45004, 672453, 0, 0
45254, 479815, 0, 0
45512, 448519, 0, 0
45755, 95009, 0, 0
46050, 102059, 0, 0
46292, 181933, 0, 0
46510, 589598, 0, 0
46752, 914902, 0, 0
47081, 1400449, 0, 0
47279, 813683, 0, 0
47506, 429789, 0, 0
47816, 604776, 0, 0
48001, 598330, 0, 0
48266, 619705, 0, 0
48501, 87873, 0, 0
48753, 310309, 0, 0
49006, 269426, 0, 0
49253, 381229, 0, 0
49509, 106035, 0, 0
49769, 160260, 0, 0
50002, 158507, 0, 0
50281, 147639, 0, 0
50508, 722325, 0, 0
50750, 452858, 0, 0
51003, 550536, 0, 0
51250, 1514324, 0, 0
51559, 336297, 0, 0
51757, 82732, 0, 0
52008, 593943, 0, 0
52259, 343858, 0, 0
52556, 159248, 0, 0
52761, 467761, 0, 0
53033, 152136, 0, 0
53261, 698017, 0, 0
53503, 573809, 0, 0
53757, 418944, 0, 0
54026, 367372, 0, 0
54262, 772731, 0, 0
54519, 269928, 0, 0
54754, 661926, 0, 0
55011, 456540, 0, 0
55251, 143278, 0, 0
55510, 444255, 0, 0
55787, 70013, 0, 0
56006, 473668, 0, 0
56258, 702449, 0, 0
56511, 88029, 0, 0
56785, 458831, 0, 0
57007, 668215, 0, 0
57262, 642626, 0, 0
57526, 127076, 0, 0
57763, 71940, 0, 0
58060, 539765, 0, 0
58253, 1261008, 0, 0
58551, 1247342, 0, 0
58782, 755204, 0, 0
59009, 1451700, 0, 0
59258, 614692, 0, 0
59509, 775023, 0, 0
59760, 292405, 0, 0
60000, 491083, 0, 0
61325, 1345909, 0, 0
61325, 1327499, 0, 0
61325, 1565641, 0, 0
61325, 6160963, 0, 0
61325, 1463856, 0, 0
61325, 3849327, 0, 0
