614, 24, 0, 0
864, 43, 0, 0
1114, 43, 0, 0
1364, 43, 0, 0
1614, 32, 0, 0
1865, 52, 0, 0
2115, 49, 0, 0
2365, 38, 0, 0
2615, 41, 0, 0
2865, 43, 0, 0
3115, 46, 0, 0
3365, 46, 0, 0
3615, 46, 0, 0
3865, 38, 0, 0
4115, 43, 0, 0
4365, 52, 0, 0
4615, 38, 0, 0
4866, 43, 0, 0
5116, 40, 0, 0
5366, 35, 0, 0
5616, 49, 0, 0
5866, 35, 0, 0
6116, 43, 0, 0
6366, 46, 0, 0
6616, 46, 0, 0
6866, 60, 0, 0
7116, 46, 0, 0
7366, 38, 0, 0
7616, 46, 0, 0
7867, 46, 0, 0
8117, 46, 0, 0
8367, 57, 0, 0
8617, 43, 0, 0
8867, 40, 0, 0
9117, 43, 0, 0
9367, 43, 0, 0
9617, 38, 0, 0
9867, 35, 0, 0
10117, 57, 0, 0
10367, 29, 0, 0
10618, 35, 0, 0
10868, 27, 0, 0
11118, 46, 0, 0
11368, 43, 0, 0
11618, 48, 0, 0
11868, 43, 0, 0
12118, 43, 0, 0
12368, 29, 0, 0
12618, 35, 0, 0
12868, 65, 0, 0
13118, 35, 0, 0
13368, 38, 0, 0
13619, 43, 0, 0
13869, 43, 0, 0
14119, 51, 0, 0
14369, 43, 0, 0
14619, 51, 0, 0
14869, 51, 0, 0
15119, 43, 0, 0
15369, 35, 0, 0
15619, 32, 0, 0
15869, 35, 0, 0
16119, 37, 0, 0
16370, 40, 0, 0
16620, 62, 0, 0
16870, 45, 0, 0
17120, 54, 0, 0
17370, 45, 0, 0
17620, 43, 0, 0
17870, 37, 0, 0
18120, 48, 0, 0
18370, 43, 0, 0
18620, 40, 0, 0
18870, 45, 0, 0
19120, 48, 0, 0
19371, 40, 0, 0
19621, 40, 0, 0
19871, 48, 0, 0
20121, 51, 0, 0
20371, 43, 0, 0
20621, 48, 0, 0
20871, 35, 0, 0
21121, 51, 0, 0
21371, 37, 0, 0
21621, 51, 0, 0
21871, 56, 0, 0
22122, 37, 0, 0
22372, 45, 0, 0
22622, 45, 0, 0
22872, 56, 0, 0
23122, 43, 0, 0
23372, 43, 0, 0
23622, 48, 0, 0
23872, 48, 0, 0
24122, 45, 0, 0
24372, 40, 0, 0
24622, 48, 0, 0
24872, 45, 0, 0
25123, 40, 0, 0
25373, 40, 0, 0
25623, 34, 0, 0
25873, 48, 0, 0
26123, 37, 0, 0
26373, 29, 0, 0
26623, 42, 0, 0
26873, 58, 0, 0
27123, 40, 0, 0
27373, 45, 0, 0
27623, 45, 0, 0
27874, 50, 0, 0
28124, 34, 0, 0
28374, 42, 0, 0
28624, 53, 0, 0
28874, 40, 0, 0
29124, 53, 0, 0
29374, 40, 0, 0
29624, 32, 0, 0
29874, 32, 0, 0
30124, 40, 0, 0
30374, 32, 0, 0
30624, 29, 0, 0
30875, 34, 0, 0
31125, 45, 0, 0
31375, 45, 0, 0
31625, 50, 0, 0
31875, 50, 0, 0
32125, 37, 0, 0
32375, 40, 0, 0
32625, 48, 0, 0
32875, 45, 0, 0
33125, 53, 0, 0
33375, 24, 0, 0
33626, 29, 0, 0
33876, 31, 0, 0
34126, 39, 0, 0
34376, 37, 0, 0
34626, 39, 0, 0
34876, 39, 0, 0
35127, 42, 0, 0
35376, 53, 0, 0
35626, 39, 0, 0
35876, 37, 0, 0
36126, 55, 0, 0
36376, 29, 0, 0
36627, 34, 0, 0
36877, 53, 0, 0
37127, 45, 0, 0
37377, 47, 0, 0
37627, 39, 0, 0
37877, 42, 0, 0
38127, 50, 0, 0
38377, 45, 0, 0
38627, 47, 0, 0
38877, 50, 0, 0
39127, 34, 0, 0
39377, 34, 0, 0
39628, 55, 0, 0
39878, 44, 0, 0
40128, 34, 0, 0
40378, 37, 0, 0
40628, 34, 0, 0
40878, 37, 0, 0
41128, 34, 0, 0
41378, 47, 0, 0
41628, 52, 0, 0
41878, 55, 0, 0
42128, 47, 0, 0
42379, 42, 0, 0
42629, 36, 0, 0
42879, 36, 0, 0
43129, 42, 0, 0
43379, 55, 0, 0
43629, 44, 0, 0
43879, 47, 0, 0
44129, 42, 0, 0
44379, 47, 0, 0
44629, 36, 0, 0
44879, 29, 0, 0
45129, 47, 0, 0
45380, 44, 0, 0
45630, 42, 0, 0
45880, 52, 0, 0
46130, 50, 0, 0
46380, 42, 0, 0
46630, 44, 0, 0
46880, 31, 0, 0
47130, 39, 0, 0
47380, 34, 0, 0
47630, 47, 0, 0
47880, 39, 0, 0
48131, 34, 0, 0
48381, 41, 0, 0
48631, 41, 0, 0
48881, 34, 0, 0
49131, 39, 0, 0
49381, 49, 0, 0
49631, 34, 0, 0
49881, 41, 0, 0
50131, 47, 0, 0
50381, 49, 0, 0
50631, 55, 0, 0
50882, 49, 0, 0
51132, 47, 0, 0
51382, 47, 0, 0
51632, 57, 0, 0
51882, 34, 0, 0
52132, 47, 0, 0
52382, 28, 0, 0
52632, 39, 0, 0
52882, 34, 0, 0
53132, 47, 0, 0
53382, 47, 0, 0
53632, 34, 0, 0
53883, 31, 0, 0
54133, 31, 0, 0
54383, 39, 0, 0
54633, 41, 0, 0
54883, 46, 0, 0
55133, 49, 0, 0
55383, 31, 0, 0
55633, 54, 0, 0
55883, 41, 0, 0
56133, 41, 0, 0
56383, 39, 0, 0
56634, 44, 0, 0
56884, 39, 0, 0
57134, 39, 0, 0
57384, 44, 0, 0
57634, 33, 0, 0
57884, 28, 0, 0
58134, 54, 0, 0
58384, 33, 0, 0
58634, 44, 0, 0
58884, 39, 0, 0
59134, 41, 0, 0
59384, 44, 0, 0
59635, 33, 0, 0
59885, 38, 0, 0
614, 21, 0, 0
864, 57, 0, 0
1114, 46, 0, 0
1364, 32, 0, 0
1614, 65, 0, 0
1865, 41, 0, 0
2115, 46, 0, 0
2365, 38, 0, 0
2615, 41, 0, 0
2865, 43, 0, 0
3115, 38, 0, 0
3365, 57, 0, 0
3615, 49, 0, 0
3865, 43, 0, 0
4115, 49, 0, 0
4365, 43, 0, 0
4615, 43, 0, 0
4866, 40, 0, 0
5116, 43, 0, 0
5366, 49, 0, 0
5616, 57, 0, 0
5866, 38, 0, 0
6116, 49, 0, 0
6366, 60, 0, 0
6616, 54, 0, 0
6866, 54, 0, 0
7116, 49, 0, 0
7366, 32, 0, 0
7616, 46, 0, 0
7867, 46, 0, 0
8117, 57, 0, 0
8367, 51, 0, 0
8617, 57, 0, 0
8867, 46, 0, 0
9117, 57, 0, 0
9367, 57, 0, 0
9617, 59, 0, 0
9867, 54, 0, 0
10117, 46, 0, 0
10367, 46, 0, 0
10617, 49, 0, 0
10868, 38, 0, 0
11118, 43, 0, 0
11368, 40, 0, 0
11618, 38, 0, 0
11868, 43, 0, 0
12118, 54, 0, 0
12368, 43, 0, 0
12618, 46, 0, 0
12868, 40, 0, 0
13118, 40, 0, 0
13368, 40, 0, 0
13619, 54, 0, 0
13869, 46, 0, 0
14119, 37, 0, 0
14369, 54, 0, 0
14619, 48, 0, 0
14869, 46, 0, 0
15119, 54, 0, 0
15369, 46, 0, 0
15619, 56, 0, 0
15869, 51, 0, 0
16119, 54, 0, 0
16370, 48, 0, 0
16620, 48, 0, 0
16870, 48, 0, 0
17120, 56, 0, 0
17370, 51, 0, 0
17620, 32, 0, 0
17870, 37, 0, 0
18120, 45, 0, 0
18370, 43, 0, 0
18620, 56, 0, 0
18870, 43, 0, 0
19120, 35, 0, 0
19371, 45, 0, 0
19621, 56, 0, 0
19871, 35, 0, 0
20121, 37, 0, 0
20371, 56, 0, 0
20621, 40, 0, 0
20871, 26, 0, 0
21121, 45, 0, 0
21371, 53, 0, 0
21621, 51, 0, 0
21871, 53, 0, 0
22122, 45, 0, 0
22372, 40, 0, 0
22622, 61, 0, 0
22872, 51, 0, 0
23122, 34, 0, 0
23372, 29, 0, 0
23622, 61, 0, 0
23872, 48, 0, 0
24122, 40, 0, 0
24372, 45, 0, 0
24622, 48, 0, 0
24872, 59, 0, 0
25123, 45, 0, 0
25373, 48, 0, 0
25623, 40, 0, 0
25873, 45, 0, 0
26123, 32, 0, 0
26373, 42, 0, 0
26623, 45, 0, 0
26873, 50, 0, 0
27123, 45, 0, 0
27373, 40, 0, 0
27623, 40, 0, 0
27874, 45, 0, 0
28124, 37, 0, 0
28374, 50, 0, 0
28624, 53, 0, 0
28874, 50, 0, 0
29124, 50, 0, 0
29374, 50, 0, 0
29624, 37, 0, 0
29874, 40, 0, 0
30124, 50, 0, 0
30374, 42, 0, 0
30624, 45, 0, 0
30875, 53, 0, 0
31125, 40, 0, 0
31375, 42, 0, 0
31625, 56, 0, 0
31875, 34, 0, 0
32125, 48, 0, 0
32375, 48, 0, 0
32625, 40, 0, 0
32875, 42, 0, 0
33125, 56, 0, 0
33375, 40, 0, 0
33626, 21, 0, 0
33876, 53, 0, 0
34126, 45, 0, 0
34376, 47, 0, 0
34626, 55, 0, 0
34876, 50, 0, 0
35127, 37, 0, 0
35376, 39, 0, 0
35626, 50, 0, 0
35876, 50, 0, 0
36126, 39, 0, 0
36376, 45, 0, 0
36627, 42, 0, 0
36877, 47, 0, 0
37127, 37, 0, 0
37377, 50, 0, 0
37627, 45, 0, 0
37877, 37, 0, 0
38127, 47, 0, 0
38377, 50, 0, 0
38627, 34, 0, 0
38877, 45, 0, 0
39127, 34, 0, 0
39377, 42, 0, 0
39628, 60, 0, 0
39878, 47, 0, 0
40128, 50, 0, 0
40378, 52, 0, 0
40628, 42, 0, 0
40878, 63, 0, 0
41128, 63, 0, 0
41378, 29, 0, 0
41628, 44, 0, 0
41878, 47, 0, 0
42128, 44, 0, 0
42379, 50, 0, 0
42629, 52, 0, 0
42879, 47, 0, 0
43129, 50, 0, 0
43379, 50, 0, 0
43629, 50, 0, 0
43879, 47, 0, 0
44129, 47, 0, 0
44379, 42, 0, 0
44629, 47, 0, 0
44879, 44, 0, 0
45129, 60, 0, 0
45380, 39, 0, 0
45630, 44, 0, 0
45880, 52, 0, 0
46130, 52, 0, 0
46380, 42, 0, 0
46630, 42, 0, 0
46880, 44, 0, 0
47130, 42, 0, 0
47380, 44, 0, 0
47630, 52, 0, 0
47880, 44, 0, 0
48131, 49, 0, 0
48381, 47, 0, 0
48631, 52, 0, 0
48881, 39, 0, 0
49131, 39, 0, 0
49381, 36, 0, 0
49631, 36, 0, 0
49881, 55, 0, 0
50131, 52, 0, 0
50381, 47, 0, 0
50631, 36, 0, 0
50881, 47, 0, 0
51132, 49, 0, 0
51382, 39, 0, 0
51632, 41, 0, 0
51882, 39, 0, 0
52132, 52, 0, 0
52382, 47, 0, 0
52632, 36, 0, 0
52882, 36, 0, 0
53132, 49, 0, 0
53382, 47, 0, 0
53632, 36, 0, 0
53883, 28, 0, 0
54133, 49, 0, 0
54383, 49, 0, 0
54633, 46, 0, 0
54883, 52, 0, 0
55133, 44, 0, 0
55383, 44, 0, 0
55633, 49, 0, 0
55883, 33, 0, 0
56133, 44, 0, 0
56383, 46, 0, 0
56633, 44, 0, 0
56884, 54, 0, 0
57134, 41, 0, 0
57384, 44, 0, 0
57634, 46, 0, 0
57884, 41, 0, 0
58134, 54, 0, 0
58384, 26, 0, 0
58634, 52, 0, 0
58884, 41, 0, 0
59134, 46, 0, 0
59384, 46, 0, 0
59635, 41, 0, 0
59885, 44, 0, 0
614, 38, 0, 0
864, 57, 0, 0
1114, 35, 0, 0
1364, 38, 0, 0
1614, 43, 0, 0
1865, 54, 0, 0
2115, 43, 0, 0
2365, 41, 0, 0
2615, 54, 0, 0
2865, 49, 0, 0
3115, 49, 0, 0
3365, 57, 0, 0
3615, 27, 0, 0
3865, 57, 0, 0
4115, 57, 0, 0
4365, 41, 0, 0
4615, 41, 0, 0
4866, 35, 0, 0
5116, 38, 0, 0
5366, 27, 0, 0
5616, 51, 0, 0
5866, 46, 0, 0
6116, 54, 0, 0
6366, 46, 0, 0
6616, 51, 0, 0
6866, 43, 0, 0
7116, 40, 0, 0
7366, 60, 0, 0
7616, 51, 0, 0
7867, 46, 0, 0
8117, 59, 0, 0
8367, 43, 0, 0
8617, 51, 0, 0
8867, 49, 0, 0
9117, 40, 0, 0
9367, 49, 0, 0
9617, 59, 0, 0
9867, 65, 0, 0
10117, 40, 0, 0
10367, 49, 0, 0
10618, 51, 0, 0
10868, 51, 0, 0
11118, 38, 0, 0
11368, 43, 0, 0
11618, 38, 0, 0
11868, 46, 0, 0
12118, 51, 0, 0
12368, 59, 0, 0
12618, 43, 0, 0
12868, 35, 0, 0
13118, 48, 0, 0
13368, 46, 0, 0
13619, 40, 0, 0
13869, 46, 0, 0
14119, 37, 0, 0
14369, 51, 0, 0
14619, 35, 0, 0
14869, 48, 0, 0
15119, 43, 0, 0
15369, 51, 0, 0
15619, 48, 0, 0
15869, 40, 0, 0
16119, 48, 0, 0
16370, 37, 0, 0
16620, 51, 0, 0
16870, 62, 0, 0
17120, 43, 0, 0
17370, 43, 0, 0
17620, 45, 0, 0
17870, 48, 0, 0
18120, 48, 0, 0
18370, 40, 0, 0
18620, 37, 0, 0
18870, 54, 0, 0
19120, 51, 0, 0
19371, 59, 0, 0
19621, 40, 0, 0
19871, 48, 0, 0
20121, 43, 0, 0
20371, 51, 0, 0
20621, 48, 0, 0
20871, 45, 0, 0
21121, 40, 0, 0
21371, 35, 0, 0
21621, 51, 0, 0
21871, 37, 0, 0
22122, 34, 0, 0
22372, 37, 0, 0
22622, 51, 0, 0
22872, 40, 0, 0
23122, 53, 0, 0
23372, 40, 0, 0
23622, 53, 0, 0
23872, 59, 0, 0
24122, 48, 0, 0
24372, 61, 0, 0
24622, 56, 0, 0
24872, 56, 0, 0
25123, 48, 0, 0
25373, 48, 0, 0
25623, 34, 0, 0
25873, 37, 0, 0
26123, 45, 0, 0
26373, 40, 0, 0
26623, 50, 0, 0
26873, 45, 0, 0
27123, 50, 0, 0
27373, 42, 0, 0
27623, 42, 0, 0
27874, 50, 0, 0
28124, 42, 0, 0
28374, 40, 0, 0
28624, 53, 0, 0
28874, 34, 0, 0
29124, 53, 0, 0
29374, 50, 0, 0
29624, 40, 0, 0
29874, 34, 0, 0
30124, 53, 0, 0
30374, 40, 0, 0
30624, 50, 0, 0
30875, 50, 0, 0
31125, 53, 0, 0
31375, 53, 0, 0
31625, 58, 0, 0
31875, 37, 0, 0
32125, 42, 0, 0
32375, 53, 0, 0
32625, 50, 0, 0
32875, 69, 0, 0
33125, 42, 0, 0
33375, 48, 0, 0
33626, 53, 0, 0
33876, 42, 0, 0
34126, 53, 0, 0
34376, 31, 0, 0
34626, 50, 0, 0
34876, 61, 0, 0
35127, 45, 0, 0
35376, 42, 0, 0
35626, 29, 0, 0
35876, 31, 0, 0
36126, 39, 0, 0
36376, 47, 0, 0
36627, 45, 0, 0
36877, 45, 0, 0
37127, 34, 0, 0
37377, 53, 0, 0
37627, 37, 0, 0
37877, 53, 0, 0
38127, 45, 0, 0
38377, 42, 0, 0
38627, 53, 0, 0
38877, 47, 0, 0
39127, 42, 0, 0
39377, 58, 0, 0
39628, 47, 0, 0
39878, 47, 0, 0
40128, 44, 0, 0
40378, 42, 0, 0
40628, 50, 0, 0
40878, 42, 0, 0
41128, 47, 0, 0
41378, 47, 0, 0
41628, 55, 0, 0
41878, 50, 0, 0
42128, 42, 0, 0
42379, 55, 0, 0
42629, 50, 0, 0
42879, 44, 0, 0
43129, 50, 0, 0
43379, 44, 0, 0
43629, 39, 0, 0
43879, 55, 0, 0
44129, 39, 0, 0
44379, 44, 0, 0
44629, 39, 0, 0
44879, 44, 0, 0
45129, 50, 0, 0
45380, 34, 0, 0
45630, 44, 0, 0
45880, 47, 0, 0
46130, 44, 0, 0
46380, 47, 0, 0
46630, 42, 0, 0
46880, 36, 0, 0
47130, 50, 0, 0
47380, 47, 0, 0
47630, 44, 0, 0
47880, 50, 0, 0
48131, 44, 0, 0
48381, 55, 0, 0
48631, 44, 0, 0
48881, 44, 0, 0
49131, 44, 0, 0
49381, 39, 0, 0
49631, 49, 0, 0
49881, 39, 0, 0
50131, 52, 0, 0
50381, 47, 0, 0
50631, 31, 0, 0
50882, 47, 0, 0
51132, 52, 0, 0
51382, 49, 0, 0
51632, 36, 0, 0
51882, 36, 0, 0
52132, 41, 0, 0
52382, 36, 0, 0
52632, 39, 0, 0
52882, 36, 0, 0
53132, 41, 0, 0
53382, 47, 0, 0
53632, 36, 0, 0
53883, 44, 0, 0
54133, 46, 0, 0
54383, 39, 0, 0
54633, 52, 0, 0
54883, 41, 0, 0
55133, 44, 0, 0
55383, 41, 0, 0
55633, 41, 0, 0
55883, 57, 0, 0
56133, 49, 0, 0
56383, 39, 0, 0
56634, 46, 0, 0
56884, 39, 0, 0
57134, 46, 0, 0
57384, 41, 0, 0
57634, 36, 0, 0
57884, 33, 0, 0
58134, 41, 0, 0
58384, 31, 0, 0
58634, 46, 0, 0
58884, 41, 0, 0
59134, 49, 0, 0
59384, 39, 0, 0
59635, 44, 0, 0
59885, 49, 0, 0
614, 13, 0, 0
864, 60, 0, 0
1114, 49, 0, 0
1364, 43, 0, 0
1614, 46, 0, 0
1865, 46, 0, 0
2115, 52, 0, 0
2365, 35, 0, 0
2615, 46, 0, 0
2865, 52, 0, 0
3115, 35, 0, 0
3365, 54, 0, 0
3615, 41, 0, 0
3865, 46, 0, 0
4115, 41, 0, 0
4365, 41, 0, 0
4615, 41, 0, 0
4866, 32, 0, 0
5116, 38, 0, 0
5366, 43, 0, 0
5616, 49, 0, 0
5866, 43, 0, 0
6116, 49, 0, 0
6366, 43, 0, 0
6616, 43, 0, 0
6866, 54, 0, 0
7116, 57, 0, 0
7366, 27, 0, 0
7616, 49, 0, 0
7867, 51, 0, 0
8117, 54, 0, 0
8367, 29, 0, 0
8617, 51, 0, 0
8867, 40, 0, 0
9117, 46, 0, 0
9367, 51, 0, 0
9617, 46, 0, 0
9867, 49, 0, 0
10117, 57, 0, 0
10367, 43, 0, 0
10618, 51, 0, 0
10868, 48, 0, 0
11118, 40, 0, 0
11368, 48, 0, 0
11618, 35, 0, 0
11868, 40, 0, 0
12118, 48, 0, 0
12368, 43, 0, 0
12618, 43, 0, 0
12868, 40, 0, 0
13118, 32, 0, 0
13368, 48, 0, 0
13619, 62, 0, 0
13869, 46, 0, 0
14119, 51, 0, 0
14369, 48, 0, 0
14619, 54, 0, 0
14869, 35, 0, 0
15119, 54, 0, 0
15369, 51, 0, 0
15619, 37, 0, 0
15869, 40, 0, 0
16119, 65, 0, 0
16370, 59, 0, 0
16620, 51, 0, 0
16870, 43, 0, 0
17120, 40, 0, 0
17370, 48, 0, 0
17620, 40, 0, 0
17870, 35, 0, 0
18120, 43, 0, 0
18370, 43, 0, 0
18620, 59, 0, 0
18870, 43, 0, 0
19120, 51, 0, 0
19371, 40, 0, 0
19621, 40, 0, 0
19871, 40, 0, 0
20121, 32, 0, 0
20371, 48, 0, 0
20621, 48, 0, 0
20871, 61, 0, 0
21121, 43, 0, 0
21371, 45, 0, 0
21621, 45, 0, 0
21871, 40, 0, 0
22122, 34, 0, 0
22372, 29, 0, 0
22622, 53, 0, 0
22872, 53, 0, 0
23122, 37, 0, 0
23372, 43, 0, 0
23622, 48, 0, 0
23872, 40, 0, 0
24122, 53, 0, 0
24372, 40, 0, 0
24622, 51, 0, 0
24872, 56, 0, 0
25123, 53, 0, 0
25373, 50, 0, 0
25623, 48, 0, 0
25873, 29, 0, 0
26123, 42, 0, 0
26373, 37, 0, 0
26623, 26, 0, 0
26873, 50, 0, 0
27123, 42, 0, 0
27373, 56, 0, 0
27623, 32, 0, 0
27874, 45, 0, 0
28124, 42, 0, 0
28374, 48, 0, 0
28624, 48, 0, 0
28874, 37, 0, 0
29124, 45, 0, 0
29374, 45, 0, 0
29624, 40, 0, 0
29874, 42, 0, 0
30124, 42, 0, 0
30374, 50, 0, 0
30624, 34, 0, 0
30875, 42, 0, 0
31125, 56, 0, 0
31375, 45, 0, 0
31625, 45, 0, 0
31875, 37, 0, 0
32125, 37, 0, 0
32375, 29, 0, 0
32625, 42, 0, 0
32875, 48, 0, 0
33125, 37, 0, 0
33375, 50, 0, 0
33626, 42, 0, 0
33876, 50, 0, 0
34126, 34, 0, 0
34376, 37, 0, 0
34626, 45, 0, 0
34876, 53, 0, 0
35127, 39, 0, 0
35376, 42, 0, 0
35626, 45, 0, 0
35876, 39, 0, 0
36126, 45, 0, 0
36376, 47, 0, 0
36627, 58, 0, 0
36877, 47, 0, 0
37127, 50, 0, 0
37377, 53, 0, 0
37627, 42, 0, 0
37877, 47, 0, 0
38127, 58, 0, 0
38377, 50, 0, 0
38627, 50, 0, 0
38877, 47, 0, 0
39127, 29, 0, 0
39377, 45, 0, 0
39628, 42, 0, 0
39878, 44, 0, 0
40128, 39, 0, 0
40378, 50, 0, 0
40628, 44, 0, 0
40878, 39, 0, 0
41128, 52, 0, 0
41378, 50, 0, 0
41628, 52, 0, 0
41878, 52, 0, 0
42128, 52, 0, 0
42379, 34, 0, 0
42629, 50, 0, 0
42879, 47, 0, 0
43129, 47, 0, 0
43379, 47, 0, 0
43629, 36, 0, 0
43879, 36, 0, 0
44129, 39, 0, 0
44379, 39, 0, 0
44629, 31, 0, 0
44879, 44, 0, 0
45130, 52, 0, 0
45380, 31, 0, 0
45630, 47, 0, 0
45880, 39, 0, 0
46130, 36, 0, 0
46380, 55, 0, 0
46630, 60, 0, 0
46880, 39, 0, 0
47130, 47, 0, 0
47380, 44, 0, 0
47630, 39, 0, 0
47880, 34, 0, 0
48131, 41, 0, 0
48381, 49, 0, 0
48631, 52, 0, 0
48881, 47, 0, 0
49131, 57, 0, 0
49381, 44, 0, 0
49631, 49, 0, 0
49881, 55, 0, 0
50131, 39, 0, 0
50381, 49, 0, 0
50631, 39, 0, 0
50882, 39, 0, 0
51132, 41, 0, 0
51382, 57, 0, 0
51632, 44, 0, 0
51882, 41, 0, 0
52132, 47, 0, 0
52382, 36, 0, 0
52632, 44, 0, 0
52882, 44, 0, 0
53132, 47, 0, 0
53382, 41, 0, 0
53632, 36, 0, 0
53883, 39, 0, 0
54133, 44, 0, 0
54383, 46, 0, 0
54633, 39, 0, 0
54883, 46, 0, 0
55133, 52, 0, 0
55383, 26, 0, 0
55633, 44, 0, 0
55883, 49, 0, 0
56133, 49, 0, 0
56383, 39, 0, 0
56634, 41, 0, 0
56884, 39, 0, 0
57134, 52, 0, 0
57384, 44, 0, 0
57634, 44, 0, 0
57884, 49, 0, 0
58134, 52, 0, 0
58384, 41, 0, 0
58634, 41, 0, 0
58884, 49, 0, 0
59134, 44, 0, 0
59384, 44, 0, 0
59635, 44, 0, 0
59885, 49, 0, 0
1282, 21, 0, 0
1532, 28, 0, 0
1782, 28, 0, 0
2070, 28, 0, 0
2245, 24, 0, 0
2532, 35, 0, 0
2783, 24, 0, 0
3033, 21, 0, 0
3283, 42, 0, 0
3533, 28, 0, 0
3783, 21, 0, 0
4033, 21, 0, 0
4283, 17, 0, 0
4533, 28, 0, 0
4783, 31, 0, 0
5033, 28, 0, 0
5283, 21, 0, 0
5533, 24, 0, 0
5784, 17, 0, 0
6034, 28, 0, 0
6284, 14, 0, 0
6534, 38, 0, 0
6784, 17, 0, 0
7034, 35, 0, 0
7284, 31, 0, 0
7534, 35, 0, 0
7784, 35, 0, 0
8034, 35, 0, 0
8284, 24, 0, 0
8535, 17, 0, 0
8785, 24, 0, 0
9035, 28, 0, 0
9285, 24, 0, 0
9535, 35, 0, 0
9785, 31, 0, 0
10035, 31, 0, 0
10285, 28, 0, 0
10535, 45, 0, 0
10785, 31, 0, 0
11035, 31, 0, 0
11285, 28, 0, 0
11536, 38, 0, 0
11786, 17, 0, 0
12036, 45, 0, 0
12286, 34, 0, 0
12536, 31, 0, 0
12786, 27, 0, 0
13036, 38, 0, 0
13286, 27, 0, 0
13536, 31, 0, 0
13786, 34, 0, 0
14036, 38, 0, 0
14287, 38, 0, 0
14537, 24, 0, 0
14787, 27, 0, 0
15037, 27, 0, 0
15287, 31, 0, 0
15537, 34, 0, 0
15787, 38, 0, 0
16037, 27, 0, 0
16287, 34, 0, 0
16537, 24, 0, 0
16787, 31, 0, 0
17037, 31, 0, 0
17288, 38, 0, 0
17538, 41, 0, 0
17788, 31, 0, 0
18038, 27, 0, 0
18288, 41, 0, 0
18538, 20, 0, 0
18788, 34, 0, 0
19038, 38, 0, 0
19288, 31, 0, 0
19538, 27, 0, 0
19788, 31, 0, 0
20039, 44, 0, 0
20289, 20, 0, 0
20539, 17, 0, 0
20789, 31, 0, 0
21039, 31, 0, 0
21289, 34, 0, 0
21539, 27, 0, 0
21789, 38, 0, 0
22039, 34, 0, 0
22289, 31, 0, 0
22539, 34, 0, 0
22789, 34, 0, 0
23040, 24, 0, 0
23290, 31, 0, 0
23540, 31, 0, 0
23790, 34, 0, 0
24040, 31, 0, 0
24290, 31, 0, 0
24540, 20, 0, 0
24790, 24, 0, 0
25040, 20, 0, 0
25290, 20, 0, 0
25540, 27, 0, 0
25791, 27, 0, 0
26041, 37, 0, 0
26291, 24, 0, 0
26541, 30, 0, 0
26791, 30, 0, 0
27041, 27, 0, 0
27291, 27, 0, 0
27541, 30, 0, 0
27791, 27, 0, 0
28041, 30, 0, 0
28291, 27, 0, 0
28541, 17, 0, 0
28792, 44, 0, 0
29042, 30, 0, 0
29292, 37, 0, 0
29542, 37, 0, 0
29792, 34, 0, 0
30042, 41, 0, 0
30292, 27, 0, 0
30542, 27, 0, 0
30792, 34, 0, 0
31042, 34, 0, 0
31292, 30, 0, 0
31543, 23, 0, 0
31793, 23, 0, 0
32043, 30, 0, 0
32293, 23, 0, 0
32543, 30, 0, 0
32793, 34, 0, 0
33043, 40, 0, 0
33293, 27, 0, 0
33543, 23, 0, 0
33793, 30, 0, 0
34043, 37, 0, 0
34293, 30, 0, 0
34544, 23, 0, 0
34794, 23, 0, 0
35044, 30, 0, 0
35294, 34, 0, 0
35544, 23, 0, 0
35794, 27, 0, 0
36044, 30, 0, 0
36294, 30, 0, 0
36544, 23, 0, 0
36794, 40, 0, 0
37044, 27, 0, 0
37295, 33, 0, 0
37545, 33, 0, 0
37795, 30, 0, 0
38045, 33, 0, 0
38295, 30, 0, 0
38545, 30, 0, 0
38795, 37, 0, 0
39045, 44, 0, 0
39295, 33, 0, 0
39545, 27, 0, 0
39795, 27, 0, 0
40045, 37, 0, 0
40296, 33, 0, 0
40546, 30, 0, 0
40796, 16, 0, 0
41046, 37, 0, 0
41296, 37, 0, 0
41546, 30, 0, 0
41796, 33, 0, 0
42046, 30, 0, 0
42296, 47, 0, 0
42546, 37, 0, 0
42796, 33, 0, 0
43047, 40, 0, 0
43297, 26, 0, 0
43547, 20, 0, 0
43797, 37, 0, 0
44047, 20, 0, 0
44297, 40, 0, 0
44547, 33, 0, 0
44797, 26, 0, 0
45047, 23, 0, 0
45297, 26, 0, 0
45547, 40, 0, 0
45797, 20, 0, 0
46048, 23, 0, 0
46298, 26, 0, 0
46548, 23, 0, 0
46798, 26, 0, 0
47048, 30, 0, 0
47298, 33, 0, 0
47548, 30, 0, 0
47798, 26, 0, 0
48048, 33, 0, 0
48298, 33, 0, 0
48548, 33, 0, 0
48799, 20, 0, 0
49049, 43, 0, 0
49299, 26, 0, 0
49549, 30, 0, 0
49799, 36, 0, 0
50049, 36, 0, 0
50299, 30, 0, 0
50549, 36, 0, 0
50799, 46, 0, 0
51049, 26, 0, 0
51299, 30, 0, 0
51549, 16, 0, 0
51800, 33, 0, 0
52050, 36, 0, 0
52300, 33, 0, 0
52550, 36, 0, 0
52800, 23, 0, 0
53050, 40, 0, 0
53300, 26, 0, 0
53550, 36, 0, 0
53800, 33, 0, 0
54050, 26, 0, 0
54300, 36, 0, 0
54551, 36, 0, 0
54801, 29, 0, 0
55051, 36, 0, 0
55301, 23, 0, 0
55551, 33, 0, 0
55801, 26, 0, 0
56051, 36, 0, 0
56301, 33, 0, 0
56551, 46, 0, 0
56801, 29, 0, 0
57051, 29, 0, 0
57301, 29, 0, 0
57552, 29, 0, 0
57802, 29, 0, 0
58052, 36, 0, 0
58302, 36, 0, 0
58552, 33, 0, 0
58802, 36, 0, 0
59052, 9, 0, 0
59302, 33, 0, 0
59552, 26, 0, 0
59802, 43, 0, 0
1032, 17, 0, 0
1282, 39, 0, 0
1532, 39, 0, 0
1782, 42, 0, 0
2070, 18, 0, 0
2245, 24, 0, 0
2533, 42, 0, 0
2783, 21, 0, 0
3033, 28, 0, 0
3283, 31, 0, 0
3533, 35, 0, 0
3783, 28, 0, 0
4033, 38, 0, 0
4283, 31, 0, 0
4533, 31, 0, 0
4783, 42, 0, 0
5033, 45, 0, 0
5284, 24, 0, 0
5534, 38, 0, 0
5784, 31, 0, 0
6034, 35, 0, 0
6284, 28, 0, 0
6534, 35, 0, 0
6784, 28, 0, 0
7034, 42, 0, 0
7284, 35, 0, 0
7534, 42, 0, 0
7784, 35, 0, 0
8035, 24, 0, 0
8285, 31, 0, 0
8535, 31, 0, 0
8785, 49, 0, 0
9035, 31, 0, 0
9285, 35, 0, 0
9535, 24, 0, 0
9785, 49, 0, 0
10035, 38, 0, 0
10285, 38, 0, 0
10535, 38, 0, 0
10785, 24, 0, 0
11036, 38, 0, 0
11286, 20, 0, 0
11536, 34, 0, 0
11786, 31, 0, 0
12036, 38, 0, 0
12286, 31, 0, 0
12536, 34, 0, 0
12786, 41, 0, 0
13036, 31, 0, 0
13286, 45, 0, 0
13536, 31, 0, 0
13786, 34, 0, 0
14037, 31, 0, 0
14287, 27, 0, 0
14537, 24, 0, 0
14787, 24, 0, 0
15037, 38, 0, 0
15287, 45, 0, 0
15537, 48, 0, 0
15787, 34, 0, 0
16037, 41, 0, 0
16287, 41, 0, 0
16537, 41, 0, 0
16788, 41, 0, 0
17038, 24, 0, 0
17288, 41, 0, 0
17538, 45, 0, 0
17788, 27, 0, 0
18038, 27, 0, 0
18288, 34, 0, 0
18538, 24, 0, 0
18788, 34, 0, 0
19038, 45, 0, 0
19288, 27, 0, 0
19538, 34, 0, 0
19789, 27, 0, 0
20039, 41, 0, 0
20289, 24, 0, 0
20539, 24, 0, 0
20789, 38, 0, 0
21039, 38, 0, 0
21289, 27, 0, 0
21539, 38, 0, 0
21789, 41, 0, 0
22039, 41, 0, 0
22289, 38, 0, 0
22539, 44, 0, 0
22790, 34, 0, 0
23040, 41, 0, 0
23290, 27, 0, 0
23540, 34, 0, 0
23790, 41, 0, 0
24040, 31, 0, 0
24290, 37, 0, 0
24540, 41, 0, 0
24790, 34, 0, 0
25040, 24, 0, 0
25290, 37, 0, 0
25541, 37, 0, 0
25791, 30, 0, 0
26041, 27, 0, 0
26291, 34, 0, 0
26541, 37, 0, 0
26791, 34, 0, 0
27041, 37, 0, 0
27291, 27, 0, 0
27541, 24, 0, 0
27791, 41, 0, 0
28041, 34, 0, 0
28292, 44, 0, 0
28542, 34, 0, 0
28792, 44, 0, 0
29042, 30, 0, 0
29292, 30, 0, 0
29542, 30, 0, 0
29792, 23, 0, 0
30042, 34, 0, 0
30292, 30, 0, 0
30542, 23, 0, 0
30792, 37, 0, 0
31042, 23, 0, 0
31293, 23, 0, 0
31543, 27, 0, 0
31793, 34, 0, 0
32043, 34, 0, 0
32293, 27, 0, 0
32543, 37, 0, 0
32793, 37, 0, 0
33043, 34, 0, 0
33293, 34, 0, 0
33543, 40, 0, 0
33793, 30, 0, 0
34044, 30, 0, 0
34294, 44, 0, 0
34544, 47, 0, 0
34794, 27, 0, 0
35044, 37, 0, 0
35294, 40, 0, 0
35544, 30, 0, 0
35794, 34, 0, 0
36044, 34, 0, 0
36294, 44, 0, 0
36544, 27, 0, 0
36794, 44, 0, 0
37045, 30, 0, 0
37295, 47, 0, 0
37545, 33, 0, 0
37795, 40, 0, 0
38045, 37, 0, 0
38295, 27, 0, 0
38545, 27, 0, 0
38795, 33, 0, 0
39045, 30, 0, 0
39295, 33, 0, 0
39545, 23, 0, 0
39796, 40, 0, 0
40046, 30, 0, 0
40296, 30, 0, 0
40546, 47, 0, 0
40796, 30, 0, 0
41046, 37, 0, 0
41296, 43, 0, 0
41546, 23, 0, 0
41796, 30, 0, 0
42046, 33, 0, 0
42296, 33, 0, 0
42546, 27, 0, 0
42797, 33, 0, 0
43047, 33, 0, 0
43297, 37, 0, 0
43547, 26, 0, 0
43797, 30, 0, 0
44047, 23, 0, 0
44297, 30, 0, 0
44547, 30, 0, 0
44797, 37, 0, 0
45047, 26, 0, 0
45297, 40, 0, 0
45547, 30, 0, 0
45798, 30, 0, 0
46048, 30, 0, 0
46298, 26, 0, 0
46548, 33, 0, 0
46798, 33, 0, 0
47048, 30, 0, 0
47298, 43, 0, 0
47548, 26, 0, 0
47798, 36, 0, 0
48048, 40, 0, 0
48298, 46, 0, 0
48548, 33, 0, 0
48799, 30, 0, 0
49049, 30, 0, 0
49299, 26, 0, 0
49549, 40, 0, 0
49799, 43, 0, 0
50049, 36, 0, 0
50299, 33, 0, 0
50549, 30, 0, 0
50799, 33, 0, 0
51049, 30, 0, 0
51299, 26, 0, 0
51550, 26, 0, 0
51800, 33, 0, 0
52050, 26, 0, 0
52300, 36, 0, 0
52550, 33, 0, 0
52800, 26, 0, 0
53050, 36, 0, 0
53300, 26, 0, 0
53550, 36, 0, 0
53800, 36, 0, 0
54050, 30, 0, 0
54301, 26, 0, 0
54551, 46, 0, 0
54801, 39, 0, 0
55051, 36, 0, 0
55301, 23, 0, 0
55551, 29, 0, 0
55801, 33, 0, 0
56051, 23, 0, 0
56301, 39, 0, 0
56551, 23, 0, 0
56801, 36, 0, 0
57051, 29, 0, 0
57302, 33, 0, 0
57552, 36, 0, 0
57802, 36, 0, 0
58052, 29, 0, 0
58302, 43, 0, 0
58552, 36, 0, 0
58802, 49, 0, 0
59052, 26, 0, 0
59302, 23, 0, 0
59552, 36, 0, 0
59802, 33, 0, 0
1032, 17, 0, 0
1282, 31, 0, 0
1532, 39, 0, 0
1782, 31, 0, 0
2070, 31, 0, 0
2245, 32, 0, 0
2533, 42, 0, 0
2783, 28, 0, 0
3033, 14, 0, 0
3283, 49, 0, 0
3533, 42, 0, 0
3783, 35, 0, 0
4033, 38, 0, 0
4283, 31, 0, 0
4533, 38, 0, 0
4783, 31, 0, 0
5033, 45, 0, 0
5284, 31, 0, 0
5534, 35, 0, 0
5784, 38, 0, 0
6034, 42, 0, 0
6284, 35, 0, 0
6534, 38, 0, 0
6784, 28, 0, 0
7034, 45, 0, 0
7284, 31, 0, 0
7534, 31, 0, 0
7784, 31, 0, 0
8035, 21, 0, 0
8285, 42, 0, 0
8535, 28, 0, 0
8785, 42, 0, 0
9035, 42, 0, 0
9285, 35, 0, 0
9535, 45, 0, 0
9785, 28, 0, 0
10035, 45, 0, 0
10285, 45, 0, 0
10535, 38, 0, 0
10785, 28, 0, 0
11036, 31, 0, 0
11286, 17, 0, 0
11536, 38, 0, 0
11786, 38, 0, 0
12036, 48, 0, 0
12286, 27, 0, 0
12536, 38, 0, 0
12786, 38, 0, 0
13036, 41, 0, 0
13286, 38, 0, 0
13536, 38, 0, 0
13786, 27, 0, 0
14037, 34, 0, 0
14287, 31, 0, 0
14537, 31, 0, 0
14787, 20, 0, 0
15037, 41, 0, 0
15287, 45, 0, 0
15537, 45, 0, 0
15787, 34, 0, 0
16037, 31, 0, 0
16287, 38, 0, 0
16537, 38, 0, 0
16788, 34, 0, 0
17038, 45, 0, 0
17288, 27, 0, 0
17538, 34, 0, 0
17788, 31, 0, 0
18038, 31, 0, 0
18288, 31, 0, 0
18538, 31, 0, 0
18788, 38, 0, 0
19038, 38, 0, 0
19288, 34, 0, 0
19538, 17, 0, 0
19789, 31, 0, 0
20039, 44, 0, 0
20289, 27, 0, 0
20539, 17, 0, 0
20789, 34, 0, 0
21039, 41, 0, 0
21289, 31, 0, 0
21539, 31, 0, 0
21789, 41, 0, 0
22039, 38, 0, 0
22289, 38, 0, 0
22539, 34, 0, 0
22790, 41, 0, 0
23040, 44, 0, 0
23290, 31, 0, 0
23540, 31, 0, 0
23790, 34, 0, 0
24040, 44, 0, 0
24290, 31, 0, 0
24540, 34, 0, 0
24790, 37, 0, 0
25040, 31, 0, 0
25290, 27, 0, 0
25541, 41, 0, 0
25791, 37, 0, 0
26041, 37, 0, 0
26291, 37, 0, 0
26541, 34, 0, 0
26791, 34, 0, 0
27041, 34, 0, 0
27291, 41, 0, 0
27541, 27, 0, 0
27791, 37, 0, 0
28041, 37, 0, 0
28291, 34, 0, 0
28542, 34, 0, 0
28792, 41, 0, 0
29042, 34, 0, 0
29292, 23, 0, 0
29542, 41, 0, 0
29792, 44, 0, 0
30042, 51, 0, 0
30292, 37, 0, 0
30542, 30, 0, 0
30792, 34, 0, 0
31042, 34, 0, 0
31293, 37, 0, 0
31543, 30, 0, 0
31793, 37, 0, 0
32043, 40, 0, 0
32293, 44, 0, 0
32543, 40, 0, 0
32793, 44, 0, 0
33043, 23, 0, 0
33293, 30, 0, 0
33543, 34, 0, 0
33793, 30, 0, 0
34044, 34, 0, 0
34294, 40, 0, 0
34544, 40, 0, 0
34794, 44, 0, 0
35044, 40, 0, 0
35294, 40, 0, 0
35544, 27, 0, 0
35794, 37, 0, 0
36044, 37, 0, 0
36294, 34, 0, 0
36544, 34, 0, 0
36794, 40, 0, 0
37045, 40, 0, 0
37295, 44, 0, 0
37545, 27, 0, 0
37795, 33, 0, 0
38045, 33, 0, 0
38295, 27, 0, 0
38545, 40, 0, 0
38795, 33, 0, 0
39045, 37, 0, 0
39295, 44, 0, 0
39545, 23, 0, 0
39796, 37, 0, 0
40046, 37, 0, 0
40296, 30, 0, 0
40546, 33, 0, 0
40796, 33, 0, 0
41046, 33, 0, 0
41296, 33, 0, 0
41546, 40, 0, 0
41796, 37, 0, 0
42046, 33, 0, 0
42296, 40, 0, 0
42546, 30, 0, 0
42797, 33, 0, 0
43047, 37, 0, 0
43297, 47, 0, 0
43547, 40, 0, 0
43797, 23, 0, 0
44047, 23, 0, 0
44297, 26, 0, 0
44547, 26, 0, 0
44797, 33, 0, 0
45047, 40, 0, 0
45297, 30, 0, 0
45547, 33, 0, 0
45798, 26, 0, 0
46048, 40, 0, 0
46298, 36, 0, 0
46548, 33, 0, 0
46798, 36, 0, 0
47048, 36, 0, 0
47298, 40, 0, 0
47548, 30, 0, 0
47798, 40, 0, 0
48048, 33, 0, 0
48298, 33, 0, 0
48548, 36, 0, 0
48799, 30, 0, 0
49049, 36, 0, 0
49299, 26, 0, 0
49549, 20, 0, 0
49799, 40, 0, 0
50049, 40, 0, 0
50299, 40, 0, 0
50549, 40, 0, 0
50799, 30, 0, 0
51049, 30, 0, 0
51299, 36, 0, 0
51550, 23, 0, 0
51800, 26, 0, 0
52050, 33, 0, 0
52300, 30, 0, 0
52550, 33, 0, 0
52800, 30, 0, 0
53050, 40, 0, 0
53300, 23, 0, 0
53550, 40, 0, 0
53800, 40, 0, 0
54050, 26, 0, 0
54301, 36, 0, 0
54551, 29, 0, 0
54801, 29, 0, 0
55051, 33, 0, 0
55301, 33, 0, 0
55551, 33, 0, 0
55801, 33, 0, 0
56051, 26, 0, 0
56301, 43, 0, 0
56551, 26, 0, 0
56801, 46, 0, 0
57051, 33, 0, 0
57302, 33, 0, 0
57552, 23, 0, 0
57802, 26, 0, 0
58052, 33, 0, 0
58302, 26, 0, 0
58552, 36, 0, 0
58802, 39, 0, 0
59052, 26, 0, 0
59302, 29, 0, 0
59552, 39, 0, 0
59802, 33, 0, 0
1032, 35, 0, 0
1282, 39, 0, 0
1532, 35, 0, 0
1782, 24, 0, 0
2070, 28, 0, 0
2245, 24, 0, 0
2532, 42, 0, 0
2783, 17, 0, 0
3033, 42, 0, 0
3283, 31, 0, 0
3533, 38, 0, 0
3783, 28, 0, 0
4033, 42, 0, 0
4283, 21, 0, 0
4533, 31, 0, 0
4783, 38, 0, 0
5033, 35, 0, 0
5283, 17, 0, 0
5533, 28, 0, 0
5784, 31, 0, 0
6034, 42, 0, 0
6284, 35, 0, 0
6534, 31, 0, 0
6784, 45, 0, 0
7034, 31, 0, 0
7284, 45, 0, 0
7534, 42, 0, 0
7784, 38, 0, 0
8034, 45, 0, 0
8284, 38, 0, 0
8535, 28, 0, 0
8785, 35, 0, 0
9035, 38, 0, 0
9285, 31, 0, 0
9535, 31, 0, 0
9785, 38, 0, 0
10035, 42, 0, 0
10285, 28, 0, 0
10535, 38, 0, 0
10785, 38, 0, 0
11035, 28, 0, 0
11286, 38, 0, 0
11536, 34, 0, 0
11786, 27, 0, 0
12036, 41, 0, 0
12286, 24, 0, 0
12536, 38, 0, 0
12786, 27, 0, 0
13036, 45, 0, 0
13286, 31, 0, 0
13536, 38, 0, 0
13786, 45, 0, 0
14036, 41, 0, 0
14287, 27, 0, 0
14537, 31, 0, 0
14787, 27, 0, 0
15037, 38, 0, 0
15287, 38, 0, 0
15537, 48, 0, 0
15787, 34, 0, 0
16037, 27, 0, 0
16287, 41, 0, 0
16537, 27, 0, 0
16787, 31, 0, 0
17037, 38, 0, 0
17288, 38, 0, 0
17538, 38, 0, 0
17788, 31, 0, 0
18038, 34, 0, 0
18288, 34, 0, 0
18538, 31, 0, 0
18788, 31, 0, 0
19038, 45, 0, 0
19288, 48, 0, 0
19538, 31, 0, 0
19788, 38, 0, 0
20039, 41, 0, 0
20289, 27, 0, 0
20539, 13, 0, 0
20789, 24, 0, 0
21039, 38, 0, 0
21289, 41, 0, 0
21539, 38, 0, 0
21789, 27, 0, 0
22039, 31, 0, 0
22289, 31, 0, 0
22539, 34, 0, 0
22789, 41, 0, 0
23040, 31, 0, 0
23290, 34, 0, 0
23540, 37, 0, 0
23790, 27, 0, 0
24040, 37, 0, 0
24290, 34, 0, 0
24540, 27, 0, 0
24790, 34, 0, 0
25040, 37, 0, 0
25290, 27, 0, 0
25540, 20, 0, 0
25791, 30, 0, 0
26041, 37, 0, 0
26291, 41, 0, 0
26541, 41, 0, 0
26791, 34, 0, 0
27041, 24, 0, 0
27291, 48, 0, 0
27541, 34, 0, 0
27791, 37, 0, 0
28041, 41, 0, 0
28291, 34, 0, 0
28541, 37, 0, 0
28792, 37, 0, 0
29042, 37, 0, 0
29292, 27, 0, 0
29542, 34, 0, 0
29792, 37, 0, 0
30042, 41, 0, 0
30292, 27, 0, 0
30542, 30, 0, 0
30792, 34, 0, 0
31042, 34, 0, 0
31292, 37, 0, 0
31543, 30, 0, 0
31793, 44, 0, 0
32043, 37, 0, 0
32293, 44, 0, 0
32543, 27, 0, 0
32793, 37, 0, 0
33043, 30, 0, 0
33293, 30, 0, 0
33543, 34, 0, 0
33793, 17, 0, 0
34043, 40, 0, 0
34293, 30, 0, 0
34544, 40, 0, 0
34794, 27, 0, 0
35044, 40, 0, 0
35294, 44, 0, 0
35544, 54, 0, 0
35794, 44, 0, 0
36044, 34, 0, 0
36294, 47, 0, 0
36544, 44, 0, 0
36794, 51, 0, 0
37044, 30, 0, 0
37295, 33, 0, 0
37545, 30, 0, 0
37795, 44, 0, 0
38045, 47, 0, 0
38295, 30, 0, 0
38545, 30, 0, 0
38795, 40, 0, 0
39045, 37, 0, 0
39295, 30, 0, 0
39545, 23, 0, 0
39795, 33, 0, 0
40046, 33, 0, 0
40296, 33, 0, 0
40546, 30, 0, 0
40796, 27, 0, 0
41046, 40, 0, 0
41296, 40, 0, 0
41546, 23, 0, 0
41796, 40, 0, 0
42046, 37, 0, 0
42296, 37, 0, 0
42546, 43, 0, 0
42796, 43, 0, 0
43047, 23, 0, 0
43297, 23, 0, 0
43547, 23, 0, 0
43797, 33, 0, 0
44047, 20, 0, 0
44297, 40, 0, 0
44547, 20, 0, 0
44797, 26, 0, 0
45047, 30, 0, 0
45297, 37, 0, 0
45547, 37, 0, 0
45797, 26, 0, 0
46048, 43, 0, 0
46298, 36, 0, 0
46548, 30, 0, 0
46798, 36, 0, 0
47048, 33, 0, 0
47298, 23, 0, 0
47548, 40, 0, 0
47798, 40, 0, 0
48048, 46, 0, 0
48298, 36, 0, 0
48548, 26, 0, 0
48799, 36, 0, 0
49049, 33, 0, 0
49299, 40, 0, 0
49549, 30, 0, 0
49799, 30, 0, 0
50049, 33, 0, 0
50299, 33, 0, 0
50549, 50, 0, 0
50799, 26, 0, 0
51049, 40, 0, 0
51299, 36, 0, 0
51549, 23, 0, 0
51800, 30, 0, 0
52050, 26, 0, 0
52300, 36, 0, 0
52550, 36, 0, 0
52800, 33, 0, 0
53050, 26, 0, 0
53300, 43, 0, 0
53550, 33, 0, 0
53800, 43, 0, 0
54050, 33, 0, 0
54300, 23, 0, 0
54551, 39, 0, 0
54801, 26, 0, 0
55051, 33, 0, 0
55301, 29, 0, 0
55551, 33, 0, 0
55801, 36, 0, 0
56051, 19, 0, 0
56301, 36, 0, 0
56551, 39, 0, 0
56801, 39, 0, 0
57051, 39, 0, 0
57301, 33, 0, 0
57552, 39, 0, 0
57802, 33, 0, 0
58052, 36, 0, 0
58302, 26, 0, 0
58552, 39, 0, 0
58802, 36, 0, 0
59052, 19, 0, 0
59302, 43, 0, 0
59552, 36, 0, 0
59802, 29, 0, 0
1205, 21, 0, 0
1455, 28, 0, 0
1706, 17, 0, 0
1956, 15, 0, 0
2206, 19, 0, 0
2456, 21, 0, 0
2706, 24, 0, 0
2956, 24, 0, 0
3206, 26, 0, 0
3456, 24, 0, 0
3706, 26, 0, 0
3956, 21, 0, 0
4206, 19, 0, 0
4456, 24, 0, 0
4707, 21, 0, 0
4957, 17, 0, 0
5207, 26, 0, 0
5457, 21, 0, 0
5707, 13, 0, 0
5957, 17, 0, 0
6207, 15, 0, 0
6457, 19, 0, 0
6707, 24, 0, 0
6957, 17, 0, 0
7207, 15, 0, 0
7458, 19, 0, 0
7708, 17, 0, 0
7958, 30, 0, 0
8208, 24, 0, 0
8458, 26, 0, 0
8708, 28, 0, 0
8958, 24, 0, 0
9208, 21, 0, 0
9458, 21, 0, 0
9708, 26, 0, 0
9958, 17, 0, 0
10208, 26, 0, 0
10459, 23, 0, 0
10709, 19, 0, 0
10959, 26, 0, 0
11209, 19, 0, 0
11459, 21, 0, 0
11709, 21, 0, 0
11959, 32, 0, 0
12209, 26, 0, 0
12459, 17, 0, 0
12709, 26, 0, 0
12959, 21, 0, 0
13209, 19, 0, 0
13460, 23, 0, 0
13710, 26, 0, 0
13960, 17, 0, 0
14210, 19, 0, 0
14460, 19, 0, 0
14710, 26, 0, 0
14960, 21, 0, 0
15210, 17, 0, 0
15460, 17, 0, 0
15710, 15, 0, 0
15960, 19, 0, 0
16211, 17, 0, 0
16461, 17, 0, 0
16711, 19, 0, 0
16961, 26, 0, 0
17211, 28, 0, 0
17461, 23, 0, 0
17711, 19, 0, 0
17961, 26, 0, 0
18211, 15, 0, 0
18461, 17, 0, 0
18711, 23, 0, 0
18961, 26, 0, 0
19212, 23, 0, 0
19462, 19, 0, 0
19712, 21, 0, 0
19962, 17, 0, 0
20212, 21, 0, 0
20462, 23, 0, 0
20712, 23, 0, 0
21212, 21, 0, 0
21462, 21, 0, 0
21712, 28, 0, 0
21963, 17, 0, 0
22213, 15, 0, 0
22463, 21, 0, 0
22713, 6, 0, 0
22963, 15, 0, 0
23213, 17, 0, 0
23463, 19, 0, 0
23713, 21, 0, 0
23963, 21, 0, 0
24213, 25, 0, 0
24463, 21, 0, 0
24714, 25, 0, 0
24964, 19, 0, 0
25214, 15, 0, 0
25464, 19, 0, 0
25714, 19, 0, 0
25964, 23, 0, 0
26214, 23, 0, 0
26464, 19, 0, 0
26714, 21, 0, 0
26964, 21, 0, 0
27214, 21, 0, 0
27464, 19, 0, 0
27715, 23, 0, 0
27965, 10, 0, 0
28215, 25, 0, 0
28465, 23, 0, 0
28715, 21, 0, 0
28965, 27, 0, 0
29215, 21, 0, 0
29465, 4, 0, 0
29715, 19, 0, 0
29965, 23, 0, 0
30215, 23, 0, 0
30465, 21, 0, 0
30716, 21, 0, 0
30966, 23, 0, 0
31216, 12, 0, 0
31466, 21, 0, 0
31716, 25, 0, 0
31966, 17, 0, 0
32216, 19, 0, 0
32466, 21, 0, 0
32716, 25, 0, 0
32966, 17, 0, 0
33216, 23, 0, 0
33467, 19, 0, 0
33717, 19, 0, 0
33967, 21, 0, 0
34217, 25, 0, 0
34467, 19, 0, 0
34717, 23, 0, 0
34967, 17, 0, 0
35217, 23, 0, 0
35467, 19, 0, 0
35717, 23, 0, 0
35967, 21, 0, 0
36218, 19, 0, 0
36468, 10, 0, 0
36718, 10, 0, 0
36968, 27, 0, 0
37218, 19, 0, 0
37468, 10, 0, 0
37718, 21, 0, 0
37968, 23, 0, 0
38218, 21, 0, 0
38468, 21, 0, 0
38718, 25, 0, 0
38968, 21, 0, 0
39219, 27, 0, 0
39469, 21, 0, 0
39719, 21, 0, 0
39969, 21, 0, 0
40219, 23, 0, 0
40469, 25, 0, 0
40719, 17, 0, 0
40969, 19, 0, 0
41219, 14, 0, 0
41469, 23, 0, 0
41719, 14, 0, 0
41969, 21, 0, 0
42220, 21, 0, 0
42470, 17, 0, 0
42720, 23, 0, 0
42970, 25, 0, 0
43220, 17, 0, 0
43470, 17, 0, 0
43720, 19, 0, 0
43970, 25, 0, 0
44220, 23, 0, 0
44470, 19, 0, 0
44720, 17, 0, 0
44971, 25, 0, 0
45221, 27, 0, 0
45471, 23, 0, 0
45721, 23, 0, 0
45971, 25, 0, 0
46221, 16, 0, 0
46471, 19, 0, 0
46721, 19, 0, 0
46971, 12, 0, 0
47221, 25, 0, 0
47471, 23, 0, 0
47721, 23, 0, 0
47972, 19, 0, 0
48222, 27, 0, 0
48472, 21, 0, 0
48722, 16, 0, 0
48972, 19, 0, 0
49222, 23, 0, 0
49472, 25, 0, 0
49722, 27, 0, 0
49972, 19, 0, 0
50222, 23, 0, 0
50472, 19, 0, 0
50723, 19, 0, 0
50973, 23, 0, 0
51223, 23, 0, 0
51473, 21, 0, 0
51723, 21, 0, 0
51973, 21, 0, 0
52223, 16, 0, 0
52473, 21, 0, 0
52723, 23, 0, 0
52973, 14, 0, 0
53223, 23, 0, 0
53473, 25, 0, 0
53724, 21, 0, 0
53974, 18, 0, 0
54224, 21, 0, 0
54474, 18, 0, 0
54724, 25, 0, 0
54974, 16, 0, 0
55224, 16, 0, 0
55474, 18, 0, 0
55724, 21, 0, 0
55974, 25, 0, 0
56224, 21, 0, 0
56475, 23, 0, 0
56725, 18, 0, 0
56975, 10, 0, 0
57225, 18, 0, 0
57475, 23, 0, 0
57725, 23, 0, 0
57975, 21, 0, 0
58225, 21, 0, 0
58475, 25, 0, 0
58725, 14, 0, 0
58975, 25, 0, 0
59226, 23, 0, 0
59476, 21, 0, 0
59726, 21, 0, 0
59976, 23, 0, 0
955, 19, 0, 0
1205, 26, 0, 0
1455, 21, 0, 0
1705, 26, 0, 0
1956, 24, 0, 0
2206, 19, 0, 0
2456, 24, 0, 0
2706, 26, 0, 0
2956, 21, 0, 0
3206, 28, 0, 0
3456, 26, 0, 0
3706, 24, 0, 0
3956, 26, 0, 0
4206, 21, 0, 0
4456, 21, 0, 0
4707, 26, 0, 0
4957, 26, 0, 0
5207, 28, 0, 0
5457, 26, 0, 0
5707, 19, 0, 0
5957, 26, 0, 0
6207, 26, 0, 0
6457, 30, 0, 0
6707, 28, 0, 0
6957, 26, 0, 0
7207, 19, 0, 0
7457, 24, 0, 0
7708, 17, 0, 0
7958, 30, 0, 0
8208, 24, 0, 0
8458, 30, 0, 0
8708, 28, 0, 0
8958, 19, 0, 0
9208, 24, 0, 0
9458, 21, 0, 0
9708, 21, 0, 0
9958, 21, 0, 0
10208, 21, 0, 0
10458, 30, 0, 0
10709, 17, 0, 0
10959, 26, 0, 0
11209, 26, 0, 0
11459, 23, 0, 0
11709, 28, 0, 0
11959, 21, 0, 0
12209, 21, 0, 0
12459, 26, 0, 0
12709, 21, 0, 0
12959, 15, 0, 0
13209, 17, 0, 0
13460, 21, 0, 0
13710, 28, 0, 0
13960, 23, 0, 0
14210, 15, 0, 0
14460, 21, 0, 0
14710, 26, 0, 0
14960, 28, 0, 0
15210, 17, 0, 0
15460, 15, 0, 0
15710, 10, 0, 0
15960, 19, 0, 0
16210, 17, 0, 0
16461, 15, 0, 0
16711, 21, 0, 0
16961, 26, 0, 0
17211, 26, 0, 0
17461, 28, 0, 0
17711, 28, 0, 0
17961, 19, 0, 0
18211, 21, 0, 0
18461, 30, 0, 0
18711, 26, 0, 0
18961, 26, 0, 0
19212, 28, 0, 0
19462, 25, 0, 0
19712, 23, 0, 0
19962, 23, 0, 0
20212, 21, 0, 0
20462, 19, 0, 0
20712, 21, 0, 0
20962, 2, 0, 0
21212, 25, 0, 0
21462, 21, 0, 0
21712, 28, 0, 0
21963, 15, 0, 0
22213, 25, 0, 0
22463, 19, 0, 0
22713, 6, 0, 0
22963, 21, 0, 0
23213, 15, 0, 0
23463, 17, 0, 0
23713, 19, 0, 0
23963, 21, 0, 0
24213, 32, 0, 0
24463, 23, 0, 0
24713, 28, 0, 0
24964, 25, 0, 0
25214, 34, 0, 0
25464, 25, 0, 0
25714, 23, 0, 0
25964, 19, 0, 0
26214, 28, 0, 0
26464, 23, 0, 0
26714, 28, 0, 0
26964, 21, 0, 0
27214, 25, 0, 0
27464, 15, 0, 0
27714, 19, 0, 0
27965, 25, 0, 0
28215, 21, 0, 0
28465, 25, 0, 0
28715, 19, 0, 0
28965, 21, 0, 0
29215, 23, 0, 0
29465, 6, 0, 0
29715, 21, 0, 0
29965, 21, 0, 0
30215, 17, 0, 0
30465, 25, 0, 0
30716, 27, 0, 0
30966, 27, 0, 0
31216, 19, 0, 0
31466, 17, 0, 0
31716, 25, 0, 0
31966, 25, 0, 0
32216, 21, 0, 0
32466, 21, 0, 0
32716, 25, 0, 0
32966, 23, 0, 0
33216, 25, 0, 0
33466, 21, 0, 0
33717, 17, 0, 0
33967, 21, 0, 0
34217, 27, 0, 0
34467, 21, 0, 0
34717, 17, 0, 0
34967, 21, 0, 0
35217, 25, 0, 0
35467, 25, 0, 0
35717, 21, 0, 0
35967, 19, 0, 0
36217, 29, 0, 0
36468, 17, 0, 0
36718, 12, 0, 0
36968, 21, 0, 0
37218, 19, 0, 0
37468, 17, 0, 0
37718, 21, 0, 0
37968, 25, 0, 0
38218, 32, 0, 0
38468, 25, 0, 0
38718, 25, 0, 0
38968, 21, 0, 0
39219, 23, 0, 0
39469, 21, 0, 0
39719, 21, 0, 0
39969, 25, 0, 0
40219, 29, 0, 0
40469, 25, 0, 0
40719, 23, 0, 0
40969, 29, 0, 0
41219, 21, 0, 0
41469, 21, 0, 0
41719, 14, 0, 0
41969, 23, 0, 0
42220, 23, 0, 0
42470, 19, 0, 0
42720, 23, 0, 0
42970, 21, 0, 0
43220, 23, 0, 0
43470, 23, 0, 0
43720, 25, 0, 0
43970, 25, 0, 0
44220, 25, 0, 0
44470, 25, 0, 0
44720, 25, 0, 0
44971, 27, 0, 0
45221, 21, 0, 0
45471, 19, 0, 0
45721, 23, 0, 0
45971, 27, 0, 0
46221, 27, 0, 0
46471, 25, 0, 0
46721, 23, 0, 0
46971, 4, 0, 0
47221, 23, 0, 0
47471, 23, 0, 0
47721, 23, 0, 0
47972, 21, 0, 0
48222, 21, 0, 0
48472, 21, 0, 0
48722, 21, 0, 0
48972, 21, 0, 0
49222, 21, 0, 0
49472, 27, 0, 0
49722, 25, 0, 0
49972, 23, 0, 0
50222, 19, 0, 0
50472, 16, 0, 0
50723, 23, 0, 0
50973, 21, 0, 0
51223, 27, 0, 0
51473, 21, 0, 0
51723, 25, 0, 0
51973, 19, 0, 0
52223, 23, 0, 0
52473, 33, 0, 0
52723, 16, 0, 0
52973, 16, 0, 0
53223, 25, 0, 0
53473, 23, 0, 0
53724, 27, 0, 0
53974, 23, 0, 0
54224, 27, 0, 0
54474, 23, 0, 0
54724, 23, 0, 0
54974, 27, 0, 0
55224, 23, 0, 0
55474, 25, 0, 0
55724, 29, 0, 0
55974, 27, 0, 0
56224, 27, 0, 0
56475, 21, 0, 0
56725, 25, 0, 0
56975, 14, 0, 0
57225, 23, 0, 0
57475, 25, 0, 0
57725, 21, 0, 0
57975, 23, 0, 0
58225, 23, 0, 0
58475, 25, 0, 0
58725, 21, 0, 0
58975, 23, 0, 0
59225, 21, 0, 0
59476, 18, 0, 0
59726, 16, 0, 0
59976, 31, 0, 0
955, 13, 0, 0
1205, 21, 0, 0
1455, 24, 0, 0
1706, 28, 0, 0
1956, 19, 0, 0
2206, 24, 0, 0
2456, 24, 0, 0
2706, 30, 0, 0
2956, 26, 0, 0
3206, 26, 0, 0
3456, 21, 0, 0
3706, 35, 0, 0
3956, 28, 0, 0
4206, 24, 0, 0
4456, 21, 0, 0
4707, 19, 0, 0
4957, 24, 0, 0
5207, 30, 0, 0
5457, 24, 0, 0
5707, 19, 0, 0
5957, 26, 0, 0
6207, 24, 0, 0
6457, 28, 0, 0
6707, 19, 0, 0
6957, 19, 0, 0
7207, 21, 0, 0
7457, 26, 0, 0
7708, 30, 0, 0
7958, 21, 0, 0
8208, 28, 0, 0
8458, 30, 0, 0
8708, 19, 0, 0
8958, 26, 0, 0
9208, 21, 0, 0
9458, 26, 0, 0
9708, 17, 0, 0
9958, 21, 0, 0
10208, 26, 0, 0
10459, 19, 0, 0
10709, 28, 0, 0
10959, 26, 0, 0
11209, 21, 0, 0
11459, 26, 0, 0
11709, 21, 0, 0
11959, 26, 0, 0
12209, 26, 0, 0
12459, 30, 0, 0
12709, 26, 0, 0
12959, 23, 0, 0
13209, 15, 0, 0
13460, 23, 0, 0
13710, 17, 0, 0
13960, 19, 0, 0
14210, 23, 0, 0
14460, 21, 0, 0
14710, 19, 0, 0
14960, 21, 0, 0
15210, 15, 0, 0
15460, 15, 0, 0
15710, 15, 0, 0
15960, 17, 0, 0
16210, 26, 0, 0
16461, 13, 0, 0
16711, 21, 0, 0
16961, 28, 0, 0
17211, 26, 0, 0
17461, 23, 0, 0
17711, 21, 0, 0
17961, 23, 0, 0
18211, 17, 0, 0
18461, 30, 0, 0
18711, 23, 0, 0
18961, 21, 0, 0
19212, 21, 0, 0
19462, 19, 0, 0
19712, 23, 0, 0
19962, 19, 0, 0
20212, 23, 0, 0
20462, 28, 0, 0
20712, 25, 0, 0
20962, 4, 0, 0
21212, 21, 0, 0
21462, 28, 0, 0
21712, 25, 0, 0
21963, 23, 0, 0
22213, 23, 0, 0
22463, 28, 0, 0
22713, 4, 0, 0
22963, 12, 0, 0
23213, 21, 0, 0
23463, 36, 0, 0
23713, 21, 0, 0
23963, 25, 0, 0
24213, 23, 0, 0
24463, 25, 0, 0
24713, 28, 0, 0
24964, 25, 0, 0
25214, 21, 0, 0
25464, 23, 0, 0
25714, 25, 0, 0
25964, 23, 0, 0
26214, 19, 0, 0
26464, 23, 0, 0
26714, 23, 0, 0
26964, 23, 0, 0
27214, 15, 0, 0
27464, 12, 0, 0
27714, 23, 0, 0
27965, 21, 0, 0
28215, 23, 0, 0
28465, 25, 0, 0
28715, 32, 0, 0
28965, 21, 0, 0
29215, 25, 0, 0
29465, 2, 0, 0
29715, 21, 0, 0
29965, 23, 0, 0
30215, 19, 0, 0
30465, 23, 0, 0
30716, 21, 0, 0
30966, 23, 0, 0
31216, 15, 0, 0
31466, 19, 0, 0
31716, 27, 0, 0
31966, 19, 0, 0
32216, 30, 0, 0
32466, 19, 0, 0
32716, 19, 0, 0
32966, 27, 0, 0
33216, 30, 0, 0
33467, 15, 0, 0
33717, 29, 0, 0
33967, 19, 0, 0
34217, 25, 0, 0
34467, 23, 0, 0
34717, 21, 0, 0
34967, 27, 0, 0
35217, 25, 0, 0
35467, 27, 0, 0
35717, 25, 0, 0
35967, 21, 0, 0
36217, 21, 0, 0
36468, 12, 0, 0
36718, 17, 0, 0
36968, 17, 0, 0
37218, 25, 0, 0
37468, 21, 0, 0
37718, 19, 0, 0
37968, 21, 0, 0
38218, 19, 0, 0
38468, 19, 0, 0
38718, 17, 0, 0
38968, 17, 0, 0
39219, 21, 0, 0
39469, 23, 0, 0
39719, 27, 0, 0
39969, 23, 0, 0
40219, 23, 0, 0
40469, 23, 0, 0
40719, 27, 0, 0
40969, 27, 0, 0
41219, 19, 0, 0
41469, 19, 0, 0
41719, 25, 0, 0
41969, 23, 0, 0
42220, 21, 0, 0
42470, 25, 0, 0
42720, 27, 0, 0
42970, 19, 0, 0
43220, 31, 0, 0
43470, 19, 0, 0
43720, 23, 0, 0
43970, 21, 0, 0
44220, 23, 0, 0
44470, 25, 0, 0
44720, 21, 0, 0
44971, 23, 0, 0
45221, 21, 0, 0
45471, 27, 0, 0
45721, 23, 0, 0
45971, 23, 0, 0
46221, 23, 0, 0
46471, 23, 0, 0
46721, 25, 0, 0
46971, 12, 0, 0
47221, 27, 0, 0
47471, 27, 0, 0
47721, 25, 0, 0
47972, 23, 0, 0
48222, 27, 0, 0
48472, 25, 0, 0
48722, 16, 0, 0
48972, 14, 0, 0
49222, 27, 0, 0
49472, 29, 0, 0
49722, 19, 0, 0
49972, 21, 0, 0
50222, 21, 0, 0
50472, 23, 0, 0
50723, 19, 0, 0
50973, 29, 0, 0
51223, 21, 0, 0
51473, 21, 0, 0
51723, 19, 0, 0
51973, 16, 0, 0
52223, 23, 0, 0
52473, 21, 0, 0
52723, 23, 0, 0
52973, 21, 0, 0
53223, 25, 0, 0
53473, 23, 0, 0
53724, 23, 0, 0
53974, 21, 0, 0
54224, 29, 0, 0
54474, 21, 0, 0
54724, 14, 0, 0
54974, 25, 0, 0
55224, 25, 0, 0
55474, 25, 0, 0
55724, 27, 0, 0
55974, 16, 0, 0
56224, 21, 0, 0
56475, 21, 0, 0
56725, 23, 0, 0
56975, 16, 0, 0
57225, 21, 0, 0
57475, 21, 0, 0
57725, 25, 0, 0
57975, 25, 0, 0
58225, 27, 0, 0
58475, 25, 0, 0
58725, 21, 0, 0
58975, 23, 0, 0
59226, 21, 0, 0
59476, 31, 0, 0
59726, 16, 0, 0
59976, 27, 0, 0
955, 8, 0, 0
1205, 28, 0, 0
1455, 17, 0, 0
1706, 19, 0, 0
1956, 19, 0, 0
2206, 26, 0, 0
2456, 28, 0, 0
2706, 26, 0, 0
2956, 24, 0, 0
3206, 24, 0, 0
3456, 24, 0, 0
3706, 26, 0, 0
3956, 26, 0, 0
4206, 28, 0, 0
4456, 26, 0, 0
4707, 17, 0, 0
4957, 30, 0, 0
5207, 21, 0, 0
5457, 28, 0, 0
5707, 19, 0, 0
5957, 17, 0, 0
6207, 24, 0, 0
6457, 24, 0, 0
6707, 24, 0, 0
6957, 21, 0, 0
7207, 24, 0, 0
7458, 26, 0, 0
7708, 24, 0, 0
7958, 15, 0, 0
8208, 21, 0, 0
8458, 19, 0, 0
8708, 26, 0, 0
8958, 24, 0, 0
9208, 28, 0, 0
9458, 30, 0, 0
9708, 26, 0, 0
9958, 19, 0, 0
10208, 19, 0, 0
10459, 30, 0, 0
10709, 23, 0, 0
10959, 26, 0, 0
11209, 21, 0, 0
11459, 28, 0, 0
11709, 26, 0, 0
11959, 19, 0, 0
12209, 23, 0, 0
12459, 28, 0, 0
12709, 26, 0, 0
12959, 21, 0, 0
13209, 26, 0, 0
13460, 26, 0, 0
13710, 23, 0, 0
13960, 21, 0, 0
14210, 26, 0, 0
14460, 21, 0, 0
14710, 19, 0, 0
14960, 21, 0, 0
15210, 15, 0, 0
15460, 17, 0, 0
15710, 10, 0, 0
15960, 10, 0, 0
16211, 26, 0, 0
16461, 21, 0, 0
16711, 15, 0, 0
16961, 21, 0, 0
17211, 21, 0, 0
17461, 26, 0, 0
17711, 28, 0, 0
17961, 26, 0, 0
18211, 23, 0, 0
18461, 23, 0, 0
18711, 21, 0, 0
18961, 21, 0, 0
19212, 30, 0, 0
19462, 30, 0, 0
19712, 19, 0, 0
19962, 25, 0, 0
20212, 23, 0, 0
20462, 21, 0, 0
20712, 17, 0, 0
20962, 6, 0, 0
21212, 21, 0, 0
21462, 25, 0, 0
21712, 21, 0, 0
21963, 30, 0, 0
22213, 23, 0, 0
22463, 23, 0, 0
22713, 4, 0, 0
22963, 23, 0, 0
23213, 15, 0, 0
23463, 25, 0, 0
23713, 25, 0, 0
23963, 12, 0, 0
24213, 25, 0, 0
24463, 28, 0, 0
24713, 19, 0, 0
24964, 25, 0, 0
25214, 28, 0, 0
25464, 21, 0, 0
25714, 28, 0, 0
25964, 17, 0, 0
26214, 21, 0, 0
26464, 25, 0, 0
26714, 23, 0, 0
26964, 21, 0, 0
27214, 25, 0, 0
27464, 15, 0, 0
27715, 23, 0, 0
27965, 23, 0, 0
28215, 23, 0, 0
28465, 19, 0, 0
28715, 21, 0, 0
28965, 19, 0, 0
29215, 21, 0, 0
29715, 23, 0, 0
29965, 15, 0, 0
30215, 21, 0, 0
30465, 19, 0, 0
30716, 27, 0, 0
30966, 23, 0, 0
31216, 17, 0, 0
31466, 15, 0, 0
31716, 19, 0, 0
31966, 15, 0, 0
32216, 17, 0, 0
32466, 25, 0, 0
32716, 23, 0, 0
32966, 27, 0, 0
33216, 21, 0, 0
33467, 23, 0, 0
33717, 23, 0, 0
33967, 21, 0, 0
34217, 25, 0, 0
34467, 25, 0, 0
34717, 25, 0, 0
34967, 23, 0, 0
35217, 27, 0, 0
35467, 23, 0, 0
35717, 21, 0, 0
35967, 29, 0, 0
36217, 25, 0, 0
36468, 14, 0, 0
36718, 12, 0, 0
36968, 25, 0, 0
37218, 27, 0, 0
37468, 25, 0, 0
37718, 25, 0, 0
37968, 17, 0, 0
38218, 19, 0, 0
38468, 25, 0, 0
38718, 21, 0, 0
38968, 21, 0, 0
39219, 31, 0, 0
39469, 23, 0, 0
39719, 27, 0, 0
39969, 27, 0, 0
40219, 21, 0, 0
40469, 25, 0, 0
40719, 21, 0, 0
40969, 27, 0, 0
41219, 23, 0, 0
41469, 17, 0, 0
41719, 14, 0, 0
41969, 25, 0, 0
42220, 23, 0, 0
42470, 21, 0, 0
42720, 25, 0, 0
42970, 29, 0, 0
43220, 21, 0, 0
43470, 27, 0, 0
43720, 17, 0, 0
43970, 19, 0, 0
44220, 21, 0, 0
44470, 21, 0, 0
44720, 27, 0, 0
44971, 23, 0, 0
45221, 25, 0, 0
45471, 27, 0, 0
45721, 31, 0, 0
45971, 23, 0, 0
46221, 23, 0, 0
46471, 23, 0, 0
46721, 16, 0, 0
46971, 10, 0, 0
47221, 23, 0, 0
47471, 23, 0, 0
47721, 27, 0, 0
47972, 21, 0, 0
48222, 21, 0, 0
48472, 21, 0, 0
48722, 21, 0, 0
48972, 25, 0, 0
49222, 23, 0, 0
49472, 23, 0, 0
49722, 25, 0, 0
49972, 21, 0, 0
50222, 25, 0, 0
50472, 19, 0, 0
50723, 21, 0, 0
50973, 21, 0, 0
51223, 21, 0, 0
51473, 23, 0, 0
51723, 31, 0, 0
51973, 16, 0, 0
52223, 27, 0, 0
52473, 16, 0, 0
52723, 23, 0, 0
52973, 27, 0, 0
53223, 21, 0, 0
53473, 21, 0, 0
53724, 18, 0, 0
53974, 27, 0, 0
54224, 21, 0, 0
54474, 23, 0, 0
54724, 27, 0, 0
54974, 25, 0, 0
55224, 25, 0, 0
55474, 27, 0, 0
55724, 29, 0, 0
55974, 18, 0, 0
56224, 23, 0, 0
56475, 23, 0, 0
56725, 23, 0, 0
56975, 12, 0, 0
57225, 31, 0, 0
57475, 29, 0, 0
57725, 21, 0, 0
57975, 23, 0, 0
58225, 23, 0, 0
58475, 25, 0, 0
58725, 27, 0, 0
58975, 21, 0, 0
59226, 25, 0, 0
59476, 29, 0, 0
59726, 18, 0, 0
59976, 21, 0, 0
