251, 91733, 0, 0
510, 154303, 0, 0
750, 241751, 0, 0
1007, 141734, 0, 0
1253, 177974, 0, 0
1505, 290226, 0, 0
1782, 281655, 0, 0
2001, 217297, 0, 0
2251, 316459, 0, 0
2507, 389129, 0, 0
2758, 515763, 0, 0
3002, 354315, 0, 0
3321, 271410, 0, 0
3515, 357085, 0, 0
3760, 287125, 0, 0
4006, 224374, 0, 0
4265, 279950, 0, 0
4515, 420229, 0, 0
4754, 492631, 0, 0
5000, 363783, 0, 0
5255, 208423, 0, 0
5592, 696816, 0, 0
5766, 540306, 0, 0
6006, 713471, 0, 0
6252, 759627, 0, 0
6501, 236119, 0, 0
6754, 169229, 0, 0
7004, 320813, 0, 0
7354, 514413, 0, 0
7525, 329552, 0, 0
7750, 204574, 0, 0
8000, 272885, 0, 0
8354, 266353, 0, 0
8527, 400638, 0, 0
8765, 317968, 0, 0
9014, 241226, 0, 0
9250, 128948, 0, 0
9505, 186460, 0, 0
9763, 327225, 0, 0
10033, 287074, 0, 0
10255, 82316, 0, 0
10520, 90676, 0, 0
10753, 249526, 0, 0
11013, 34309, 0, 0
11261, 557490, 0, 0
11502, 384556, 0, 0
11751, 124375, 0, 0
12015, 296237, 0, 0
12254, 161485, 0, 0
12508, 87137, 0, 0
12756, 221038, 0, 0
13000, 14528, 0, 0
13281, 422912, 0, 0
13512, 289802, 0, 0
13778, 351927, 0, 0
14003, 519072, 0, 0
14309, 279964, 0, 0
14501, 21754, 0, 0
14780, 811472, 0, 0
15017, 267264, 0, 0
15251, 848592, 0, 0
15518, 329551, 0, 0
15804, 365953, 0, 0
16001, 609189, 0, 0
16254, 480873, 0, 0
16502, 171052, 0, 0
16815, 45485, 0, 0
17003, 751900, 0, 0
17252, 39238, 0, 0
17500, 582844, 0, 0
17780, 227319, 0, 0
18026, 408403, 0, 0
18251, 254893, 0, 0
18501, 420234, 0, 0
18777, 541339, 0, 0
19006, 809746, 0, 0
19267, 710311, 0, 0
19509, 276314, 0, 0
19755, 454067, 0, 0
20006, 38215, 0, 0
20250, 28021, 0, 0
20553, 466871, 0, 0
20750, 303580, 0, 0
21026, 306313, 0, 0
21251, 229796, 0, 0
21504, 263030, 0, 0
21755, 452801, 0, 0
22007, 57822, 0, 0
22343, 753364, 0, 0
22510, 1597880, 0, 0
22757, 757222, 0, 0
23003, 401536, 0, 0
23254, 204178, 0, 0
23533, 244362, 0, 0
23752, 400167, 0, 0
24002, 536350, 0, 0
24263, 313413, 0, 0
24504, 338949, 0, 0
24752, 17746, 0, 0
25005, 377910, 0, 0
25270, 136299, 0, 0
25516, 795662, 0, 0
25752, 252583, 0, 0
26009, 249092, 0, 0
26266, 374207, 0, 0
26500, 320238, 0, 0
26754, 266489, 0, 0
27001, 258591, 0, 0
27250, 382341, 0, 0
27501, 153591, 0, 0
27754, 245312, 0, 0
28151, 428214, 0, 0
28290, 69066, 0, 0
28502, 330170, 0, 0
28754, 273174, 0, 0
29011, 413552, 0, 0
29254, 252459, 0, 0
29500, 165808, 0, 0
29750, 486306, 0, 0
30049, 61524, 0, 0
30255, 328821, 0, 0
30511, 659765, 0, 0
30753, 331582, 0, 0
31003, 34215, 0, 0
31270, 32834, 0, 0
31514, 475128, 0, 0
31750, 526523, 0, 0
32007, 276732, 0, 0
32254, 272982, 0, 0
32600, 38764, 0, 0
32792, 38367, 0, 0
33007, 685911, 0, 0
33281, 318093, 0, 0
33529, 1342991, 0, 0
33753, 533784, 0, 0
34004, 418829, 0, 0
34252, 175242, 0, 0
34502, 353702, 0, 0
34753, 746591, 0, 0
35001, 758973, 0, 0
35250, 279067, 0, 0
35518, 206963, 0, 0
35753, 103206, 0, 0
36001, 442359, 0, 0
36265, 170045, 0, 0
36509, 291404, 0, 0
36763, 626778, 0, 0
37152, 1259727, 0, 0
37277, 686005, 0, 0
37548, 37661, 0, 0
37750, 352086, 0, 0
38007, 487906, 0, 0
38252, 454620, 0, 0
38500, 510061, 0, 0
38757, 35837, 0, 0
39004, 1586928, 0, 0
39262, 35924, 0, 0
39520, 248607, 0, 0
39752, 336538, 0, 0
40007, 111188, 0, 0
40253, 195987, 0, 0
40502, 206968, 0, 0
40755, 640707, 0, 0
41040, 218242, 0, 0
41253, 183942, 0, 0
41506, 303396, 0, 0
41754, 616746, 0, 0
42004, 330032, 0, 0
42270, 766676, 0, 0
42514, 162106, 0, 0
42837, 754453, 0, 0
43093, 3694831, 0, 0
43347, 554099, 0, 0
43514, 1441636, 0, 0
43793, 507257, 0, 0
44011, 248511, 0, 0
44252, 862434, 0, 0
44500, 353236, 0, 0
44852, 2378608, 0, 0
45000, 980857, 0, 0
45313, 1184189, 0, 0
45525, 42218, 0, 0
45754, 729041, 0, 0
46009, 371488, 0, 0
46250, 305276, 0, 0
46506, 331434, 0, 0
46770, 161180, 0, 0
47007, 645188, 0, 0
47260, 315165, 0, 0
47510, 468838, 0, 0
47761, 120961, 0, 0
48003, 207868, 0, 0
48253, 239015, 0, 0
48503, 254216, 0, 0
48777, 247756, 0, 0
49009, 268156, 0, 0
49274, 606472, 0, 0
49509, 28084, 0, 0
49757, 583589, 0, 0
50005, 334798, 0, 0
50252, 24902, 0, 0
50506, 607545, 0, 0
50769, 971196, 0, 0
51039, 1488999, 0, 0
51266, 230904, 0, 0
51500, 162890, 0, 0
51765, 504675, 0, 0
52006, 717923, 0, 0
52250, 30673, 0, 0
52500, 400866, 0, 0
52754, 215416, 0, 0
53026, 232810, 0, 0
53251, 287457, 0, 0
53500, 375282, 0, 0
53756, 18048, 0, 0
54005, 505700, 0, 0
54251, 394959, 0, 0
54524, 111159, 0, 0
54758, 172870, 0, 0
55056, 24183, 0, 0
55256, 461863, 0, 0
55503, 296394, 0, 0
55767, 287253, 0, 0
56002, 389820, 0, 0
56254, 632823, 0, 0
56500, 471791, 0, 0
56781, 177690, 0, 0
57003, 41670, 0, 0
57253, 556384, 0, 0
57570, 873821, 0, 0
57754, 687863, 0, 0
58000, 371551, 0, 0
58313, 413100, 0, 0
58515, 295993, 0, 0
58775, 191553, 0, 0
59183, 563094, 0, 0
59258, 1883084, 0, 0
59504, 389417, 0, 0
59766, 101212, 0, 0
60004, 629568, 0, 0
61310, 1315231, 0, 0
61310, 1388800, 0, 0
61310, 1315997, 0, 0
61310, 1376573, 0, 0
61310, 4943061, 0, 0
61310, 3266289, 0, 0
260, 98999, 0, 0
500, 171380, 0, 0
760, 179238, 0, 0
1005, 257126, 0, 0
1261, 163471, 0, 0
1524, 361451, 0, 0
1750, 177784, 0, 0
2019, 806900, 0, 0
2284, 257144, 0, 0
2567, 306152, 0, 0
2750, 360603, 0, 0
3008, 513597, 0, 0
3258, 245429, 0, 0
3500, 323814, 0, 0
3806, 371845, 0, 0
4000, 605023, 0, 0
4262, 221461, 0, 0
4505, 320195, 0, 0
4781, 183979, 0, 0
5001, 455273, 0, 0
5256, 269003, 0, 0
5500, 184564, 0, 0
5775, 441130, 0, 0
6070, 278370, 0, 0
6399, 312299, 0, 0
6507, 599023, 0, 0
6757, 237192, 0, 0
7008, 312435, 0, 0
7304, 184126, 0, 0
7509, 668637, 0, 0
7853, 461734, 0, 0
8006, 580366, 0, 0
8252, 432604, 0, 0
8503, 195128, 0, 0
8861, 212614, 0, 0
9001, 560553, 0, 0
9371, 500516, 0, 0
9518, 284775, 0, 0
9759, 382480, 0, 0
10002, 294600, 0, 0
10271, 153889, 0, 0
10647, 538576, 0, 0
10759, 645307, 0, 0
11015, 891862, 0, 0
11255, 352893, 0, 0
11502, 244472, 0, 0
11756, 462984, 0, 0
12026, 437503, 0, 0
12431, 357171, 0, 0
12508, 25523, 0, 0
12774, 481516, 0, 0
13006, 714981, 0, 0
13256, 326914, 0, 0
13501, 467108, 0, 0
13800, 735569, 0, 0
14247, 1219121, 0, 0
14261, 13614, 0, 0
14512, 482610, 0, 0
14755, 322503, 0, 0
15001, 207784, 0, 0
15267, 411242, 0, 0
15513, 506431, 0, 0
15753, 680127, 0, 0
16002, 187953, 0, 0
16256, 306854, 0, 0
16501, 243878, 0, 0
16758, 386612, 0, 0
17011, 340340, 0, 0
17254, 427135, 0, 0
17521, 193972, 0, 0
17773, 395244, 0, 0
18292, 823178, 0, 0
18310, 17079, 0, 0
18505, 741018, 0, 0
18755, 628579, 0, 0
19085, 720161, 0, 0
19301, 714328, 0, 0
19513, 308217, 0, 0
19764, 285287, 0, 0
20003, 517137, 0, 0
20253, 46964, 0, 0
20505, 700345, 0, 0
20754, 356743, 0, 0
21000, 720777, 0, 0
21288, 327210, 0, 0
21504, 291102, 0, 0
21751, 28434, 0, 0
22004, 332787, 0, 0
22254, 381843, 0, 0
22519, 403152, 0, 0
22790, 220242, 0, 0
23011, 262187, 0, 0
23251, 261118, 0, 0
23516, 638071, 0, 0
23768, 321414, 0, 0
24000, 237058, 0, 0
24250, 400947, 0, 0
24513, 357780, 0, 0
24763, 407688, 0, 0
25006, 295985, 0, 0
25261, 289618, 0, 0
25505, 220869, 0, 0
25765, 541353, 0, 0
26131, 1832969, 0, 0
26271, 487412, 0, 0
26568, 419150, 0, 0
26772, 364460, 0, 0
27048, 747299, 0, 0
27320, 2257855, 0, 0
27523, 770668, 0, 0
27751, 236234, 0, 0
28000, 488575, 0, 0
28257, 541851, 0, 0
28500, 188183, 0, 0
28795, 308010, 0, 0
29002, 320659, 0, 0
29251, 303133, 0, 0
29501, 246362, 0, 0
29758, 229475, 0, 0
30000, 51633, 0, 0
30326, 374591, 0, 0
30564, 48481, 0, 0
30771, 324970, 0, 0
31002, 338015, 0, 0
31263, 187472, 0, 0
31504, 372063, 0, 0
31757, 312196, 0, 0
32007, 253136, 0, 0
32260, 370264, 0, 0
32505, 390388, 0, 0
32772, 176957, 0, 0
33004, 121624, 0, 0
33251, 597642, 0, 0
33505, 303031, 0, 0
33757, 140621, 0, 0
34020, 410643, 0, 0
34278, 186520, 0, 0
34512, 731950, 0, 0
34762, 32393, 0, 0
35001, 515577, 0, 0
35261, 372757, 0, 0
35502, 366042, 0, 0
35759, 472904, 0, 0
36045, 404474, 0, 0
36250, 1487618, 0, 0
36500, 469671, 0, 0
36751, 207438, 0, 0
37008, 245902, 0, 0
37250, 181642, 0, 0
37518, 337839, 0, 0
37752, 231784, 0, 0
38018, 143085, 0, 0
38253, 176713, 0, 0
38509, 350303, 0, 0
38758, 426294, 0, 0
39002, 225256, 0, 0
39377, 661191, 0, 0
39507, 685176, 0, 0
39784, 626685, 0, 0
40009, 24916, 0, 0
40251, 593958, 0, 0
40515, 411375, 0, 0
40897, 793450, 0, 0
41008, 1248087, 0, 0
41256, 379773, 0, 0
41507, 484566, 0, 0
41803, 742777, 0, 0
42000, 306006, 0, 0
42255, 295003, 0, 0
42561, 354520, 0, 0
42758, 600731, 0, 0
43004, 313014, 0, 0
43255, 241570, 0, 0
43501, 515275, 0, 0
43753, 481392, 0, 0
44052, 1166350, 0, 0
44261, 209087, 0, 0
44520, 382646, 0, 0
44751, 163779, 0, 0
45009, 220696, 0, 0
45256, 313914, 0, 0
45504, 312016, 0, 0
45760, 167347, 0, 0
46001, 24028, 0, 0
46269, 226579, 0, 0
46506, 615951, 0, 0
46873, 1093144, 0, 0
47012, 388311, 0, 0
47257, 394723, 0, 0
47500, 270256, 0, 0
47753, 682738, 0, 0
48000, 27898, 0, 0
48252, 326328, 0, 0
48535, 23916, 0, 0
48756, 426705, 0, 0
49003, 416647, 0, 0
49292, 187767, 0, 0
49502, 535220, 0, 0
49750, 486241, 0, 0
50006, 575444, 0, 0
50270, 457055, 0, 0
50502, 259102, 0, 0
50757, 461020, 0, 0
51003, 1247410, 0, 0
51252, 255996, 0, 0
51505, 716489, 0, 0
51776, 593033, 0, 0
52000, 576693, 0, 0
52266, 493378, 0, 0
52505, 139244, 0, 0
52793, 1053261, 0, 0
53002, 623715, 0, 0
53250, 519462, 0, 0
53563, 149521, 0, 0
53756, 998714, 0, 0
54027, 494553, 0, 0
54250, 373031, 0, 0
54503, 333373, 0, 0
54755, 140451, 0, 0
55098, 449613, 0, 0
55266, 676688, 0, 0
55508, 31162, 0, 0
55780, 522460, 0, 0
56004, 547110, 0, 0
56257, 356117, 0, 0
56636, 187966, 0, 0
56790, 2441521, 0, 0
57015, 1260285, 0, 0
57326, 968182, 0, 0
57501, 2487830, 0, 0
57898, 846160, 0, 0
58001, 17040, 0, 0
58250, 538608, 0, 0
58505, 122592, 0, 0
58848, 614492, 0, 0
59006, 340882, 0, 0
59293, 454800, 0, 0
59520, 1088973, 0, 0
59755, 1014732, 0, 0
60024, 26323, 0, 0
61362, 5067226, 0, 0
61362, 5052632, 0, 0
61362, 4990411, 0, 0
61362, 4962468, 0, 0
61362, 4910603, 0, 0
61362, 3071575, 0, 0
253, 118620, 0, 0
515, 143235, 0, 0
753, 189858, 0, 0
1003, 209745, 0, 0
1254, 277983, 0, 0
1503, 218026, 0, 0
1750, 264287, 0, 0
2073, 122222, 0, 0
2258, 350955, 0, 0
2504, 416736, 0, 0
2760, 252292, 0, 0
3003, 206815, 0, 0
3253, 371606, 0, 0
3506, 430683, 0, 0
3755, 223910, 0, 0
4015, 478528, 0, 0
4252, 587783, 0, 0
4516, 545198, 0, 0
4756, 372629, 0, 0
5001, 172013, 0, 0
5253, 329556, 0, 0
5506, 433227, 0, 0
5756, 529440, 0, 0
6001, 249330, 0, 0
6255, 583949, 0, 0
6501, 403506, 0, 0
6751, 587242, 0, 0
7021, 496230, 0, 0
7256, 267083, 0, 0
7502, 467426, 0, 0
7762, 481479, 0, 0
8024, 247744, 0, 0
8251, 983912, 0, 0
8518, 328068, 0, 0
8753, 577852, 0, 0
9005, 158421, 0, 0
9261, 727134, 0, 0
9525, 444179, 0, 0
9756, 234600, 0, 0
10010, 758342, 0, 0
10260, 157626, 0, 0
10501, 414827, 0, 0
10751, 283444, 0, 0
11003, 356673, 0, 0
11251, 792684, 0, 0
11504, 72543, 0, 0
11760, 685335, 0, 0
12005, 342996, 0, 0
12250, 408665, 0, 0
12578, 371635, 0, 0
12786, 258009, 0, 0
13004, 30989, 0, 0
13267, 419326, 0, 0
13503, 629206, 0, 0
13759, 184504, 0, 0
14003, 185697, 0, 0
14252, 262806, 0, 0
14500, 500293, 0, 0
14750, 206395, 0, 0
15009, 477597, 0, 0
15255, 880696, 0, 0
15510, 608589, 0, 0
15759, 1182864, 0, 0
16011, 355920, 0, 0
16256, 510205, 0, 0
16512, 251649, 0, 0
16777, 52837, 0, 0
17085, 875615, 0, 0
17576, 1788622, 0, 0
17615, 39403, 0, 0
17761, 1872880, 0, 0
18001, 251045, 0, 0
18250, 459247, 0, 0
18505, 428382, 0, 0
18766, 729944, 0, 0
19002, 222167, 0, 0
19256, 772891, 0, 0
19500, 720927, 0, 0
19753, 370174, 0, 0
20008, 194955, 0, 0
20378, 378402, 0, 0
20613, 477675, 0, 0
20754, 487087, 0, 0
21016, 27955, 0, 0
21263, 1181339, 0, 0
21528, 433211, 0, 0
21756, 428934, 0, 0
22002, 32247, 0, 0
22259, 704463, 0, 0
22507, 402591, 0, 0
22778, 482055, 0, 0
23010, 399015, 0, 0
23250, 723010, 0, 0
23501, 147683, 0, 0
23750, 197840, 0, 0
24002, 33033, 0, 0
24258, 180050, 0, 0
24593, 559394, 0, 0
24838, 715799, 0, 0
25107, 1199748, 0, 0
25334, 914559, 0, 0
25630, 1058047, 0, 0
25751, 625859, 0, 0
26003, 572748, 0, 0
26255, 222236, 0, 0
26503, 393870, 0, 0
26765, 1193248, 0, 0
27000, 559067, 0, 0
27307, 475265, 0, 0
27565, 1121421, 0, 0
27756, 295891, 0, 0
28044, 316230, 0, 0
28250, 355293, 0, 0
28500, 116599, 0, 0
28770, 121441, 0, 0
29021, 283463, 0, 0
29318, 115796, 0, 0
29502, 925199, 0, 0
29780, 423356, 0, 0
30004, 230358, 0, 0
30275, 980544, 0, 0
30501, 406285, 0, 0
30758, 196647, 0, 0
31007, 33259, 0, 0
31252, 521703, 0, 0
31502, 356306, 0, 0
31767, 211843, 0, 0
32122, 545796, 0, 0
32290, 692055, 0, 0
32506, 735695, 0, 0
32752, 448252, 0, 0
33002, 416090, 0, 0
33260, 2802418, 0, 0
33532, 1990825, 0, 0
33762, 727365, 0, 0
34008, 730515, 0, 0
34255, 545962, 0, 0
34503, 299105, 0, 0
34792, 520290, 0, 0
35005, 225196, 0, 0
35273, 571261, 0, 0
35506, 3633972, 0, 0
35778, 532735, 0, 0
36007, 256164, 0, 0
36252, 545754, 0, 0
36573, 633813, 0, 0
36874, 1087064, 0, 0
37022, 830722, 0, 0
37261, 507029, 0, 0
37504, 579255, 0, 0
37754, 202263, 0, 0
38002, 475660, 0, 0
38261, 421965, 0, 0
38510, 411716, 0, 0
38751, 270343, 0, 0
39007, 662005, 0, 0
39259, 38809, 0, 0
39632, 1823131, 0, 0
39762, 25753, 0, 0
40000, 584949, 0, 0
40250, 158193, 0, 0
40501, 309164, 0, 0
40849, 355184, 0, 0
41000, 610212, 0, 0
41264, 201720, 0, 0
41522, 210290, 0, 0
41754, 299713, 0, 0
42011, 277250, 0, 0
42315, 512970, 0, 0
42512, 1034243, 0, 0
42751, 330681, 0, 0
43017, 400451, 0, 0
43250, 66285, 0, 0
43646, 65289, 0, 0
43755, 854106, 0, 0
44038, 240398, 0, 0
44253, 321795, 0, 0
44503, 316573, 0, 0
44751, 324650, 0, 0
45021, 207598, 0, 0
45260, 384014, 0, 0
45505, 280156, 0, 0
45758, 1727568, 0, 0
46008, 568887, 0, 0
46256, 211214, 0, 0
46523, 414267, 0, 0
46753, 200366, 0, 0
47040, 242855, 0, 0
47252, 497503, 0, 0
47623, 465353, 0, 0
47779, 1965013, 0, 0
48179, 618724, 0, 0
48252, 24019, 0, 0
48516, 453101, 0, 0
48756, 22425, 0, 0
49008, 709607, 0, 0
49266, 309499, 0, 0
49518, 863353, 0, 0
49756, 919553, 0, 0
50009, 865665, 0, 0
50253, 267622, 0, 0
50502, 212652, 0, 0
50757, 404597, 0, 0
51008, 181434, 0, 0
51256, 309906, 0, 0
51531, 421586, 0, 0
51755, 574460, 0, 0
52043, 157356, 0, 0
52256, 21133, 0, 0
52504, 470420, 0, 0
52828, 396911, 0, 0
53009, 580023, 0, 0
53257, 548122, 0, 0
53505, 394802, 0, 0
53754, 170020, 0, 0
54001, 181042, 0, 0
54278, 730245, 0, 0
54514, 722338, 0, 0
54763, 572546, 0, 0
55002, 274677, 0, 0
55282, 405201, 0, 0
55501, 344970, 0, 0
55822, 300584, 0, 0
56000, 304186, 0, 0
56306, 618997, 0, 0
56500, 397358, 0, 0
56751, 1026127, 0, 0
57001, 242699, 0, 0
57253, 269426, 0, 0
57511, 175950, 0, 0
57750, 462843, 0, 0
58026, 500875, 0, 0
58303, 450735, 0, 0
58505, 341239, 0, 0
58752, 521910, 0, 0
59041, 1352003, 0, 0
59322, 2560675, 0, 0
59502, 1378181, 0, 0
59766, 35095, 0, 0
60127, 579011, 0, 0
61372, 4727810, 0, 0
61372, 4520154, 0, 0
61372, 4486016, 0, 0
61372, 4371402, 0, 0
61372, 4280307, 0, 0
61372, 2840361, 0, 0
262, 99508, 0, 0
506, 173452, 0, 0
782, 209336, 0, 0
1027, 182827, 0, 0
1262, 183461, 0, 0
1500, 239403, 0, 0
1751, 142457, 0, 0
2003, 223938, 0, 0
2252, 196508, 0, 0
2504, 274303, 0, 0
2766, 156682, 0, 0
3000, 247149, 0, 0
3253, 60861, 0, 0
3513, 478504, 0, 0
3752, 365474, 0, 0
4018, 199908, 0, 0
4250, 242702, 0, 0
4504, 187297, 0, 0
4784, 782480, 0, 0
5013, 172770, 0, 0
5251, 205568, 0, 0
5516, 161119, 0, 0
5757, 485354, 0, 0
6044, 653904, 0, 0
6258, 632967, 0, 0
6556, 584089, 0, 0
6755, 705744, 0, 0
7002, 331300, 0, 0
7265, 178011, 0, 0
7503, 207031, 0, 0
7750, 375056, 0, 0
8006, 166370, 0, 0
8250, 500795, 0, 0
8514, 226673, 0, 0
8771, 453180, 0, 0
9006, 163898, 0, 0
9252, 638365, 0, 0
9509, 153483, 0, 0
9753, 427061, 0, 0
10042, 227717, 0, 0
10259, 78129, 0, 0
10507, 246565, 0, 0
10807, 293695, 0, 0
11006, 269389, 0, 0
11298, 442506, 0, 0
11511, 750112, 0, 0
11909, 369502, 0, 0
12001, 316037, 0, 0
12259, 325721, 0, 0
12500, 604388, 0, 0
12826, 493115, 0, 0
13006, 772038, 0, 0
13256, 234525, 0, 0
13509, 422121, 0, 0
13752, 28719, 0, 0
14008, 733005, 0, 0
14250, 577335, 0, 0
14504, 240653, 0, 0
14752, 525365, 0, 0
15005, 243597, 0, 0
15253, 658257, 0, 0
15504, 38975, 0, 0
15752, 263400, 0, 0
16001, 460264, 0, 0
16257, 102063, 0, 0
16512, 396956, 0, 0
16750, 375374, 0, 0
17098, 51214, 0, 0
17305, 34347, 0, 0
17501, 731172, 0, 0
17751, 402175, 0, 0
18000, 337109, 0, 0
18261, 336240, 0, 0
18524, 355136, 0, 0
18969, 3560686, 0, 0
19025, 3548342, 0, 0
19259, 669023, 0, 0
19533, 805832, 0, 0
19752, 546652, 0, 0
20017, 752284, 0, 0
20258, 421365, 0, 0
20504, 154615, 0, 0
20843, 131338, 0, 0
21173, 1309823, 0, 0
21252, 586321, 0, 0
21509, 507339, 0, 0
21752, 759971, 0, 0
22020, 363537, 0, 0
22292, 321579, 0, 0
22674, 475349, 0, 0
22759, 21002, 0, 0
23004, 959082, 0, 0
23258, 614349, 0, 0
23505, 276961, 0, 0
23755, 530703, 0, 0
24112, 564992, 0, 0
24252, 654029, 0, 0
24509, 279241, 0, 0
24753, 186417, 0, 0
25003, 277000, 0, 0
25251, 508330, 0, 0
25500, 313344, 0, 0
25751, 193160, 0, 0
26003, 402753, 0, 0
26391, 442152, 0, 0
26508, 12769, 0, 0
26811, 593325, 0, 0
27026, 932214, 0, 0
27251, 393330, 0, 0
27505, 436024, 0, 0
27774, 111132, 0, 0
28002, 370786, 0, 0
28256, 338500, 0, 0
28530, 600907, 0, 0
28764, 534774, 0, 0
29001, 286135, 0, 0
29250, 138275, 0, 0
29507, 314614, 0, 0
29757, 402483, 0, 0
30004, 387079, 0, 0
30371, 386860, 0, 0
30584, 358444, 0, 0
30787, 407742, 0, 0
31007, 315453, 0, 0
31282, 505523, 0, 0
31523, 1277787, 0, 0
31775, 840002, 0, 0
32032, 472468, 0, 0
32252, 460503, 0, 0
32512, 648977, 0, 0
32750, 313768, 0, 0
33000, 463805, 0, 0
33257, 152205, 0, 0
33504, 547425, 0, 0
33781, 547983, 0, 0
34000, 369704, 0, 0
34515, 3868965, 0, 0
34530, 15004, 0, 0
34826, 949135, 0, 0
35000, 1016054, 0, 0
35255, 1001567, 0, 0
35509, 288700, 0, 0
35752, 441613, 0, 0
36005, 651955, 0, 0
36370, 374846, 0, 0
36509, 380263, 0, 0
36754, 405169, 0, 0
37029, 480521, 0, 0
37254, 566098, 0, 0
37506, 254070, 0, 0
37757, 32130, 0, 0
38026, 36990, 0, 0
38389, 626825, 0, 0
38517, 807287, 0, 0
38784, 382173, 0, 0
39027, 399117, 0, 0
39260, 587656, 0, 0
39508, 273705, 0, 0
39754, 321987, 0, 0
40000, 670726, 0, 0
40264, 30569, 0, 0
40513, 1136479, 0, 0
40754, 459822, 0, 0
41073, 749506, 0, 0
41361, 96022, 0, 0
41831, 1210188, 0, 0
41839, 7472, 0, 0
42019, 351251, 0, 0
42279, 288455, 0, 0
42501, 345764, 0, 0
42751, 552364, 0, 0
43004, 424403, 0, 0
43276, 173845, 0, 0
43535, 196137, 0, 0
43756, 327691, 0, 0
44009, 147024, 0, 0
44257, 189589, 0, 0
44505, 332774, 0, 0
44759, 305987, 0, 0
45010, 454422, 0, 0
45270, 1982411, 0, 0
45511, 372588, 0, 0
45896, 378095, 0, 0
46096, 39825, 0, 0
46341, 1322449, 0, 0
46538, 789819, 0, 0
46750, 1041994, 0, 0
47002, 460718, 0, 0
47266, 339666, 0, 0
47502, 459474, 0, 0
47754, 189200, 0, 0
48004, 662058, 0, 0
48287, 689868, 0, 0
48507, 720439, 0, 0
48753, 147404, 0, 0
49000, 180982, 0, 0
49250, 513889, 0, 0
49502, 286119, 0, 0
49766, 152906, 0, 0
50001, 30725, 0, 0
50282, 385049, 0, 0
50637, 1916548, 0, 0
50764, 768239, 0, 0
51046, 652568, 0, 0
51251, 36824, 0, 0
51509, 434815, 0, 0
51811, 960904, 0, 0
52006, 537893, 0, 0
52349, 242637, 0, 0
52505, 1427583, 0, 0
52755, 1135204, 0, 0
53005, 224141, 0, 0
53266, 311030, 0, 0
53545, 266819, 0, 0
53796, 578826, 0, 0
54001, 144309, 0, 0
54257, 279753, 0, 0
54501, 323191, 0, 0
54755, 257358, 0, 0
55012, 413806, 0, 0
55299, 105773, 0, 0
55591, 1092628, 0, 0
55752, 594635, 0, 0
56032, 149180, 0, 0
56268, 362511, 0, 0
56509, 521475, 0, 0
56800, 199667, 0, 0
57034, 262854, 0, 0
57251, 256765, 0, 0
57537, 90668, 0, 0
57753, 263930, 0, 0
58056, 164029, 0, 0
58437, 818601, 0, 0
58508, 1563919, 0, 0
58755, 555330, 0, 0
59000, 374596, 0, 0
59251, 313845, 0, 0
59506, 28873, 0, 0
59750, 287085, 0, 0
60014, 337295, 0, 0
61381, 1381280, 0, 0
61381, 1381206, 0, 0
61381, 1457096, 0, 0
61381, 4893022, 0, 0
61381, 4813194, 0, 0
61381, 3188397, 0, 0
254, 174481, 0, 0
517, 245433, 0, 0
753, 437023, 0, 0
1002, 455432, 0, 0
1265, 344549, 0, 0
1510, 473459, 0, 0
1757, 853064, 0, 0
2043, 335786, 0, 0
2252, 274651, 0, 0
2550, 774309, 0, 0
2753, 573193, 0, 0
3026, 677364, 0, 0
3263, 589836, 0, 0
3528, 245143, 0, 0
3760, 450753, 0, 0
4014, 466632, 0, 0
4258, 837557, 0, 0
4501, 416775, 0, 0
4779, 496904, 0, 0
5023, 373155, 0, 0
5316, 633452, 0, 0
5694, 985362, 0, 0
5822, 63347, 0, 0
6000, 1094901, 0, 0
6294, 632788, 0, 0
6502, 1106018, 0, 0
6772, 928242, 0, 0
7013, 1331509, 0, 0
7267, 1752680, 0, 0
7605, 1693205, 0, 0
7756, 695279, 0, 0
8027, 583316, 0, 0
8278, 266319, 0, 0
8512, 716964, 0, 0
8835, 469692, 0, 0
9037, 2456894, 0, 0
9258, 915666, 0, 0
9537, 507998, 0, 0
9759, 629058, 0, 0
10004, 564594, 0, 0
10283, 494528, 0, 0
10514, 687202, 0, 0
10760, 285018, 0, 0
11037, 806503, 0, 0
11286, 678407, 0, 0
11520, 654969, 0, 0
11792, 515995, 0, 0
12000, 2716057, 0, 0
12263, 314864, 0, 0
12511, 125975, 0, 0
12763, 494158, 0, 0
13003, 223644, 0, 0
13253, 612962, 0, 0
13508, 282941, 0, 0
13751, 122385, 0, 0
14013, 116422, 0, 0
14378, 93369, 0, 0
14528, 112921, 0, 0
14784, 671007, 0, 0
15164, 496546, 0, 0
15262, 32509, 0, 0
15642, 3449426, 0, 0
15783, 889577, 0, 0
16015, 1272098, 0, 0
16265, 61810, 0, 0
16530, 6291661, 0, 0
16795, 265356, 0, 0
17476, 495912, 0, 0
17498, 21239, 0, 0
18582, 10273848, 0, 0
18582, 1084504, 0, 0
18602, 19511, 0, 0
18618, 10271143, 0, 0
18624, 22067, 0, 0
18756, 1172224, 0, 0
19016, 62844, 0, 0
19266, 56196, 0, 0
19519, 66867, 0, 0
19855, 80979, 0, 0
20001, 1199077, 0, 0
20253, 849843, 0, 0
20513, 53610, 0, 0
20827, 1055530, 0, 0
21001, 1235378, 0, 0
21262, 2280862, 0, 0
21505, 1376793, 0, 0
21854, 735000, 0, 0
22032, 72605, 0, 0
22270, 52113, 0, 0
22534, 32542, 0, 0
22765, 32244, 0, 0
23021, 4384050, 0, 0
23258, 58442, 0, 0
23508, 1382969, 0, 0
23776, 134258, 0, 0
24000, 1279720, 0, 0
24256, 1116219, 0, 0
24527, 1742812, 0, 0
24906, 1400298, 0, 0
25000, 4425236, 0, 0
25291, 650897, 0, 0
25504, 79418, 0, 0
25793, 76296, 0, 0
26026, 151259, 0, 0
26281, 100368, 0, 0
26649, 7684433, 0, 0
26836, 46406, 0, 0
27080, 81441, 0, 0
27395, 2341111, 0, 0
27526, 133934, 0, 0
27755, 81644, 0, 0
28089, 27447, 0, 0
28257, 27800, 0, 0
28515, 1808880, 0, 0
28782, 721982, 0, 0
29007, 29100, 0, 0
29265, 31301, 0, 0
29522, 904846, 0, 0
29951, 86641, 0, 0
30094, 451934, 0, 0
30323, 143831, 0, 0
30507, 2260036, 0, 0
30777, 3177837, 0, 0
31013, 425410, 0, 0
31255, 1396710, 0, 0
31508, 518960, 0, 0
31750, 152717, 0, 0
32010, 463294, 0, 0
32254, 859281, 0, 0
32530, 171273, 0, 0
32755, 813007, 0, 0
33011, 135811, 0, 0
33277, 1060463, 0, 0
33505, 1413398, 0, 0
33820, 1019604, 0, 0
34002, 1711167, 0, 0
34261, 61410, 0, 0
34516, 1101284, 0, 0
34759, 185289, 0, 0
35001, 95456, 0, 0
35290, 65572, 0, 0
35535, 58636, 0, 0
35925, 83907, 0, 0
36006, 2263123, 0, 0
36252, 47841, 0, 0
36555, 147058, 0, 0
36861, 1187951, 0, 0
37024, 892137, 0, 0
37314, 136903, 0, 0
37624, 124390, 0, 0
37759, 1855694, 0, 0
38023, 1385228, 0, 0
38313, 796260, 0, 0
38508, 76543, 0, 0
38781, 50926, 0, 0
39018, 1989641, 0, 0
39253, 1261623, 0, 0
39525, 54168, 0, 0
39787, 32623, 0, 0
40043, 51037, 0, 0
40342, 59627, 0, 0
40840, 2014711, 0, 0
40852, 12620, 0, 0
41003, 2461540, 0, 0
41266, 1789447, 0, 0
41502, 746159, 0, 0
41754, 732690, 0, 0
42001, 680142, 0, 0
42255, 83498, 0, 0
42505, 660809, 0, 0
42786, 83004, 0, 0
43014, 722172, 0, 0
43255, 442945, 0, 0
43534, 1737296, 0, 0
43750, 793341, 0, 0
44004, 137172, 0, 0
44259, 2406456, 0, 0
44500, 59361, 0, 0
44776, 520287, 0, 0
45066, 70730, 0, 0
45284, 142860, 0, 0
45506, 105438, 0, 0
45850, 732007, 0, 0
46007, 45878, 0, 0
46263, 61616, 0, 0
46554, 98333, 0, 0
46816, 1417911, 0, 0
47035, 1403547, 0, 0
47286, 60124, 0, 0
47514, 51770, 0, 0
47753, 36530, 0, 0
48025, 571236, 0, 0
48253, 577316, 0, 0
48527, 1424074, 0, 0
48761, 70991, 0, 0
49003, 598024, 0, 0
49334, 110142, 0, 0
49565, 2288327, 0, 0
49864, 240620, 0, 0
50011, 1054306, 0, 0
50262, 109473, 0, 0
50504, 50991, 0, 0
50828, 96893, 0, 0
51008, 1065033, 0, 0
51260, 692490, 0, 0
51515, 659432, 0, 0
51753, 896897, 0, 0
52017, 1058166, 0, 0
52251, 353169, 0, 0
52527, 580714, 0, 0
52762, 693960, 0, 0
53068, 114588, 0, 0
53272, 1082680, 0, 0
53505, 1722020, 0, 0
53800, 1177466, 0, 0
54010, 134107, 0, 0
54251, 89250, 0, 0
54514, 88127, 0, 0
54762, 698708, 0, 0
55034, 105377, 0, 0
55264, 93878, 0, 0
55510, 877650, 0, 0
55750, 97992, 0, 0
56001, 870852, 0, 0
56258, 156682, 0, 0
56534, 707827, 0, 0
56761, 110248, 0, 0
57008, 809834, 0, 0
57258, 623054, 0, 0
57513, 1413311, 0, 0
57803, 178504, 0, 0
58005, 180011, 0, 0
58257, 1386515, 0, 0
58514, 126770, 0, 0
58760, 387927, 0, 0
59031, 257912, 0, 0
59278, 132162, 0, 0
59503, 141568, 0, 0
59805, 748575, 0, 0
60037, 427407, 0, 0
60812, 1006628, 0, 0
60812, 954903, 0, 0
60812, 939820, 0, 0
60812, 5805096, 0, 0
265, 149681, 0, 0
575, 298122, 0, 0
790, 478807, 0, 0
1005, 578998, 0, 0
1258, 491918, 0, 0
1503, 478374, 0, 0
1805, 462943, 0, 0
2007, 666620, 0, 0
2257, 1162433, 0, 0
2515, 1033739, 0, 0
2759, 584324, 0, 0
3018, 691359, 0, 0
3251, 600545, 0, 0
3513, 382393, 0, 0
3750, 208129, 0, 0
4010, 431656, 0, 0
4267, 283979, 0, 0
4525, 498903, 0, 0
4771, 782456, 0, 0
5057, 690534, 0, 0
5309, 104488, 0, 0
5501, 71368, 0, 0
5786, 841692, 0, 0
6009, 430190, 0, 0
6252, 862669, 0, 0
6650, 973374, 0, 0
6761, 757904, 0, 0
7005, 700325, 0, 0
7254, 993167, 0, 0
7515, 489413, 0, 0
7789, 665201, 0, 0
8035, 1016630, 0, 0
8250, 190829, 0, 0
8502, 285856, 0, 0
8753, 232077, 0, 0
9037, 921539, 0, 0
9256, 245210, 0, 0
9505, 891642, 0, 0
9788, 866146, 0, 0
10001, 1027487, 0, 0
10261, 517255, 0, 0
10593, 197849, 0, 0
10750, 608543, 0, 0
11055, 283076, 0, 0
11259, 470536, 0, 0
11527, 810706, 0, 0
11752, 109665, 0, 0
12076, 803733, 0, 0
12290, 1220402, 0, 0
12501, 567234, 0, 0
12760, 211979, 0, 0
13051, 245590, 0, 0
13279, 106013, 0, 0
13543, 207425, 0, 0
13790, 871671, 0, 0
14010, 343523, 0, 0
14391, 427284, 0, 0
14545, 374355, 0, 0
14753, 82916, 0, 0
15000, 132729, 0, 0
15277, 196101, 0, 0
15524, 31281, 0, 0
15823, 1635134, 0, 0
16007, 186783, 0, 0
16265, 735231, 0, 0
16556, 74471, 0, 0
16783, 527636, 0, 0
17000, 838672, 0, 0
17254, 55230, 0, 0
17510, 887602, 0, 0
17757, 121941, 0, 0
18001, 747360, 0, 0
18261, 179568, 0, 0
18517, 42717, 0, 0
18777, 1469266, 0, 0
19002, 1558155, 0, 0
19254, 777647, 0, 0
19508, 51339, 0, 0
19777, 1009977, 0, 0
20014, 33379, 0, 0
20256, 48168, 0, 0
20500, 48629, 0, 0
20788, 57468, 0, 0
21060, 2204386, 0, 0
21323, 10867864, 0, 0
21517, 1862820, 0, 0
21785, 3564525, 0, 0
22051, 60731, 0, 0
22250, 2127970, 0, 0
22504, 49858, 0, 0
22799, 1195577, 0, 0
23000, 1051804, 0, 0
23256, 40166, 0, 0
23513, 520200, 0, 0
23750, 478026, 0, 0
24000, 880053, 0, 0
24281, 118500, 0, 0
24505, 78363, 0, 0
24814, 2061683, 0, 0
25010, 835202, 0, 0
25252, 1179747, 0, 0
25503, 1522184, 0, 0
25769, 446413, 0, 0
26010, 734764, 0, 0
26254, 1912198, 0, 0
26522, 1217308, 0, 0
26759, 653356, 0, 0
27011, 335063, 0, 0
27275, 447426, 0, 0
27506, 128685, 0, 0
27755, 336469, 0, 0
28004, 46066, 0, 0
28462, 978129, 0, 0
29152, 7809644, 0, 0
29166, 13559, 0, 0
29223, 57379, 0, 0
29260, 3897843, 0, 0
29531, 1130039, 0, 0
29992, 587708, 0, 0
30034, 42017, 0, 0
30274, 715211, 0, 0
30529, 1320576, 0, 0
30834, 248880, 0, 0
31011, 845015, 0, 0
31326, 884117, 0, 0
31519, 100930, 0, 0
31751, 154725, 0, 0
32000, 1469117, 0, 0
32274, 1142371, 0, 0
32504, 88970, 0, 0
32771, 171774, 0, 0
33000, 63159, 0, 0
33365, 45086, 0, 0
33539, 58138, 0, 0
33755, 2384447, 0, 0
34020, 1459597, 0, 0
34291, 91334, 0, 0
34546, 121281, 0, 0
34754, 131612, 0, 0
35018, 1628588, 0, 0
35302, 1285159, 0, 0
35514, 884174, 0, 0
35758, 127888, 0, 0
36006, 1936166, 0, 0
36254, 709001, 0, 0
36514, 1106435, 0, 0
36776, 688936, 0, 0
37039, 926566, 0, 0
37302, 1140946, 0, 0
37504, 141628, 0, 0
37750, 529116, 0, 0
38014, 109282, 0, 0
38278, 109630, 0, 0
38505, 83897, 0, 0
38845, 48405, 0, 0
39017, 24382, 0, 0
39371, 88422, 0, 0
39514, 1413480, 0, 0
39805, 1103533, 0, 0
40038, 116456, 0, 0
40335, 74022, 0, 0
40570, 33339, 0, 0
40822, 35896, 0, 0
41038, 4919132, 0, 0
41301, 1001911, 0, 0
41512, 169228, 0, 0
41764, 63087, 0, 0
42024, 50256, 0, 0
42286, 1250805, 0, 0
42566, 749600, 0, 0
42792, 170310, 0, 0
43010, 79959, 0, 0
43262, 1517891, 0, 0
43516, 84946, 0, 0
43761, 127837, 0, 0
44000, 4185314, 0, 0
44252, 1733662, 0, 0
44505, 78852, 0, 0
44756, 1056096, 0, 0
45022, 678778, 0, 0
45251, 796960, 0, 0
45506, 73341, 0, 0
45753, 70523, 0, 0
46023, 1023167, 0, 0
46293, 708179, 0, 0
46523, 47744, 0, 0
46750, 1976735, 0, 0
47004, 1797295, 0, 0
47250, 1238893, 0, 0
47508, 686871, 0, 0
47750, 477523, 0, 0
48008, 313606, 0, 0
48285, 923484, 0, 0
48517, 54483, 0, 0
48760, 44423, 0, 0
49001, 1393098, 0, 0
49261, 915550, 0, 0
49519, 72793, 0, 0
49776, 61329, 0, 0
50025, 1351658, 0, 0
50265, 94715, 0, 0
50506, 172353, 0, 0
50769, 87302, 0, 0
51135, 8819393, 0, 0
51342, 4355792, 0, 0
51536, 1775736, 0, 0
51849, 95738, 0, 0
52016, 2845362, 0, 0
52302, 2492432, 0, 0
52500, 39133, 0, 0
52861, 841370, 0, 0
53005, 69762, 0, 0
53280, 1149673, 0, 0
53503, 2570883, 0, 0
53752, 684553, 0, 0
54001, 1051164, 0, 0
54254, 550434, 0, 0
54502, 74242, 0, 0
54755, 696694, 0, 0
55007, 143132, 0, 0
55252, 619992, 0, 0
55504, 676544, 0, 0
55763, 1897813, 0, 0
56045, 165281, 0, 0
56257, 667937, 0, 0
56533, 1270619, 0, 0
56761, 197559, 0, 0
57072, 1004505, 0, 0
57258, 151444, 0, 0
57503, 140882, 0, 0
57762, 203265, 0, 0
58002, 162072, 0, 0
58250, 960835, 0, 0
58527, 1045620, 0, 0
58766, 135559, 0, 0
59031, 164954, 0, 0
59252, 105481, 0, 0
59505, 127758, 0, 0
59759, 109774, 0, 0
60014, 57421, 0, 0
60811, 1022094, 0, 0
60811, 885061, 0, 0
60811, 1453448, 0, 0
60811, 5583938, 0, 0
263, 185472, 0, 0
516, 394691, 0, 0
754, 526313, 0, 0
1005, 511684, 0, 0
1258, 387876, 0, 0
1515, 344161, 0, 0
1775, 296816, 0, 0
2004, 520950, 0, 0
2268, 797816, 0, 0
2505, 571877, 0, 0
2766, 451238, 0, 0
3002, 656789, 0, 0
3250, 639311, 0, 0
3541, 619382, 0, 0
3805, 661900, 0, 0
4014, 451613, 0, 0
4259, 625627, 0, 0
4571, 359714, 0, 0
4773, 594811, 0, 0
5188, 419812, 0, 0
5254, 511653, 0, 0
5501, 700938, 0, 0
5751, 566339, 0, 0
6155, 381954, 0, 0
6261, 773311, 0, 0
6500, 1063538, 0, 0
6874, 568015, 0, 0
7021, 1319614, 0, 0
7267, 553919, 0, 0
7535, 919731, 0, 0
7777, 1435455, 0, 0
8143, 619652, 0, 0
8329, 1027389, 0, 0
8577, 1922941, 0, 0
8773, 74334, 0, 0
9002, 800194, 0, 0
9270, 374279, 0, 0
9547, 389934, 0, 0
9772, 672898, 0, 0
10052, 676126, 0, 0
10254, 898779, 0, 0
10501, 182864, 0, 0
10775, 434777, 0, 0
11007, 318247, 0, 0
11275, 47342, 0, 0
11544, 1280519, 0, 0
11865, 192870, 0, 0
12005, 465577, 0, 0
12331, 861382, 0, 0
12547, 1158929, 0, 0
12767, 999357, 0, 0
13052, 428191, 0, 0
13253, 213070, 0, 0
13629, 351433, 0, 0
13781, 701635, 0, 0
14024, 811952, 0, 0
14255, 252376, 0, 0
14528, 727102, 0, 0
14756, 385035, 0, 0
15058, 908105, 0, 0
15251, 1066764, 0, 0
15505, 243170, 0, 0
15761, 631056, 0, 0
16005, 237943, 0, 0
16287, 74621, 0, 0
16505, 749997, 0, 0
16761, 138605, 0, 0
17010, 56264, 0, 0
17266, 1353257, 0, 0
17527, 61602, 0, 0
17769, 277371, 0, 0
18004, 1017246, 0, 0
18250, 125441, 0, 0
18506, 301278, 0, 0
18782, 82079, 0, 0
19008, 1011252, 0, 0
19276, 107158, 0, 0
19519, 4360556, 0, 0
19753, 1140796, 0, 0
20028, 75248, 0, 0
20266, 629245, 0, 0
20504, 67695, 0, 0
20762, 48566, 0, 0
21001, 47575, 0, 0
21271, 49203, 0, 0
21504, 1856170, 0, 0
21759, 1208504, 0, 0
22078, 3586201, 0, 0
22253, 53907, 0, 0
22659, 2729174, 0, 0
22841, 60263, 0, 0
23021, 1889196, 0, 0
23269, 61965, 0, 0
23524, 2388644, 0, 0
23858, 3195323, 0, 0
24041, 2378835, 0, 0
24262, 99708, 0, 0
24506, 1364487, 0, 0
24772, 1562987, 0, 0
25066, 862716, 0, 0
25257, 172714, 0, 0
25559, 740509, 0, 0
25761, 149029, 0, 0
26017, 1438346, 0, 0
26263, 602076, 0, 0
26649, 3059770, 0, 0
26750, 306278, 0, 0
27016, 1980909, 0, 0
27293, 361708, 0, 0
27517, 83118, 0, 0
27843, 1413182, 0, 0
28016, 716963, 0, 0
28259, 622533, 0, 0
28501, 554888, 0, 0
28751, 56773, 0, 0
29077, 104397, 0, 0
29260, 2625106, 0, 0
29504, 1424378, 0, 0
29754, 1178413, 0, 0
30001, 381580, 0, 0
30254, 84358, 0, 0
30500, 1114572, 0, 0
30782, 1715527, 0, 0
31000, 189080, 0, 0
31254, 98322, 0, 0
31602, 161005, 0, 0
31816, 1449994, 0, 0
32035, 169925, 0, 0
32294, 1120127, 0, 0
32516, 149514, 0, 0
32783, 77253, 0, 0
33001, 91448, 0, 0
33260, 1486729, 0, 0
33505, 855008, 0, 0
33769, 41208, 0, 0
34007, 2196904, 0, 0
34253, 113054, 0, 0
34597, 2869879, 0, 0
34783, 142639, 0, 0
35008, 198204, 0, 0
35289, 129813, 0, 0
35509, 1499014, 0, 0
35901, 687769, 0, 0
36041, 3014555, 0, 0
36307, 2474124, 0, 0
36504, 187130, 0, 0
36798, 176207, 0, 0
37005, 155403, 0, 0
37262, 1134835, 0, 0
37510, 606896, 0, 0
37776, 130969, 0, 0
38014, 532774, 0, 0
38252, 101334, 0, 0
38516, 62423, 0, 0
38791, 530925, 0, 0
39024, 72307, 0, 0
39262, 72254, 0, 0
39515, 49600, 0, 0
39761, 1459696, 0, 0
40002, 59392, 0, 0
40259, 309165, 0, 0
40507, 66868, 0, 0
40783, 55499, 0, 0
41117, 1557224, 0, 0
41256, 50802, 0, 0
41662, 1198483, 0, 0
41833, 143092, 0, 0
42445, 2557840, 0, 0
42511, 625160, 0, 0
42523, 11953, 0, 0
42759, 67825, 0, 0
43138, 2523735, 0, 0
43253, 187891, 0, 0
43506, 1058722, 0, 0
43786, 658996, 0, 0
44020, 794597, 0, 0
44280, 697379, 0, 0
44537, 115471, 0, 0
44802, 2489046, 0, 0
45100, 111402, 0, 0
45322, 203985, 0, 0
45551, 4842789, 0, 0
45757, 134041, 0, 0
46007, 57593, 0, 0
46253, 1408198, 0, 0
46523, 643673, 0, 0
46751, 1567066, 0, 0
47064, 75366, 0, 0
47261, 1458005, 0, 0
47541, 73552, 0, 0
47963, 127987, 0, 0
48013, 24593, 0, 0
48342, 1279121, 0, 0
48502, 3278138, 0, 0
48787, 443608, 0, 0
49001, 786479, 0, 0
49272, 692544, 0, 0
49508, 1292957, 0, 0
49775, 633298, 0, 0
50008, 72110, 0, 0
50253, 1086200, 0, 0
50514, 424590, 0, 0
50810, 1094872, 0, 0
51057, 1574574, 0, 0
51589, 1270668, 0, 0
51613, 23214, 0, 0
51797, 184243, 0, 0
52005, 1920534, 0, 0
52312, 86596, 0, 0
52619, 2217293, 0, 0
52824, 2253104, 0, 0
53021, 2005193, 0, 0
53333, 55771, 0, 0
53505, 2449391, 0, 0
53800, 140963, 0, 0
54050, 107817, 0, 0
54269, 2033168, 0, 0
54504, 1173002, 0, 0
54790, 97930, 0, 0
55000, 117784, 0, 0
55297, 111503, 0, 0
55573, 641509, 0, 0
55751, 122532, 0, 0
56004, 1594621, 0, 0
56285, 132557, 0, 0
56501, 158974, 0, 0
56841, 217921, 0, 0
57010, 1936526, 0, 0
57275, 155685, 0, 0
57537, 176030, 0, 0
57787, 839653, 0, 0
58020, 1147553, 0, 0
58297, 197749, 0, 0
58527, 1418758, 0, 0
58767, 197996, 0, 0
59013, 164039, 0, 0
59344, 1130144, 0, 0
59523, 1415999, 0, 0
59754, 945367, 0, 0
60008, 110784, 0, 0
60812, 1467749, 0, 0
60812, 868769, 0, 0
60812, 853166, 0, 0
60812, 6198607, 0, 0
258, 181489, 0, 0
515, 312569, 0, 0
754, 303679, 0, 0
1005, 569798, 0, 0
1269, 634918, 0, 0
1502, 716377, 0, 0
1780, 423449, 0, 0
2035, 549346, 0, 0
2434, 561272, 0, 0
2534, 548356, 0, 0
2751, 659480, 0, 0
3012, 543259, 0, 0
3250, 330479, 0, 0
3561, 463348, 0, 0
3753, 857774, 0, 0
4014, 464355, 0, 0
4252, 505410, 0, 0
4571, 195339, 0, 0
4765, 445836, 0, 0
5016, 322851, 0, 0
5300, 47209, 0, 0
5520, 3561571, 0, 0
5794, 618046, 0, 0
6000, 1066906, 0, 0
6261, 589105, 0, 0
6511, 378695, 0, 0
6801, 732558, 0, 0
7050, 871854, 0, 0
7267, 528226, 0, 0
7514, 1279339, 0, 0
7765, 837372, 0, 0
8102, 2048286, 0, 0
8264, 620346, 0, 0
8600, 692186, 0, 0
8762, 411112, 0, 0
9039, 69208, 0, 0
9400, 972009, 0, 0
9518, 1233605, 0, 0
9772, 449433, 0, 0
10025, 431762, 0, 0
10268, 437339, 0, 0
10541, 1525321, 0, 0
10966, 392779, 0, 0
11080, 2018725, 0, 0
11259, 640807, 0, 0
11516, 494139, 0, 0
11764, 780892, 0, 0
12105, 1322777, 0, 0
12260, 173104, 0, 0
12541, 1341673, 0, 0
12903, 2303730, 0, 0
13007, 34464, 0, 0
13319, 96475, 0, 0
13611, 1121481, 0, 0
13755, 516908, 0, 0
14085, 117461, 0, 0
14377, 310140, 0, 0
14515, 1734842, 0, 0
14756, 1190423, 0, 0
15000, 625533, 0, 0
15262, 198566, 0, 0
15508, 86299, 0, 0
15783, 3812507, 0, 0
16082, 641883, 0, 0
16294, 71634, 0, 0
16594, 85350, 0, 0
16762, 82698, 0, 0
17024, 40182, 0, 0
17336, 51784, 0, 0
17585, 1714969, 0, 0
17757, 124851, 0, 0
18011, 689522, 0, 0
18340, 1668175, 0, 0
18510, 34069, 0, 0
18757, 44365, 0, 0
19061, 57373, 0, 0
19266, 133861, 0, 0
19531, 119729, 0, 0
19753, 49765, 0, 0
20367, 897377, 0, 0
20387, 20459, 0, 0
20508, 2674922, 0, 0
20774, 37712, 0, 0
21025, 63006, 0, 0
21279, 3731466, 0, 0
21513, 1788810, 0, 0
21753, 41687, 0, 0
22014, 83277, 0, 0
22259, 2483375, 0, 0
22500, 849187, 0, 0
22754, 1359399, 0, 0
23094, 575391, 0, 0
23335, 60128, 0, 0
23503, 2769551, 0, 0
23750, 1057707, 0, 0
24095, 96679, 0, 0
24271, 2421016, 0, 0
24515, 853715, 0, 0
24753, 831295, 0, 0
25010, 778293, 0, 0
25310, 1579097, 0, 0
25534, 126612, 0, 0
25750, 84856, 0, 0
26002, 165841, 0, 0
26352, 2070701, 0, 0
26506, 1199974, 0, 0
26784, 48649, 0, 0
27237, 293257, 0, 0
27293, 406792, 0, 0
27517, 60733, 0, 0
27789, 830079, 0, 0
28049, 2068280, 0, 0
28326, 85795, 0, 0
28569, 91031, 0, 0
28772, 41715, 0, 0
29007, 1131022, 0, 0
29274, 1229798, 0, 0
29510, 55263, 0, 0
29761, 1993471, 0, 0
30000, 925593, 0, 0
30255, 978786, 0, 0
30508, 2005637, 0, 0
30761, 869241, 0, 0
31008, 97000, 0, 0
31254, 892629, 0, 0
31503, 89404, 0, 0
31757, 114306, 0, 0
32118, 220108, 0, 0
32312, 199187, 0, 0
32605, 129098, 0, 0
32763, 37423, 0, 0
33071, 1127100, 0, 0
33408, 112347, 0, 0
33512, 25869, 0, 0
33756, 2337675, 0, 0
34007, 624947, 0, 0
34261, 695332, 0, 0
34503, 422423, 0, 0
34770, 55049, 0, 0
35001, 74921, 0, 0
35252, 1637572, 0, 0
35504, 56964, 0, 0
35783, 68624, 0, 0
36171, 1007457, 0, 0
36261, 104204, 0, 0
36577, 3037236, 0, 0
36754, 166919, 0, 0
37151, 2078147, 0, 0
37341, 320317, 0, 0
37571, 205697, 0, 0
38324, 2417967, 0, 0
38408, 84248, 0, 0
38711, 302924, 0, 0
38725, 13515, 0, 0
38791, 66205, 0, 0
39035, 1800916, 0, 0
39252, 716938, 0, 0
39940, 2429680, 0, 0
39957, 16834, 0, 0
40057, 50100, 0, 0
40289, 2810821, 0, 0
40569, 37194, 0, 0
40752, 2044155, 0, 0
41071, 1052323, 0, 0
41265, 2427245, 0, 0
41500, 81258, 0, 0
41756, 90284, 0, 0
42009, 853144, 0, 0
42340, 59386, 0, 0
42566, 2462770, 0, 0
42769, 277588, 0, 0
43018, 75091, 0, 0
43289, 1192528, 0, 0
43818, 598345, 0, 0
43849, 30407, 0, 0
44171, 6714290, 0, 0
44268, 2491966, 0, 0
44508, 2854600, 0, 0
44755, 1050733, 0, 0
45177, 1118518, 0, 0
45261, 105168, 0, 0
45509, 107013, 0, 0
45767, 752825, 0, 0
46005, 47717, 0, 0
46251, 61230, 0, 0
46535, 88129, 0, 0
46756, 3264431, 0, 0
47004, 584149, 0, 0
47294, 932053, 0, 0
47562, 76265, 0, 0
47787, 94898, 0, 0
48012, 44305, 0, 0
48255, 50476, 0, 0
48502, 34037, 0, 0
48769, 2416680, 0, 0
49001, 1822643, 0, 0
49257, 62070, 0, 0
49508, 4799160, 0, 0
49751, 1837598, 0, 0
50011, 651615, 0, 0
50266, 1006702, 0, 0
50515, 1008878, 0, 0
50756, 74646, 0, 0
51030, 583132, 0, 0
51273, 1208178, 0, 0
51501, 463565, 0, 0
51764, 602374, 0, 0
52019, 748347, 0, 0
52253, 51378, 0, 0
52517, 1477340, 0, 0
52789, 71973, 0, 0
53005, 89428, 0, 0
53280, 117552, 0, 0
53524, 2864286, 0, 0
53780, 83635, 0, 0
54001, 131435, 0, 0
54268, 1256621, 0, 0
54504, 221286, 0, 0
54843, 1088550, 0, 0
55238, 169120, 0, 0
55301, 63565, 0, 0
55506, 270452, 0, 0
55799, 3758247, 0, 0
56001, 112665, 0, 0
56278, 188849, 0, 0
56519, 433680, 0, 0
56752, 132986, 0, 0
57020, 77619, 0, 0
57290, 1052726, 0, 0
57544, 500942, 0, 0
57853, 73369, 0, 0
58020, 124967, 0, 0
58287, 2210468, 0, 0
58506, 694102, 0, 0
58839, 169060, 0, 0
59120, 143493, 0, 0
59288, 1308627, 0, 0
59517, 271765, 0, 0
59773, 366149, 0, 0
60008, 1865133, 0, 0
60812, 813297, 0, 0
60812, 922429, 0, 0
60812, 10439956, 0, 0
60812, 5683530, 0, 0
255, 188404, 0, 0
503, 323131, 0, 0
782, 303711, 0, 0
1004, 428064, 0, 0
1260, 534770, 0, 0
1509, 733347, 0, 0
1767, 360348, 0, 0
2000, 556100, 0, 0
2256, 498145, 0, 0
2533, 519990, 0, 0
2760, 866111, 0, 0
3007, 540343, 0, 0
3294, 524553, 0, 0
3500, 420110, 0, 0
3752, 315775, 0, 0
4037, 408951, 0, 0
4255, 522120, 0, 0
4526, 833989, 0, 0
4771, 216726, 0, 0
5036, 411117, 0, 0
5250, 476664, 0, 0
5517, 431764, 0, 0
5752, 311339, 0, 0
6019, 201858, 0, 0
6259, 645658, 0, 0
6502, 560997, 0, 0
6805, 377367, 0, 0
7048, 203172, 0, 0
7260, 565068, 0, 0
7500, 602229, 0, 0
7767, 299740, 0, 0
8024, 300666, 0, 0
8281, 135267, 0, 0
8555, 355078, 0, 0
8777, 842164, 0, 0
9015, 109464, 0, 0
9252, 1054286, 0, 0
9501, 157898, 0, 0
9832, 1049343, 0, 0
10044, 1346856, 0, 0
10252, 767938, 0, 0
10506, 620015, 0, 0
10779, 93289, 0, 0
11028, 367615, 0, 0
11258, 297997, 0, 0
11502, 256199, 0, 0
11758, 498495, 0, 0
12065, 685408, 0, 0
12286, 727187, 0, 0
12511, 91382, 0, 0
12792, 494265, 0, 0
13009, 331062, 0, 0
13250, 489877, 0, 0
13510, 460290, 0, 0
13750, 69343, 0, 0
14029, 880009, 0, 0
14254, 479908, 0, 0
14502, 397238, 0, 0
14799, 538764, 0, 0
15000, 730769, 0, 0
15255, 333529, 0, 0
15501, 80024, 0, 0
15845, 574208, 0, 0
16002, 1477976, 0, 0
16250, 448668, 0, 0
16501, 322235, 0, 0
16752, 453066, 0, 0
17001, 398105, 0, 0
17319, 280925, 0, 0
17501, 884653, 0, 0
17751, 596939, 0, 0
18082, 625305, 0, 0
18273, 125595, 0, 0
18519, 1113828, 0, 0
18757, 971490, 0, 0
19022, 137233, 0, 0
19258, 104970, 0, 0
19500, 854166, 0, 0
19803, 1259834, 0, 0
20007, 265267, 0, 0
20310, 739594, 0, 0
20544, 130971, 0, 0
20756, 274533, 0, 0
21006, 195376, 0, 0
21284, 877360, 0, 0
21522, 755610, 0, 0
21781, 889606, 0, 0
22047, 461908, 0, 0
22278, 172728, 0, 0
22533, 413613, 0, 0
22819, 868194, 0, 0
23005, 642938, 0, 0
23255, 464213, 0, 0
23511, 321365, 0, 0
23751, 118056, 0, 0
24016, 780074, 0, 0
24252, 799102, 0, 0
24502, 135778, 0, 0
24756, 674364, 0, 0
25017, 484111, 0, 0
25259, 184657, 0, 0
25501, 247425, 0, 0
25751, 134601, 0, 0
26002, 698378, 0, 0
26252, 427090, 0, 0
26512, 174421, 0, 0
26761, 838597, 0, 0
27020, 341382, 0, 0
27260, 910822, 0, 0
27516, 150865, 0, 0
27750, 119459, 0, 0
28001, 611318, 0, 0
28260, 162669, 0, 0
28516, 732780, 0, 0
28752, 499996, 0, 0
29002, 1538239, 0, 0
29297, 249603, 0, 0
29556, 868314, 0, 0
29757, 109765, 0, 0
30009, 1219895, 0, 0
30257, 2106105, 0, 0
30524, 1185934, 0, 0
30753, 1053081, 0, 0
31022, 798828, 0, 0
31250, 101638, 0, 0
31500, 80381, 0, 0
31762, 833716, 0, 0
32014, 675538, 0, 0
32258, 1598097, 0, 0
32503, 350153, 0, 0
32759, 518106, 0, 0
33015, 92488, 0, 0
33257, 1599782, 0, 0
33517, 403734, 0, 0
33818, 79660, 0, 0
34008, 458273, 0, 0
34277, 828150, 0, 0
34571, 400778, 0, 0
34771, 392574, 0, 0
35000, 291719, 0, 0
35254, 459288, 0, 0
35508, 443746, 0, 0
35766, 500165, 0, 0
36006, 529915, 0, 0
36255, 458750, 0, 0
36511, 565338, 0, 0
36760, 327956, 0, 0
37016, 475094, 0, 0
37253, 1073717, 0, 0
37517, 477995, 0, 0
37766, 35580, 0, 0
38004, 642255, 0, 0
38298, 351924, 0, 0
38512, 923306, 0, 0
38751, 1059834, 0, 0
39005, 98230, 0, 0
39333, 421680, 0, 0
39502, 821590, 0, 0
39756, 908397, 0, 0
40034, 307819, 0, 0
40250, 717176, 0, 0
40521, 742742, 0, 0
40786, 678237, 0, 0
41001, 474455, 0, 0
41267, 630745, 0, 0
41512, 136661, 0, 0
41750, 612372, 0, 0
42001, 403318, 0, 0
42268, 462842, 0, 0
42504, 243474, 0, 0
42763, 81272, 0, 0
43003, 1792927, 0, 0
43253, 70330, 0, 0
43505, 717222, 0, 0
43768, 88579, 0, 0
44004, 257229, 0, 0
44258, 115341, 0, 0
44505, 538248, 0, 0
44761, 179909, 0, 0
45019, 565132, 0, 0
45255, 481844, 0, 0
45512, 105618, 0, 0
45761, 420621, 0, 0
46015, 190323, 0, 0
46274, 1613701, 0, 0
46541, 481084, 0, 0
46783, 776714, 0, 0
47031, 502151, 0, 0
47253, 304853, 0, 0
47514, 911837, 0, 0
47751, 1260218, 0, 0
48001, 149261, 0, 0
48268, 400848, 0, 0
48501, 120051, 0, 0
48765, 246759, 0, 0
49006, 1160461, 0, 0
49253, 1000110, 0, 0
49516, 273654, 0, 0
49751, 344401, 0, 0
50002, 496870, 0, 0
50252, 80427, 0, 0
50508, 427754, 0, 0
50789, 134212, 0, 0
51000, 185906, 0, 0
51281, 351855, 0, 0
51509, 873304, 0, 0
51766, 353397, 0, 0
52038, 407427, 0, 0
52271, 210829, 0, 0
52508, 332556, 0, 0
52771, 422964, 0, 0
53002, 362380, 0, 0
53250, 293391, 0, 0
53500, 362723, 0, 0
53787, 323153, 0, 0
54040, 765664, 0, 0
54269, 822048, 0, 0
54508, 681084, 0, 0
54776, 280743, 0, 0
55010, 164002, 0, 0
55298, 149138, 0, 0
55502, 1324935, 0, 0
55766, 1189981, 0, 0
56014, 312289, 0, 0
56252, 208420, 0, 0
56583, 51855, 0, 0
56751, 1222832, 0, 0
57001, 1816135, 0, 0
57251, 725639, 0, 0
57514, 700830, 0, 0
57799, 391851, 0, 0
58041, 261062, 0, 0
58273, 153570, 0, 0
58504, 598477, 0, 0
58755, 92557, 0, 0
59004, 974105, 0, 0
59265, 561474, 0, 0
59501, 1175068, 0, 0
59756, 139130, 0, 0
60001, 100627, 0, 0
61276, 1519555, 0, 0
61276, 6136119, 0, 0
61276, 1425241, 0, 0
61276, 1349635, 0, 0
61276, 5976188, 0, 0
61276, 3354845, 0, 0
250, 141006, 0, 0
514, 275743, 0, 0
764, 271284, 0, 0
1011, 489686, 0, 0
1251, 419212, 0, 0
1505, 343998, 0, 0
1754, 592960, 0, 0
2006, 414983, 0, 0
2258, 397532, 0, 0
2506, 523338, 0, 0
2758, 490054, 0, 0
3025, 463699, 0, 0
3253, 401755, 0, 0
3529, 347430, 0, 0
3772, 323277, 0, 0
4005, 561499, 0, 0
4250, 764561, 0, 0
4502, 485612, 0, 0
4782, 333668, 0, 0
5037, 481080, 0, 0
5269, 1679647, 0, 0
5504, 657914, 0, 0
5762, 200715, 0, 0
6003, 506784, 0, 0
6269, 785204, 0, 0
6593, 234596, 0, 0
6754, 314456, 0, 0
7022, 418269, 0, 0
7288, 520150, 0, 0
7519, 523400, 0, 0
7762, 543469, 0, 0
8029, 594523, 0, 0
8252, 481123, 0, 0
8518, 336405, 0, 0
8751, 1000677, 0, 0
9029, 295807, 0, 0
9290, 155032, 0, 0
9506, 863439, 0, 0
9781, 1126799, 0, 0
10062, 1159989, 0, 0
10323, 417789, 0, 0
10506, 493054, 0, 0
10752, 388949, 0, 0
11007, 485413, 0, 0
11250, 599950, 0, 0
11532, 1227666, 0, 0
11818, 611732, 0, 0
12005, 614205, 0, 0
12283, 537838, 0, 0
12532, 898090, 0, 0
12763, 88367, 0, 0
13017, 124505, 0, 0
13258, 775885, 0, 0
13505, 441245, 0, 0
13759, 736653, 0, 0
14016, 564454, 0, 0
14259, 374769, 0, 0
14517, 309488, 0, 0
14758, 1113675, 0, 0
15001, 806251, 0, 0
15255, 590092, 0, 0
15509, 513630, 0, 0
15751, 1829017, 0, 0
16046, 940945, 0, 0
16291, 1709571, 0, 0
16526, 425170, 0, 0
16750, 81873, 0, 0
17019, 437784, 0, 0
17260, 238518, 0, 0
17508, 681516, 0, 0
17808, 2366630, 0, 0
18000, 630322, 0, 0
18263, 749358, 0, 0
18503, 955777, 0, 0
18764, 292640, 0, 0
19022, 442666, 0, 0
19262, 489698, 0, 0
19513, 340217, 0, 0
19766, 92051, 0, 0
20016, 574728, 0, 0
20310, 1162824, 0, 0
20507, 1188853, 0, 0
20762, 624470, 0, 0
21023, 828908, 0, 0
21256, 464421, 0, 0
21506, 644841, 0, 0
21761, 366171, 0, 0
22022, 215189, 0, 0
22250, 197119, 0, 0
22518, 780763, 0, 0
22768, 1005166, 0, 0
23012, 147349, 0, 0
23289, 928340, 0, 0
23519, 146301, 0, 0
23765, 767520, 0, 0
24019, 710992, 0, 0
24252, 718725, 0, 0
24502, 134247, 0, 0
24784, 442669, 0, 0
25017, 370842, 0, 0
25285, 636961, 0, 0
25501, 851051, 0, 0
25773, 117401, 0, 0
26029, 338741, 0, 0
26263, 473627, 0, 0
26515, 1550587, 0, 0
26752, 358601, 0, 0
27020, 117111, 0, 0
27258, 82204, 0, 0
27506, 88623, 0, 0
27775, 783215, 0, 0
28001, 425892, 0, 0
28310, 547542, 0, 0
28504, 549434, 0, 0
28760, 1036313, 0, 0
29005, 39780, 0, 0
29256, 598244, 0, 0
29502, 149405, 0, 0
29775, 725358, 0, 0
30029, 419735, 0, 0
30265, 463894, 0, 0
30549, 101886, 0, 0
30825, 637513, 0, 0
31022, 151762, 0, 0
31261, 976087, 0, 0
31541, 1176124, 0, 0
31766, 638252, 0, 0
32004, 672075, 0, 0
32263, 46872, 0, 0
32658, 1543071, 0, 0
32765, 1574123, 0, 0
33011, 779903, 0, 0
33294, 103518, 0, 0
33507, 384488, 0, 0
33752, 325233, 0, 0
34001, 587641, 0, 0
34260, 473017, 0, 0
34524, 484771, 0, 0
34755, 400547, 0, 0
35000, 548256, 0, 0
35259, 367509, 0, 0
35521, 132135, 0, 0
35759, 192704, 0, 0
36004, 431586, 0, 0
36304, 990760, 0, 0
36500, 1685829, 0, 0
36763, 420455, 0, 0
37002, 803266, 0, 0
37265, 823752, 0, 0
37578, 346065, 0, 0
37787, 756416, 0, 0
38009, 135303, 0, 0
38255, 494149, 0, 0
38527, 437591, 0, 0
38763, 119174, 0, 0
39033, 384174, 0, 0
39282, 111838, 0, 0
39505, 1194924, 0, 0
39769, 208361, 0, 0
40010, 1161770, 0, 0
40251, 559863, 0, 0
40530, 129258, 0, 0
40762, 673782, 0, 0
41037, 1788111, 0, 0
41255, 396639, 0, 0
41500, 760420, 0, 0
41867, 979063, 0, 0
42042, 160944, 0, 0
42290, 63630, 0, 0
42506, 821423, 0, 0
42759, 608801, 0, 0
43018, 809880, 0, 0
43285, 1878435, 0, 0
43518, 888927, 0, 0
43806, 435111, 0, 0
44040, 646461, 0, 0
44260, 570495, 0, 0
44507, 675017, 0, 0
44761, 512686, 0, 0
45001, 161713, 0, 0
45291, 409014, 0, 0
45517, 370043, 0, 0
45765, 1082202, 0, 0
46008, 582925, 0, 0
46274, 1222286, 0, 0
46521, 950232, 0, 0
46767, 739236, 0, 0
47005, 547359, 0, 0
47256, 736592, 0, 0
47511, 628821, 0, 0
47799, 240535, 0, 0
48035, 687040, 0, 0
48316, 469015, 0, 0
48676, 2851222, 0, 0
48847, 930451, 0, 0
49035, 129311, 0, 0
49334, 1863351, 0, 0
49560, 1048918, 0, 0
49750, 562963, 0, 0
50010, 389217, 0, 0
50313, 1068277, 0, 0
50501, 183167, 0, 0
50789, 932119, 0, 0
51042, 1000680, 0, 0
51250, 726767, 0, 0
51513, 839836, 0, 0
51850, 131904, 0, 0
52025, 158550, 0, 0
52283, 1023405, 0, 0
52505, 856476, 0, 0
52809, 391631, 0, 0
53025, 1396014, 0, 0
53298, 516947, 0, 0
53534, 1450255, 0, 0
53796, 91490, 0, 0
54009, 653138, 0, 0
54257, 125762, 0, 0
54519, 996188, 0, 0
54788, 105318, 0, 0
55025, 237850, 0, 0
55280, 187048, 0, 0
55502, 94423, 0, 0
55797, 527820, 0, 0
56006, 705633, 0, 0
56253, 745096, 0, 0
56506, 1387155, 0, 0
56755, 498582, 0, 0
57034, 569263, 0, 0
57252, 790512, 0, 0
57554, 1165385, 0, 0
57758, 622483, 0, 0
58030, 1271753, 0, 0
58256, 1166362, 0, 0
58515, 675501, 0, 0
58763, 878222, 0, 0
59052, 280229, 0, 0
59254, 77040, 0, 0
59501, 157069, 0, 0
59753, 393783, 0, 0
60039, 129510, 0, 0
61297, 5995853, 0, 0
61297, 1335856, 0, 0
61297, 1351907, 0, 0
61297, 5883598, 0, 0
61297, 5572095, 0, 0
61297, 3452120, 0, 0
280, 170391, 0, 0
510, 290348, 0, 0
751, 433495, 0, 0
1048, 373273, 0, 0
1252, 371280, 0, 0
1500, 356572, 0, 0
1754, 575336, 0, 0
2036, 631506, 0, 0
2253, 634643, 0, 0
2513, 586276, 0, 0
2758, 401513, 0, 0
3002, 433181, 0, 0
3260, 452101, 0, 0
3519, 583788, 0, 0
3751, 340686, 0, 0
4006, 501474, 0, 0
4257, 402674, 0, 0
4502, 362874, 0, 0
4762, 286505, 0, 0
5026, 280279, 0, 0
5258, 256852, 0, 0
5540, 471494, 0, 0
5756, 349768, 0, 0
6003, 331202, 0, 0
6314, 1021677, 0, 0
6520, 102818, 0, 0
6756, 454280, 0, 0
7001, 357571, 0, 0
7267, 339063, 0, 0
7510, 637731, 0, 0
7823, 620067, 0, 0
8000, 509455, 0, 0
8250, 380274, 0, 0
8508, 207618, 0, 0
8761, 449213, 0, 0
9003, 971803, 0, 0
9272, 716221, 0, 0
9509, 671446, 0, 0
9753, 227830, 0, 0
10001, 534881, 0, 0
10250, 472540, 0, 0
10502, 114492, 0, 0
10758, 131487, 0, 0
11012, 134737, 0, 0
11308, 605776, 0, 0
11504, 1402168, 0, 0
11753, 644031, 0, 0
12037, 370102, 0, 0
12270, 675033, 0, 0
12515, 542653, 0, 0
12769, 573084, 0, 0
13013, 257499, 0, 0
13299, 69284, 0, 0
13543, 560944, 0, 0
13779, 814469, 0, 0
14020, 617607, 0, 0
14262, 739015, 0, 0
14545, 629995, 0, 0
14758, 451537, 0, 0
15007, 794248, 0, 0
15315, 88642, 0, 0
15509, 711663, 0, 0
15782, 822940, 0, 0
16007, 365634, 0, 0
16289, 686572, 0, 0
16502, 530977, 0, 0
16811, 45818, 0, 0
17000, 1412308, 0, 0
17252, 233560, 0, 0
17512, 532093, 0, 0
17765, 283359, 0, 0
18028, 984390, 0, 0
18283, 130305, 0, 0
18501, 876117, 0, 0
18750, 581176, 0, 0
19029, 414923, 0, 0
19251, 399317, 0, 0
19502, 580291, 0, 0
19764, 516126, 0, 0
20004, 535469, 0, 0
20300, 568175, 0, 0
20502, 108848, 0, 0
20754, 449589, 0, 0
21004, 274782, 0, 0
21252, 202241, 0, 0
21501, 548667, 0, 0
21750, 331073, 0, 0
22013, 144474, 0, 0
22284, 625669, 0, 0
22518, 679185, 0, 0
22819, 224407, 0, 0
23139, 1335490, 0, 0
23347, 432883, 0, 0
23615, 1814206, 0, 0
23751, 156431, 0, 0
24019, 913871, 0, 0
24258, 1857092, 0, 0
24524, 1528880, 0, 0
24795, 77520, 0, 0
25066, 426824, 0, 0
25373, 2662634, 0, 0
25580, 184707, 0, 0
25879, 2019195, 0, 0
26020, 1018667, 0, 0
26273, 1160308, 0, 0
26508, 1094911, 0, 0
26756, 353166, 0, 0
27022, 887840, 0, 0
27270, 724342, 0, 0
27506, 138114, 0, 0
27802, 283671, 0, 0
28002, 650717, 0, 0
28260, 1235348, 0, 0
28504, 1074864, 0, 0
28832, 404185, 0, 0
29023, 411104, 0, 0
29262, 839304, 0, 0
29522, 316873, 0, 0
29760, 333409, 0, 0
30056, 892447, 0, 0
30252, 550563, 0, 0
30518, 1248691, 0, 0
30765, 56021, 0, 0
31011, 118865, 0, 0
31260, 677178, 0, 0
31512, 107722, 0, 0
31757, 512599, 0, 0
32006, 347838, 0, 0
32258, 283133, 0, 0
32554, 404308, 0, 0
32750, 415129, 0, 0
33014, 380456, 0, 0
33256, 594721, 0, 0
33506, 790864, 0, 0
33751, 266817, 0, 0
34006, 527301, 0, 0
34271, 375297, 0, 0
34509, 953413, 0, 0
34770, 120605, 0, 0
35000, 117971, 0, 0
35259, 452786, 0, 0
35514, 60786, 0, 0
35766, 82915, 0, 0
36010, 1484927, 0, 0
36291, 693879, 0, 0
36592, 442030, 0, 0
36772, 277097, 0, 0
37000, 1270193, 0, 0
37270, 1909855, 0, 0
37542, 1137217, 0, 0
37773, 160366, 0, 0
38026, 770857, 0, 0
38344, 2749390, 0, 0
38517, 1153049, 0, 0
38775, 633283, 0, 0
39047, 110773, 0, 0
39269, 1240517, 0, 0
39520, 556310, 0, 0
39756, 899272, 0, 0
40008, 699458, 0, 0
40258, 514788, 0, 0
40511, 509819, 0, 0
40752, 96132, 0, 0
41023, 588786, 0, 0
41292, 110736, 0, 0
41501, 47856, 0, 0
41762, 2268877, 0, 0
42001, 722535, 0, 0
42255, 136106, 0, 0
42527, 1193997, 0, 0
42781, 709505, 0, 0
43029, 101502, 0, 0
43295, 100889, 0, 0
43518, 192136, 0, 0
43765, 1117964, 0, 0
44016, 323789, 0, 0
44270, 452658, 0, 0
44564, 894192, 0, 0
44754, 1944963, 0, 0
45052, 870875, 0, 0
45275, 1315162, 0, 0
45509, 576413, 0, 0
45761, 1054013, 0, 0
46003, 1062189, 0, 0
46281, 510610, 0, 0
46507, 814094, 0, 0
46752, 536867, 0, 0
47010, 589545, 0, 0
47264, 1242663, 0, 0
47505, 560652, 0, 0
47757, 234503, 0, 0
48001, 369548, 0, 0
48253, 322271, 0, 0
48515, 116313, 0, 0
48779, 94663, 0, 0
49007, 979137, 0, 0
49253, 573689, 0, 0
49523, 564570, 0, 0
49777, 1746209, 0, 0
50002, 258038, 0, 0
50254, 719847, 0, 0
50508, 46935, 0, 0
50762, 1388337, 0, 0
51005, 302406, 0, 0
51250, 463237, 0, 0
51568, 94507, 0, 0
51750, 3892410, 0, 0
52004, 444281, 0, 0
52251, 210614, 0, 0
52502, 159761, 0, 0
52773, 611899, 0, 0
53008, 797978, 0, 0
53359, 377630, 0, 0
53515, 2100319, 0, 0
53757, 992024, 0, 0
54004, 993935, 0, 0
54265, 595341, 0, 0
54559, 1343678, 0, 0
54754, 946290, 0, 0
55016, 1681708, 0, 0
55269, 894708, 0, 0
55507, 519620, 0, 0
55759, 1209459, 0, 0
56025, 505506, 0, 0
56254, 489835, 0, 0
56512, 768273, 0, 0
56755, 144925, 0, 0
57069, 687336, 0, 0
57256, 933152, 0, 0
57502, 101074, 0, 0
57777, 686076, 0, 0
58000, 402163, 0, 0
58255, 494175, 0, 0
58511, 429997, 0, 0
58753, 76630, 0, 0
59016, 1057749, 0, 0
59290, 1374941, 0, 0
59505, 691863, 0, 0
59756, 803277, 0, 0
60039, 68716, 0, 0
61310, 1380067, 0, 0
61310, 1352657, 0, 0
61310, 5983125, 0, 0
61310, 5958070, 0, 0
61310, 5860501, 0, 0
61310, 3402592, 0, 0
254, 209177, 0, 0
504, 221512, 0, 0
784, 281183, 0, 0
1019, 435828, 0, 0
1281, 515638, 0, 0
1589, 330143, 0, 0
1767, 581625, 0, 0
2005, 426907, 0, 0
2262, 539458, 0, 0
2513, 578263, 0, 0
2770, 351744, 0, 0
3010, 347031, 0, 0
3273, 640824, 0, 0
3500, 409433, 0, 0
3753, 546671, 0, 0
4007, 496801, 0, 0
4255, 401090, 0, 0
4512, 312473, 0, 0
4756, 251212, 0, 0
5015, 322725, 0, 0
5258, 598639, 0, 0
5506, 266360, 0, 0
5754, 649648, 0, 0
6008, 259572, 0, 0
6256, 336934, 0, 0
6505, 391428, 0, 0
6760, 146655, 0, 0
7001, 558072, 0, 0
7255, 691532, 0, 0
7566, 521835, 0, 0
7751, 533747, 0, 0
8004, 640747, 0, 0
8262, 134810, 0, 0
8508, 757433, 0, 0
8751, 200728, 0, 0
9013, 592606, 0, 0
9276, 371142, 0, 0
9541, 196365, 0, 0
9753, 554936, 0, 0
10050, 209301, 0, 0
10260, 557345, 0, 0
10506, 312505, 0, 0
10751, 1041132, 0, 0
11008, 140146, 0, 0
11271, 738626, 0, 0
11542, 382809, 0, 0
11758, 125961, 0, 0
12044, 1030030, 0, 0
12264, 736319, 0, 0
12503, 292576, 0, 0
12769, 559403, 0, 0
13043, 288327, 0, 0
13274, 65078, 0, 0
13501, 889640, 0, 0
13759, 470994, 0, 0
14000, 329058, 0, 0
14262, 488012, 0, 0
14500, 275629, 0, 0
14775, 618583, 0, 0
15020, 503121, 0, 0
15258, 628083, 0, 0
15501, 350658, 0, 0
15765, 346304, 0, 0
16015, 481202, 0, 0
16250, 228686, 0, 0
16504, 373194, 0, 0
16761, 937198, 0, 0
17046, 2474501, 0, 0
17276, 1897951, 0, 0
17526, 895408, 0, 0
17760, 278474, 0, 0
18050, 478179, 0, 0
18273, 729910, 0, 0
18557, 153198, 0, 0
18768, 858742, 0, 0
19009, 139215, 0, 0
19259, 875642, 0, 0
19606, 636682, 0, 0
19751, 89817, 0, 0
20019, 629285, 0, 0
20251, 223305, 0, 0
20756, 1483907, 0, 0
20771, 5195123, 0, 0
21023, 2761002, 0, 0
21252, 1563625, 0, 0
21517, 1252341, 0, 0
21757, 255377, 0, 0
22009, 409639, 0, 0
22256, 912094, 0, 0
22501, 274359, 0, 0
22775, 478670, 0, 0
23009, 1188773, 0, 0
23250, 451477, 0, 0
23506, 149244, 0, 0
23782, 337949, 0, 0
24004, 183659, 0, 0
24251, 187735, 0, 0
24533, 932464, 0, 0
24767, 608475, 0, 0
25017, 326029, 0, 0
25255, 535792, 0, 0
25528, 335613, 0, 0
25765, 609410, 0, 0
26020, 474610, 0, 0
26263, 126478, 0, 0
26512, 252683, 0, 0
26920, 122965, 0, 0
27020, 250007, 0, 0
27257, 409738, 0, 0
27628, 1161679, 0, 0
28048, 738531, 0, 0
28048, 654827, 0, 0
28254, 1026630, 0, 0
28599, 103764, 0, 0
28752, 1459627, 0, 0
29001, 1667669, 0, 0
29250, 463390, 0, 0
29525, 144704, 0, 0
29757, 106921, 0, 0
30007, 540024, 0, 0
30252, 387455, 0, 0
30508, 831279, 0, 0
30764, 480822, 0, 0
31004, 384536, 0, 0
31263, 336355, 0, 0
31512, 82528, 0, 0
31754, 497503, 0, 0
32043, 1907460, 0, 0
32292, 107423, 0, 0
32521, 767693, 0, 0
32759, 543600, 0, 0
33011, 503983, 0, 0
33280, 48102, 0, 0
33602, 995054, 0, 0
33769, 1036604, 0, 0
34008, 58427, 0, 0
34272, 1715459, 0, 0
34545, 1076018, 0, 0
34754, 578310, 0, 0
35014, 272941, 0, 0
35253, 607588, 0, 0
35502, 555225, 0, 0
35752, 227373, 0, 0
36006, 357292, 0, 0
36255, 385573, 0, 0
36520, 427773, 0, 0
36760, 753769, 0, 0
37018, 112048, 0, 0
37272, 635018, 0, 0
37507, 502555, 0, 0
37778, 421756, 0, 0
38051, 632274, 0, 0
38256, 749520, 0, 0
38502, 138034, 0, 0
38763, 228469, 0, 0
39017, 474993, 0, 0
39252, 309403, 0, 0
39500, 354341, 0, 0
39753, 489348, 0, 0
40064, 1749424, 0, 0
40251, 870905, 0, 0
40506, 1308935, 0, 0
40755, 687723, 0, 0
41079, 133556, 0, 0
41281, 1572497, 0, 0
41507, 479003, 0, 0
41750, 974271, 0, 0
42018, 421598, 0, 0
42311, 769440, 0, 0
42525, 1060157, 0, 0
42774, 899925, 0, 0
43029, 396414, 0, 0
43267, 873290, 0, 0
43509, 1198501, 0, 0
43756, 841935, 0, 0
44046, 1099042, 0, 0
44258, 745109, 0, 0
44533, 504860, 0, 0
44770, 198501, 0, 0
45004, 672284, 0, 0
45254, 479660, 0, 0
45512, 448371, 0, 0
45755, 94864, 0, 0
46050, 101904, 0, 0
46292, 181785, 0, 0
46510, 589437, 0, 0
46752, 914740, 0, 0
47081, 1400294, 0, 0
47279, 813524, 0, 0
47506, 429638, 0, 0
47816, 604622, 0, 0
48001, 598179, 0, 0
48266, 619560, 0, 0
48501, 87726, 0, 0
48753, 310151, 0, 0
49006, 269278, 0, 0
49253, 381074, 0, 0
49509, 105838, 0, 0
49769, 160070, 0, 0
50002, 158352, 0, 0
50281, 147483, 0, 0
50508, 722171, 0, 0
50750, 452691, 0, 0
51003, 550377, 0, 0
51250, 1514174, 0, 0
51559, 336136, 0, 0
51757, 82574, 0, 0
52008, 593788, 0, 0
52259, 343706, 0, 0
52556, 159097, 0, 0
52761, 467599, 0, 0
53033, 151980, 0, 0
53261, 697847, 0, 0
53503, 573650, 0, 0
53757, 418798, 0, 0
54026, 367206, 0, 0
54262, 772573, 0, 0
54519, 269775, 0, 0
54754, 661775, 0, 0
55011, 456380, 0, 0
55251, 143128, 0, 0
55510, 444111, 0, 0
55787, 69863, 0, 0
56006, 473505, 0, 0
56258, 702307, 0, 0
56511, 87871, 0, 0
56785, 458676, 0, 0
57007, 668070, 0, 0
57262, 642473, 0, 0
57526, 126927, 0, 0
57763, 71778, 0, 0
58060, 539613, 0, 0
58253, 1260851, 0, 0
58551, 1247192, 0, 0
58782, 755047, 0, 0
59009, 1451545, 0, 0
59258, 614542, 0, 0
59509, 774871, 0, 0
59760, 292249, 0, 0
60000, 490938, 0, 0
61325, 1345756, 0, 0
61325, 1327328, 0, 0
61325, 1565487, 0, 0
61325, 6160754, 0, 0
61325, 1463645, 0, 0
61325, 3849175, 0, 0
