1377, 5, 0, 0
1627, 18, 0, 0
1877, 15, 0, 0
2127, 18, 0, 0
2377, 15, 0, 0
2627, 18, 0, 0
2877, 13, 0, 0
3127, 15, 0, 0
3377, 13, 0, 0
3627, 21, 0, 0
3877, 10, 0, 0
4128, 10, 0, 0
4378, 10, 0, 0
4628, 13, 0, 0
4878, 21, 0, 0
5128, 10, 0, 0
5378, 13, 0, 0
5628, 15, 0, 0
5878, 10, 0, 0
6128, 7, 0, 0
6378, 7, 0, 0
6628, 21, 0, 0
6878, 7, 0, 0
7129, 7, 0, 0
7379, 13, 0, 0
7629, 18, 0, 0
7879, 10, 0, 0
8129, 13, 0, 0
8379, 15, 0, 0
8629, 10, 0, 0
8879, 13, 0, 0
9129, 18, 0, 0
9379, 18, 0, 0
9629, 13, 0, 0
9880, 10, 0, 0
10130, 18, 0, 0
10380, 13, 0, 0
10630, 7, 0, 0
10880, 5, 0, 0
11130, 10, 0, 0
11380, 18, 0, 0
11630, 18, 0, 0
11880, 21, 0, 0
12130, 15, 0, 0
12380, 21, 0, 0
12631, 18, 0, 0
12881, 20, 0, 0
13131, 18, 0, 0
13381, 20, 0, 0
13631, 20, 0, 0
13881, 15, 0, 0
14131, 15, 0, 0
14381, 20, 0, 0
14631, 18, 0, 0
14881, 23, 0, 0
15131, 18, 0, 0
15381, 18, 0, 0
15632, 20, 0, 0
15882, 15, 0, 0
16132, 15, 0, 0
16382, 20, 0, 0
16632, 15, 0, 0
16882, 20, 0, 0
17132, 18, 0, 0
17382, 20, 0, 0
17632, 18, 0, 0
17882, 15, 0, 0
18132, 20, 0, 0
18382, 18, 0, 0
18633, 28, 0, 0
18883, 18, 0, 0
19133, 15, 0, 0
19383, 15, 0, 0
19633, 20, 0, 0
19883, 18, 0, 0
20133, 13, 0, 0
20383, 15, 0, 0
20633, 20, 0, 0
20883, 13, 0, 0
21133, 15, 0, 0
21384, 18, 0, 0
21634, 20, 0, 0
21884, 15, 0, 0
22134, 18, 0, 0
22384, 20, 0, 0
22634, 13, 0, 0
22884, 23, 0, 0
23134, 20, 0, 0
23384, 13, 0, 0
23634, 18, 0, 0
23884, 15, 0, 0
24135, 18, 0, 0
24385, 20, 0, 0
24635, 20, 0, 0
24885, 18, 0, 0
25135, 18, 0, 0
25385, 23, 0, 0
25635, 15, 0, 0
25885, 18, 0, 0
26135, 20, 0, 0
26385, 20, 0, 0
26635, 23, 0, 0
26885, 20, 0, 0
27136, 18, 0, 0
27386, 20, 0, 0
27636, 23, 0, 0
27886, 18, 0, 0
28136, 18, 0, 0
28386, 18, 0, 0
28636, 18, 0, 0
28886, 20, 0, 0
29136, 15, 0, 0
29386, 20, 0, 0
29636, 20, 0, 0
29887, 20, 0, 0
30137, 18, 0, 0
30387, 18, 0, 0
30637, 23, 0, 0
30887, 12, 0, 0
31137, 18, 0, 0
31387, 20, 0, 0
31637, 18, 0, 0
31887, 23, 0, 0
32137, 18, 0, 0
32387, 20, 0, 0
32637, 18, 0, 0
32888, 18, 0, 0
33138, 20, 0, 0
33388, 20, 0, 0
33638, 18, 0, 0
33888, 15, 0, 0
34138, 15, 0, 0
34388, 18, 0, 0
34638, 12, 0, 0
34888, 23, 0, 0
35138, 18, 0, 0
35388, 18, 0, 0
35639, 25, 0, 0
35889, 17, 0, 0
36139, 17, 0, 0
36389, 17, 0, 0
36639, 17, 0, 0
36889, 5, 0, 0
37139, 15, 0, 0
37389, 17, 0, 0
37639, 20, 0, 0
37889, 17, 0, 0
38139, 20, 0, 0
38389, 25, 0, 0
38640, 17, 0, 0
38890, 15, 0, 0
39140, 17, 0, 0
39390, 12, 0, 0
39640, 23, 0, 0
39890, 17, 0, 0
40140, 15, 0, 0
40390, 15, 0, 0
40640, 17, 0, 0
40890, 23, 0, 0
41140, 20, 0, 0
41391, 20, 0, 0
41641, 20, 0, 0
41891, 17, 0, 0
42141, 20, 0, 0
42391, 17, 0, 0
42641, 17, 0, 0
42891, 20, 0, 0
43141, 17, 0, 0
43391, 23, 0, 0
43641, 23, 0, 0
43891, 20, 0, 0
44141, 12, 0, 0
44392, 12, 0, 0
44642, 20, 0, 0
44892, 12, 0, 0
45142, 22, 0, 0
45392, 20, 0, 0
45642, 22, 0, 0
45892, 12, 0, 0
46142, 15, 0, 0
46392, 17, 0, 0
46642, 20, 0, 0
46892, 15, 0, 0
47143, 15, 0, 0
47393, 20, 0, 0
47643, 15, 0, 0
47893, 10, 0, 0
48143, 22, 0, 0
48393, 17, 0, 0
48643, 12, 0, 0
48893, 20, 0, 0
49143, 15, 0, 0
49393, 22, 0, 0
49643, 15, 0, 0
49893, 20, 0, 0
50144, 17, 0, 0
50394, 17, 0, 0
50644, 17, 0, 0
50894, 17, 0, 0
51144, 17, 0, 0
51394, 22, 0, 0
51644, 20, 0, 0
51894, 22, 0, 0
52144, 20, 0, 0
52394, 17, 0, 0
52644, 22, 0, 0
52895, 17, 0, 0
53145, 17, 0, 0
53395, 22, 0, 0
53645, 17, 0, 0
53895, 20, 0, 0
54145, 17, 0, 0
54395, 17, 0, 0
54645, 17, 0, 0
54895, 20, 0, 0
55145, 25, 0, 0
55395, 20, 0, 0
55645, 17, 0, 0
55896, 15, 0, 0
56146, 20, 0, 0
56396, 20, 0, 0
56646, 20, 0, 0
56896, 20, 0, 0
57146, 22, 0, 0
57396, 17, 0, 0
57646, 20, 0, 0
57896, 20, 0, 0
58146, 17, 0, 0
58396, 17, 0, 0
58647, 12, 0, 0
58897, 20, 0, 0
59147, 15, 0, 0
59397, 20, 0, 0
59647, 17, 0, 0
59897, 25, 0, 0
2071, 9, 0, 0
2321, 15, 0, 0
2571, 12, 0, 0
2821, 12, 0, 0
3071, 15, 0, 0
3321, 12, 0, 0
3571, 9, 0, 0
3822, 12, 0, 0
4072, 12, 0, 0
4322, 12, 0, 0
4572, 15, 0, 0
4822, 12, 0, 0
5072, 15, 0, 0
5322, 12, 0, 0
5572, 12, 0, 0
5822, 15, 0, 0
6072, 12, 0, 0
6322, 12, 0, 0
6572, 12, 0, 0
6823, 12, 0, 0
7073, 9, 0, 0
7323, 15, 0, 0
7573, 12, 0, 0
7823, 12, 0, 0
8073, 12, 0, 0
8323, 12, 0, 0
8573, 12, 0, 0
8823, 12, 0, 0
9073, 15, 0, 0
9323, 9, 0, 0
9574, 9, 0, 0
9824, 12, 0, 0
10074, 12, 0, 0
10324, 9, 0, 0
10574, 12, 0, 0
10824, 9, 0, 0
11074, 9, 0, 0
11324, 12, 0, 0
11574, 12, 0, 0
11824, 15, 0, 0
12074, 15, 0, 0
12325, 9, 0, 0
12575, 15, 0, 0
12825, 9, 0, 0
13075, 15, 0, 0
13325, 12, 0, 0
13575, 15, 0, 0
13825, 9, 0, 0
14075, 12, 0, 0
14325, 15, 0, 0
14575, 9, 0, 0
14825, 12, 0, 0
15075, 12, 0, 0
15326, 12, 0, 0
15576, 12, 0, 0
15826, 15, 0, 0
16076, 9, 0, 0
16326, 12, 0, 0
16576, 12, 0, 0
16826, 18, 0, 0
17076, 15, 0, 0
17326, 9, 0, 0
17576, 12, 0, 0
17826, 9, 0, 0
18077, 9, 0, 0
18327, 12, 0, 0
18577, 12, 0, 0
18827, 12, 0, 0
19077, 9, 0, 0
19327, 15, 0, 0
19577, 12, 0, 0
19827, 12, 0, 0
20077, 15, 0, 0
20327, 12, 0, 0
20577, 21, 0, 0
20827, 12, 0, 0
21078, 9, 0, 0
21328, 12, 0, 0
21578, 15, 0, 0
21828, 6, 0, 0
22078, 12, 0, 0
22328, 15, 0, 0
22578, 9, 0, 0
22828, 15, 0, 0
23078, 9, 0, 0
23328, 12, 0, 0
23578, 12, 0, 0
23829, 9, 0, 0
24079, 9, 0, 0
24329, 9, 0, 0
24579, 9, 0, 0
24829, 12, 0, 0
25079, 15, 0, 0
25329, 21, 0, 0
25579, 18, 0, 0
25829, 18, 0, 0
26079, 18, 0, 0
26329, 18, 0, 0
26579, 18, 0, 0
26830, 18, 0, 0
27080, 12, 0, 0
27330, 15, 0, 0
27580, 21, 0, 0
27830, 15, 0, 0
28080, 12, 0, 0
28330, 18, 0, 0
28580, 18, 0, 0
28830, 15, 0, 0
29080, 18, 0, 0
29330, 18, 0, 0
29581, 24, 0, 0
29831, 15, 0, 0
30081, 21, 0, 0
30331, 18, 0, 0
30581, 21, 0, 0
30831, 15, 0, 0
31081, 21, 0, 0
31331, 18, 0, 0
31581, 21, 0, 0
31831, 18, 0, 0
32081, 12, 0, 0
32331, 15, 0, 0
32582, 15, 0, 0
32832, 18, 0, 0
33082, 18, 0, 0
33332, 15, 0, 0
33582, 18, 0, 0
33832, 18, 0, 0
34082, 12, 0, 0
34332, 18, 0, 0
34582, 18, 0, 0
34832, 21, 0, 0
35082, 15, 0, 0
35333, 18, 0, 0
35583, 21, 0, 0
35833, 18, 0, 0
36083, 18, 0, 0
36333, 18, 0, 0
36583, 18, 0, 0
36833, 21, 0, 0
37083, 18, 0, 0
37333, 12, 0, 0
37583, 21, 0, 0
37833, 12, 0, 0
38083, 21, 0, 0
38334, 17, 0, 0
38584, 20, 0, 0
38834, 14, 0, 0
39084, 11, 0, 0
39334, 17, 0, 0
39584, 20, 0, 0
39834, 17, 0, 0
40084, 14, 0, 0
40334, 14, 0, 0
40584, 17, 0, 0
40834, 14, 0, 0
41084, 14, 0, 0
41335, 17, 0, 0
41585, 11, 0, 0
41835, 17, 0, 0
42085, 14, 0, 0
42335, 20, 0, 0
42585, 17, 0, 0
42835, 17, 0, 0
43085, 17, 0, 0
43335, 14, 0, 0
43585, 20, 0, 0
43835, 14, 0, 0
44086, 17, 0, 0
44336, 8, 0, 0
44586, 14, 0, 0
44836, 17, 0, 0
45086, 14, 0, 0
45336, 17, 0, 0
45586, 14, 0, 0
45836, 11, 0, 0
46086, 17, 0, 0
46336, 14, 0, 0
46586, 14, 0, 0
46837, 20, 0, 0
47087, 17, 0, 0
47337, 17, 0, 0
47587, 17, 0, 0
47837, 17, 0, 0
48087, 11, 0, 0
48337, 20, 0, 0
48587, 20, 0, 0
48837, 14, 0, 0
49087, 17, 0, 0
49337, 20, 0, 0
49587, 11, 0, 0
49838, 14, 0, 0
50088, 17, 0, 0
50338, 14, 0, 0
50588, 20, 0, 0
50838, 17, 0, 0
51088, 17, 0, 0
51338, 14, 0, 0
51588, 17, 0, 0
51838, 14, 0, 0
52088, 14, 0, 0
52338, 11, 0, 0
52589, 20, 0, 0
52839, 17, 0, 0
53089, 20, 0, 0
53339, 23, 0, 0
53589, 17, 0, 0
53839, 14, 0, 0
54089, 20, 0, 0
54339, 17, 0, 0
54589, 14, 0, 0
54839, 20, 0, 0
55089, 17, 0, 0
55340, 14, 0, 0
55590, 14, 0, 0
55840, 14, 0, 0
56090, 14, 0, 0
56340, 20, 0, 0
56590, 11, 0, 0
56840, 17, 0, 0
57090, 17, 0, 0
57340, 17, 0, 0
57590, 14, 0, 0
57840, 11, 0, 0
58090, 8, 0, 0
58341, 14, 0, 0
58591, 20, 0, 0
58841, 17, 0, 0
59091, 14, 0, 0
59341, 17, 0, 0
59591, 20, 0, 0
59841, 17, 0, 0
2015, 15, 0, 0
2265, 15, 0, 0
2515, 7, 0, 0
2765, 18, 0, 0
3015, 18, 0, 0
3265, 11, 0, 0
3515, 18, 0, 0
3766, 15, 0, 0
4016, 11, 0, 0
4266, 11, 0, 0
4516, 15, 0, 0
4766, 11, 0, 0
5016, 11, 0, 0
5266, 11, 0, 0
5516, 11, 0, 0
5766, 15, 0, 0
6016, 7, 0, 0
6266, 15, 0, 0
6516, 15, 0, 0
6767, 22, 0, 0
7017, 14, 0, 0
7267, 14, 0, 0
7517, 18, 0, 0
7767, 22, 0, 0
8017, 14, 0, 0
8267, 14, 0, 0
8517, 18, 0, 0
8767, 14, 0, 0
9017, 14, 0, 0
9267, 18, 0, 0
9518, 14, 0, 0
9768, 14, 0, 0
10018, 14, 0, 0
10268, 11, 0, 0
10518, 14, 0, 0
10768, 14, 0, 0
11018, 11, 0, 0
11268, 7, 0, 0
11518, 14, 0, 0
11768, 14, 0, 0
12018, 11, 0, 0
12268, 14, 0, 0
12519, 11, 0, 0
12769, 14, 0, 0
13019, 11, 0, 0
13269, 11, 0, 0
13519, 14, 0, 0
13769, 7, 0, 0
14019, 11, 0, 0
14269, 11, 0, 0
14519, 14, 0, 0
14769, 11, 0, 0
15019, 11, 0, 0
15270, 14, 0, 0
15520, 14, 0, 0
15770, 11, 0, 0
16020, 14, 0, 0
16270, 11, 0, 0
16520, 18, 0, 0
16770, 18, 0, 0
17020, 7, 0, 0
17270, 14, 0, 0
17520, 14, 0, 0
17770, 14, 0, 0
18021, 14, 0, 0
18271, 14, 0, 0
18521, 11, 0, 0
18771, 18, 0, 0
19021, 11, 0, 0
19271, 11, 0, 0
19521, 11, 0, 0
19771, 14, 0, 0
20022, 11, 0, 0
20271, 14, 0, 0
20521, 18, 0, 0
20771, 11, 0, 0
21022, 14, 0, 0
21272, 11, 0, 0
21522, 14, 0, 0
21772, 18, 0, 0
22022, 14, 0, 0
22272, 14, 0, 0
22522, 11, 0, 0
22772, 18, 0, 0
23022, 14, 0, 0
23272, 14, 0, 0
23522, 14, 0, 0
23773, 10, 0, 0
24023, 14, 0, 0
24273, 10, 0, 0
24523, 10, 0, 0
24773, 14, 0, 0
25023, 18, 0, 0
25273, 14, 0, 0
25523, 14, 0, 0
25773, 10, 0, 0
26023, 10, 0, 0
26273, 14, 0, 0
26523, 10, 0, 0
26774, 21, 0, 0
27024, 18, 0, 0
27274, 21, 0, 0
27524, 18, 0, 0
27774, 18, 0, 0
28024, 25, 0, 0
28274, 14, 0, 0
28524, 21, 0, 0
28774, 14, 0, 0
29024, 18, 0, 0
29274, 25, 0, 0
29524, 18, 0, 0
29775, 18, 0, 0
30025, 14, 0, 0
30275, 25, 0, 0
30525, 14, 0, 0
30775, 18, 0, 0
31025, 21, 0, 0
31275, 10, 0, 0
31525, 21, 0, 0
31775, 21, 0, 0
32025, 18, 0, 0
32275, 21, 0, 0
32526, 21, 0, 0
32776, 21, 0, 0
33026, 14, 0, 0
33276, 18, 0, 0
33526, 18, 0, 0
33776, 18, 0, 0
34026, 18, 0, 0
34276, 21, 0, 0
34526, 25, 0, 0
34776, 14, 0, 0
35026, 25, 0, 0
35277, 21, 0, 0
35527, 21, 0, 0
35777, 18, 0, 0
36027, 14, 0, 0
36277, 25, 0, 0
36527, 18, 0, 0
36777, 14, 0, 0
37027, 21, 0, 0
37277, 21, 0, 0
37527, 18, 0, 0
37777, 21, 0, 0
38027, 18, 0, 0
38278, 21, 0, 0
38528, 17, 0, 0
38778, 14, 0, 0
39028, 17, 0, 0
39278, 21, 0, 0
39528, 17, 0, 0
39778, 17, 0, 0
40028, 21, 0, 0
40278, 17, 0, 0
40528, 21, 0, 0
40778, 17, 0, 0
41029, 17, 0, 0
41279, 21, 0, 0
41529, 14, 0, 0
41779, 21, 0, 0
42029, 17, 0, 0
42279, 25, 0, 0
42529, 17, 0, 0
42779, 17, 0, 0
43029, 17, 0, 0
43279, 21, 0, 0
43529, 17, 0, 0
43779, 14, 0, 0
44030, 17, 0, 0
44280, 17, 0, 0
44530, 14, 0, 0
44780, 17, 0, 0
45030, 21, 0, 0
45280, 17, 0, 0
45530, 17, 0, 0
45780, 14, 0, 0
46030, 14, 0, 0
46280, 21, 0, 0
46530, 25, 0, 0
46781, 24, 0, 0
47031, 21, 0, 0
47281, 21, 0, 0
47531, 17, 0, 0
47781, 14, 0, 0
48031, 17, 0, 0
48281, 17, 0, 0
48531, 17, 0, 0
48781, 14, 0, 0
49031, 21, 0, 0
49281, 14, 0, 0
49531, 24, 0, 0
49782, 17, 0, 0
50032, 21, 0, 0
50282, 14, 0, 0
50532, 17, 0, 0
50782, 24, 0, 0
51032, 14, 0, 0
51282, 21, 0, 0
51532, 17, 0, 0
51782, 14, 0, 0
52032, 17, 0, 0
52282, 14, 0, 0
52532, 21, 0, 0
52783, 17, 0, 0
53033, 17, 0, 0
53283, 21, 0, 0
53533, 24, 0, 0
53783, 17, 0, 0
54033, 17, 0, 0
54283, 17, 0, 0
54533, 17, 0, 0
54783, 10, 0, 0
55033, 24, 0, 0
55283, 21, 0, 0
55534, 24, 0, 0
55784, 17, 0, 0
56034, 21, 0, 0
56284, 17, 0, 0
56534, 17, 0, 0
56784, 24, 0, 0
57034, 17, 0, 0
57284, 17, 0, 0
57534, 21, 0, 0
57784, 21, 0, 0
58034, 17, 0, 0
58285, 17, 0, 0
58535, 21, 0, 0
58785, 17, 0, 0
59035, 24, 0, 0
59285, 21, 0, 0
59535, 24, 0, 0
59785, 17, 0, 0
60035, 14, 0, 0
