1377, 5432, 0, 0
1627, 19013, 0, 0
1877, 16297, 0, 0
2127, 19013, 0, 0
2377, 16297, 0, 0
2627, 19013, 0, 0
2877, 13580, 0, 0
3127, 16297, 0, 0
3377, 13580, 0, 0
3627, 21729, 0, 0
3877, 10864, 0, 0
4128, 10835, 0, 0
4378, 10835, 0, 0
4628, 13544, 0, 0
4878, 21671, 0, 0
5128, 10835, 0, 0
5378, 13544, 0, 0
5628, 16253, 0, 0
5878, 10835, 0, 0
6128, 8126, 0, 0
6378, 8126, 0, 0
6628, 21671, 0, 0
6878, 8126, 0, 0
7129, 8105, 0, 0
7379, 13509, 0, 0
7629, 18912, 0, 0
7879, 10807, 0, 0
8129, 13509, 0, 0
8379, 16211, 0, 0
8629, 10807, 0, 0
8879, 13509, 0, 0
9129, 18912, 0, 0
9379, 18912, 0, 0
9629, 13509, 0, 0
9880, 10778, 0, 0
10130, 18863, 0, 0
10380, 13473, 0, 0
10630, 8084, 0, 0
10880, 5389, 0, 0
11130, 10778, 0, 0
11380, 18863, 0, 0
11630, 18863, 0, 0
11880, 21557, 0, 0
12130, 16168, 0, 0
12380, 21557, 0, 0
12631, 18813, 0, 0
12881, 21501, 0, 0
13131, 18813, 0, 0
13381, 21501, 0, 0
13631, 21501, 0, 0
13881, 16125, 0, 0
14131, 16125, 0, 0
14381, 21501, 0, 0
14631, 18813, 0, 0
14881, 24188, 0, 0
15131, 18813, 0, 0
15381, 18813, 0, 0
15632, 21445, 0, 0
15882, 16083, 0, 0
16132, 16083, 0, 0
16382, 21445, 0, 0
16632, 16083, 0, 0
16882, 21445, 0, 0
17132, 18764, 0, 0
17382, 21445, 0, 0
17632, 18764, 0, 0
17882, 16083, 0, 0
18132, 21445, 0, 0
18382, 18764, 0, 0
18633, 29409, 0, 0
18883, 18715, 0, 0
19133, 16041, 0, 0
19383, 16041, 0, 0
19633, 21389, 0, 0
19883, 18715, 0, 0
20133, 13368, 0, 0
20383, 16041, 0, 0
20633, 21389, 0, 0
20883, 13368, 0, 0
21133, 16041, 0, 0
21384, 18666, 0, 0
21634, 21333, 0, 0
21884, 16000, 0, 0
22134, 18666, 0, 0
22384, 21333, 0, 0
22634, 13333, 0, 0
22884, 24000, 0, 0
23134, 21333, 0, 0
23384, 13333, 0, 0
23634, 18666, 0, 0
23884, 16000, 0, 0
24135, 18618, 0, 0
24385, 21277, 0, 0
24635, 21277, 0, 0
24885, 18618, 0, 0
25135, 18618, 0, 0
25385, 23937, 0, 0
25635, 15958, 0, 0
25885, 18618, 0, 0
26135, 21277, 0, 0
26385, 21277, 0, 0
26635, 23937, 0, 0
26885, 21277, 0, 0
27136, 18569, 0, 0
27386, 21222, 0, 0
27636, 23875, 0, 0
27886, 18569, 0, 0
28136, 18569, 0, 0
28386, 18569, 0, 0
28636, 18569, 0, 0
28886, 21222, 0, 0
29136, 15917, 0, 0
29386, 21222, 0, 0
29636, 21222, 0, 0
29887, 21167, 0, 0
30137, 18521, 0, 0
30387, 18521, 0, 0
30637, 23813, 0, 0
30887, 13229, 0, 0
31137, 18521, 0, 0
31387, 21167, 0, 0
31637, 18521, 0, 0
31887, 23813, 0, 0
32137, 18521, 0, 0
32387, 21167, 0, 0
32637, 18521, 0, 0
32888, 18474, 0, 0
33138, 21113, 0, 0
33388, 21113, 0, 0
33638, 18474, 0, 0
33888, 15835, 0, 0
34138, 15835, 0, 0
34388, 18474, 0, 0
34638, 13195, 0, 0
34888, 23752, 0, 0
35138, 18474, 0, 0
35388, 18474, 0, 0
35639, 26323, 0, 0
35889, 18426, 0, 0
36139, 18426, 0, 0
36389, 18426, 0, 0
36639, 18426, 0, 0
36889, 5264, 0, 0
37139, 15794, 0, 0
37389, 18426, 0, 0
37639, 21059, 0, 0
37889, 18426, 0, 0
38139, 21059, 0, 0
38389, 26323, 0, 0
38640, 18379, 0, 0
38890, 15753, 0, 0
39140, 18379, 0, 0
39390, 13128, 0, 0
39640, 23630, 0, 0
39890, 18379, 0, 0
40140, 15753, 0, 0
40390, 15753, 0, 0
40640, 18379, 0, 0
40890, 23630, 0, 0
41140, 21005, 0, 0
41391, 20951, 0, 0
41641, 20951, 0, 0
41891, 18332, 0, 0
42141, 20951, 0, 0
42391, 18332, 0, 0
42641, 18332, 0, 0
42891, 20951, 0, 0
43141, 18332, 0, 0
43391, 23570, 0, 0
43641, 23570, 0, 0
43891, 20951, 0, 0
44141, 13094, 0, 0
44392, 13061, 0, 0
44642, 20897, 0, 0
44892, 13061, 0, 0
45142, 23510, 0, 0
45392, 20897, 0, 0
45642, 23510, 0, 0
45892, 13061, 0, 0
46142, 15673, 0, 0
46392, 18285, 0, 0
46642, 20897, 0, 0
46892, 15673, 0, 0
47143, 15633, 0, 0
47393, 20844, 0, 0
47643, 15633, 0, 0
47893, 10422, 0, 0
48143, 23450, 0, 0
48393, 18239, 0, 0
48643, 13027, 0, 0
48893, 20844, 0, 0
49143, 15633, 0, 0
49393, 23450, 0, 0
49643, 15633, 0, 0
49893, 20844, 0, 0
50144, 18192, 0, 0
50394, 18192, 0, 0
50644, 18192, 0, 0
50894, 18192, 0, 0
51144, 18192, 0, 0
51394, 23390, 0, 0
51644, 20791, 0, 0
51894, 23390, 0, 0
52144, 20791, 0, 0
52394, 18192, 0, 0
52644, 23390, 0, 0
52895, 18146, 0, 0
53145, 18146, 0, 0
53395, 23331, 0, 0
53645, 18146, 0, 0
53895, 20739, 0, 0
54145, 18146, 0, 0
54395, 18146, 0, 0
54645, 18146, 0, 0
54895, 20739, 0, 0
55145, 25924, 0, 0
55395, 20739, 0, 0
55645, 18146, 0, 0
55896, 15515, 0, 0
56146, 20686, 0, 0
56396, 20686, 0, 0
56646, 20686, 0, 0
56896, 20686, 0, 0
57146, 23272, 0, 0
57396, 18101, 0, 0
57646, 20686, 0, 0
57896, 20686, 0, 0
58146, 18101, 0, 0
58396, 18101, 0, 0
58647, 12896, 0, 0
58897, 20634, 0, 0
59147, 15476, 0, 0
59397, 20634, 0, 0
59647, 18055, 0, 0
59897, 25793, 0, 0
2071, 9570, 0, 0
2321, 15950, 0, 0
2571, 12760, 0, 0
2821, 12760, 0, 0
3071, 15950, 0, 0
3321, 12760, 0, 0
3571, 9570, 0, 0
3822, 12720, 0, 0
4072, 12720, 0, 0
4322, 12720, 0, 0
4572, 15900, 0, 0
4822, 12720, 0, 0
5072, 15900, 0, 0
5322, 12720, 0, 0
5572, 12720, 0, 0
5822, 15900, 0, 0
6072, 12720, 0, 0
6322, 12720, 0, 0
6572, 12720, 0, 0
6823, 12681, 0, 0
7073, 9510, 0, 0
7323, 15851, 0, 0
7573, 12681, 0, 0
7823, 12681, 0, 0
8073, 12681, 0, 0
8323, 12681, 0, 0
8573, 12681, 0, 0
8823, 12681, 0, 0
9073, 15851, 0, 0
9323, 9510, 0, 0
9574, 9481, 0, 0
9824, 12641, 0, 0
10074, 12641, 0, 0
10324, 9481, 0, 0
10574, 12641, 0, 0
10824, 9481, 0, 0
11074, 9481, 0, 0
11324, 12641, 0, 0
11574, 12641, 0, 0
11824, 15802, 0, 0
12074, 15802, 0, 0
12325, 9452, 0, 0
12575, 15753, 0, 0
12825, 9452, 0, 0
13075, 15753, 0, 0
13325, 12603, 0, 0
13575, 15753, 0, 0
13825, 9452, 0, 0
14075, 12603, 0, 0
14325, 15753, 0, 0
14575, 9452, 0, 0
14825, 12603, 0, 0
15075, 12603, 0, 0
15326, 12564, 0, 0
15576, 12564, 0, 0
15826, 15705, 0, 0
16076, 9423, 0, 0
16326, 12564, 0, 0
16576, 12564, 0, 0
16826, 18846, 0, 0
17076, 15705, 0, 0
17326, 9423, 0, 0
17576, 12564, 0, 0
17826, 9423, 0, 0
18077, 9394, 0, 0
18327, 12525, 0, 0
18577, 12525, 0, 0
18827, 12525, 0, 0
19077, 9394, 0, 0
19327, 15657, 0, 0
19577, 12525, 0, 0
19827, 12525, 0, 0
20077, 15657, 0, 0
20327, 12525, 0, 0
20577, 21920, 0, 0
20827, 12525, 0, 0
21078, 9365, 0, 0
21328, 12487, 0, 0
21578, 15609, 0, 0
21828, 6243, 0, 0
22078, 12487, 0, 0
22328, 15609, 0, 0
22578, 9365, 0, 0
22828, 15609, 0, 0
23078, 9365, 0, 0
23328, 12487, 0, 0
23578, 12487, 0, 0
23829, 9337, 0, 0
24079, 9337, 0, 0
24329, 9337, 0, 0
24579, 9337, 0, 0
24829, 12449, 0, 0
25079, 15562, 0, 0
25329, 21787, 0, 0
25579, 18674, 0, 0
25829, 18674, 0, 0
26079, 18674, 0, 0
26329, 18674, 0, 0
26579, 18674, 0, 0
26830, 18618, 0, 0
27080, 12412, 0, 0
27330, 15515, 0, 0
27580, 21721, 0, 0
27830, 15515, 0, 0
28080, 12412, 0, 0
28330, 18618, 0, 0
28580, 18618, 0, 0
28830, 15515, 0, 0
29080, 18618, 0, 0
29330, 18618, 0, 0
29581, 24749, 0, 0
29831, 15468, 0, 0
30081, 21655, 0, 0
30331, 18561, 0, 0
30581, 21655, 0, 0
30831, 15468, 0, 0
31081, 21655, 0, 0
31331, 18561, 0, 0
31581, 21655, 0, 0
31831, 18561, 0, 0
32081, 12374, 0, 0
32331, 15468, 0, 0
32582, 15421, 0, 0
32832, 18506, 0, 0
33082, 18506, 0, 0
33332, 15421, 0, 0
33582, 18506, 0, 0
33832, 18506, 0, 0
34082, 12337, 0, 0
34332, 18506, 0, 0
34582, 18506, 0, 0
34832, 21590, 0, 0
35082, 15421, 0, 0
35333, 18450, 0, 0
35583, 21525, 0, 0
35833, 18450, 0, 0
36083, 18450, 0, 0
36333, 18450, 0, 0
36583, 18450, 0, 0
36833, 21525, 0, 0
37083, 18450, 0, 0
37333, 12300, 0, 0
37583, 21525, 0, 0
37833, 12300, 0, 0
38083, 21525, 0, 0
38334, 18395, 0, 0
38584, 21461, 0, 0
38834, 15329, 0, 0
39084, 12263, 0, 0
39334, 18395, 0, 0
39584, 21461, 0, 0
39834, 18395, 0, 0
40084, 15329, 0, 0
40334, 15329, 0, 0
40584, 18395, 0, 0
40834, 15329, 0, 0
41084, 15329, 0, 0
41335, 18340, 0, 0
41585, 12226, 0, 0
41835, 18340, 0, 0
42085, 15283, 0, 0
42335, 21397, 0, 0
42585, 18340, 0, 0
42835, 18340, 0, 0
43085, 18340, 0, 0
43335, 15283, 0, 0
43585, 21397, 0, 0
43835, 15283, 0, 0
44086, 18285, 0, 0
44336, 9142, 0, 0
44586, 15238, 0, 0
44836, 18285, 0, 0
45086, 15238, 0, 0
45336, 18285, 0, 0
45586, 15238, 0, 0
45836, 12190, 0, 0
46086, 18285, 0, 0
46336, 15238, 0, 0
46586, 15238, 0, 0
46837, 21270, 0, 0
47087, 18231, 0, 0
47337, 18231, 0, 0
47587, 18231, 0, 0
47837, 18231, 0, 0
48087, 12154, 0, 0
48337, 21270, 0, 0
48587, 21270, 0, 0
48837, 15192, 0, 0
49087, 18231, 0, 0
49337, 21270, 0, 0
49587, 12154, 0, 0
49838, 15147, 0, 0
50088, 18177, 0, 0
50338, 15147, 0, 0
50588, 21207, 0, 0
50838, 18177, 0, 0
51088, 18177, 0, 0
51338, 15147, 0, 0
51588, 18177, 0, 0
51838, 15147, 0, 0
52088, 15147, 0, 0
52338, 12118, 0, 0
52589, 21144, 0, 0
52839, 18123, 0, 0
53089, 21144, 0, 0
53339, 24165, 0, 0
53589, 18123, 0, 0
53839, 15103, 0, 0
54089, 21144, 0, 0
54339, 18123, 0, 0
54589, 15103, 0, 0
54839, 21144, 0, 0
55089, 18123, 0, 0
55340, 15058, 0, 0
55590, 15058, 0, 0
55840, 15058, 0, 0
56090, 15058, 0, 0
56340, 21082, 0, 0
56590, 12047, 0, 0
56840, 18070, 0, 0
57090, 18070, 0, 0
57340, 18070, 0, 0
57590, 15058, 0, 0
57840, 12047, 0, 0
58090, 9035, 0, 0
58341, 15014, 0, 0
58591, 21020, 0, 0
58841, 18017, 0, 0
59091, 15014, 0, 0
59341, 18017, 0, 0
59591, 21020, 0, 0
59841, 18017, 0, 0
2015, 15456, 0, 0
2265, 15456, 0, 0
2515, 7728, 0, 0
2765, 19320, 0, 0
3015, 19320, 0, 0
3265, 11592, 0, 0
3515, 19320, 0, 0
3766, 15398, 0, 0
4016, 11548, 0, 0
4266, 11548, 0, 0
4516, 15398, 0, 0
4766, 11548, 0, 0
5016, 11548, 0, 0
5266, 11548, 0, 0
5516, 11548, 0, 0
5766, 15398, 0, 0
6016, 7699, 0, 0
6266, 15398, 0, 0
6516, 15398, 0, 0
6767, 23011, 0, 0
7017, 15340, 0, 0
7267, 15340, 0, 0
7517, 19176, 0, 0
7767, 23011, 0, 0
8017, 15340, 0, 0
8267, 15340, 0, 0
8517, 19176, 0, 0
8767, 15340, 0, 0
9017, 15340, 0, 0
9267, 19176, 0, 0
9518, 15283, 0, 0
9768, 15283, 0, 0
10018, 15283, 0, 0
10268, 11462, 0, 0
10518, 15283, 0, 0
10768, 15283, 0, 0
11018, 11462, 0, 0
11268, 7641, 0, 0
11518, 15283, 0, 0
11768, 15283, 0, 0
12018, 11462, 0, 0
12268, 15283, 0, 0
12519, 11420, 0, 0
12769, 15226, 0, 0
13019, 11420, 0, 0
13269, 11420, 0, 0
13519, 15226, 0, 0
13769, 7613, 0, 0
14019, 11420, 0, 0
14269, 11420, 0, 0
14519, 15226, 0, 0
14769, 11420, 0, 0
15019, 11420, 0, 0
15270, 15170, 0, 0
15520, 15170, 0, 0
15770, 11377, 0, 0
16020, 15170, 0, 0
16270, 11377, 0, 0
16520, 18962, 0, 0
16770, 18962, 0, 0
17020, 7585, 0, 0
17270, 15170, 0, 0
17520, 15170, 0, 0
17770, 15170, 0, 0
18021, 15114, 0, 0
18271, 15114, 0, 0
18521, 11335, 0, 0
18771, 18892, 0, 0
19021, 11335, 0, 0
19271, 11335, 0, 0
19521, 11335, 0, 0
19771, 15114, 0, 0
20022, 11294, 0, 0
20271, 15114, 0, 0
20521, 18892, 0, 0
20771, 11335, 0, 0
21022, 15058, 0, 0
21272, 11294, 0, 0
21522, 15058, 0, 0
21772, 18823, 0, 0
22022, 15058, 0, 0
22272, 15058, 0, 0
22522, 11294, 0, 0
22772, 18823, 0, 0
23022, 15058, 0, 0
23272, 15058, 0, 0
23522, 15058, 0, 0
23773, 11252, 0, 0
24023, 15003, 0, 0
24273, 11252, 0, 0
24523, 11252, 0, 0
24773, 15003, 0, 0
25023, 18754, 0, 0
25273, 15003, 0, 0
25523, 15003, 0, 0
25773, 11252, 0, 0
26023, 11252, 0, 0
26273, 15003, 0, 0
26523, 11252, 0, 0
26774, 22423, 0, 0
27024, 18686, 0, 0
27274, 22423, 0, 0
27524, 18686, 0, 0
27774, 18686, 0, 0
28024, 26160, 0, 0
28274, 14948, 0, 0
28524, 22423, 0, 0
28774, 14948, 0, 0
29024, 18686, 0, 0
29274, 26160, 0, 0
29524, 18686, 0, 0
29775, 18618, 0, 0
30025, 14894, 0, 0
30275, 26065, 0, 0
30525, 14894, 0, 0
30775, 18618, 0, 0
31025, 22341, 0, 0
31275, 11170, 0, 0
31525, 22341, 0, 0
31775, 22341, 0, 0
32025, 18618, 0, 0
32275, 22341, 0, 0
32526, 22260, 0, 0
32776, 22260, 0, 0
33026, 14840, 0, 0
33276, 18550, 0, 0
33526, 18550, 0, 0
33776, 18550, 0, 0
34026, 18550, 0, 0
34276, 22260, 0, 0
34526, 25971, 0, 0
34776, 14840, 0, 0
35026, 25971, 0, 0
35277, 22180, 0, 0
35527, 22180, 0, 0
35777, 18483, 0, 0
36027, 14787, 0, 0
36277, 25877, 0, 0
36527, 18483, 0, 0
36777, 14787, 0, 0
37027, 22180, 0, 0
37277, 22180, 0, 0
37527, 18483, 0, 0
37777, 22180, 0, 0
38027, 18483, 0, 0
38278, 22100, 0, 0
38528, 18417, 0, 0
38778, 14733, 0, 0
39028, 18417, 0, 0
39278, 22100, 0, 0
39528, 18417, 0, 0
39778, 18417, 0, 0
40028, 22100, 0, 0
40278, 18417, 0, 0
40528, 22100, 0, 0
40778, 18417, 0, 0
41029, 18351, 0, 0
41279, 22021, 0, 0
41529, 14681, 0, 0
41779, 22021, 0, 0
42029, 18351, 0, 0
42279, 25691, 0, 0
42529, 18351, 0, 0
42779, 18351, 0, 0
43029, 18351, 0, 0
43279, 22021, 0, 0
43529, 18351, 0, 0
43779, 14681, 0, 0
44030, 18285, 0, 0
44280, 18285, 0, 0
44530, 14628, 0, 0
44780, 18285, 0, 0
45030, 21942, 0, 0
45280, 18285, 0, 0
45530, 18285, 0, 0
45780, 14628, 0, 0
46030, 14628, 0, 0
46280, 21942, 0, 0
46530, 25600, 0, 0
46781, 25508, 0, 0
47031, 21864, 0, 0
47281, 21864, 0, 0
47531, 18220, 0, 0
47781, 14576, 0, 0
48031, 18220, 0, 0
48281, 18220, 0, 0
48531, 18220, 0, 0
48781, 14576, 0, 0
49031, 21864, 0, 0
49281, 14576, 0, 0
49531, 25508, 0, 0
49782, 18156, 0, 0
50032, 21787, 0, 0
50282, 14524, 0, 0
50532, 18156, 0, 0
50782, 25418, 0, 0
51032, 14524, 0, 0
51282, 21787, 0, 0
51532, 18156, 0, 0
51782, 14524, 0, 0
52032, 18156, 0, 0
52282, 14524, 0, 0
52532, 21787, 0, 0
52783, 18091, 0, 0
53033, 18091, 0, 0
53283, 21710, 0, 0
53533, 25328, 0, 0
53783, 18091, 0, 0
54033, 18091, 0, 0
54283, 18091, 0, 0
54533, 18091, 0, 0
54783, 10855, 0, 0
55033, 25328, 0, 0
55283, 21710, 0, 0
55534, 25239, 0, 0
55784, 18028, 0, 0
56034, 21633, 0, 0
56284, 18028, 0, 0
56534, 18028, 0, 0
56784, 25239, 0, 0
57034, 18028, 0, 0
57284, 18028, 0, 0
57534, 21633, 0, 0
57784, 21633, 0, 0
58034, 18028, 0, 0
58285, 17964, 0, 0
58535, 21557, 0, 0
58785, 17964, 0, 0
59035, 25150, 0, 0
59285, 21557, 0, 0
59535, 25150, 0, 0
59785, 17964, 0, 0
60035, 14371, 0, 0
