257, 145, 1, 0
1132, 219, 1, 0
1245, 191, 1, 0
1245, 180, 1, 0
1263, 168, 1, 0
1506, 189, 1, 0
1912, 328, 1, 0
2008, 263, 1, 0
2706, 1031, 1, 0
2723, 857, 1, 0
3397, 686, 1, 0
3397, 437, 1, 0
3398, 326, 1, 0
3769, 158, 1, 0
3769, 199, 1, 0
4121, 513, 1, 0
4555, 973, 1, 0
4557, 1054, 1, 0
4971, 910, 1, 0
5309, 448, 1, 0
5311, 1748, 1, 0
5584, 1046, 1, 0
5750, 178, 1, 0
6967, 304, 1, 0
6968, 1601, 1, 0
6969, 525, 1, 0
7098, 697, 1, 0
7099, 899, 1, 0
7723, 710, 1, 0
7729, 845, 1, 0
7762, 961, 1, 0
8249, 1401, 1, 0
8250, 485, 1, 0
8531, 853, 1, 0
8761, 941, 1, 0
9104, 843, 1, 0
9429, 1211, 1, 0
9939, 652, 1, 0
10047, 490, 1, 0
10117, 1092, 1, 0
10918, 666, 1, 0
10918, 139, 1, 0
10933, 192, 1, 0
11517, 684, 1, 0
11524, 186, 1, 0
11541, 173, 1, 0
11885, 496, 1, 0
12041, 655, 1, 0
12510, 714, 1, 0
12518, 932, 1, 0
13078, 479, 1, 0
13079, 1193, 1, 0
13438, 833, 1, 0
13559, 1031, 1, 0
13951, 773, 1, 0
14054, 747, 1, 0
14496, 1045, 1, 0
14794, 1150, 1, 0
14796, 962, 1, 0
15105, 741, 1, 0
15303, 979, 1, 0
15556, 1143, 1, 0
15923, 1038, 1, 0
16054, 978, 1, 0
16424, 952, 1, 0
16661, 1224, 1, 0
16775, 1084, 1, 0
17483, 1460, 1, 0
17484, 1073, 1, 0
17507, 166, 1, 0
17783, 816, 1, 0
18288, 939, 1, 0
18439, 1297, 1, 0
21419, 943, 1, 0
21420, 921, 1, 0
21421, 797, 1, 0
21422, 795, 1, 0
21423, 646, 1, 0
21423, 199, 1, 0
21423, 147, 1, 0
21426, 2334, 1, 0
21426, 611, 1, 0
21427, 176, 1, 0
21427, 159, 1, 0
21427, 204, 1, 0
22229, 213, 1, 0
22790, 2276, 1, 0
22790, 821, 1, 0
23230, 1058, 1, 0
23231, 1215, 1, 0
23465, 205, 1, 0
23479, 933, 1, 0
23496, 618, 1, 0
23508, 336, 1, 0
24020, 838, 1, 0
24154, 1302, 1, 0
24409, 736, 1, 0
24542, 786, 1, 0
24750, 828, 1, 0
25009, 1489, 1, 0
25293, 960, 1, 0
25687, 503, 1, 0
25883, 864, 1, 0
26113, 1290, 1, 0
26367, 790, 1, 0
26543, 253, 1, 0
26764, 383, 1, 0
27004, 1337, 1, 0
27344, 2456, 1, 0
27524, 1026, 1, 0
27925, 429, 1, 0
28036, 1328, 1, 0
28590, 909, 1, 0
28591, 907, 1, 0
28914, 503, 1, 0
29136, 688, 1, 0
29266, 627, 1, 0
29514, 1033, 1, 0
29793, 848, 1, 0
41581, 794, 1, 0
41582, 1201, 1, 0
41842, 1243, 1, 0
41845, 551, 1, 0
41846, 164, 1, 0
41847, 1281, 1, 0
41848, 803, 1, 0
42075, 1361, 1, 0
42077, 1625, 1, 0
42078, 1399, 1, 0
42274, 1287, 1, 0
42276, 2403, 1, 0
42276, 170, 1, 0
42286, 800, 1, 0
42287, 1402, 1, 0
42347, 755, 1, 0
42394, 906, 1, 0
42431, 842, 1, 0
42455, 893, 1, 0
42498, 1056, 1, 0
42499, 830, 1, 0
42753, 1462, 1, 0
42754, 956, 1, 0
42790, 1078, 1, 0
42844, 998, 1, 0
42881, 1178, 1, 0
42882, 602, 1, 0
42906, 166, 1, 0
42916, 178, 1, 0
43028, 731, 1, 0
43028, 850, 1, 0
43029, 898, 1, 0
43042, 680, 1, 0
43043, 1191, 1, 0
43060, 176, 1, 0
43060, 207, 1, 0
43061, 131, 1, 0
43061, 144, 1, 0
43429, 716, 1, 0
43431, 1565, 1, 0
43436, 905, 1, 0
43443, 989, 1, 0
43579, 176, 1, 0
43580, 1780, 1, 0
43583, 1570, 1, 0
43584, 922, 1, 0
43738, 1536, 1, 0
43739, 1146, 1, 0
43880, 1218, 1, 0
43880, 256, 1, 0
43883, 2444, 1, 0
43895, 347, 1, 0
43897, 136, 1, 0
43898, 269, 1, 0
44087, 176, 1, 0
44087, 157, 1, 0
44097, 177, 1, 0
44492, 364, 1, 0
44618, 705, 1, 0
44786, 419, 1, 0
45012, 886, 1, 0
45581, 631, 1, 0
45582, 953, 1, 0
46534, 409, 1, 0
46535, 900, 1, 0
46819, 1265, 1, 0
46834, 894, 1, 0
46872, 925, 1, 0
47369, 233, 1, 0
47516, 1245, 1, 0
47998, 1005, 1, 0
47999, 787, 1, 0
48000, 713, 1, 0
48579, 703, 1, 0
48595, 1139, 1, 0
48939, 1559, 1, 0
49055, 686, 1, 0
49422, 1351, 1, 0
49501, 654, 1, 0
50107, 189, 1, 0
50107, 182, 1, 0
50863, 505, 1, 0
50864, 1318, 1, 0
51136, 556, 1, 0
51138, 779, 1, 0
51266, 942, 1, 0
51960, 1013, 1, 0
52062, 1077, 1, 0
52069, 425, 1, 0
52271, 931, 1, 0
52739, 851, 1, 0
52819, 1086, 1, 0
53420, 1429, 1, 0
53465, 2700, 1, 0
53531, 426, 1, 0
53851, 163, 1, 0
54032, 975, 1, 0
54333, 1032, 1, 0
54588, 852, 1, 0
55034, 695, 1, 0
55038, 780, 1, 0
55951, 859, 1, 0
55952, 803, 1, 0
56628, 1113, 1, 0
56629, 912, 1, 0
56630, 690, 1, 0
56635, 701, 1, 0
57093, 279, 1, 0
58465, 1283, 1, 0
58466, 569, 1, 0
58468, 1998, 1, 0
58475, 167, 1, 0
58476, 972, 1, 0
58493, 1693, 1, 0
58549, 174, 1, 0
58759, 550, 1, 0
59966, 869, 1, 0
59968, 1830, 1, 0
59969, 724, 1, 0
59969, 175, 1, 0
272, 229, 1, 0
526, 178, 1, 0
903, 166, 1, 0
1557, 637, 1, 0
1670, 710, 1, 0
1671, 1204, 1, 0
1910, 173, 1, 0
2007, 185, 1, 0
2635, 749, 1, 0
2635, 257, 1, 0
3406, 561, 1, 0
3406, 335, 1, 0
3407, 174, 1, 0
3778, 341, 1, 0
4129, 1206, 1, 0
4130, 878, 1, 0
4944, 735, 1, 0
4963, 143, 1, 0
4979, 166, 1, 0
5318, 587, 1, 0
5319, 821, 1, 0
5508, 773, 1, 0
5757, 530, 1, 0
7106, 288, 1, 0
7221, 915, 1, 0
7232, 163, 1, 0
7232, 149, 1, 0
7232, 100, 1, 0
7731, 361, 1, 0
7739, 818, 1, 0
7754, 906, 1, 0
8258, 728, 1, 0
8259, 718, 1, 0
8539, 753, 1, 0
8760, 648, 1, 0
9257, 861, 1, 0
9258, 1661, 1, 0
9833, 892, 1, 0
9912, 998, 1, 0
10057, 1125, 1, 0
10295, 1018, 1, 0
10928, 1110, 1, 0
10929, 1379, 1, 0
11527, 310, 1, 0
11528, 859, 1, 0
11529, 867, 1, 0
11901, 867, 1, 0
12110, 953, 1, 0
12571, 980, 1, 0
12572, 871, 1, 0
13087, 836, 1, 0
13088, 1169, 1, 0
13443, 1054, 1, 0
13568, 767, 1, 0
13959, 267, 1, 0
14504, 694, 1, 0
14505, 236, 1, 0
14520, 278, 1, 0
14804, 636, 1, 0
15115, 1394, 1, 0
15473, 1227, 1, 0
15563, 1244, 1, 0
16061, 1018, 1, 0
16239, 1341, 1, 0
16387, 881, 1, 0
16673, 1217, 1, 0
16784, 1278, 1, 0
17001, 777, 1, 0
17490, 206, 1, 0
17517, 1097, 1, 0
21432, 737, 1, 0
21433, 462, 1, 0
21434, 841, 1, 0
21434, 208, 1, 0
21434, 209, 1, 0
21434, 186, 1, 0
21434, 145, 1, 0
21435, 175, 1, 0
21435, 147, 1, 0
21435, 96, 1, 0
21435, 197, 1, 0
21435, 168, 1, 0
21435, 134, 1, 0
21436, 128, 1, 0
22235, 857, 1, 0
22239, 877, 1, 0
22796, 737, 1, 0
22830, 1098, 1, 0
22858, 1583, 1, 0
22875, 1170, 1, 0
22891, 1112, 1, 0
23091, 1376, 1, 0
23472, 993, 1, 0
23504, 305, 1, 0
23913, 490, 1, 0
24161, 900, 1, 0
24481, 926, 1, 0
24593, 983, 1, 0
24892, 900, 1, 0
25020, 1294, 1, 0
25302, 1032, 1, 0
25693, 738, 1, 0
25892, 865, 1, 0
26122, 834, 1, 0
26375, 582, 1, 0
26552, 736, 1, 0
26772, 858, 1, 0
27414, 194, 1, 0
27415, 854, 1, 0
27530, 1251, 1, 0
27932, 307, 1, 0
28058, 1366, 1, 0
28598, 521, 1, 0
28600, 1151, 1, 0
29276, 842, 1, 0
29277, 658, 1, 0
29278, 1330, 1, 0
29524, 979, 1, 0
29801, 441, 1, 0
30515, 869, 1, 0
30632, 1172, 1, 0
30632, 925, 1, 0
40815, 410, 1, 0
40820, 875, 1, 0
40821, 746, 1, 0
40821, 138, 1, 0
40835, 172, 1, 0
40835, 135, 1, 0
40836, 156, 1, 0
40836, 121, 1, 0
40844, 441, 1, 0
41592, 1237, 1, 0
41593, 881, 1, 0
41594, 766, 1, 0
41854, 778, 1, 0
41855, 967, 1, 0
41856, 874, 1, 0
42084, 1255, 1, 0
42084, 287, 1, 0
42086, 1379, 1, 0
42283, 1159, 1, 0
42295, 804, 1, 0
42296, 1258, 1, 0
42508, 1938, 1, 0
42508, 763, 1, 0
42557, 919, 1, 0
42599, 903, 1, 0
42632, 881, 1, 0
42669, 1240, 1, 0
42763, 3305, 1, 0
42764, 708, 1, 0
42890, 1050, 1, 0
42891, 911, 1, 0
42892, 861, 1, 0
42998, 1161, 1, 0
43003, 908, 1, 0
43037, 946, 1, 0
43051, 885, 1, 0
43053, 1453, 1, 0
43053, 324, 1, 0
43053, 121, 1, 0
43069, 626, 1, 0
43069, 141, 1, 0
43069, 116, 1, 0
43146, 179, 1, 0
43148, 161, 1, 0
43587, 1170, 1, 0
43588, 1416, 1, 0
43590, 1678, 1, 0
43590, 171, 1, 0
43746, 1220, 1, 0
43747, 1705, 1, 0
43748, 725, 1, 0
43888, 806, 1, 0
43889, 690, 1, 0
44095, 1023, 1, 0
44502, 723, 1, 0
44503, 1282, 1, 0
45023, 906, 1, 0
45024, 780, 1, 0
45588, 583, 1, 0
45589, 915, 1, 0
45897, 745, 1, 0
46884, 206, 1, 0
46884, 178, 1, 0
46884, 246, 1, 0
46884, 127, 1, 0
47379, 336, 1, 0
47404, 937, 1, 0
47530, 864, 1, 0
48005, 837, 1, 0
48007, 1881, 1, 0
48947, 948, 1, 0
48947, 705, 1, 0
48962, 1241, 1, 0
49064, 987, 1, 0
49429, 843, 1, 0
49512, 862, 1, 0
50101, 861, 1, 0
50118, 1907, 1, 0
50886, 291, 1, 0
50886, 144, 1, 0
50890, 880, 1, 0
51145, 871, 1, 0
51279, 1012, 1, 0
51824, 1145, 1, 0
51825, 820, 1, 0
52161, 1333, 1, 0
52280, 787, 1, 0
52542, 1258, 1, 0
52751, 547, 1, 0
53428, 674, 1, 0
53429, 832, 1, 0
53541, 658, 1, 0
53865, 1186, 1, 0
54042, 1645, 1, 0
54263, 888, 1, 0
54538, 1494, 1, 0
54820, 412, 1, 0
55237, 1048, 1, 0
55790, 539, 1, 0
55790, 180, 1, 0
55790, 152, 1, 0
56636, 904, 1, 0
56639, 1218, 1, 0
56641, 1770, 1, 0
57100, 578, 1, 0
57123, 841, 1, 0
57514, 988, 1, 0
57601, 1513, 1, 0
58474, 1658, 1, 0
58475, 1202, 1, 0
58501, 890, 1, 0
58502, 841, 1, 0
59974, 898, 1, 0
59974, 184, 1, 0
59977, 2430, 1, 0
59977, 192, 1, 0
496, 334, 1, 0
908, 144, 1, 0
923, 177, 1, 0
1233, 409, 1, 0
1255, 171, 1, 0
1515, 442, 1, 0
1909, 346, 1, 0
3407, 681, 1, 0
3407, 176, 1, 0
3408, 725, 1, 0
3408, 191, 1, 0
3408, 180, 1, 0
3409, 218, 1, 0
3778, 380, 1, 0
3778, 247, 1, 0
4164, 373, 1, 0
4678, 1003, 1, 0
4770, 930, 1, 0
4779, 884, 1, 0
5397, 995, 1, 0
5399, 1692, 1, 0
5505, 173, 1, 0
5758, 653, 1, 0
6976, 233, 1, 0
6977, 801, 1, 0
7222, 1272, 1, 0
7223, 480, 1, 0
7224, 1258, 1, 0
7770, 881, 1, 0
8257, 1037, 1, 0
8258, 792, 1, 0
8259, 814, 1, 0
8369, 1068, 1, 0
8538, 489, 1, 0
8826, 1089, 1, 0
9258, 1413, 1, 0
9437, 1346, 1, 0
9905, 647, 1, 0
9906, 920, 1, 0
10125, 1137, 1, 0
10295, 493, 1, 0
10517, 1043, 1, 0
10927, 977, 1, 0
11528, 364, 1, 0
11533, 955, 1, 0
11534, 711, 1, 0
11893, 452, 1, 0
12110, 1089, 1, 0
12572, 633, 1, 0
12573, 1013, 1, 0
13087, 587, 1, 0
13091, 925, 1, 0
13441, 1168, 1, 0
13502, 759, 1, 0
13901, 752, 1, 0
14473, 711, 1, 0
14506, 1693, 1, 0
14507, 439, 1, 0
14802, 638, 1, 0
15113, 664, 1, 0
15563, 1094, 1, 0
15564, 852, 1, 0
15791, 955, 1, 0
16062, 841, 1, 0
16387, 1160, 1, 0
16669, 1285, 1, 0
16869, 1210, 1, 0
17003, 2177, 1, 0
17501, 1538, 1, 0
17517, 915, 1, 0
17792, 962, 1, 0
18110, 1522, 1, 0
18296, 879, 1, 0
18619, 869, 1, 0
21431, 755, 1, 0
21433, 819, 1, 0
21434, 841, 1, 0
21434, 157, 1, 0
21434, 201, 1, 0
21435, 176, 1, 0
21435, 179, 1, 0
21435, 180, 1, 0
21535, 172, 1, 0
21542, 148, 1, 0
21575, 159, 1, 0
21624, 163, 1, 0
21890, 941, 1, 0
22234, 987, 1, 0
22798, 735, 1, 0
23089, 182, 1, 0
23092, 2832, 1, 0
23094, 146, 1, 0
23286, 861, 1, 0
23504, 698, 1, 0
23917, 495, 1, 0
24028, 1124, 1, 0
24590, 938, 1, 0
24591, 950, 1, 0
24756, 1340, 1, 0
25020, 848, 1, 0
25302, 497, 1, 0
25694, 618, 1, 0
25891, 540, 1, 0
26121, 1113, 1, 0
26375, 801, 1, 0
26559, 562, 1, 0
27350, 349, 1, 0
27415, 808, 1, 0
27416, 881, 1, 0
27531, 1010, 1, 0
27932, 180, 1, 0
28050, 930, 1, 0
28598, 354, 1, 0
28599, 307, 1, 0
28923, 2016, 1, 0
29300, 776, 1, 0
29302, 119, 1, 0
29523, 1445, 1, 0
29801, 652, 1, 0
30113, 1027, 1, 0
30499, 1168, 1, 0
30501, 1073, 1, 0
31028, 1120, 1, 0
31029, 1131, 1, 0
31505, 1220, 1, 0
31714, 1308, 1, 0
40816, 1219, 1, 0
40819, 1019, 1, 0
40820, 880, 1, 0
40835, 205, 1, 0
40835, 200, 1, 0
40836, 1451, 1, 0
40837, 795, 1, 0
40838, 619, 1, 0
40838, 131, 1, 0
40838, 97, 1, 0
41589, 1261, 1, 0
41590, 396, 1, 0
41593, 818, 1, 0
41594, 706, 1, 0
41659, 854, 1, 0
41678, 896, 1, 0
41703, 894, 1, 0
41718, 1184, 1, 0
41851, 1310, 1, 0
41855, 1136, 1, 0
41856, 1436, 1, 0
41856, 141, 1, 0
42085, 959, 1, 0
42282, 1330, 1, 0
42283, 782, 1, 0
42294, 158, 1, 0
42294, 550, 1, 0
42506, 1346, 1, 0
42507, 931, 1, 0
42508, 864, 1, 0
42577, 883, 1, 0
42604, 781, 1, 0
42627, 882, 1, 0
42639, 668, 1, 0
42647, 902, 1, 0
42674, 1067, 1, 0
42679, 1044, 1, 0
42701, 1257, 1, 0
42761, 815, 1, 0
42762, 1305, 1, 0
42763, 980, 1, 0
42764, 850, 1, 0
42891, 198, 1, 0
43036, 960, 1, 0
43038, 961, 1, 0
43050, 133, 1, 0
43438, 465, 1, 0
43518, 1288, 1, 0
43768, 922, 1, 0
44013, 494, 1, 0
44335, 312, 1, 0
44500, 559, 1, 0
44793, 821, 1, 0
45020, 801, 1, 0
45587, 768, 1, 0
45590, 1368, 1, 0
45897, 1042, 1, 0
46068, 893, 1, 0
46859, 812, 1, 0
46860, 858, 1, 0
46862, 897, 1, 0
47407, 582, 1, 0
47529, 789, 1, 0
47534, 964, 1, 0
48004, 604, 1, 0
48005, 1190, 1, 0
48586, 944, 1, 0
48603, 1241, 1, 0
48946, 1109, 1, 0
49431, 621, 1, 0
49432, 806, 1, 0
49510, 801, 1, 0
50100, 463, 1, 0
50101, 1628, 1, 0
50871, 667, 1, 0
50872, 1452, 1, 0
50885, 166, 1, 0
51147, 628, 1, 0
51279, 1054, 1, 0
51956, 1035, 1, 0
52072, 865, 1, 0
52073, 901, 1, 0
52541, 894, 1, 0
52749, 1266, 1, 0
52750, 1074, 1, 0
53472, 668, 1, 0
53476, 170, 1, 0
53503, 498, 1, 0
53860, 169, 1, 0
54040, 547, 1, 0
54415, 214, 1, 0
54536, 823, 1, 0
54763, 714, 1, 0
55791, 341, 1, 0
55795, 826, 1, 0
55961, 2813, 1, 0
56639, 999, 1, 0
56640, 833, 1, 0
56689, 163, 1, 0
56691, 736, 1, 0
57100, 743, 1, 0
57101, 918, 1, 0
57602, 908, 1, 0
57673, 695, 1, 0
58474, 951, 1, 0
58484, 919, 1, 0
58485, 816, 1, 0
58500, 202, 1, 0
58795, 506, 1, 0
59052, 968, 1, 0
59549, 1214, 1, 0
59550, 921, 1, 0
59974, 973, 1, 0
63528, 527, 1, 0
422, 144, 1, 0
900, 134, 1, 0
914, 171, 1, 0
1226, 160, 1, 0
1263, 176, 1, 0
1542, 307, 1, 0
2105, 357, 1, 0
2249, 136, 1, 0
2251, 1460, 1, 0
2707, 445, 1, 0
3397, 733, 1, 0
3397, 157, 1, 0
3398, 180, 1, 0
3585, 190, 1, 0
3770, 217, 1, 0
4166, 328, 1, 0
4670, 568, 1, 0
4761, 1313, 1, 0
4768, 812, 1, 0
5582, 1058, 1, 0
5584, 1479, 1, 0
5584, 204, 1, 0
5947, 1006, 1, 0
6374, 1299, 1, 0
6758, 1520, 1, 0
6759, 912, 1, 0
6760, 874, 1, 0
7092, 795, 1, 0
8355, 652, 1, 0
8357, 1031, 1, 0
8361, 397, 1, 0
8530, 194, 1, 0
8533, 2155, 1, 0
8534, 1304, 1, 0
8815, 601, 1, 0
9249, 963, 1, 0
9250, 857, 1, 0
9940, 1192, 1, 0
9972, 880, 1, 0
10048, 916, 1, 0
10446, 1068, 1, 0
10508, 1424, 1, 0
10824, 834, 1, 0
11465, 489, 1, 0
11466, 1473, 1, 0
11520, 550, 1, 0
12103, 282, 1, 0
12103, 908, 1, 0
12565, 932, 1, 0
12566, 260, 1, 0
13079, 1070, 1, 0
13083, 857, 1, 0
13438, 931, 1, 0
13559, 241, 1, 0
13897, 938, 1, 0
14498, 1147, 1, 0
14499, 919, 1, 0
14500, 466, 1, 0
14854, 325, 1, 0
15106, 1046, 1, 0
15306, 933, 1, 0
15783, 891, 1, 0
15784, 894, 1, 0
16055, 949, 1, 0
16377, 976, 1, 0
16776, 764, 1, 0
16777, 853, 1, 0
17483, 966, 1, 0
17483, 163, 1, 0
17507, 529, 1, 0
17783, 793, 1, 0
18102, 1404, 1, 0
21426, 1616, 1, 0
21426, 207, 1, 0
21427, 215, 1, 0
21427, 174, 1, 0
21427, 213, 1, 0
21427, 202, 1, 0
21427, 203, 1, 0
21428, 188, 1, 0
21428, 214, 1, 0
21428, 171, 1, 0
21431, 3072, 1, 0
22225, 893, 1, 0
22238, 937, 1, 0
22420, 907, 1, 0
22473, 1362, 1, 0
22490, 1204, 1, 0
22507, 1077, 1, 0
22789, 1305, 1, 0
23083, 1046, 1, 0
23087, 872, 1, 0
23300, 584, 1, 0
23508, 811, 1, 0
24156, 1463, 1, 0
24170, 927, 1, 0
24473, 777, 1, 0
24583, 925, 1, 0
24750, 1148, 1, 0
25013, 977, 1, 0
25295, 680, 1, 0
25685, 703, 1, 0
25883, 1024, 1, 0
26112, 247, 1, 0
26368, 1152, 1, 0
26545, 627, 1, 0
27524, 560, 1, 0
27525, 170, 1, 0
27526, 109, 1, 0
27526, 164, 1, 0
28040, 506, 1, 0
28049, 860, 1, 0
28592, 422, 1, 0
28593, 850, 1, 0
28915, 785, 1, 0
29518, 2292, 1, 0
29519, 155, 1, 0
29639, 962, 1, 0
29793, 957, 1, 0
30698, 986, 1, 0
30699, 836, 1, 0
40809, 1717, 1, 0
40811, 1000, 1, 0
40812, 1067, 1, 0
40813, 656, 1, 0
40827, 193, 1, 0
40828, 218, 1, 0
41582, 1774, 1, 0
41584, 2103, 1, 0
41846, 1276, 1, 0
41848, 1941, 1, 0
41849, 249, 1, 0
42076, 1896, 1, 0
42077, 987, 1, 0
42078, 844, 1, 0
42274, 958, 1, 0
42275, 456, 1, 0
42276, 1851, 1, 0
42277, 738, 1, 0
42286, 142, 1, 0
42286, 550, 1, 0
42291, 868, 1, 0
42498, 927, 1, 0
42498, 402, 1, 0
42501, 2190, 1, 0
42753, 1312, 1, 0
42754, 869, 1, 0
42883, 171, 1, 0
42883, 133, 1, 0
42884, 958, 1, 0
42885, 801, 1, 0
42991, 888, 1, 0
42996, 885, 1, 0
43029, 1129, 1, 0
43031, 1299, 1, 0
43031, 435, 1, 0
43031, 100, 1, 0
43043, 484, 1, 0
43043, 248, 1, 0
43060, 184, 1, 0
43061, 448, 1, 0
43139, 158, 1, 0
43142, 179, 1, 0
43163, 797, 1, 0
43431, 1051, 1, 0
43439, 873, 1, 0
43444, 764, 1, 0
43525, 932, 1, 0
43526, 752, 1, 0
43582, 1022, 1, 0
43665, 823, 1, 0
43675, 941, 1, 0
43679, 888, 1, 0
43681, 895, 1, 0
43765, 1053, 1, 0
44005, 617, 1, 0
44328, 420, 1, 0
44502, 521, 1, 0
44789, 709, 1, 0
45015, 916, 1, 0
45539, 603, 1, 0
45542, 1017, 1, 0
45888, 1022, 1, 0
46535, 1126, 1, 0
46536, 841, 1, 0
46819, 1204, 1, 0
46820, 835, 1, 0
47998, 455, 1, 0
47999, 906, 1, 0
48000, 647, 1, 0
48000, 133, 1, 0
48000, 132, 1, 0
48597, 2616, 1, 0
48598, 756, 1, 0
48954, 637, 1, 0
49055, 251, 1, 0
49438, 486, 1, 0
49501, 543, 1, 0
50100, 826, 1, 0
50109, 1154, 1, 0
50862, 522, 1, 0
50878, 492, 1, 0
50881, 166, 1, 0
51136, 784, 1, 0
51270, 313, 1, 0
51815, 1011, 1, 0
52154, 1281, 1, 0
52154, 841, 1, 0
52272, 1002, 1, 0
52533, 567, 1, 0
52819, 1335, 1, 0
53465, 1200, 1, 0
53466, 898, 1, 0
53549, 700, 1, 0
53856, 2275, 1, 0
54032, 402, 1, 0
54334, 1780, 1, 0
54703, 944, 1, 0
54838, 487, 1, 0
55032, 1302, 1, 0
55782, 776, 1, 0
55782, 157, 1, 0
55782, 179, 1, 0
56446, 1268, 1, 0
56635, 1054, 1, 0
56681, 167, 1, 0
57019, 744, 1, 0
57022, 1005, 1, 0
57595, 947, 1, 0
57595, 752, 1, 0
57961, 919, 1, 0
58003, 1769, 1, 0
58468, 1922, 1, 0
58654, 866, 1, 0
58761, 1161, 1, 0
59138, 894, 1, 0
59287, 984, 1, 0
59965, 857, 1, 0
59969, 1385, 1, 0
