252, 18029, 1, 0
587, 197853, 1, 0
840, 143092, 1, 0
1093, 172831, 1, 0
1352, 171259, 1, 0
1623, 165632, 1, 0
2051, 127595, 1, 0
2304, 141154, 1, 0
2562, 163398, 1, 0
2814, 149158, 1, 0
3069, 165969, 1, 0
3325, 180621, 1, 0
3579, 178752, 1, 0
3840, 178442, 1, 0
4098, 167933, 1, 0
4362, 173181, 1, 0
4621, 168466, 1, 0
4871, 166231, 1, 0
5126, 165021, 1, 0
5377, 179931, 1, 0
5632, 227306, 1, 0
5890, 135800, 1, 0
6145, 160056, 1, 0
6410, 163196, 1, 0
6663, 172964, 1, 0
6915, 166657, 1, 0
7177, 162840, 1, 0
7428, 162317, 1, 0
7678, 164855, 1, 0
7942, 152604, 1, 0
8197, 175754, 1, 0
8458, 173462, 1, 0
8711, 190759, 1, 0
8964, 167837, 1, 0
9219, 157210, 1, 0
9470, 161687, 1, 0
9734, 177533, 1, 0
9994, 159948, 1, 0
10260, 161473, 1, 0
10607, 169745, 1, 0
10862, 167369, 1, 0
11112, 153461, 1, 0
11375, 168709, 1, 0
11631, 165286, 1, 0
11883, 180682, 1, 0
12141, 165446, 1, 0
12391, 160912, 1, 0
12645, 171807, 1, 0
12900, 182619, 1, 0
13151, 180441, 1, 0
13408, 168583, 1, 0
13658, 173701, 1, 0
13911, 192358, 1, 0
14164, 188373, 1, 0
14415, 187070, 1, 0
14674, 156366, 1, 0
14933, 163349, 1, 0
15190, 165987, 1, 0
15441, 171804, 1, 0
15695, 193227, 1, 0
15955, 161352, 1, 0
16217, 158988, 1, 0
16471, 171798, 1, 0
16738, 169133, 1, 0
16989, 161612, 1, 0
17241, 176392, 1, 0
17502, 182997, 1, 0
17755, 194876, 1, 0
18007, 176941, 1, 0
18265, 149918, 1, 0
18515, 188330, 1, 0
18766, 183927, 1, 0
19019, 169220, 1, 0
19277, 153649, 1, 0
19535, 178469, 1, 0
19787, 165470, 1, 0
20045, 160470, 1, 0
20303, 184543, 1, 0
20649, 159117, 1, 0
20910, 154705, 1, 0
21174, 162525, 1, 0
21437, 167303, 1, 0
21696, 173211, 1, 0
21950, 183649, 1, 0
22200, 167074, 1, 0
22456, 172752, 1, 0
22707, 176668, 1, 0
22967, 174765, 1, 0
23221, 191859, 1, 0
23473, 169270, 1, 0
23727, 174639, 1, 0
23984, 153304, 1, 0
24237, 168880, 1, 0
24493, 169338, 1, 0
24749, 167232, 1, 0
25018, 180865, 1, 0
25282, 166743, 1, 0
25665, 172223, 1, 0
25916, 166204, 1, 0
26173, 169502, 1, 0
26431, 161919, 1, 0
26682, 163118, 1, 0
26940, 163044, 1, 0
27197, 160979, 1, 0
27453, 170627, 1, 0
27707, 183059, 1, 0
27957, 181047, 1, 0
28214, 166749, 1, 0
28465, 159270, 1, 0
28718, 159309, 1, 0
28968, 143339, 1, 0
29223, 165172, 1, 0
29478, 166159, 1, 0
29733, 177941, 1, 0
29989, 165433, 1, 0
30240, 162586, 1, 0
30495, 190028, 1, 0
30746, 212644, 1, 0
31006, 135112, 1, 0
31262, 176245, 1, 0
31531, 166619, 1, 0
31782, 157381, 1, 0
32035, 179145, 1, 0
32301, 160420, 1, 0
32551, 170038, 1, 0
32801, 155548, 1, 0
33059, 152080, 1, 0
33327, 163857, 1, 0
33585, 177190, 1, 0
33837, 156938, 1, 0
34100, 158067, 1, 0
34354, 164971, 1, 0
34614, 159001, 1, 0
34868, 165983, 1, 0
35121, 154087, 1, 0
35372, 159849, 1, 0
35685, 178380, 1, 0
35942, 169516, 1, 0
36193, 159048, 1, 0
36445, 165555, 1, 0
36697, 163235, 1, 0
36952, 171754, 1, 0
37204, 151985, 1, 0
37461, 149506, 1, 0
37713, 151858, 1, 0
37965, 182285, 1, 0
38215, 183645, 1, 0
38467, 158555, 1, 0
38720, 149230, 1, 0
38976, 169596, 1, 0
39234, 157298, 1, 0
39487, 164379, 1, 0
39743, 168252, 1, 0
39994, 197537, 1, 0
40252, 172451, 1, 0
40506, 156804, 1, 0
40767, 191396, 1, 0
41025, 140809, 1, 0
41278, 148848, 1, 0
41529, 161610, 1, 0
41786, 156231, 1, 0
42036, 182009, 1, 0
42286, 151727, 1, 0
42544, 173406, 1, 0
42795, 173755, 1, 0
43055, 164676, 1, 0
43305, 169485, 1, 0
43559, 176058, 1, 0
43810, 170916, 1, 0
44069, 162091, 1, 0
44322, 165164, 1, 0
44580, 151262, 1, 0
44837, 155647, 1, 0
45093, 181554, 1, 0
45346, 172254, 1, 0
45714, 153012, 1, 0
45968, 154978, 1, 0
46227, 166753, 1, 0
46482, 183181, 1, 0
46734, 176641, 1, 0
46998, 175615, 1, 0
47250, 172546, 1, 0
47507, 165977, 1, 0
47771, 168041, 1, 0
48030, 155883, 1, 0
48292, 164443, 1, 0
48543, 172727, 1, 0
48802, 169510, 1, 0
49061, 161593, 1, 0
49316, 155723, 1, 0
49573, 170285, 1, 0
49832, 175025, 1, 0
50097, 172542, 1, 0
50348, 157541, 1, 0
50763, 172766, 1, 0
51026, 166455, 1, 0
51278, 165379, 1, 0
51530, 174946, 1, 0
51782, 161660, 1, 0
52035, 156960, 1, 0
52287, 168626, 1, 0
52548, 175259, 1, 0
52816, 189684, 1, 0
53078, 153876, 1, 0
53330, 157752, 1, 0
53589, 171913, 1, 0
53840, 173741, 1, 0
54098, 177517, 1, 0
54355, 171593, 1, 0
54617, 156463, 1, 0
54875, 160791, 1, 0
55132, 173959, 1, 0
55386, 164267, 1, 0
55759, 161214, 1, 0
56010, 160049, 1, 0
56266, 177251, 1, 0
56516, 172032, 1, 0
56778, 165186, 1, 0
57053, 170769, 1, 0
57312, 165907, 1, 0
57575, 172918, 1, 0
57831, 172263, 1, 0
58091, 148144, 1, 0
58342, 170647, 1, 0
58599, 165764, 1, 0
58852, 180126, 1, 0
59106, 164000, 1, 0
59361, 156775, 1, 0
59612, 152935, 1, 0
59867, 163135, 1, 0
60178, 161403, 1, 0
60178, 250433, 1, 0
