261, 134905, 1, 0
531, 253334, 1, 0
778, 389696, 1, 0
1155, 555955, 1, 0
1273, 506265, 1, 0
1634, 438614, 1, 0
1823, 408662, 1, 0
2067, 569139, 1, 0
2808, 1157576, 1, 0
2812, 1171613, 1, 0
2813, 1171584, 1, 0
3174, 1068895, 1, 0
3358, 1054977, 1, 0
3765, 574319, 1, 0
3767, 884730, 1, 0
4869, 1003261, 1, 0
4870, 1911006, 1, 0
4871, 1695786, 1, 0
4872, 1694971, 1, 0
5041, 1519457, 1, 0
5252, 1067340, 1, 0
5530, 430506, 1, 0
5859, 407134, 1, 0
6196, 383820, 1, 0
6267, 642283, 1, 0
6710, 574564, 1, 0
6769, 872826, 1, 0
7341, 871158, 1, 0
7342, 1072211, 1, 0
7500, 663832, 1, 0
7776, 611479, 1, 0
8246, 318427, 1, 0
8253, 464197, 1, 0
8535, 416235, 1, 0
8750, 435846, 1, 0
9064, 338533, 1, 0
9304, 484107, 1, 0
9637, 358981, 1, 0
9992, 467169, 1, 0
10000, 680215, 1, 0
10659, 800110, 1, 0
10660, 1247970, 1, 0
10781, 1077495, 1, 0
11192, 695770, 1, 0
11339, 542608, 1, 0
11512, 596596, 1, 0
11863, 789591, 1, 0
12073, 1095305, 1, 0
12483, 906227, 1, 0
12597, 675529, 1, 0
12984, 668620, 1, 0
13116, 861228, 1, 0
13467, 982218, 1, 0
13878, 1013181, 1, 0
13879, 893377, 1, 0
14399, 874299, 1, 0
14400, 1274496, 1, 0
14509, 1100320, 1, 0
15043, 1018311, 1, 0
15045, 1161080, 1, 0
15308, 871650, 1, 0
15871, 833278, 1, 0
15872, 1242639, 1, 0
16074, 934941, 1, 0
16585, 786408, 1, 0
16586, 708981, 1, 0
16766, 773734, 1, 0
17452, 851629, 1, 0
17454, 1366740, 1, 0
17561, 1310742, 1, 0
18145, 824763, 1, 0
18146, 691794, 1, 0
19062, 667593, 1, 0
19062, 1415129, 1, 0
19062, 1413277, 1, 0
19064, 1409114, 1, 0
19774, 1050612, 1, 0
19775, 1534195, 1, 0
19776, 1534230, 1, 0
20519, 934604, 1, 0
20521, 1403813, 1, 0
20522, 1402222, 1, 0
21332, 951648, 1, 0
21333, 1469970, 1, 0
21334, 1470439, 1, 0
21560, 914235, 1, 0
22041, 976576, 1, 0
22042, 1333051, 1, 0
22529, 825820, 1, 0
22530, 967673, 1, 0
22754, 591343, 1, 0
23016, 610378, 1, 0
23435, 332223, 1, 0
23516, 459884, 1, 0
23965, 446393, 1, 0
24416, 459225, 1, 0
24417, 758329, 1, 0
24500, 798024, 1, 0
25608, 914845, 1, 0
25609, 1910813, 1, 0
26064, 2097080, 1, 0
26065, 2090981, 1, 0
26175, 1754270, 1, 0
26176, 1675366, 1, 0
26433, 2005748, 1, 0
27024, 1875998, 1, 0
27026, 961224, 1, 0
27027, 961093, 1, 0
27974, 1824567, 1, 0
27975, 1534650, 1, 0
27977, 1539553, 1, 0
28136, 1617522, 1, 0
29011, 1259757, 1, 0
29012, 1785460, 1, 0
29013, 1786776, 1, 0
29014, 1038957, 1, 0
29836, 1043889, 1, 0
29837, 1601754, 1, 0
29838, 1602570, 1, 0
30004, 981043, 1, 0
30415, 366913, 1, 0
30690, 408525, 1, 0
30776, 478003, 1, 0
31217, 428847, 1, 0
31290, 543146, 1, 0
31542, 614002, 1, 0
31957, 832450, 1, 0
32454, 1107682, 1, 0
32456, 1237649, 1, 0
32570, 1279040, 1, 0
32828, 1249139, 1, 0
33072, 841682, 1, 0
33457, 367967, 1, 0
33552, 512889, 1, 0
33815, 479462, 1, 0
34050, 368531, 1, 0
34356, 514786, 1, 0
34540, 437752, 1, 0
34908, 474874, 1, 0
35042, 625244, 1, 0
35322, 438554, 1, 0
35659, 303751, 1, 0
35883, 409261, 1, 0
36134, 499736, 1, 0
36294, 529175, 1, 0
36625, 643796, 1, 0
36875, 756882, 1, 0
37029, 868205, 1, 0
37465, 917473, 1, 0
37923, 695946, 1, 0
37925, 979771, 1, 0
38594, 914496, 1, 0
38596, 1368210, 1, 0
38602, 1135159, 1, 0
38765, 865282, 1, 0
39243, 969537, 1, 0
39370, 773425, 1, 0
40031, 772793, 1, 0
40033, 1048686, 1, 0
40039, 1051114, 1, 0
40281, 930046, 1, 0
40603, 1139834, 1, 0
40861, 1059709, 1, 0
41027, 782621, 1, 0
41479, 878950, 1, 0
41589, 935374, 1, 0
42523, 784124, 1, 0
42524, 1476013, 1, 0
42525, 1476339, 1, 0
42526, 1477327, 1, 0
42832, 1085358, 1, 0
43418, 1241425, 1, 0
43419, 1672146, 1, 0
43501, 973600, 1, 0
44042, 797587, 1, 0
44043, 623888, 1, 0
44254, 746378, 1, 0
44727, 868021, 1, 0
44858, 1228945, 1, 0
45559, 812376, 1, 0
45560, 827246, 1, 0
45561, 1304379, 1, 0
45792, 859175, 1, 0
46227, 925708, 1, 0
46323, 985449, 1, 0
46814, 767399, 1, 0
46815, 1081827, 1, 0
47053, 742520, 1, 0
47330, 470147, 1, 0
47500, 398543, 1, 0
47754, 535168, 1, 0
48028, 345909, 1, 0
48668, 461276, 1, 0
48738, 1000702, 1, 0
48840, 1025316, 1, 0
49000, 1107287, 1, 0
49737, 1079073, 1, 0
50597, 2452543, 1, 0
50598, 1928672, 1, 0
50599, 1859554, 1, 0
50600, 1858666, 1, 0
51071, 2330639, 1, 0
51071, 2225345, 1, 0
51074, 1946573, 1, 0
51744, 1801597, 1, 0
51746, 670766, 1, 0
51751, 663943, 1, 0
52130, 816075, 1, 0
52342, 618877, 1, 0
52500, 445847, 1, 0
52895, 418776, 1, 0
53005, 505409, 1, 0
53266, 279611, 1, 0
53522, 423131, 1, 0
53922, 563811, 1, 0
54062, 674128, 1, 0
54459, 597268, 1, 0
54565, 408968, 1, 0
54785, 375623, 1, 0
55054, 305745, 1, 0
55269, 417789, 1, 0
55531, 442843, 1, 0
56011, 387744, 1, 0
56012, 479328, 1, 0
56278, 467260, 1, 0
56652, 632827, 1, 0
57045, 667815, 1, 0
57047, 798101, 1, 0
57541, 1052895, 1, 0
57542, 1434959, 1, 0
58094, 1118036, 1, 0
58094, 1425344, 1, 0
58434, 917680, 1, 0
58894, 935193, 1, 0
58895, 1341811, 1, 0
59044, 866548, 1, 0
59283, 1000869, 1, 0
59732, 1077627, 1, 0
64800, 3826042, 1, 0
65240, 6343734, 1, 0
65240, 6340038, 1, 0
65240, 6342654, 1, 0
65240, 6338535, 1, 0
65240, 6798212, 1, 0
65240, 6337086, 1, 0
65240, 6797269, 1, 0
65240, 6344579, 1, 0
65240, 6336143, 1, 0
65240, 6341826, 1, 0
65240, 6334517, 1, 0
65240, 6341163, 1, 0
65240, 5952396, 1, 0
65240, 5951426, 1, 0
65240, 6332557, 1, 0
65240, 5950427, 1, 0
65240, 5949578, 1, 0
65240, 6193132, 1, 0
65240, 6194813, 1, 0
65240, 6192350, 1, 0
65240, 6193981, 1, 0
65240, 5911390, 1, 0
