1328, 1324008, 1, 0
1331, 1324662, 1, 0
1332, 1328842, 1, 0
1333, 1325996, 1, 0
1775, 1774499, 1, 0
1777, 1768861, 1, 0
1778, 1764981, 1, 0
2006, 1819543, 1, 0
2504, 2009472, 1, 0
2506, 1173266, 1, 0
2804, 721843, 1, 0
3404, 748563, 1, 0
3405, 1218327, 1, 0
3913, 897837, 1, 0
3914, 1206842, 1, 0
4466, 1115462, 1, 0
4467, 1062316, 1, 0
4504, 1096191, 1, 0
5285, 1153882, 1, 0
5286, 1372068, 1, 0
5286, 1369843, 1, 0
5552, 1222993, 1, 0
6217, 1190218, 1, 0
6218, 1644941, 1, 0
6251, 1547257, 1, 0
6501, 1131025, 1, 0
7072, 962059, 1, 0
7187, 967144, 1, 0
7326, 973092, 1, 0
7842, 1065097, 1, 0
7843, 1341358, 1, 0
8208, 731014, 1, 0
8348, 883623, 1, 0
8652, 676031, 1, 0
8907, 866349, 1, 0
9056, 745994, 1, 0
9572, 894971, 1, 0
9574, 1151389, 1, 0
9862, 1134857, 1, 0
10010, 1025861, 1, 0
10372, 1315088, 1, 0
10514, 862349, 1, 0
11059, 717294, 1, 0
11084, 711929, 1, 0
13820, 3857831, 1, 0
13821, 3445123, 1, 0
13822, 3446496, 1, 0
13822, 3254093, 1, 0
13823, 3306746, 1, 0
13823, 3304508, 1, 0
13824, 3449586, 1, 0
13824, 3450852, 1, 0
13825, 3450698, 1, 0
13826, 3449458, 1, 0
13827, 3449024, 1, 0
14403, 3391080, 1, 0
14404, 3825893, 1, 0
14540, 3770662, 1, 0
14875, 3428394, 1, 0
15137, 936018, 1, 0
15365, 612099, 1, 0
15731, 556818, 1, 0
16028, 744757, 1, 0
16028, 878352, 1, 0
16308, 783450, 1, 0
16513, 888806, 1, 0
16790, 782339, 1, 0
17028, 933123, 1, 0
17647, 910214, 1, 0
17647, 1332288, 1, 0
17757, 1193833, 1, 0
18127, 835249, 1, 0
18338, 583290, 1, 0
18526, 686034, 1, 0
19039, 871903, 1, 0
19039, 1186989, 1, 0
19289, 843315, 1, 0
19594, 981079, 1, 0
19750, 966029, 1, 0
20395, 841601, 1, 0
20396, 1339021, 1, 0
20585, 1360491, 1, 0
20894, 942294, 1, 0
21455, 1081834, 1, 0
21455, 1053224, 1, 0
21677, 971231, 1, 0
22227, 1133884, 1, 0
22227, 1331265, 1, 0
22331, 1041647, 1, 0
22578, 955794, 1, 0
23024, 1257080, 1, 0
23024, 1552595, 1, 0
23282, 1120704, 1, 0
23611, 840813, 1, 0
23763, 738474, 1, 0
24205, 797234, 1, 0
24371, 1109089, 1, 0
25210, 1006266, 1, 0
25211, 1435147, 1, 0
25211, 1436532, 1, 0
25367, 1032902, 1, 0
26059, 1072744, 1, 0
26060, 1593201, 1, 0
26060, 1592245, 1, 0
26394, 911066, 1, 0
26534, 1015069, 1, 0
26930, 1192651, 1, 0
27126, 949170, 1, 0
27282, 875463, 1, 0
27558, 849254, 1, 0
27776, 831394, 1, 0
28450, 761627, 1, 0
28452, 1167993, 1, 0
28626, 859592, 1, 0
28836, 863777, 1, 0
29437, 1048531, 1, 0
29438, 1460505, 1, 0
29514, 960223, 1, 0
29780, 1016643, 1, 0
30052, 1004823, 1, 0
30639, 1137335, 1, 0
30641, 1202400, 1, 0
30801, 1089876, 1, 0
31362, 1057063, 1, 0
31363, 1310428, 1, 0
31630, 1089427, 1, 0
33013, 1627218, 1, 0
33015, 2273844, 1, 0
33016, 2214935, 1, 0
33017, 2284307, 1, 0
33017, 1653829, 1, 0
33019, 1640056, 1, 0
33880, 1955499, 1, 0
33881, 2249347, 1, 0
33881, 856117, 1, 0
34184, 1173644, 1, 0
34669, 1234880, 1, 0
34670, 1630192, 1, 0
35085, 1704186, 1, 0
35086, 2044941, 1, 0
35423, 1876447, 1, 0
40753, 2587304, 1, 0
40754, 6758197, 1, 0
40754, 6569524, 1, 0
40755, 6566295, 1, 0
40756, 5667971, 1, 0
40757, 6571368, 1, 0
40758, 5672004, 1, 0
40758, 6763718, 1, 0
40759, 6873391, 1, 0
40759, 6088943, 1, 0
40760, 6572420, 1, 0
40761, 6877434, 1, 0
40762, 6087734, 1, 0
40762, 6091194, 1, 0
40763, 6574752, 1, 0
40764, 5677756, 1, 0
40765, 6092401, 1, 0
40766, 6092896, 1, 0
40767, 6778848, 1, 0
40768, 6881668, 1, 0
40769, 6884171, 1, 0
40770, 6774709, 1, 0
41455, 3131784, 1, 0
41456, 697683, 1, 0
41789, 754561, 1, 0
41790, 1022663, 1, 0
42413, 1058876, 1, 0
42414, 1590004, 1, 0
44081, 1779226, 1, 0
44082, 3189109, 1, 0
44082, 2626668, 1, 0
44083, 3188429, 1, 0
44086, 2628079, 1, 0
44087, 2621508, 1, 0
44088, 2621736, 1, 0
44707, 3239746, 1, 0
44709, 2917507, 1, 0
45265, 2944895, 1, 0
45265, 3472647, 1, 0
45266, 2852526, 1, 0
45800, 1627426, 1, 0
45801, 535677, 1, 0
46059, 540100, 1, 0
46265, 769432, 1, 0
46746, 505797, 1, 0
46750, 632730, 1, 0
47070, 676725, 1, 0
47325, 806083, 1, 0
47635, 662354, 1, 0
47755, 625907, 1, 0
48221, 319508, 1, 0
48256, 502470, 1, 0
48790, 583599, 1, 0
48791, 569712, 1, 0
49019, 645868, 1, 0
49336, 668717, 1, 0
49819, 500711, 1, 0
49820, 793198, 1, 0
50071, 828015, 1, 0
50312, 832878, 1, 0
50584, 843278, 1, 0
50983, 956448, 1, 0
51024, 1091472, 1, 0
51295, 1004620, 1, 0
51735, 1083251, 1, 0
52204, 843231, 1, 0
52206, 1159134, 1, 0
52291, 1100687, 1, 0
52964, 1017020, 1, 0
52964, 1229355, 1, 0
53015, 843385, 1, 0
53265, 788273, 1, 0
53760, 983885, 1, 0
53760, 1369973, 1, 0
54019, 1045067, 1, 0
54899, 922116, 1, 0
54901, 1137423, 1, 0
54902, 1128830, 1, 0
55702, 1125411, 1, 0
55703, 1626710, 1, 0
55705, 803961, 1, 0
55920, 1150007, 1, 0
56629, 1372601, 1, 0
56629, 1722022, 1, 0
65516, 10604185, 1, 0
66092, 11166556, 1, 0
66092, 11178213, 1, 0
66092, 11176903, 1, 0
66092, 11177597, 1, 0
66092, 11162661, 1, 0
66092, 11173264, 1, 0
66092, 10386314, 1, 0
66092, 11170571, 1, 0
66092, 11173956, 1, 0
66092, 11171182, 1, 0
66092, 11161028, 1, 0
66092, 10380890, 1, 0
66092, 11171817, 1, 0
66092, 11172516, 1, 0
66092, 10170222, 1, 0
66092, 11159330, 1, 0
66092, 11167499, 1, 0
66092, 11161875, 1, 0
66092, 10385579, 1, 0
66092, 11165321, 1, 0
66092, 11168314, 1, 0
66092, 11160181, 1, 0
66092, 10388554, 1, 0
66092, 10170883, 1, 0
66092, 9461985, 1, 0
66092, 10382564, 1, 0
66092, 9462477, 1, 0
66092, 11182194, 1, 0
66092, 11175783, 1, 0
66092, 11164308, 1, 0
66092, 11163412, 1, 0
