792, 792520, 0, 0
1042, 4377, 0, 0
1292, 1070, 0, 0
1544, 989, 0, 0
1794, 1242, 0, 0
2045, 878, 0, 0
2301, 1403, 0, 0
2551, 947, 0, 0
2801, 923, 0, 0
3051, 1159, 0, 0
3302, 996, 0, 0
3553, 1081, 0, 0
3803, 1098, 0, 0
4054, 996, 0, 0
4304, 1050, 0, 0
4555, 1081, 0, 0
4805, 929, 0, 0
5062, 963, 0, 0
5312, 1112, 0, 0
5562, 1193, 0, 0
5819, 1294, 0, 0
6069, 1292, 0, 0
6326, 1176, 0, 0
6578, 990, 0, 0
6828, 1160, 0, 0
7079, 1072, 0, 0
7334, 982, 0, 0
7584, 1120, 0, 0
7835, 1097, 0, 0
8085, 935, 0, 0
8335, 946, 0, 0
8585, 1188, 0, 0
8838, 1346, 0, 0
9088, 1010, 0, 0
9338, 971, 0, 0
9588, 975, 0, 0
9838, 1340, 0, 0
10088, 1017, 0, 0
10339, 919, 0, 0
10589, 1159, 0, 0
10839, 1012, 0, 0
11089, 1323, 0, 0
11339, 939, 0, 0
11594, 1336, 0, 0
11844, 948, 0, 0
12094, 1550, 0, 0
12344, 1092, 0, 0
12594, 979, 0, 0
12844, 946, 0, 0
13094, 1133, 0, 0
13344, 1209, 0, 0
13594, 1005, 0, 0
13849, 1350, 0, 0
14099, 979, 0, 0
14349, 1356, 0, 0
14599, 995, 0, 0
14849, 919, 0, 0
15099, 1087, 0, 0
15349, 1236, 0, 0
15599, 1150, 0, 0
15849, 1150, 0, 0
16099, 1574, 0, 0
16354, 1308, 0, 0
16604, 1233, 0, 0
16854, 1660, 0, 0
17104, 784, 0, 0
17354, 974, 0, 0
17604, 1617, 0, 0
17854, 1077, 0, 0
18104, 1599, 0, 0
18354, 2066, 0, 0
18608, 1348, 0, 0
18858, 1333, 0, 0
19111, 1055, 0, 0
19361, 1630, 0, 0
19611, 1242, 0, 0
19861, 813, 0, 0
20116, 1320, 0, 0
20366, 1401, 0, 0
20616, 1245, 0, 0
20866, 1460, 0, 0
21117, 1191, 0, 0
21367, 1653, 0, 0
21617, 1530, 0, 0
21867, 1194, 0, 0
22117, 1314, 0, 0
22367, 861, 0, 0
22617, 998, 0, 0
22867, 1701, 0, 0
23117, 1167, 0, 0
23367, 1284, 0, 0
23617, 3389, 0, 0
23867, 1061, 0, 0
24117, 1340, 0, 0
24367, 1049, 0, 0
24617, 1460, 0, 0
24867, 1425, 0, 0
25119, 1298, 0, 0
25369, 1037, 0, 0
25619, 1457, 0, 0
25869, 1634, 0, 0
26119, 1317, 0, 0
26369, 900, 0, 0
26621, 1004, 0, 0
26871, 1248, 0, 0
27121, 1379, 0, 0
27376, 1427, 0, 0
27630, 1245, 0, 0
27880, 1624, 0, 0
28130, 1301, 0, 0
28380, 1402, 0, 0
28630, 1120, 0, 0
28880, 926, 0, 0
29130, 995, 0, 0
29380, 1834, 0, 0
29630, 1131, 0, 0
29880, 1308, 0, 0
30130, 1300, 0, 0
30380, 1480, 0, 0
30630, 1480, 0, 0
30885, 1107, 0, 0
31135, 1675, 0, 0
31385, 1048, 0, 0
31635, 769, 0, 0
31885, 2075, 0, 0
32140, 991, 0, 0
32390, 1584, 0, 0
32640, 1323, 0, 0
32890, 1569, 0, 0
33140, 1287, 0, 0
33390, 1289, 0, 0
33640, 1651, 0, 0
33890, 997, 0, 0
34140, 860, 0, 0
34390, 1461, 0, 0
34640, 1302, 0, 0
34890, 1417, 0, 0
35140, 1188, 0, 0
35390, 1306, 0, 0
35640, 1150, 0, 0
35890, 1479, 0, 0
36140, 1511, 0, 0
36390, 954, 0, 0
36640, 955, 0, 0
36896, 1267, 0, 0
37146, 1250, 0, 0
37396, 1212, 0, 0
37646, 1530, 0, 0
37896, 1396, 0, 0
38146, 1069, 0, 0
38397, 1176, 0, 0
38647, 1568, 0, 0
38897, 936, 0, 0
39147, 998, 0, 0
39397, 1499, 0, 0
39647, 1058, 0, 0
39897, 1714, 0, 0
40147, 1080, 0, 0
40397, 1361, 0, 0
40647, 1265, 0, 0
40897, 1251, 0, 0
41150, 1733, 0, 0
41400, 846, 0, 0
41650, 964, 0, 0
41900, 1345, 0, 0
42150, 1379, 0, 0
42400, 1628, 0, 0
42720, 1524, 0, 0
42970, 1331, 0, 0
43220, 1475, 0, 0
43470, 1138, 0, 0
43720, 1798, 0, 0
43970, 1127, 0, 0
44220, 1348, 0, 0
44470, 1070, 0, 0
44720, 1258, 0, 0
44972, 1653, 0, 0
45222, 1056, 0, 0
45472, 1227, 0, 0
45722, 1219, 0, 0
45972, 2210, 0, 0
46225, 1027, 0, 0
46475, 1211, 0, 0
46725, 1222, 0, 0
46975, 1211, 0, 0
47230, 1104, 0, 0
47480, 1789, 0, 0
47730, 1158, 0, 0
47983, 819, 0, 0
48233, 1246, 0, 0
48483, 1465, 0, 0
48733, 1216, 0, 0
48983, 1192, 0, 0
49233, 1241, 0, 0
49483, 1073, 0, 0
49733, 1655, 0, 0
49983, 1428, 0, 0
50233, 1237, 0, 0
50483, 1415, 0, 0
50733, 1201, 0, 0
50983, 1058, 0, 0
51238, 1172, 0, 0
51488, 1571, 0, 0
51738, 1126, 0, 0
51988, 974, 0, 0
52238, 1043, 0, 0
52488, 1498, 0, 0
52738, 1238, 0, 0
52988, 1345, 0, 0
53238, 980, 0, 0
53488, 1504, 0, 0
53744, 1344, 0, 0
53998, 1778, 0, 0
54248, 852, 0, 0
54498, 928, 0, 0
54753, 1359, 0, 0
55003, 1234, 0, 0
55253, 1452, 0, 0
55509, 1549, 0, 0
55759, 1922, 0, 0
56009, 1103, 0, 0
56259, 1301, 0, 0
56515, 1359, 0, 0
56765, 1245, 0, 0
57015, 1343, 0, 0
57267, 1115, 0, 0
57517, 1133, 0, 0
57768, 1613, 0, 0
58018, 928, 0, 0
58268, 981, 0, 0
58518, 1257, 0, 0
58768, 1033, 0, 0
59018, 1654, 0, 0
59268, 1209, 0, 0
59518, 1164, 0, 0
59768, 1330, 0, 0
60000, 1108, 0, 0
