5507, 5336454, 0, 0
5536, 5322058, 0, 0
5564, 4696752, 1, 0
5593, 4665897, 0, 0
5701, 4054736, 1, 0
5746, 3905735, 1, 0
5952, 3826676, 1, 0
5995, 3450337, 1, 0
6163, 3582071, 0, 0
6395, 3771102, 0, 0
6440, 3764296, 0, 0
6473, 3523838, 1, 0
6509, 3246649, 1, 0
6896, 3384322, 1, 0
7149, 3594083, 0, 0
7183, 3563503, 0, 0
7551, 3845431, 0, 0
7600, 3820333, 0, 0
7643, 3785237, 0, 0
7708, 3784862, 0, 0
7748, 3754738, 0, 0
8202, 4167834, 0, 0
8407, 4329029, 0, 0
8443, 4330594, 0, 0
8481, 4325138, 0, 0
8531, 4342038, 0, 0
8592, 4132489, 1, 0
8644, 3945804, 1, 0
8954, 3976507, 1, 0
9001, 3559395, 1, 0
9374, 3904414, 0, 0
9620, 4113625, 0, 0
9705, 4168904, 0, 0
9893, 4328328, 0, 0
10471, 4878331, 0, 0
10767, 5066242, 0, 0
10823, 5076311, 0, 0
10915, 4963261, 1, 0
10977, 4982362, 0, 0
11030, 4866445, 1, 0
11255, 4859992, 1, 0
11294, 4854147, 0, 0
11333, 4859301, 0, 0
11611, 5101829, 0, 0
11847, 4950843, 1, 0
12135, 4986375, 1, 0
12432, 5249141, 0, 0
12747, 5195921, 1, 0
12812, 5212092, 0, 0
13072, 5429119, 0, 0
13440, 5732267, 0, 0
13818, 6069455, 0, 0
14118, 5915859, 1, 0
14209, 5802081, 1, 0
14491, 6047700, 0, 0
14553, 6071894, 0, 0
14895, 6363253, 0, 0
15156, 6563841, 0, 0
15272, 6628306, 0, 0
15460, 6506526, 1, 0
15613, 6612406, 0, 0
16095, 6720497, 1, 0
16309, 6689123, 1, 0
16376, 6671339, 0, 0
16448, 6555531, 1, 0
16646, 6175480, 1, 0
16854, 6086930, 1, 0
17078, 6255782, 0, 0
17410, 6343362, 0, 0
17546, 6340400, 0, 0
17546, 6237746, 1, 0
18033, 6246750, 0, 0
18033, 6421830, 1, 0
18353, 6506054, 1, 0
18407, 6272055, 0, 0
18618, 6185849, 1, 0
19224, 6412123, 0, 0
19224, 5910551, 1, 0
19681, 6608526, 1, 0
19921, 6480921, 1, 0
19962, 6144403, 1, 0
20007, 5889364, 1, 0
20080, 5871566, 0, 0
20389, 5898301, 1, 0
20552, 5919166, 0, 0
20552, 5657215, 1, 0
20839, 5683225, 1, 0
21005, 5733139, 0, 0
21289, 5712745, 1, 0
21512, 5417763, 1, 0
22028, 5223889, 0, 0
22028, 4956304, 1, 0
22085, 4915355, 0, 0
22315, 4741245, 0, 0
22315, 4715905, 1, 0
22612, 4828201, 0, 0
22612, 4579418, 1, 0
22880, 4526699, 1, 0
23156, 4748950, 0, 0
23300, 4590410, 0, 0
23300, 4334076, 1, 0
23566, 3885133, 1, 0
24081, 4160074, 1, 0
24153, 4191020, 0, 0
24355, 4257152, 0, 0
24766, 4293701, 0, 0
24766, 4051822, 1, 0
24981, 4429612, 0, 0
25086, 4247428, 1, 0
25539, 3952190, 0, 0
25539, 3945598, 1, 0
25656, 4058154, 0, 0
25761, 4118702, 0, 0
26116, 4435015, 0, 0
26445, 4458702, 0, 0
26445, 4417504, 1, 0
26538, 4452958, 0, 0
26814, 4583822, 0, 0
27328, 4833532, 0, 0
28229, 5821891, 0, 0
28438, 5825444, 1, 0
28651, 5771569, 0, 0
28925, 5769353, 1, 0
29204, 5993840, 0, 0
29245, 5997041, 0, 0
29281, 5981490, 0, 0
29325, 5758975, 1, 0
29573, 5491727, 1, 0
29902, 5748684, 0, 0
29962, 5715029, 0, 0
30080, 5724765, 0, 0
30294, 5672640, 0, 0
30294, 5527875, 1, 0
30715, 5449903, 0, 0
30715, 5379448, 1, 0
30892, 5710124, 0, 0
31128, 5908426, 0, 0
31324, 5797265, 0, 0
31324, 5670730, 1, 0
31673, 5554163, 0, 0
31673, 5340492, 1, 0
31851, 5405645, 1, 0
32187, 5474249, 0, 0
32391, 5577371, 1, 0
32535, 5541776, 0, 0
32535, 4737659, 1, 0
32842, 4404095, 1, 0
33044, 4392427, 1, 0
33309, 4383664, 1, 0
33504, 4299759, 1, 0
33760, 4514934, 0, 0
34004, 4723016, 0, 0
34273, 4713341, 0, 0
34273, 4699634, 1, 0
34701, 4739138, 0, 0
34701, 4417774, 1, 0
34752, 4671555, 1, 0
35070, 4711469, 0, 0
35070, 4776328, 1, 0
35253, 4627962, 0, 0
35253, 4501785, 1, 0
35661, 4487685, 0, 0
35661, 4334495, 1, 0
36041, 4599443, 0, 0
36268, 4873770, 0, 0
36343, 4886818, 0, 0
36716, 5042558, 1, 0
36800, 4949752, 1, 0
37050, 4954599, 0, 0
37050, 4863408, 1, 0
37263, 4872342, 1, 0
37528, 4966593, 0, 0
37796, 5211725, 0, 0
37796, 4954167, 1, 0
38071, 4844943, 1, 0
38328, 4440950, 1, 0
38511, 4473250, 0, 0
38832, 4559010, 1, 0
39002, 4681925, 0, 0
39757, 5005307, 0, 0
39757, 4521281, 1, 0
40100, 5274904, 0, 0
40182, 5111564, 1, 0
40434, 5310853, 0, 0
40614, 5446618, 0, 0
40742, 5524678, 0, 0
40825, 5572317, 0, 0
41211, 5496604, 1, 0
41522, 5830397, 0, 0
41626, 5585402, 1, 0
41922, 5578570, 0, 0
41922, 5435455, 1, 0
42236, 5520412, 1, 0
42543, 5742683, 0, 0
42629, 5736303, 0, 0
42894, 5843721, 1, 0
43086, 5638548, 0, 0
43086, 5621406, 1, 0
43295, 5498695, 0, 0
43295, 5455880, 1, 0
43768, 5697699, 0, 0
43768, 5378466, 1, 0
43808, 5699972, 0, 0
44222, 5643166, 0, 0
44222, 5710107, 1, 0
44418, 5586077, 1, 0
44673, 5452059, 1, 0
44891, 4887250, 1, 0
45063, 4597802, 0, 0
45063, 4526282, 1, 0
45311, 4569436, 0, 0
45538, 4713343, 0, 0
45914, 4770973, 0, 0
45914, 4702772, 1, 0
46035, 4408965, 0, 0
46035, 4449227, 1, 0
46894, 4715860, 0, 0
47125, 4888509, 1, 0
47200, 4657291, 1, 0
47723, 5093867, 0, 0
47992, 5097704, 1, 0
48076, 5128269, 0, 0
48363, 5378690, 0, 0
48502, 5416025, 0, 0
48537, 5334204, 0, 0
48741, 5446240, 0, 0
48788, 5437908, 0, 0
49188, 5379946, 0, 0
49188, 5221650, 1, 0
49520, 5653890, 0, 0
49766, 5862704, 0, 0
49805, 5583044, 1, 0
50043, 5625425, 1, 0
50296, 5840984, 0, 0
50519, 5846331, 1, 0
50964, 6040661, 0, 0
51344, 6415826, 0, 0
51743, 6782882, 0, 0
51954, 6890891, 0, 0
52036, 6724485, 1, 0
52254, 6715613, 1, 0
52353, 6676292, 0, 0
52640, 6668251, 0, 0
52640, 6514844, 1, 0
52974, 6738456, 0, 0
53064, 6170172, 1, 0
53307, 6182105, 1, 0
53643, 6442501, 0, 0
54083, 6360337, 1, 0
54152, 6160518, 1, 0
55010, 6934163, 0, 0
55248, 6884959, 1, 0
55487, 6984898, 0, 0
55828, 7291292, 0, 0
55875, 7133557, 1, 0
55917, 7128478, 0, 0
55952, 6962462, 1, 0
56179, 6990637, 1, 0
56540, 7020188, 1, 0
56576, 6810462, 1, 0
56928, 6815692, 0, 0
56928, 6884491, 1, 0
57343, 7047379, 1, 0
57430, 6910964, 0, 0
57701, 6951589, 0, 0
57934, 6969970, 1, 0
58150, 6806394, 1, 0
58458, 6474779, 1, 0
58516, 6480048, 0, 0
58793, 6268351, 0, 0
58793, 6231676, 1, 0
59138, 6272451, 0, 0
59138, 6164316, 1, 0
59287, 6223610, 0, 0
59570, 6262824, 1, 0
59859, 5894911, 1, 0
60161, 5755767, 0, 0
60161, 5151279, 1, 0
60161, 2423391, 0, 0
60161, 2299507, 1, 0
6266, 6141139, 0, 0
6764, 6584355, 0, 0
6985, 6726705, 0, 0
7309, 7008706, 0, 0
7631, 7272384, 0, 0
7683, 7260998, 0, 0
7858, 7219083, 0, 0
7882, 7020222, 1, 0
7924, 6286843, 1, 0
7948, 6079047, 1, 0
7973, 5886604, 1, 0
8346, 6080434, 0, 0
8608, 6292098, 0, 0
8682, 5994833, 1, 0
8705, 5968707, 0, 0
8944, 5974244, 1, 0
9341, 6335589, 0, 0
9552, 6468354, 0, 0
9575, 6260433, 1, 0
9810, 6284776, 1, 0
10270, 6558285, 1, 0
10642, 6662511, 1, 0
10995, 6971016, 0, 0
11023, 6542041, 1, 0
11052, 6337632, 1, 0
11247, 6161622, 1, 0
11280, 5906516, 1, 0
11324, 5926718, 0, 0
11353, 5586722, 1, 0
11380, 5583247, 0, 0
11660, 5622364, 1, 0
12199, 5933248, 1, 0
12521, 5757455, 1, 0
12549, 5564637, 1, 0
12584, 5274887, 1, 0
12617, 4986123, 1, 0
13063, 5380507, 0, 0
13114, 5256599, 1, 0
13142, 5259444, 0, 0
13462, 5538374, 0, 0
13490, 5542058, 0, 0
13515, 5541557, 0, 0
13888, 5541418, 1, 0
14191, 5583700, 1, 0
14559, 5876857, 0, 0
14589, 5884149, 0, 0
14615, 5670522, 1, 0
14640, 5299050, 1, 0
14820, 5268342, 1, 0
14850, 5274541, 0, 0
15148, 5338114, 1, 0
15181, 4911451, 1, 0
15205, 4562319, 1, 0
15381, 4386816, 1, 0
15427, 4404379, 0, 0
15472, 4419868, 0, 0
15511, 4264377, 1, 0
15539, 4258336, 0, 0
15766, 4441675, 0, 0
15805, 4451697, 0, 0
16234, 4854208, 0, 0
16510, 4850382, 1, 0
16717, 4518336, 1, 0
16959, 4438106, 1, 0
17168, 4619221, 0, 0
17426, 4842277, 0, 0
17644, 5027234, 0, 0
18210, 5147016, 1, 0
18521, 5406351, 0, 0
19062, 5920605, 0, 0
19092, 5630251, 1, 0
19138, 5647852, 0, 0
19287, 5772338, 0, 0
19330, 5442628, 1, 0
19354, 5162694, 1, 0
19379, 4819815, 1, 0
19418, 4829074, 0, 0
19541, 4829711, 0, 0
19541, 4720680, 1, 0
19784, 4727944, 0, 0
19784, 4635550, 1, 0
20163, 4981939, 0, 0
20273, 5068242, 0, 0
20644, 5262755, 1, 0
20998, 5408967, 0, 0
21203, 5692090, 0, 0
21316, 5777292, 0, 0
21503, 5697983, 0, 0
21503, 5580037, 1, 0
21924, 5192355, 1, 0
22270, 5310878, 1, 0
22318, 5149812, 1, 0
22547, 4977340, 1, 0
22798, 4127050, 1, 0
23125, 3868589, 0, 0
23485, 4197824, 1, 0
23935, 4604895, 0, 0
23980, 4625793, 0, 0
24012, 4633090, 0, 0
24454, 4758436, 0, 0
24535, 4957896, 0, 0
24787, 4513683, 0, 0
24787, 4645805, 1, 0
25013, 4293594, 0, 0
25013, 4292573, 1, 0
25424, 4183794, 1, 0
25606, 4289988, 0, 0
25753, 4407209, 0, 0
26039, 4498874, 0, 0
26039, 4442177, 1, 0
26345, 4176249, 0, 0
26345, 3975083, 1, 0
26712, 4164909, 0, 0
26794, 4155695, 0, 0
27092, 4354205, 0, 0
27313, 4426857, 0, 0
27543, 4186669, 1, 0
28114, 4178516, 1, 0
28181, 4200710, 0, 0
28364, 4352044, 0, 0
28642, 4457041, 0, 0
28876, 4421327, 1, 0
29137, 4638142, 0, 0
29335, 4703606, 0, 0
29873, 4946633, 0, 0
29914, 4977472, 0, 0
30155, 5142529, 0, 0
30269, 5040730, 0, 0
30269, 4733465, 1, 0
30519, 4511272, 0, 0
30519, 4548383, 1, 0
30805, 4659021, 0, 0
31043, 4902348, 0, 0
31267, 4975893, 0, 0
31267, 4922180, 1, 0
31564, 4598451, 0, 0
31564, 4541203, 1, 0
31837, 4485007, 0, 0
32041, 4600069, 1, 0
32296, 4182150, 0, 0
32296, 4561959, 1, 0
32903, 4205215, 0, 0
32903, 4539110, 1, 0
32958, 4532983, 0, 0
33170, 4528224, 1, 0
33257, 4228733, 1, 0
33530, 4289031, 0, 0
33530, 4194789, 1, 0
33858, 4048343, 1, 0
34168, 4254323, 0, 0
34344, 4188683, 1, 0
34727, 4347205, 0, 0
34933, 4664073, 0, 0
35116, 4814788, 0, 0
35376, 4888280, 1, 0
35701, 5182218, 0, 0
35821, 5119009, 1, 0
36143, 4911161, 0, 0
36143, 4866034, 1, 0
36428, 5105825, 0, 0
36531, 5103289, 0, 0
36531, 4966825, 1, 0
37042, 4936113, 0, 0
37042, 4718304, 1, 0
37351, 5055369, 1, 0
37414, 5028190, 0, 0
37662, 4759388, 1, 0
37895, 4936919, 0, 0
38269, 5056652, 0, 0
38269, 4811042, 1, 0
38459, 5201431, 0, 0
38744, 5273592, 1, 0
38907, 5377429, 0, 0
39075, 5492325, 0, 0
39315, 5251399, 1, 0
39777, 5433478, 1, 0
40122, 5741663, 0, 0
40428, 5700280, 1, 0
40534, 5601661, 1, 0
40634, 5518454, 1, 0
40759, 5383816, 1, 0
41178, 5477037, 1, 0
41286, 5464864, 1, 0
41704, 5833745, 0, 0
42054, 6145043, 0, 0
42167, 6229100, 0, 0
42394, 6032531, 1, 0
42601, 6105447, 0, 0
42885, 6217410, 0, 0
43430, 6524794, 0, 0
43491, 6448638, 1, 0
43529, 6177794, 1, 0
43904, 6229435, 0, 0
43904, 6241572, 1, 0
44242, 6346449, 1, 0
44295, 6313259, 0, 0
44557, 6287374, 1, 0
44851, 6129164, 1, 0
45057, 6150346, 1, 0
45275, 5960013, 0, 0
45275, 5988247, 1, 0
45520, 5742154, 1, 0
45794, 5454252, 1, 0
46062, 5423898, 0, 0
46263, 5449505, 0, 0
46263, 5084860, 1, 0
46500, 5035631, 0, 0
46500, 4796824, 1, 0
46791, 4517193, 0, 0
46791, 4547824, 1, 0
47054, 4436029, 0, 0
47054, 4300624, 1, 0
47274, 4389429, 1, 0
47716, 4346129, 0, 0
47716, 4005232, 1, 0
47765, 4236502, 0, 0
48103, 4459772, 0, 0
48342, 4217215, 1, 0
48536, 4241511, 0, 0
48752, 4194950, 1, 0
49032, 4225745, 0, 0
49032, 4180903, 1, 0
49281, 4044652, 0, 0
49281, 4033218, 1, 0
49625, 3782147, 0, 0
49625, 3842744, 1, 0
49826, 3871645, 1, 0
50027, 3964906, 1, 0
50288, 4078892, 0, 0
50594, 4331344, 0, 0
50766, 4443693, 0, 0
51037, 4435283, 0, 0
51037, 4470869, 1, 0
51453, 4447357, 0, 0
51453, 4662862, 1, 0
51818, 4962650, 0, 0
51968, 5065939, 0, 0
52001, 4946769, 1, 0
52541, 5140207, 0, 0
52541, 4941858, 1, 0
52700, 5264513, 0, 0
52750, 5034327, 1, 0
53007, 5241560, 0, 0
53321, 5083380, 0, 0
53321, 4977282, 1, 0
53509, 4964077, 0, 0
53509, 4756980, 1, 0
53821, 4985657, 0, 0
54099, 5067236, 1, 0
54807, 5688414, 0, 0
54882, 5723871, 0, 0
54917, 5720036, 0, 0
55038, 5757636, 0, 0
55266, 5891752, 0, 0
55617, 5900213, 0, 0
55617, 5992171, 1, 0
55950, 5914066, 1, 0
56172, 5884118, 1, 0
56533, 5938325, 1, 0
56829, 6063112, 1, 0
56911, 5940065, 1, 0
57106, 6069826, 0, 0
57538, 6438380, 0, 0
57592, 6138223, 1, 0
57839, 6021401, 1, 0
58121, 5915312, 0, 0
58121, 5904701, 1, 0
58308, 5607793, 1, 0
58566, 5463488, 0, 0
58566, 5308111, 1, 0
58968, 5321445, 0, 0
59174, 5352989, 1, 0
59562, 5462312, 1, 0
59673, 4866717, 1, 0
59909, 5026247, 0, 0
60163, 5246419, 0, 0
60163, 2343836, 0, 0
60163, 2570822, 1, 0
5540, 5447610, 0, 0
5654, 5525935, 0, 0
5689, 4820546, 1, 0
5775, 4845278, 0, 0
5841, 4875622, 0, 0
6036, 4600317, 0, 0
6180, 4620551, 0, 0
6519, 4700558, 1, 0
6569, 4531826, 1, 0
6652, 4236256, 1, 0
6726, 4144576, 1, 0
6945, 4263446, 0, 0
7206, 4365587, 1, 0
7287, 4398701, 0, 0
7393, 4454889, 0, 0
7476, 4510562, 0, 0
7665, 4667858, 0, 0
7876, 4787452, 0, 0
8357, 5119374, 1, 0
8441, 4976973, 1, 0
8520, 4997278, 0, 0
8800, 5219720, 0, 0
8866, 5235942, 0, 0
8920, 4994147, 1, 0
8966, 4592759, 1, 0
9004, 4593648, 0, 0
9036, 4396283, 1, 0
9324, 4386481, 1, 0
9427, 4447875, 0, 0
9645, 4626418, 0, 0
9872, 4488711, 1, 0
10391, 4851489, 1, 0
10451, 4796779, 0, 0
10564, 4875473, 0, 0
10779, 5003406, 0, 0
11158, 5316507, 0, 0
11464, 5428404, 1, 0
11537, 5356629, 0, 0
11737, 5217746, 1, 0
11841, 5271325, 0, 0
12247, 5595080, 0, 0
12324, 5598904, 0, 0
12409, 5464492, 1, 0
12463, 5256653, 1, 0
12506, 5218160, 0, 0
12922, 5528352, 0, 0
13339, 5863254, 0, 0
13641, 5976452, 1, 0
13684, 5807250, 1, 0
13718, 5361128, 1, 0
13780, 5338894, 0, 0
14041, 5521313, 0, 0
14085, 5285013, 1, 0
14271, 5405297, 0, 0
14326, 5405707, 0, 0
14365, 5399391, 0, 0
14709, 5704960, 0, 0
14756, 5720388, 0, 0
14963, 5638222, 1, 0
15259, 5832009, 0, 0
15308, 5663022, 1, 0
15586, 5713868, 1, 0
15824, 5432969, 0, 0
16246, 5794827, 0, 0
16534, 5970248, 0, 0
16599, 5820416, 1, 0
16800, 5642382, 1, 0
17046, 5509599, 0, 0
17046, 5377837, 1, 0
17293, 5452871, 0, 0
17293, 5356463, 1, 0
17554, 5229399, 0, 0
17554, 5094402, 1, 0
18035, 5626147, 0, 0
18122, 5659424, 0, 0
18450, 5682780, 0, 0
18450, 5528054, 1, 0
18700, 5360619, 1, 0
19298, 5614865, 0, 0
19298, 5107420, 1, 0
19738, 6020189, 0, 0
20094, 6314010, 0, 0
20138, 6096798, 1, 0
20392, 6306777, 0, 0
20791, 6519814, 1, 0
20982, 6656310, 0, 0
21036, 6670576, 0, 0
21098, 6388471, 1, 0
21477, 6720624, 0, 0
21518, 6555823, 1, 0
21836, 6577017, 1, 0
21884, 6575376, 0, 0
22322, 6419010, 1, 0
22360, 6114167, 1, 0
22541, 6006923, 1, 0
22841, 6122048, 0, 0
22841, 6041181, 1, 0
23157, 6051528, 0, 0
23157, 5873362, 1, 0
23325, 5899612, 0, 0
23325, 5842624, 1, 0
23554, 5366323, 0, 0
23554, 5345254, 1, 0
24085, 5634908, 1, 0
24314, 5614805, 1, 0
24612, 5864015, 0, 0
24661, 5362966, 1, 0
24846, 5107591, 1, 0
25064, 4926496, 0, 0
25064, 4807075, 1, 0
25333, 4632149, 1, 0
25603, 4440935, 0, 0
25603, 4398987, 1, 0
26096, 4210179, 0, 0
26096, 4225012, 1, 0
26390, 4506802, 0, 0
26445, 4519990, 0, 0
26531, 4170288, 0, 0
26531, 4158971, 1, 0
26912, 4370480, 1, 0
27060, 4338684, 1, 0
27334, 4492798, 1, 0
28256, 5374945, 0, 0
28467, 5547657, 0, 0
28671, 5513517, 1, 0
28874, 5666576, 0, 0
28931, 5689871, 0, 0
29206, 5880822, 0, 0
29384, 6003200, 0, 0
29596, 6106797, 0, 0
29630, 6075952, 0, 0
29818, 5733542, 1, 0
30033, 5371948, 0, 0
30033, 5462466, 1, 0
30319, 5472893, 1, 0
30553, 5652061, 0, 0
30916, 5851511, 1, 0
31032, 5742791, 0, 0
31032, 5647129, 1, 0
31355, 5628798, 0, 0
31355, 5584341, 1, 0
31703, 5257178, 0, 0
31703, 5176259, 1, 0
31897, 5416130, 0, 0
32145, 5614727, 0, 0
32394, 5314052, 1, 0
32820, 5486386, 1, 0
33017, 4761578, 1, 0
33230, 4762474, 1, 0
33304, 4632605, 1, 0
33508, 4633928, 1, 0
33868, 4937061, 0, 0
34033, 4710291, 1, 0
34294, 4664006, 0, 0
34294, 4475115, 1, 0
34635, 4816753, 1, 0
35017, 4859538, 0, 0
35072, 4753452, 1, 0
35333, 4779792, 0, 0
35823, 4585538, 0, 0
35823, 4459600, 1, 0
36016, 4922379, 0, 0
36238, 5050423, 0, 0
36832, 5585783, 0, 0
36897, 5542080, 1, 0
36935, 5541879, 0, 0
37149, 5702137, 0, 0
37459, 5756101, 1, 0
37521, 5486435, 1, 0
37750, 5544470, 0, 0
38026, 5393212, 1, 0
38304, 5286982, 1, 0
38518, 5287706, 1, 0
38876, 5572561, 0, 0
39018, 4990993, 0, 0
39018, 5230539, 1, 0
39626, 4948807, 0, 0
39626, 4644703, 1, 0
39835, 5093983, 0, 0
39878, 4860705, 1, 0
40094, 5021864, 0, 0
40408, 5075365, 1, 0
40967, 5591273, 0, 0
41058, 5649028, 0, 0
41346, 5859861, 0, 0
41713, 5890957, 1, 0
41807, 5791193, 1, 0
41927, 5689365, 1, 0
42238, 5406792, 1, 0
42365, 5468786, 0, 0
42567, 5632175, 0, 0
42816, 5667347, 1, 0
43281, 5822371, 1, 0
43326, 5832056, 0, 0
43769, 6247838, 0, 0
44095, 6345549, 1, 0
44309, 6333451, 1, 0
44567, 6540550, 0, 0
44771, 6467068, 1, 0
44830, 6312771, 1, 0
45009, 6103375, 0, 0
45009, 6100685, 1, 0
45450, 6288258, 0, 0
45542, 6496050, 0, 0
45790, 6628557, 0, 0
46362, 6735719, 1, 0
46452, 6616613, 1, 0
46520, 6641684, 0, 0
46945, 6850724, 0, 0
47211, 6803573, 1, 0
47286, 6228695, 0, 0
47286, 6273963, 1, 0
47531, 6185500, 1, 0
47796, 6082371, 1, 0
48105, 6058959, 0, 0
48105, 6177230, 1, 0
48283, 5828427, 0, 0
48283, 5685518, 1, 0
48582, 5301259, 1, 0
48818, 5491518, 0, 0
49005, 5236294, 1, 0
49316, 4916222, 1, 0
49650, 4602416, 0, 0
49650, 4518549, 1, 0
49897, 4768106, 1, 0
50119, 4908185, 0, 0
50572, 5122397, 1, 0
50757, 5214077, 0, 0
50966, 5280343, 1, 0
51335, 5544968, 0, 0
51515, 5152663, 1, 0
51549, 5097539, 0, 0
51899, 4877353, 0, 0
51899, 4606284, 1, 0
52025, 4738742, 0, 0
52582, 4695843, 0, 0
52582, 4785981, 1, 0
52641, 4775277, 0, 0
52823, 4675251, 0, 0
52823, 4597606, 1, 0
53169, 4769965, 0, 0
53622, 4734639, 1, 0
54043, 5038031, 1, 0
54111, 4941051, 1, 0
54935, 5700790, 0, 0
54982, 5666625, 0, 0
55033, 5676704, 0, 0
55097, 5703776, 0, 0
55164, 5735379, 0, 0
55296, 5645447, 1, 0
55505, 5464358, 1, 0
55818, 4941700, 1, 0
56204, 4689586, 0, 0
56204, 4654177, 1, 0
56256, 4706746, 0, 0
56577, 4736152, 0, 0
56931, 4671093, 1, 0
57010, 4326262, 0, 0
57010, 4381963, 1, 0
57474, 4400769, 0, 0
57762, 4793226, 0, 0
57996, 4826702, 1, 0
58224, 4976607, 0, 0
58267, 4644495, 1, 0
58530, 4220857, 0, 0
58530, 3924116, 1, 0
59005, 3729427, 0, 0
59328, 4163958, 0, 0
59602, 4306229, 1, 0
59729, 4289494, 1, 0
59984, 4478432, 0, 0
60200, 4616451, 0, 0
60200, 3099897, 0, 0
60200, 2083248, 1, 0
5142, 5037259, 0, 0
5607, 4971137, 1, 0
5891, 5053011, 1, 0
5924, 5042780, 0, 0
6158, 5072714, 1, 0
6671, 5482483, 1, 0
6916, 5528492, 1, 0
7168, 5754305, 0, 0
7336, 5824159, 1, 0
7373, 5679271, 1, 0
7483, 5620949, 1, 0
7555, 5392076, 1, 0
7750, 5409399, 1, 0
7789, 5289174, 1, 0
8172, 5646249, 0, 0
8194, 5638041, 0, 0
8220, 5604072, 0, 0
8245, 5592544, 0, 0
8269, 5323362, 1, 0
8456, 5382525, 0, 0
8497, 5393122, 0, 0
8524, 5207692, 1, 0
8794, 5265905, 1, 0
8821, 5140782, 1, 0
8844, 4877583, 1, 0
8869, 4861100, 0, 0
9225, 4770893, 1, 0
9249, 4555925, 1, 0
9272, 4546802, 0, 0
9491, 4731351, 0, 0
9682, 4854572, 0, 0
9715, 4573287, 1, 0
9754, 4147067, 1, 0
9791, 3900830, 1, 0
9834, 3909846, 0, 0
10317, 4159457, 1, 0
10702, 4031229, 1, 0
10758, 3841409, 1, 0
10803, 3634528, 1, 0
10834, 3497909, 1, 0
11182, 3809872, 0, 0
11242, 3758173, 1, 0
11565, 4010101, 0, 0
11592, 3842014, 1, 0
11856, 4067560, 0, 0
11887, 3714517, 1, 0
12388, 4193726, 0, 0
12439, 4219309, 0, 0
12480, 4234680, 0, 0
12578, 4309600, 0, 0
12931, 4196818, 0, 0
12931, 4153865, 1, 0
13177, 4242739, 0, 0
13257, 4354589, 0, 0
13257, 4032709, 1, 0
13552, 4162443, 0, 0
13943, 4227505, 0, 0
13943, 4020524, 1, 0
14027, 4232784, 0, 0
14432, 4303236, 0, 0
14432, 3799577, 1, 0
14551, 3793855, 0, 0
14771, 3888391, 0, 0
14771, 3588598, 1, 0
15072, 3829923, 0, 0
15358, 3792439, 1, 0
15628, 4036227, 0, 0
16091, 4234414, 1, 0
16410, 4523436, 0, 0
16641, 4252847, 1, 0
16717, 4278363, 0, 0
16910, 4430428, 0, 0
17057, 4415747, 0, 0
17259, 4577746, 0, 0
17622, 4738996, 0, 0
17622, 4691131, 1, 0
17776, 4754280, 0, 0
17776, 4598569, 1, 0
18083, 4859726, 0, 0
18349, 4979763, 0, 0
18571, 4983207, 0, 0
18571, 4852153, 1, 0
19191, 4986078, 0, 0
19191, 5248589, 1, 0
19238, 5253928, 0, 0
19268, 5241322, 0, 0
19709, 5571824, 0, 0
20010, 5823423, 0, 0
20046, 5614497, 1, 0
20592, 5856649, 0, 0
20592, 5532247, 1, 0
20901, 6129621, 0, 0
21101, 6029634, 1, 0
21419, 6061206, 1, 0
21461, 5832823, 1, 0
21770, 5678750, 1, 0
22205, 5795059, 1, 0
22294, 5653537, 1, 0
22357, 5639722, 0, 0
22507, 5597201, 1, 0
22824, 5844364, 0, 0
23062, 5941494, 0, 0
23062, 5802965, 1, 0
23302, 5829984, 1, 0
23656, 5790555, 0, 0
23656, 5750720, 1, 0
24241, 5859066, 0, 0
24459, 6109867, 1, 0
24538, 6134802, 0, 0
24742, 6170807, 1, 0
24916, 6303669, 0, 0
25138, 5946125, 1, 0
25415, 6177326, 0, 0
25677, 6180702, 0, 0
25677, 5719255, 1, 0
25783, 5667684, 0, 0
26225, 6059836, 0, 0
26275, 5683779, 1, 0
26678, 5777392, 1, 0
26879, 5418144, 0, 0
26879, 5462936, 1, 0
27019, 4674890, 0, 0
27019, 4937382, 1, 0
27350, 4538813, 1, 0
27517, 4455336, 0, 0
27517, 4467182, 1, 0
28111, 4808430, 1, 0
28353, 4980544, 0, 0
28543, 5115014, 0, 0
28765, 5108529, 1, 0
28858, 5134976, 0, 0
29030, 4789578, 1, 0
29285, 4551695, 0, 0
29285, 4612001, 1, 0
29505, 4538554, 0, 0
29505, 4367955, 1, 0
29761, 4312307, 0, 0
29761, 4311293, 1, 0
30053, 4572154, 0, 0
30358, 4681127, 1, 0
30633, 4905343, 0, 0
31028, 5245595, 0, 0
31123, 4897539, 1, 0
31275, 4926671, 0, 0
31275, 4596860, 1, 0
31502, 4713387, 0, 0
31502, 4622411, 1, 0
31771, 4861879, 0, 0
32197, 5121905, 0, 0
32388, 5369018, 0, 0
32526, 5218058, 0, 0
32526, 5138731, 1, 0
32839, 5321781, 0, 0
33124, 4774655, 0, 0
33124, 4771462, 1, 0
33309, 4577599, 1, 0
33519, 4617320, 0, 0
33519, 4488665, 1, 0
33920, 4485559, 0, 0
33920, 4399053, 1, 0
34173, 4667974, 0, 0
34413, 4686698, 1, 0
34515, 4573923, 0, 0
34791, 4187882, 1, 0
35040, 3916982, 0, 0
35040, 3845234, 1, 0
35406, 4050975, 0, 0
35815, 4356095, 0, 0
35815, 4035154, 1, 0
36009, 4507032, 0, 0
36231, 4460265, 1, 0
36712, 4742904, 1, 0
36751, 4554042, 1, 0
36804, 4416757, 1, 0
37095, 4511263, 0, 0
37261, 4735128, 0, 0
37635, 4796131, 1, 0
37876, 4990764, 0, 0
38187, 5063006, 1, 0
38377, 5222974, 0, 0
38817, 5298736, 0, 0
38817, 5057434, 1, 0
38855, 5301283, 0, 0
39216, 5337520, 0, 0
39216, 5296878, 1, 0
39259, 5085383, 1, 0
39632, 5019351, 0, 0
39632, 4900316, 1, 0
39887, 5311242, 0, 0
40273, 5399524, 0, 0
40273, 5182925, 1, 0
40341, 5300989, 1, 0
40938, 5765306, 0, 0
41303, 5896651, 1, 0
41401, 5952002, 0, 0
41918, 6102426, 1, 0
42411, 6402009, 1, 0
42605, 6373471, 1, 0
42698, 5986397, 1, 0
42988, 6236990, 0, 0
43541, 6736652, 0, 0
43900, 7048712, 0, 0
43971, 6875579, 1, 0
44080, 6819815, 1, 0
44172, 6537289, 1, 0
44377, 6501096, 1, 0
44644, 6456332, 1, 0
44720, 6342549, 1, 0
44803, 6379467, 0, 0
45052, 6576689, 0, 0
45103, 6285454, 1, 0
45524, 6393000, 0, 0
45660, 6443866, 1, 0
45757, 6451303, 0, 0
46635, 6740630, 0, 0
46725, 6838037, 1, 0
46959, 6985469, 0, 0
47383, 7109838, 1, 0
47819, 7478339, 0, 0
47885, 6946824, 1, 0
48099, 6796058, 1, 0
48223, 6821998, 0, 0
48323, 6405734, 1, 0
48444, 6032865, 1, 0
48605, 6000239, 1, 0
48762, 5401651, 0, 0
48762, 5439370, 1, 0
49036, 5064648, 0, 0
49261, 5047726, 0, 0
49551, 5174132, 1, 0
49762, 5118540, 1, 0
50031, 5311563, 0, 0
50293, 5489946, 0, 0
50626, 5573497, 1, 0
50932, 5541098, 0, 0
50932, 5408621, 1, 0
51110, 5392736, 0, 0
51110, 5312934, 1, 0
51296, 5538688, 0, 0
52013, 5390857, 0, 0
52013, 4751223, 1, 0
52221, 5261931, 1, 0
52546, 5162666, 1, 0
52767, 4947905, 0, 0
53039, 5154042, 0, 0
53081, 4982350, 1, 0
53324, 5101475, 0, 0
53650, 5327020, 0, 0
53780, 5336470, 0, 0
53848, 5243180, 0, 0
54156, 5381828, 0, 0
54703, 5977338, 0, 0
54977, 6215169, 0, 0
55016, 5980415, 1, 0
55273, 6185973, 0, 0
55591, 6329953, 1, 0
55841, 6290049, 1, 0
55871, 6108847, 1, 0
56066, 6034440, 1, 0
56414, 6120972, 1, 0
56741, 6070231, 0, 0
56741, 5833065, 1, 0
57021, 6316561, 0, 0
57429, 6686696, 0, 0
57651, 6718260, 1, 0
57901, 6927423, 0, 0
58146, 7035375, 1, 0
58448, 7152226, 1, 0
58530, 7189909, 0, 0
58602, 7215000, 0, 0
58752, 6310281, 1, 0
59322, 6240920, 0, 0
59322, 5933268, 1, 0
59355, 6030368, 1, 0
59501, 5661883, 0, 0
59501, 5753757, 1, 0
59977, 5793522, 0, 0
59977, 5821274, 1, 0
60220, 5516195, 0, 0
60220, 1990585, 0, 0
60220, 2680038, 1, 0
8383, 7355381, 0, 0
8487, 6050938, 0, 0
8663, 6091274, 1, 0
8846, 5259122, 1, 0
9080, 5210922, 1, 0
9591, 5669743, 0, 0
9730, 5602157, 1, 0
9927, 5667879, 1, 0
9980, 5151858, 1, 0
10177, 5177922, 0, 0
10422, 5389658, 0, 0
10578, 5473278, 0, 0
10653, 4996029, 1, 0
10836, 5056269, 1, 0
10887, 5020204, 0, 0
10919, 4793541, 1, 0
11111, 4877480, 1, 0
11300, 4848839, 1, 0
11351, 4855913, 0, 0
11563, 4753603, 0, 0
11593, 4437402, 1, 0
11838, 4605117, 0, 0
11998, 4644886, 1, 0
12061, 4645423, 0, 0
12147, 4701376, 0, 0
12499, 4986581, 0, 0
12656, 5001530, 1, 0
12836, 5093070, 0, 0
12925, 4906456, 0, 0
13071, 4928727, 0, 0
13273, 5062804, 0, 0
13414, 5031932, 1, 0
13447, 4959874, 1, 0
13690, 5027293, 0, 0
13925, 5078295, 1, 0
14014, 4934935, 1, 0
14079, 4488051, 1, 0
14122, 4391869, 0, 0
14157, 4229901, 1, 0
14428, 4448107, 0, 0
14547, 4370312, 1, 0
14673, 4250870, 1, 0
14769, 4190529, 1, 0
14953, 4300527, 0, 0
15191, 4355039, 1, 0
15448, 4560538, 0, 0
15764, 4845519, 0, 0
16068, 4957417, 1, 0
16182, 4882554, 1, 0
16293, 4941606, 0, 0
16367, 4804531, 0, 0
16843, 5250795, 0, 0
17050, 5211580, 1, 0
17129, 5131289, 0, 0
17286, 5225053, 0, 0
17656, 5508426, 0, 0
17753, 5253852, 1, 0
18103, 5446914, 1, 0
18311, 5474511, 1, 0
18458, 5532878, 0, 0
18657, 5586064, 1, 0
18845, 5571513, 1, 0
18931, 5516108, 0, 0
19302, 5855266, 0, 0
19349, 5658993, 1, 0
19623, 5698758, 1, 0
19863, 5848244, 0, 0
19916, 5837231, 0, 0
19950, 5828652, 0, 0
20128, 5971408, 0, 0
20245, 5816743, 1, 0
20385, 5838159, 0, 0
20441, 5768294, 1, 0
20492, 5723110, 0, 0
20542, 5588376, 1, 0
20619, 5427818, 1, 0
20855, 5406668, 0, 0
21028, 5264284, 1, 0
21167, 5098289, 1, 0
21283, 5100541, 0, 0
21382, 5088847, 0, 0
21582, 5214635, 0, 0
21715, 4871671, 1, 0
21791, 4740851, 1, 0
21854, 4725306, 0, 0
22004, 4717600, 1, 0
22513, 4857185, 0, 0
22681, 4928295, 0, 0
22893, 4789974, 1, 0
23019, 4708451, 1, 0
23140, 4682446, 1, 0
23279, 4622081, 0, 0
23594, 4749442, 0, 0
23716, 4785677, 0, 0
23910, 4608301, 1, 0
24028, 4678730, 0, 0
24403, 4486870, 0, 0
24403, 4388970, 1, 0
24812, 4536872, 0, 0
24812, 4683427, 1, 0
24956, 4711214, 0, 0
25076, 4691051, 1, 0
25258, 4816506, 0, 0
25530, 4903969, 0, 0
25801, 4659824, 1, 0
26158, 4776247, 0, 0
26158, 4674399, 1, 0
26388, 4805664, 1, 0
26514, 4798673, 0, 0
26900, 5109542, 0, 0
27215, 5360279, 0, 0
27303, 5299843, 0, 0
27533, 4859882, 0, 0
27899, 4879874, 0, 0
27899, 4830620, 1, 0
28116, 4841691, 1, 0
28301, 4500528, 1, 0
28566, 4483946, 0, 0
28566, 4441083, 1, 0
28806, 4552899, 0, 0
28806, 4403517, 1, 0
29135, 4505042, 0, 0
29135, 4323548, 1, 0
29252, 4296637, 0, 0
29719, 4266154, 0, 0
29719, 4461035, 1, 0
29899, 4554289, 0, 0
30019, 4529204, 1, 0
30251, 4613296, 0, 0
30525, 4877749, 0, 0
30755, 4820530, 1, 0
31306, 4684061, 0, 0
31306, 4918706, 1, 0
31644, 5130574, 0, 0
31846, 4945926, 1, 0
31997, 4782571, 1, 0
32243, 4939681, 0, 0
32427, 5045317, 0, 0
32646, 5113377, 1, 0
32904, 5180466, 1, 0
33065, 5165987, 1, 0
33271, 5146787, 0, 0
33712, 5333113, 0, 0
33811, 5510027, 0, 0
34113, 5643918, 0, 0
34406, 5839533, 0, 0
34571, 5764317, 0, 0
34571, 5760306, 1, 0
34887, 5894424, 1, 0
35029, 5893450, 0, 0
35301, 5958352, 0, 0
35301, 5938953, 1, 0
35591, 5606296, 1, 0
35844, 5564253, 0, 0
35844, 5386340, 1, 0
36082, 5437868, 0, 0
36265, 5401982, 0, 0
36541, 4998731, 1, 0
37127, 4963883, 1, 0
37325, 5081753, 1, 0
37424, 4996963, 1, 0
37681, 5035261, 1, 0
37997, 5093075, 0, 0
38346, 5281497, 0, 0
38458, 5333046, 0, 0
38623, 5351678, 1, 0
38921, 5280516, 1, 0
39042, 5231247, 0, 0
39424, 5077006, 1, 0
39552, 5057478, 0, 0
39886, 5062451, 0, 0
39886, 4999101, 1, 0
40208, 5179635, 0, 0
40253, 5061983, 0, 0
40642, 5065984, 0, 0
40874, 5174431, 0, 0
41145, 5263004, 0, 0
41267, 5184519, 1, 0
41556, 5185210, 0, 0
41556, 5291368, 1, 0
42042, 5501111, 0, 0
42042, 5275952, 1, 0
42581, 5936757, 0, 0
42804, 5676844, 1, 0
42928, 5603247, 1, 0
43192, 5768785, 0, 0
43270, 5588602, 1, 0
43342, 5344270, 1, 0
43531, 5072837, 0, 0
43531, 5105996, 1, 0
43845, 5117527, 0, 0
43845, 5106713, 1, 0
44017, 5023243, 0, 0
44017, 4975065, 1, 0
44313, 5064872, 1, 0
44511, 4974183, 0, 0
44511, 4958875, 1, 0
44857, 5040836, 0, 0
44857, 4971217, 1, 0
45022, 4768478, 0, 0
45022, 4686976, 1, 0
45487, 4796200, 0, 0
45487, 4794595, 1, 0
45871, 5155633, 0, 0
45913, 5038929, 1, 0
46055, 5124940, 0, 0
46290, 4968241, 0, 0
46290, 4976483, 1, 0
46570, 5013271, 1, 0
46823, 5038938, 0, 0
46823, 4780624, 1, 0
47190, 4356829, 1, 0
47427, 4498490, 1, 0
47570, 4301194, 0, 0
47800, 4280887, 0, 0
47800, 4260394, 1, 0
48180, 4237806, 1, 0
48329, 4385015, 1, 0
48528, 4442772, 0, 0
48528, 4214766, 1, 0
48806, 4240434, 0, 0
48806, 4295291, 1, 0
49172, 4276797, 0, 0
49172, 4204663, 1, 0
49406, 4384076, 0, 0
49820, 4729020, 0, 0
49989, 4817893, 0, 0
50212, 4725491, 1, 0
50350, 4478847, 1, 0
50980, 4504950, 0, 0
50980, 4925252, 1, 0
51093, 4944482, 0, 0
51259, 5042330, 0, 0
51360, 5070342, 0, 0
51502, 4932093, 1, 0
52283, 5560673, 1, 0
52424, 5601526, 1, 0
52950, 6041156, 0, 0
53198, 6007724, 0, 0
53258, 5831617, 1, 0
53316, 5821256, 0, 0
53619, 6048820, 0, 0
53708, 6072997, 0, 0
53853, 6140763, 0, 0
54021, 6221451, 0, 0
54559, 6263130, 0, 0
54559, 6112920, 1, 0
54780, 6320278, 1, 0
55101, 6572437, 0, 0
55317, 6678245, 0, 0
55417, 6611181, 1, 0
55617, 6665537, 0, 0
55877, 6888771, 0, 0
56068, 6896080, 1, 0
56386, 6980135, 1, 0
56804, 6984332, 1, 0
56862, 6872210, 0, 0
57170, 6957505, 1, 0
57385, 7035893, 0, 0
57576, 7157992, 0, 0
57867, 6886473, 1, 0
58199, 7106239, 0, 0
58428, 7169474, 1, 0
58895, 7534843, 0, 0
58957, 7454895, 1, 0
59130, 6847759, 1, 0
59364, 6788322, 0, 0
59364, 6414136, 1, 0
59513, 6254333, 0, 0
59513, 6257335, 1, 0
59831, 6411210, 0, 0
59831, 6212107, 1, 0
60049, 6252379, 0, 0
60049, 6195486, 1, 0
60049, 2856288, 0, 0
60049, 2687804, 1, 0
10097, 9023607, 0, 0
10222, 7979585, 0, 0
10540, 6907157, 0, 0
10634, 6695295, 1, 0
10672, 6512280, 1, 0
10828, 6521072, 1, 0
11012, 6056647, 0, 0
11050, 5480452, 0, 0
11080, 5393110, 1, 0
11205, 5383577, 1, 0
11678, 5617259, 1, 0
11717, 5498426, 1, 0
11842, 5560785, 0, 0
11911, 5456220, 1, 0
12187, 5373071, 1, 0
12613, 5689845, 0, 0
12761, 5806113, 0, 0
12881, 5700411, 1, 0
13030, 5673732, 1, 0
13126, 5544115, 1, 0
13379, 5655172, 0, 0
13694, 5927370, 0, 0
13752, 5952663, 0, 0
13805, 5973409, 0, 0
13939, 5881435, 0, 0
14214, 5630382, 1, 0
14428, 5604696, 1, 0
14627, 5579646, 1, 0
14812, 5663500, 0, 0
15003, 5341302, 1, 0
15051, 5155130, 1, 0
15318, 5221512, 1, 0
15644, 5422047, 1, 0
15754, 5213699, 1, 0
16071, 5436815, 0, 0
16122, 5449831, 0, 0
16153, 5325227, 1, 0
16676, 5663729, 1, 0
16774, 5723414, 0, 0
16813, 5732410, 0, 0
17042, 5836268, 1, 0
17113, 5434864, 1, 0
17146, 5428995, 0, 0
17616, 5773563, 1, 0
18088, 6176808, 0, 0
18136, 5949728, 1, 0
18315, 5702282, 1, 0
18495, 5733221, 1, 0
18532, 5650572, 0, 0
18562, 5531661, 1, 0
18592, 5466260, 0, 0
19023, 5643408, 1, 0
19062, 5368198, 1, 0
19095, 5342285, 0, 0
19489, 5684139, 0, 0
19658, 5718406, 1, 0
19889, 5675076, 1, 0
20132, 5703979, 1, 0
20181, 5554311, 1, 0
20213, 5400436, 1, 0
20264, 5261154, 1, 0
20447, 5396268, 0, 0
20697, 5378591, 1, 0
20734, 5090450, 1, 0
20765, 5011198, 0, 0
20912, 4840661, 1, 0
20978, 4855771, 0, 0
21095, 4941975, 0, 0
21133, 4456577, 1, 0
21243, 4470014, 0, 0
21416, 4602942, 0, 0
21536, 4494401, 1, 0
21639, 4526365, 0, 0
22058, 4912057, 0, 0
22570, 4954185, 1, 0
22717, 4629690, 1, 0
22935, 4798317, 0, 0
22988, 4672779, 1, 0
23144, 4649353, 1, 0
23198, 4665871, 0, 0
23295, 4733100, 0, 0
23333, 4740963, 0, 0
23369, 4345840, 1, 0
23629, 4567178, 0, 0
23733, 4637888, 0, 0
23884, 4394590, 1, 0
24000, 4342254, 1, 0
24219, 4330460, 1, 0
24468, 4336373, 1, 0
24520, 4338805, 0, 0
24859, 4645769, 0, 0
24903, 4638892, 0, 0
25172, 4724838, 1, 0
25447, 4749778, 0, 0
25696, 4962005, 0, 0
25902, 5137101, 0, 0
25995, 5083371, 1, 0
26181, 5203495, 0, 0
26587, 5491729, 1, 0
26904, 5771321, 0, 0
27240, 5996400, 1, 0
27467, 6051472, 1, 0
27677, 6140603, 1, 0
27819, 6179726, 0, 0
27899, 5840564, 1, 0
27948, 5378651, 1, 0
27979, 5261924, 0, 0
28457, 5522703, 1, 0
28669, 5680929, 0, 0
28761, 5617213, 1, 0
28917, 5719127, 0, 0
28953, 5658705, 1, 0
28983, 5650448, 0, 0
29325, 5956243, 0, 0
29399, 5770232, 1, 0
29431, 5698236, 1, 0
29463, 5578801, 1, 0
29837, 5837099, 1, 0
29949, 5730033, 1, 0
30191, 5722352, 1, 0
30510, 5989445, 0, 0
30899, 6040182, 1, 0
31380, 6477184, 0, 0
31431, 6258670, 1, 0
31789, 6342510, 1, 0
32030, 6333570, 1, 0
32080, 6177795, 1, 0
32339, 6344353, 0, 0
32527, 6345284, 1, 0
32595, 6008658, 1, 0
32896, 5735782, 1, 0
33040, 5572488, 1, 0
33326, 5649564, 1, 0
33577, 5678562, 0, 0
33577, 5634595, 1, 0
33828, 5879515, 0, 0
34007, 5976503, 0, 0
34007, 5549360, 1, 0
34354, 5592935, 0, 0
34354, 5562548, 1, 0
34595, 5678205, 1, 0
35062, 6108142, 0, 0
35854, 6870804, 0, 0
35894, 6568827, 1, 0
35939, 6539692, 0, 0
36024, 6593335, 0, 0
36126, 6663710, 0, 0
36377, 6540263, 1, 0
36520, 6570508, 1, 0
36808, 6177529, 1, 0
37354, 5451020, 0, 0
37354, 5564571, 1, 0
37636, 5606408, 1, 0
37772, 5691878, 0, 0
37947, 5607985, 1, 0
38402, 5806516, 0, 0
38402, 5455177, 1, 0
38661, 5941720, 1, 0
38840, 5944304, 0, 0
39025, 5985121, 0, 0
39165, 5839233, 1, 0
39476, 5898909, 0, 0
39476, 5784905, 1, 0
39645, 5816736, 1, 0
39835, 5806911, 0, 0
40078, 5847009, 1, 0
40468, 5770464, 0, 0
40468, 5873277, 1, 0
40698, 5636404, 1, 0
40858, 5004178, 1, 0
41161, 5147123, 0, 0
41340, 5316222, 0, 0
41611, 5190664, 0, 0
41611, 5091316, 1, 0
41757, 5134784, 0, 0
41757, 5008933, 1, 0
42057, 5248222, 0, 0
42577, 5321471, 0, 0
42577, 4911748, 1, 0
42624, 4852072, 1, 0
42781, 4798075, 0, 0
43110, 4489590, 1, 0
43425, 4584856, 1, 0
43619, 4593910, 1, 0
44130, 4964330, 0, 0
44176, 4937940, 0, 0
44278, 4802003, 1, 0
44715, 4973957, 0, 0
44715, 4809073, 1, 0
44777, 4942237, 0, 0
45309, 5230586, 1, 0
45429, 5304872, 0, 0
45511, 4903410, 1, 0
45931, 5072796, 1, 0
46307, 5002367, 0, 0
46307, 5146400, 1, 0
46396, 5055237, 1, 0
46509, 5025011, 0, 0
47081, 5370802, 0, 0
47081, 4928227, 1, 0
47120, 5363121, 0, 0
47413, 5137261, 0, 0
47413, 5127679, 1, 0
47523, 5241613, 0, 0
47523, 4946051, 1, 0
48029, 4946217, 0, 0
48029, 5284767, 1, 0
48081, 5299862, 0, 0
48251, 5014101, 1, 0
48813, 4636982, 0, 0
48813, 4503293, 1, 0
48852, 4573791, 0, 0
49158, 4436788, 1, 0
49525, 4747292, 0, 0
49556, 4246829, 1, 0
49901, 4471677, 0, 0
50069, 4607457, 0, 0
50347, 4835805, 0, 0
50984, 5053528, 1, 0
51135, 5166790, 0, 0
51179, 4871589, 1, 0
51308, 4912358, 0, 0
51517, 4994600, 0, 0
52120, 5103960, 0, 0
52120, 5038954, 1, 0
52622, 5502449, 0, 0
53184, 5999314, 0, 0
53242, 6025055, 0, 0
53299, 5886441, 1, 0
53727, 6248769, 0, 0
53857, 6334098, 0, 0
54188, 6617298, 0, 0
54623, 6594661, 1, 0
54783, 6701248, 0, 0
55103, 6989971, 0, 0
55213, 7067558, 0, 0
55410, 7158830, 1, 0
55666, 7374961, 0, 0
55747, 7283479, 1, 0
55975, 7161497, 1, 0
56032, 7180270, 0, 0
56214, 7329406, 0, 0
56292, 7134325, 1, 0
56536, 6979852, 0, 0
56536, 6797978, 1, 0
56879, 6741145, 1, 0
57119, 6772277, 1, 0
57436, 6451201, 1, 0
57546, 6410199, 1, 0
57848, 6669316, 0, 0
58024, 6716340, 1, 0
58324, 6836451, 0, 0
58324, 6807051, 1, 0
58555, 6265808, 0, 0
58555, 5963475, 1, 0
58787, 5413356, 0, 0
58787, 4976070, 1, 0
59061, 4873733, 1, 0
59282, 4659077, 1, 0
59506, 4292788, 0, 0
59506, 4516742, 1, 0
59922, 4297803, 1, 0
60074, 4326109, 0, 0
60074, 2109816, 0, 0
60074, 1896254, 1, 0
9640, 8225401, 0, 0
9777, 6523467, 0, 0
9864, 5917096, 0, 0
10031, 5937627, 0, 0
10075, 5776618, 1, 0
10215, 5213684, 1, 0
10297, 4644611, 1, 0
10330, 4554651, 1, 0
10360, 4419973, 1, 0
10519, 4537623, 0, 0
10700, 4593599, 0, 0
10782, 4571614, 1, 0
10959, 4680121, 0, 0
11151, 4716894, 1, 0
11317, 4673223, 1, 0
11496, 4815863, 0, 0
11845, 4905253, 0, 0
12284, 5110352, 1, 0
12339, 5022151, 1, 0
12408, 4905343, 1, 0
12499, 4855697, 1, 0
12695, 4338282, 1, 0
12786, 4314397, 1, 0
12949, 4255620, 1, 0
13081, 4329878, 0, 0
13262, 4481812, 0, 0
13398, 4415924, 1, 0
13708, 4675936, 0, 0
13863, 4744515, 0, 0
14022, 4834016, 0, 0
14107, 4503883, 1, 0
14159, 4519263, 0, 0
14229, 4452081, 1, 0
14390, 4525846, 0, 0
14630, 4599665, 1, 0
14819, 4743288, 0, 0
14994, 4779219, 1, 0
15309, 5012542, 0, 0
15450, 5120251, 0, 0
15560, 5200746, 0, 0
15648, 5129261, 0, 0
15727, 5027027, 1, 0
15939, 5157192, 0, 0
16007, 5048077, 1, 0
16240, 5088508, 1, 0
16332, 5015776, 0, 0
16540, 5043870, 0, 0
16643, 4798006, 1, 0
16876, 4592286, 1, 0
16993, 4654050, 0, 0
17202, 4794834, 0, 0
17480, 4981131, 0, 0
17709, 5014898, 1, 0
17782, 4996563, 0, 0
17860, 4910371, 1, 0
17944, 4862691, 0, 0
18000, 4737365, 1, 0
18197, 4798765, 0, 0
18337, 4629684, 1, 0
18603, 4739998, 0, 0
19101, 5079011, 1, 0
19200, 5093001, 0, 0
19359, 5199978, 0, 0
19619, 5390004, 0, 0
19786, 5396182, 1, 0
20098, 5468051, 1, 0
20346, 5527349, 1, 0
20688, 5693196, 1, 0
20720, 5410965, 1, 0
20984, 5533655, 0, 0
21180, 5619836, 0, 0
21305, 5656628, 0, 0
21528, 5800427, 0, 0
21978, 6038599, 1, 0
22683, 6675964, 0, 0
22745, 6505391, 1, 0
22777, 6444679, 0, 0
22995, 6454674, 0, 0
23136, 6492682, 0, 0
23276, 6399816, 1, 0
23396, 6403298, 0, 0
23429, 6226463, 1, 0
23460, 5979629, 1, 0
23621, 5911598, 0, 0
23725, 5942948, 0, 0
23869, 6009152, 0, 0
23992, 6048677, 0, 0
24260, 6260757, 0, 0
24584, 6386831, 1, 0
24640, 6303241, 1, 0
24672, 6069086, 1, 0
24704, 5603311, 1, 0
24749, 5548725, 0, 0
24791, 5431765, 1, 0
24862, 5243223, 1, 0
24939, 5153528, 1, 0
25041, 4942136, 0, 0
25094, 4748224, 1, 0
25349, 4661221, 1, 0
25406, 4685682, 0, 0
25610, 4625684, 1, 0
25766, 4585996, 1, 0
26003, 4697981, 1, 0
26167, 4639048, 1, 0
26493, 4515001, 1, 0
26566, 3883129, 1, 0
26907, 4050781, 0, 0
27064, 3959184, 1, 0
27410, 4013697, 0, 0
27410, 3882386, 1, 0
27574, 4144667, 0, 0
28179, 4278019, 0, 0
28179, 4558184, 1, 0
28253, 4527776, 1, 0
28452, 4583669, 0, 0
28630, 4637648, 1, 0
28824, 4354655, 1, 0
29021, 4380976, 0, 0
29370, 4600720, 0, 0
29520, 4770642, 0, 0
29907, 4818184, 0, 0
30026, 4931411, 0, 0
30391, 4985239, 0, 0
30391, 4897380, 1, 0
30737, 4760610, 1, 0
30927, 4760465, 0, 0
31026, 4532900, 0, 0
31399, 4623937, 0, 0
31593, 4608080, 0, 0
31593, 4563648, 1, 0
31767, 4624044, 0, 0
32004, 4594366, 1, 0
32312, 4738107, 1, 0
32557, 4550459, 1, 0
32750, 4496769, 0, 0
33185, 4470337, 1, 0
33253, 4523219, 0, 0
33596, 4537458, 0, 0
33596, 4428738, 1, 0
33820, 4300197, 0, 0
33820, 4291632, 1, 0
34055, 4455807, 0, 0
34311, 4525382, 0, 0
34600, 4521334, 1, 0
34773, 4381551, 0, 0
34773, 4445205, 1, 0
35091, 4426171, 0, 0
35091, 4354747, 1, 0
35333, 4313407, 1, 0
35547, 4147907, 0, 0
35547, 4313782, 1, 0
35771, 4299727, 0, 0
36028, 4434798, 0, 0
36335, 4632079, 0, 0
36618, 4850180, 0, 0
36878, 4873371, 1, 0
37308, 4996221, 1, 0
37405, 4944321, 1, 0
37677, 4905254, 0, 0
37677, 4927139, 1, 0
38078, 5240115, 0, 0
38205, 5019975, 1, 0
38301, 5047759, 0, 0
38576, 5086172, 0, 0
38576, 5105354, 1, 0
38804, 5098155, 0, 0
39130, 5085356, 1, 0
39433, 5293667, 0, 0
39574, 5263028, 1, 0
39842, 5467393, 0, 0
40376, 5684339, 0, 0
40376, 5381928, 1, 0
40538, 5764857, 0, 0
40622, 5787252, 0, 0
40808, 5866241, 0, 0
41115, 5875630, 0, 0
41407, 5929764, 0, 0
41610, 5897470, 0, 0
41610, 5838715, 1, 0
41872, 5844254, 1, 0
42032, 5696808, 1, 0
42305, 5488054, 1, 0
42736, 5181703, 0, 0
42736, 5101831, 1, 0
42894, 5217547, 1, 0
43163, 5084828, 1, 0
43437, 5232471, 0, 0
43598, 5296743, 0, 0
44280, 5703678, 0, 0
44280, 5226655, 1, 0
44467, 5816795, 0, 0
44622, 5817548, 1, 0
44824, 5908420, 0, 0
44980, 5850462, 1, 0
45131, 5698014, 1, 0
45344, 5770711, 1, 0
45560, 5717579, 1, 0
46000, 5657468, 0, 0
46000, 5392555, 1, 0
46459, 5837420, 0, 0
46940, 6132683, 1, 0
47319, 6344209, 1, 0
47555, 6440127, 0, 0
47717, 6486203, 1, 0
47876, 6469230, 0, 0
47928, 6483539, 0, 0
48189, 6579242, 1, 0
48391, 6518480, 1, 0
48660, 6628039, 0, 0
48739, 6572771, 0, 0
49011, 6706143, 0, 0
49132, 6721919, 0, 0
49426, 6930310, 0, 0
49533, 6797745, 1, 0
49801, 6430512, 1, 0
50092, 6398860, 0, 0
50480, 5944755, 1, 0
50658, 6036077, 0, 0
50870, 5889455, 0, 0
50870, 5913410, 1, 0
51115, 5984241, 0, 0
51316, 5971498, 1, 0
52025, 6162002, 0, 0
52082, 6382963, 0, 0
52141, 6141193, 1, 0
52352, 5579612, 1, 0
52588, 4870615, 0, 0
52588, 5004564, 1, 0
52756, 4880292, 0, 0
53148, 4955282, 0, 0
53148, 4959289, 1, 0
53375, 4984383, 1, 0
53572, 4832329, 0, 0
53572, 4810608, 1, 0
53849, 4717621, 0, 0
53849, 4677835, 1, 0
54089, 4555574, 0, 0
54089, 4501256, 1, 0
54312, 4698502, 0, 0
54637, 4970757, 0, 0
54806, 5071329, 0, 0
55265, 5092835, 0, 0
55265, 4860018, 1, 0
55493, 5013231, 1, 0
55590, 4932505, 1, 0
55753, 5015083, 0, 0
56019, 4821697, 1, 0
56386, 4361338, 0, 0
56386, 4625992, 1, 0
56641, 4448500, 0, 0
56882, 4519071, 0, 0
56882, 4530769, 1, 0
57165, 4741550, 0, 0
57333, 4761714, 0, 0
57634, 4733583, 0, 0
58004, 4856131, 0, 0
58236, 4860768, 1, 0
58813, 5342177, 0, 0
58877, 5305168, 0, 0
58962, 5272786, 0, 0
59127, 5277759, 1, 0
59348, 5421107, 0, 0
59591, 5501557, 1, 0
59842, 5294364, 1, 0
60109, 5230838, 0, 0
60109, 5151480, 1, 0
60109, 2970133, 0, 0
60109, 2294112, 1, 0
9218, 8565210, 0, 0
9260, 6194163, 1, 0
9560, 5478902, 1, 0
9760, 5455385, 1, 0
9825, 4816802, 1, 0
10015, 4355633, 1, 0
10071, 4288121, 1, 0
10208, 4290546, 1, 0
10434, 4255365, 1, 0
10602, 4185140, 1, 0
10662, 3910056, 1, 0
10825, 3990134, 0, 0
11010, 4117992, 0, 0
11203, 4206573, 0, 0
11245, 4219389, 0, 0
11676, 4496403, 1, 0
12070, 4716513, 1, 0
12211, 4644029, 1, 0
12243, 4546412, 1, 0
12501, 4566574, 1, 0
12632, 4542072, 1, 0
12770, 4599783, 0, 0
12819, 4596879, 0, 0
12973, 4676064, 0, 0
13142, 4717090, 1, 0
13182, 4654320, 1, 0
13303, 4736426, 0, 0
13503, 4793112, 1, 0
13547, 4650646, 1, 0
13871, 4921122, 0, 0
14027, 5046562, 0, 0
14396, 5177614, 1, 0
14485, 5225437, 0, 0
14530, 4969620, 0, 0
14674, 4913803, 1, 0
14767, 4941877, 0, 0
14895, 4880337, 1, 0
14940, 4869051, 0, 0
15126, 4917255, 1, 0
15184, 4750201, 1, 0
15495, 4893338, 1, 0
15798, 5136116, 0, 0
15851, 5025328, 1, 0
16362, 5351391, 1, 0
16450, 5247514, 1, 0
16494, 5248360, 0, 0
16864, 5188917, 1, 0
17073, 5003279, 1, 0
17135, 4923375, 0, 0
17613, 5370043, 0, 0
17835, 5333958, 1, 0
18148, 5516315, 0, 0
18187, 5416799, 1, 0
18331, 5512011, 0, 0
18596, 5622746, 1, 0
18732, 5590085, 1, 0
18762, 5580254, 0, 0
18968, 5665446, 1, 0
19008, 5504458, 1, 0
19364, 5816963, 0, 0
19416, 5544547, 1, 0
19447, 5419798, 1, 0
19478, 5081796, 1, 0
19520, 5035311, 0, 0
19655, 5124829, 0, 0
19698, 5023856, 1, 0
19992, 5224962, 0, 0
20101, 5205703, 1, 0
20333, 5392743, 0, 0
20640, 5514251, 1, 0
20679, 5494559, 0, 0
20868, 5373239, 1, 0
20949, 5150787, 1, 0
21219, 5368502, 0, 0
21398, 5035949, 1, 0
21605, 5154715, 0, 0
21673, 5179155, 0, 0
21735, 4870079, 1, 0
21811, 4737947, 1, 0
21887, 4751909, 0, 0
22029, 4415671, 1, 0
22557, 4722118, 0, 0
22882, 4733857, 1, 0
23002, 4814522, 0, 0
23141, 4809959, 1, 0
23280, 4684498, 1, 0
23583, 4850217, 0, 0
23687, 4924852, 0, 0
23896, 4927578, 1, 0
24016, 5008533, 0, 0
24234, 4870277, 1, 0
24306, 4890382, 0, 0
24336, 4889019, 0, 0
24555, 5077122, 0, 0
24635, 5114394, 0, 0
24754, 5099217, 1, 0
24797, 5099453, 0, 0
25114, 5121557, 1, 0
25188, 5086924, 1, 0
25425, 5091937, 1, 0
25617, 4977677, 1, 0
25664, 4985225, 0, 0
25899, 5030925, 1, 0
26126, 5177113, 0, 0
26370, 5151108, 1, 0
26736, 5338157, 1, 0
26796, 5191223, 1, 0
27093, 5256989, 0, 0
27276, 5464988, 0, 0
27532, 5391708, 0, 0
27532, 4975722, 1, 0
27913, 4619684, 0, 0
27913, 4647908, 1, 0
28047, 4464434, 1, 0
28353, 4666194, 1, 0
28527, 4630612, 1, 0
28758, 4558523, 1, 0
29243, 4797912, 0, 0
29308, 4753411, 1, 0
29719, 5084094, 0, 0
29768, 5014088, 0, 0
30102, 4958730, 0, 0
30102, 4803478, 1, 0
30294, 4702773, 1, 0
30556, 4676613, 0, 0
30556, 4656989, 1, 0
30896, 4770058, 1, 0
31307, 4937030, 1, 0
31768, 5031954, 1, 0
31834, 5037460, 0, 0
31987, 5159277, 0, 0
32244, 5151185, 1, 0
32283, 5007048, 1, 0
32677, 5206828, 0, 0
32935, 5402569, 1, 0
33077, 5486989, 0, 0
33313, 5691414, 0, 0
33564, 5820168, 1, 0
33826, 5913347, 1, 0
34179, 5710708, 0, 0
34179, 5509393, 1, 0
34449, 5690988, 1, 0
34788, 5794002, 1, 0
34856, 5612203, 1, 0
35658, 6350273, 0, 0
35727, 6007697, 1, 0
35775, 6007401, 0, 0
36152, 6351866, 0, 0
36306, 6389063, 1, 0
36596, 6493507, 1, 0
36883, 6728745, 0, 0
37001, 6707113, 1, 0
37038, 6697433, 0, 0
37256, 6220250, 1, 0
37553, 5408898, 0, 0
37553, 5393757, 1, 0
37759, 4977539, 1, 0
38223, 4772858, 0, 0
38223, 4469996, 1, 0
38334, 4434738, 0, 0
38731, 4652791, 0, 0
38967, 4787567, 1, 0
39103, 4654956, 1, 0
39280, 4491691, 1, 0
39667, 4212465, 0, 0
39667, 3834159, 1, 0
39960, 3939807, 0, 0
39960, 3807887, 1, 0
40010, 3703936, 0, 0
40370, 3229971, 0, 0
40370, 3302059, 1, 0
40529, 3392806, 0, 0
40529, 3273661, 1, 0
40787, 3422375, 0, 0
41135, 3608427, 0, 0
41350, 3796923, 0, 0
41568, 3973015, 0, 0
41754, 4128027, 0, 0
42073, 4314262, 1, 0
42421, 4571197, 0, 0
42505, 4543936, 0, 0
42911, 4233843, 0, 0
42911, 4247504, 1, 0
43051, 4084361, 1, 0
43423, 4060612, 1, 0
43588, 4248702, 0, 0
43998, 4505855, 1, 0
44075, 4408170, 1, 0
44327, 4612085, 0, 0
44591, 4631527, 1, 0
44818, 4807845, 0, 0
45608, 5515918, 0, 0
45790, 5661642, 0, 0
45858, 5693180, 0, 0
46064, 5868509, 0, 0
46570, 6199857, 1, 0
46994, 6504000, 1, 0
47037, 6507894, 0, 0
47180, 6442430, 1, 0
47214, 6426949, 0, 0
47263, 6298441, 1, 0
47997, 6221679, 1, 0
48219, 6464995, 1, 0
48427, 6353910, 1, 0
48785, 6363791, 1, 0
49094, 6620971, 0, 0
49432, 6926911, 0, 0
49471, 6934724, 0, 0
49980, 7412392, 0, 0
50039, 7316660, 1, 0
50214, 7302870, 1, 0
50252, 7200735, 0, 0
50338, 7255740, 0, 0
50913, 6943266, 1, 0
50968, 6892076, 0, 0
51210, 6882639, 1, 0
51439, 6847542, 1, 0
51856, 7038361, 1, 0
52000, 6391370, 1, 0
52254, 6463402, 0, 0
52390, 6531957, 0, 0
52645, 6581319, 1, 0
52794, 6224083, 1, 0
53057, 6019817, 0, 0
53057, 6004293, 1, 0
53315, 6047216, 0, 0
53638, 6375665, 0, 0
53855, 6562137, 0, 0
54185, 6757045, 1, 0
54276, 6149693, 1, 0
54553, 5082575, 0, 0
54553, 5503325, 1, 0
54766, 4727049, 0, 0
54766, 4716760, 1, 0
55058, 4806022, 0, 0
55058, 4779910, 1, 0
55311, 4777642, 0, 0
55759, 4845541, 1, 0
56193, 5225611, 0, 0
56319, 5108904, 1, 0
56767, 5327839, 1, 0
56931, 5075249, 1, 0
57033, 5032878, 0, 0
57095, 4840930, 1, 0
57252, 4861905, 1, 0
57567, 4921496, 1, 0
57857, 5063064, 0, 0
58021, 4957953, 0, 0
58297, 4848398, 0, 0
58297, 4794906, 1, 0
58895, 5040564, 1, 0
58958, 4773166, 1, 0
59014, 4742752, 0, 0
59265, 4837243, 0, 0
59606, 5028255, 0, 0
59861, 5307366, 0, 0
60126, 5359380, 0, 0
60126, 5276830, 1, 0
60126, 2691928, 0, 0
60126, 2203821, 1, 0
7728, 7416857, 1, 0
7759, 7044944, 1, 0
7788, 7015592, 0, 0
7993, 6335287, 1, 0
8243, 6121844, 1, 0
8475, 6288944, 0, 0
8551, 5782765, 1, 0
8673, 5798204, 0, 0
8755, 5262370, 1, 0
8931, 5391266, 0, 0
9157, 5567988, 0, 0
9307, 5197943, 1, 0
9666, 5493534, 0, 0
9851, 5482456, 1, 0
10108, 5670317, 0, 0
10383, 5675746, 1, 0
10447, 4941747, 1, 0
10480, 4183150, 0, 0
10712, 4382083, 0, 0
10898, 4535617, 0, 0
11384, 4859978, 1, 0
11471, 4898778, 0, 0
11774, 4995437, 1, 0
12184, 5264820, 1, 0
12471, 5500856, 0, 0
12742, 5658062, 1, 0
12948, 5810704, 0, 0
13379, 6054243, 1, 0
13451, 6080406, 0, 0
13739, 6181881, 1, 0
13823, 6131205, 1, 0
14191, 6462522, 0, 0
14269, 6510191, 0, 0
14632, 6843703, 0, 0
15160, 7166907, 0, 0
15275, 7032812, 1, 0
15397, 6921722, 1, 0
15574, 7023541, 0, 0
15618, 6945383, 0, 0
15650, 6894753, 0, 0
15682, 6751665, 1, 0
15997, 6839996, 1, 0
16220, 6912723, 0, 0
16502, 6835119, 1, 0
16760, 6909234, 1, 0
16805, 6696971, 1, 0
16855, 6472643, 1, 0
16904, 6457049, 0, 0
16935, 6454880, 0, 0
17129, 6417061, 1, 0
17205, 6306980, 0, 0
17438, 6053601, 1, 0
17498, 6027393, 0, 0
17560, 5785933, 1, 0
17597, 5412289, 1, 0
17756, 5285509, 1, 0
18214, 5472138, 1, 0
18511, 5562541, 1, 0
18652, 5273540, 1, 0
18920, 5469455, 0, 0
19084, 5344787, 1, 0
19268, 5445001, 0, 0
19306, 5114726, 1, 0
19561, 5291859, 0, 0
19913, 5280994, 1, 0
20038, 4877379, 1, 0
20212, 4936960, 1, 0
20651, 5254103, 1, 0
20896, 5322103, 1, 0
21193, 5574539, 0, 0
21235, 5584904, 0, 0
21265, 5582375, 0, 0
21354, 5357509, 1, 0
21527, 5307596, 1, 0
21756, 5254028, 1, 0
22092, 5331810, 1, 0
22262, 5457430, 0, 0
22313, 5457321, 0, 0
22374, 5470188, 0, 0
22542, 5606615, 0, 0
22600, 5470266, 1, 0
22632, 5427744, 0, 0
22663, 5225808, 1, 0
22694, 5196217, 0, 0
22969, 5409567, 0, 0
23061, 5464618, 0, 0
23366, 5609720, 1, 0
23434, 5220028, 1, 0
23468, 4957659, 1, 0
23607, 4954622, 1, 0
23836, 4915569, 1, 0
23884, 4800560, 0, 0
23915, 4646707, 1, 0
24209, 4902912, 0, 0
24321, 4759594, 1, 0
24446, 4533546, 1, 0
24546, 4508005, 1, 0
24688, 4475199, 1, 0
24761, 4109663, 1, 0
25090, 3855109, 0, 0
25090, 3820530, 1, 0
25277, 4012124, 0, 0
25554, 4199413, 0, 0
25890, 3909158, 1, 0
26151, 3838752, 0, 0
26151, 3679040, 1, 0
26619, 4245032, 0, 0
26683, 4141583, 1, 0
26776, 4114138, 0, 0
27026, 4068229, 0, 0
27266, 3768304, 0, 0
27266, 3727529, 1, 0
27569, 3685034, 0, 0
27569, 3523218, 1, 0
28041, 4126384, 0, 0
28293, 4084952, 1, 0
28506, 4185348, 0, 0
28616, 4169708, 1, 0
28839, 4293172, 0, 0
29076, 4388654, 0, 0
29650, 4368220, 0, 0
29650, 4409170, 1, 0
29743, 4465937, 1, 0
29876, 4322143, 1, 0
30040, 4449186, 0, 0
30428, 4807215, 0, 0
30663, 4659963, 0, 0
30838, 4686354, 1, 0
31156, 4472852, 0, 0
31156, 4355266, 1, 0
31429, 4714010, 0, 0
31513, 4735877, 0, 0
31781, 4684333, 0, 0
31781, 4634202, 1, 0
32188, 4833868, 0, 0
32664, 5427841, 0, 0
32907, 5641766, 0, 0
33199, 5840286, 0, 0
33348, 5778557, 1, 0
33386, 5345321, 1, 0
33796, 5207241, 1, 0
34145, 5529257, 0, 0
34810, 5971493, 1, 0
35382, 6306083, 1, 0
35421, 6297553, 0, 0
35646, 6479996, 0, 0
35760, 6563032, 0, 0
36121, 6471151, 1, 0
36236, 6492839, 0, 0
36290, 6414647, 1, 0
36526, 6485190, 1, 0
36755, 6326277, 1, 0
36875, 6386950, 0, 0
37041, 6377247, 0, 0
37554, 6716051, 1, 0
37681, 6706354, 1, 0
38219, 7062901, 1, 0
38533, 7104356, 1, 0
38768, 7286673, 0, 0
38957, 7443309, 0, 0
39576, 8031215, 0, 0
39639, 8033149, 0, 0
39874, 8092780, 1, 0
39942, 8096799, 0, 0
40300, 8112172, 1, 0
40550, 7886587, 1, 0
40702, 7795073, 1, 0
40762, 7563186, 1, 0
41006, 7657791, 1, 0
41409, 8022271, 0, 0
41545, 8127315, 0, 0
41591, 7794717, 1, 0
41622, 7476939, 1, 0
41831, 7020967, 1, 0
42065, 6682355, 1, 0
42280, 6821095, 0, 0
42280, 6634230, 1, 0
42799, 6551383, 0, 0
42799, 6677462, 1, 0
43143, 6907518, 0, 0
43331, 7040955, 0, 0
43468, 6942451, 1, 0
43759, 7004124, 1, 0
44007, 7132441, 0, 0
44443, 7402068, 1, 0
44487, 6933563, 1, 0
44777, 7096392, 0, 0
44945, 6726142, 1, 0
45140, 6607012, 1, 0
45443, 6675499, 1, 0
45568, 6611886, 1, 0
45810, 6170262, 0, 0
45810, 6104766, 1, 0
46051, 5960752, 0, 0
46051, 5873265, 1, 0
46803, 6040974, 0, 0
46803, 5552596, 1, 0
47007, 6001517, 1, 0
47218, 5809179, 1, 0
47586, 6041041, 0, 0
47776, 6184553, 0, 0
48073, 6451091, 0, 0
48507, 6676017, 1, 0
48547, 6482137, 1, 0
48833, 6590920, 1, 0
49387, 7106220, 0, 0
49429, 7118179, 0, 0
49578, 6779512, 1, 0
49655, 6511985, 1, 0
49850, 6519204, 1, 0
49965, 6497097, 1, 0
50083, 6323872, 1, 0
50333, 6326504, 1, 0
50515, 6072330, 1, 0
50832, 6345138, 0, 0
51152, 6374863, 1, 0
51307, 6362128, 1, 0
51678, 6264744, 1, 0
51962, 6393909, 0, 0
52476, 6795876, 1, 0
52593, 6783637, 1, 0
52783, 6912871, 0, 0
53108, 7204729, 0, 0
53215, 7164668, 1, 0
53314, 7172434, 0, 0
53628, 7197136, 0, 0
53628, 6824430, 1, 0
53759, 6626837, 1, 0
54261, 6396314, 1, 0
54442, 6368698, 1, 0
54598, 6091080, 1, 0
54767, 6220489, 0, 0
55146, 6313213, 0, 0
55317, 5887971, 0, 0
55317, 5839461, 1, 0
55512, 5781152, 0, 0
55512, 5724252, 1, 0
55977, 5642144, 0, 0
55977, 5894418, 1, 0
56122, 5788864, 0, 0
56374, 5702580, 0, 0
56374, 5541521, 1, 0
56546, 5393933, 1, 0
56840, 5405310, 0, 0
56840, 5418483, 1, 0
57578, 5900106, 0, 0
58090, 6128013, 1, 0
58333, 5856365, 0, 0
58665, 6071828, 0, 0
58823, 6040366, 1, 0
59027, 5919073, 1, 0
59202, 5987030, 0, 0
59364, 6049538, 0, 0
59447, 6033505, 0, 0
59570, 5942042, 1, 0
59781, 6061241, 0, 0
59916, 6157401, 0, 0
60022, 6128604, 1, 0
60022, 2822399, 0, 0
60022, 3127237, 1, 0
9272, 9022576, 1, 0
9349, 8997946, 0, 0
9381, 8620983, 1, 0
9413, 8543798, 0, 0
9571, 8077168, 0, 0
9774, 7901603, 0, 0
10052, 7932383, 1, 0
10130, 7724436, 0, 0
10162, 7410338, 0, 0
10278, 7081009, 1, 0
10534, 6990890, 0, 0
10769, 6756150, 0, 0
11181, 6925589, 1, 0
11228, 6699348, 1, 0
11430, 6142969, 1, 0
11650, 5273776, 1, 0
11689, 5094155, 1, 0
11815, 5140965, 0, 0
12183, 5351872, 1, 0
12235, 5239532, 1, 0
12469, 5288636, 1, 0
12513, 5223355, 0, 0
12630, 5176495, 1, 0
12669, 5139650, 0, 0
12698, 5032115, 1, 0
12728, 4615113, 1, 0
12919, 4619543, 1, 0
13235, 4890292, 0, 0
13288, 4518485, 1, 0
13606, 4656110, 1, 0
13679, 4629314, 0, 0
13712, 4439365, 1, 0
13931, 4582084, 0, 0
14077, 4696539, 0, 0
14110, 4696117, 0, 0
14142, 4570482, 1, 0
14175, 4401775, 0, 0
14562, 4509293, 1, 0
14677, 4546897, 0, 0
15099, 4937384, 0, 0
15238, 4959279, 1, 0
15350, 4816234, 1, 0
15523, 4753983, 1, 0
15748, 4567111, 1, 0
15996, 4768713, 0, 0
16047, 4617283, 1, 0
16122, 4472129, 1, 0
16244, 4555107, 0, 0
16323, 4507291, 0, 0
16354, 4171081, 1, 0
16387, 4151650, 0, 0
16418, 3948995, 1, 0
16449, 3936067, 0, 0
16627, 3996862, 1, 0
16668, 3998929, 0, 0
16820, 4121342, 0, 0
17028, 4299404, 0, 0
17299, 4379594, 1, 0
17345, 4110386, 1, 0
17609, 4321662, 0, 0
17648, 4041879, 1, 0
17769, 4089241, 0, 0
17814, 4102029, 0, 0
17938, 4006502, 1, 0
18274, 4196804, 0, 0
18362, 4252331, 0, 0
18461, 4319110, 0, 0
19153, 4977910, 0, 0
19279, 4717489, 1, 0
19503, 4826466, 1, 0
19899, 4799707, 1, 0
20038, 4799878, 1, 0
20146, 4796453, 1, 0
20231, 4708286, 1, 0
20299, 4551323, 0, 0
20454, 4457759, 1, 0
20883, 4836179, 0, 0
20958, 4836396, 0, 0
20990, 4745982, 1, 0
21109, 4786244, 0, 0
21309, 4955143, 0, 0
21495, 5107659, 0, 0
21744, 5325720, 0, 0
21977, 5527738, 0, 0
22229, 5602266, 1, 0
22305, 5637263, 0, 0
22777, 5957229, 0, 0
23120, 6092559, 1, 0
23495, 6195948, 1, 0
23630, 6284632, 0, 0
23715, 6105590, 1, 0
23747, 6099353, 0, 0
23779, 6010790, 1, 0
23857, 6043691, 0, 0
24184, 6246405, 0, 0
24383, 6108905, 1, 0
24666, 6304581, 0, 0
24977, 6516422, 0, 0
25128, 5974584, 1, 0
25288, 6008846, 0, 0
25387, 5884020, 1, 0
25548, 5514452, 1, 0
25981, 5834743, 1, 0
26136, 5904672, 0, 0
26484, 6185135, 0, 0
26851, 6397010, 1, 0
27032, 6148264, 1, 0
27428, 6469947, 0, 0
27522, 6531810, 0, 0
27554, 6445591, 0, 0
27764, 6454642, 1, 0
28029, 6379753, 1, 0
28292, 6081000, 1, 0
28838, 6188434, 0, 0
28838, 6061285, 1, 0
29002, 5881594, 1, 0
29099, 5604398, 1, 0
29649, 5934202, 0, 0
29649, 5505015, 1, 0
29874, 6126808, 0, 0
29928, 6148547, 0, 0
30059, 6201892, 0, 0
30439, 6255060, 1, 0
30521, 6137736, 0, 0
30911, 5671155, 1, 0
31016, 5629146, 0, 0
31282, 5864169, 0, 0
32139, 6591562, 1, 0
32327, 6345729, 1, 0
32417, 6281587, 0, 0
32448, 5963245, 1, 0
32957, 6106312, 1, 0
33254, 6222844, 1, 0
33298, 5869602, 1, 0
33496, 5974442, 0, 0
33534, 5979367, 0, 0
34073, 6308936, 1, 0
34159, 6191097, 1, 0
34809, 6780019, 0, 0
34881, 6805305, 0, 0
34911, 6618928, 1, 0
35429, 6519502, 1, 0
35656, 6654417, 1, 0
35694, 6594974, 0, 0
35999, 6864356, 0, 0
36040, 6390717, 1, 0
36502, 6183598, 0, 0
36502, 6141349, 1, 0
36560, 6039556, 0, 0
36754, 6045043, 0, 0
37088, 6063351, 1, 0
37823, 5796604, 1, 0
37880, 5552786, 1, 0
37941, 5523748, 0, 0
38008, 5525674, 0, 0
38008, 5050477, 1, 0
38433, 5134732, 0, 0
38433, 4850946, 1, 0
38643, 5109584, 0, 0
38643, 4996861, 1, 0
38861, 4701890, 0, 0
38861, 4614554, 1, 0
39103, 4222399, 0, 0
39103, 4113926, 1, 0
39517, 4237525, 0, 0
39517, 4088177, 1, 0
39556, 3899503, 1, 0
39897, 4203062, 0, 0
40017, 3977216, 0, 0
40017, 3945826, 1, 0
40412, 4339995, 0, 0
40573, 4461804, 0, 0
40986, 4497949, 0, 0
40986, 4483657, 1, 0
41257, 4696669, 0, 0
41317, 4725604, 0, 0
41762, 4817346, 0, 0
41762, 4766565, 1, 0
41958, 4869773, 1, 0
42034, 4842453, 0, 0
42514, 4691399, 1, 0
42591, 4710912, 0, 0
42894, 4952611, 0, 0
43007, 4940051, 0, 0
43266, 4681014, 0, 0
43266, 4654909, 1, 0
43616, 4689866, 0, 0
43616, 4566536, 1, 0
43780, 4587485, 0, 0
43780, 4571621, 1, 0
44089, 4492091, 0, 0
44677, 4779797, 1, 0
44761, 4815586, 0, 0
44911, 4893560, 0, 0
45012, 4600562, 1, 0
45428, 4455583, 1, 0
45643, 4386129, 1, 0
45755, 4438376, 0, 0
46203, 4712324, 0, 0
46203, 4530008, 1, 0
46778, 5016249, 1, 0
46858, 4899634, 1, 0
46888, 4854585, 0, 0
47032, 4517397, 1, 0
47308, 4717359, 0, 0
47678, 4784008, 1, 0
47785, 4853650, 0, 0
48084, 4970321, 0, 0
48554, 4962959, 0, 0
48554, 5179751, 1, 0
48954, 5526452, 0, 0
49084, 5467353, 1, 0
49118, 5443335, 0, 0
49502, 5574213, 0, 0
49748, 5780069, 1, 0
49980, 5890814, 1, 0
50215, 5538507, 1, 0
50501, 5740715, 0, 0
50535, 5624297, 1, 0
50832, 5505623, 0, 0
50832, 5478872, 1, 0
51176, 5084602, 1, 0
51393, 4534891, 0, 0
51393, 4443456, 1, 0
51529, 4591308, 0, 0
51529, 4496928, 1, 0
51868, 4559666, 1, 0
52646, 4861018, 0, 0
52646, 4304750, 1, 0
52698, 4865889, 0, 0
52813, 4728851, 1, 0
53131, 5011229, 0, 0
53226, 5077069, 0, 0
53521, 5341031, 0, 0
53792, 5238007, 1, 0
54062, 5107542, 1, 0
54371, 5287825, 0, 0
54479, 5360815, 0, 0
54560, 5411127, 0, 0
54752, 5105213, 1, 0
55176, 5195907, 1, 0
55614, 5112781, 0, 0
55614, 5015376, 1, 0
55692, 5157176, 0, 0
55777, 5178587, 0, 0
56029, 5260116, 0, 0
56029, 5196669, 1, 0
56319, 5440406, 0, 0
56547, 5636446, 0, 0
56839, 5780942, 0, 0
56839, 5662818, 1, 0
57008, 5785958, 0, 0
57319, 5839367, 0, 0
57319, 5718907, 1, 0
57796, 5469389, 0, 0
57796, 5189194, 1, 0
57848, 5034925, 1, 0
58076, 4849703, 0, 0
58076, 4756999, 1, 0
58309, 4788345, 1, 0
58503, 4342290, 0, 0
58503, 4355468, 1, 0
58808, 4247360, 0, 0
58808, 4172893, 1, 0
59027, 4318190, 1, 0
59520, 4316812, 0, 0
59520, 4004431, 1, 0
59867, 4252795, 1, 0
60060, 4367570, 0, 0
60060, 4314834, 0, 0
60060, 2134656, 0, 0
60060, 2370729, 1, 0
9925, 9409520, 0, 0
10241, 9280218, 0, 0
10324, 8447704, 0, 0
10613, 8564019, 0, 0
10907, 8567321, 1, 0
11230, 8426016, 1, 0
11450, 8198181, 1, 0
11503, 7771774, 1, 0
11647, 7317775, 0, 0
11722, 7170963, 1, 0
11753, 6725601, 0, 0
11915, 6437408, 0, 0
11954, 6088698, 0, 0
11986, 5740717, 0, 0
12073, 5553358, 1, 0
12288, 5527283, 1, 0
12349, 5467985, 1, 0
12378, 5336049, 1, 0
12595, 5321266, 1, 0
12865, 5395343, 1, 0
12908, 5270109, 1, 0
13231, 5120288, 1, 0
13579, 5355267, 0, 0
13654, 5245227, 1, 0
13690, 5065106, 1, 0
13946, 5052983, 1, 0
14397, 5331194, 1, 0
14463, 5037820, 1, 0
14494, 4914810, 0, 0
14640, 5004580, 0, 0
14966, 5120428, 1, 0
15001, 5076449, 0, 0
15032, 4791381, 1, 0
15188, 4863577, 0, 0
15316, 4702453, 1, 0
15460, 4553155, 1, 0
15511, 4281184, 1, 0
15607, 4157855, 1, 0
15775, 4271526, 0, 0
15992, 4344949, 1, 0
16114, 4391979, 0, 0
16240, 4486616, 0, 0
16533, 4618182, 0, 0
16617, 4662149, 0, 0
16669, 4683031, 0, 0
17067, 4994453, 0, 0
17159, 4871330, 1, 0
17531, 5181910, 0, 0
17589, 5210800, 0, 0
17764, 5168897, 1, 0
17825, 4960667, 1, 0
17858, 4949306, 0, 0
17997, 4765942, 1, 0
18054, 4474560, 1, 0
18158, 4504000, 0, 0
18258, 4567645, 0, 0
18354, 4408151, 1, 0
18537, 4140753, 1, 0
19079, 4615881, 0, 0
19263, 4769912, 0, 0
19500, 4859638, 1, 0
19589, 4623361, 0, 0
19658, 4657295, 0, 0
19765, 4733037, 0, 0
19808, 4619810, 1, 0
19932, 4615917, 1, 0
20087, 4626775, 1, 0
20229, 4718464, 0, 0
20457, 4849590, 0, 0
20749, 4974340, 0, 0
20913, 4921370, 1, 0
21188, 5073924, 0, 0
21414, 5174447, 1, 0
21476, 4943519, 1, 0
21710, 5093079, 0, 0
21845, 5176073, 0, 0
21956, 4888488, 1, 0
22037, 4877100, 0, 0
22087, 4556062, 1, 0
22213, 4623556, 0, 0
22445, 4680355, 1, 0
22586, 4760462, 0, 0
22727, 4869113, 0, 0
22849, 4851986, 0, 0
22899, 4845059, 0, 0
23077, 4919168, 0, 0
23150, 4891959, 0, 0
23215, 4860832, 0, 0
23397, 4860062, 1, 0
23570, 4491097, 0, 0
23785, 4521132, 1, 0
24004, 4504453, 1, 0
24082, 4493053, 0, 0
24223, 4564615, 0, 0
24443, 4677856, 0, 0
24861, 5052946, 0, 0
25017, 5085797, 1, 0
25150, 5062725, 1, 0
25284, 5054335, 1, 0
25549, 5091999, 0, 0
25786, 5037069, 0, 0
26065, 5152094, 1, 0
26177, 4988640, 1, 0
26260, 4845407, 1, 0
26351, 4874624, 0, 0
26529, 4684146, 0, 0
26529, 4718607, 1, 0
26872, 4731442, 0, 0
27062, 4975026, 0, 0
27455, 5000779, 1, 0
27816, 5230118, 0, 0
27964, 5237147, 0, 0
28158, 5308236, 0, 0
28283, 5384124, 0, 0
28501, 5351641, 0, 0
28501, 5300302, 1, 0
28854, 5354219, 0, 0
28854, 5456838, 1, 0
29010, 5440570, 1, 0
29310, 5525375, 1, 0
29774, 5770007, 0, 0
29958, 5875738, 0, 0
30089, 5866013, 1, 0
30601, 6157994, 1, 0
30665, 5804739, 1, 0
30833, 5815482, 1, 0
31001, 5740071, 0, 0
31001, 5717265, 1, 0
31289, 5452457, 0, 0
31289, 5383239, 1, 0
31851, 5369076, 0, 0
31941, 5590418, 0, 0
32072, 5643976, 0, 0
32659, 5865696, 0, 0
32838, 5965495, 1, 0
32986, 5923474, 1, 0
33237, 6033891, 0, 0
33445, 5989980, 1, 0
33584, 5768451, 1, 0
33750, 5467491, 0, 0
33750, 5600802, 1, 0
34062, 5406863, 0, 0
34062, 5194502, 1, 0
34618, 4889773, 1, 0
34718, 4760144, 1, 0
34947, 4858234, 1, 0
35089, 4423570, 0, 0
35089, 4394342, 1, 0
35253, 4315248, 0, 0
35253, 4286376, 1, 0
35522, 4325242, 0, 0
35770, 4481337, 0, 0
36128, 4803545, 0, 0
36426, 4404128, 0, 0
36750, 4677846, 0, 0
36946, 4762364, 1, 0
37062, 4402348, 1, 0
37319, 4327365, 0, 0
37500, 4262534, 1, 0
38034, 4449596, 0, 0
38034, 4151108, 1, 0
38169, 4535732, 0, 0
38264, 4574268, 0, 0
38593, 4608911, 0, 0
38896, 4858715, 0, 0
39099, 5037708, 0, 0
39740, 5121243, 0, 0
39740, 4962723, 1, 0
40088, 5369495, 0, 0
40148, 5200953, 0, 0
40251, 5255388, 0, 0
40348, 5259490, 0, 0
40623, 5367605, 0, 0
40772, 5519316, 0, 0
41050, 5527980, 0, 0
41050, 5425520, 1, 0
41422, 5247372, 0, 0
41422, 5237153, 1, 0
41757, 5331543, 1, 0
41992, 5241537, 1, 0
42509, 5563078, 0, 0
42870, 5808776, 1, 0
43032, 5873726, 0, 0
43325, 6006090, 0, 0
43476, 5975963, 0, 0
43554, 5957821, 0, 0
43849, 5815133, 1, 0
44002, 5833058, 0, 0
44112, 5847893, 0, 0
44279, 5953295, 0, 0
44737, 6029238, 0, 0
44737, 6143742, 1, 0
44941, 6191951, 0, 0
45141, 6244759, 1, 0
45437, 6229153, 0, 0
45437, 6097302, 1, 0
45651, 5911670, 1, 0
45766, 5678556, 1, 0
46028, 5733780, 0, 0
46304, 5856702, 0, 0
46893, 6007854, 0, 0
46893, 5694540, 1, 0
47027, 5977344, 1, 0
47099, 5966352, 0, 0
47586, 5896129, 0, 0
47586, 6164386, 1, 0
47640, 5883114, 1, 0
47844, 5852208, 1, 0
48016, 5286634, 1, 0
48333, 5198995, 0, 0
48333, 5007158, 1, 0
48634, 5080103, 0, 0
48634, 4928993, 1, 0
48981, 5132378, 0, 0
49088, 5085900, 1, 0
49554, 5204971, 0, 0
49815, 5407674, 0, 0
50077, 5340886, 1, 0
50314, 5372899, 1, 0
50441, 5299635, 1, 0
50816, 5278926, 0, 0
50816, 5379387, 1, 0
50892, 5241012, 1, 0
51160, 5321889, 0, 0
51160, 5212903, 1, 0
51303, 5274905, 1, 0
51622, 5259014, 0, 0
51887, 5514522, 0, 0
52321, 5909819, 0, 0
52516, 5623235, 1, 0
52598, 5570549, 1, 0
52810, 5711055, 0, 0
53175, 5705996, 0, 0
53384, 5743611, 0, 0
53582, 5738380, 1, 0
53835, 5898597, 0, 0
54039, 6022238, 0, 0
54277, 6046064, 1, 0
54617, 6026461, 0, 0
54617, 5982500, 1, 0
54863, 5882224, 0, 0
55008, 5808214, 0, 0
55609, 5443062, 1, 0
55699, 5385215, 0, 0
56055, 5614145, 0, 0
56125, 5648951, 0, 0
56287, 5470717, 1, 0
56565, 5672445, 0, 0
56779, 5639389, 0, 0
56779, 5618369, 1, 0
57610, 6180622, 0, 0
57610, 5588257, 1, 0
57683, 6060846, 0, 0
57789, 5901778, 1, 0
57872, 5550705, 1, 0
58022, 5505634, 1, 0
58306, 5707951, 0, 0
58510, 5484934, 0, 0
58510, 5452112, 1, 0
58820, 5263015, 1, 0
59022, 5186924, 1, 0
59369, 5091126, 0, 0
59369, 5171851, 1, 0
59535, 5195071, 0, 0
59912, 5105488, 1, 0
60103, 5158876, 0, 0
60103, 2434126, 0, 0
60103, 2368669, 1, 0
9033, 8303998, 1, 0
9106, 7040975, 1, 0
9137, 6738237, 1, 0
9520, 6663181, 1, 0
9784, 6848209, 0, 0
10092, 7104234, 0, 0
10378, 6857145, 1, 0
10423, 6849793, 0, 0
10461, 6854281, 0, 0
10685, 6640522, 1, 0
10778, 6657446, 0, 0
10808, 6470419, 1, 0
10838, 6420994, 0, 0
10868, 6165511, 1, 0
10907, 6161050, 0, 0
10950, 6172011, 0, 0
10981, 5853949, 0, 0
11013, 5129741, 1, 0
11044, 4733152, 0, 0
11246, 4727176, 1, 0
11289, 4529544, 1, 0
11450, 4568525, 1, 0
11491, 4448551, 1, 0
11769, 4513418, 1, 0
11947, 4516005, 1, 0
12043, 4433818, 1, 0
12122, 4036369, 1, 0
12299, 4124001, 0, 0
12433, 4060799, 1, 0
12607, 4168079, 0, 0
12787, 3981999, 1, 0
12972, 3939228, 1, 0
13043, 3937082, 0, 0
13113, 3975660, 0, 0
13197, 3677257, 1, 0
13310, 3525844, 1, 0
13425, 3333286, 1, 0
13525, 3146963, 1, 0
13735, 3312178, 0, 0
13870, 3409089, 0, 0
13962, 3277780, 1, 0
14245, 3467293, 0, 0
14353, 3545309, 0, 0
14526, 3688660, 0, 0
14651, 3783414, 0, 0
15046, 4139078, 0, 0
15209, 4259536, 0, 0
15335, 4354001, 0, 0
15459, 4446431, 0, 0
15591, 4547496, 0, 0
15992, 4746162, 1, 0
16118, 4828527, 0, 0
16240, 4790773, 1, 0
16831, 5340054, 0, 0
17124, 5355454, 1, 0
17202, 5254416, 0, 0
17555, 5512314, 0, 0
17752, 5630276, 0, 0
17815, 5515174, 1, 0
17906, 5472923, 0, 0
17969, 5361333, 1, 0
18133, 5345515, 0, 0
18411, 5438484, 1, 0
18614, 5570931, 0, 0
18711, 5598443, 0, 0
18966, 5768493, 0, 0
19334, 6024428, 0, 0
19415, 5989983, 0, 0
19588, 6062761, 0, 0
19700, 5965451, 1, 0
19795, 5924744, 0, 0
19932, 5969126, 0, 0
20087, 5842066, 1, 0
20244, 5890466, 0, 0
20788, 6261308, 0, 0
20936, 6285233, 1, 0
21208, 6161406, 1, 0
21490, 6281255, 1, 0
21548, 6212888, 1, 0
21579, 6119147, 1, 0
21640, 6048319, 0, 0
21804, 5811860, 1, 0
21873, 5755375, 0, 0
22201, 5960278, 1, 0
22389, 5557447, 1, 0
22975, 5850971, 1, 0
23129, 5927452, 0, 0
23171, 5616310, 1, 0
23203, 5450894, 1, 0
23264, 5449110, 0, 0
23479, 5573438, 0, 0
23582, 5613803, 0, 0
23804, 5671375, 0, 0
23953, 5542830, 1, 0
24002, 5388166, 1, 0
24032, 5320987, 1, 0
24442, 5182548, 1, 0
24847, 5432167, 0, 0
24919, 5331267, 1, 0
25029, 5328243, 0, 0
25299, 5419908, 0, 0
25299, 5367391, 1, 0
25501, 5413312, 1, 0
25833, 4920095, 1, 0
26146, 4598164, 0, 0
26146, 4486813, 1, 0
26591, 4782666, 0, 0
26684, 4879624, 1, 0
26906, 5032675, 0, 0
27048, 4847774, 1, 0
27435, 5046784, 1, 0
27749, 4773934, 1, 0
27793, 4663833, 1, 0
28008, 4799036, 0, 0
28282, 4905352, 0, 0
28282, 4626341, 1, 0
28701, 4610918, 0, 0
28756, 4723285, 0, 0
29245, 4325869, 0, 0
29245, 4361059, 1, 0
29295, 4266087, 1, 0
29723, 4508879, 1, 0
29843, 4543800, 0, 0
30037, 4535830, 1, 0
30323, 4447030, 0, 0
30323, 4345858, 1, 0
30717, 4524785, 0, 0
30717, 4231105, 1, 0
30793, 4201779, 1, 0
31058, 4248277, 0, 0
31058, 4152331, 1, 0
31384, 4335357, 0, 0
31712, 4277175, 1, 0
31876, 4127009, 1, 0
32196, 4150418, 0, 0
32196, 4232136, 1, 0
32271, 4263268, 0, 0
32539, 4325251, 0, 0
32539, 4134539, 1, 0
32890, 4426822, 0, 0
32890, 4413556, 1, 0
33027, 4271199, 0, 0
33027, 4263676, 1, 0
33435, 4343231, 0, 0
33435, 4447902, 1, 0
33963, 4718391, 1, 0
34012, 4717157, 0, 0
34603, 4880088, 1, 0
34676, 4833284, 0, 0
34867, 4830118, 1, 0
35191, 5079145, 0, 0
35316, 5170437, 0, 0
35511, 5333022, 0, 0
35730, 5521057, 0, 0
35854, 5531210, 0, 0
36128, 5537839, 0, 0
36128, 5410190, 1, 0
36377, 5584689, 0, 0
36737, 5606630, 1, 0
37036, 5652605, 1, 0
37633, 5920253, 1, 0
37683, 5806552, 1, 0
37785, 5841773, 0, 0
37886, 5689586, 1, 0
38000, 5728591, 0, 0
38452, 5841498, 0, 0
38629, 5957526, 1, 0
38762, 6047943, 0, 0
39016, 6051199, 0, 0
39016, 6005716, 1, 0
39524, 6496644, 0, 0
39599, 6522320, 0, 0
39761, 6542124, 1, 0
40254, 6359207, 1, 0
40501, 6489425, 0, 0
40606, 6002743, 1, 0
41000, 6061284, 0, 0
41000, 6133452, 1, 0
41252, 6061206, 0, 0
41319, 6003055, 0, 0
41544, 6033189, 1, 0
41826, 5869519, 0, 0
42026, 5716233, 1, 0
42434, 5719764, 0, 0
42434, 5696818, 1, 0
42550, 5513259, 1, 0
42779, 5012245, 0, 0
42779, 4993692, 1, 0
43105, 5219719, 0, 0
43370, 5269026, 0, 0
43726, 5274318, 1, 0
43875, 5246780, 1, 0
44308, 5169373, 0, 0
44308, 5411937, 1, 0
44408, 5392806, 0, 0
44531, 4931344, 0, 0
44531, 4974880, 1, 0
44790, 4797500, 0, 0
44790, 4536581, 1, 0
45066, 4459656, 0, 0
45066, 4395949, 1, 0
45260, 4351480, 1, 0
45563, 4104740, 0, 0
45563, 4019361, 1, 0
45805, 4101469, 0, 0
46004, 4178483, 1, 0
46688, 4471465, 0, 0
46767, 4580423, 1, 0
46971, 4537335, 0, 0
47315, 4765727, 0, 0
47440, 4813784, 0, 0
47567, 4853269, 0, 0
48056, 4969345, 0, 0
48056, 4950695, 1, 0
48420, 5178547, 0, 0
48470, 5099970, 1, 0
48634, 4908501, 1, 0
48830, 4885010, 0, 0
49046, 4637133, 0, 0
49046, 4614095, 1, 0
49297, 4737521, 0, 0
49554, 4859191, 0, 0
49868, 4970993, 0, 0
49868, 4933172, 1, 0
50269, 5203591, 1, 0
50771, 5590777, 0, 0
51052, 5791791, 0, 0
51133, 5801108, 0, 0
51302, 5853648, 1, 0
51422, 5858902, 0, 0
51528, 5848051, 1, 0
51790, 5827710, 1, 0
52452, 5749933, 0, 0
52575, 5808517, 0, 0
52641, 5670171, 1, 0
52809, 5493299, 1, 0
53043, 5399207, 0, 0
53043, 5294693, 1, 0
53385, 5041657, 1, 0
53543, 5072326, 0, 0
53836, 5088994, 0, 0
53836, 5001181, 1, 0
54007, 5177606, 0, 0
54412, 5165655, 0, 0
54533, 5236130, 0, 0
54851, 5311743, 0, 0
54851, 5296779, 1, 0
55235, 5217830, 0, 0
55235, 5366450, 1, 0
55326, 5056910, 1, 0
55665, 4893835, 1, 0
56016, 4883465, 0, 0
56016, 4661447, 1, 0
56109, 4807076, 1, 0
56328, 4905792, 0, 0
56555, 4891310, 0, 0
56754, 4963216, 0, 0
57586, 5133538, 0, 0
57586, 4933372, 1, 0
57978, 5402579, 0, 0
58131, 5489498, 0, 0
58228, 5419600, 1, 0
58524, 5638772, 0, 0
58792, 5871908, 0, 0
58877, 5833754, 0, 0
59177, 6002230, 1, 0
59282, 5897503, 1, 0
59515, 5972317, 0, 0
59850, 6214524, 0, 0
60129, 6293084, 1, 0
60129, 6121231, 0, 0
60129, 3760416, 0, 0
60129, 2846887, 1, 0
