868, 105148, 0, 0
868, 653705, 1, 0
927, 58988, 0, 0
1646, 719212, 1, 0
1841, 194542, 1, 0
2126, 284955, 1, 0
2544, 418926, 1, 0
2581, 36847, 0, 0
2623, 42167, 0, 0
2676, 52085, 0, 0
2949, 273835, 1, 0
3263, 313239, 1, 0
3512, 249076, 1, 0
3555, 42812, 0, 0
3620, 65003, 0, 0
3780, 79967, 0, 0
4034, 63684, 0, 0
4459, 38669, 0, 0
4459, 270139, 1, 0
4698, 238843, 1, 0
4977, 279207, 1, 0
5441, 463882, 1, 0
5470, 28438, 0, 0
5507, 36777, 0, 0
5952, 47887, 0, 0
5952, 205881, 1, 0
6163, 42565, 0, 0
6163, 168568, 1, 0
6395, 231183, 1, 0
6509, 38223, 0, 0
6896, 386714, 1, 0
7149, 252553, 1, 0
7551, 34405, 0, 0
7551, 367927, 1, 0
7600, 48753, 0, 0
8202, 49433, 0, 0
8202, 453905, 1, 0
8406, 204231, 1, 0
8443, 36670, 0, 0
8531, 44003, 0, 0
8954, 56362, 0, 0
8954, 309896, 1, 0
9001, 46750, 0, 0
9374, 373446, 1, 0
9620, 245978, 1, 0
9893, 84657, 0, 0
9893, 187880, 1, 0
10471, 578128, 1, 0
10767, 295951, 1, 0
10823, 55610, 0, 0
10915, 92845, 0, 0
11030, 57143, 0, 0
11255, 224707, 1, 0
11611, 38973, 0, 0
11611, 278571, 1, 0
11847, 235743, 1, 0
12135, 288011, 0, 0
12432, 297180, 1, 0
12747, 314706, 1, 0
12812, 64979, 0, 0
13072, 260267, 1, 0
13440, 367925, 1, 0
13818, 377477, 1, 0
14118, 300324, 1, 0
14209, 90447, 0, 0
14491, 282295, 1, 0
14553, 62163, 0, 0
14894, 341398, 1, 0
15156, 261159, 1, 0
15272, 116611, 0, 0
15613, 170369, 1, 0
16095, 481543, 1, 0
16309, 214604, 0, 0
16376, 66875, 0, 0
16646, 72080, 0, 0
16646, 198078, 1, 0
16854, 207387, 1, 0
17078, 224462, 1, 0
17410, 90862, 0, 0
17410, 240787, 1, 0
17546, 45235, 0, 0
18033, 33465, 0, 0
18033, 453640, 1, 0
18353, 319979, 1, 0
18407, 54015, 0, 0
18618, 211055, 1, 0
19224, 39406, 0, 0
19224, 566554, 1, 0
19681, 456669, 1, 0
19921, 240293, 1, 0
19962, 40941, 0, 0
20007, 45279, 0, 0
20080, 72651, 0, 0
20389, 309034, 1, 0
20552, 81228, 0, 0
20839, 287157, 1, 0
21005, 166523, 1, 0
21289, 78666, 0, 0
21289, 204694, 1, 0
21512, 223551, 1, 0
22028, 45248, 0, 0
22028, 288699, 1, 0
22085, 56732, 0, 0
22315, 57643, 0, 0
22612, 92229, 0, 0
22612, 204862, 1, 0
22880, 267264, 0, 0
23156, 276263, 1, 0
23300, 47870, 0, 0
23566, 266179, 1, 0
24081, 515236, 1, 0
24153, 71915, 0, 0
24355, 101072, 0, 0
24766, 85642, 0, 0
24766, 324899, 1, 0
24981, 215340, 1, 0
25086, 104984, 0, 0
25539, 40228, 0, 0
25539, 291557, 1, 0
25656, 116540, 0, 0
25761, 105758, 0, 0
26116, 354759, 1, 0
26445, 81418, 0, 0
26445, 247501, 1, 0
26538, 92375, 0, 0
26814, 101296, 0, 0
26814, 174756, 1, 0
27328, 86632, 0, 0
27328, 428194, 1, 0
28229, 900864, 1, 0
28438, 208417, 1, 0
28651, 213389, 1, 0
28925, 274040, 1, 0
29204, 279150, 1, 0
29245, 40454, 0, 0
29281, 36181, 0, 0
29325, 43708, 0, 0
29573, 247998, 1, 0
29902, 328875, 1, 0
29962, 59716, 0, 0
30080, 118482, 1, 0
30294, 33532, 0, 0
30294, 180141, 1, 0
30715, 56587, 0, 0
30715, 308182, 1, 0
30891, 176259, 0, 0
31128, 236668, 1, 0
31324, 65311, 0, 0
31673, 66167, 0, 0
31673, 216581, 1, 0
31851, 177497, 1, 0
32187, 87131, 0, 0
32187, 249100, 1, 0
32391, 203959, 1, 0
32535, 48059, 0, 0
32842, 306605, 1, 0
33044, 201717, 1, 0
33309, 265270, 1, 0
33504, 195256, 1, 0
33760, 255615, 1, 0
34004, 244256, 1, 0
34273, 34029, 0, 0
34273, 234292, 1, 0
34701, 47007, 0, 0
34701, 381081, 1, 0
34752, 50909, 0, 0
35070, 73448, 0, 0
35070, 244999, 1, 0
35253, 45658, 0, 0
35661, 203998, 1, 0
36041, 30747, 0, 0
36041, 349395, 1, 0
36268, 226640, 1, 0
36343, 75617, 0, 0
36716, 372319, 1, 0
36800, 84681, 0, 0
37050, 91976, 0, 0
37050, 157919, 1, 0
37263, 212906, 1, 0
37528, 82051, 0, 0
37528, 182275, 1, 0
37796, 49050, 0, 0
37796, 219287, 1, 0
38071, 98532, 0, 0
38071, 175875, 1, 0
38328, 85806, 0, 0
38511, 183419, 1, 0
38832, 320050, 1, 0
39001, 169927, 1, 0
39757, 377687, 1, 0
40100, 343036, 1, 0
40182, 81656, 0, 0
40434, 252464, 1, 0
40614, 179394, 0, 0
40742, 128034, 0, 0
40825, 83459, 0, 0
41211, 80625, 0, 0
41211, 305145, 1, 0
41522, 311060, 1, 0
41626, 104388, 0, 0
41922, 147708, 0, 0
42236, 314167, 1, 0
42543, 306964, 1, 0
42629, 85602, 0, 0
42894, 265337, 1, 0
43086, 64072, 0, 0
43295, 104147, 0, 0
43768, 55632, 0, 0
43768, 417764, 1, 0
43808, 40053, 0, 0
44222, 47357, 0, 0
44222, 318474, 1, 0
44418, 196015, 1, 0
44673, 37285, 0, 0
44673, 217694, 1, 0
44891, 108962, 0, 0
45063, 57397, 0, 0
45311, 248164, 1, 0
45538, 227377, 1, 0
45914, 138252, 0, 0
45914, 236951, 1, 0
46035, 60823, 0, 0
46894, 127855, 0, 0
46894, 730199, 1, 0
47125, 231083, 1, 0
47200, 75728, 0, 0
47723, 522176, 1, 0
47992, 269170, 1, 0
48076, 83826, 0, 0
48363, 286929, 1, 0
48502, 139773, 0, 0
48537, 34632, 0, 0
48741, 203876, 1, 0
48788, 47329, 0, 0
49188, 199935, 1, 0
49520, 331640, 1, 0
49766, 245837, 1, 0
49805, 38811, 0, 0
50043, 238391, 1, 0
50296, 252843, 1, 0
50519, 223035, 0, 0
50964, 230108, 0, 0
50964, 214493, 1, 0
51344, 380180, 1, 0
51743, 399468, 1, 0
51954, 210411, 1, 0
52036, 81777, 0, 0
52254, 218500, 1, 0
52353, 98928, 0, 0
52640, 75498, 0, 0
52640, 210924, 1, 0
52974, 62115, 0, 0
52974, 272286, 1, 0
53064, 89698, 0, 0
53307, 243011, 1, 0
53643, 336124, 1, 0
54083, 440018, 1, 0
54152, 69346, 0, 0
55010, 857475, 1, 0
55248, 237729, 1, 0
55487, 239693, 1, 0
55828, 341024, 1, 0
55874, 46134, 0, 0
55917, 42244, 0, 0
55952, 35497, 0, 0
56179, 226536, 1, 0
56540, 361194, 1, 0
56576, 36106, 0, 0
56928, 44051, 0, 0
56928, 307194, 1, 0
57343, 415738, 1, 0
57430, 86614, 0, 0
57701, 270734, 1, 0
57934, 232864, 1, 0
58150, 216603, 1, 0
58458, 38789, 0, 0
58458, 268553, 1, 0
58516, 57982, 0, 0
58793, 49110, 0, 0
58793, 129841, 1, 0
59138, 172679, 1, 0
59287, 148989, 1, 0
59570, 282227, 1, 0
59859, 86768, 0, 0
59859, 202912, 1, 0
60161, 48745, 0, 0
60161, 252983, 1, 0
258, 85128, 0, 0
639, 95191, 0, 0
862, 223345, 1, 0
1637, 774834, 1, 0
1869, 232467, 1, 0
2087, 217421, 1, 0
2266, 178908, 0, 0
2316, 49998, 0, 0
2687, 371528, 1, 0
2736, 48959, 0, 0
2970, 233617, 1, 0
3006, 36023, 0, 0
3315, 77357, 0, 0
3315, 231505, 1, 0
3525, 210464, 1, 0
3980, 227251, 1, 0
4023, 43687, 0, 0
4481, 457230, 1, 0
4714, 233667, 1, 0
5085, 370572, 1, 0
5374, 288726, 1, 0
5397, 23330, 0, 0
5767, 369455, 1, 0
5797, 30039, 0, 0
6038, 240866, 1, 0
6266, 228055, 1, 0
6764, 498025, 1, 0
6984, 220754, 1, 0
7309, 324770, 1, 0
7631, 321183, 1, 0
7683, 51975, 0, 0
7858, 175094, 1, 0
8346, 28874, 0, 0
8346, 372723, 1, 0
8608, 261648, 1, 0
8682, 74255, 0, 0
8944, 22822, 0, 0
8944, 239144, 1, 0
9341, 397349, 1, 0
9552, 210103, 1, 0
9575, 23607, 0, 0
9810, 234797, 1, 0
10270, 459868, 1, 0
10642, 372336, 1, 0
10995, 352160, 1, 0
11023, 28259, 0, 0
11052, 29246, 0, 0
11280, 33611, 0, 0
11280, 194553, 1, 0
11660, 33174, 0, 0
11660, 279970, 1, 0
12199, 538935, 1, 0
12521, 322278, 1, 0
12549, 27935, 0, 0
12584, 35010, 0, 0
13063, 32393, 0, 0
13063, 446422, 1, 0
13114, 51175, 0, 0
13462, 27299, 0, 0
13462, 320361, 1, 0
13515, 26405, 0, 0
13887, 372566, 1, 0
14191, 303914, 1, 0
14559, 367421, 1, 0
14589, 30114, 0, 0
14820, 25702, 0, 0
14820, 179403, 1, 0
15148, 29783, 0, 0
15148, 298369, 1, 0
15381, 28211, 0, 0
15381, 176673, 1, 0
15511, 43212, 0, 0
15765, 27572, 0, 0
15765, 226851, 1, 0
16234, 39467, 0, 0
16234, 429057, 1, 0
16510, 276147, 1, 0
16717, 206911, 1, 0
16959, 242049, 1, 0
17168, 209058, 1, 0
17426, 258070, 1, 0
17644, 217379, 1, 0
18210, 566226, 1, 0
18521, 310508, 1, 0
19062, 541567, 1, 0
19092, 30001, 0, 0
19138, 45935, 0, 0
19287, 148951, 1, 0
19330, 42860, 0, 0
19541, 35050, 0, 0
19784, 37067, 0, 0
19784, 205977, 1, 0
20163, 379581, 1, 0
20273, 109511, 0, 0
20644, 371200, 1, 0
20998, 75031, 0, 0
20998, 278761, 1, 0
21203, 205181, 1, 0
21316, 112770, 0, 0
21503, 29584, 0, 0
21503, 157421, 1, 0
21924, 35961, 0, 0
21924, 348934, 1, 0
22270, 346195, 1, 0
22318, 47994, 0, 0
22547, 68550, 0, 0
22547, 160002, 1, 0
22798, 83613, 0, 0
23125, 45045, 0, 0
23125, 282131, 1, 0
23485, 360100, 1, 0
23935, 449936, 1, 0
23980, 44896, 0, 0
24012, 31822, 0, 0
24454, 47390, 0, 0
24454, 347696, 1, 0
24535, 40409, 0, 0
24786, 83744, 0, 0
25013, 113070, 0, 0
25424, 131898, 0, 0
25424, 279297, 1, 0
25606, 181892, 1, 0
25753, 146807, 1, 0
26039, 142908, 0, 0
26345, 32685, 0, 0
26345, 175081, 1, 0
26712, 367084, 1, 0
26794, 82199, 0, 0
27092, 298494, 1, 0
27313, 110297, 0, 0
27543, 114849, 1, 0
28114, 570709, 0, 0
28181, 67093, 0, 0
28364, 183169, 1, 0
28642, 61536, 0, 0
28642, 216790, 1, 0
28876, 233428, 1, 0
29137, 261302, 1, 0
29335, 44523, 0, 0
29335, 153366, 1, 0
29873, 268858, 1, 0
29914, 41392, 0, 0
30155, 241101, 1, 0
30269, 37772, 0, 0
30519, 31951, 0, 0
30519, 186273, 1, 0
30805, 102164, 0, 0
30805, 183459, 1, 0
31042, 237937, 1, 0
31267, 112081, 0, 0
31564, 62777, 0, 0
31564, 172030, 1, 0
31837, 62443, 0, 0
31837, 210428, 1, 0
32041, 203223, 1, 0
32296, 64178, 0, 0
32296, 190899, 1, 0
32903, 90152, 0, 0
32903, 517069, 1, 0
32958, 55414, 0, 0
33170, 212029, 1, 0
33257, 43443, 0, 0
33530, 59116, 0, 0
33530, 213173, 1, 0
33858, 53288, 0, 0
33858, 274910, 1, 0
34168, 310440, 1, 0
34344, 175464, 1, 0
34727, 36630, 0, 0
34727, 346718, 1, 0
34933, 205351, 1, 0
35116, 183163, 1, 0
35376, 259765, 1, 0
35701, 325387, 1, 0
35821, 120249, 1, 0
36143, 38674, 0, 0
36143, 205208, 1, 0
36428, 285179, 1, 0
36531, 51629, 0, 0
37042, 53255, 0, 0
37042, 351153, 1, 0
37351, 308792, 1, 0
37414, 62975, 0, 0
37662, 248268, 1, 0
37895, 232948, 1, 0
38269, 86148, 0, 0
38269, 287899, 1, 0
38459, 189362, 1, 0
38744, 285332, 1, 0
38907, 162964, 1, 0
39075, 168020, 1, 0
39315, 101125, 0, 0
39315, 138585, 1, 0
39777, 462201, 1, 0
40122, 344814, 1, 0
40428, 305341, 1, 0
40534, 106739, 0, 0
40634, 99957, 0, 0
40759, 125123, 0, 0
41178, 418610, 1, 0
41286, 108074, 0, 0
41704, 417437, 1, 0
42054, 349882, 1, 0
42167, 112945, 0, 0
42394, 113731, 0, 0
42601, 206953, 1, 0
42885, 41871, 0, 0
42885, 241625, 1, 0
43430, 49063, 0, 0
43430, 496530, 1, 0
43491, 60527, 0, 0
43529, 37946, 0, 0
43904, 114613, 0, 0
43904, 260408, 1, 0
44242, 337821, 1, 0
44295, 52960, 0, 0
44557, 262013, 1, 0
44851, 53326, 0, 0
44851, 240999, 1, 0
45057, 206282, 1, 0
45275, 54777, 0, 0
45275, 108057, 1, 0
45520, 244336, 1, 0
45794, 144309, 0, 0
45794, 130537, 1, 0
46062, 133625, 1, 0
46263, 100513, 0, 0
46500, 58849, 0, 0
46500, 178615, 1, 0
46791, 75685, 0, 0
46791, 138604, 1, 0
47054, 55523, 0, 0
47054, 152206, 1, 0
47274, 220110, 1, 0
47716, 80709, 0, 0
47716, 280125, 1, 0
47765, 49618, 0, 0
48103, 337880, 1, 0
48342, 119368, 0, 0
48536, 194188, 0, 0
48752, 215442, 1, 0
49032, 84102, 0, 0
49032, 196161, 1, 0
49281, 62181, 0, 0
49625, 82560, 0, 0
49625, 179195, 1, 0
49826, 200806, 1, 0
50027, 200686, 1, 0
50288, 261054, 1, 0
50594, 306416, 1, 0
50765, 171195, 1, 0
51037, 65270, 0, 0
51037, 205810, 1, 0
51453, 62566, 0, 0
51453, 354109, 1, 0
51818, 364403, 1, 0
51968, 149749, 0, 0
52001, 33035, 0, 0
52541, 270308, 1, 0
52700, 158669, 1, 0
52750, 49948, 0, 0
53007, 256836, 1, 0
53321, 73594, 0, 0
53321, 240883, 1, 0
53509, 62397, 0, 0
53821, 312803, 1, 0
54099, 277729, 1, 0
54807, 707328, 1, 0
54882, 75677, 0, 0
54916, 34172, 0, 0
55038, 121906, 1, 0
55266, 227451, 1, 0
55617, 80241, 0, 0
55617, 271151, 1, 0
55950, 113491, 0, 0
55950, 219130, 1, 0
56172, 221891, 1, 0
56533, 360628, 1, 0
56829, 295979, 1, 0
56911, 82761, 0, 0
57106, 195043, 1, 0
57538, 431123, 1, 0
57592, 53941, 0, 0
57839, 247580, 1, 0
58121, 38173, 0, 0
58121, 204862, 1, 0
58308, 28089, 0, 0
58308, 159495, 1, 0
58566, 34255, 0, 0
58566, 154508, 1, 0
58968, 69161, 0, 0
58968, 264001, 1, 0
59174, 206409, 1, 0
59562, 387042, 1, 0
59673, 111743, 0, 0
59909, 235212, 1, 0
60163, 254350, 1, 0
868, 62851, 0, 0
868, 739551, 1, 0
930, 61839, 0, 0
966, 35407, 0, 0
1436, 470160, 0, 0
1560, 124009, 0, 0
1818, 258680, 1, 0
2037, 219020, 1, 0
2416, 378480, 1, 0
2581, 164990, 1, 0
2681, 100322, 0, 0
2841, 159247, 1, 0
3089, 49648, 0, 0
3464, 187440, 1, 0
3522, 58507, 0, 0
3926, 53796, 0, 0
3926, 295764, 1, 0
4373, 447517, 1, 0
4411, 37487, 0, 0
4640, 228825, 1, 0
4938, 298329, 1, 0
5019, 40467, 0, 0
5383, 364253, 1, 0
5540, 156540, 1, 0
5775, 78496, 0, 0
6036, 65744, 0, 0
6036, 194843, 1, 0
6519, 144229, 0, 0
6519, 338664, 1, 0
6569, 50275, 0, 0
6945, 78097, 0, 0
6945, 219169, 1, 0
7206, 261369, 1, 0
7287, 81292, 0, 0
7665, 94148, 0, 0
7665, 188703, 1, 0
7876, 211751, 1, 0
8357, 480843, 1, 0
8441, 83544, 0, 0
8520, 78796, 0, 0
8800, 280151, 1, 0
9004, 51131, 0, 0
9324, 31457, 0, 0
9324, 288530, 1, 0
9645, 102616, 0, 0
9645, 218239, 1, 0
9872, 226534, 1, 0
10391, 519309, 0, 0
10451, 60020, 0, 0
10564, 112936, 0, 0
10779, 214512, 1, 0
11158, 378842, 1, 0
11464, 306742, 1, 0
11537, 72454, 0, 0
11841, 103817, 0, 0
11841, 199756, 1, 0
12247, 406654, 1, 0
12324, 77122, 0, 0
12506, 60365, 0, 0
12922, 415961, 1, 0
13339, 417418, 1, 0
13641, 301903, 1, 0
13684, 42550, 0, 0
13780, 48023, 0, 0
14041, 261222, 1, 0
14271, 43842, 0, 0
14271, 186358, 1, 0
14709, 47088, 0, 0
14709, 343939, 1, 0
14756, 46881, 0, 0
15259, 251383, 1, 0
15308, 49248, 0, 0
15586, 277375, 1, 0
15824, 238393, 1, 0
16246, 421874, 1, 0
16534, 288377, 1, 0
16599, 64673, 0, 0
16800, 200787, 1, 0
17046, 42181, 0, 0
17046, 204212, 1, 0
17293, 46648, 0, 0
17293, 200222, 1, 0
17554, 48175, 0, 0
17554, 212121, 1, 0
18035, 481501, 1, 0
18122, 86823, 0, 0
18450, 66158, 0, 0
18450, 261190, 1, 0
18700, 249980, 1, 0
19298, 48711, 0, 0
19298, 550001, 1, 0
19738, 440050, 1, 0
20094, 355137, 1, 0
20138, 44011, 0, 0
20392, 253831, 1, 0
20791, 399408, 1, 0
20982, 190861, 1, 0
21036, 54062, 0, 0
21098, 61836, 0, 0
21477, 379024, 1, 0
21518, 41558, 0, 0
21836, 317592, 1, 0
21884, 47604, 0, 0
22322, 41777, 0, 0
22322, 396846, 1, 0
22360, 37827, 0, 0
22541, 181133, 1, 0
22841, 149860, 1, 0
23157, 39301, 0, 0
23157, 237615, 1, 0
23325, 55947, 0, 0
23554, 76337, 0, 0
24085, 530027, 1, 0
24314, 229887, 1, 0
24612, 297915, 1, 0
24661, 48937, 0, 0
24846, 184668, 1, 0
25064, 54624, 0, 0
25064, 163435, 1, 0
25333, 49745, 0, 0
25333, 218862, 1, 0
25603, 39757, 0, 0
25603, 190757, 1, 0
26096, 62685, 0, 0
26096, 367802, 1, 0
26390, 294020, 1, 0
26445, 54979, 0, 0
26530, 42474, 0, 0
26912, 381316, 1, 0
27060, 147972, 1, 0
27334, 274048, 1, 0
28256, 921897, 1, 0
28467, 211551, 1, 0
28671, 203480, 1, 0
28874, 202614, 1, 0
28931, 57416, 0, 0
29206, 275071, 1, 0
29384, 177551, 1, 0
29595, 211681, 1, 0
29630, 34870, 0, 0
29818, 187622, 1, 0
30033, 71713, 0, 0
30319, 285628, 1, 0
30553, 233793, 0, 0
30916, 362885, 1, 0
31032, 38840, 0, 0
31355, 71131, 0, 0
31355, 108834, 1, 0
31703, 45891, 0, 0
31703, 256171, 1, 0
31897, 194750, 1, 0
32145, 247748, 1, 0
32394, 60228, 0, 0
32394, 188846, 1, 0
32820, 425960, 1, 0
33017, 197091, 1, 0
33230, 212451, 1, 0
33304, 73613, 0, 0
33508, 203964, 1, 0
33868, 360547, 1, 0
34033, 82576, 0, 0
34294, 37233, 0, 0
34294, 223791, 1, 0
34635, 340368, 1, 0
35017, 53239, 0, 0
35017, 276090, 1, 0
35072, 54842, 0, 0
35333, 260119, 1, 0
35823, 51060, 0, 0
35823, 336720, 1, 0
36016, 193338, 1, 0
36238, 222004, 1, 0
36832, 593558, 1, 0
36897, 65130, 0, 0
36935, 38183, 0, 0
37149, 213665, 1, 0
37459, 310158, 1, 0
37521, 31211, 0, 0
37750, 228705, 1, 0
38026, 50941, 0, 0
38026, 225098, 1, 0
38304, 278369, 1, 0
38518, 213182, 1, 0
38876, 358474, 1, 0
39018, 35332, 0, 0
39626, 35648, 0, 0
39626, 501887, 1, 0
39835, 208806, 1, 0
39878, 42812, 0, 0
40094, 216037, 0, 0
40408, 313624, 1, 0
40967, 558600, 1, 0
41058, 90983, 0, 0
41346, 288082, 1, 0
41713, 367816, 1, 0
41807, 93570, 0, 0
41927, 120176, 1, 0
42238, 310984, 1, 0
42365, 127119, 0, 0
42567, 201572, 1, 0
42816, 248834, 1, 0
43281, 465153, 1, 0
43326, 45238, 0, 0
43769, 442657, 1, 0
44095, 326410, 1, 0
44308, 212974, 1, 0
44567, 258024, 1, 0
44771, 204902, 1, 0
44830, 58878, 0, 0
45008, 31678, 0, 0
45008, 146385, 1, 0
45450, 82182, 0, 0
45450, 179380, 1, 0
45542, 92911, 0, 0
45790, 105278, 0, 0
45790, 142665, 1, 0
46362, 571669, 1, 0
46452, 89710, 0, 0
46520, 67883, 0, 0
46945, 425082, 1, 0
47211, 266446, 1, 0
47286, 37357, 0, 0
47531, 244890, 0, 0
47796, 264697, 1, 0
48104, 70169, 0, 0
48104, 238439, 1, 0
48283, 44670, 0, 0
48582, 299036, 1, 0
48818, 235500, 1, 0
49005, 187420, 1, 0
49316, 73006, 0, 0
49316, 164154, 1, 0
49650, 37752, 0, 0
49650, 221235, 1, 0
49897, 246450, 1, 0
50119, 222256, 1, 0
50572, 452998, 1, 0
50757, 184590, 1, 0
50966, 208944, 1, 0
51335, 369886, 1, 0
51515, 179356, 0, 0
51549, 34594, 0, 0
51899, 57606, 0, 0
51899, 176145, 1, 0
52025, 126414, 1, 0
52582, 278412, 1, 0
52641, 59463, 0, 0
52823, 90976, 0, 0
53169, 72582, 0, 0
53169, 200761, 1, 0
53622, 78007, 0, 0
53622, 374734, 1, 0
54043, 421194, 1, 0
54111, 67181, 0, 0
54935, 824295, 1, 0
54982, 47286, 0, 0
55033, 50963, 0, 0
55097, 64158, 0, 0
55164, 66896, 0, 0
55296, 131298, 1, 0
55505, 66081, 0, 0
55505, 143452, 1, 0
55818, 88736, 0, 0
55818, 135062, 1, 0
56204, 193276, 1, 0
56256, 51754, 0, 0
56577, 35885, 0, 0
56577, 249331, 1, 0
56931, 25695, 0, 0
56931, 302065, 1, 0
57010, 26339, 0, 0
57474, 36347, 0, 0
57474, 427669, 1, 0
57762, 287681, 1, 0
57996, 234225, 1, 0
58224, 227908, 1, 0
58267, 42611, 0, 0
58530, 32371, 0, 0
58530, 198172, 1, 0
59005, 41507, 0, 0
59005, 217058, 1, 0
59328, 322858, 1, 0
59602, 273568, 1, 0
59729, 126714, 1, 0
59984, 255003, 1, 0
60200, 215919, 1, 0
636, 101978, 0, 0
636, 530725, 1, 0
838, 201888, 1, 0
881, 43863, 0, 0
1085, 203806, 1, 0
1388, 151195, 1, 0
1512, 26069, 0, 0
1512, 98350, 1, 0
1863, 175204, 1, 0
2163, 300676, 1, 0
2341, 177536, 1, 0
2500, 158886, 1, 0
2945, 38227, 0, 0
2945, 292492, 1, 0
3074, 128347, 0, 0
3316, 30531, 0, 0
3316, 211856, 1, 0
3528, 211842, 1, 0
3967, 219448, 1, 0
4008, 40971, 0, 0
4454, 446122, 1, 0
4693, 239561, 1, 0
4760, 33074, 0, 0
5142, 68236, 0, 0
5142, 314214, 1, 0
5607, 464587, 1, 0
5891, 283735, 1, 0
5924, 33614, 0, 0
6158, 233732, 1, 0
6671, 512751, 1, 0
6916, 245395, 1, 0
7168, 251871, 1, 0
7336, 168223, 1, 0
7373, 36332, 0, 0
7555, 71793, 0, 0
7555, 110837, 1, 0
7750, 194851, 1, 0
8172, 38649, 0, 0
8172, 383373, 1, 0
8268, 24037, 0, 0
8524, 33767, 0, 0
8524, 187497, 1, 0
8794, 270046, 1, 0
9225, 25001, 0, 0
9225, 355905, 1, 0
9272, 23446, 0, 0
9682, 205340, 1, 0
9754, 35683, 0, 0
10317, 40075, 0, 0
10317, 483323, 1, 0
10702, 384533, 1, 0
10758, 55563, 0, 0
10803, 44939, 0, 0
11182, 31587, 0, 0
11182, 348296, 1, 0
11565, 59135, 0, 0
11565, 323710, 1, 0
11592, 26758, 0, 0
11856, 264193, 1, 0
12388, 30347, 0, 0
12388, 501059, 1, 0
12439, 51012, 0, 0
12578, 69573, 0, 0
12931, 51740, 0, 0
12931, 197179, 1, 0
13177, 42523, 0, 0
13177, 204163, 1, 0
13257, 39989, 0, 0
13552, 36868, 0, 0
13552, 257200, 1, 0
13943, 37592, 0, 0
13943, 316051, 1, 0
14027, 42103, 0, 0
14432, 79851, 0, 0
14432, 244686, 1, 0
14551, 119775, 1, 0
14771, 46278, 0, 0
14771, 127085, 1, 0
15072, 300460, 1, 0
15358, 286235, 1, 0
15628, 270544, 1, 0
16091, 462387, 1, 0
16410, 319370, 1, 0
16641, 230455, 1, 0
16717, 76447, 0, 0
16910, 192996, 1, 0
17057, 73348, 0, 0
17259, 201648, 1, 0
17622, 181491, 1, 0
17776, 77059, 0, 0
18083, 307107, 0, 0
18349, 78905, 0, 0
18349, 187176, 1, 0
18571, 54407, 0, 0
18571, 167075, 1, 0
19191, 42031, 0, 0
19191, 578557, 1, 0
19237, 46059, 0, 0
19268, 30863, 0, 0
19709, 440603, 1, 0
20010, 301207, 1, 0
20046, 35766, 0, 0
20592, 59757, 0, 0
20592, 425978, 1, 0
20901, 309026, 1, 0
21101, 200480, 1, 0
21419, 317810, 1, 0
21461, 42149, 0, 0
21770, 308312, 1, 0
22205, 435671, 1, 0
22294, 88944, 0, 0
22357, 62706, 0, 0
22507, 150474, 1, 0
22824, 316173, 1, 0
23062, 63120, 0, 0
23062, 174813, 1, 0
23302, 240693, 1, 0
23656, 62832, 0, 0
23656, 228267, 1, 0
24240, 66276, 0, 0
24240, 517792, 1, 0
24459, 218522, 1, 0
24538, 79340, 0, 0
24742, 203105, 0, 0
24916, 174892, 0, 0
25138, 221008, 1, 0
25415, 277273, 1, 0
25677, 32845, 0, 0
25677, 196627, 1, 0
25783, 52700, 0, 0
26225, 442728, 1, 0
26275, 49934, 0, 0
26678, 402638, 1, 0
26879, 30376, 0, 0
26879, 140440, 1, 0
27019, 34769, 0, 0
27350, 40382, 0, 0
27350, 290864, 1, 0
27517, 83558, 0, 0
28111, 593785, 0, 0
28353, 242183, 1, 0
28543, 190067, 1, 0
28765, 221787, 1, 0
28858, 92720, 0, 0
29030, 172398, 1, 0
29285, 34229, 0, 0
29285, 186189, 1, 0
29505, 50411, 0, 0
29505, 170215, 1, 0
29761, 35259, 0, 0
29761, 220610, 1, 0
30053, 291304, 0, 0
30358, 305605, 1, 0
30633, 274355, 1, 0
31028, 395542, 1, 0
31123, 94672, 0, 0
31275, 75944, 0, 0
31502, 43976, 0, 0
31502, 138775, 1, 0
31771, 269370, 1, 0
32197, 213074, 1, 0
32388, 190184, 1, 0
32526, 45965, 0, 0
32839, 313221, 1, 0
33124, 46662, 0, 0
33124, 238987, 1, 0
33309, 29875, 0, 0
33309, 154440, 1, 0
33519, 43749, 0, 0
33519, 166109, 1, 0
33920, 33164, 0, 0
33920, 301283, 1, 0
34173, 253802, 1, 0
34413, 239337, 1, 0
34515, 51109, 0, 0
34791, 60623, 0, 0
34791, 215355, 1, 0
35040, 82395, 0, 0
35040, 166410, 1, 0
35406, 132587, 0, 0
35406, 233727, 1, 0
35815, 42510, 0, 0
35815, 366303, 1, 0
36009, 193517, 1, 0
36231, 222592, 1, 0
36712, 480669, 1, 0
36751, 39257, 0, 0
36804, 52881, 0, 0
37095, 46648, 0, 0
37095, 244321, 1, 0
37261, 165305, 1, 0
37635, 374229, 1, 0
37876, 241291, 1, 0
38187, 311226, 1, 0
38377, 189849, 1, 0
38817, 49029, 0, 0
38817, 342010, 1, 0
38855, 37162, 0, 0
39216, 67251, 0, 0
39216, 227245, 1, 0
39259, 42309, 0, 0
39632, 124293, 0, 0
39887, 255161, 1, 0
40273, 87042, 0, 0
40273, 298987, 1, 0
40341, 67885, 0, 0
40938, 596920, 1, 0
41303, 365053, 1, 0
41401, 97860, 0, 0
41918, 516714, 1, 0
42411, 493125, 1, 0
42605, 194060, 1, 0
42698, 93602, 0, 0
42988, 289821, 1, 0
43541, 552547, 1, 0
43900, 358712, 0, 0
43971, 71190, 0, 0
44080, 109552, 0, 0
44172, 91701, 0, 0
44377, 205082, 1, 0
44644, 266452, 1, 0
44720, 76061, 0, 0
44803, 82775, 0, 0
45052, 249388, 1, 0
45103, 50768, 0, 0
45524, 67645, 0, 0
45524, 285557, 1, 0
45660, 136492, 1, 0
45757, 48282, 0, 0
46635, 89538, 0, 0
46635, 788773, 1, 0
46725, 89624, 0, 0
46959, 234465, 1, 0
47383, 423358, 1, 0
47819, 436384, 0, 0
47885, 65405, 0, 0
48099, 214303, 1, 0
48223, 123797, 0, 0
48323, 100461, 0, 0
48444, 120248, 0, 0
48605, 161442, 0, 0
48762, 39143, 0, 0
49035, 273675, 1, 0
49261, 51709, 0, 0
49261, 173535, 1, 0
49551, 290576, 1, 0
49762, 210874, 1, 0
50031, 269087, 1, 0
50293, 261164, 1, 0
50626, 332970, 1, 0
50932, 38712, 0, 0
50932, 190593, 1, 0
51110, 40803, 0, 0
51110, 136995, 1, 0
51296, 185326, 1, 0
52013, 45431, 0, 0
52013, 626036, 1, 0
52221, 208748, 1, 0
52546, 324108, 1, 0
52767, 221637, 1, 0
53039, 271535, 1, 0
53081, 42617, 0, 0
53324, 242925, 1, 0
53650, 325985, 1, 0
53780, 129705, 0, 0
53848, 68151, 0, 0
54156, 81220, 0, 0
54156, 226247, 1, 0
54703, 547504, 0, 0
54977, 273598, 1, 0
55016, 38964, 0, 0
55273, 257269, 1, 0
55591, 317522, 1, 0
55841, 250675, 1, 0
55871, 29678, 0, 0
56066, 194690, 1, 0
56414, 347690, 1, 0
56741, 45058, 0, 0
56741, 282246, 1, 0
57021, 279744, 1, 0
57428, 407761, 1, 0
57651, 222153, 1, 0
57901, 249969, 1, 0
58146, 244943, 1, 0
58448, 302144, 1, 0
58530, 82606, 0, 0
58602, 71015, 0, 0
58752, 37619, 0, 0
59322, 284941, 1, 0
59355, 32372, 0, 0
59501, 48751, 0, 0
59977, 237999, 1, 0
60219, 242438, 1, 0
1027, 1024183, 0, 0
2436, 1408616, 0, 0
2571, 135671, 1, 0
3587, 1015849, 1, 0
3869, 281304, 1, 0
3921, 52211, 0, 0
4128, 206887, 1, 0
4259, 131441, 1, 0
4828, 568729, 1, 0
4999, 170718, 0, 0
5032, 33625, 0, 0
5105, 72843, 0, 0
5657, 551553, 1, 0
5780, 123062, 1, 0
5867, 87385, 0, 0
6125, 257828, 1, 0
6233, 108390, 1, 0
6451, 217572, 1, 0
6496, 44431, 0, 0
6809, 313673, 0, 0
7155, 346051, 1, 0
7233, 78035, 0, 0
7353, 119474, 1, 0
7416, 62772, 0, 0
7446, 30422, 0, 0
7513, 66527, 0, 0
7655, 142276, 1, 0
7743, 88108, 0, 0
8018, 275437, 0, 0
8143, 124145, 0, 0
8210, 67676, 0, 0
8382, 172222, 1, 0
8487, 104084, 1, 0
8663, 175989, 0, 0
8846, 183675, 1, 0
9080, 233093, 1, 0
9591, 511015, 1, 0
9730, 139282, 0, 0
9927, 197135, 1, 0
10177, 52677, 0, 0
10177, 196764, 1, 0
10422, 245348, 1, 0
10578, 156449, 1, 0
10836, 74290, 0, 0
10836, 183259, 1, 0
11111, 41217, 0, 0
11111, 192319, 1, 0
11300, 188920, 1, 0
11563, 131429, 0, 0
11838, 29840, 0, 0
11838, 245735, 1, 0
12061, 111269, 0, 0
12499, 86359, 0, 0
12499, 351720, 1, 0
12656, 157194, 1, 0
12836, 179641, 1, 0
13071, 88803, 0, 0
13071, 146403, 1, 0
13273, 201734, 1, 0
13690, 86729, 0, 0
13690, 243409, 1, 0
13924, 234343, 1, 0
14014, 89725, 0, 0
14428, 47465, 0, 0
14428, 270868, 1, 0
14547, 118988, 0, 0
14769, 96107, 0, 0
14769, 125897, 1, 0
15191, 211027, 1, 0
15448, 256834, 0, 0
15764, 316132, 1, 0
16068, 304225, 1, 0
16182, 114061, 0, 0
16293, 110549, 0, 0
16843, 74269, 0, 0
16843, 476107, 1, 0
17050, 206528, 1, 0
17129, 78938, 0, 0
17286, 157064, 1, 0
17656, 369735, 0, 0
17753, 97128, 0, 0
18103, 350270, 1, 0
18311, 207235, 1, 0
18657, 199585, 0, 0
18657, 147178, 1, 0
18845, 187192, 0, 0
19302, 85941, 0, 0
19302, 371271, 1, 0
19349, 47131, 0, 0
19623, 274106, 1, 0
19863, 239565, 1, 0
20128, 43825, 0, 0
20128, 177936, 1, 0
20385, 116191, 0, 0
20385, 140401, 1, 0
20542, 52176, 0, 0
20855, 77227, 0, 0
20855, 235683, 1, 0
21028, 173746, 1, 0
21283, 127261, 1, 0
21582, 98860, 0, 0
21582, 200056, 1, 0
21791, 104421, 0, 0
22004, 106374, 0, 0
22513, 509322, 0, 0
22681, 168235, 0, 0
22893, 211972, 1, 0
23019, 125694, 0, 0
23279, 130199, 1, 0
23594, 314551, 1, 0
23910, 158026, 1, 0
24028, 117572, 1, 0
24403, 76859, 0, 0
24403, 221200, 1, 0
24812, 84544, 0, 0
24812, 324493, 1, 0
24956, 144009, 0, 0
25076, 120240, 0, 0
25258, 181499, 1, 0
25530, 63648, 0, 0
25530, 144752, 1, 0
25801, 58687, 0, 0
25801, 154082, 1, 0
26158, 200713, 0, 0
26158, 156051, 1, 0
26388, 229475, 1, 0
26514, 126150, 0, 0
26900, 386563, 1, 0
27215, 314140, 1, 0
27303, 88918, 0, 0
27533, 77835, 0, 0
27533, 151294, 1, 0
27899, 183078, 1, 0
28116, 108324, 0, 0
28301, 61645, 0, 0
28566, 132805, 0, 0
28806, 71805, 0, 0
28806, 168141, 1, 0
29135, 142996, 0, 0
29135, 186073, 1, 0
29252, 116982, 1, 0
29719, 89755, 0, 0
29719, 376381, 1, 0
29899, 180603, 1, 0
30019, 119659, 1, 0
30251, 66850, 0, 0
30251, 165247, 1, 0
30525, 273781, 1, 0
30755, 115109, 0, 0
31306, 86952, 0, 0
31306, 464122, 1, 0
31644, 338012, 1, 0
31846, 201919, 1, 0
31997, 150793, 1, 0
32243, 246029, 1, 0
32427, 183478, 1, 0
32646, 219347, 1, 0
32904, 258255, 0, 0
33065, 160485, 0, 0
33271, 60585, 0, 0
33271, 145632, 1, 0
33712, 220330, 1, 0
33811, 98731, 0, 0
34113, 302108, 1, 0
34406, 293019, 1, 0
34571, 82362, 0, 0
34887, 316198, 1, 0
35029, 142010, 0, 0
35301, 135878, 0, 0
35591, 96637, 0, 0
35844, 84389, 0, 0
36082, 238497, 1, 0
36265, 53782, 0, 0
36265, 128909, 1, 0
36541, 133846, 0, 0
36541, 141962, 1, 0
37127, 103185, 0, 0
37127, 482737, 1, 0
37325, 197915, 1, 0
37424, 98670, 0, 0
37681, 257653, 1, 0
37997, 316092, 1, 0
38346, 348905, 1, 0
38458, 112141, 0, 0
38623, 164265, 1, 0
38921, 149158, 0, 0
39042, 120646, 1, 0
39424, 175251, 0, 0
39424, 206748, 1, 0
39552, 128265, 1, 0
39886, 80792, 0, 0
39886, 252849, 1, 0
40208, 322542, 1, 0
40253, 44936, 0, 0
40642, 41123, 0, 0
40642, 173576, 1, 0
40874, 73326, 0, 0
40874, 159253, 1, 0
41145, 55661, 0, 0
41145, 214506, 1, 0
41267, 122239, 1, 0
41556, 54483, 0, 0
41556, 235057, 1, 0
42042, 126557, 0, 0
42042, 359004, 1, 0
42581, 538830, 1, 0
42804, 222803, 1, 0
42928, 124319, 1, 0
43192, 264225, 0, 0
43270, 77454, 0, 0
43342, 71742, 0, 0
43531, 78977, 0, 0
43531, 110634, 1, 0
43845, 156792, 1, 0
44017, 72484, 0, 0
44017, 99396, 1, 0
44313, 296552, 1, 0
44511, 84540, 0, 0
44511, 112960, 1, 0
44857, 172985, 1, 0
45022, 82376, 0, 0
45487, 74781, 0, 0
45487, 315337, 1, 0
45871, 383847, 1, 0
45913, 42544, 0, 0
46055, 141656, 1, 0
46290, 78178, 0, 0
46570, 280094, 1, 0
46823, 126459, 1, 0
47190, 183528, 0, 0
47427, 236777, 1, 0
47570, 71802, 0, 0
47800, 76462, 0, 0
48180, 70281, 0, 0
48180, 309930, 1, 0
48329, 149358, 1, 0
48528, 68548, 0, 0
48528, 130238, 1, 0
48806, 110214, 0, 0
48806, 167842, 1, 0
49172, 91185, 0, 0
49172, 183416, 1, 0
49406, 233729, 1, 0
49820, 413782, 1, 0
49989, 169626, 0, 0
50212, 222942, 1, 0
50350, 137206, 0, 0
50980, 68661, 0, 0
50980, 561969, 1, 0
51093, 112394, 0, 0
51259, 165858, 1, 0
51360, 101366, 0, 0
51502, 141842, 1, 0
52283, 780804, 1, 0
52424, 141548, 0, 0
52950, 525431, 1, 0
53198, 247819, 1, 0
53258, 60663, 0, 0
53316, 57353, 0, 0
53619, 303449, 1, 0
53708, 88853, 0, 0
53853, 145454, 1, 0
54021, 167706, 0, 0
54559, 77604, 0, 0
54559, 382307, 1, 0
54780, 221127, 1, 0
55101, 320711, 1, 0
55317, 216013, 1, 0
55417, 100771, 0, 0
55617, 199446, 0, 0
55877, 260510, 1, 0
56068, 190723, 0, 0
56386, 317780, 1, 0
56804, 417971, 1, 0
56862, 57491, 0, 0
57170, 308240, 1, 0
57385, 215587, 0, 0
57576, 190759, 1, 0
57867, 290453, 1, 0
58199, 332161, 1, 0
58428, 229084, 1, 0
58895, 466736, 1, 0
58957, 61895, 0, 0
59130, 173675, 1, 0
59364, 82111, 0, 0
59364, 151254, 1, 0
59513, 74344, 0, 0
59831, 104352, 0, 0
59831, 214242, 1, 0
60049, 88567, 0, 0
60049, 129132, 1, 0
1073, 1070146, 0, 0
2242, 1169213, 0, 0
3633, 1390739, 0, 0
3939, 305747, 1, 0
4160, 220970, 1, 0
4307, 146786, 1, 0
4956, 649027, 0, 0
5570, 613830, 0, 0
5687, 117564, 1, 0
5822, 134515, 1, 0
6061, 238856, 1, 0
6219, 158288, 1, 0
6281, 62273, 0, 0
6455, 173343, 1, 0
6814, 358917, 1, 0
6923, 109549, 0, 0
6955, 32116, 0, 0
7181, 225842, 1, 0
7356, 175241, 1, 0
7581, 225121, 1, 0
7724, 142866, 0, 0
7766, 42009, 0, 0
7800, 33480, 0, 0
7832, 31924, 0, 0
8058, 226069, 0, 0
8583, 525444, 1, 0
8823, 240104, 1, 0
9047, 223965, 1, 0
9149, 101507, 0, 0
9662, 512638, 1, 0
9896, 234075, 1, 0
10097, 201107, 1, 0
10222, 125124, 1, 0
10540, 318322, 1, 0
10634, 93871, 0, 0
10672, 37912, 0, 0
10828, 155566, 1, 0
11012, 184591, 1, 0
11050, 37610, 0, 0
11080, 30220, 0, 0
11205, 124968, 1, 0
11678, 472504, 1, 0
11717, 39452, 0, 0
11842, 124624, 1, 0
11911, 68769, 0, 0
12187, 275761, 1, 0
12613, 426305, 1, 0
12761, 148373, 1, 0
12881, 120120, 0, 0
13030, 148550, 1, 0
13126, 95485, 0, 0
13379, 253896, 1, 0
13694, 314186, 1, 0
13752, 58761, 0, 0
13805, 52659, 0, 0
14214, 204219, 1, 0
14428, 214401, 1, 0
14627, 198895, 1, 0
14812, 185349, 1, 0
15003, 190432, 1, 0
15318, 47900, 0, 0
15318, 267479, 1, 0
15644, 325703, 1, 0
15754, 109984, 0, 0
16071, 316990, 1, 0
16676, 40954, 0, 0
16676, 523094, 1, 0
16773, 97289, 0, 0
16813, 39188, 0, 0
17042, 228810, 1, 0
17616, 52360, 0, 0
17616, 469192, 1, 0
18088, 472008, 1, 0
18136, 48680, 0, 0
18315, 178864, 1, 0
18495, 179316, 1, 0
18532, 37471, 0, 0
19023, 29869, 0, 0
19023, 431060, 1, 0
19062, 38981, 0, 0
19489, 32853, 0, 0
19489, 394513, 1, 0
19658, 168352, 1, 0
19889, 231035, 1, 0
20132, 243296, 1, 0
20264, 43954, 0, 0
20697, 249808, 0, 0
20697, 183013, 1, 0
20765, 34144, 0, 0
21095, 66065, 0, 0
21095, 131809, 1, 0
21416, 37697, 0, 0
21416, 141442, 1, 0
21536, 120264, 1, 0
22058, 103087, 0, 0
22058, 419288, 1, 0
22570, 511315, 1, 0
22717, 147517, 0, 0
22935, 217309, 1, 0
22988, 53321, 0, 0
23144, 155881, 1, 0
23295, 53996, 0, 0
23295, 96868, 1, 0
23629, 36938, 0, 0
23629, 260318, 1, 0
23884, 127392, 1, 0
24000, 116015, 1, 0
24468, 234239, 1, 0
24520, 51661, 0, 0
24859, 338419, 1, 0
25172, 44266, 0, 0
25172, 268956, 1, 0
25447, 274742, 1, 0
25696, 249778, 1, 0
25902, 205830, 1, 0
26181, 92726, 0, 0
26181, 186175, 1, 0
26587, 405390, 1, 0
26904, 317299, 1, 0
27240, 335823, 1, 0
27467, 227210, 1, 0
27677, 209396, 1, 0
27819, 142204, 1, 0
27899, 79822, 0, 0
28457, 40099, 0, 0
28457, 478086, 1, 0
28669, 211548, 1, 0
28761, 92159, 0, 0
28917, 155917, 1, 0
29325, 33077, 0, 0
29325, 341713, 1, 0
29399, 74318, 0, 0
29837, 31676, 0, 0
29837, 374310, 1, 0
29949, 112177, 1, 0
30191, 241542, 1, 0
30510, 318754, 1, 0
30899, 389164, 1, 0
31380, 481290, 0, 0
31431, 50455, 0, 0
31789, 358566, 1, 0
32030, 240825, 1, 0
32080, 50051, 0, 0
32339, 259274, 1, 0
32527, 187105, 1, 0
32595, 68761, 0, 0
32896, 176847, 0, 0
32896, 123862, 1, 0
33040, 143398, 0, 0
33326, 286474, 1, 0
33577, 124103, 0, 0
33577, 127234, 1, 0
33828, 250368, 1, 0
34007, 89359, 0, 0
34354, 122555, 0, 0
34354, 224740, 1, 0
34595, 241179, 1, 0
35062, 466390, 1, 0
35854, 792359, 1, 0
35894, 39745, 0, 0
35939, 45183, 0, 0
36024, 85210, 0, 0
36126, 102143, 0, 0
36377, 250859, 1, 0
36520, 142430, 0, 0
36808, 58162, 0, 0
36808, 172177, 1, 0
37354, 31867, 0, 0
37354, 481602, 1, 0
37636, 282703, 1, 0
37772, 135528, 1, 0
37947, 175370, 0, 0
38402, 34315, 0, 0
38402, 420102, 1, 0
38661, 259116, 1, 0
38840, 179431, 1, 0
39025, 184211, 1, 0
39165, 140592, 0, 0
39476, 72910, 0, 0
39476, 238112, 1, 0
39645, 168192, 1, 0
39835, 95271, 0, 0
40078, 243183, 1, 0
40468, 46020, 0, 0
40468, 343993, 1, 0
40698, 229502, 1, 0
40858, 160133, 1, 0
41161, 108115, 0, 0
41161, 194323, 1, 0
41340, 179737, 1, 0
41611, 64053, 0, 0
41611, 142882, 1, 0
41757, 72592, 0, 0
42057, 299772, 1, 0
42577, 60004, 0, 0
42577, 340374, 1, 0
42624, 47019, 0, 0
42781, 37662, 0, 0
42781, 119708, 1, 0
43110, 164094, 1, 0
43425, 315571, 1, 0
43619, 193265, 1, 0
44130, 511023, 1, 0
44176, 46517, 0, 0
44278, 102177, 0, 0
44715, 218206, 1, 0
44777, 62524, 0, 0
45309, 531532, 1, 0
45429, 120299, 0, 0
45511, 40996, 0, 0
45931, 419551, 1, 0
46307, 37678, 0, 0
46307, 338358, 1, 0
46396, 88575, 0, 0
46509, 56667, 0, 0
47081, 30645, 0, 0
47081, 541434, 1, 0
47120, 38638, 0, 0
47413, 48753, 0, 0
47413, 195288, 1, 0
47523, 55152, 0, 0
48029, 47177, 0, 0
48029, 458248, 1, 0
48081, 52764, 0, 0
48251, 32126, 0, 0
48251, 105254, 1, 0
48813, 39839, 0, 0
48813, 261151, 1, 0
48852, 38987, 0, 0
49158, 32061, 0, 0
49158, 273550, 1, 0
49525, 366847, 1, 0
49556, 31068, 0, 0
49901, 345144, 1, 0
50069, 168316, 1, 0
50347, 277816, 1, 0
50984, 637277, 1, 0
51135, 150946, 1, 0
51179, 43158, 0, 0
51308, 129345, 1, 0
51517, 99060, 0, 0
51517, 109496, 1, 0
52120, 476431, 0, 0
52120, 127023, 1, 0
52622, 502123, 1, 0
53183, 561192, 1, 0
53242, 58905, 0, 0
53299, 56670, 0, 0
53727, 427810, 1, 0
53857, 130142, 1, 0
54188, 330383, 1, 0
54623, 435621, 1, 0
54783, 159352, 1, 0
55103, 320431, 1, 0
55213, 110124, 0, 0
55410, 196532, 1, 0
55666, 255978, 1, 0
55747, 81677, 0, 0
55975, 227160, 1, 0
56032, 57741, 0, 0
56214, 181198, 1, 0
56292, 78476, 0, 0
56536, 30505, 0, 0
56536, 212946, 1, 0
56879, 38046, 0, 0
56879, 305097, 1, 0
57119, 240568, 1, 0
57436, 316179, 1, 0
57546, 109938, 0, 0
57848, 302279, 1, 0
58024, 176372, 1, 0
58324, 80092, 0, 0
58324, 219185, 1, 0
58555, 35238, 0, 0
58555, 125911, 1, 0
58787, 44550, 0, 0
58787, 97807, 1, 0
59061, 274297, 1, 0
59282, 220964, 1, 0
59506, 30872, 0, 0
59506, 161876, 1, 0
59922, 208080, 1, 0
60074, 151366, 1, 0
1414, 1411969, 0, 0
3253, 1838827, 0, 0
3947, 693605, 0, 0
4093, 146265, 0, 0
4299, 205639, 1, 0
5001, 702694, 1, 0
5652, 650811, 1, 0
5776, 123297, 1, 0
5940, 164078, 1, 0
5981, 41749, 0, 0
6106, 125032, 0, 0
6210, 103906, 1, 0
6279, 68734, 0, 0
6434, 155096, 1, 0
6643, 209163, 1, 0
6680, 36906, 0, 0
6940, 259864, 0, 0
7173, 233265, 1, 0
7317, 143292, 1, 0
7502, 185475, 1, 0
7643, 141128, 1, 0
8356, 712789, 1, 0
8471, 114941, 1, 0
8694, 222323, 1, 0
8751, 57476, 0, 0
8780, 29425, 0, 0
8983, 202050, 1, 0
9032, 49052, 0, 0
9118, 86737, 0, 0
9188, 69426, 0, 0
9603, 415624, 1, 0
9640, 36298, 0, 0
9777, 136832, 1, 0
9864, 87223, 0, 0
10031, 166767, 1, 0
10075, 44608, 0, 0
10215, 139731, 1, 0
10297, 81729, 0, 0
10330, 33300, 0, 0
10360, 29384, 0, 0
10519, 159389, 0, 0
10700, 180998, 1, 0
10782, 81906, 0, 0
11151, 184537, 1, 0
11317, 165485, 0, 0
11845, 179243, 0, 0
11845, 349230, 1, 0
12284, 438344, 1, 0
12339, 55079, 0, 0
12408, 68652, 0, 0
12695, 91469, 0, 0
12695, 195365, 1, 0
12786, 91047, 0, 0
13081, 131714, 0, 0
13081, 163537, 1, 0
13262, 181357, 1, 0
13708, 136154, 0, 0
13708, 309027, 1, 0
13863, 155295, 0, 0
14022, 158913, 1, 0
14390, 68947, 0, 0
14390, 160984, 1, 0
14630, 240594, 1, 0
14819, 188249, 1, 0
15309, 245336, 1, 0
15450, 141018, 0, 0
15560, 109870, 0, 0
15939, 83322, 0, 0
15939, 212071, 1, 0
16007, 68115, 0, 0
16332, 92747, 0, 0
16332, 232293, 1, 0
16540, 207625, 0, 0
16876, 103372, 0, 0
16876, 232622, 1, 0
17202, 116844, 0, 0
17202, 209443, 1, 0
17480, 277770, 1, 0
17709, 229139, 0, 0
17782, 72705, 0, 0
18000, 72471, 0, 0
18337, 168762, 1, 0
18603, 265610, 1, 0
19101, 497927, 1, 0
19200, 99471, 0, 0
19359, 158652, 1, 0
19619, 259717, 1, 0
19786, 167172, 1, 0
20098, 312450, 0, 0
20346, 247540, 1, 0
20688, 341524, 1, 0
20984, 32822, 0, 0
20984, 263714, 1, 0
21180, 196056, 1, 0
21305, 124691, 1, 0
21527, 222569, 1, 0
21978, 450245, 1, 0
22683, 705480, 1, 0
22745, 61719, 0, 0
22777, 32040, 0, 0
22995, 217626, 1, 0
23136, 141358, 1, 0
23276, 139772, 1, 0
23621, 61291, 0, 0
23621, 161081, 1, 0
23869, 143561, 0, 0
23869, 104054, 1, 0
24260, 195845, 1, 0
24584, 323626, 1, 0
24640, 56382, 0, 0
24791, 37546, 0, 0
25041, 83236, 0, 0
25349, 53638, 0, 0
25349, 254524, 1, 0
25610, 57293, 0, 0
25610, 203723, 1, 0
25766, 156360, 1, 0
26003, 236676, 1, 0
26493, 244916, 0, 0
26566, 73604, 0, 0
26907, 149787, 0, 0
26907, 191198, 1, 0
27064, 78374, 0, 0
27410, 94035, 0, 0
27410, 251642, 1, 0
27574, 163577, 1, 0
28179, 302777, 1, 0
28253, 73652, 0, 0
28452, 199447, 1, 0
28630, 177542, 1, 0
28824, 96816, 0, 0
29021, 197825, 1, 0
29370, 174391, 1, 0
29520, 149378, 0, 0
29907, 73378, 0, 0
29907, 166729, 1, 0
30026, 118929, 1, 0
30391, 145150, 0, 0
30391, 220494, 1, 0
30737, 53026, 0, 0
30737, 239320, 1, 0
30927, 190263, 1, 0
31026, 98630, 1, 0
31399, 267193, 0, 0
31399, 105942, 1, 0
31593, 97071, 0, 0
31767, 87179, 0, 0
32004, 236847, 1, 0
32312, 307313, 1, 0
32557, 96088, 0, 0
32557, 149227, 1, 0
32750, 192558, 1, 0
33185, 88338, 0, 0
33185, 346883, 1, 0
33253, 68461, 0, 0
33596, 117678, 0, 0
33596, 107597, 1, 0
33820, 65428, 0, 0
33820, 157947, 1, 0
34055, 235133, 1, 0
34311, 84556, 0, 0
34311, 171003, 1, 0
34600, 64025, 0, 0
34600, 225481, 1, 0
34773, 86297, 0, 0
35091, 106188, 0, 0
35333, 120540, 0, 0
35547, 107057, 0, 0
35771, 224029, 1, 0
36028, 257011, 1, 0
36335, 307364, 1, 0
36618, 282368, 1, 0
36878, 260037, 1, 0
37308, 430169, 1, 0
37405, 97321, 0, 0
37677, 57020, 0, 0
37677, 214446, 1, 0
38078, 401300, 1, 0
38205, 126738, 0, 0
38301, 96244, 0, 0
38576, 109460, 0, 0
38576, 165218, 1, 0
38804, 74613, 0, 0
38804, 153562, 1, 0
39130, 111700, 0, 0
39130, 213902, 1, 0
39433, 303454, 1, 0
39574, 140369, 1, 0
39842, 268384, 1, 0
40376, 140010, 0, 0
40376, 393505, 1, 0
40538, 162013, 1, 0
40622, 84347, 0, 0
40808, 185581, 1, 0
41115, 140685, 0, 0
41115, 166724, 1, 0
41407, 175789, 0, 0
41407, 115673, 1, 0
41609, 37528, 0, 0
41609, 165273, 1, 0
41872, 262546, 1, 0
42032, 159927, 0, 0
42305, 136443, 0, 0
42736, 95082, 0, 0
42736, 240474, 1, 0
42894, 158551, 1, 0
43163, 268582, 1, 0
43437, 274393, 1, 0
43598, 160510, 1, 0
44279, 95131, 0, 0
44279, 586465, 1, 0
44467, 187730, 1, 0
44622, 154318, 0, 0
44824, 202570, 1, 0
44980, 155945, 0, 0
45131, 151021, 0, 0
45344, 213066, 1, 0
45560, 215263, 0, 0
46000, 69524, 0, 0
46000, 300908, 1, 0
46459, 459774, 1, 0
46940, 480847, 1, 0
47319, 378242, 1, 0
47555, 236596, 1, 0
47717, 161747, 0, 0
47876, 158812, 0, 0
47928, 51830, 0, 0
48189, 260973, 1, 0
48391, 201783, 1, 0
48660, 269489, 1, 0
48739, 79062, 0, 0
49011, 271899, 1, 0
49132, 120470, 0, 0
49425, 293853, 1, 0
49533, 107886, 0, 0
49801, 66784, 0, 0
50092, 291159, 1, 0
50480, 64890, 0, 0
50480, 322718, 1, 0
50658, 178149, 1, 0
50870, 79911, 0, 0
50870, 131993, 1, 0
51115, 245815, 1, 0
51316, 200333, 1, 0
52025, 526539, 0, 0
52025, 182440, 1, 0
52082, 56796, 0, 0
52141, 59131, 0, 0
52352, 66521, 0, 0
52352, 144208, 1, 0
52588, 78644, 0, 0
52756, 168492, 0, 0
53148, 195907, 0, 0
53375, 226876, 1, 0
53571, 98261, 0, 0
53849, 117414, 0, 0
53849, 160265, 1, 0
54089, 77493, 0, 0
54089, 162208, 1, 0
54312, 223058, 1, 0
54637, 324485, 1, 0
54806, 168923, 1, 0
55264, 73137, 0, 0
55264, 312604, 1, 0
55493, 228213, 1, 0
55590, 97423, 0, 0
55753, 162490, 1, 0
56019, 88603, 0, 0
56386, 105680, 0, 0
56386, 261875, 1, 0
56641, 127303, 0, 0
56882, 85582, 0, 0
56882, 155907, 1, 0
57165, 282463, 1, 0
57333, 84068, 0, 0
57634, 150334, 1, 0
58004, 370320, 0, 0
58236, 231518, 1, 0
58813, 577129, 1, 0
58877, 63813, 0, 0
58962, 85035, 0, 0
59127, 165204, 1, 0
59348, 220842, 1, 0
59591, 242663, 1, 0
59842, 125509, 0, 0
60109, 133898, 1, 0
653, 650615, 0, 0
3066, 2412642, 1, 0
4081, 1015759, 1, 0
4305, 223354, 1, 0
5008, 703619, 1, 0
5659, 650828, 1, 0
5783, 123986, 1, 0
5918, 134501, 1, 0
6178, 260791, 1, 0
6416, 237991, 1, 0
6752, 335622, 1, 0
6835, 82970, 0, 0
6892, 57083, 0, 0
6996, 103905, 0, 0
7026, 29749, 0, 0
7179, 153221, 1, 0
7353, 174129, 1, 0
7567, 213999, 1, 0
7697, 129508, 1, 0
7934, 237200, 1, 0
8090, 155663, 1, 0
8171, 80812, 0, 0
8222, 51863, 0, 0
8297, 74688, 0, 0
8425, 128228, 1, 0
8528, 102421, 1, 0
8567, 38781, 0, 0
8710, 143411, 1, 0
8897, 186522, 1, 0
8950, 53564, 0, 0
8981, 30416, 0, 0
9218, 237574, 1, 0
9260, 41514, 0, 0
9560, 300465, 0, 0
9760, 199826, 1, 0
9825, 65018, 0, 0
10015, 189630, 1, 0
10071, 56406, 0, 0
10208, 136878, 1, 0
10434, 225594, 1, 0
10602, 167751, 1, 0
10662, 60518, 0, 0
10825, 163039, 1, 0
11010, 184908, 1, 0
11676, 42551, 0, 0
11676, 311350, 1, 0
12070, 394222, 1, 0
12211, 141498, 0, 0
12243, 31872, 0, 0
12501, 257348, 1, 0
12632, 131152, 0, 0
12770, 138510, 1, 0
13142, 48947, 0, 0
13142, 161547, 1, 0
13303, 39622, 0, 0
13303, 120843, 1, 0
13503, 200075, 1, 0
13871, 44037, 0, 0
13871, 324025, 1, 0
14027, 155844, 1, 0
14396, 368616, 1, 0
14530, 67036, 0, 0
14767, 93085, 0, 0
14767, 144005, 1, 0
15125, 45175, 0, 0
15125, 156605, 1, 0
15495, 58218, 0, 0
15495, 310896, 1, 0
15798, 303282, 1, 0
15851, 52253, 0, 0
16362, 510972, 1, 0
16450, 88594, 0, 0
16864, 43392, 0, 0
16864, 370779, 1, 0
17073, 208581, 1, 0
17135, 61603, 0, 0
17613, 478535, 1, 0
17835, 221278, 0, 0
18148, 313507, 1, 0
18187, 38993, 0, 0
18331, 144161, 1, 0
18596, 264588, 1, 0
18762, 83190, 0, 0
19008, 39098, 0, 0
19008, 206075, 1, 0
19364, 356552, 1, 0
19520, 39059, 0, 0
19992, 43031, 0, 0
19992, 214187, 1, 0
20101, 108844, 1, 0
20333, 232217, 1, 0
20640, 306630, 1, 0
20868, 38857, 0, 0
20868, 189574, 1, 0
21219, 80837, 0, 0
21219, 269953, 1, 0
21398, 178440, 1, 0
21605, 207361, 1, 0
21811, 68662, 0, 0
22029, 108931, 0, 0
22557, 527720, 1, 0
22882, 325234, 1, 0
23002, 119661, 0, 0
23141, 139597, 1, 0
23280, 139131, 1, 0
23583, 302304, 1, 0
23896, 156620, 1, 0
24016, 120052, 1, 0
24306, 71711, 0, 0
24306, 218294, 1, 0
24555, 29734, 0, 0
24555, 218714, 1, 0
24754, 99596, 0, 0
25113, 43268, 0, 0
25113, 316308, 1, 0
25425, 74212, 0, 0
25425, 237231, 1, 0
25617, 192362, 1, 0
25899, 46410, 0, 0
25899, 235275, 1, 0
26126, 227027, 1, 0
26370, 243948, 1, 0
26736, 365498, 1, 0
26796, 60420, 0, 0
27093, 32046, 0, 0
27093, 264810, 1, 0
27276, 182897, 1, 0
27532, 50419, 0, 0
27532, 155484, 1, 0
27913, 44431, 0, 0
27913, 145655, 1, 0
28047, 134470, 0, 0
28353, 306204, 1, 0
28527, 173216, 1, 0
28758, 83297, 0, 0
28758, 147630, 1, 0
29243, 242874, 1, 0
29308, 64655, 0, 0
29719, 410873, 1, 0
29768, 48981, 0, 0
30102, 32136, 0, 0
30102, 151041, 1, 0
30294, 52098, 0, 0
30294, 139138, 1, 0
30556, 46864, 0, 0
30556, 215643, 1, 0
30896, 340093, 1, 0
31307, 410914, 1, 0
31768, 460421, 1, 0
31834, 65922, 0, 0
31987, 153854, 1, 0
32244, 256714, 1, 0
32283, 38742, 0, 0
32676, 196725, 1, 0
32935, 258387, 1, 0
33077, 142486, 0, 0
33313, 235223, 1, 0
33564, 251570, 1, 0
33826, 261685, 1, 0
34179, 47914, 0, 0
34179, 209560, 1, 0
34449, 269159, 1, 0
34788, 339888, 1, 0
34856, 67067, 0, 0
35658, 802724, 1, 0
35727, 68296, 0, 0
35775, 48682, 0, 0
36152, 376606, 1, 0
36306, 154043, 0, 0
36596, 289693, 1, 0
36883, 287338, 1, 0
37001, 117506, 1, 0
37038, 37185, 0, 0
37256, 29629, 0, 0
37256, 158506, 1, 0
37553, 59361, 0, 0
37759, 36543, 0, 0
37759, 133406, 1, 0
38223, 75124, 0, 0
38223, 238144, 1, 0
38334, 110972, 0, 0
38731, 198818, 1, 0
38967, 235417, 1, 0
39103, 136541, 1, 0
39280, 176622, 1, 0
39667, 59627, 0, 0
39667, 163707, 1, 0
39960, 47820, 0, 0
39960, 244701, 1, 0
40010, 50088, 0, 0
40370, 46326, 0, 0
40370, 174408, 1, 0
40529, 39357, 0, 0
40529, 120134, 1, 0
40787, 49418, 0, 0
40787, 208376, 1, 0
41135, 173765, 1, 0
41350, 214737, 1, 0
41568, 218511, 1, 0
41754, 185676, 1, 0
42073, 319643, 1, 0
42421, 348002, 1, 0
42505, 41731, 0, 0
42911, 31306, 0, 0
42911, 171729, 1, 0
43051, 140087, 0, 0
43423, 30687, 0, 0
43423, 340836, 1, 0
43588, 165614, 1, 0
43998, 409741, 1, 0
44075, 77130, 0, 0
44327, 251735, 1, 0
44591, 264135, 1, 0
44818, 226402, 1, 0
45608, 790455, 1, 0
45790, 181971, 0, 0
45858, 67518, 0, 0
46064, 206023, 1, 0
46570, 505758, 1, 0
46994, 424274, 1, 0
47037, 43250, 0, 0
47180, 142911, 0, 0
47214, 33941, 0, 0
47263, 48381, 0, 0
47997, 30077, 0, 0
47997, 352106, 1, 0
48219, 221832, 1, 0
48427, 208551, 1, 0
48785, 357878, 1, 0
49094, 308638, 1, 0
49432, 337946, 1, 0
49471, 38766, 0, 0
49980, 509333, 1, 0
50039, 59058, 0, 0
50214, 174869, 1, 0
50252, 37963, 0, 0
50338, 85696, 0, 0
50913, 69990, 0, 0
50913, 435548, 1, 0
50968, 54169, 0, 0
51210, 242296, 1, 0
51439, 229033, 1, 0
51856, 417226, 1, 0
52000, 143468, 0, 0
52254, 254004, 1, 0
52390, 136067, 1, 0
52645, 255386, 1, 0
52794, 148510, 0, 0
53057, 131632, 0, 0
53315, 142118, 0, 0
53315, 116206, 1, 0
53638, 322760, 1, 0
53855, 216519, 1, 0
54185, 330095, 1, 0
54276, 45660, 0, 0
54553, 55366, 0, 0
54766, 69359, 0, 0
54766, 143518, 1, 0
55058, 64074, 0, 0
55058, 227729, 1, 0
55311, 50457, 0, 0
55311, 152167, 1, 0
55759, 447666, 1, 0
56193, 434245, 1, 0
56319, 125595, 0, 0
56767, 447970, 1, 0
56931, 164620, 1, 0
57032, 101087, 0, 0
57095, 62049, 0, 0
57252, 157029, 0, 0
57567, 314973, 1, 0
57857, 290079, 1, 0
58021, 81894, 0, 0
58297, 71587, 0, 0
58297, 133112, 1, 0
58895, 598333, 1, 0
58958, 62729, 0, 0
59014, 28069, 0, 0
59265, 53108, 0, 0
59265, 198039, 1, 0
59606, 170418, 1, 0
59861, 254208, 1, 0
60126, 132445, 1, 0
311, 308298, 1, 0
714, 402726, 1, 0
773, 58287, 0, 0
1658, 885569, 1, 0
2121, 462549, 1, 0
2186, 65674, 0, 0
2768, 581514, 1, 0
2875, 106603, 0, 0
3493, 618426, 1, 0
3539, 46420, 0, 0
3589, 49214, 0, 0
4109, 520377, 1, 0
4173, 63822, 0, 0
4368, 195294, 1, 0
4438, 69490, 0, 0
4707, 269165, 1, 0
5505, 798406, 1, 0
6297, 791809, 0, 0
6330, 32970, 0, 0
6362, 31772, 0, 0
6524, 162115, 1, 0
6572, 47756, 0, 0
6778, 206350, 1, 0
6920, 141406, 1, 0
6970, 50233, 0, 0
7084, 114375, 1, 0
7137, 53123, 0, 0
7325, 187151, 1, 0
7370, 45676, 0, 0
7557, 186755, 1, 0
7759, 33622, 0, 0
7759, 134830, 1, 0
8243, 117067, 0, 0
8243, 249101, 1, 0
8475, 232764, 1, 0
8551, 75308, 0, 0
8755, 102304, 0, 0
9157, 200606, 1, 0
9307, 150311, 0, 0
9666, 359403, 1, 0
9851, 184211, 1, 0
10108, 257343, 1, 0
10383, 274585, 1, 0
10712, 48800, 0, 0
10712, 231897, 1, 0
10898, 185295, 0, 0
11384, 486467, 1, 0
11471, 86541, 0, 0
11774, 302993, 1, 0
12184, 410774, 1, 0
12471, 286263, 1, 0
12742, 271573, 1, 0
12948, 205750, 1, 0
13379, 430677, 1, 0
13451, 71834, 0, 0
13739, 288218, 1, 0
13823, 84141, 0, 0
14191, 367829, 1, 0
14269, 78461, 0, 0
14632, 362431, 1, 0
15160, 528427, 1, 0
15275, 115010, 1, 0
15397, 121680, 1, 0
15574, 177151, 1, 0
15618, 43861, 0, 0
15997, 32069, 0, 0
15997, 314255, 1, 0
16220, 223051, 1, 0
16502, 281799, 1, 0
16760, 258331, 1, 0
16805, 45064, 0, 0
17129, 43358, 0, 0
17129, 194069, 1, 0
17438, 75213, 0, 0
17438, 233088, 1, 0
17560, 60935, 0, 0
17756, 37122, 0, 0
17756, 159484, 1, 0
18214, 458201, 1, 0
18511, 296149, 1, 0
18652, 141666, 1, 0
18920, 267751, 1, 0
19084, 163557, 0, 0
19268, 184346, 1, 0
19561, 37563, 0, 0
19561, 255597, 1, 0
19913, 351568, 1, 0
20038, 124818, 1, 0
20651, 306710, 1, 0
20896, 245149, 1, 0
21193, 296316, 1, 0
21235, 42311, 0, 0
21265, 29689, 0, 0
21527, 89391, 0, 0
21527, 173135, 1, 0
21756, 228231, 1, 0
22092, 336111, 1, 0
22262, 170679, 1, 0
22542, 55892, 0, 0
22542, 167455, 1, 0
22969, 85434, 0, 0
23061, 92178, 0, 0
23366, 304559, 1, 0
23607, 51139, 0, 0
23607, 138610, 1, 0
23836, 228702, 1, 0
24209, 39522, 0, 0
24209, 293747, 1, 0
24321, 112260, 0, 0
24546, 99278, 0, 0
24546, 125518, 1, 0
24761, 107540, 0, 0
25090, 31102, 0, 0
25090, 149060, 1, 0
25277, 186687, 1, 0
25554, 276668, 1, 0
25890, 111990, 0, 0
26151, 51835, 0, 0
26151, 209847, 1, 0
26619, 467924, 1, 0
26683, 64017, 0, 0
26776, 30988, 0, 0
27026, 57542, 0, 0
27026, 133978, 1, 0
27266, 59989, 0, 0
27569, 93245, 0, 0
27569, 210356, 1, 0
28041, 471824, 1, 0
28293, 252332, 1, 0
28506, 212686, 1, 0
28616, 109871, 0, 0
28839, 222742, 1, 0
29076, 237279, 1, 0
29650, 40129, 0, 0
29650, 453293, 1, 0
29743, 92797, 0, 0
29876, 132896, 1, 0
30040, 164773, 1, 0
30428, 387849, 1, 0
30663, 117484, 0, 0
30838, 174281, 1, 0
31156, 159226, 1, 0
31429, 272914, 1, 0
31513, 42036, 0, 0
31781, 46525, 0, 0
31781, 174817, 1, 0
32188, 64081, 0, 0
32188, 342766, 1, 0
32664, 475681, 1, 0
32907, 243543, 1, 0
33199, 291757, 1, 0
33348, 148626, 1, 0
33386, 38614, 0, 0
33796, 31362, 0, 0
33796, 378472, 1, 0
34145, 348997, 1, 0
34810, 664976, 1, 0
35382, 571865, 1, 0
35421, 38329, 0, 0
35646, 225495, 1, 0
35760, 113481, 0, 0
36121, 361406, 1, 0
36236, 114478, 0, 0
36290, 54695, 0, 0
36526, 235308, 1, 0
36755, 228933, 1, 0
36874, 119863, 0, 0
37041, 166068, 1, 0
37554, 513065, 1, 0
37681, 127134, 0, 0
38219, 538182, 1, 0
38533, 314363, 1, 0
38768, 234105, 1, 0
38957, 188907, 1, 0
39576, 619219, 1, 0
39639, 63652, 0, 0
39874, 234437, 1, 0
39942, 68091, 0, 0
40300, 358110, 1, 0
40550, 250095, 1, 0
40702, 152021, 1, 0
40762, 59866, 0, 0
41006, 243234, 1, 0
41409, 403089, 1, 0
41545, 136399, 0, 0
41591, 45868, 0, 0
41622, 31216, 0, 0
41831, 209009, 1, 0
42065, 233266, 1, 0
42280, 38642, 0, 0
42280, 177087, 1, 0
42799, 30636, 0, 0
42799, 487497, 1, 0
43143, 344547, 1, 0
43331, 188146, 1, 0
43468, 136810, 1, 0
43759, 290604, 1, 0
44007, 248186, 1, 0
44443, 435686, 1, 0
44487, 44562, 0, 0
44777, 289973, 1, 0
44945, 167929, 1, 0
45140, 195238, 1, 0
45443, 302593, 1, 0
45568, 125298, 0, 0
45810, 120629, 1, 0
46051, 46520, 0, 0
46051, 147896, 1, 0
46803, 82644, 0, 0
46803, 587157, 1, 0
47007, 203777, 1, 0
47218, 210740, 1, 0
47586, 368273, 1, 0
47776, 189368, 1, 0
48073, 297757, 1, 0
48507, 433933, 1, 0
48547, 39371, 0, 0
48833, 285870, 0, 0
49387, 553941, 1, 0
49429, 42596, 0, 0
49578, 148823, 1, 0
49655, 77013, 0, 0
49850, 195336, 1, 0
49965, 114694, 0, 0
50083, 117385, 1, 0
50333, 250822, 0, 0
50515, 181520, 0, 0
50832, 317370, 1, 0
51152, 319700, 1, 0
51307, 155196, 1, 0
51678, 185386, 0, 0
51962, 284139, 1, 0
52476, 514064, 0, 0
52593, 116917, 0, 0
52783, 189413, 1, 0
53108, 324712, 1, 0
53215, 107836, 0, 0
53314, 98878, 0, 0
53628, 98882, 0, 0
53628, 214451, 1, 0
53759, 65445, 0, 0
54261, 251289, 1, 0
54442, 180708, 1, 0
54598, 156315, 1, 0
54767, 168534, 1, 0
55146, 378586, 1, 0
55317, 85646, 0, 0
55512, 64803, 0, 0
55977, 95669, 0, 0
55977, 369660, 1, 0
56122, 145248, 0, 0
56374, 95237, 0, 0
56374, 156316, 1, 0
56546, 172114, 0, 0
56840, 147051, 1, 0
57578, 738031, 1, 0
58090, 512047, 1, 0
58333, 242420, 1, 0
58665, 332362, 1, 0
58823, 157952, 0, 0
59027, 203411, 1, 0
59202, 175784, 0, 0
59364, 161377, 0, 0
59447, 82846, 0, 0
59570, 122988, 1, 0
59781, 211402, 0, 0
59916, 134876, 1, 0
60022, 105533, 0, 0
250, 246044, 1, 0
760, 101523, 0, 0
760, 408778, 1, 0
870, 109730, 0, 0
1494, 624586, 0, 0
1872, 377757, 0, 0
2120, 247818, 1, 0
2405, 285578, 0, 0
2752, 346235, 0, 0
3197, 445610, 1, 0
3543, 345442, 0, 0
4013, 469895, 0, 0
4255, 242532, 1, 0
4528, 273011, 1, 0
5287, 758633, 1, 0
6376, 1089114, 1, 0
6595, 218927, 1, 0
6674, 79288, 0, 0
6831, 156777, 1, 0
6996, 164577, 1, 0
7180, 184614, 1, 0
7290, 109288, 0, 0
7454, 164123, 1, 0
7529, 75283, 0, 0
7666, 137223, 1, 0
8113, 446778, 1, 0
8300, 186516, 1, 0
8345, 45057, 0, 0
8769, 424577, 1, 0
8950, 180558, 1, 0
9050, 100137, 0, 0
9272, 222119, 1, 0
9349, 76815, 0, 0
9381, 31785, 0, 0
9413, 32531, 0, 0
9571, 157949, 1, 0
9774, 202181, 0, 0
10052, 278592, 1, 0
10130, 77609, 0, 0
10162, 32126, 0, 0
10278, 116271, 1, 0
10534, 255311, 1, 0
10769, 235141, 1, 0
11181, 411954, 1, 0
11228, 46709, 0, 0
11430, 202240, 1, 0
11650, 219906, 1, 0
11815, 82690, 0, 0
12183, 367684, 1, 0
12469, 52224, 0, 0
12469, 233695, 1, 0
12513, 44003, 0, 0
12919, 32623, 0, 0
12919, 154092, 1, 0
13235, 315810, 1, 0
13288, 52758, 0, 0
13606, 318164, 1, 0
13931, 52742, 0, 0
13931, 219600, 1, 0
14077, 146256, 0, 0
14562, 32629, 0, 0
14562, 386102, 1, 0
14677, 115181, 1, 0
15099, 422562, 1, 0
15238, 138164, 1, 0
15350, 112263, 1, 0
15523, 172888, 1, 0
15996, 225062, 0, 0
15996, 248365, 1, 0
16047, 50819, 0, 0
16323, 76515, 0, 0
16323, 122279, 1, 0
16627, 31601, 0, 0
16627, 178046, 1, 0
16820, 96294, 0, 0
17028, 207831, 1, 0
17299, 271115, 1, 0
17609, 46609, 0, 0
17609, 264039, 1, 0
17769, 38390, 0, 0
17769, 120691, 1, 0
18274, 84509, 0, 0
18274, 336537, 1, 0
18362, 87638, 0, 0
19153, 99100, 0, 0
19153, 692271, 1, 0
19279, 125679, 0, 0
19503, 224189, 1, 0
19899, 395853, 1, 0
20038, 138338, 1, 0
20146, 108829, 1, 0
20231, 84724, 0, 0
20299, 68129, 0, 0
20883, 292013, 1, 0
20958, 74960, 0, 0
21109, 75188, 0, 0
21309, 200377, 1, 0
21744, 217211, 1, 0
21977, 233038, 1, 0
22229, 252569, 1, 0
22305, 75490, 0, 0
22777, 472050, 1, 0
23120, 343169, 1, 0
23495, 374506, 1, 0
23630, 135283, 1, 0
23715, 84986, 0, 0
23779, 32138, 0, 0
24184, 77839, 0, 0
24184, 326806, 1, 0
24383, 199057, 0, 0
24666, 283319, 1, 0
24977, 310940, 1, 0
25128, 150423, 1, 0
25288, 159949, 1, 0
25548, 65028, 0, 0
25548, 129548, 1, 0
25981, 433530, 1, 0
26136, 154646, 0, 0
26484, 348595, 1, 0
26851, 366666, 1, 0
27032, 180481, 1, 0
27428, 396658, 1, 0
27522, 93720, 0, 0
27554, 32303, 0, 0
27764, 209428, 1, 0
28029, 61184, 0, 0
28029, 204366, 1, 0
28292, 46172, 0, 0
28292, 216770, 1, 0
28838, 272877, 1, 0
29002, 163480, 1, 0
29099, 97310, 0, 0
29649, 35896, 0, 0
29649, 514185, 1, 0
29874, 224753, 1, 0
29928, 53857, 0, 0
30059, 131181, 1, 0
30439, 379976, 1, 0
30521, 81731, 0, 0
30911, 57752, 0, 0
30911, 216787, 1, 0
31016, 105329, 1, 0
31282, 265702, 1, 0
32139, 856930, 1, 0
32327, 187691, 1, 0
32417, 90505, 0, 0
32448, 30257, 0, 0
32957, 509733, 1, 0
33254, 297019, 1, 0
33298, 43416, 0, 0
33496, 198558, 1, 0
33534, 37229, 0, 0
34073, 538996, 1, 0
34159, 86510, 0, 0
34809, 650134, 1, 0
34881, 71464, 0, 0
34911, 30386, 0, 0
35429, 29945, 0, 0
35429, 487860, 1, 0
35656, 226921, 1, 0
35694, 37869, 0, 0
35999, 305289, 1, 0
36040, 40545, 0, 0
36502, 60850, 0, 0
36502, 279562, 1, 0
36560, 58224, 0, 0
36754, 31274, 0, 0
36754, 130892, 1, 0
37088, 167131, 1, 0
37823, 103194, 0, 0
37823, 631473, 1, 0
37880, 56595, 0, 0
37941, 61473, 0, 0
38008, 33358, 0, 0
38433, 97482, 0, 0
38433, 327197, 1, 0
38643, 60683, 0, 0
38643, 149958, 1, 0
38861, 43967, 0, 0
38861, 173862, 1, 0
39103, 62176, 0, 0
39103, 179930, 1, 0
39517, 137992, 0, 0
39556, 38243, 0, 0
39897, 341427, 1, 0
40017, 59981, 0, 0
40412, 394348, 1, 0
40573, 161735, 1, 0
40986, 206240, 1, 0
41257, 271240, 1, 0
41317, 59906, 0, 0
41762, 50602, 0, 0
41762, 197133, 1, 0
41958, 196026, 1, 0
42034, 75860, 0, 0
42514, 480440, 1, 0
42591, 76109, 0, 0
42894, 303172, 1, 0
43007, 37897, 0, 0
43266, 86132, 0, 0
43616, 53562, 0, 0
43616, 148338, 1, 0
43780, 54443, 0, 0
44089, 154767, 1, 0
44677, 587627, 1, 0
44761, 83841, 0, 0
44911, 149910, 1, 0
45012, 101350, 1, 0
45428, 56483, 0, 0
45428, 302915, 1, 0
45643, 215119, 1, 0
45755, 112148, 1, 0
46203, 223933, 1, 0
46778, 574864, 1, 0
46858, 79409, 0, 0
46888, 30814, 0, 0
47032, 143256, 1, 0
47308, 276001, 1, 0
47678, 369819, 1, 0
47785, 107411, 0, 0
48084, 46719, 0, 0
48084, 252002, 1, 0
48554, 31891, 0, 0
48554, 374164, 1, 0
48954, 400254, 1, 0
49084, 129439, 0, 0
49118, 34632, 0, 0
49502, 30772, 0, 0
49502, 352908, 1, 0
49748, 245970, 1, 0
49980, 232007, 1, 0
50215, 235316, 1, 0
50501, 286039, 0, 0
50535, 33481, 0, 0
50832, 31929, 0, 0
50832, 201066, 1, 0
51176, 37622, 0, 0
51176, 231340, 1, 0
51393, 45323, 0, 0
51393, 170859, 1, 0
51529, 68058, 0, 0
51867, 338789, 1, 0
52646, 114904, 0, 0
52646, 663686, 1, 0
52698, 51586, 0, 0
52813, 114970, 1, 0
53131, 318589, 1, 0
53226, 94748, 0, 0
53521, 294495, 1, 0
53792, 271136, 1, 0
54062, 269803, 0, 0
54371, 309717, 1, 0
54479, 107615, 1, 0
54560, 81078, 0, 0
54752, 43366, 0, 0
54752, 148312, 1, 0
55176, 424001, 1, 0
55614, 54784, 0, 0
55614, 383439, 1, 0
55692, 77886, 0, 0
55777, 42289, 0, 0
56029, 114138, 0, 0
56029, 137610, 1, 0
56319, 290512, 1, 0
56547, 227914, 1, 0
56839, 145964, 1, 0
57008, 168487, 1, 0
57319, 103806, 0, 0
57319, 207693, 1, 0
57796, 40725, 0, 0
57796, 313803, 1, 0
57848, 51657, 0, 0
58076, 114055, 0, 0
58309, 233139, 1, 0
58503, 64507, 0, 0
58808, 155552, 0, 0
58808, 149315, 1, 0
59027, 219144, 1, 0
59520, 76807, 0, 0
59520, 339495, 1, 0
59867, 347119, 1, 0
60060, 192663, 0, 0
515, 511982, 0, 0
960, 445488, 0, 0
1877, 916182, 0, 0
2049, 172654, 0, 0
2340, 290626, 1, 0
2804, 463872, 1, 0
3251, 447587, 1, 0
3731, 479922, 1, 0
4329, 597896, 0, 0
4552, 222220, 1, 0
5028, 476167, 0, 0
5477, 449398, 0, 0
5866, 388570, 0, 0
6245, 379300, 0, 0
6520, 274523, 1, 0
6761, 241301, 1, 0
6881, 120275, 1, 0
7042, 161240, 1, 0
7274, 231760, 1, 0
7469, 194991, 1, 0
7638, 169140, 1, 0
8111, 472733, 1, 0
8224, 112840, 0, 0
8409, 184752, 1, 0
8625, 216166, 1, 0
8893, 268056, 1, 0
9065, 172536, 1, 0
9425, 359388, 1, 0
9579, 153791, 0, 0
9635, 56633, 0, 0
9845, 210094, 1, 0
9924, 78951, 0, 0
10241, 316083, 1, 0
10324, 83660, 0, 0
10613, 288955, 1, 0
10907, 293927, 1, 0
11230, 322548, 1, 0
11450, 219734, 1, 0
11503, 53504, 0, 0
11647, 143893, 1, 0
11722, 75399, 0, 0
11753, 30801, 0, 0
11915, 161196, 0, 0
11954, 39841, 0, 0
11986, 31308, 0, 0
12073, 87153, 0, 0
12288, 215202, 1, 0
12349, 60961, 0, 0
12378, 29294, 0, 0
12595, 216962, 1, 0
12865, 269054, 1, 0
13231, 43894, 0, 0
13231, 322899, 1, 0
13579, 347811, 1, 0
13654, 74704, 0, 0
13946, 36039, 0, 0
13946, 255919, 1, 0
14397, 450740, 1, 0
14463, 66002, 0, 0
14640, 30770, 0, 0
14640, 146400, 1, 0
14966, 325926, 0, 0
15001, 34956, 0, 0
15316, 31107, 0, 0
15316, 141831, 1, 0
15511, 50592, 0, 0
15511, 144638, 1, 0
15775, 131790, 0, 0
16114, 122417, 0, 0
16114, 217304, 1, 0
16533, 209086, 1, 0
16617, 83817, 0, 0
17067, 52199, 0, 0
17067, 398573, 1, 0
17159, 92080, 0, 0
17531, 371547, 1, 0
17589, 58174, 0, 0
17764, 175052, 1, 0
18054, 72327, 0, 0
18258, 101917, 0, 0
18537, 96400, 0, 0
18537, 183337, 1, 0
19079, 541119, 0, 0
19263, 184800, 1, 0
19500, 236129, 1, 0
19589, 89661, 0, 0
19765, 87869, 0, 0
20087, 42629, 0, 0
20087, 139716, 1, 0
20457, 227548, 0, 0
20457, 142280, 1, 0
20749, 291929, 0, 0
20913, 164340, 1, 0
21188, 274979, 1, 0
21414, 225938, 1, 0
21710, 61829, 0, 0
21710, 233374, 1, 0
21845, 135189, 0, 0
22037, 95836, 0, 0
22445, 50518, 0, 0
22445, 178765, 1, 0
22586, 140941, 0, 0
22849, 131799, 0, 0
23077, 49499, 0, 0
23077, 178252, 1, 0
23397, 68878, 0, 0
23397, 182582, 1, 0
23570, 172167, 1, 0
23785, 214825, 1, 0
24004, 219439, 0, 0
24443, 78259, 0, 0
24443, 180268, 1, 0
24861, 417710, 1, 0
25017, 156781, 1, 0
25150, 132437, 0, 0
25284, 133887, 1, 0
25549, 265205, 1, 0
25786, 237004, 0, 0
26065, 279359, 1, 0
26260, 97123, 0, 0
26529, 89711, 0, 0
26872, 54032, 0, 0
26872, 289194, 1, 0
27062, 189842, 1, 0
27455, 141450, 0, 0
27455, 251811, 1, 0
27816, 360304, 1, 0
27964, 148212, 1, 0
28157, 193500, 1, 0
28283, 125380, 0, 0
28501, 94428, 0, 0
28501, 123818, 1, 0
28854, 67843, 0, 0
28854, 285220, 1, 0
29010, 155893, 1, 0
29310, 299633, 1, 0
29774, 464063, 1, 0
29958, 183991, 1, 0
30089, 130725, 1, 0
30601, 512073, 1, 0
30665, 64458, 0, 0
30833, 167519, 1, 0
31001, 57021, 0, 0
31001, 111072, 1, 0
31289, 95823, 0, 0
31851, 281113, 0, 0
31941, 90319, 0, 0
32072, 130909, 0, 0
32659, 293553, 1, 0
32838, 178383, 0, 0
32986, 147827, 0, 0
33237, 251865, 1, 0
33445, 207889, 1, 0
33584, 138778, 0, 0
33750, 55379, 0, 0
34062, 62245, 0, 0
34618, 373168, 0, 0
34618, 183348, 1, 0
34718, 99820, 0, 0
34947, 228818, 0, 0
35089, 70925, 0, 0
35253, 54617, 0, 0
35522, 62473, 0, 0
35522, 206542, 1, 0
35770, 247995, 1, 0
36128, 357580, 1, 0
36426, 47151, 0, 0
36426, 250907, 1, 0
36750, 324331, 1, 0
36946, 196371, 0, 0
37062, 115239, 1, 0
37319, 128792, 0, 0
37500, 180672, 0, 0
38034, 96467, 0, 0
38034, 437262, 1, 0
38169, 135581, 0, 0
38264, 94269, 0, 0
38593, 57283, 0, 0
38593, 214459, 1, 0
38896, 156104, 0, 0
38896, 147277, 1, 0
39099, 203251, 1, 0
39740, 108351, 0, 0
39740, 531685, 1, 0
40088, 348071, 1, 0
40148, 60253, 0, 0
40251, 102612, 0, 0
40348, 97795, 0, 0
40623, 123028, 0, 0
40623, 151295, 1, 0
40772, 149340, 1, 0
41050, 112745, 0, 0
41050, 164913, 1, 0
41422, 94617, 0, 0
41422, 182900, 1, 0
41757, 335079, 1, 0
41992, 234325, 1, 0
42509, 517898, 1, 0
42870, 360937, 1, 0
43032, 161981, 0, 0
43325, 292907, 1, 0
43476, 150550, 1, 0
43554, 78322, 0, 0
43849, 294573, 0, 0
44002, 153502, 1, 0
44112, 109106, 0, 0
44279, 167737, 0, 0
44736, 128163, 0, 0
44736, 328952, 1, 0
44941, 204266, 1, 0
45141, 200081, 1, 0
45437, 55779, 0, 0
45437, 240212, 1, 0
45651, 214198, 1, 0
45766, 114950, 1, 0
46028, 72199, 0, 0
46028, 189150, 1, 0
46304, 138086, 0, 0
46893, 53592, 0, 0
46893, 481594, 1, 0
47027, 134400, 1, 0
47099, 71715, 0, 0
47586, 243727, 0, 0
47640, 53806, 0, 0
47844, 203416, 1, 0
48016, 86272, 0, 0
48333, 101067, 0, 0
48333, 215030, 1, 0
48634, 72343, 0, 0
48634, 229433, 1, 0
48981, 346854, 0, 0
49088, 107021, 0, 0
49554, 158696, 0, 0
49554, 306696, 1, 0
49815, 261375, 1, 0
50077, 262173, 1, 0
50314, 236302, 0, 0
50441, 126837, 0, 0
50816, 35086, 0, 0
50816, 340673, 1, 0
50892, 75827, 0, 0
51160, 86838, 0, 0
51160, 181187, 1, 0
51303, 142193, 1, 0
51622, 159554, 0, 0
51887, 265660, 1, 0
52321, 433533, 1, 0
52516, 195010, 1, 0
52598, 81709, 0, 0
52810, 212225, 1, 0
53175, 148717, 0, 0
53175, 216233, 1, 0
53384, 208890, 1, 0
53582, 198190, 1, 0
53835, 253253, 1, 0
54039, 203149, 1, 0
54277, 238869, 0, 0
54617, 61929, 0, 0
54617, 138685, 1, 0
54863, 246573, 1, 0
55008, 72003, 0, 0
55609, 53518, 0, 0
55609, 494634, 1, 0
55699, 89599, 0, 0
56055, 355759, 1, 0
56125, 69886, 0, 0
56287, 162428, 0, 0
56565, 277538, 1, 0
56779, 53784, 0, 0
56779, 160173, 1, 0
57610, 719355, 0, 0
57610, 112088, 1, 0
57683, 72319, 0, 0
57789, 106590, 0, 0
57872, 82479, 0, 0
58022, 149945, 0, 0
58306, 284028, 1, 0
58510, 67987, 0, 0
58820, 148807, 0, 0
58820, 161848, 1, 0
59022, 201864, 1, 0
59369, 173123, 0, 0
59534, 165882, 1, 0
59912, 85339, 0, 0
59912, 207011, 1, 0
60103, 190804, 0, 0
729, 725453, 1, 0
2065, 1336262, 1, 0
2399, 333882, 1, 0
2857, 457633, 1, 0
2936, 78973, 0, 0
2988, 52020, 0, 0
3521, 532873, 1, 0
3573, 52292, 0, 0
3607, 33563, 0, 0
4044, 437606, 1, 0
4121, 76499, 0, 0
4338, 216917, 1, 0
4417, 78969, 0, 0
4702, 285433, 1, 0
4746, 44108, 0, 0
4778, 31433, 0, 0
5127, 349239, 0, 0
5883, 756311, 1, 0
6311, 427456, 0, 0
6519, 208421, 1, 0
6760, 240536, 1, 0
6881, 121299, 1, 0
7042, 161497, 1, 0
7256, 213113, 1, 0
7431, 175639, 1, 0
7609, 177516, 1, 0
8085, 476442, 1, 0
8175, 90093, 0, 0
8372, 196727, 1, 0
8439, 67069, 0, 0
8805, 365920, 1, 0
9033, 227786, 1, 0
9106, 73185, 0, 0
9137, 31131, 0, 0
9520, 382555, 1, 0
9784, 263988, 1, 0
10092, 308016, 1, 0
10378, 285769, 1, 0
10423, 44913, 0, 0
10461, 38035, 0, 0
10685, 223827, 1, 0
10778, 93409, 0, 0
10808, 29895, 0, 0
11013, 34126, 0, 0
11289, 36876, 0, 0
11289, 202420, 1, 0
11769, 41513, 0, 0
11769, 219108, 1, 0
11947, 178219, 0, 0
12043, 95309, 0, 0
12299, 78979, 0, 0
12299, 177722, 1, 0
12607, 133514, 0, 0
12607, 174328, 1, 0
12787, 179828, 0, 0
13043, 71081, 0, 0
13043, 184992, 1, 0
13310, 88814, 0, 0
13525, 107457, 0, 0
13870, 134938, 0, 0
13870, 210142, 1, 0
14245, 92526, 0, 0
14245, 282932, 1, 0
14353, 107908, 0, 0
14526, 172881, 0, 0
15046, 260001, 1, 0
15209, 162842, 1, 0
15335, 125616, 1, 0
15591, 131931, 0, 0
15591, 124541, 1, 0
15992, 401096, 1, 0
16118, 125254, 0, 0
16831, 356659, 1, 0
17124, 293363, 1, 0
17202, 77174, 0, 0
17555, 353225, 1, 0
17752, 196953, 1, 0
17815, 62627, 0, 0
17906, 91242, 0, 0
18133, 113383, 0, 0
18411, 277962, 1, 0
18614, 203530, 1, 0
18966, 175712, 1, 0
19334, 368511, 1, 0
19415, 81031, 0, 0
19587, 172220, 1, 0
19795, 103539, 0, 0
20087, 146388, 1, 0
20788, 350019, 1, 0
20936, 148609, 1, 0
21208, 271483, 1, 0
21490, 282689, 1, 0
21548, 57247, 0, 0
21578, 30803, 0, 0
21804, 61102, 0, 0
21804, 164631, 1, 0
22201, 68764, 0, 0
22201, 327420, 1, 0
22389, 187946, 1, 0
22975, 586886, 1, 0
23129, 153633, 1, 0
23171, 42069, 0, 0
23264, 46187, 0, 0
23582, 159353, 1, 0
23804, 221574, 1, 0
24002, 99144, 0, 0
24442, 30035, 0, 0
24442, 204671, 1, 0
24847, 405576, 1, 0
24919, 71316, 0, 0
25029, 109822, 1, 0
25299, 84381, 0, 0
25299, 185905, 1, 0
25501, 201785, 1, 0
25832, 82909, 0, 0
26146, 156643, 1, 0
26591, 46799, 0, 0
26591, 398097, 1, 0
26684, 93089, 0, 0
26906, 221815, 1, 0
27048, 142534, 0, 0
27435, 386972, 1, 0
27749, 314031, 1, 0
27793, 43554, 0, 0
28008, 44332, 0, 0
28008, 170883, 1, 0
28282, 37569, 0, 0
28282, 160747, 1, 0
28701, 209479, 1, 0
28756, 54846, 0, 0
29245, 32112, 0, 0
29245, 212309, 1, 0
29295, 50033, 0, 0
29723, 428695, 1, 0
29843, 119307, 0, 0
30037, 193824, 1, 0
30323, 57267, 0, 0
30717, 53847, 0, 0
30717, 340477, 1, 0
30793, 75095, 0, 0
31058, 132731, 1, 0
31384, 325553, 1, 0
31712, 328782, 1, 0
31876, 163868, 1, 0
32196, 66968, 0, 0
32196, 252604, 1, 0
32271, 75462, 0, 0
32539, 133603, 0, 0
32890, 42640, 0, 0
32890, 154451, 1, 0
33027, 68227, 0, 0
33435, 49973, 0, 0
33435, 178833, 1, 0
33963, 528398, 1, 0
34012, 48796, 0, 0
34603, 591614, 1, 0
34676, 72495, 0, 0
34867, 190659, 1, 0
35191, 324210, 0, 0
35316, 125027, 0, 0
35511, 194577, 1, 0
35730, 219111, 0, 0
35854, 124504, 0, 0
36128, 60464, 0, 0
36128, 212813, 1, 0
36377, 249590, 1, 0
36737, 89426, 0, 0
36737, 270072, 1, 0
37036, 299432, 1, 0
37633, 596444, 1, 0
37683, 50168, 0, 0
37785, 102179, 0, 0
37886, 100412, 0, 0
38000, 114340, 0, 0
38452, 73514, 0, 0
38452, 378010, 1, 0
38629, 176932, 1, 0
38762, 133056, 0, 0
39016, 119564, 0, 0
39016, 134371, 1, 0
39523, 507813, 1, 0
39599, 75644, 0, 0
39761, 161315, 0, 0
40254, 101806, 0, 0
40254, 391241, 1, 0
40501, 247597, 1, 0
40606, 104946, 0, 0
41000, 196937, 1, 0
41252, 251963, 0, 0
41319, 66881, 0, 0
41544, 224712, 1, 0
41826, 64392, 0, 0
41826, 153005, 1, 0
42026, 100082, 0, 0
42434, 247127, 0, 0
42434, 160535, 1, 0
42549, 115860, 0, 0
42779, 76473, 0, 0
43105, 326236, 1, 0
43370, 135899, 0, 0
43370, 129140, 1, 0
43726, 355570, 1, 0
43875, 149388, 0, 0
44308, 55640, 0, 0
44308, 376924, 1, 0
44408, 100445, 0, 0
44531, 61000, 0, 0
44790, 53507, 0, 0
44790, 152595, 1, 0
45066, 106955, 0, 0
45066, 168627, 1, 0
45260, 97232, 0, 0
45563, 92946, 0, 0
45563, 116757, 1, 0
45805, 120859, 1, 0
46004, 199230, 1, 0
46688, 342012, 0, 0
46767, 78605, 0, 0
46971, 204040, 1, 0
47315, 344240, 1, 0
47440, 124903, 0, 0
47567, 126545, 0, 0
48056, 244570, 1, 0
48420, 363753, 1, 0
48470, 50561, 0, 0
48634, 164096, 1, 0
48830, 97670, 0, 0
49046, 107857, 0, 0
49297, 125531, 0, 0
49554, 85104, 0, 0
49554, 172525, 1, 0
49868, 168945, 0, 0
49868, 144783, 1, 0
50269, 401253, 1, 0
50771, 501278, 1, 0
51052, 281394, 1, 0
51133, 80826, 0, 0
51302, 169288, 1, 0
51422, 119636, 0, 0
51528, 105644, 0, 0
51790, 131321, 0, 0
52452, 524295, 0, 0
52452, 137473, 1, 0
52575, 123159, 0, 0
52641, 65689, 0, 0
52809, 167365, 1, 0
53043, 78139, 0, 0
53384, 170710, 1, 0
53543, 158115, 0, 0
53836, 92942, 0, 0
53836, 199924, 1, 0
54007, 171834, 0, 0
54412, 77506, 0, 0
54412, 249606, 1, 0
54533, 120675, 1, 0
54851, 157562, 0, 0
54851, 160720, 1, 0
55235, 191693, 0, 0
55326, 91714, 0, 0
55665, 338197, 1, 0
56016, 49005, 0, 0
56016, 302851, 1, 0
56109, 92906, 0, 0
56328, 218362, 1, 0
56555, 113454, 0, 0
56754, 198793, 1, 0
57586, 724461, 0, 0
57586, 107628, 1, 0
57978, 392198, 1, 0
58131, 152610, 0, 0
58228, 97495, 0, 0
58524, 295870, 1, 0
58792, 267958, 1, 0
58877, 84773, 0, 0
59177, 299893, 1, 0
59282, 105285, 0, 0
59515, 232919, 1, 0
59850, 335151, 1, 0
60129, 278478, 1, 0
