530, 40573, 0, 0
1031, 61440, 0, 0
1031, 69554, 1, 0
1535, 57001, 0, 0
1535, 45056, 1, 0
2050, 25848, 0, 0
2050, 26465, 1, 0
2551, 10240, 0, 0
2551, 17895, 1, 0
3096, 16910, 0, 0
3096, 22528, 1, 0
3608, 14027, 0, 0
3608, 9394, 1, 0
4112, 24380, 0, 0
4112, 16031, 1, 0
4655, 33944, 0, 0
4655, 22349, 1, 0
5453, 12848, 0, 0
5453, 32058, 1, 0
6052, 35899, 0, 0
6052, 7708, 1, 0
6556, 22349, 0, 0
6556, 34190, 1, 0
7201, 17463, 0, 0
7201, 14222, 1, 0
7721, 19730, 0, 0
7721, 34927, 1, 0
8232, 16062, 0, 0
8753, 21619, 0, 0
8753, 30117, 1, 0
9278, 21496, 0, 0
9278, 37343, 1, 0
9788, 28109, 0, 0
9788, 19541, 1, 0
10413, 16384, 0, 0
10413, 26101, 1, 0
10915, 36790, 0, 0
10915, 27852, 1, 0
11510, 36141, 0, 0
11510, 14307, 1, 0
12055, 26352, 0, 0
12055, 10326, 1, 0
12562, 40474, 0, 0
12562, 28235, 1, 0
13087, 23405, 0, 0
13087, 16189, 1, 0
13593, 32443, 0, 0
13593, 15603, 1, 0
14275, 16516, 0, 0
14275, 40554, 1, 0
14796, 29538, 0, 0
14796, 18017, 1, 0
15358, 20078, 0, 0
15358, 27569, 1, 0
15880, 37272, 0, 0
15880, 20078, 1, 0
16412, 26998, 0, 0
16412, 47080, 1, 0
16955, 28339, 0, 0
16955, 11570, 1, 0
17547, 25945, 0, 0
17547, 30228, 1, 0
18068, 25600, 0, 0
18068, 20756, 1, 0
18572, 22349, 0, 0
18572, 27569, 1, 0
19089, 19844, 0, 0
19089, 28444, 1, 0
19589, 30720, 0, 0
19589, 27782, 1, 0
20095, 38526, 0, 0
20095, 24576, 1, 0
20609, 29883, 0, 0
20609, 12166, 1, 0
21207, 27443, 0, 0
21207, 15937, 1, 0
21840, 8088, 0, 0
21840, 24013, 1, 0
22343, 22393, 0, 0
22343, 11323, 1, 0
22860, 15875, 0, 0
22860, 26465, 1, 0
23373, 20000, 0, 0
23373, 13891, 1, 0
23874, 30720, 0, 0
23874, 20000, 1, 0
24382, 26256, 0, 0
24382, 14336, 1, 0
25005, 24654, 0, 0
25005, 44433, 1, 0
25576, 12575, 0, 0
25576, 18080, 1, 0
26098, 33348, 0, 0
26098, 16168, 1, 0
26733, 20996, 0, 0
26733, 43157, 1, 0
27298, 27185, 0, 0
27298, 14536, 1, 0
27813, 19922, 0, 0
27813, 19936, 1, 0
28385, 12531, 0, 0
28385, 27891, 1, 0
28894, 36283, 0, 0
28894, 32223, 1, 0
29395, 30658, 0, 0
29395, 8062, 1, 0
29958, 27330, 0, 0
29958, 18395, 1, 0
30510, 16725, 0, 0
30510, 32797, 1, 0
31081, 25106, 0, 0
31081, 39027, 1, 0
31589, 22216, 0, 0
31589, 26900, 1, 0
32128, 26646, 0, 0
32128, 16157, 1, 0
32749, 14840, 0, 0
32749, 30453, 1, 0
33342, 15567, 0, 0
33342, 19787, 1, 0
33886, 28287, 0, 0
33886, 31135, 1, 0
34463, 17746, 0, 0
34463, 13200, 1, 0
34976, 32000, 0, 0
34976, 24845, 1, 0
35525, 16786, 0, 0
35525, 30000, 1, 0
36036, 30117, 0, 0
36036, 26112, 1, 0
36541, 20277, 0, 0
36541, 38149, 1, 0
37055, 25949, 0, 0
37055, 30415, 1, 0
37580, 23405, 0, 0
37580, 29941, 1, 0
38144, 14550, 0, 0
38144, 13653, 1, 0
38668, 29312, 0, 0
38668, 27282, 1, 0
39179, 38074, 0, 0
39179, 17587, 1, 0
39685, 22304, 0, 0
39685, 32062, 1, 0
40188, 30536, 0, 0
40188, 24332, 1, 0
40725, 21014, 0, 0
40725, 20357, 1, 0
41226, 40878, 0, 0
41226, 22925, 1, 0
41779, 24115, 0, 0
41779, 22483, 1, 0
42282, 28500, 0, 0
42282, 16695, 1, 0
42810, 23272, 0, 0
42810, 24429, 1, 0
43310, 47104, 0, 0
43310, 25212, 1, 0
43814, 26465, 0, 0
43814, 20480, 1, 0
44347, 9624, 0, 0
44347, 38679, 1, 0
44858, 28054, 0, 0
44858, 17323, 1, 0
45373, 19883, 0, 0
45373, 12023, 1, 0
45918, 16910, 0, 0
45918, 21871, 1, 0
46470, 29735, 0, 0
46470, 28183, 1, 0
47000, 25164, 0, 0
47000, 26018, 1, 0
47532, 48210, 0, 0
47532, 17421, 1, 0
48057, 27306, 0, 0
48057, 13499, 1, 0
48579, 25550, 0, 0
48579, 9752, 1, 0
49089, 30117, 0, 0
49089, 35378, 1, 0
49608, 17757, 0, 0
49608, 20078, 1, 0
50142, 23054, 0, 0
50142, 13811, 1, 0
50645, 12239, 0, 0
50645, 30739, 1, 0
51146, 18395, 0, 0
51146, 12239, 1, 0
51689, 22671, 0, 0
51689, 24526, 1, 0
52206, 23767, 0, 0
52206, 26450, 1, 0
52709, 28500, 0, 0
52709, 33671, 1, 0
53241, 21212, 0, 0
53241, 18322, 1, 0
53830, 12169, 0, 0
53830, 13499, 1, 0
54362, 25069, 0, 0
54362, 31293, 1, 0
54875, 22000, 0, 0
54875, 23141, 1, 0
55408, 23097, 0, 0
55408, 26000, 1, 0
55981, 21445, 0, 0
55981, 28872, 1, 0
56483, 30597, 0, 0
56483, 19657, 1, 0
57020, 15283, 0, 0
57020, 32637, 1, 0
57521, 30720, 0, 0
57521, 5731, 1, 0
58043, 37272, 0, 0
58043, 49152, 1, 0
58546, 24429, 0, 0
58546, 31386, 1, 0
59047, 22483, 0, 0
59047, 22393, 1, 0
59565, 27729, 0, 0
59565, 8175, 1, 0
61557, 7710, 0, 0
61557, 19806, 1, 0
61557, 4112, 1, 0
