250, 104056, 0, 0
502, 179986, 0, 0
763, 157617, 0, 0
1017, 266595, 0, 0
1267, 233840, 0, 0
1518, 303654, 0, 0
1784, 220357, 0, 0
2034, 235250, 0, 0
2294, 144811, 0, 0
2552, 179062, 0, 0
2817, 151629, 0, 0
3079, 308610, 0, 0
3333, 282304, 0, 0
3589, 228248, 0, 0
3846, 197294, 0, 0
4112, 197887, 0, 0
4366, 212012, 0, 0
4623, 285088, 0, 0
4886, 278581, 0, 0
5147, 265349, 0, 0
5403, 287780, 0, 0
5659, 340204, 0, 0
5911, 258908, 0, 0
6167, 150533, 0, 0
6418, 208479, 0, 0
6671, 145234, 0, 0
6931, 284155, 0, 0
7182, 221619, 0, 0
7433, 179667, 0, 0
7687, 248636, 0, 0
7942, 253565, 0, 0
8195, 338003, 0, 0
8452, 200405, 0, 0
8708, 181131, 0, 0
8959, 187272, 0, 0
9218, 128074, 0, 0
9469, 225536, 0, 0
9722, 412216, 0, 0
9972, 301004, 0, 0
10232, 252519, 0, 0
10487, 221938, 0, 0
10739, 271337, 0, 0
10998, 283670, 0, 0
11257, 317785, 0, 0
11508, 234896, 0, 0
11761, 217232, 0, 0
12015, 135284, 0, 0
12283, 76337, 0, 0
12533, 375578, 0, 0
12784, 218065, 0, 0
13045, 187163, 0, 0
13302, 298267, 0, 0
13563, 356986, 0, 0
13819, 142705, 0, 0
14071, 186429, 0, 0
14338, 392894, 0, 0
14597, 272819, 0, 0
14879, 235864, 0, 0
15131, 229614, 0, 0
15387, 163171, 0, 0
15638, 198295, 0, 0
15891, 256367, 0, 0
16148, 265640, 0, 0
16399, 292313, 0, 0
16670, 251255, 0, 0
16924, 165258, 0, 0
17179, 218851, 0, 0
17436, 248157, 0, 0
17690, 185406, 0, 0
17944, 311486, 0, 0
18196, 444672, 0, 0
18462, 166548, 0, 0
18715, 119535, 0, 0
18970, 106704, 0, 0
19224, 255883, 0, 0
19481, 340284, 0, 0
19746, 300259, 0, 0
19998, 199095, 0, 0
20251, 162596, 0, 0
20502, 180170, 0, 0
20758, 220587, 0, 0
21014, 383356, 0, 0
21273, 304279, 0, 0
21525, 340967, 0, 0
21776, 244166, 0, 0
22027, 207003, 0, 0
22285, 194981, 0, 0
22539, 290002, 0, 0
22789, 253278, 0, 0
23039, 271002, 0, 0
23291, 266130, 0, 0
23542, 239134, 0, 0
23798, 238137, 0, 0
24055, 288589, 0, 0
24310, 242492, 0, 0
24561, 244407, 0, 0
24816, 218930, 0, 0
25072, 262023, 0, 0
25336, 183297, 0, 0
25597, 259534, 0, 0
25863, 173688, 0, 0
26116, 277893, 0, 0
26367, 272124, 0, 0
26618, 271333, 0, 0
26873, 218165, 0, 0
27129, 184244, 0, 0
27379, 273664, 0, 0
27647, 270971, 0, 0
27902, 233137, 0, 0
28164, 253194, 0, 0
28418, 255228, 0, 0
28690, 185854, 0, 0
28948, 218343, 0, 0
29201, 249154, 0, 0
29459, 256172, 0, 0
29710, 271051, 0, 0
29970, 204162, 0, 0
30227, 211485, 0, 0
30486, 251121, 0, 0
30743, 240564, 0, 0
30993, 287689, 0, 0
31250, 170668, 0, 0
31508, 240053, 0, 0
31768, 240011, 0, 0
32018, 298205, 0, 0
32269, 255932, 0, 0
32523, 221333, 0, 0
32773, 237049, 0, 0
33031, 249205, 0, 0
33283, 208576, 0, 0
33539, 261805, 0, 0
33790, 199590, 0, 0
34044, 232658, 0, 0
34304, 210932, 0, 0
34559, 302311, 0, 0
34820, 237790, 0, 0
35070, 185713, 0, 0
35322, 305075, 0, 0
35572, 233948, 0, 0
35828, 202644, 0, 0
36078, 164380, 0, 0
36329, 243832, 0, 0
36583, 243300, 0, 0
36841, 169039, 0, 0
37098, 200885, 0, 0
37348, 289203, 0, 0
37605, 309856, 0, 0
37859, 236872, 0, 0
38110, 267873, 0, 0
38538, 246394, 0, 0
38801, 319589, 0, 0
39052, 222908, 0, 0
39306, 201808, 0, 0
39559, 223705, 0, 0
39823, 202960, 0, 0
40076, 317904, 0, 0
40337, 183282, 0, 0
40601, 259887, 0, 0
40854, 267257, 0, 0
41109, 216815, 0, 0
41361, 269067, 0, 0
41617, 292254, 0, 0
41871, 216207, 0, 0
42126, 151873, 0, 0
42376, 190268, 0, 0
42655, 163159, 0, 0
42905, 258831, 0, 0
43172, 393303, 0, 0
43422, 210981, 0, 0
43681, 227219, 0, 0
43935, 257516, 0, 0
44189, 239943, 0, 0
44451, 225614, 0, 0
44709, 234999, 0, 0
44959, 164066, 0, 0
45212, 231187, 0, 0
45468, 143343, 0, 0
45720, 135143, 0, 0
45971, 354945, 0, 0
46250, 215364, 0, 0
46505, 247108, 0, 0
46784, 315619, 0, 0
47034, 294773, 0, 0
47284, 248415, 0, 0
47545, 256805, 0, 0
47808, 273790, 0, 0
48067, 176377, 0, 0
48329, 325139, 0, 0
48591, 269781, 0, 0
48858, 203816, 0, 0
49113, 229570, 0, 0
49363, 288439, 0, 0
49616, 266834, 0, 0
49873, 259720, 0, 0
50126, 227729, 0, 0
50391, 178385, 0, 0
50663, 270994, 0, 0
50914, 277267, 0, 0
51165, 238068, 0, 0
51417, 177635, 0, 0
51669, 166675, 0, 0
51940, 247541, 0, 0
52191, 184888, 0, 0
52443, 118980, 0, 0
52705, 212312, 0, 0
52965, 408080, 0, 0
53216, 312753, 0, 0
53466, 289643, 0, 0
53718, 264223, 0, 0
53977, 176684, 0, 0
54230, 266587, 0, 0
54480, 246626, 0, 0
54731, 241508, 0, 0
54987, 206332, 0, 0
55239, 245718, 0, 0
55491, 193463, 0, 0
55743, 182854, 0, 0
55995, 123413, 0, 0
56246, 252645, 0, 0
56500, 359841, 0, 0
56753, 270543, 0, 0
57015, 270669, 0, 0
57281, 216119, 0, 0
57549, 157707, 0, 0
57806, 186487, 0, 0
58056, 294307, 0, 0
58317, 261361, 0, 0
58579, 204704, 0, 0
58832, 213819, 0, 0
59099, 226760, 0, 0
59353, 220717, 0, 0
59610, 228128, 0, 0
59874, 326918, 0, 0
60252, 357791, 0, 0
60252, 601621, 0, 0
