6540, 6538019, 0, 0
6543, 1985, 0, 0
6544, 1956, 0, 0
6547, 2028, 0, 0
6548, 1707, 0, 0
6550, 1729, 0, 0
6552, 1712, 0, 0
6553, 1708, 0, 0
6555, 1893, 0, 0
6557, 1737, 0, 0
6559, 1778, 0, 0
6561, 1668, 0, 0
6562, 1707, 0, 0
6564, 1628, 0, 0
6565, 1575, 0, 0
6567, 1838, 0, 0
6569, 1666, 0, 0
6571, 1845, 0, 0
6573, 1692, 0, 0
6574, 1566, 0, 0
6576, 1650, 0, 0
6577, 1676, 0, 0
6579, 1714, 0, 0
6581, 1681, 0, 0
6583, 1655, 0, 0
6584, 1793, 0, 0
6751, 1513, 0, 0
7001, 1521, 0, 0
7250, 1511, 0, 0
7501, 1516, 0, 0
7750, 1476, 0, 0
8000, 1471, 0, 0
8250, 1631, 0, 0
8500, 1729, 0, 0
8750, 1446, 0, 0
9000, 1455, 0, 0
9251, 1485, 0, 0
9500, 1494, 0, 0
9754, 1776, 0, 0
10000, 1563, 0, 0
10251, 1596, 0, 0
10501, 2360, 0, 0
10751, 1810, 0, 0
11000, 1702, 0, 0
11251, 1769, 0, 0
11500, 1464, 0, 0
11751, 1524, 0, 0
12000, 1601, 0, 0
12250, 1930, 0, 0
12501, 1680, 0, 0
12751, 1618, 0, 0
13000, 1626, 0, 0
13250, 1576, 0, 0
13500, 1431, 0, 0
13750, 1403, 0, 0
14001, 1445, 0, 0
14251, 1503, 0, 0
14501, 1475, 0, 0
14750, 1492, 0, 0
15000, 1503, 0, 0
15251, 1506, 0, 0
15500, 1374, 0, 0
15751, 1361, 0, 0
16001, 1482, 0, 0
16251, 1712, 0, 0
16501, 1661, 0, 0
16750, 1679, 0, 0
17001, 1860, 0, 0
17250, 1623, 0, 0
17501, 1615, 0, 0
17751, 1632, 0, 0
18001, 1788, 0, 0
18250, 1554, 0, 0
18501, 1559, 0, 0
18751, 1583, 0, 0
19000, 1589, 0, 0
19251, 1483, 0, 0
19500, 1478, 0, 0
19750, 2012, 0, 0
20000, 1568, 0, 0
20251, 1972, 0, 0
20500, 1779, 0, 0
20750, 1499, 0, 0
21000, 1447, 0, 0
21250, 1551, 0, 0
21500, 1503, 0, 0
21750, 1438, 0, 0
22001, 1386, 0, 0
22250, 1450, 0, 0
22500, 1528, 0, 0
22750, 1419, 0, 0
23001, 1988, 0, 0
23250, 1777, 0, 0
23500, 1556, 0, 0
23751, 1592, 0, 0
24000, 1920, 0, 0
24250, 1742, 0, 0
24502, 1532, 0, 0
24750, 1569, 0, 0
25001, 1385, 0, 0
25250, 1487, 0, 0
25500, 1459, 0, 0
25750, 1508, 0, 0
26001, 1575, 0, 0
26250, 1403, 0, 0
26501, 1489, 0, 0
26750, 1487, 0, 0
27000, 1421, 0, 0
27251, 1502, 0, 0
27500, 1474, 0, 0
27750, 1757, 0, 0
28000, 1787, 0, 0
28251, 1624, 0, 0
28500, 1469, 0, 0
28751, 1750, 0, 0
29001, 1712, 0, 0
29251, 1588, 0, 0
29500, 1581, 0, 0
29750, 1499, 0, 0
30001, 1730, 0, 0
30251, 1567, 0, 0
30501, 1578, 0, 0
30750, 1701, 0, 0
31010, 1607, 0, 0
31250, 1567, 0, 0
31500, 1414, 0, 0
31750, 1513, 0, 0
32000, 1752, 0, 0
32250, 1533, 0, 0
32500, 1482, 0, 0
32751, 1882, 0, 0
33001, 1600, 0, 0
33250, 1698, 0, 0
33742, 3452, 0, 0
33752, 9923, 0, 0
34004, 2146, 0, 0
34251, 1696, 0, 0
34501, 1587, 0, 0
34750, 1903, 0, 0
35000, 1620, 0, 0
35250, 1539, 0, 0
35501, 1804, 0, 0
35750, 1735, 0, 0
36000, 1631, 0, 0
36250, 1572, 0, 0
36501, 1657, 0, 0
36751, 1668, 0, 0
37001, 1715, 0, 0
37251, 1661, 0, 0
37500, 1637, 0, 0
37750, 1663, 0, 0
38000, 1499, 0, 0
38251, 2126, 0, 0
38500, 1800, 0, 0
38751, 2290, 0, 0
39000, 1898, 0, 0
39250, 1825, 0, 0
39500, 1661, 0, 0
39750, 1536, 0, 0
40000, 1876, 0, 0
40250, 1618, 0, 0
40500, 1510, 0, 0
40751, 1523, 0, 0
41001, 1464, 0, 0
41252, 1637, 0, 0
41500, 1545, 0, 0
41755, 1588, 0, 0
42000, 1442, 0, 0
42251, 1443, 0, 0
42501, 1581, 0, 0
42751, 1683, 0, 0
43001, 1499, 0, 0
43250, 1594, 0, 0
43500, 1629, 0, 0
43750, 1833, 0, 0
44001, 1951, 0, 0
44251, 1783, 0, 0
44500, 1758, 0, 0
44751, 1625, 0, 0
45001, 1528, 0, 0
45250, 1557, 0, 0
45500, 1876, 0, 0
45751, 1747, 0, 0
46001, 1708, 0, 0
46250, 1666, 0, 0
46501, 1676, 0, 0
46750, 1835, 0, 0
47002, 2031, 0, 0
47250, 2237, 0, 0
47500, 1411, 0, 0
47750, 1501, 0, 0
48000, 1546, 0, 0
48250, 1640, 0, 0
48500, 2226, 0, 0
48750, 1999, 0, 0
49000, 1518, 0, 0
49250, 1482, 0, 0
49500, 1400, 0, 0
49750, 1537, 0, 0
50000, 1301, 0, 0
50250, 1365, 0, 0
50500, 1367, 0, 0
50750, 1286, 0, 0
51000, 1398, 0, 0
51251, 1467, 0, 0
51501, 1482, 0, 0
51750, 1414, 0, 0
52000, 1597, 0, 0
52250, 1390, 0, 0
52501, 1424, 0, 0
52755, 2063, 0, 0
53000, 1538, 0, 0
53251, 1357, 0, 0
53500, 1446, 0, 0
53751, 1493, 0, 0
54001, 1616, 0, 0
54250, 1493, 0, 0
54500, 1575, 0, 0
54751, 1658, 0, 0
55001, 1645, 0, 0
55250, 1569, 0, 0
55501, 1713, 0, 0
55751, 1731, 0, 0
56001, 1754, 0, 0
56251, 1807, 0, 0
56500, 1612, 0, 0
56750, 1648, 0, 0
57001, 1647, 0, 0
57251, 1739, 0, 0
57500, 1581, 0, 0
57750, 1533, 0, 0
58000, 1741, 0, 0
58250, 1609, 0, 0
58501, 1498, 0, 0
58750, 1727, 0, 0
59000, 1588, 0, 0
59250, 1632, 0, 0
59500, 1745, 0, 0
59750, 1458, 0, 0
60001, 1842, 0, 0
251, 2634, 0, 0
501, 2403, 0, 0
750, 2532, 0, 0
1000, 2412, 0, 0
1250, 2365, 0, 0
1500, 2508, 0, 0
1752, 2581, 0, 0
2001, 2747, 0, 0
2251, 2408, 0, 0
2502, 2521, 0, 0
2751, 3026, 0, 0
3001, 2481, 0, 0
3252, 2439, 0, 0
3502, 2705, 0, 0
3750, 2422, 0, 0
4000, 2338, 0, 0
4251, 2328, 0, 0
4501, 2301, 0, 0
4751, 2262, 0, 0
5000, 2310, 0, 0
5250, 2646, 0, 0
5502, 2358, 0, 0
5751, 2266, 0, 0
6001, 2217, 0, 0
6251, 2302, 0, 0
6501, 2321, 0, 0
6750, 2524, 0, 0
7000, 2417, 0, 0
7250, 2346, 0, 0
7500, 2389, 0, 0
7750, 2409, 0, 0
8001, 2264, 0, 0
8250, 2255, 0, 0
8501, 2373, 0, 0
8750, 2431, 0, 0
9000, 2458, 0, 0
9252, 2477, 0, 0
9502, 2435, 0, 0
9752, 2433, 0, 0
10002, 2364, 0, 0
10251, 2642, 0, 0
10501, 2429, 0, 0
10751, 2389, 0, 0
11001, 2487, 0, 0
11251, 2237, 0, 0
11500, 2308, 0, 0
11750, 2303, 0, 0
12000, 2385, 0, 0
12250, 2390, 0, 0
12500, 2462, 0, 0
12750, 2387, 0, 0
13001, 2401, 0, 0
13250, 2396, 0, 0
13501, 2379, 0, 0
13751, 2557, 0, 0
14000, 2385, 0, 0
14251, 2395, 0, 0
14501, 2343, 0, 0
14752, 2188, 0, 0
15002, 2436, 0, 0
15251, 2294, 0, 0
15501, 2347, 0, 0
15751, 2216, 0, 0
16001, 2427, 0, 0
16250, 2228, 0, 0
16502, 2174, 0, 0
16750, 2299, 0, 0
17001, 2451, 0, 0
17251, 2301, 0, 0
17501, 2609, 0, 0
17750, 2319, 0, 0
18001, 2492, 0, 0
18257, 2371, 0, 0
18501, 2223, 0, 0
18752, 2742, 0, 0
19000, 2285, 0, 0
19252, 2552, 0, 0
19502, 2643, 0, 0
19751, 2311, 0, 0
20000, 2405, 0, 0
20251, 2442, 0, 0
20501, 2345, 0, 0
20751, 2274, 0, 0
21001, 2366, 0, 0
21251, 2266, 0, 0
21501, 2233, 0, 0
21751, 2242, 0, 0
22001, 2723, 0, 0
22251, 2244, 0, 0
22500, 2167, 0, 0
22751, 2147, 0, 0
23001, 2203, 0, 0
23252, 2321, 0, 0
23501, 2174, 0, 0
23752, 2331, 0, 0
24000, 2676, 0, 0
24252, 2340, 0, 0
24500, 2718, 0, 0
24751, 2571, 0, 0
25001, 2480, 0, 0
25250, 2696, 0, 0
25515, 2858, 0, 0
25751, 2501, 0, 0
26001, 2321, 0, 0
26252, 2302, 0, 0
26500, 2465, 0, 0
26751, 2525, 0, 0
27000, 2783, 0, 0
27250, 2367, 0, 0
27501, 2398, 0, 0
27752, 2282, 0, 0
28000, 2306, 0, 0
28251, 2399, 0, 0
28500, 2332, 0, 0
28751, 2308, 0, 0
29002, 2420, 0, 0
29250, 2266, 0, 0
29500, 2295, 0, 0
29759, 2532, 0, 0
30001, 2198, 0, 0
30251, 2276, 0, 0
30502, 2188, 0, 0
30751, 2423, 0, 0
31000, 2184, 0, 0
31251, 2185, 0, 0
31500, 2343, 0, 0
31750, 2402, 0, 0
32001, 2402, 0, 0
32251, 2417, 0, 0
32501, 2321, 0, 0
32750, 2351, 0, 0
33001, 2271, 0, 0
33252, 2328, 0, 0
33500, 2347, 0, 0
33750, 2438, 0, 0
34001, 2268, 0, 0
34250, 2227, 0, 0
34501, 2470, 0, 0
34750, 2288, 0, 0
35001, 2227, 0, 0
35251, 2326, 0, 0
35502, 2303, 0, 0
35750, 2375, 0, 0
36001, 2392, 0, 0
36251, 2346, 0, 0
36501, 2369, 0, 0
36751, 2236, 0, 0
37001, 2417, 0, 0
37252, 2284, 0, 0
37502, 2343, 0, 0
37751, 2384, 0, 0
38001, 2644, 0, 0
38250, 2692, 0, 0
38501, 2371, 0, 0
38750, 2406, 0, 0
39001, 2493, 0, 0
39250, 2254, 0, 0
39500, 2562, 0, 0
39750, 2477, 0, 0
40000, 2371, 0, 0
40250, 2343, 0, 0
40500, 2403, 0, 0
40752, 2297, 0, 0
41001, 2294, 0, 0
41250, 2252, 0, 0
41502, 2452, 0, 0
41751, 2424, 0, 0
42000, 2449, 0, 0
42250, 2393, 0, 0
42501, 2307, 0, 0
42751, 2275, 0, 0
43000, 2257, 0, 0
43251, 2371, 0, 0
43502, 2373, 0, 0
43752, 2390, 0, 0
44002, 2342, 0, 0
44250, 2602, 0, 0
44501, 2598, 0, 0
44750, 2184, 0, 0
45000, 2184, 0, 0
45251, 2240, 0, 0
45501, 2365, 0, 0
45751, 2734, 0, 0
46001, 2485, 0, 0
46251, 2416, 0, 0
46505, 2801, 0, 0
46751, 2405, 0, 0
47000, 2475, 0, 0
47252, 2378, 0, 0
47501, 2270, 0, 0
47750, 2754, 0, 0
48000, 2760, 0, 0
48250, 2263, 0, 0
48501, 2393, 0, 0
48751, 2259, 0, 0
49000, 2316, 0, 0
49252, 2426, 0, 0
49502, 2341, 0, 0
49752, 2216, 0, 0
50000, 2302, 0, 0
50250, 2267, 0, 0
50501, 2330, 0, 0
50751, 2482, 0, 0
51001, 2240, 0, 0
51251, 2296, 0, 0
51501, 2148, 0, 0
51750, 2449, 0, 0
52000, 2532, 0, 0
52251, 2514, 0, 0
52501, 2493, 0, 0
52751, 2360, 0, 0
53000, 2174, 0, 0
53252, 2248, 0, 0
53500, 2494, 0, 0
53751, 2711, 0, 0
54002, 2493, 0, 0
54250, 2710, 0, 0
54501, 2166, 0, 0
54750, 2158, 0, 0
55000, 2250, 0, 0
55251, 2190, 0, 0
55502, 2348, 0, 0
55751, 2236, 0, 0
56009, 3204, 0, 0
56251, 2313, 0, 0
56500, 2552, 0, 0
56750, 2731, 0, 0
57000, 2315, 0, 0
57250, 2215, 0, 0
57500, 2370, 0, 0
57751, 2148, 0, 0
58001, 2493, 0, 0
58250, 2227, 0, 0
58501, 2135, 0, 0
58750, 2554, 0, 0
59000, 2640, 0, 0
59251, 2495, 0, 0
59500, 2360, 0, 0
59750, 2414, 0, 0
60001, 2209, 0, 0
