369, 365703, 0, 0
501, 360157, 0, 0
751, 353540, 0, 0
1027, 330624, 0, 0
1260, 396550, 0, 0
1507, 421595, 0, 0
1761, 440733, 0, 0
2000, 404965, 0, 0
2262, 328825, 0, 0
2500, 358977, 0, 0
2764, 363403, 0, 0
3018, 389853, 0, 0
3250, 455096, 0, 0
3514, 501537, 0, 0
3761, 484955, 0, 0
4007, 427529, 0, 0
4250, 384849, 0, 0
4509, 412564, 0, 0
4762, 507007, 0, 0
5010, 516794, 0, 0
5258, 508581, 0, 0
5511, 504000, 0, 0
5774, 447520, 0, 0
6008, 452118, 0, 0
6259, 439105, 0, 0
6531, 478349, 0, 0
6781, 490445, 0, 0
7036, 483818, 0, 0
7258, 556774, 0, 0
7509, 481517, 0, 0
7760, 374139, 0, 0
8001, 414910, 0, 0
8291, 436684, 0, 0
8502, 435681, 0, 0
8750, 469418, 0, 0
9021, 495807, 0, 0
9250, 482801, 0, 0
9514, 441828, 0, 0
9757, 453540, 0, 0
10010, 443956, 0, 0
10263, 424238, 0, 0
10511, 417340, 0, 0
10754, 435611, 0, 0
11010, 468849, 0, 0
11258, 547818, 0, 0
11501, 574557, 0, 0
11773, 474778, 0, 0
12007, 480206, 0, 0
12253, 464189, 0, 0
12507, 472850, 0, 0
12757, 479393, 0, 0
13002, 469910, 0, 0
13273, 514602, 0, 0
13523, 549697, 0, 0
13760, 459210, 0, 0
14008, 429768, 0, 0
14259, 464220, 0, 0
14500, 438229, 0, 0
14756, 483642, 0, 0
15010, 490079, 0, 0
15257, 441589, 0, 0
15529, 437562, 0, 0
15759, 447742, 0, 0
16016, 446562, 0, 0
16250, 444008, 0, 0
16501, 477605, 0, 0
16758, 485088, 0, 0
17010, 434569, 0, 0
17262, 498380, 0, 0
17507, 589044, 0, 0
17750, 532512, 0, 0
18006, 443837, 0, 0
18255, 506353, 0, 0
18502, 571645, 0, 0
18758, 491474, 0, 0
19009, 452565, 0, 0
19256, 447401, 0, 0
19502, 400117, 0, 0
19750, 398567, 0, 0
20016, 417630, 0, 0
20265, 420297, 0, 0
20503, 415575, 0, 0
20750, 481873, 0, 0
21008, 509818, 0, 0
21250, 433420, 0, 0
21505, 395883, 0, 0
21751, 468615, 0, 0
22007, 475963, 0, 0
22270, 473732, 0, 0
22503, 462328, 0, 0
22763, 494130, 0, 0
23008, 532532, 0, 0
23253, 511325, 0, 0
23503, 463307, 0, 0
23759, 442942, 0, 0
24001, 447770, 0, 0
24257, 452985, 0, 0
24505, 509333, 0, 0
24780, 507399, 0, 0
25030, 451769, 0, 0
25258, 406876, 0, 0
25505, 438238, 0, 0
25759, 502171, 0, 0
26027, 534128, 0, 0
26254, 490196, 0, 0
26522, 433434, 0, 0
26753, 470023, 0, 0
27011, 483059, 0, 0
27250, 450308, 0, 0
27503, 492656, 0, 0
27759, 549199, 0, 0
28003, 524600, 0, 0
28257, 438558, 0, 0
28505, 432329, 0, 0
28756, 428049, 0, 0
29019, 440589, 0, 0
29260, 496625, 0, 0
29510, 501150, 0, 0
29764, 441831, 0, 0
30000, 422951, 0, 0
30258, 428790, 0, 0
30510, 402820, 0, 0
30752, 421127, 0, 0
31006, 447734, 0, 0
31252, 450132, 0, 0
31505, 471220, 0, 0
31759, 471052, 0, 0
32031, 434792, 0, 0
32267, 451115, 0, 0
32508, 455528, 0, 0
32757, 437400, 0, 0
33005, 410648, 0, 0
33253, 412657, 0, 0
33514, 454561, 0, 0
33777, 449728, 0, 0
34000, 474631, 0, 0
34254, 470154, 0, 0
34510, 464485, 0, 0
34761, 575200, 0, 0
35007, 505390, 0, 0
35251, 433640, 0, 0
35504, 484840, 0, 0
35753, 487773, 0, 0
36004, 451276, 0, 0
36264, 486492, 0, 0
36509, 472257, 0, 0
36752, 437579, 0, 0
37000, 449798, 0, 0
37256, 495475, 0, 0
37514, 527577, 0, 0
37751, 517290, 0, 0
38005, 583273, 0, 0
38260, 589826, 0, 0
38510, 521151, 0, 0
38771, 478551, 0, 0
39002, 441168, 0, 0
39251, 397392, 0, 0
39509, 418823, 0, 0
39759, 434333, 0, 0
40008, 482614, 0, 0
40280, 543600, 0, 0
40502, 573626, 0, 0
40764, 518679, 0, 0
41008, 486823, 0, 0
41266, 499259, 0, 0
41525, 514962, 0, 0
41750, 583395, 0, 0
42001, 539487, 0, 0
42253, 421287, 0, 0
42519, 443705, 0, 0
42764, 468388, 0, 0
43000, 454200, 0, 0
43254, 484670, 0, 0
43509, 483474, 0, 0
43759, 483239, 0, 0
44004, 477339, 0, 0
44258, 494324, 0, 0
44504, 516189, 0, 0
44762, 482656, 0, 0
45005, 514455, 0, 0
45280, 500912, 0, 0
45500, 446719, 0, 0
45783, 451410, 0, 0
46008, 448218, 0, 0
46275, 415172, 0, 0
46504, 442597, 0, 0
46765, 443029, 0, 0
47001, 461644, 0, 0
47264, 437239, 0, 0
47518, 420640, 0, 0
47775, 420668, 0, 0
48001, 439031, 0, 0
48265, 465430, 0, 0
48500, 479899, 0, 0
48769, 485245, 0, 0
49017, 526238, 0, 0
49266, 454236, 0, 0
49507, 362422, 0, 0
49763, 431010, 0, 0
50011, 479714, 0, 0
50267, 504170, 0, 0
50505, 550058, 0, 0
50758, 560631, 0, 0
51001, 517247, 0, 0
51254, 455000, 0, 0
51520, 404075, 0, 0
51755, 425142, 0, 0
52021, 438182, 0, 0
52271, 462482, 0, 0
52512, 452419, 0, 0
52785, 384224, 0, 0
53002, 442250, 0, 0
53254, 444190, 0, 0
53508, 420510, 0, 0
53764, 461440, 0, 0
54010, 400452, 0, 0
54258, 383977, 0, 0
54502, 472207, 0, 0
54753, 458079, 0, 0
55008, 437622, 0, 0
55278, 428879, 0, 0
55510, 474953, 0, 0
55761, 585529, 0, 0
56004, 618494, 0, 0
56251, 543957, 0, 0
56506, 477569, 0, 0
56755, 473388, 0, 0
57001, 500372, 0, 0
57257, 437318, 0, 0
57517, 422489, 0, 0
57752, 457074, 0, 0
58006, 442254, 0, 0
58276, 456846, 0, 0
58523, 555213, 0, 0
58752, 583440, 0, 0
59008, 668303, 0, 0
59265, 672303, 0, 0
59507, 696238, 0, 0
59752, 648307, 0, 0
60003, 701991, 0, 0
60003, 262367, 0, 0
351, 348289, 0, 0
505, 347021, 0, 0
752, 373415, 0, 0
1010, 427227, 0, 0
1262, 377567, 0, 0
1511, 372282, 0, 0
1768, 411335, 0, 0
2006, 323937, 0, 0
2261, 363277, 0, 0
2502, 426779, 0, 0
2770, 337643, 0, 0
3001, 328807, 0, 0
3267, 356296, 0, 0
3506, 471202, 0, 0
3758, 536229, 0, 0
4023, 488211, 0, 0
4266, 466123, 0, 0
4508, 494002, 0, 0
4766, 488023, 0, 0
5000, 457928, 0, 0
5252, 481085, 0, 0
5521, 495433, 0, 0
5767, 535649, 0, 0
6005, 527111, 0, 0
6269, 536473, 0, 0
6503, 537749, 0, 0
6751, 489086, 0, 0
7005, 480721, 0, 0
7268, 458057, 0, 0
7516, 389322, 0, 0
7755, 407963, 0, 0
8011, 471798, 0, 0
8269, 456229, 0, 0
8502, 463850, 0, 0
8777, 463386, 0, 0
9005, 468184, 0, 0
9250, 531324, 0, 0
9501, 513299, 0, 0
9752, 485044, 0, 0
10002, 503360, 0, 0
10256, 541291, 0, 0
10504, 531017, 0, 0
10767, 444111, 0, 0
11010, 452388, 0, 0
11261, 473767, 0, 0
11538, 477539, 0, 0
11786, 459323, 0, 0
12035, 464758, 0, 0
12280, 479141, 0, 0
12501, 475981, 0, 0
12752, 439517, 0, 0
13007, 459575, 0, 0
13258, 511505, 0, 0
13503, 499723, 0, 0
13772, 458457, 0, 0
14013, 440739, 0, 0
14258, 439721, 0, 0
14521, 465354, 0, 0
14751, 468465, 0, 0
15002, 445404, 0, 0
15250, 468049, 0, 0
15502, 541406, 0, 0
15769, 591065, 0, 0
16035, 462784, 0, 0
16271, 443897, 0, 0
16506, 432135, 0, 0
16750, 420640, 0, 0
17013, 458424, 0, 0
17254, 511409, 0, 0
17508, 416365, 0, 0
17754, 394528, 0, 0
18001, 447927, 0, 0
18272, 523538, 0, 0
18505, 562092, 0, 0
18758, 521797, 0, 0
19003, 509748, 0, 0
19252, 542567, 0, 0
19507, 496080, 0, 0
19758, 464774, 0, 0
20010, 500734, 0, 0
20256, 436650, 0, 0
20512, 426069, 0, 0
20754, 458199, 0, 0
21004, 472537, 0, 0
21257, 484319, 0, 0
21501, 427624, 0, 0
21752, 427950, 0, 0
22002, 469694, 0, 0
22261, 471635, 0, 0
22502, 437515, 0, 0
22754, 498156, 0, 0
23007, 536649, 0, 0
23256, 445730, 0, 0
23505, 416565, 0, 0
23756, 458622, 0, 0
24011, 488546, 0, 0
24255, 465110, 0, 0
24510, 505469, 0, 0
24751, 540838, 0, 0
25011, 501139, 0, 0
25255, 459085, 0, 0
25508, 498319, 0, 0
25754, 515583, 0, 0
26018, 476674, 0, 0
26266, 444895, 0, 0
26503, 457737, 0, 0
26755, 456137, 0, 0
27030, 541616, 0, 0
27257, 612361, 0, 0
27505, 561997, 0, 0
27765, 445239, 0, 0
28006, 418500, 0, 0
28268, 459200, 0, 0
28504, 502744, 0, 0
28759, 505403, 0, 0
29008, 419505, 0, 0
29256, 417962, 0, 0
29511, 468537, 0, 0
29755, 483847, 0, 0
30044, 515272, 0, 0
30279, 567991, 0, 0
30500, 559309, 0, 0
30772, 508390, 0, 0
31013, 506517, 0, 0
31252, 475731, 0, 0
31508, 416873, 0, 0
31753, 446143, 0, 0
32006, 493799, 0, 0
32255, 496456, 0, 0
32501, 446822, 0, 0
32774, 490223, 0, 0
33000, 511028, 0, 0
33250, 471734, 0, 0
33500, 442001, 0, 0
33758, 421198, 0, 0
34007, 470432, 0, 0
34253, 548166, 0, 0
34501, 502838, 0, 0
34755, 422203, 0, 0
35007, 448248, 0, 0
35254, 463895, 0, 0
35501, 525400, 0, 0
35776, 608065, 0, 0
36004, 560233, 0, 0
36254, 459098, 0, 0
36500, 403874, 0, 0
36756, 428879, 0, 0
37003, 462134, 0, 0
37259, 524304, 0, 0
37505, 553728, 0, 0
37768, 517548, 0, 0
38010, 548775, 0, 0
38252, 592582, 0, 0
38513, 527956, 0, 0
38756, 470230, 0, 0
39011, 435044, 0, 0
39250, 435195, 0, 0
39504, 482446, 0, 0
39759, 475581, 0, 0
40009, 478789, 0, 0
40264, 469818, 0, 0
40504, 428666, 0, 0
40754, 349713, 0, 0
41002, 412468, 0, 0
41260, 462736, 0, 0
41536, 480112, 0, 0
41758, 542869, 0, 0
42007, 551953, 0, 0
42256, 519276, 0, 0
42508, 504026, 0, 0
42750, 481951, 0, 0
43009, 443186, 0, 0
43270, 437326, 0, 0
43514, 452476, 0, 0
43783, 444344, 0, 0
44010, 420021, 0, 0
44256, 433201, 0, 0
44500, 419295, 0, 0
44757, 445512, 0, 0
45003, 498115, 0, 0
45270, 432396, 0, 0
45507, 373062, 0, 0
45765, 419203, 0, 0
46010, 490600, 0, 0
46253, 452628, 0, 0
46515, 466426, 0, 0
46754, 480207, 0, 0
47011, 489227, 0, 0
47251, 506661, 0, 0
47506, 471771, 0, 0
47752, 534529, 0, 0
48003, 507696, 0, 0
48268, 450380, 0, 0
48502, 467539, 0, 0
48751, 420527, 0, 0
49009, 449861, 0, 0
49270, 491610, 0, 0
49500, 517795, 0, 0
49757, 492450, 0, 0
50033, 465025, 0, 0
50276, 525336, 0, 0
50515, 580796, 0, 0
50766, 572443, 0, 0
51010, 557148, 0, 0
51281, 528420, 0, 0
51510, 519490, 0, 0
51751, 537619, 0, 0
52007, 509577, 0, 0
52256, 502372, 0, 0
52540, 518364, 0, 0
52756, 549029, 0, 0
53009, 538765, 0, 0
53258, 492095, 0, 0
53504, 486064, 0, 0
53760, 434923, 0, 0
54006, 455474, 0, 0
54255, 442949, 0, 0
54513, 408658, 0, 0
54763, 363318, 0, 0
55004, 365359, 0, 0
55266, 429118, 0, 0
55503, 544047, 0, 0
55755, 613847, 0, 0
56015, 580441, 0, 0
56258, 513071, 0, 0
56502, 529654, 0, 0
56773, 530511, 0, 0
57004, 534258, 0, 0
57270, 514637, 0, 0
57509, 484233, 0, 0
57750, 478049, 0, 0
58017, 436956, 0, 0
58251, 457042, 0, 0
58502, 504799, 0, 0
58752, 499374, 0, 0
59012, 526897, 0, 0
59280, 538603, 0, 0
59501, 461595, 0, 0
59755, 456383, 0, 0
60007, 482687, 0, 0
60007, 247812, 0, 0
466, 463546, 0, 0
504, 468430, 0, 0
756, 483971, 0, 0
1001, 463416, 0, 0
1255, 449852, 0, 0
1504, 442968, 0, 0
1756, 433983, 0, 0
2008, 425319, 0, 0
2270, 364092, 0, 0
2502, 391048, 0, 0
2757, 385900, 0, 0
3003, 399589, 0, 0
3256, 405039, 0, 0
3506, 355457, 0, 0
3762, 372967, 0, 0
4005, 441177, 0, 0
4255, 559978, 0, 0
4501, 627889, 0, 0
4752, 598758, 0, 0
5000, 578704, 0, 0
5285, 477460, 0, 0
5507, 413101, 0, 0
5756, 437234, 0, 0
6021, 465456, 0, 0
6254, 513827, 0, 0
6512, 493099, 0, 0
6755, 465130, 0, 0
7045, 553145, 0, 0
7253, 587792, 0, 0
7507, 545966, 0, 0
7750, 516390, 0, 0
8007, 509309, 0, 0
8261, 440022, 0, 0
8509, 465733, 0, 0
8762, 472265, 0, 0
9009, 479213, 0, 0
9259, 530281, 0, 0
9520, 534271, 0, 0
9751, 543712, 0, 0
10015, 546746, 0, 0
10281, 520829, 0, 0
10500, 482339, 0, 0
10751, 492400, 0, 0
11003, 400323, 0, 0
11253, 395040, 0, 0
11500, 451157, 0, 0
11759, 458233, 0, 0
12009, 495062, 0, 0
12250, 559835, 0, 0
12506, 538211, 0, 0
12764, 478551, 0, 0
13012, 513269, 0, 0
13266, 556355, 0, 0
13503, 570773, 0, 0
13756, 567866, 0, 0
14004, 527584, 0, 0
14271, 469206, 0, 0
14502, 432918, 0, 0
14764, 387919, 0, 0
15004, 384909, 0, 0
15253, 445315, 0, 0
15511, 484390, 0, 0
15766, 534460, 0, 0
16000, 556140, 0, 0
16258, 548422, 0, 0
16502, 522112, 0, 0
16760, 474648, 0, 0
17004, 490470, 0, 0
17269, 555290, 0, 0
17513, 528126, 0, 0
17755, 472910, 0, 0
18014, 475471, 0, 0
18250, 512655, 0, 0
18525, 493362, 0, 0
18751, 466508, 0, 0
19016, 515742, 0, 0
19252, 505321, 0, 0
19518, 447202, 0, 0
19763, 436193, 0, 0
20007, 475491, 0, 0
20294, 497764, 0, 0
20557, 537252, 0, 0
20760, 552431, 0, 0
21005, 510255, 0, 0
21259, 480335, 0, 0
21501, 437411, 0, 0
21758, 425066, 0, 0
22017, 491514, 0, 0
22258, 551011, 0, 0
22506, 521705, 0, 0
22751, 501346, 0, 0
23029, 524410, 0, 0
23256, 485182, 0, 0
23506, 454854, 0, 0
23750, 459439, 0, 0
24015, 473624, 0, 0
24265, 510528, 0, 0
24514, 525810, 0, 0
24757, 490195, 0, 0
25020, 494921, 0, 0
25283, 572668, 0, 0
25502, 609316, 0, 0
25758, 579550, 0, 0
26008, 543244, 0, 0
26259, 535772, 0, 0
26515, 547681, 0, 0
26772, 499169, 0, 0
27001, 470130, 0, 0
27267, 463657, 0, 0
27518, 473197, 0, 0
27755, 513851, 0, 0
28016, 490099, 0, 0
28268, 485385, 0, 0
28515, 470802, 0, 0
28759, 443265, 0, 0
29004, 452356, 0, 0
29256, 487065, 0, 0
29500, 503223, 0, 0
29758, 409933, 0, 0
30016, 408524, 0, 0
30251, 495941, 0, 0
30506, 550209, 0, 0
30762, 528080, 0, 0
31009, 510731, 0, 0
31255, 515973, 0, 0
31511, 493914, 0, 0
31750, 509025, 0, 0
32002, 587458, 0, 0
32260, 582877, 0, 0
32532, 511709, 0, 0
32762, 523050, 0, 0
33010, 528056, 0, 0
33256, 482817, 0, 0
33509, 465774, 0, 0
33754, 465422, 0, 0
34001, 515899, 0, 0
34261, 542473, 0, 0
34501, 497587, 0, 0
34765, 476238, 0, 0
35013, 455344, 0, 0
35261, 424057, 0, 0
35510, 478530, 0, 0
35770, 554560, 0, 0
36017, 619668, 0, 0
36261, 620868, 0, 0
36511, 533813, 0, 0
36765, 473475, 0, 0
37011, 471740, 0, 0
37252, 486436, 0, 0
37502, 495349, 0, 0
37762, 532737, 0, 0
38018, 584357, 0, 0
38264, 581672, 0, 0
38513, 549047, 0, 0
38754, 536732, 0, 0
39011, 486405, 0, 0
39255, 459315, 0, 0
39521, 469786, 0, 0
39751, 528150, 0, 0
40009, 505958, 0, 0
40254, 449857, 0, 0
40518, 482201, 0, 0
40753, 454272, 0, 0
41008, 432601, 0, 0
41271, 478618, 0, 0
41518, 517783, 0, 0
41778, 509049, 0, 0
42021, 524179, 0, 0
42257, 542649, 0, 0
42516, 502013, 0, 0
42758, 403130, 0, 0
43013, 439819, 0, 0
43260, 518936, 0, 0
43527, 506519, 0, 0
43764, 483063, 0, 0
44014, 497250, 0, 0
44273, 486849, 0, 0
44501, 483158, 0, 0
44761, 505596, 0, 0
45000, 516987, 0, 0
45260, 422462, 0, 0
45526, 444700, 0, 0
45755, 484624, 0, 0
46000, 404316, 0, 0
46262, 405973, 0, 0
46512, 443933, 0, 0
46755, 420955, 0, 0
47002, 456263, 0, 0
47261, 565107, 0, 0
47504, 554251, 0, 0
47756, 447413, 0, 0
48012, 429485, 0, 0
48254, 403819, 0, 0
48506, 457240, 0, 0
48781, 462850, 0, 0
49008, 548641, 0, 0
49257, 563023, 0, 0
49507, 409954, 0, 0
49751, 415604, 0, 0
50005, 540347, 0, 0
50256, 579325, 0, 0
50522, 562254, 0, 0
50777, 532498, 0, 0
51022, 559917, 0, 0
51256, 545636, 0, 0
51507, 465585, 0, 0
51768, 422360, 0, 0
52006, 436949, 0, 0
52255, 481416, 0, 0
52503, 476239, 0, 0
52751, 462162, 0, 0
53024, 487185, 0, 0
53261, 497882, 0, 0
53500, 514199, 0, 0
53751, 540338, 0, 0
54018, 520629, 0, 0
54261, 510277, 0, 0
54541, 486432, 0, 0
54755, 458609, 0, 0
55018, 497079, 0, 0
55259, 513762, 0, 0
55511, 535901, 0, 0
55752, 560467, 0, 0
56002, 548179, 0, 0
56251, 530522, 0, 0
56513, 533995, 0, 0
56753, 510025, 0, 0
57008, 491411, 0, 0
57259, 468551, 0, 0
57526, 516589, 0, 0
57763, 549400, 0, 0
58000, 570971, 0, 0
58256, 586657, 0, 0
58500, 605469, 0, 0
58756, 565888, 0, 0
59001, 483897, 0, 0
59254, 444693, 0, 0
59503, 490547, 0, 0
59763, 522298, 0, 0
60016, 543498, 0, 0
60017, 283488, 0, 0
364, 360065, 0, 0
510, 407065, 0, 0
760, 390362, 0, 0
1002, 347544, 0, 0
1251, 400655, 0, 0
1502, 427263, 0, 0
1753, 367720, 0, 0
2002, 313548, 0, 0
2254, 352589, 0, 0
2513, 439622, 0, 0
2759, 342085, 0, 0
3007, 307933, 0, 0
3256, 418623, 0, 0
3506, 438351, 0, 0
3756, 483632, 0, 0
4000, 520300, 0, 0
4259, 480288, 0, 0
4501, 449062, 0, 0
4754, 456263, 0, 0
5003, 483345, 0, 0
5269, 505897, 0, 0
5502, 491812, 0, 0
5763, 448872, 0, 0
6010, 414069, 0, 0
6254, 445496, 0, 0
6506, 479051, 0, 0
6763, 492494, 0, 0
7039, 594899, 0, 0
7263, 611385, 0, 0
7504, 464048, 0, 0
7758, 401470, 0, 0
8007, 434413, 0, 0
8252, 452379, 0, 0
8508, 477229, 0, 0
8752, 495378, 0, 0
9013, 468000, 0, 0
9257, 489459, 0, 0
9503, 494179, 0, 0
9761, 482929, 0, 0
10003, 425383, 0, 0
10291, 429123, 0, 0
10504, 482330, 0, 0
10757, 486931, 0, 0
11007, 432882, 0, 0
11266, 410607, 0, 0
11512, 466394, 0, 0
11755, 510266, 0, 0
12001, 481468, 0, 0
12257, 445421, 0, 0
12501, 448407, 0, 0
12784, 472437, 0, 0
13004, 519884, 0, 0
13251, 512435, 0, 0
13513, 566836, 0, 0
13751, 573210, 0, 0
14003, 419319, 0, 0
14252, 440807, 0, 0
14511, 466196, 0, 0
14757, 450813, 0, 0
15003, 455320, 0, 0
15259, 476252, 0, 0
15500, 499340, 0, 0
15751, 494105, 0, 0
16004, 475810, 0, 0
16281, 432799, 0, 0
16511, 437675, 0, 0
16763, 426970, 0, 0
17006, 453554, 0, 0
17258, 502470, 0, 0
17502, 398298, 0, 0
17765, 421170, 0, 0
18003, 422319, 0, 0
18267, 442944, 0, 0
18506, 452094, 0, 0
18768, 434058, 0, 0
19008, 479405, 0, 0
19258, 471048, 0, 0
19509, 439120, 0, 0
19760, 487935, 0, 0
20006, 503727, 0, 0
20275, 466672, 0, 0
20522, 521714, 0, 0
20756, 586889, 0, 0
21010, 596431, 0, 0
21255, 473788, 0, 0
21505, 397267, 0, 0
21764, 478127, 0, 0
22004, 565819, 0, 0
22253, 531593, 0, 0
22508, 441555, 0, 0
22782, 447120, 0, 0
23003, 487887, 0, 0
23259, 469299, 0, 0
23510, 459791, 0, 0
23752, 478688, 0, 0
24007, 452895, 0, 0
24260, 442372, 0, 0
24505, 459940, 0, 0
24762, 429987, 0, 0
25003, 434008, 0, 0
25265, 507816, 0, 0
25500, 548660, 0, 0
25764, 484479, 0, 0
26001, 443347, 0, 0
26251, 414428, 0, 0
26509, 400635, 0, 0
26760, 437025, 0, 0
27049, 490065, 0, 0
27269, 515027, 0, 0
27513, 493699, 0, 0
27754, 485771, 0, 0
28009, 499761, 0, 0
28257, 492526, 0, 0
28501, 454441, 0, 0
28755, 390988, 0, 0
29009, 376528, 0, 0
29264, 437143, 0, 0
29506, 463399, 0, 0
29764, 475053, 0, 0
30009, 496491, 0, 0
30253, 442753, 0, 0
30503, 409898, 0, 0
30752, 415338, 0, 0
31000, 431626, 0, 0
31254, 395424, 0, 0
31502, 424139, 0, 0
31761, 489168, 0, 0
32013, 550558, 0, 0
32263, 582318, 0, 0
32507, 496748, 0, 0
32751, 415177, 0, 0
33014, 412091, 0, 0
33253, 417822, 0, 0
33508, 436440, 0, 0
33764, 392172, 0, 0
34004, 418957, 0, 0
34270, 441457, 0, 0
34508, 447394, 0, 0
34774, 469554, 0, 0
35017, 462085, 0, 0
35256, 448955, 0, 0
35507, 450519, 0, 0
35761, 459124, 0, 0
36007, 514754, 0, 0
36253, 555598, 0, 0
36504, 473293, 0, 0
36752, 429663, 0, 0
37005, 443170, 0, 0
37252, 431347, 0, 0
37505, 446236, 0, 0
37758, 506002, 0, 0
38023, 521507, 0, 0
38252, 475266, 0, 0
38502, 455964, 0, 0
38764, 435777, 0, 0
39007, 462339, 0, 0
39255, 480940, 0, 0
39506, 460465, 0, 0
39756, 441493, 0, 0
40001, 449923, 0, 0
40254, 423197, 0, 0
40504, 453195, 0, 0
40756, 503933, 0, 0
41012, 489605, 0, 0
41255, 444746, 0, 0
41521, 426837, 0, 0
41757, 511127, 0, 0
42032, 485675, 0, 0
42251, 423859, 0, 0
42508, 492560, 0, 0
42770, 486598, 0, 0
43005, 466210, 0, 0
43255, 447718, 0, 0
43506, 420222, 0, 0
43756, 500164, 0, 0
44006, 522658, 0, 0
44250, 459718, 0, 0
44509, 434605, 0, 0
44778, 431923, 0, 0
45008, 456894, 0, 0
45252, 447028, 0, 0
45508, 394557, 0, 0
45760, 451367, 0, 0
46008, 477694, 0, 0
46253, 402022, 0, 0
46505, 438939, 0, 0
46753, 510424, 0, 0
47010, 559346, 0, 0
47262, 521129, 0, 0
47501, 490704, 0, 0
47765, 522048, 0, 0
48019, 529263, 0, 0
48258, 523627, 0, 0
48508, 506268, 0, 0
48759, 464362, 0, 0
49009, 422534, 0, 0
49258, 457242, 0, 0
49510, 445289, 0, 0
49756, 419692, 0, 0
50014, 380861, 0, 0
50295, 360228, 0, 0
50500, 386955, 0, 0
50750, 454229, 0, 0
51036, 423023, 0, 0
51252, 431509, 0, 0
51507, 447601, 0, 0
51758, 424755, 0, 0
52011, 432289, 0, 0
52261, 464633, 0, 0
52515, 475744, 0, 0
52761, 436094, 0, 0
53011, 445531, 0, 0
53254, 454977, 0, 0
53500, 481750, 0, 0
53759, 524542, 0, 0
54006, 496960, 0, 0
54275, 495870, 0, 0
54509, 492952, 0, 0
54774, 470642, 0, 0
55008, 481779, 0, 0
55254, 432561, 0, 0
55505, 437836, 0, 0
55767, 515462, 0, 0
56022, 552245, 0, 0
56255, 538677, 0, 0
56505, 521023, 0, 0
56763, 517583, 0, 0
57009, 463417, 0, 0
57253, 443717, 0, 0
57507, 494927, 0, 0
57757, 441068, 0, 0
58004, 415370, 0, 0
58268, 400232, 0, 0
58513, 398258, 0, 0
58757, 477964, 0, 0
59015, 598842, 0, 0
59250, 530468, 0, 0
59531, 374131, 0, 0
59761, 531620, 0, 0
60054, 625384, 0, 0
60054, 327001, 0, 0
812, 808946, 0, 0
843, 809753, 0, 0
858, 807474, 0, 0
1008, 763415, 0, 0
1255, 774249, 0, 0
1502, 767661, 0, 0
1760, 739207, 0, 0
2000, 748217, 0, 0
2251, 764363, 0, 0
2504, 748684, 0, 0
2809, 730205, 0, 0
3054, 729890, 0, 0
3269, 848015, 0, 0
3501, 869637, 0, 0
3791, 896442, 0, 0
4008, 857380, 0, 0
4259, 827453, 0, 0
4516, 810179, 0, 0
4753, 758673, 0, 0
5010, 728885, 0, 0
5267, 728358, 0, 0
5507, 726675, 0, 0
5762, 741147, 0, 0
6014, 722940, 0, 0
6274, 718782, 0, 0
6526, 717997, 0, 0
6758, 707083, 0, 0
7015, 664698, 0, 0
7266, 660506, 0, 0
7504, 685772, 0, 0
7762, 710823, 0, 0
8005, 735307, 0, 0
8273, 734477, 0, 0
8505, 758684, 0, 0
8761, 710631, 0, 0
9013, 700330, 0, 0
9251, 714892, 0, 0
9512, 754018, 0, 0
9779, 741363, 0, 0
10023, 728908, 0, 0
10256, 722914, 0, 0
10521, 768940, 0, 0
10805, 779670, 0, 0
11012, 795652, 0, 0
11281, 859772, 0, 0
11503, 835141, 0, 0
11767, 776091, 0, 0
12009, 721361, 0, 0
12252, 739167, 0, 0
12513, 706780, 0, 0
12799, 717458, 0, 0
13012, 760229, 0, 0
13252, 804575, 0, 0
13501, 770087, 0, 0
13752, 790097, 0, 0
14008, 756577, 0, 0
14298, 726462, 0, 0
14521, 715188, 0, 0
14760, 710375, 0, 0
15000, 664118, 0, 0
15253, 586479, 0, 0
15502, 586078, 0, 0
15763, 500976, 0, 0
16005, 515933, 0, 0
16272, 603125, 0, 0
16518, 695739, 0, 0
16752, 649179, 0, 0
17008, 699427, 0, 0
17323, 657018, 0, 0
17514, 744892, 0, 0
17760, 749765, 0, 0
18020, 839156, 0, 0
18260, 685399, 0, 0
18508, 581858, 0, 0
18775, 600810, 0, 0
19048, 659196, 0, 0
19263, 729777, 0, 0
19516, 738179, 0, 0
19752, 649985, 0, 0
20012, 568882, 0, 0
20272, 562189, 0, 0
20523, 606124, 0, 0
20762, 682628, 0, 0
21125, 653988, 0, 0
21252, 754656, 0, 0
21516, 723334, 0, 0
21768, 797442, 0, 0
22003, 696773, 0, 0
22254, 735214, 0, 0
22512, 741072, 0, 0
22762, 881946, 0, 0
23018, 857318, 0, 0
23262, 863611, 0, 0
23501, 819888, 0, 0
23750, 774708, 0, 0
24006, 830410, 0, 0
24274, 854556, 0, 0
24510, 902634, 0, 0
24756, 845829, 0, 0
25014, 773871, 0, 0
25288, 752633, 0, 0
25507, 796385, 0, 0
25793, 855333, 0, 0
26003, 889856, 0, 0
26275, 890089, 0, 0
26551, 867059, 0, 0
26781, 873048, 0, 0
27022, 845320, 0, 0
27259, 825567, 0, 0
27502, 783704, 0, 0
27780, 783963, 0, 0
28028, 879619, 0, 0
28276, 960167, 0, 0
28510, 998709, 0, 0
28756, 1016517, 0, 0
29019, 1020834, 0, 0
29263, 971142, 0, 0
29519, 966678, 0, 0
29791, 1031869, 0, 0
30015, 1007832, 0, 0
30270, 985449, 0, 0
30503, 1057447, 0, 0
30763, 940672, 0, 0
31006, 912800, 0, 0
31269, 839082, 0, 0
31518, 769441, 0, 0
31770, 726139, 0, 0
32021, 718944, 0, 0
32250, 753071, 0, 0
32530, 797156, 0, 0
32786, 851894, 0, 0
33001, 876916, 0, 0
33262, 808595, 0, 0
33502, 793319, 0, 0
33763, 816005, 0, 0
34015, 861101, 0, 0
34262, 895526, 0, 0
34514, 833132, 0, 0
34756, 859437, 0, 0
35012, 862011, 0, 0
35266, 855400, 0, 0
35688, 930339, 0, 0
35774, 1095264, 0, 0
36014, 1166382, 0, 0
36267, 1212500, 0, 0
36537, 1272909, 0, 0
36783, 1155127, 0, 0
37011, 967530, 0, 0
37262, 1051107, 0, 0
37528, 1096434, 0, 0
37768, 1059686, 0, 0
38033, 849915, 0, 0
38282, 690124, 0, 0
38519, 754703, 0, 0
38776, 843293, 0, 0
39021, 905157, 0, 0
39254, 882825, 0, 0
39513, 791946, 0, 0
39772, 770261, 0, 0
40019, 794217, 0, 0
40261, 790443, 0, 0
40518, 679700, 0, 0
40767, 700613, 0, 0
41019, 791444, 0, 0
41253, 887201, 0, 0
41539, 992213, 0, 0
41791, 1045953, 0, 0
42039, 980763, 0, 0
42261, 918560, 0, 0
42507, 823246, 0, 0
42764, 828636, 0, 0
43005, 854605, 0, 0
43272, 870517, 0, 0
43505, 873512, 0, 0
43787, 842407, 0, 0
44032, 899916, 0, 0
44250, 958229, 0, 0
44532, 955092, 0, 0
44751, 905113, 0, 0
45033, 869846, 0, 0
45267, 831708, 0, 0
45503, 925026, 0, 0
45773, 978600, 0, 0
46010, 978541, 0, 0
46255, 947013, 0, 0
46527, 848582, 0, 0
46756, 782859, 0, 0
47009, 788182, 0, 0
47292, 798526, 0, 0
47555, 834555, 0, 0
47771, 901032, 0, 0
48024, 859600, 0, 0
48265, 856436, 0, 0
48504, 841772, 0, 0
48754, 854409, 0, 0
49030, 833691, 0, 0
49251, 824915, 0, 0
49503, 807773, 0, 0
49772, 835759, 0, 0
50046, 841596, 0, 0
50256, 919094, 0, 0
50523, 945263, 0, 0
50753, 999690, 0, 0
51009, 1036458, 0, 0
51256, 975971, 0, 0
51505, 848571, 0, 0
51751, 749447, 0, 0
52005, 749536, 0, 0
52260, 818848, 0, 0
52526, 825768, 0, 0
52759, 830278, 0, 0
53003, 826467, 0, 0
53252, 833311, 0, 0
53506, 844605, 0, 0
53767, 843932, 0, 0
54029, 885346, 0, 0
54250, 887867, 0, 0
54531, 830065, 0, 0
54759, 863700, 0, 0
55021, 855686, 0, 0
55253, 854555, 0, 0
55507, 855752, 0, 0
55771, 832841, 0, 0
56028, 876283, 0, 0
56256, 985540, 0, 0
56504, 1007719, 0, 0
56750, 997590, 0, 0
57013, 1022311, 0, 0
57279, 949838, 0, 0
57561, 959322, 0, 0
57816, 964812, 0, 0
58009, 941403, 0, 0
58263, 930104, 0, 0
58528, 917709, 0, 0
58778, 874373, 0, 0
59013, 785014, 0, 0
59256, 717117, 0, 0
59521, 683503, 0, 0
59756, 736476, 0, 0
60000, 775038, 0, 0
60000, 372509, 0, 0
727, 723470, 0, 0
755, 718212, 0, 0
771, 710541, 0, 0
1019, 737582, 0, 0
1271, 783697, 0, 0
1502, 784006, 0, 0
1751, 855604, 0, 0
2000, 822405, 0, 0
2303, 865139, 0, 0
2503, 840837, 0, 0
2751, 770105, 0, 0
3054, 797254, 0, 0
3275, 793890, 0, 0
3510, 848108, 0, 0
3750, 856384, 0, 0
4002, 817177, 0, 0
4262, 819938, 0, 0
4503, 833439, 0, 0
4757, 870140, 0, 0
5033, 865379, 0, 0
5259, 806409, 0, 0
5500, 688568, 0, 0
5772, 701328, 0, 0
6047, 732846, 0, 0
6252, 792116, 0, 0
6522, 784251, 0, 0
6752, 748024, 0, 0
7000, 742068, 0, 0
7276, 796745, 0, 0
7509, 829462, 0, 0
7762, 826476, 0, 0
8012, 774727, 0, 0
8250, 750091, 0, 0
8506, 734878, 0, 0
8758, 716585, 0, 0
9000, 734928, 0, 0
9266, 785474, 0, 0
9514, 806974, 0, 0
9758, 791692, 0, 0
10018, 668773, 0, 0
10251, 664142, 0, 0
10521, 743047, 0, 0
10828, 733541, 0, 0
11049, 704595, 0, 0
11263, 702339, 0, 0
11507, 779762, 0, 0
11759, 746822, 0, 0
12009, 669783, 0, 0
12271, 693373, 0, 0
12554, 699678, 0, 0
12776, 716652, 0, 0
13012, 812189, 0, 0
13252, 856016, 0, 0
13514, 896471, 0, 0
13756, 939086, 0, 0
14037, 860900, 0, 0
14254, 882861, 0, 0
14515, 724352, 0, 0
14760, 661435, 0, 0
15000, 595459, 0, 0
15258, 603938, 0, 0
15597, 577648, 0, 0
15752, 729451, 0, 0
16000, 803747, 0, 0
16252, 775988, 0, 0
16501, 647167, 0, 0
16888, 635544, 0, 0
17025, 853738, 0, 0
17254, 933885, 0, 0
17523, 1019178, 0, 0
17752, 1064897, 0, 0
18004, 827431, 0, 0
18250, 664354, 0, 0
18507, 620987, 0, 0
18770, 706679, 0, 0
19013, 652771, 0, 0
19258, 565780, 0, 0
19510, 562381, 0, 0
19768, 568712, 0, 0
20010, 565426, 0, 0
20272, 615733, 0, 0
20523, 688513, 0, 0
20779, 758979, 0, 0
21035, 727065, 0, 0
21255, 752206, 0, 0
21502, 683153, 0, 0
21768, 762219, 0, 0
22002, 666916, 0, 0
22251, 693487, 0, 0
22529, 630104, 0, 0
22772, 780081, 0, 0
23003, 775575, 0, 0
23275, 841313, 0, 0
23509, 900421, 0, 0
23763, 887114, 0, 0
24006, 887510, 0, 0
24256, 874923, 0, 0
24537, 851235, 0, 0
24762, 859118, 0, 0
25002, 878527, 0, 0
25252, 889592, 0, 0
25531, 873793, 0, 0
25763, 883628, 0, 0
26048, 833808, 0, 0
26253, 909627, 0, 0
26511, 992563, 0, 0
26752, 963954, 0, 0
27013, 939156, 0, 0
27264, 854741, 0, 0
27523, 820691, 0, 0
27763, 843691, 0, 0
28010, 860116, 0, 0
28252, 839342, 0, 0
28513, 895577, 0, 0
28771, 933814, 0, 0
29033, 985339, 0, 0
29255, 1003370, 0, 0
29614, 970547, 0, 0
29761, 975336, 0, 0
30005, 893150, 0, 0
30290, 860193, 0, 0
30503, 837117, 0, 0
30755, 888282, 0, 0
31037, 901259, 0, 0
31266, 881817, 0, 0
31522, 855200, 0, 0
31782, 841465, 0, 0
32009, 840944, 0, 0
32250, 822189, 0, 0
32511, 829522, 0, 0
32750, 851016, 0, 0
33027, 871838, 0, 0
33275, 866607, 0, 0
33505, 871089, 0, 0
33762, 884701, 0, 0
34003, 886183, 0, 0
34281, 877616, 0, 0
34507, 914006, 0, 0
34769, 973292, 0, 0
35013, 1055818, 0, 0
35255, 1095881, 0, 0
35717, 1237621, 0, 0
35765, 1459198, 0, 0
36002, 1400190, 0, 0
36259, 1394955, 0, 0
36514, 1304494, 0, 0
36794, 1076061, 0, 0
37004, 871015, 0, 0
37255, 951275, 0, 0
37504, 1109176, 0, 0
37772, 1139722, 0, 0
38017, 1217211, 0, 0
38256, 1205691, 0, 0
38518, 1005289, 0, 0
38763, 941209, 0, 0
39027, 903962, 0, 0
39250, 915529, 0, 0
39504, 939249, 0, 0
39756, 873588, 0, 0
40008, 801802, 0, 0
40274, 777855, 0, 0
40500, 790501, 0, 0
40777, 849200, 0, 0
41010, 924023, 0, 0
41265, 923061, 0, 0
41523, 984999, 0, 0
41777, 1038936, 0, 0
42030, 996960, 0, 0
42274, 1016588, 0, 0
42547, 972620, 0, 0
42756, 914828, 0, 0
43010, 915543, 0, 0
43264, 897681, 0, 0
43510, 865589, 0, 0
43753, 801215, 0, 0
44020, 769287, 0, 0
44277, 746280, 0, 0
44509, 831663, 0, 0
44803, 841598, 0, 0
45013, 946025, 0, 0
45307, 957901, 0, 0
45528, 1002172, 0, 0
45783, 1046688, 0, 0
46009, 1055647, 0, 0
46278, 1015564, 0, 0
46513, 922136, 0, 0
46762, 867311, 0, 0
47009, 836058, 0, 0
47274, 890596, 0, 0
47521, 903920, 0, 0
47762, 891566, 0, 0
48003, 874020, 0, 0
48264, 941224, 0, 0
48522, 999272, 0, 0
48778, 1003563, 0, 0
49032, 1017495, 0, 0
49257, 1003368, 0, 0
49503, 913866, 0, 0
49766, 930469, 0, 0
50047, 904763, 0, 0
50277, 922855, 0, 0
50505, 976389, 0, 0
50788, 1003943, 0, 0
51001, 1035569, 0, 0
51266, 1014852, 0, 0
51504, 1006288, 0, 0
51768, 898453, 0, 0
52044, 856813, 0, 0
52250, 802187, 0, 0
52515, 803434, 0, 0
52750, 839812, 0, 0
53015, 843821, 0, 0
53255, 864913, 0, 0
53501, 847264, 0, 0
53789, 823074, 0, 0
54013, 860131, 0, 0
54271, 893706, 0, 0
54537, 960565, 0, 0
54750, 941817, 0, 0
55019, 883501, 0, 0
55274, 844298, 0, 0
55506, 776505, 0, 0
55754, 809719, 0, 0
56006, 806204, 0, 0
56298, 855838, 0, 0
56505, 909972, 0, 0
56760, 901129, 0, 0
57023, 894820, 0, 0
57270, 828994, 0, 0
57502, 879293, 0, 0
57763, 878240, 0, 0
58010, 895861, 0, 0
58252, 905528, 0, 0
58531, 922659, 0, 0
58762, 910844, 0, 0
59004, 961708, 0, 0
59264, 970863, 0, 0
59537, 994385, 0, 0
59768, 1039690, 0, 0
60005, 1013303, 0, 0
60005, 448863, 0, 0
733, 729572, 0, 0
794, 763152, 0, 0
809, 757706, 0, 0
1030, 762288, 0, 0
1279, 805297, 0, 0
1525, 808167, 0, 0
1773, 816007, 0, 0
2000, 779357, 0, 0
2263, 745772, 0, 0
2524, 747724, 0, 0
2784, 744631, 0, 0
3008, 890604, 0, 0
3275, 945085, 0, 0
3532, 980067, 0, 0
3753, 1025627, 0, 0
4018, 848567, 0, 0
4268, 719105, 0, 0
4509, 641936, 0, 0
4758, 638279, 0, 0
5015, 718808, 0, 0
5272, 773563, 0, 0
5527, 795878, 0, 0
5750, 767472, 0, 0
6060, 714953, 0, 0
6268, 754459, 0, 0
6505, 696123, 0, 0
6755, 642331, 0, 0
7021, 632823, 0, 0
7262, 700073, 0, 0
7521, 778996, 0, 0
7754, 821757, 0, 0
8005, 828349, 0, 0
8261, 859831, 0, 0
8541, 851496, 0, 0
8754, 847579, 0, 0
9044, 818523, 0, 0
9254, 821096, 0, 0
9513, 796463, 0, 0
9765, 775747, 0, 0
10013, 735972, 0, 0
10301, 770331, 0, 0
10554, 802919, 0, 0
10767, 793976, 0, 0
11006, 751926, 0, 0
11257, 698930, 0, 0
11501, 621463, 0, 0
11767, 653909, 0, 0
12027, 608347, 0, 0
12275, 648469, 0, 0
12555, 660919, 0, 0
12777, 770207, 0, 0
13008, 801717, 0, 0
13276, 849139, 0, 0
13522, 798264, 0, 0
13757, 769104, 0, 0
14006, 682379, 0, 0
14304, 716424, 0, 0
14532, 729814, 0, 0
14752, 719893, 0, 0
15001, 642626, 0, 0
15274, 537586, 0, 0
15548, 553833, 0, 0
15760, 622746, 0, 0
16004, 648484, 0, 0
16303, 594248, 0, 0
16511, 680963, 0, 0
16791, 697827, 0, 0
17002, 864404, 0, 0
17290, 970283, 0, 0
17503, 923190, 0, 0
17750, 808546, 0, 0
18009, 534169, 0, 0
18250, 445324, 0, 0
18517, 481902, 0, 0
18753, 626433, 0, 0
19023, 586051, 0, 0
19263, 505679, 0, 0
19508, 545766, 0, 0
19779, 507556, 0, 0
20012, 502803, 0, 0
20260, 571505, 0, 0
20623, 593959, 0, 0
20786, 730889, 0, 0
21125, 728613, 0, 0
21252, 836814, 0, 0
21507, 812359, 0, 0
21800, 747126, 0, 0
22036, 747316, 0, 0
22272, 768032, 0, 0
22509, 749269, 0, 0
22758, 658416, 0, 0
23014, 642883, 0, 0
23250, 709633, 0, 0
23501, 811368, 0, 0
23750, 832319, 0, 0
24005, 907150, 0, 0
24256, 888198, 0, 0
24500, 886818, 0, 0
24772, 923785, 0, 0
25005, 909411, 0, 0
25261, 891273, 0, 0
25520, 877186, 0, 0
25754, 922968, 0, 0
26011, 935136, 0, 0
26267, 861719, 0, 0
26537, 805743, 0, 0
26754, 806047, 0, 0
27005, 861319, 0, 0
27254, 896218, 0, 0
27501, 844073, 0, 0
27763, 806643, 0, 0
28010, 779301, 0, 0
28264, 793883, 0, 0
28513, 845509, 0, 0
28779, 903717, 0, 0
29012, 925320, 0, 0
29252, 921138, 0, 0
29522, 926551, 0, 0
29779, 854556, 0, 0
30011, 893734, 0, 0
30251, 882000, 0, 0
30503, 826619, 0, 0
30763, 775687, 0, 0
31029, 747728, 0, 0
31266, 783567, 0, 0
31511, 880567, 0, 0
31770, 899439, 0, 0
32003, 985808, 0, 0
32264, 950199, 0, 0
32530, 920392, 0, 0
32761, 861978, 0, 0
33009, 803024, 0, 0
33258, 740943, 0, 0
33526, 725604, 0, 0
33763, 787611, 0, 0
34009, 804931, 0, 0
34272, 789373, 0, 0
34504, 789164, 0, 0
34769, 870005, 0, 0
35013, 1023213, 0, 0
35277, 1127719, 0, 0
35561, 1319138, 0, 0
35763, 1486249, 0, 0
36010, 1434516, 0, 0
36306, 1246722, 0, 0
36502, 1287641, 0, 0
36753, 1016277, 0, 0
37120, 990507, 0, 0
37287, 1149442, 0, 0
37515, 1148210, 0, 0
37772, 1168002, 0, 0
38002, 1216867, 0, 0
38282, 1139511, 0, 0
38518, 1021629, 0, 0
38750, 954206, 0, 0
39012, 971400, 0, 0
39264, 933170, 0, 0
39533, 875260, 0, 0
39761, 885891, 0, 0
40029, 904119, 0, 0
40293, 931584, 0, 0
40515, 978982, 0, 0
40763, 918646, 0, 0
41028, 911325, 0, 0
41264, 936509, 0, 0
41524, 919544, 0, 0
41767, 1010213, 0, 0
42007, 986456, 0, 0
42274, 964376, 0, 0
42518, 960465, 0, 0
42757, 868471, 0, 0
43002, 875917, 0, 0
43274, 869661, 0, 0
43509, 884808, 0, 0
43776, 894813, 0, 0
44002, 807205, 0, 0
44258, 712892, 0, 0
44506, 725976, 0, 0
44757, 774388, 0, 0
45013, 860311, 0, 0
45272, 903014, 0, 0
45506, 907467, 0, 0
45761, 864730, 0, 0
46017, 819787, 0, 0
46253, 792103, 0, 0
46516, 850133, 0, 0
46752, 866407, 0, 0
47002, 908514, 0, 0
47274, 913932, 0, 0
47521, 882476, 0, 0
47769, 863090, 0, 0
48015, 860740, 0, 0
48254, 820524, 0, 0
48517, 802404, 0, 0
48772, 828191, 0, 0
49005, 892037, 0, 0
49269, 946152, 0, 0
49502, 971312, 0, 0
49752, 951052, 0, 0
50017, 902980, 0, 0
50277, 943730, 0, 0
50505, 1006005, 0, 0
50762, 1056066, 0, 0
51009, 1054150, 0, 0
51258, 979972, 0, 0
51530, 933323, 0, 0
51757, 848629, 0, 0
52018, 846853, 0, 0
52267, 801810, 0, 0
52520, 855423, 0, 0
52777, 848913, 0, 0
53021, 814000, 0, 0
53257, 667335, 0, 0
53512, 686896, 0, 0
53767, 727896, 0, 0
54012, 761800, 0, 0
54260, 788674, 0, 0
54516, 773730, 0, 0
54760, 811653, 0, 0
55001, 795318, 0, 0
55263, 770235, 0, 0
55501, 757754, 0, 0
55767, 767451, 0, 0
56015, 802481, 0, 0
56254, 824855, 0, 0
56524, 807462, 0, 0
56770, 789431, 0, 0
57024, 764309, 0, 0
57269, 785234, 0, 0
57515, 819401, 0, 0
57754, 821576, 0, 0
58003, 877460, 0, 0
58305, 865673, 0, 0
58505, 905438, 0, 0
58762, 884908, 0, 0
59042, 915283, 0, 0
59273, 916673, 0, 0
59537, 886708, 0, 0
59755, 927896, 0, 0
60005, 870049, 0, 0
60005, 418931, 0, 0
780, 777070, 0, 0
806, 781054, 0, 0
831, 781705, 0, 0
1030, 750838, 0, 0
1263, 759573, 0, 0
1514, 720090, 0, 0
1767, 708175, 0, 0
2015, 715946, 0, 0
2263, 758141, 0, 0
2515, 756944, 0, 0
2808, 748508, 0, 0
3000, 759031, 0, 0
3265, 787397, 0, 0
3518, 753113, 0, 0
3792, 703286, 0, 0
4011, 705065, 0, 0
4250, 734846, 0, 0
4502, 825367, 0, 0
4756, 786493, 0, 0
5003, 794830, 0, 0
5255, 784955, 0, 0
5528, 832682, 0, 0
5772, 858189, 0, 0
6046, 758292, 0, 0
6256, 731972, 0, 0
6526, 744911, 0, 0
6759, 809500, 0, 0
7012, 763617, 0, 0
7266, 765585, 0, 0
7516, 797185, 0, 0
7761, 816674, 0, 0
8007, 858836, 0, 0
8272, 819072, 0, 0
8517, 766822, 0, 0
8765, 707234, 0, 0
9005, 676187, 0, 0
9266, 738319, 0, 0
9503, 710592, 0, 0
9753, 653653, 0, 0
10021, 613583, 0, 0
10277, 718642, 0, 0
10504, 796360, 0, 0
10828, 801530, 0, 0
11049, 747008, 0, 0
11263, 675168, 0, 0
11520, 652427, 0, 0
11755, 590891, 0, 0
12004, 601715, 0, 0
12264, 675195, 0, 0
12518, 645860, 0, 0
12776, 653541, 0, 0
13012, 757174, 0, 0
13258, 807430, 0, 0
13548, 775482, 0, 0
13759, 754551, 0, 0
14029, 810671, 0, 0
14277, 849924, 0, 0
14503, 825110, 0, 0
14752, 708333, 0, 0
15000, 694271, 0, 0
15253, 624273, 0, 0
15517, 531871, 0, 0
15760, 623790, 0, 0
16011, 677619, 0, 0
16267, 612887, 0, 0
16517, 581684, 0, 0
16791, 635387, 0, 0
17011, 789723, 0, 0
17417, 822672, 0, 0
17522, 955691, 0, 0
17752, 869167, 0, 0
18014, 700150, 0, 0
18293, 560946, 0, 0
18505, 628740, 0, 0
18783, 656382, 0, 0
19003, 588252, 0, 0
19264, 545664, 0, 0
19506, 521300, 0, 0
19768, 507992, 0, 0
20053, 501010, 0, 0
20256, 529730, 0, 0
20506, 554762, 0, 0
20770, 703131, 0, 0
21013, 749497, 0, 0
21257, 854699, 0, 0
21505, 764687, 0, 0
21768, 796356, 0, 0
22070, 852578, 0, 0
22250, 909899, 0, 0
22628, 913220, 0, 0
22782, 919059, 0, 0
23003, 856905, 0, 0
23265, 820756, 0, 0
23522, 706899, 0, 0
23753, 745677, 0, 0
24015, 780507, 0, 0
24274, 891414, 0, 0
24506, 862159, 0, 0
24780, 868624, 0, 0
25021, 877401, 0, 0
25262, 846635, 0, 0
25504, 903682, 0, 0
25752, 912326, 0, 0
26000, 888352, 0, 0
26253, 958220, 0, 0
26500, 937735, 0, 0
26767, 884529, 0, 0
27000, 849286, 0, 0
27251, 850089, 0, 0
27512, 922172, 0, 0
27755, 971954, 0, 0
28022, 983554, 0, 0
28297, 973150, 0, 0
28525, 930352, 0, 0
28786, 959737, 0, 0
29002, 933727, 0, 0
29284, 865792, 0, 0
29504, 845733, 0, 0
29764, 861687, 0, 0
30011, 903655, 0, 0
30264, 918871, 0, 0
30520, 926975, 0, 0
30781, 863590, 0, 0
31000, 879911, 0, 0
31257, 870315, 0, 0
31521, 862801, 0, 0
31764, 916086, 0, 0
32002, 871173, 0, 0
32263, 866176, 0, 0
32511, 908455, 0, 0
32760, 927645, 0, 0
33026, 962776, 0, 0
33262, 1015990, 0, 0
33536, 930921, 0, 0
33753, 930458, 0, 0
34005, 900974, 0, 0
34254, 907472, 0, 0
34531, 938012, 0, 0
34765, 1005479, 0, 0
35000, 1003093, 0, 0
35251, 964433, 0, 0
35695, 1078926, 0, 0
35774, 1359958, 0, 0
36031, 1257966, 0, 0
36282, 1290309, 0, 0
36520, 1344832, 0, 0
36764, 1197310, 0, 0
37123, 1037670, 0, 0
37269, 1164511, 0, 0
37528, 1159240, 0, 0
37756, 1239887, 0, 0
38002, 1237392, 0, 0
38258, 1086123, 0, 0
38520, 955749, 0, 0
38759, 892617, 0, 0
39012, 914809, 0, 0
39260, 944576, 0, 0
39505, 938807, 0, 0
39759, 913288, 0, 0
40015, 897315, 0, 0
40251, 877578, 0, 0
40529, 798414, 0, 0
40750, 763173, 0, 0
41005, 738812, 0, 0
41268, 774033, 0, 0
41547, 853412, 0, 0
41764, 924960, 0, 0
42016, 974354, 0, 0
42251, 1014664, 0, 0
42500, 979245, 0, 0
42778, 943617, 0, 0
43001, 877161, 0, 0
43273, 829702, 0, 0
43503, 832819, 0, 0
43752, 823325, 0, 0
44010, 895541, 0, 0
44267, 864813, 0, 0
44520, 869347, 0, 0
44765, 823332, 0, 0
45007, 794212, 0, 0
45266, 804556, 0, 0
45503, 839422, 0, 0
45773, 931936, 0, 0
46009, 982168, 0, 0
46267, 1003230, 0, 0
46502, 966600, 0, 0
46775, 894292, 0, 0
47013, 796397, 0, 0
47263, 761031, 0, 0
47516, 760229, 0, 0
47752, 811584, 0, 0
48002, 830884, 0, 0
48279, 841570, 0, 0
48509, 859197, 0, 0
48763, 842822, 0, 0
49012, 828626, 0, 0
49257, 819364, 0, 0
49503, 848802, 0, 0
49766, 870992, 0, 0
50030, 850353, 0, 0
50286, 826322, 0, 0
50520, 816309, 0, 0
50772, 937891, 0, 0
51020, 978972, 0, 0
51258, 948961, 0, 0
51530, 1008766, 0, 0
51760, 941050, 0, 0
52026, 971881, 0, 0
52306, 1067563, 0, 0
52508, 1012878, 0, 0
52771, 914416, 0, 0
53035, 878285, 0, 0
53276, 828838, 0, 0
53524, 870140, 0, 0
53759, 866717, 0, 0
54001, 826964, 0, 0
54275, 818877, 0, 0
54520, 792709, 0, 0
54771, 819840, 0, 0
55030, 857483, 0, 0
55268, 931317, 0, 0
55506, 953791, 0, 0
55756, 941740, 0, 0
56025, 958423, 0, 0
56266, 956848, 0, 0
56514, 941318, 0, 0
56751, 939149, 0, 0
57038, 924467, 0, 0
57262, 865934, 0, 0
57535, 824772, 0, 0
57754, 907449, 0, 0
58023, 844899, 0, 0
58252, 927793, 0, 0
58520, 833659, 0, 0
58777, 792449, 0, 0
59006, 708226, 0, 0
59264, 757513, 0, 0
59511, 760035, 0, 0
59762, 810795, 0, 0
60019, 818519, 0, 0
60019, 432817, 0, 0
