3552, 3, 1, 0
3802, 9, 1, 0
4053, 6, 1, 0
4303, 6, 1, 0
4553, 9, 1, 0
4803, 3, 1, 0
5053, 6, 1, 0
5303, 6, 1, 0
5553, 9, 1, 0
5803, 6, 1, 0
6053, 9, 1, 0
6303, 6, 1, 0
6553, 9, 1, 0
6803, 6, 1, 0
7054, 6, 1, 0
7304, 6, 1, 0
7554, 9, 1, 0
7804, 6, 1, 0
8054, 6, 1, 0
8304, 9, 1, 0
8554, 3, 1, 0
8804, 6, 1, 0
9054, 6, 1, 0
9304, 9, 1, 0
9554, 6, 1, 0
9804, 9, 1, 0
10055, 6, 1, 0
10305, 6, 1, 0
10555, 6, 1, 0
10805, 9, 1, 0
11055, 6, 1, 0
11305, 9, 1, 0
11555, 6, 1, 0
11805, 6, 1, 0
12055, 9, 1, 0
12305, 6, 1, 0
12555, 6, 1, 0
12806, 6, 1, 0
13056, 6, 1, 0
13306, 9, 1, 0
13556, 6, 1, 0
13806, 9, 1, 0
14056, 6, 1, 0
14306, 6, 1, 0
14556, 9, 1, 0
14806, 6, 1, 0
15056, 6, 1, 0
15306, 9, 1, 0
15556, 6, 1, 0
15807, 9, 1, 0
16057, 6, 1, 0
16307, 6, 1, 0
16557, 3, 1, 0
16807, 9, 1, 0
17057, 6, 1, 0
17307, 9, 1, 0
17557, 6, 1, 0
17807, 6, 1, 0
18057, 9, 1, 0
18307, 6, 1, 0
18558, 9, 1, 0
18808, 6, 1, 0
19058, 9, 1, 0
19308, 6, 1, 0
19558, 6, 1, 0
19808, 9, 1, 0
20058, 6, 1, 0
20309, 6, 1, 0
20557, 3, 1, 0
20807, 9, 1, 0
21057, 6, 1, 0
21308, 6, 1, 0
21558, 6, 1, 0
21808, 9, 1, 0
22058, 6, 1, 0
22308, 9, 1, 0
22558, 6, 1, 0
22808, 6, 1, 0
23058, 6, 1, 0
23308, 3, 1, 0
23558, 6, 1, 0
23808, 9, 1, 0
24058, 6, 1, 0
24309, 9, 1, 0
24559, 6, 1, 0
24809, 9, 1, 0
25059, 6, 1, 0
25309, 3, 1, 0
25559, 6, 1, 0
25809, 6, 1, 0
26059, 9, 1, 0
26309, 6, 1, 0
26559, 6, 1, 0
26809, 9, 1, 0
27059, 3, 1, 0
27310, 3, 1, 0
27560, 6, 1, 0
27810, 9, 1, 0
28060, 6, 1, 0
28310, 9, 1, 0
28560, 6, 1, 0
28810, 6, 1, 0
29060, 9, 1, 0
29310, 6, 1, 0
29560, 9, 1, 0
29810, 6, 1, 0
30061, 6, 1, 0
30311, 6, 1, 0
30561, 6, 1, 0
30811, 6, 1, 0
31061, 6, 1, 0
31311, 6, 1, 0
31561, 6, 1, 0
31811, 6, 1, 0
32061, 9, 1, 0
32311, 6, 1, 0
32561, 9, 1, 0
32811, 6, 1, 0
33062, 6, 1, 0
33312, 9, 1, 0
33562, 6, 1, 0
33812, 9, 1, 0
34062, 6, 1, 0
34312, 6, 1, 0
34562, 9, 1, 0
34812, 6, 1, 0
35062, 6, 1, 0
35312, 6, 1, 0
35562, 6, 1, 0
35812, 9, 1, 0
36063, 6, 1, 0
36313, 6, 1, 0
36563, 9, 1, 0
36813, 6, 1, 0
37063, 9, 1, 0
37313, 6, 1, 0
37563, 6, 1, 0
37813, 9, 1, 0
38063, 6, 1, 0
38313, 9, 1, 0
38563, 6, 1, 0
38814, 6, 1, 0
39064, 3, 1, 0
39314, 9, 1, 0
39564, 6, 1, 0
39814, 6, 1, 0
40064, 9, 1, 0
40314, 6, 1, 0
40564, 9, 1, 0
40814, 6, 1, 0
41064, 6, 1, 0
41314, 9, 1, 0
41564, 6, 1, 0
41815, 6, 1, 0
42065, 9, 1, 0
42315, 6, 1, 0
42565, 6, 1, 0
42815, 6, 1, 0
43065, 6, 1, 0
43315, 6, 1, 0
43565, 6, 1, 0
43815, 6, 1, 0
44065, 9, 1, 0
44315, 6, 1, 0
44566, 6, 1, 0
44816, 9, 1, 0
45066, 6, 1, 0
45316, 9, 1, 0
45566, 6, 1, 0
45816, 6, 1, 0
46066, 6, 1, 0
46316, 9, 1, 0
46566, 6, 1, 0
46816, 9, 1, 0
47066, 3, 1, 0
47316, 6, 1, 0
47568, 9, 1, 0
47817, 6, 1, 0
48067, 3, 1, 0
48317, 6, 1, 0
48567, 6, 1, 0
48817, 9, 1, 0
49067, 6, 1, 0
49317, 9, 1, 0
49567, 6, 1, 0
49817, 6, 1, 0
50067, 6, 1, 0
50318, 9, 1, 0
50568, 6, 1, 0
51068, 6, 1, 0
51318, 9, 1, 0
51568, 6, 1, 0
51818, 6, 1, 0
52070, 9, 1, 0
52317, 6, 1, 0
52567, 6, 1, 0
52817, 6, 1, 0
53067, 6, 1, 0
53318, 6, 1, 0
53568, 6, 1, 0
53818, 9, 1, 0
54068, 6, 1, 0
54318, 6, 1, 0
54568, 9, 1, 0
54818, 3, 1, 0
55068, 6, 1, 0
55318, 6, 1, 0
55568, 6, 1, 0
55818, 6, 1, 0
56069, 3, 1, 0
56319, 6, 1, 0
56569, 9, 1, 0
56819, 3, 1, 0
57069, 9, 1, 0
57319, 6, 1, 0
57569, 6, 1, 0
57819, 3, 1, 0
58069, 6, 1, 0
58319, 9, 1, 0
58569, 3, 1, 0
58819, 9, 1, 0
59070, 6, 1, 0
59320, 6, 1, 0
59570, 6, 1, 0
59820, 3, 1, 0
3894, 5, 1, 0
4144, 5, 1, 0
4394, 5, 1, 0
4644, 7, 1, 0
4894, 5, 1, 0
5144, 5, 1, 0
5394, 7, 1, 0
5644, 5, 1, 0
5894, 2, 1, 0
6395, 5, 1, 0
6645, 5, 1, 0
6895, 5, 1, 0
7395, 5, 1, 0
7645, 5, 1, 0
7895, 7, 1, 0
8145, 5, 1, 0
8395, 5, 1, 0
8645, 7, 1, 0
8895, 5, 1, 0
9146, 5, 1, 0
9396, 7, 1, 0
9646, 5, 1, 0
9896, 5, 1, 0
10146, 5, 1, 0
10396, 5, 1, 0
10646, 5, 1, 0
10896, 5, 1, 0
11146, 2, 1, 0
11396, 5, 1, 0
11646, 5, 1, 0
11896, 7, 1, 0
12147, 5, 1, 0
12397, 2, 1, 0
12647, 7, 1, 0
12897, 5, 1, 0
13147, 5, 1, 0
13397, 7, 1, 0
13647, 5, 1, 0
13897, 2, 1, 0
14147, 2, 1, 0
14397, 5, 1, 0
14647, 7, 1, 0
14898, 5, 1, 0
15148, 5, 1, 0
15398, 7, 1, 0
15648, 5, 1, 0
15898, 7, 1, 0
16148, 5, 1, 0
16398, 5, 1, 0
16648, 5, 1, 0
16898, 5, 1, 0
17148, 7, 1, 0
17398, 5, 1, 0
17648, 5, 1, 0
17899, 7, 1, 0
18149, 5, 1, 0
18399, 5, 1, 0
18649, 5, 1, 0
18899, 5, 1, 0
19149, 7, 1, 0
19399, 5, 1, 0
19649, 5, 1, 0
19899, 5, 1, 0
20149, 2, 1, 0
20399, 5, 1, 0
20650, 7, 1, 0
20900, 5, 1, 0
21150, 7, 1, 0
21400, 5, 1, 0
21650, 5, 1, 0
22150, 5, 1, 0
22400, 7, 1, 0
22650, 5, 1, 0
22900, 5, 1, 0
23150, 7, 1, 0
23400, 5, 1, 0
23651, 7, 1, 0
23901, 4, 1, 0
24151, 4, 1, 0
24401, 4, 1, 0
24651, 7, 1, 0
24901, 4, 1, 0
25151, 4, 1, 0
25401, 4, 1, 0
25651, 7, 1, 0
25901, 4, 1, 0
26151, 4, 1, 0
26402, 7, 1, 0
26652, 4, 1, 0
26902, 4, 1, 0
27152, 7, 1, 0
27402, 4, 1, 0
27652, 2, 1, 0
27902, 2, 1, 0
28152, 7, 1, 0
28402, 4, 1, 0
28652, 4, 1, 0
28902, 2, 1, 0
29152, 4, 1, 0
29403, 7, 1, 0
29653, 4, 1, 0
29903, 4, 1, 0
30153, 4, 1, 0
30403, 4, 1, 0
30653, 7, 1, 0
30903, 4, 1, 0
31153, 4, 1, 0
31403, 4, 1, 0
31653, 7, 1, 0
31903, 4, 1, 0
32153, 4, 1, 0
32404, 7, 1, 0
32654, 4, 1, 0
32904, 4, 1, 0
33154, 7, 1, 0
33404, 4, 1, 0
33654, 4, 1, 0
33904, 7, 1, 0
34154, 4, 1, 0
34404, 4, 1, 0
34654, 4, 1, 0
34904, 4, 1, 0
35155, 7, 1, 0
35405, 4, 1, 0
35655, 2, 1, 0
35905, 2, 1, 0
36155, 7, 1, 0
36405, 4, 1, 0
36655, 7, 1, 0
36905, 4, 1, 0
37155, 4, 1, 0
37405, 7, 1, 0
37655, 4, 1, 0
37905, 7, 1, 0
38156, 4, 1, 0
38406, 4, 1, 0
38656, 7, 1, 0
38906, 4, 1, 0
39156, 4, 1, 0
39406, 7, 1, 0
39656, 4, 1, 0
39906, 7, 1, 0
40156, 4, 1, 0
40406, 7, 1, 0
40656, 4, 1, 0
40907, 4, 1, 0
41157, 7, 1, 0
41407, 4, 1, 0
41657, 4, 1, 0
41907, 4, 1, 0
42157, 4, 1, 0
42407, 4, 1, 0
42657, 2, 1, 0
42907, 7, 1, 0
43157, 4, 1, 0
43407, 4, 1, 0
43657, 4, 1, 0
43908, 4, 1, 0
44158, 7, 1, 0
44408, 4, 1, 0
44658, 7, 1, 0
44908, 4, 1, 0
45158, 4, 1, 0
45408, 7, 1, 0
45658, 4, 1, 0
45908, 4, 1, 0
46158, 4, 1, 0
46408, 4, 1, 0
46659, 7, 1, 0
46909, 4, 1, 0
47159, 4, 1, 0
47409, 7, 1, 0
47659, 4, 1, 0
47909, 4, 1, 0
48159, 7, 1, 0
48409, 4, 1, 0
48659, 4, 1, 0
48909, 7, 1, 0
49159, 4, 1, 0
49660, 4, 1, 0
49910, 7, 1, 0
50160, 4, 1, 0
50660, 4, 1, 0
50910, 4, 1, 0
51161, 7, 1, 0
51410, 4, 1, 0
51660, 7, 1, 0
51910, 4, 1, 0
52160, 4, 1, 0
52411, 7, 1, 0
52661, 4, 1, 0
52911, 4, 1, 0
53161, 7, 1, 0
53411, 4, 1, 0
53661, 4, 1, 0
53911, 7, 1, 0
54161, 4, 1, 0
54411, 4, 1, 0
54661, 7, 1, 0
54911, 4, 1, 0
55161, 4, 1, 0
55412, 4, 1, 0
55662, 7, 1, 0
55912, 4, 1, 0
56162, 4, 1, 0
56412, 2, 1, 0
56662, 7, 1, 0
56912, 4, 1, 0
57162, 4, 1, 0
57412, 7, 1, 0
57662, 2, 1, 0
57912, 2, 1, 0
58163, 2, 1, 0
58413, 2, 1, 0
58663, 4, 1, 0
58913, 4, 1, 0
59163, 7, 1, 0
59413, 4, 1, 0
59663, 4, 1, 0
59913, 7, 1, 0
