3552, 3390, 1, 0
3802, 10172, 1, 0
4053, 6759, 1, 0
4303, 6759, 1, 0
4553, 10138, 1, 0
4803, 3379, 1, 0
5053, 6759, 1, 0
5303, 6759, 1, 0
5553, 10138, 1, 0
5803, 6759, 1, 0
6053, 10138, 1, 0
6303, 6759, 1, 0
6553, 10138, 1, 0
6803, 6759, 1, 0
7054, 6736, 1, 0
7304, 6736, 1, 0
7554, 10105, 1, 0
7804, 6736, 1, 0
8054, 6736, 1, 0
8304, 10105, 1, 0
8554, 3368, 1, 0
8804, 6736, 1, 0
9054, 6736, 1, 0
9304, 10105, 1, 0
9554, 6736, 1, 0
9804, 10105, 1, 0
10055, 6714, 1, 0
10305, 6714, 1, 0
10555, 6714, 1, 0
10805, 10072, 1, 0
11055, 6714, 1, 0
11305, 10072, 1, 0
11555, 6714, 1, 0
11805, 6714, 1, 0
12055, 10072, 1, 0
12305, 6714, 1, 0
12555, 6714, 1, 0
12806, 6692, 1, 0
13056, 6692, 1, 0
13306, 10039, 1, 0
13556, 6692, 1, 0
13806, 10039, 1, 0
14056, 6692, 1, 0
14306, 6692, 1, 0
14556, 10039, 1, 0
14806, 6692, 1, 0
15056, 6692, 1, 0
15306, 10039, 1, 0
15556, 6692, 1, 0
15807, 10006, 1, 0
16057, 6671, 1, 0
16307, 6671, 1, 0
16557, 3335, 1, 0
16807, 10006, 1, 0
17057, 6671, 1, 0
17307, 10006, 1, 0
17557, 6671, 1, 0
17807, 6671, 1, 0
18057, 10006, 1, 0
18307, 6671, 1, 0
18558, 9974, 1, 0
18808, 6649, 1, 0
19058, 9974, 1, 0
19308, 6649, 1, 0
19558, 6649, 1, 0
19808, 9974, 1, 0
20058, 6649, 1, 0
20309, 6627, 1, 0
20557, 3335, 1, 0
20807, 10006, 1, 0
21057, 6671, 1, 0
21308, 6649, 1, 0
21558, 6649, 1, 0
21808, 9974, 1, 0
22058, 6649, 1, 0
22308, 9974, 1, 0
22558, 6649, 1, 0
22808, 6649, 1, 0
23058, 6649, 1, 0
23308, 3324, 1, 0
23558, 6649, 1, 0
23808, 9974, 1, 0
24058, 6649, 1, 0
24309, 9941, 1, 0
24559, 6627, 1, 0
24809, 9941, 1, 0
25059, 6627, 1, 0
25309, 3313, 1, 0
25559, 6627, 1, 0
25809, 6627, 1, 0
26059, 9941, 1, 0
26309, 6627, 1, 0
26559, 6627, 1, 0
26809, 9941, 1, 0
27059, 3313, 1, 0
27310, 3303, 1, 0
27560, 6606, 1, 0
27810, 9909, 1, 0
28060, 6606, 1, 0
28310, 9909, 1, 0
28560, 6606, 1, 0
28810, 6606, 1, 0
29060, 9909, 1, 0
29310, 6606, 1, 0
29560, 9909, 1, 0
29810, 6606, 1, 0
30061, 6585, 1, 0
30311, 6585, 1, 0
30561, 6585, 1, 0
30811, 6585, 1, 0
31061, 6585, 1, 0
31311, 6585, 1, 0
31561, 6585, 1, 0
31811, 6585, 1, 0
32061, 9877, 1, 0
32311, 6585, 1, 0
32561, 9877, 1, 0
32811, 6585, 1, 0
33062, 6564, 1, 0
33312, 9846, 1, 0
33562, 6564, 1, 0
33812, 9846, 1, 0
34062, 6564, 1, 0
34312, 6564, 1, 0
34562, 9846, 1, 0
34812, 6564, 1, 0
35062, 6564, 1, 0
35312, 6564, 1, 0
35562, 6564, 1, 0
35812, 9846, 1, 0
36063, 6543, 1, 0
36313, 6543, 1, 0
36563, 9814, 1, 0
36813, 6543, 1, 0
37063, 9814, 1, 0
37313, 6543, 1, 0
37563, 6543, 1, 0
37813, 9814, 1, 0
38063, 6543, 1, 0
38313, 9814, 1, 0
38563, 6543, 1, 0
38814, 6522, 1, 0
39064, 3261, 1, 0
39314, 9783, 1, 0
39564, 6522, 1, 0
39814, 6522, 1, 0
40064, 9783, 1, 0
40314, 6522, 1, 0
40564, 9783, 1, 0
40814, 6522, 1, 0
41064, 6522, 1, 0
41314, 9783, 1, 0
41564, 6522, 1, 0
41815, 6501, 1, 0
42065, 9752, 1, 0
42315, 6501, 1, 0
42565, 6501, 1, 0
42815, 6501, 1, 0
43065, 6501, 1, 0
43315, 6501, 1, 0
43565, 6501, 1, 0
43815, 6501, 1, 0
44065, 9752, 1, 0
44315, 6501, 1, 0
44566, 6481, 1, 0
44816, 9721, 1, 0
45066, 6481, 1, 0
45316, 9721, 1, 0
45566, 6481, 1, 0
45816, 6481, 1, 0
46066, 6481, 1, 0
46316, 9721, 1, 0
46566, 6481, 1, 0
46816, 9721, 1, 0
47066, 3240, 1, 0
47316, 6481, 1, 0
47568, 9660, 1, 0
47817, 6460, 1, 0
48067, 3230, 1, 0
48317, 6460, 1, 0
48567, 6460, 1, 0
48817, 9690, 1, 0
49067, 6460, 1, 0
49317, 9690, 1, 0
49567, 6460, 1, 0
49817, 6460, 1, 0
50067, 6460, 1, 0
50318, 9660, 1, 0
50568, 6440, 1, 0
51068, 6440, 1, 0
51318, 9660, 1, 0
51568, 6440, 1, 0
51818, 6440, 1, 0
52070, 9600, 1, 0
52317, 6460, 1, 0
52567, 6460, 1, 0
52817, 6460, 1, 0
53067, 6460, 1, 0
53318, 6440, 1, 0
53568, 6440, 1, 0
53818, 9660, 1, 0
54068, 6440, 1, 0
54318, 6440, 1, 0
54568, 9660, 1, 0
54818, 3220, 1, 0
55068, 6440, 1, 0
55318, 6440, 1, 0
55568, 6440, 1, 0
55818, 6440, 1, 0
56069, 3210, 1, 0
56319, 6420, 1, 0
56569, 9630, 1, 0
56819, 3210, 1, 0
57069, 9630, 1, 0
57319, 6420, 1, 0
57569, 6420, 1, 0
57819, 3210, 1, 0
58069, 6420, 1, 0
58319, 9630, 1, 0
58569, 3210, 1, 0
58819, 9630, 1, 0
59070, 6400, 1, 0
59320, 6400, 1, 0
59570, 6400, 1, 0
59820, 3200, 1, 0
3894, 5197, 1, 0
4144, 5197, 1, 0
4394, 5197, 1, 0
4644, 7796, 1, 0
4894, 5197, 1, 0
5144, 5197, 1, 0
5394, 7796, 1, 0
5644, 5197, 1, 0
5894, 2598, 1, 0
6395, 5184, 1, 0
6645, 5184, 1, 0
6895, 5184, 1, 0
7395, 5184, 1, 0
7645, 5184, 1, 0
7895, 7777, 1, 0
8145, 5184, 1, 0
8395, 5184, 1, 0
8645, 7777, 1, 0
8895, 5184, 1, 0
9146, 5171, 1, 0
9396, 7757, 1, 0
9646, 5171, 1, 0
9896, 5171, 1, 0
10146, 5171, 1, 0
10396, 5171, 1, 0
10646, 5171, 1, 0
10896, 5171, 1, 0
11146, 2585, 1, 0
11396, 5171, 1, 0
11646, 5171, 1, 0
11896, 7757, 1, 0
12147, 5158, 1, 0
12397, 2579, 1, 0
12647, 7738, 1, 0
12897, 5158, 1, 0
13147, 5158, 1, 0
13397, 7738, 1, 0
13647, 5158, 1, 0
13897, 2579, 1, 0
14147, 2579, 1, 0
14397, 5158, 1, 0
14647, 7738, 1, 0
14898, 5145, 1, 0
15148, 5145, 1, 0
15398, 7718, 1, 0
15648, 5145, 1, 0
15898, 7718, 1, 0
16148, 5145, 1, 0
16398, 5145, 1, 0
16648, 5145, 1, 0
16898, 5145, 1, 0
17148, 7718, 1, 0
17398, 5145, 1, 0
17648, 5145, 1, 0
17899, 7699, 1, 0
18149, 5132, 1, 0
18399, 5132, 1, 0
18649, 5132, 1, 0
18899, 5132, 1, 0
19149, 7699, 1, 0
19399, 5132, 1, 0
19649, 5132, 1, 0
19899, 5132, 1, 0
20149, 2566, 1, 0
20399, 5132, 1, 0
20650, 7680, 1, 0
20900, 5120, 1, 0
21150, 7680, 1, 0
21400, 5120, 1, 0
21650, 5120, 1, 0
22150, 5120, 1, 0
22400, 7680, 1, 0
22650, 5120, 1, 0
22900, 5120, 1, 0
23150, 7680, 1, 0
23400, 5120, 1, 0
23651, 7660, 1, 0
23901, 5107, 1, 0
24151, 5107, 1, 0
24401, 5107, 1, 0
24651, 7660, 1, 0
24901, 5107, 1, 0
25151, 5107, 1, 0
25401, 5107, 1, 0
25651, 7660, 1, 0
25901, 5107, 1, 0
26151, 5107, 1, 0
26402, 7660, 1, 0
26652, 5094, 1, 0
26902, 5094, 1, 0
27152, 7641, 1, 0
27402, 5094, 1, 0
27652, 2547, 1, 0
27902, 2547, 1, 0
28152, 7641, 1, 0
28402, 5094, 1, 0
28652, 5094, 1, 0
28902, 2547, 1, 0
29152, 5094, 1, 0
29403, 7622, 1, 0
29653, 5081, 1, 0
29903, 5081, 1, 0
30153, 5081, 1, 0
30403, 5081, 1, 0
30653, 7622, 1, 0
30903, 5081, 1, 0
31153, 5081, 1, 0
31403, 5081, 1, 0
31653, 7622, 1, 0
31903, 5081, 1, 0
32153, 5081, 1, 0
32404, 7603, 1, 0
32654, 5069, 1, 0
32904, 5069, 1, 0
33154, 7603, 1, 0
33404, 5069, 1, 0
33654, 5069, 1, 0
33904, 7603, 1, 0
34154, 5069, 1, 0
34404, 5069, 1, 0
34654, 5069, 1, 0
34904, 5069, 1, 0
35155, 7585, 1, 0
35405, 5056, 1, 0
35655, 2528, 1, 0
35905, 2528, 1, 0
36155, 7585, 1, 0
36405, 5056, 1, 0
36655, 7585, 1, 0
36905, 5056, 1, 0
37155, 5056, 1, 0
37405, 7585, 1, 0
37655, 5056, 1, 0
37905, 7585, 1, 0
38156, 5044, 1, 0
38406, 5044, 1, 0
38656, 7566, 1, 0
38906, 5044, 1, 0
39156, 5044, 1, 0
39406, 7566, 1, 0
39656, 5044, 1, 0
39906, 7566, 1, 0
40156, 5044, 1, 0
40406, 7566, 1, 0
40656, 5044, 1, 0
40907, 5031, 1, 0
41157, 7547, 1, 0
41407, 5031, 1, 0
41657, 5031, 1, 0
41907, 5031, 1, 0
42157, 5031, 1, 0
42407, 5031, 1, 0
42657, 2515, 1, 0
42907, 7547, 1, 0
43157, 5031, 1, 0
43407, 5031, 1, 0
43657, 5031, 1, 0
43908, 5019, 1, 0
44158, 7529, 1, 0
44408, 5019, 1, 0
44658, 7529, 1, 0
44908, 5019, 1, 0
45158, 5019, 1, 0
45408, 7529, 1, 0
45658, 5019, 1, 0
45908, 5019, 1, 0
46158, 5019, 1, 0
46408, 5019, 1, 0
46659, 7511, 1, 0
46909, 5007, 1, 0
47159, 5007, 1, 0
47409, 7511, 1, 0
47659, 5007, 1, 0
47909, 5007, 1, 0
48159, 7511, 1, 0
48409, 5007, 1, 0
48659, 5007, 1, 0
48909, 7511, 1, 0
49159, 5007, 1, 0
49660, 4995, 1, 0
49910, 7492, 1, 0
50160, 4995, 1, 0
50660, 4995, 1, 0
50910, 4995, 1, 0
51161, 7474, 1, 0
51410, 4995, 1, 0
51660, 7492, 1, 0
51910, 4995, 1, 0
52160, 4995, 1, 0
52411, 7474, 1, 0
52661, 4982, 1, 0
52911, 4982, 1, 0
53161, 7474, 1, 0
53411, 4982, 1, 0
53661, 4982, 1, 0
53911, 7474, 1, 0
54161, 4982, 1, 0
54411, 4982, 1, 0
54661, 7474, 1, 0
54911, 4982, 1, 0
55161, 4982, 1, 0
55412, 4970, 1, 0
55662, 7456, 1, 0
55912, 4970, 1, 0
56162, 4970, 1, 0
56412, 2485, 1, 0
56662, 7456, 1, 0
56912, 4970, 1, 0
57162, 4970, 1, 0
57412, 7456, 1, 0
57662, 2485, 1, 0
57912, 2485, 1, 0
58162, 2485, 1, 0
58413, 2479, 1, 0
58663, 4958, 1, 0
58913, 4958, 1, 0
59163, 7438, 1, 0
59413, 4958, 1, 0
59663, 4958, 1, 0
59913, 7438, 1, 0
