269, 1699, 1, 0
521, 331, 1, 0
764, 1008, 1, 0
1030, 1088, 1, 0
1252, 1522, 1, 0
1501, 1323, 1, 0
1756, 1441, 1, 0
2011, 1123, 1, 0
2268, 970, 1, 0
2502, 1037, 1, 0
2759, 1207, 1, 0
3004, 1178, 1, 0
3253, 709, 1, 0
3500, 897, 1, 0
3758, 557, 1, 0
4019, 598, 1, 0
4269, 1993, 1, 0
4519, 1417, 1, 0
4754, 1435, 1, 0
5020, 960, 1, 0
5269, 755, 1, 0
5505, 1541, 1, 0
5752, 1362, 1, 0
6001, 966, 1, 0
6262, 1363, 1, 0
6513, 1433, 1, 0
6758, 2777, 1, 0
7014, 1416, 1, 0
7250, 2017, 1, 0
7522, 1479, 1, 0
7773, 692, 1, 0
8000, 1196, 1, 0
8260, 1030, 1, 0
8502, 2403, 1, 0
8758, 1555, 1, 0
9028, 865, 1, 0
9274, 1086, 1, 0
9511, 877, 1, 0
9750, 1112, 1, 0
10011, 1099, 1, 0
10251, 1034, 1, 0
10510, 639, 1, 0
10755, 822, 1, 0
11038, 1114, 1, 0
11252, 1101, 1, 0
11550, 672, 1, 0
11781, 300, 1, 0
12026, 276, 1, 0
12266, 1311, 1, 0
12629, 1354, 1, 0
12757, 887, 1, 0
13067, 659, 1, 0
13259, 1144, 1, 0
13507, 1604, 1, 0
13755, 1297, 1, 0
14006, 1010, 1, 0
14255, 901, 1, 0
14500, 983, 1, 0
14762, 943, 1, 0
15003, 773, 1, 0
15261, 1279, 1, 0
15552, 872, 1, 0
15755, 767, 1, 0
16114, 1050, 1, 0
16254, 827, 1, 0
16509, 788, 1, 0
16752, 793, 1, 0
17001, 1096, 1, 0
17253, 939, 1, 0
17526, 877, 1, 0
17752, 986, 1, 0
18036, 731, 1, 0
18271, 1163, 1, 0
18514, 1331, 1, 0
18771, 688, 1, 0
19001, 888, 1, 0
19253, 962, 1, 0
19501, 818, 1, 0
19750, 917, 1, 0
20000, 882, 1, 0
20265, 837, 1, 0
20509, 871, 1, 0
20754, 1125, 1, 0
21006, 642, 1, 0
21250, 775, 1, 0
21516, 1124, 1, 0
21753, 1111, 1, 0
22018, 1007, 1, 0
22276, 868, 1, 0
22502, 1067, 1, 0
22751, 919, 1, 0
23015, 916, 1, 0
23256, 886, 1, 0
23517, 808, 1, 0
23755, 1054, 1, 0
24000, 737, 1, 0
24272, 1664, 1, 0
24503, 1161, 1, 0
24764, 1020, 1, 0
25016, 967, 1, 0
25250, 1069, 1, 0
25517, 1065, 1, 0
25756, 894, 1, 0
26024, 724, 1, 0
26269, 1848, 1, 0
26508, 1012, 1, 0
26773, 1314, 1, 0
27001, 1013, 1, 0
27258, 1033, 1, 0
27500, 772, 1, 0
27757, 985, 1, 0
28089, 764, 1, 0
28256, 408, 1, 0
28505, 672, 1, 0
28753, 900, 1, 0
29033, 1011, 1, 0
29277, 911, 1, 0
29503, 997, 1, 0
29751, 1304, 1, 0
30000, 1316, 1, 0
30250, 1154, 1, 0
30511, 1001, 1, 0
30758, 1087, 1, 0
31000, 903, 1, 0
31258, 930, 1, 0
31524, 920, 1, 0
31760, 929, 1, 0
32013, 887, 1, 0
32252, 802, 1, 0
32995, 1040, 1, 0
33000, 1027, 1, 0
33000, 654, 1, 0
33266, 563, 1, 0
33507, 596, 1, 0
33762, 1005, 1, 0
34007, 938, 1, 0
34261, 1099, 1, 0
34540, 1033, 1, 0
34824, 1002, 1, 0
35014, 1038, 1, 0
35251, 986, 1, 0
35502, 1113, 1, 0
35750, 1174, 1, 0
36012, 1020, 1, 0
36260, 947, 1, 0
36508, 905, 1, 0
36759, 878, 1, 0
37004, 933, 1, 0
37263, 672, 1, 0
37510, 905, 1, 0
37762, 929, 1, 0
38000, 1166, 1, 0
38250, 1319, 1, 0
38500, 1183, 1, 0
38762, 723, 1, 0
39000, 910, 1, 0
39268, 1027, 1, 0
39513, 974, 1, 0
39752, 1108, 1, 0
40018, 905, 1, 0
40259, 866, 1, 0
40511, 935, 1, 0
40810, 855, 1, 0
41021, 1022, 1, 0
41257, 701, 1, 0
41509, 1525, 1, 0
41754, 854, 1, 0
42001, 905, 1, 0
42278, 989, 1, 0
42517, 906, 1, 0
42770, 1123, 1, 0
43000, 715, 1, 0
43271, 862, 1, 0
43503, 1171, 1, 0
43750, 877, 1, 0
44030, 1177, 1, 0
44251, 1095, 1, 0
44653, 1065, 1, 0
44758, 391, 1, 0
45002, 454, 1, 0
45258, 952, 1, 0
45517, 935, 1, 0
45774, 990, 1, 0
46000, 822, 1, 0
46263, 809, 1, 0
46503, 1011, 1, 0
46758, 800, 1, 0
47003, 1052, 1, 0
47251, 1015, 1, 0
47532, 1114, 1, 0
47764, 848, 1, 0
48017, 1132, 1, 0
48255, 983, 1, 0
48507, 921, 1, 0
48750, 994, 1, 0
49005, 845, 1, 0
49254, 1037, 1, 0
49503, 1061, 1, 0
49784, 547, 1, 0
50005, 749, 1, 0
50263, 1100, 1, 0
50509, 990, 1, 0
50750, 914, 1, 0
51002, 1019, 1, 0
51262, 942, 1, 0
51501, 949, 1, 0
51751, 951, 1, 0
52004, 1167, 1, 0
52251, 1125, 1, 0
52528, 962, 1, 0
52766, 892, 1, 0
53013, 964, 1, 0
53300, 920, 1, 0
53520, 892, 1, 0
53823, 1169, 1, 0
54013, 423, 1, 0
54276, 825, 1, 0
54555, 981, 1, 0
54755, 1112, 1, 0
55011, 897, 1, 0
55261, 1540, 1, 0
55504, 2990, 1, 0
55750, 1345, 1, 0
56026, 1055, 1, 0
56284, 1830, 1, 0
56504, 1321, 1, 0
56779, 850, 1, 0
57001, 857, 1, 0
57256, 1104, 1, 0
57501, 1049, 1, 0
57756, 1082, 1, 0
58005, 921, 1, 0
58269, 1040, 1, 0
58504, 1161, 1, 0
58765, 2331, 1, 0
59019, 4104, 1, 0
59292, 3650, 1, 0
59502, 1787, 1, 0
59762, 718, 1, 0
60428, 1041, 1, 0
258, 205, 1, 0
501, 184, 1, 0
762, 308, 1, 0
1011, 294, 1, 0
1260, 333, 1, 0
1516, 210, 1, 0
1762, 388, 1, 0
2007, 504, 1, 0
2349, 654, 1, 0
2502, 631, 1, 0
2867, 1180, 1, 0
3014, 1551, 1, 0
3264, 399, 1, 0
3510, 512, 1, 0
3764, 492, 1, 0
4000, 759, 1, 0
4255, 796, 1, 0
4519, 374, 1, 0
4817, 215, 1, 0
5003, 484, 1, 0
5258, 734, 1, 0
5507, 888, 1, 0
5761, 380, 1, 0
6005, 412, 1, 0
6252, 395, 1, 0
6600, 379, 1, 0
6830, 730, 1, 0
7007, 640, 1, 0
7250, 253, 1, 0
7514, 156, 1, 0
7754, 490, 1, 0
8008, 622, 1, 0
8254, 555, 1, 0
8503, 253, 1, 0
8758, 607, 1, 0
9009, 672, 1, 0
9250, 596, 1, 0
9538, 706, 1, 0
9768, 1225, 1, 0
10015, 440, 1, 0
10258, 422, 1, 0
10500, 581, 1, 0
10792, 581, 1, 0
11011, 565, 1, 0
11251, 404, 1, 0
11539, 536, 1, 0
11819, 1117, 1, 0
12003, 787, 1, 0
12250, 529, 1, 0
12598, 310, 1, 0
12752, 926, 1, 0
13008, 586, 1, 0
13264, 381, 1, 0
13517, 426, 1, 0
13780, 583, 1, 0
14003, 784, 1, 0
14266, 538, 1, 0
14500, 412, 1, 0
14755, 336, 1, 0
15027, 292, 1, 0
15251, 566, 1, 0
15501, 520, 1, 0
15778, 473, 1, 0
16015, 579, 1, 0
16252, 528, 1, 0
16501, 485, 1, 0
16769, 656, 1, 0
17008, 499, 1, 0
17273, 337, 1, 0
17509, 519, 1, 0
17777, 285, 1, 0
18026, 460, 1, 0
18265, 228, 1, 0
18584, 2472, 1, 0
18767, 669, 1, 0
19014, 409, 1, 0
19269, 214, 1, 0
19564, 1895, 1, 0
19765, 1172, 1, 0
20000, 1057, 1, 0
20299, 596, 1, 0
20584, 601, 1, 0
20756, 2127, 1, 0
21008, 1179, 1, 0
21266, 335, 1, 0
21597, 1029, 1, 0
21750, 803, 1, 0
22000, 591, 1, 0
22273, 410, 1, 0
22518, 594, 1, 0
22750, 420, 1, 0
23001, 323, 1, 0
23252, 446, 1, 0
23507, 503, 1, 0
23750, 1357, 1, 0
24004, 913, 1, 0
24250, 460, 1, 0
24588, 991, 1, 0
24756, 849, 1, 0
25000, 858, 1, 0
25250, 683, 1, 0
25500, 1592, 1, 0
25754, 1504, 1, 0
26002, 1261, 1, 0
26250, 649, 1, 0
26504, 667, 1, 0
26761, 697, 1, 0
27021, 670, 1, 0
27261, 503, 1, 0
27539, 753, 1, 0
27760, 1137, 1, 0
28020, 1143, 1, 0
28252, 694, 1, 0
28509, 601, 1, 0
28764, 559, 1, 0
29015, 531, 1, 0
29260, 557, 1, 0
29517, 821, 1, 0
29759, 1196, 1, 0
30023, 665, 1, 0
30257, 880, 1, 0
30510, 938, 1, 0
30750, 510, 1, 0
31002, 562, 1, 0
31258, 286, 1, 0
31539, 658, 1, 0
31753, 749, 1, 0
32001, 533, 1, 0
32270, 771, 1, 0
32508, 760, 1, 0
32758, 363, 1, 0
33027, 411, 1, 0
33276, 991, 1, 0
33501, 1030, 1, 0
33763, 870, 1, 0
34016, 1020, 1, 0
34391, 540, 1, 0
34505, 1075, 1, 0
34772, 1443, 1, 0
35014, 731, 1, 0
35358, 375, 1, 0
35501, 1522, 1, 0
35765, 757, 1, 0
36004, 927, 1, 0
36271, 707, 1, 0
36501, 1766, 1, 0
36753, 1157, 1, 0
37000, 877, 1, 0
37324, 595, 1, 0
37505, 588, 1, 0
37752, 845, 1, 0
38022, 598, 1, 0
38297, 1358, 1, 0
38500, 1933, 1, 0
38760, 920, 1, 0
39061, 604, 1, 0
39305, 1192, 1, 0
39510, 1314, 1, 0
39763, 897, 1, 0
40004, 515, 1, 0
40296, 579, 1, 0
40513, 917, 1, 0
40751, 804, 1, 0
41008, 1345, 1, 0
41279, 1042, 1, 0
41520, 824, 1, 0
41752, 640, 1, 0
42002, 526, 1, 0
42253, 753, 1, 0
42512, 640, 1, 0
42751, 400, 1, 0
43151, 633, 1, 0
43251, 1278, 1, 0
43516, 1130, 1, 0
43750, 963, 1, 0
44013, 1375, 1, 0
44282, 1201, 1, 0
44543, 754, 1, 0
44758, 686, 1, 0
45087, 559, 1, 0
45250, 1127, 1, 0
45501, 1072, 1, 0
45759, 414, 1, 0
46097, 702, 1, 0
46261, 857, 1, 0
46506, 610, 1, 0
46818, 634, 1, 0
47086, 1205, 1, 0
47251, 1141, 1, 0
47506, 871, 1, 0
47750, 537, 1, 0
48184, 399, 1, 0
48273, 992, 1, 0
48509, 761, 1, 0
48770, 604, 1, 0
49009, 1074, 1, 0
49255, 847, 1, 0
49506, 527, 1, 0
49770, 567, 1, 0
50004, 545, 1, 0
50257, 745, 1, 0
50504, 713, 1, 0
50760, 501, 1, 0
51010, 896, 1, 0
51256, 936, 1, 0
51509, 640, 1, 0
51781, 441, 1, 0
52122, 609, 1, 0
52261, 1154, 1, 0
52507, 785, 1, 0
52770, 512, 1, 0
53009, 611, 1, 0
53275, 817, 1, 0
53507, 356, 1, 0
53836, 263, 1, 0
54015, 1010, 1, 0
54253, 657, 1, 0
54512, 632, 1, 0
54754, 319, 1, 0
55035, 474, 1, 0
55250, 826, 1, 0
55515, 365, 1, 0
55753, 482, 1, 0
56105, 322, 1, 0
56271, 1171, 1, 0
56500, 465, 1, 0
56762, 662, 1, 0
57045, 807, 1, 0
57257, 557, 1, 0
57507, 359, 1, 0
57861, 463, 1, 0
58003, 1203, 1, 0
58250, 851, 1, 0
58513, 455, 1, 0
58765, 1529, 1, 0
59016, 1021, 1, 0
59269, 785, 1, 0
59514, 466, 1, 0
59750, 801, 1, 0
60427, 1062, 1, 0
