280, 115567, 0, 0
504, 364003, 0, 0
829, 516231, 0, 0
1055, 872335, 0, 0
1257, 934444, 0, 0
1520, 834134, 0, 0
1764, 697781, 0, 0
2303, 1486038, 0, 0
2410, 1531739, 0, 0
2522, 1549462, 0, 0
2788, 1561169, 0, 0
3046, 1385910, 0, 0
3444, 489238, 0, 0
3513, 1951377, 0, 0
3782, 2048028, 0, 0
4002, 1707136, 0, 0
4285, 1556628, 0, 0
4500, 815350, 0, 0
4760, 1456014, 0, 0
5007, 926216, 0, 0
5260, 895422, 0, 0
5540, 970779, 0, 0
5777, 890099, 0, 0
6006, 834021, 0, 0
6286, 1106176, 0, 0
6545, 1265948, 0, 0
6772, 113584, 0, 0
7426, 1920963, 0, 0
7443, 1362224, 0, 0
7523, 930164, 0, 0
7805, 971637, 0, 0
8024, 630283, 0, 0
8296, 2641489, 0, 0
8677, 1695825, 0, 0
8770, 2222507, 0, 0
9038, 1498904, 0, 0
9317, 2480795, 0, 0
9537, 618458, 0, 0
9903, 2031552, 0, 0
10051, 700184, 0, 0
10285, 1446144, 0, 0
10500, 1315730, 0, 0
10945, 2089037, 0, 0
11016, 2719361, 0, 0
11287, 1777727, 0, 0
11510, 899166, 0, 0
11794, 309415, 0, 0
12008, 799046, 0, 0
12285, 318596, 0, 0
12503, 1166896, 0, 0
12759, 938677, 0, 0
13001, 717446, 0, 0
13284, 1092713, 0, 0
13505, 2804575, 0, 0
13790, 1592367, 0, 0
14013, 1384885, 0, 0
14332, 1329865, 0, 0
14564, 1293058, 0, 0
14769, 1263057, 0, 0
15221, 776928, 0, 0
15306, 3403965, 0, 0
16013, 3009734, 0, 0
16064, 3092462, 0, 0
16071, 57800, 0, 0
16253, 1407382, 0, 0
16535, 2078147, 0, 0
16794, 2508021, 0, 0
17076, 2546704, 0, 0
17389, 1878380, 0, 0
17517, 875623, 0, 0
17750, 1198803, 0, 0
18085, 1230592, 0, 0
18264, 977343, 0, 0
18526, 259385, 0, 0
18788, 571162, 0, 0
19030, 1739505, 0, 0
19290, 787689, 0, 0
19535, 568526, 0, 0
19759, 859570, 0, 0
20029, 860293, 0, 0
20315, 953339, 0, 0
20534, 1464745, 0, 0
20756, 850005, 0, 0
21018, 1075156, 0, 0
21251, 1268554, 0, 0
21508, 274922, 0, 0
22112, 465546, 0, 0
22148, 1910908, 0, 0
22256, 972563, 0, 0
22547, 1720651, 0, 0
22765, 1438389, 0, 0
23025, 2018127, 0, 0
23285, 1133338, 0, 0
23512, 1379045, 0, 0
23784, 343675, 0, 0
24251, 1703734, 0, 0
24285, 2676248, 0, 0
24537, 646773, 0, 0
24782, 837788, 0, 0
25057, 2064598, 0, 0
25272, 1727328, 0, 0
25539, 1918031, 0, 0
25804, 2016061, 0, 0
26012, 1595769, 0, 0
26252, 1324064, 0, 0
26511, 1789966, 0, 0
26856, 1572056, 0, 0
27023, 1463304, 0, 0
27254, 1304910, 0, 0
27677, 390589, 0, 0
27774, 401672, 0, 0
28009, 534027, 0, 0
28257, 541600, 0, 0
28608, 1478567, 0, 0
28753, 474201, 0, 0
29158, 552434, 0, 0
29364, 610858, 0, 0
29512, 205057, 0, 0
29775, 1133368, 0, 0
30006, 2343472, 0, 0
30435, 1399613, 0, 0
30516, 715970, 0, 0
30829, 1667068, 0, 0
31003, 1008403, 0, 0
31358, 1174517, 0, 0
31504, 1214710, 0, 0
31777, 1257579, 0, 0
32012, 1181335, 0, 0
32279, 328404, 0, 0
32518, 226380, 0, 0
33467, 3809909, 0, 0
33494, 3825386, 0, 0
33512, 3836597, 0, 0
33538, 3833743, 0, 0
33765, 1994515, 0, 0
34046, 812088, 0, 0
34263, 1569435, 0, 0
34565, 798940, 0, 0
34779, 853881, 0, 0
35006, 1098144, 0, 0
35335, 1431897, 0, 0
35529, 933905, 0, 0
35764, 560884, 0, 0
36015, 524123, 0, 0
36734, 963696, 0, 0
36824, 3261395, 0, 0
36909, 3319754, 0, 0
37012, 1267122, 0, 0
37598, 1266444, 0, 0
37660, 3415171, 0, 0
37764, 1188969, 0, 0
38059, 432475, 0, 0
38678, 1658122, 0, 0
38705, 3055013, 0, 0
38821, 143400, 0, 0
39005, 1117570, 0, 0
39256, 1457058, 0, 0
39544, 1580117, 0, 0
39803, 2266328, 0, 0
40018, 1143418, 0, 0
40274, 525810, 0, 0
40506, 651628, 0, 0
40780, 810169, 0, 0
41114, 1387535, 0, 0
41267, 2445671, 0, 0
41519, 1384524, 0, 0
41783, 431599, 0, 0
42029, 1538685, 0, 0
42265, 1524511, 0, 0
43369, 1647191, 0, 0
43417, 1087993, 0, 0
43461, 92127, 0, 0
43488, 71485, 0, 0
43514, 53370, 0, 0
43754, 1496307, 0, 0
44179, 986385, 0, 0
44257, 1308525, 0, 0
44516, 827123, 0, 0
44768, 1780220, 0, 0
45001, 1119670, 0, 0
45270, 2155962, 0, 0
45500, 2280133, 0, 0
45759, 257575, 0, 0
46026, 527806, 0, 0
46315, 470087, 0, 0
46561, 497015, 0, 0
46783, 1123656, 0, 0
47014, 1423249, 0, 0
47264, 492809, 0, 0
47603, 2964580, 0, 0
47754, 1347816, 0, 0
48039, 1208387, 0, 0
48267, 1769035, 0, 0
48513, 949103, 0, 0
48750, 593019, 0, 0
49027, 1052003, 0, 0
49261, 658167, 0, 0
49501, 812603, 0, 0
49762, 959554, 0, 0
50007, 97269, 0, 0
50273, 92975, 0, 0
50519, 1374912, 0, 0
52075, 3549549, 0, 0
52128, 3588237, 0, 0
52197, 121886, 0, 0
52224, 3662773, 0, 0
52246, 118177, 0, 0
52268, 3573279, 0, 0
52303, 3606408, 0, 0
52551, 1957625, 0, 0
52760, 922555, 0, 0
53018, 691243, 0, 0
53252, 655283, 0, 0
53506, 1131962, 0, 0
53752, 1028492, 0, 0
54015, 202646, 0, 0
54261, 866617, 0, 0
54518, 467869, 0, 0
54765, 1708816, 0, 0
56247, 1351747, 0, 0
56283, 3517454, 0, 0
56313, 65761, 0, 0
56315, 3533667, 0, 0
56351, 3567678, 0, 0
56408, 57109, 0, 0
56502, 1271737, 0, 0
56805, 1699408, 0, 0
57183, 585334, 0, 0
57287, 3738898, 0, 0
57527, 3790223, 0, 0
57760, 2040261, 0, 0
58020, 1109615, 0, 0
58256, 1381664, 0, 0
58512, 716672, 0, 0
58781, 214178, 0, 0
60118, 1872810, 0, 0
60825, 4248175, 0, 0
60825, 4117890, 0, 0
60825, 4020293, 0, 0
60825, 3907286, 0, 0
60825, 3889409, 0, 0
60825, 3642398, 0, 0
60825, 3889155, 0, 0
60826, 2727575, 0, 0
253, 135665, 0, 0
509, 365590, 0, 0
776, 606185, 0, 0
1012, 856871, 0, 0
1306, 852032, 0, 0
1524, 854782, 0, 0
1754, 676515, 0, 0
2003, 706895, 0, 0
2446, 401049, 0, 0
2510, 1241969, 0, 0
3012, 535602, 0, 0
3197, 1864178, 0, 0
3273, 2447774, 0, 0
3514, 1408354, 0, 0
3766, 1173782, 0, 0
4008, 612119, 0, 0
4267, 289144, 0, 0
4528, 586593, 0, 0
4764, 2156028, 0, 0
5028, 1065459, 0, 0
5300, 2008529, 0, 0
5536, 1075211, 0, 0
5804, 165602, 0, 0
6002, 360569, 0, 0
6264, 601413, 0, 0
6538, 1155339, 0, 0
6751, 1063324, 0, 0
7034, 2345516, 0, 0
7256, 1171954, 0, 0
7505, 985439, 0, 0
7755, 932392, 0, 0
8039, 1327861, 0, 0
8263, 918090, 0, 0
8517, 222242, 0, 0
8762, 525180, 0, 0
9152, 719388, 0, 0
9260, 1958412, 0, 0
9521, 1500187, 0, 0
9833, 1285252, 0, 0
10069, 419024, 0, 0
10265, 1212424, 0, 0
10546, 2182243, 0, 0
10767, 2627948, 0, 0
11002, 780482, 0, 0
11601, 641016, 0, 0
11625, 2455431, 0, 0
11765, 1651932, 0, 0
12075, 1238949, 0, 0
12260, 786914, 0, 0
13113, 1124910, 0, 0
13159, 1341316, 0, 0
13179, 66413, 0, 0
13259, 515635, 0, 0
13504, 881468, 0, 0
13752, 930607, 0, 0
14015, 1408501, 0, 0
14256, 3168235, 0, 0
14689, 3179792, 0, 0
14773, 782165, 0, 0
15003, 885752, 0, 0
15314, 910051, 0, 0
15516, 1268875, 0, 0
15763, 1042607, 0, 0
16035, 902820, 0, 0
16279, 1014960, 0, 0
16502, 434930, 0, 0
16753, 1025456, 0, 0
17000, 450361, 0, 0
17266, 802712, 0, 0
17821, 1148096, 0, 0
17876, 1185614, 0, 0
18012, 1651089, 0, 0
18257, 1118550, 0, 0
18559, 1268638, 0, 0
18755, 1220220, 0, 0
19062, 1522263, 0, 0
19432, 1930347, 0, 0
19501, 925164, 0, 0
19849, 1008954, 0, 0
20066, 1275338, 0, 0
20252, 1914390, 0, 0
20531, 1897511, 0, 0
20754, 615801, 0, 0
21006, 737593, 0, 0
21339, 1061178, 0, 0
21502, 314512, 0, 0
21778, 1762891, 0, 0
22033, 646174, 0, 0
22290, 1155388, 0, 0
22501, 2624385, 0, 0
22821, 1102652, 0, 0
23022, 407920, 0, 0
23256, 340259, 0, 0
23507, 1162589, 0, 0
23754, 1323739, 0, 0
24215, 781100, 0, 0
24369, 2369890, 0, 0
24502, 2123229, 0, 0
24753, 1155839, 0, 0
25020, 960536, 0, 0
25266, 1523080, 0, 0
25502, 1143818, 0, 0
25765, 654484, 0, 0
26003, 935426, 0, 0
26258, 747780, 0, 0
26513, 1701584, 0, 0
26763, 1420958, 0, 0
27285, 1008569, 0, 0
27330, 1987414, 0, 0
27501, 801139, 0, 0
27765, 186758, 0, 0
28005, 919784, 0, 0
28432, 1676603, 0, 0
28529, 415003, 0, 0
28932, 376966, 0, 0
29003, 1101491, 0, 0
29269, 316578, 0, 0
29545, 1384146, 0, 0
29764, 616227, 0, 0
30016, 417606, 0, 0
30271, 1004300, 0, 0
30522, 356576, 0, 0
30754, 1035885, 0, 0
31042, 1601157, 0, 0
31262, 417806, 0, 0
31502, 626852, 0, 0
31751, 380379, 0, 0
32045, 313921, 0, 0
32253, 463725, 0, 0
32650, 244570, 0, 0
32762, 261049, 0, 0
33008, 2147929, 0, 0
33261, 4275432, 0, 0
33628, 5679628, 0, 0
34257, 3178937, 0, 0
34285, 3608641, 0, 0
34303, 3187026, 0, 0
34645, 2054920, 0, 0
34771, 1564582, 0, 0
35025, 471918, 0, 0
35256, 1396141, 0, 0
35587, 1076524, 0, 0
36094, 3111975, 0, 0
36153, 59558, 0, 0
36257, 1353883, 0, 0
36508, 955602, 0, 0
36774, 1140184, 0, 0
37028, 992933, 0, 0
37265, 767695, 0, 0
37507, 517935, 0, 0
37853, 983681, 0, 0
38019, 1079532, 0, 0
38270, 1183303, 0, 0
38530, 1384434, 0, 0
38912, 1270144, 0, 0
39016, 557119, 0, 0
39270, 708457, 0, 0
39775, 1415417, 0, 0
39826, 50724, 0, 0
40000, 1223196, 0, 0
40274, 2251515, 0, 0
40553, 751563, 0, 0
40770, 1047561, 0, 0
41010, 435765, 0, 0
41395, 2543081, 0, 0
41500, 3377969, 0, 0
41789, 2464767, 0, 0
42018, 979128, 0, 0
42466, 432182, 0, 0
42500, 558161, 0, 0
42750, 652706, 0, 0
43017, 1109878, 0, 0
43260, 1261427, 0, 0
43920, 394820, 0, 0
43970, 1219125, 0, 0
44003, 1246994, 0, 0
44275, 1401276, 0, 0
44978, 1406650, 0, 0
45156, 3049869, 0, 0
45200, 3091135, 0, 0
45429, 3320495, 0, 0
45537, 2859207, 0, 0
45750, 3036683, 0, 0
46005, 1593831, 0, 0
46268, 1256262, 0, 0
46516, 98709, 0, 0
46952, 3031679, 0, 0
47041, 88825, 0, 0
47263, 1303720, 0, 0
47506, 1307113, 0, 0
47784, 872379, 0, 0
48005, 644734, 0, 0
48264, 746934, 0, 0
48504, 1700096, 0, 0
48840, 3410467, 0, 0
49000, 777014, 0, 0
49251, 320779, 0, 0
49525, 709591, 0, 0
49776, 971580, 0, 0
50034, 1713616, 0, 0
50273, 940975, 0, 0
50518, 2145962, 0, 0
50857, 1499216, 0, 0
51010, 2266755, 0, 0
51255, 870645, 0, 0
51548, 282118, 0, 0
51840, 372962, 0, 0
52020, 3588565, 0, 0
52342, 3838064, 0, 0
52875, 4034741, 0, 0
53455, 4044891, 0, 0
53488, 4070777, 0, 0
53557, 4124998, 0, 0
53590, 4117670, 0, 0
53784, 3977984, 0, 0
54002, 1194798, 0, 0
54395, 2240847, 0, 0
54566, 4048073, 0, 0
54750, 4151955, 0, 0
55301, 3752322, 0, 0
55358, 3783412, 0, 0
55515, 3441946, 0, 0
55759, 1359084, 0, 0
56442, 1488203, 0, 0
57071, 3616046, 0, 0
57102, 3613502, 0, 0
57234, 3676923, 0, 0
57337, 3747686, 0, 0
57360, 3754648, 0, 0
57501, 1561746, 0, 0
57783, 1764647, 0, 0
58027, 1423834, 0, 0
58321, 1496628, 0, 0
59283, 3982412, 0, 0
59328, 3969619, 0, 0
59371, 3535188, 0, 0
59421, 4044956, 0, 0
59525, 1932917, 0, 0
59759, 511142, 0, 0
60003, 2519561, 0, 0
61068, 5379463, 0, 0
61068, 1136806, 0, 0
61068, 4626680, 0, 0
61068, 3997005, 0, 0
61068, 2768832, 0, 0
290, 219249, 0, 0
520, 413875, 0, 0
771, 657643, 0, 0
1044, 880980, 0, 0
1269, 1067709, 0, 0
1510, 1109798, 0, 0
1872, 1519472, 0, 0
2145, 1373328, 0, 0
2291, 1391938, 0, 0
2648, 1051419, 0, 0
2762, 1367538, 0, 0
3007, 1115279, 0, 0
3256, 625536, 0, 0
3605, 2234053, 0, 0
3819, 2331406, 0, 0
4020, 2602558, 0, 0
4506, 771060, 0, 0
4547, 2146883, 0, 0
4987, 1076027, 0, 0
5020, 2013060, 0, 0
5270, 1186899, 0, 0
5513, 421547, 0, 0
5750, 1248073, 0, 0
6018, 535852, 0, 0
6253, 1214938, 0, 0
6510, 2519595, 0, 0
6753, 1067699, 0, 0
7001, 2488484, 0, 0
7337, 783063, 0, 0
7689, 1589045, 0, 0
7761, 938348, 0, 0
8003, 1530579, 0, 0
8267, 1318934, 0, 0
8512, 710542, 0, 0
8780, 366622, 0, 0
9002, 1349598, 0, 0
9265, 1013985, 0, 0
9521, 1346145, 0, 0
9765, 911798, 0, 0
10005, 934963, 0, 0
10295, 1472397, 0, 0
10518, 488186, 0, 0
10765, 537597, 0, 0
11163, 465691, 0, 0
11266, 284645, 0, 0
11518, 872667, 0, 0
11789, 1612441, 0, 0
12026, 1352121, 0, 0
12279, 448689, 0, 0
12516, 664890, 0, 0
12777, 2853045, 0, 0
13018, 2096048, 0, 0
13265, 1147311, 0, 0
13794, 1570711, 0, 0
13842, 3027604, 0, 0
14047, 693986, 0, 0
14257, 2137030, 0, 0
14505, 1126354, 0, 0
14789, 1502305, 0, 0
15010, 1302027, 0, 0
15261, 851673, 0, 0
15829, 1015420, 0, 0
15838, 3348972, 0, 0
16000, 1010475, 0, 0
16440, 893921, 0, 0
16520, 1350562, 0, 0
16971, 1762016, 0, 0
17251, 2421317, 0, 0
17287, 1207278, 0, 0
17532, 1708042, 0, 0
17761, 2762964, 0, 0
18029, 2104956, 0, 0
18460, 1884233, 0, 0
18514, 2549817, 0, 0
18908, 1642656, 0, 0
19035, 352483, 0, 0
19261, 347341, 0, 0
19735, 1135528, 0, 0
19784, 48354, 0, 0
20012, 1079739, 0, 0
20255, 1226371, 0, 0
20509, 500394, 0, 0
20798, 1685541, 0, 0
21045, 1051888, 0, 0
21318, 870208, 0, 0
21611, 2574360, 0, 0
21765, 1563576, 0, 0
22014, 1211906, 0, 0
22311, 496926, 0, 0
22515, 851517, 0, 0
22753, 630571, 0, 0
23015, 1374880, 0, 0
23270, 2635271, 0, 0
23708, 1185152, 0, 0
23755, 2320039, 0, 0
24002, 1224156, 0, 0
24297, 2412824, 0, 0
24727, 2402297, 0, 0
24777, 49722, 0, 0
25019, 748401, 0, 0
25343, 2232785, 0, 0
25575, 2268614, 0, 0
25753, 802167, 0, 0
26053, 2050320, 0, 0
26280, 1692688, 0, 0
26890, 814449, 0, 0
26926, 1194885, 0, 0
27074, 1423099, 0, 0
27253, 872594, 0, 0
27574, 1407828, 0, 0
27810, 1842643, 0, 0
28066, 1977901, 0, 0
28261, 823151, 0, 0
28510, 786886, 0, 0
28774, 1181351, 0, 0
29004, 763368, 0, 0
29510, 1765891, 0, 0
29579, 2617653, 0, 0
30248, 2832713, 0, 0
30287, 2713399, 0, 0
30305, 56055, 0, 0
30501, 889668, 0, 0
30775, 1168779, 0, 0
31141, 183026, 0, 0
31266, 694722, 0, 0
31519, 1172714, 0, 0
31798, 1995029, 0, 0
32070, 1507240, 0, 0
32258, 1415918, 0, 0
32528, 877941, 0, 0
32750, 924614, 0, 0
33029, 1819193, 0, 0
33256, 191285, 0, 0
33820, 1116243, 0, 0
33842, 5163158, 0, 0
34003, 3440683, 0, 0
34371, 916287, 0, 0
34510, 1187302, 0, 0
34754, 952987, 0, 0
35039, 280549, 0, 0
35270, 577943, 0, 0
35722, 1096504, 0, 0
35769, 3074112, 0, 0
36027, 3153278, 0, 0
36264, 965787, 0, 0
36528, 581641, 0, 0
36814, 115258, 0, 0
37213, 1233401, 0, 0
37269, 3809764, 0, 0
37800, 3560171, 0, 0
37881, 3371454, 0, 0
38005, 718758, 0, 0
38255, 2161163, 0, 0
38512, 800489, 0, 0
38750, 998268, 0, 0
39009, 499435, 0, 0
39313, 668969, 0, 0
39504, 1069125, 0, 0
39763, 774969, 0, 0
40217, 1084061, 0, 0
40308, 1255267, 0, 0
40515, 1514272, 0, 0
40808, 2639777, 0, 0
41002, 1076822, 0, 0
41329, 325559, 0, 0
41528, 957481, 0, 0
41758, 1413128, 0, 0
42197, 602852, 0, 0
42257, 2772746, 0, 0
42507, 1480508, 0, 0
42767, 575775, 0, 0
43059, 535365, 0, 0
43314, 1519472, 0, 0
43506, 2037177, 0, 0
43776, 1284624, 0, 0
44245, 383075, 0, 0
44265, 2634010, 0, 0
44504, 1981851, 0, 0
44751, 871668, 0, 0
45565, 797018, 0, 0
45570, 818867, 0, 0
45602, 2763313, 0, 0
45777, 970079, 0, 0
46324, 2728462, 0, 0
46385, 2737361, 0, 0
46512, 2838261, 0, 0
46753, 2228454, 0, 0
47004, 634120, 0, 0
47409, 1928800, 0, 0
47503, 2139824, 0, 0
47782, 1059249, 0, 0
48012, 1454385, 0, 0
48269, 408302, 0, 0
48893, 1691748, 0, 0
48979, 3252121, 0, 0
49080, 3338654, 0, 0
49296, 1034818, 0, 0
49517, 339821, 0, 0
49763, 400520, 0, 0
50017, 1322848, 0, 0
50276, 2025022, 0, 0
50511, 1246665, 0, 0
50750, 1369666, 0, 0
51016, 117869, 0, 0
51255, 1264737, 0, 0
51522, 1112083, 0, 0
51752, 877369, 0, 0
52003, 568543, 0, 0
52252, 182758, 0, 0
52501, 277414, 0, 0
52808, 270293, 0, 0
53060, 282157, 0, 0
53261, 189337, 0, 0
54364, 960920, 0, 0
54426, 3784829, 0, 0
54465, 3971844, 0, 0
54495, 3984282, 0, 0
54522, 3876847, 0, 0
54821, 1060285, 0, 0
55043, 1883391, 0, 0
55311, 687126, 0, 0
55529, 490436, 0, 0
55763, 2116803, 0, 0
56008, 1856441, 0, 0
56292, 1032536, 0, 0
56516, 133552, 0, 0
56772, 310938, 0, 0
57007, 1111535, 0, 0
57266, 315870, 0, 0
57758, 490947, 0, 0
57806, 3380687, 0, 0
58050, 790324, 0, 0
58263, 163157, 0, 0
58515, 1452710, 0, 0
58750, 180288, 0, 0
59012, 465992, 0, 0
59257, 168625, 0, 0
59542, 1297056, 0, 0
59762, 1744821, 0, 0
60007, 1484567, 0, 0
61122, 1259576, 0, 0
61122, 1244771, 0, 0
61122, 1416723, 0, 0
61122, 1238585, 0, 0
61122, 2709464, 0, 0
306, 198188, 0, 0
547, 408861, 0, 0
761, 619589, 0, 0
1002, 785862, 0, 0
1253, 459725, 0, 0
1632, 754850, 0, 0
1772, 305352, 0, 0
2042, 671689, 0, 0
2251, 676678, 0, 0
2502, 666116, 0, 0
2770, 1161241, 0, 0
3253, 689791, 0, 0
3293, 1933464, 0, 0
3514, 1198457, 0, 0
4167, 904516, 0, 0
4221, 2448783, 0, 0
4255, 2474554, 0, 0
4503, 1767871, 0, 0
4782, 923306, 0, 0
5358, 832614, 0, 0
5446, 1155394, 0, 0
5513, 67221, 0, 0
5761, 482177, 0, 0
6046, 1374119, 0, 0
6298, 837232, 0, 0
6519, 958094, 0, 0
6760, 752054, 0, 0
7005, 1617639, 0, 0
7261, 1455543, 0, 0
7561, 1551004, 0, 0
7837, 976574, 0, 0
8267, 2580728, 0, 0
8317, 50229, 0, 0
8519, 1045291, 0, 0
8752, 1107169, 0, 0
9017, 1246295, 0, 0
9259, 1348994, 0, 0
9500, 1007300, 0, 0
9759, 1811626, 0, 0
10008, 1534450, 0, 0
10269, 1941211, 0, 0
10553, 656426, 0, 0
10772, 285949, 0, 0
11101, 1533743, 0, 0
11270, 1571113, 0, 0
11516, 1103982, 0, 0
11751, 934939, 0, 0
12015, 914826, 0, 0
12332, 1826200, 0, 0
12522, 1226774, 0, 0
12757, 1445159, 0, 0
13269, 566267, 0, 0
13336, 1321725, 0, 0
13604, 1818028, 0, 0
13751, 3015501, 0, 0
14001, 281610, 0, 0
14250, 588281, 0, 0
14513, 920386, 0, 0
14756, 647626, 0, 0
15053, 625143, 0, 0
15262, 1180454, 0, 0
15503, 752855, 0, 0
15776, 1455430, 0, 0
16080, 447475, 0, 0
16288, 809541, 0, 0
16716, 1079142, 0, 0
16750, 33885, 0, 0
17016, 1120706, 0, 0
17259, 1553514, 0, 0
17505, 1212007, 0, 0
18301, 517413, 0, 0
18346, 45307, 0, 0
18366, 2526648, 0, 0
18504, 864264, 0, 0
18766, 1934740, 0, 0
19003, 888995, 0, 0
19274, 1037395, 0, 0
19500, 1452344, 0, 0
19814, 993409, 0, 0
20014, 1218451, 0, 0
20272, 1329430, 0, 0
21193, 2765129, 0, 0
21197, 1897947, 0, 0
21229, 2787331, 0, 0
21256, 2813978, 0, 0
21523, 1720630, 0, 0
21758, 659685, 0, 0
22018, 1330287, 0, 0
22258, 880952, 0, 0
22557, 949655, 0, 0
22775, 2365800, 0, 0
23041, 255778, 0, 0
23320, 702814, 0, 0
23543, 2220009, 0, 0
24020, 1731334, 0, 0
24023, 2650801, 0, 0
24266, 1595091, 0, 0
24519, 1537297, 0, 0
24958, 1025762, 0, 0
25090, 1641880, 0, 0
25254, 987453, 0, 0
25501, 698211, 0, 0
25770, 1453330, 0, 0
26404, 1601912, 0, 0
26473, 68927, 0, 0
26514, 950155, 0, 0
26764, 1282932, 0, 0
27020, 577633, 0, 0
27250, 727821, 0, 0
27530, 995221, 0, 0
27764, 1853963, 0, 0
28036, 844424, 0, 0
28251, 1224709, 0, 0
28518, 843325, 0, 0
28786, 263514, 0, 0
29029, 1318649, 0, 0
29257, 719207, 0, 0
29502, 1174742, 0, 0
29803, 481931, 0, 0
30061, 367819, 0, 0
30253, 569459, 0, 0
30545, 703469, 0, 0
30783, 458472, 0, 0
31021, 232065, 0, 0
31254, 133594, 0, 0
31528, 141600, 0, 0
31784, 335399, 0, 0
32009, 622022, 0, 0
32282, 1635036, 0, 0
32524, 1696065, 0, 0
32764, 1832356, 0, 0
33018, 1764358, 0, 0
33253, 1491498, 0, 0
33502, 539876, 0, 0
33767, 1675162, 0, 0
34027, 535303, 0, 0
34280, 444217, 0, 0
35206, 3129913, 0, 0
35256, 49345, 0, 0
35303, 47640, 0, 0
35345, 41674, 0, 0
35501, 1280311, 0, 0
35778, 496285, 0, 0
36009, 2453622, 0, 0
36256, 1194121, 0, 0
36562, 765657, 0, 0
36767, 995143, 0, 0
37010, 242769, 0, 0
37321, 1965159, 0, 0
37516, 1167739, 0, 0
37751, 1521141, 0, 0
38042, 374231, 0, 0
38626, 1290293, 0, 0
38732, 106489, 0, 0
38759, 3011864, 0, 0
39038, 1800526, 0, 0
39404, 3325960, 0, 0
39547, 3076087, 0, 0
39756, 1167059, 0, 0
40054, 298165, 0, 0
40256, 354394, 0, 0
40599, 3097893, 0, 0
40751, 2550781, 0, 0
41009, 2513019, 0, 0
41257, 797761, 0, 0
41529, 1610990, 0, 0
42170, 2765643, 0, 0
42210, 2758413, 0, 0
42289, 2741960, 0, 0
42587, 2770797, 0, 0
42804, 2707473, 0, 0
43076, 1177584, 0, 0
43263, 1520683, 0, 0
43513, 1091545, 0, 0
43759, 395444, 0, 0
44013, 1464880, 0, 0
44258, 1239648, 0, 0
44534, 674328, 0, 0
44853, 1204178, 0, 0
45015, 827093, 0, 0
45252, 327323, 0, 0
45516, 831934, 0, 0
45777, 442030, 0, 0
46090, 891927, 0, 0
46277, 1665742, 0, 0
46512, 537415, 0, 0
46770, 838263, 0, 0
47024, 2257046, 0, 0
47299, 1349003, 0, 0
47535, 600927, 0, 0
47791, 643281, 0, 0
48184, 946082, 0, 0
48350, 904904, 0, 0
48508, 509484, 0, 0
48765, 2584182, 0, 0
49017, 1272089, 0, 0
49853, 2113739, 0, 0
49876, 3740533, 0, 0
49899, 3746961, 0, 0
50227, 2073460, 0, 0
50314, 438583, 0, 0
50537, 1508312, 0, 0
50788, 2132796, 0, 0
51058, 3509979, 0, 0
51308, 1305693, 0, 0
51505, 2765705, 0, 0
51786, 3768513, 0, 0
52177, 1106846, 0, 0
52278, 383833, 0, 0
52511, 580526, 0, 0
52874, 952632, 0, 0
53007, 294104, 0, 0
53267, 2464323, 0, 0
53644, 163557, 0, 0
53879, 3651756, 0, 0
54035, 3720774, 0, 0
54314, 641747, 0, 0
54504, 1421646, 0, 0
54758, 595776, 0, 0
55008, 1251748, 0, 0
55252, 969386, 0, 0
55551, 1243873, 0, 0
55772, 1762740, 0, 0
56004, 135760, 0, 0
56254, 990049, 0, 0
56536, 435679, 0, 0
56759, 793672, 0, 0
57005, 1396340, 0, 0
57256, 581182, 0, 0
58410, 695646, 0, 0
58428, 3212751, 0, 0
58461, 51614, 0, 0
58466, 3239150, 0, 0
58519, 1671735, 0, 0
58766, 1309146, 0, 0
59014, 1038824, 0, 0
59280, 867435, 0, 0
59515, 153136, 0, 0
59780, 142963, 0, 0
60035, 576865, 0, 0
61131, 4693809, 0, 0
61131, 4669778, 0, 0
61131, 4644747, 0, 0
61131, 4534396, 0, 0
61131, 2651263, 0, 0
307, 298310, 0, 0
622, 457471, 0, 0
849, 725593, 0, 0
1036, 902736, 0, 0
1258, 1163634, 0, 0
1856, 811592, 0, 0
1895, 1877599, 0, 0
2039, 1842678, 0, 0
2361, 887791, 0, 0
2575, 1578932, 0, 0
2786, 1858157, 0, 0
3013, 498389, 0, 0
3406, 594416, 0, 0
3520, 1960472, 0, 0
3800, 2071691, 0, 0
4074, 2059832, 0, 0
4461, 2009570, 0, 0
4559, 3101210, 0, 0
4872, 3452478, 0, 0
5008, 1154864, 0, 0
5251, 767638, 0, 0
5560, 2215373, 0, 0
5758, 1487096, 0, 0
6004, 542457, 0, 0
6416, 687408, 0, 0
6513, 775326, 0, 0
6753, 812350, 0, 0
7001, 548168, 0, 0
7353, 800898, 0, 0
7511, 584046, 0, 0
7771, 941414, 0, 0
8007, 850143, 0, 0
8314, 553241, 0, 0
8728, 2597077, 0, 0
8793, 3901147, 0, 0
9160, 3224952, 0, 0
9371, 2768629, 0, 0
10138, 1227161, 0, 0
10183, 44245, 0, 0
10207, 24598, 0, 0
10251, 44094, 0, 0
10513, 2955672, 0, 0
10769, 1048920, 0, 0
11213, 1384462, 0, 0
11281, 1921420, 0, 0
11588, 2752870, 0, 0
12833, 2581584, 0, 0
12842, 2554060, 0, 0
12865, 32021, 0, 0
12869, 2518792, 0, 0
12883, 40979, 0, 0
13033, 1677977, 0, 0
13266, 923177, 0, 0
13508, 1144757, 0, 0
13757, 1385823, 0, 0
14011, 734870, 0, 0
14285, 1014736, 0, 0
14506, 543296, 0, 0
14755, 91429, 0, 0
15024, 263173, 0, 0
15312, 395561, 0, 0
15545, 496916, 0, 0
15947, 484686, 0, 0
16070, 742444, 0, 0
17235, 1599639, 0, 0
17274, 3297174, 0, 0
17360, 10705859, 0, 0
17372, 137037, 0, 0
17428, 153678, 0, 0
17547, 7159793, 0, 0
17796, 2188777, 0, 0
18026, 1770611, 0, 0
18260, 772511, 0, 0
18504, 1063322, 0, 0
18786, 360698, 0, 0
19000, 623007, 0, 0
19254, 929553, 0, 0
19507, 547871, 0, 0
19754, 1992023, 0, 0
20060, 1775497, 0, 0
20256, 264805, 0, 0
20511, 343632, 0, 0
20997, 158610, 0, 0
21364, 688793, 0, 0
21379, 695541, 0, 0
21785, 1045164, 0, 0
22104, 319445, 0, 0
22544, 1547294, 0, 0
22628, 1264427, 0, 0
22629, 525061, 0, 0
22763, 222692, 0, 0
24943, 3559238, 0, 0
24993, 50126, 0, 0
25036, 43326, 0, 0
25080, 44392, 0, 0
25085, 13871804, 0, 0
25115, 13878490, 0, 0
25126, 45478, 0, 0
25157, 13875149, 0, 0
25318, 233142, 0, 0
25354, 238913, 0, 0
25507, 3975218, 0, 0
26042, 11308585, 0, 0
26079, 37323, 0, 0
26254, 3829811, 0, 0
26513, 1997629, 0, 0
26772, 208493, 0, 0
27008, 175813, 0, 0
27468, 515830, 0, 0
27517, 496839, 0, 0
27804, 641642, 0, 0
28023, 219542, 0, 0
28295, 714946, 0, 0
28647, 935126, 0, 0
28852, 418862, 0, 0
29068, 659273, 0, 0
29254, 396956, 0, 0
29559, 949426, 0, 0
29788, 146745, 0, 0
30078, 1019206, 0, 0
30259, 463121, 0, 0
30540, 6028802, 0, 0
30767, 6111153, 0, 0
31012, 5430931, 0, 0
31267, 224389, 0, 0
31515, 2858606, 0, 0
31776, 422855, 0, 0
32027, 923165, 0, 0
32259, 611049, 0, 0
32515, 897786, 0, 0
32756, 588981, 0, 0
33037, 914620, 0, 0
33273, 627898, 0, 0
33522, 991442, 0, 0
34226, 2223067, 0, 0
34243, 1622721, 0, 0
34260, 1565992, 0, 0
34512, 483029, 0, 0
34787, 1071259, 0, 0
35008, 549916, 0, 0
35269, 545112, 0, 0
35554, 2091565, 0, 0
35782, 3069657, 0, 0
36094, 434464, 0, 0
36257, 406179, 0, 0
36701, 629671, 0, 0
36771, 496480, 0, 0
37040, 636266, 0, 0
37259, 4175301, 0, 0
37675, 2134877, 0, 0
37833, 4647554, 0, 0
38057, 3047714, 0, 0
38404, 3251367, 0, 0
38642, 936270, 0, 0
38799, 1084395, 0, 0
39450, 964096, 0, 0
39861, 3393364, 0, 0
39899, 2663003, 0, 0
39917, 2671935, 0, 0
40025, 2765795, 0, 0
40252, 499619, 0, 0
40511, 955502, 0, 0
40870, 1875046, 0, 0
41018, 1278414, 0, 0
41269, 1362262, 0, 0
41502, 1197801, 0, 0
41755, 796736, 0, 0
42181, 702924, 0, 0
42264, 2284934, 0, 0
42513, 512714, 0, 0
42754, 637033, 0, 0
43007, 342121, 0, 0
43289, 362804, 0, 0
43501, 803006, 0, 0
43821, 901305, 0, 0
44026, 2179111, 0, 0
44274, 1297504, 0, 0
44581, 620046, 0, 0
44825, 1222600, 0, 0
45243, 1025400, 0, 0
45266, 633334, 0, 0
45651, 720586, 0, 0
45750, 1076092, 0, 0
46037, 3037560, 0, 0
46391, 965835, 0, 0
46608, 2767096, 0, 0
46971, 2733965, 0, 0
47081, 585341, 0, 0
47281, 1904469, 0, 0
47519, 520253, 0, 0
47816, 298140, 0, 0
48113, 349711, 0, 0
48341, 642995, 0, 0
48505, 845133, 0, 0
48831, 311413, 0, 0
49003, 584283, 0, 0
49298, 2312960, 0, 0
49631, 1430867, 0, 0
49775, 2076659, 0, 0
50018, 714759, 0, 0
50390, 1274759, 0, 0
50560, 433752, 0, 0
50752, 143416, 0, 0
51013, 211265, 0, 0
51298, 164604, 0, 0
51513, 427163, 0, 0
52278, 16329319, 0, 0
52302, 24571, 0, 0
52321, 18487, 0, 0
52520, 2030181, 0, 0
53084, 1191489, 0, 0
53254, 604993, 0, 0
53266, 672744, 0, 0
53647, 2845285, 0, 0
53842, 1518445, 0, 0
54037, 2582549, 0, 0
54253, 6397165, 0, 0
54504, 1729211, 0, 0
54756, 293832, 0, 0
55000, 1361888, 0, 0
55395, 2494355, 0, 0
55764, 18882199, 0, 0
55807, 908638, 0, 0
56000, 1407962, 0, 0
56346, 1295360, 0, 0
56654, 154182, 0, 0
56832, 1068132, 0, 0
57014, 392633, 0, 0
57252, 670496, 0, 0
57680, 267278, 0, 0
57885, 862399, 0, 0
58053, 1012131, 0, 0
58260, 557991, 0, 0
58550, 163191, 0, 0
58768, 11796769, 0, 0
59195, 3738803, 0, 0
59288, 9303144, 0, 0
59595, 354951, 0, 0
59846, 1201692, 0, 0
60044, 1134976, 0, 0
61583, 2814594, 0, 0
61583, 1985266, 0, 0
61583, 2681958, 0, 0
61583, 2781408, 0, 0
61583, 2585059, 0, 0
61583, 2387904, 0, 0
61583, 7880449, 0, 0
250, 170705, 0, 0
547, 379600, 0, 0
857, 596284, 0, 0
1027, 743588, 0, 0
1291, 1164884, 0, 0
1508, 327361, 0, 0
1771, 747659, 0, 0
2181, 771226, 0, 0
2278, 2246277, 0, 0
2554, 940707, 0, 0
2911, 2890831, 0, 0
3089, 3069020, 0, 0
3289, 2797335, 0, 0
3518, 1797728, 0, 0
3757, 351830, 0, 0
4031, 164100, 0, 0
4299, 751443, 0, 0
4520, 2273141, 0, 0
4751, 874471, 0, 0
5035, 1567677, 0, 0
5255, 1162431, 0, 0
5596, 1900188, 0, 0
5839, 616931, 0, 0
6031, 2484393, 0, 0
6265, 1167327, 0, 0
6514, 509574, 0, 0
6829, 654665, 0, 0
7029, 996904, 0, 0
7254, 830952, 0, 0
7642, 2047797, 0, 0
7750, 26969, 0, 0
8076, 65243, 0, 0
8422, 918917, 0, 0
8528, 5193291, 0, 0
8813, 1509594, 0, 0
9026, 639914, 0, 0
9313, 2537216, 0, 0
9517, 315914, 0, 0
9789, 1859248, 0, 0
10038, 853769, 0, 0
10256, 2298310, 0, 0
10552, 1457031, 0, 0
10751, 288216, 0, 0
11006, 536714, 0, 0
11328, 729443, 0, 0
11532, 615873, 0, 0
11964, 728032, 0, 0
12019, 690050, 0, 0
12283, 566700, 0, 0
12573, 821079, 0, 0
12818, 1497291, 0, 0
13025, 722843, 0, 0
13388, 952999, 0, 0
13553, 979663, 0, 0
13884, 3375099, 0, 0
14119, 1335692, 0, 0
14424, 8393031, 0, 0
14729, 8662680, 0, 0
14765, 1199451, 0, 0
15009, 518133, 0, 0
15272, 639790, 0, 0
15566, 703557, 0, 0
15895, 2848672, 0, 0
16005, 109782, 0, 0
16377, 235758, 0, 0
16580, 502211, 0, 0
16757, 454998, 0, 0
17013, 636397, 0, 0
17267, 333452, 0, 0
17697, 510556, 0, 0
17778, 467603, 0, 0
18304, 362822, 0, 0
18335, 557908, 0, 0
18578, 737653, 0, 0
18764, 404850, 0, 0
19063, 4726104, 0, 0
19314, 8022539, 0, 0
19979, 11451325, 0, 0
20283, 11754367, 0, 0
20355, 375986, 0, 0
20768, 484758, 0, 0
21284, 928660, 0, 0
21327, 43744, 0, 0
21357, 29853, 0, 0
21402, 44787, 0, 0
21527, 6588144, 0, 0
21761, 2461516, 0, 0
22342, 4243529, 0, 0
22500, 617764, 0, 0
22543, 12997941, 0, 0
22760, 163594, 0, 0
23073, 97571, 0, 0
23261, 270105, 0, 0
23774, 13379088, 0, 0
23834, 60134, 0, 0
24032, 39614, 0, 0
24391, 2334466, 0, 0
24623, 295148, 0, 0
24766, 154559, 0, 0
25028, 8113538, 0, 0
25301, 2503241, 0, 0
25549, 162893, 0, 0
25857, 101672, 0, 0
26024, 5548870, 0, 0
26487, 11070930, 0, 0
27493, 10480288, 0, 0
27532, 39452, 0, 0
27573, 40456, 0, 0
27613, 40462, 0, 0
27644, 30939, 0, 0
27765, 120285, 0, 0
28010, 4032610, 0, 0
28493, 3420164, 0, 0
28513, 2545433, 0, 0
28769, 852168, 0, 0
29023, 588205, 0, 0
29434, 827856, 0, 0
29525, 10618809, 0, 0
29767, 5363632, 0, 0
30177, 2064498, 0, 0
30335, 1094629, 0, 0
30628, 2947324, 0, 0
30852, 9447422, 0, 0
31006, 3205624, 0, 0
31266, 1156110, 0, 0
31526, 8352919, 0, 0
31835, 2845805, 0, 0
32231, 5618744, 0, 0
32375, 3279397, 0, 0
32504, 2529010, 0, 0
32803, 948274, 0, 0
33068, 1555325, 0, 0
33348, 2012143, 0, 0
33500, 687081, 0, 0
33767, 634308, 0, 0
34002, 724924, 0, 0
34260, 115146, 0, 0
34912, 2965860, 0, 0
34929, 9062281, 0, 0
35334, 7261800, 0, 0
35368, 5489953, 0, 0
35510, 4153608, 0, 0
35754, 488172, 0, 0
36680, 327604, 0, 0
36706, 1063163, 0, 0
36864, 1209736, 0, 0
36873, 1194384, 0, 0
37267, 293546, 0, 0
37389, 4504453, 0, 0
37509, 3299947, 0, 0
37777, 580657, 0, 0
38040, 1844878, 0, 0
38360, 149174, 0, 0
38546, 172020, 0, 0
38839, 1359771, 0, 0
39114, 1018160, 0, 0
39253, 1828111, 0, 0
39997, 1545950, 0, 0
40042, 44595, 0, 0
40075, 33166, 0, 0
40270, 65063, 0, 0
40690, 2211969, 0, 0
41773, 2589751, 0, 0
41791, 2593151, 0, 0
41808, 9577620, 0, 0
41855, 2642238, 0, 0
41877, 2642545, 0, 0
42009, 2034157, 0, 0
42308, 743739, 0, 0
42541, 3759826, 0, 0
42827, 1548387, 0, 0
43029, 626285, 0, 0
43271, 1118403, 0, 0
43748, 3782416, 0, 0
43835, 4538841, 0, 0
44024, 4719018, 0, 0
44412, 3419439, 0, 0
44965, 638071, 0, 0
45168, 1897023, 0, 0
45185, 1885693, 0, 0
45256, 693781, 0, 0
45563, 255568, 0, 0
45762, 1180028, 0, 0
46110, 382640, 0, 0
46353, 498627, 0, 0
46544, 434536, 0, 0
46771, 1772217, 0, 0
47008, 922639, 0, 0
47261, 990104, 0, 0
47508, 544581, 0, 0
47769, 3627291, 0, 0
48149, 1195345, 0, 0
48421, 1487450, 0, 0
48520, 4891229, 0, 0
48751, 876539, 0, 0
49010, 180556, 0, 0
49252, 1339000, 0, 0
49506, 1952662, 0, 0
49766, 1941860, 0, 0
50104, 365897, 0, 0
50272, 138146, 0, 0
50500, 320356, 0, 0
50773, 4221933, 0, 0
51026, 8806198, 0, 0
51376, 683188, 0, 0
51505, 861533, 0, 0
51762, 523738, 0, 0
52004, 334162, 0, 0
52269, 516463, 0, 0
52501, 1225213, 0, 0
52768, 928093, 0, 0
53038, 120050, 0, 0
53252, 770375, 0, 0
53593, 1126129, 0, 0
53794, 929640, 0, 0
54007, 843139, 0, 0
54308, 613660, 0, 0
54548, 385876, 0, 0
54766, 72484, 0, 0
55038, 1153254, 0, 0
55416, 650540, 0, 0
55615, 774485, 0, 0
56157, 1593823, 0, 0
56188, 1863821, 0, 0
56261, 431107, 0, 0
56595, 99967, 0, 0
56847, 412421, 0, 0
57002, 1265952, 0, 0
57302, 3113996, 0, 0
57517, 1354611, 0, 0
57751, 324363, 0, 0
58721, 339640, 0, 0
58775, 1593186, 0, 0
58795, 73583, 0, 0
58817, 976642, 0, 0
59019, 488035, 0, 0
59263, 379221, 0, 0
59518, 333556, 0, 0
59816, 141011, 0, 0
60015, 426637, 0, 0
61618, 2668171, 0, 0
61618, 1986483, 0, 0
61618, 2661919, 0, 0
61618, 2647556, 0, 0
61618, 1802460, 0, 0
61618, 2627878, 0, 0
61618, 9739788, 0, 0
252, 161648, 0, 0
530, 361121, 0, 0
756, 362260, 0, 0
1032, 380154, 0, 0
1309, 762647, 0, 0
1506, 945300, 0, 0
1753, 646277, 0, 0
2002, 797436, 0, 0
2694, 1873745, 0, 0
2788, 2634464, 0, 0
2856, 2156675, 0, 0
3064, 2549968, 0, 0
3276, 935378, 0, 0
3549, 2784302, 0, 0
3851, 2738903, 0, 0
4123, 2682123, 0, 0
4322, 2823952, 0, 0
4603, 1294036, 0, 0
4843, 3133430, 0, 0
5019, 3146916, 0, 0
5279, 3141844, 0, 0
5553, 1702496, 0, 0
5790, 3464307, 0, 0
6013, 2151617, 0, 0
6256, 1132144, 0, 0
6876, 228363, 0, 0
6889, 876142, 0, 0
7019, 655640, 0, 0
7264, 1195654, 0, 0
7696, 1874626, 0, 0
7803, 1520532, 0, 0
8212, 1759769, 0, 0
8341, 3885413, 0, 0
8711, 446552, 0, 0
8794, 1098324, 0, 0
9025, 995852, 0, 0
9427, 3688543, 0, 0
9696, 4852919, 0, 0
9758, 30807, 0, 0
10006, 1882313, 0, 0
10281, 4265778, 0, 0
10682, 847440, 0, 0
10811, 3475624, 0, 0
11021, 2516863, 0, 0
11311, 1671711, 0, 0
11542, 4014317, 0, 0
11750, 613546, 0, 0
12015, 869308, 0, 0
12277, 851032, 0, 0
12537, 526619, 0, 0
12787, 1017992, 0, 0
13024, 1525043, 0, 0
13321, 723582, 0, 0
13535, 480636, 0, 0
13759, 643692, 0, 0
14003, 1135588, 0, 0
14251, 643957, 0, 0
14522, 987795, 0, 0
14752, 520736, 0, 0
15002, 103478, 0, 0
15283, 119974, 0, 0
15500, 582439, 0, 0
15821, 354882, 0, 0
16092, 605688, 0, 0
16290, 530412, 0, 0
16507, 856305, 0, 0
16776, 718057, 0, 0
17009, 1065156, 0, 0
17262, 444651, 0, 0
17510, 704704, 0, 0
17760, 289555, 0, 0
18000, 178232, 0, 0
18253, 1470485, 0, 0
18503, 181333, 0, 0
18760, 2239564, 0, 0
19035, 270949, 0, 0
19252, 543030, 0, 0
19741, 365130, 0, 0
19882, 847021, 0, 0
20084, 1016424, 0, 0
20294, 997513, 0, 0
20522, 414501, 0, 0
20866, 423179, 0, 0
21007, 206447, 0, 0
21282, 464678, 0, 0
21506, 275396, 0, 0
21772, 152486, 0, 0
22016, 243222, 0, 0
22273, 160176, 0, 0
22586, 618802, 0, 0
22771, 3639906, 0, 0
23061, 13088468, 0, 0
23281, 1051992, 0, 0
23520, 1146653, 0, 0
23783, 1137445, 0, 0
24021, 479560, 0, 0
24265, 664528, 0, 0
24503, 278863, 0, 0
24781, 339654, 0, 0
25051, 429795, 0, 0
25263, 186470, 0, 0
25513, 4307554, 0, 0
25751, 4144717, 0, 0
26015, 2075531, 0, 0
26325, 375207, 0, 0
26636, 675275, 0, 0
26758, 5724407, 0, 0
27054, 634931, 0, 0
27351, 3084924, 0, 0
27672, 3162509, 0, 0
27754, 4472960, 0, 0
28002, 4693460, 0, 0
28261, 594129, 0, 0
28532, 1318392, 0, 0
28814, 720671, 0, 0
29001, 268576, 0, 0
29270, 127983, 0, 0
29743, 557783, 0, 0
29814, 10670327, 0, 0
30105, 3908535, 0, 0
30255, 2584297, 0, 0
30505, 1029491, 0, 0
30931, 552896, 0, 0
31003, 420775, 0, 0
31614, 2646708, 0, 0
31627, 6988576, 0, 0
31832, 4265864, 0, 0
32005, 2265098, 0, 0
32355, 1424298, 0, 0
33150, 1430038, 0, 0
33191, 40535, 0, 0
33218, 27509, 0, 0
33254, 1170198, 0, 0
33603, 698804, 0, 0
33855, 2718123, 0, 0
34025, 997033, 0, 0
34269, 81195, 0, 0
34509, 4303270, 0, 0
34783, 2730079, 0, 0
35015, 4513637, 0, 0
35265, 1332647, 0, 0
35775, 1096394, 0, 0
35881, 566304, 0, 0
36078, 727814, 0, 0
36252, 1221277, 0, 0
36500, 2155119, 0, 0
36752, 1083951, 0, 0
37162, 338857, 0, 0
37339, 387042, 0, 0
37514, 1193109, 0, 0
37762, 972294, 0, 0
38038, 1138116, 0, 0
38311, 2735250, 0, 0
38506, 4349357, 0, 0
38759, 4103426, 0, 0
39008, 1430224, 0, 0
39385, 500275, 0, 0
39536, 421675, 0, 0
39779, 152977, 0, 0
40051, 244663, 0, 0
40340, 615841, 0, 0
40500, 953435, 0, 0
40754, 872859, 0, 0
41000, 1197941, 0, 0
41263, 472786, 0, 0
41524, 1719272, 0, 0
41844, 1659133, 0, 0
42022, 152457, 0, 0
42251, 2197924, 0, 0
42505, 2523327, 0, 0
42805, 901440, 0, 0
43032, 807744, 0, 0
43250, 675070, 0, 0
43596, 474233, 0, 0
43793, 1590932, 0, 0
44043, 311546, 0, 0
44315, 937322, 0, 0
44553, 1183621, 0, 0
44755, 654985, 0, 0
45012, 703613, 0, 0
45346, 976825, 0, 0
45501, 669950, 0, 0
45904, 695618, 0, 0
46014, 889594, 0, 0
46261, 346468, 0, 0
46509, 122803, 0, 0
46772, 682127, 0, 0
47719, 996606, 0, 0
47760, 1149984, 0, 0
47878, 1367329, 0, 0
47990, 1463767, 0, 0
48024, 1204764, 0, 0
48275, 1252515, 0, 0
48546, 1270365, 0, 0
49438, 2321669, 0, 0
49462, 4014420, 0, 0
49482, 4014611, 0, 0
49570, 1189344, 0, 0
49814, 2359643, 0, 0
50009, 2621494, 0, 0
50261, 184125, 0, 0
50534, 655485, 0, 0
50767, 228545, 0, 0
51026, 429299, 0, 0
51258, 487715, 0, 0
51516, 32323, 0, 0
51856, 1153699, 0, 0
52103, 3750154, 0, 0
52268, 1963740, 0, 0
52519, 1796883, 0, 0
52781, 1339205, 0, 0
53046, 643901, 0, 0
53284, 575928, 0, 0
53516, 817785, 0, 0
53752, 945511, 0, 0
54023, 318039, 0, 0
55349, 1083744, 0, 0
55399, 49440, 0, 0
55433, 34018, 0, 0
55460, 26736, 0, 0
55475, 15568, 0, 0
55517, 41411, 0, 0
55808, 645016, 0, 0
56100, 2739807, 0, 0
56262, 13110864, 0, 0
56518, 3001523, 0, 0
56752, 6451564, 0, 0
57005, 2245729, 0, 0
57251, 630302, 0, 0
57507, 132174, 0, 0
57769, 173226, 0, 0
58014, 738470, 0, 0
58253, 325616, 0, 0
58538, 2181176, 0, 0
58845, 5483496, 0, 0
59060, 570465, 0, 0
59260, 923597, 0, 0
59626, 732524, 0, 0
59750, 248381, 0, 0
60097, 607285, 0, 0
61690, 3328143, 0, 0
61690, 2429300, 0, 0
61690, 3316390, 0, 0
61690, 1868892, 0, 0
61690, 2399995, 0, 0
61690, 1925672, 0, 0
61690, 7231703, 0, 0
333, 230541, 0, 0
508, 383437, 0, 0
777, 655916, 0, 0
1006, 616689, 0, 0
1267, 251128, 0, 0
1586, 558875, 0, 0
1753, 1686397, 0, 0
2007, 1657620, 0, 0
2349, 529560, 0, 0
2503, 1371123, 0, 0
2760, 1810676, 0, 0
3421, 969683, 0, 0
3476, 54534, 0, 0
3582, 1166037, 0, 0
3801, 538256, 0, 0
4065, 2563945, 0, 0
4278, 1649699, 0, 0
4558, 396152, 0, 0
4783, 2985859, 0, 0
5108, 2463965, 0, 0
5266, 1065600, 0, 0
5509, 522236, 0, 0
5834, 878697, 0, 0
6171, 1214276, 0, 0
6345, 2508033, 0, 0
6560, 1113515, 0, 0
6758, 1049317, 0, 0
7008, 258765, 0, 0
7254, 1503280, 0, 0
7628, 1532660, 0, 0
7755, 3459226, 0, 0
8010, 1391437, 0, 0
8259, 2937804, 0, 0
8538, 822765, 0, 0
8844, 1973275, 0, 0
9022, 962018, 0, 0
9270, 636140, 0, 0
9503, 1483916, 0, 0
9806, 1392115, 0, 0
10013, 866011, 0, 0
10451, 733129, 0, 0
10508, 56401, 0, 0
10754, 993245, 0, 0
11054, 614143, 0, 0
11254, 936969, 0, 0
11575, 972536, 0, 0
11759, 320502, 0, 0
12009, 1204357, 0, 0
12256, 259204, 0, 0
12517, 296041, 0, 0
12951, 363167, 0, 0
13143, 644002, 0, 0
13335, 762408, 0, 0
13627, 2452562, 0, 0
13794, 1272380, 0, 0
14013, 386806, 0, 0
14296, 1891568, 0, 0
14637, 727307, 0, 0
14782, 1196557, 0, 0
15210, 807614, 0, 0
15370, 588401, 0, 0
15520, 250229, 0, 0
15756, 547766, 0, 0
16142, 2607901, 0, 0
16272, 1740247, 0, 0
16523, 1125246, 0, 0
16758, 370951, 0, 0
17008, 1829011, 0, 0
17305, 499369, 0, 0
17501, 711418, 0, 0
17760, 544569, 0, 0
18093, 251441, 0, 0
18477, 396498, 0, 0
18508, 671481, 0, 0
18762, 454092, 0, 0
19027, 287292, 0, 0
19315, 782473, 0, 0
19598, 1185635, 0, 0
19788, 2311243, 0, 0
20016, 4730649, 0, 0
20421, 2530458, 0, 0
20510, 3165733, 0, 0
20751, 1531177, 0, 0
21016, 601181, 0, 0
21251, 279197, 0, 0
21510, 1562007, 0, 0
21769, 210812, 0, 0
22001, 425587, 0, 0
22263, 494042, 0, 0
22521, 518378, 0, 0
22837, 495282, 0, 0
23041, 290807, 0, 0
23307, 2860290, 0, 0
23522, 3734363, 0, 0
23756, 128766, 0, 0
24005, 284471, 0, 0
24267, 87097, 0, 0
24546, 150243, 0, 0
24786, 816274, 0, 0
25015, 192328, 0, 0
25281, 2344869, 0, 0
25558, 6734295, 0, 0
25793, 337979, 0, 0
26006, 206818, 0, 0
26504, 121931, 0, 0
26794, 290068, 0, 0
27206, 1209009, 0, 0
27220, 1214136, 0, 0
27276, 27759, 0, 0
27887, 2458215, 0, 0
27899, 10485300, 0, 0
28116, 5317407, 0, 0
28261, 29140, 0, 0
28503, 468160, 0, 0
28882, 903179, 0, 0
29149, 2946937, 0, 0
29275, 166616, 0, 0
29513, 5712537, 0, 0
29754, 1561392, 0, 0
30412, 794366, 0, 0
30594, 1116927, 0, 0
30675, 1769762, 0, 0
30887, 474697, 0, 0
31030, 436098, 0, 0
31263, 4134099, 0, 0
31525, 4312729, 0, 0
31761, 1658035, 0, 0
32006, 1822461, 0, 0
32266, 1407356, 0, 0
32519, 549283, 0, 0
32779, 701266, 0, 0
33008, 1133789, 0, 0
33916, 4113665, 0, 0
33980, 963064, 0, 0
34001, 975111, 0, 0
34014, 34247, 0, 0
34292, 518701, 0, 0
34520, 2391598, 0, 0
34753, 558058, 0, 0
35053, 128391, 0, 0
35284, 2818427, 0, 0
35501, 792754, 0, 0
35757, 1709549, 0, 0
36060, 551767, 0, 0
36395, 1622582, 0, 0
36528, 454820, 0, 0
36751, 460114, 0, 0
37006, 2531742, 0, 0
37299, 1537923, 0, 0
37888, 3728351, 0, 0
38003, 693959, 0, 0
38111, 1476274, 0, 0
38257, 2897537, 0, 0
38507, 2564380, 0, 0
38816, 496781, 0, 0
39000, 240042, 0, 0
39270, 891467, 0, 0
39505, 999313, 0, 0
39795, 393378, 0, 0
40013, 321983, 0, 0
40267, 280039, 0, 0
40526, 212431, 0, 0
40758, 821841, 0, 0
41074, 1337136, 0, 0
41275, 1351763, 0, 0
41554, 854010, 0, 0
41761, 371570, 0, 0
42004, 580081, 0, 0
42254, 669625, 0, 0
42523, 569615, 0, 0
42760, 554607, 0, 0
43009, 279843, 0, 0
43365, 897167, 0, 0
43532, 1770403, 0, 0
43780, 1552957, 0, 0
44082, 1459454, 0, 0
44316, 3025336, 0, 0
44503, 200190, 0, 0
44814, 1499793, 0, 0
45099, 4759776, 0, 0
45464, 1078109, 0, 0
45510, 2589123, 0, 0
45808, 1336930, 0, 0
46069, 1042145, 0, 0
46380, 1034378, 0, 0
46522, 727166, 0, 0
46849, 5082415, 0, 0
47140, 14455815, 0, 0
47593, 1494255, 0, 0
47651, 2978227, 0, 0
47988, 3174178, 0, 0
48304, 1454282, 0, 0
48510, 1369317, 0, 0
48538, 1384610, 0, 0
48814, 280059, 0, 0
49440, 1197045, 0, 0
49527, 695993, 0, 0
49746, 897030, 0, 0
50428, 1481824, 0, 0
50530, 1090151, 0, 0
50734, 1206969, 0, 0
50788, 258674, 0, 0
50864, 1117724, 0, 0
51043, 3160449, 0, 0
51386, 2592194, 0, 0
51596, 2755308, 0, 0
52102, 8520407, 0, 0
52179, 76447, 0, 0
52484, 304809, 0, 0
52646, 162430, 0, 0
52769, 949584, 0, 0
53084, 6926638, 0, 0
53566, 1409535, 0, 0
53591, 17438928, 0, 0
53765, 623591, 0, 0
54034, 233741, 0, 0
54266, 1833504, 0, 0
54578, 211812, 0, 0
54755, 4588881, 0, 0
55011, 1299456, 0, 0
55251, 2267617, 0, 0
55537, 465312, 0, 0
55755, 1636573, 0, 0
56004, 77510, 0, 0
56288, 469558, 0, 0
56521, 1155727, 0, 0
56753, 1007870, 0, 0
57049, 904382, 0, 0
57331, 877283, 0, 0
57525, 829122, 0, 0
57835, 439484, 0, 0
58017, 276653, 0, 0
58252, 710875, 0, 0
58501, 397271, 0, 0
58753, 121464, 0, 0
59006, 218208, 0, 0
59271, 447779, 0, 0
59514, 135018, 0, 0
59760, 444316, 0, 0
60023, 4899668, 0, 0
61725, 1938508, 0, 0
61725, 2378090, 0, 0
61725, 1856317, 0, 0
61725, 1818943, 0, 0
61725, 19045604, 0, 0
61725, 2199899, 0, 0
61725, 10841279, 0, 0
371, 246739, 0, 0
506, 444337, 0, 0
831, 432393, 0, 0
1010, 573646, 0, 0
1258, 691750, 0, 0
1526, 845525, 0, 0
1762, 877745, 0, 0
2011, 1256582, 0, 0
2285, 1389300, 0, 0
2520, 1308301, 0, 0
2769, 825184, 0, 0
3017, 983720, 0, 0
3285, 1344069, 0, 0
3542, 1118190, 0, 0
3764, 827098, 0, 0
4027, 668226, 0, 0
4268, 1140777, 0, 0
4518, 536305, 0, 0
4768, 769004, 0, 0
5006, 745944, 0, 0
5272, 1198689, 0, 0
5508, 799030, 0, 0
5773, 1042790, 0, 0
6006, 1212484, 0, 0
6301, 929581, 0, 0
6523, 1398567, 0, 0
6759, 1190415, 0, 0
7077, 1003246, 0, 0
7295, 1512027, 0, 0
7551, 1675860, 0, 0
7782, 1462186, 0, 0
8104, 1705034, 0, 0
8252, 1372494, 0, 0
8542, 1252590, 0, 0
8791, 731376, 0, 0
9044, 1239378, 0, 0
9268, 894080, 0, 0
9544, 1376082, 0, 0
9750, 665398, 0, 0
10011, 854492, 0, 0
10375, 2266814, 0, 0
10500, 1034676, 0, 0
10779, 1995697, 0, 0
11097, 2282210, 0, 0
11263, 903681, 0, 0
11515, 383782, 0, 0
11765, 1264163, 0, 0
12078, 528984, 0, 0
12311, 148339, 0, 0
12514, 1618138, 0, 0
12780, 1202028, 0, 0
13046, 513022, 0, 0
13275, 1302710, 0, 0
13514, 1756296, 0, 0
13835, 1641560, 0, 0
14047, 1849007, 0, 0
14464, 739382, 0, 0
14619, 3252806, 0, 0
14774, 1395032, 0, 0
15015, 1339269, 0, 0
15256, 1213693, 0, 0
15502, 980397, 0, 0
15756, 1474384, 0, 0
16017, 1169949, 0, 0
16250, 1195674, 0, 0
16715, 871174, 0, 0
16768, 307397, 0, 0
17579, 1442945, 0, 0
17739, 2670562, 0, 0
17748, 169193, 0, 0
17757, 2678467, 0, 0
18019, 649241, 0, 0
18253, 799883, 0, 0
18503, 839414, 0, 0
18778, 1563681, 0, 0
19002, 1835179, 0, 0
19277, 789243, 0, 0
20522, 1309975, 0, 0
20572, 49571, 0, 0
20585, 2634738, 0, 0
20620, 2652460, 0, 0
20621, 48881, 0, 0
20766, 738362, 0, 0
21013, 982058, 0, 0
21253, 998808, 0, 0
21514, 1571419, 0, 0
21752, 2270519, 0, 0
22012, 435597, 0, 0
22949, 803901, 0, 0
23024, 2096900, 0, 0
23131, 2203757, 0, 0
23157, 2203939, 0, 0
23265, 658266, 0, 0
23532, 1504792, 0, 0
23768, 820838, 0, 0
24003, 825998, 0, 0
24262, 765750, 0, 0
24533, 1461415, 0, 0
25075, 2088122, 0, 0
25201, 749190, 0, 0
25259, 789925, 0, 0
25533, 2268508, 0, 0
25914, 337879, 0, 0
26021, 1575032, 0, 0
26271, 1098715, 0, 0
26553, 1250032, 0, 0
26856, 1172121, 0, 0
27006, 632705, 0, 0
27283, 872042, 0, 0
27505, 696447, 0, 0
28140, 2205945, 0, 0
28166, 2040228, 0, 0
28280, 2014174, 0, 0
28512, 1347051, 0, 0
28752, 811183, 0, 0
29007, 482483, 0, 0
29252, 598318, 0, 0
29530, 1308895, 0, 0
29791, 1601434, 0, 0
30061, 953024, 0, 0
30253, 1683514, 0, 0
30662, 925235, 0, 0
30760, 2246710, 0, 0
31020, 1376060, 0, 0
31281, 1284961, 0, 0
31514, 138833, 0, 0
32012, 612093, 0, 0
32052, 2467163, 0, 0
32309, 1968486, 0, 0
32507, 644605, 0, 0
32763, 1472717, 0, 0
33141, 1323467, 0, 0
33321, 2533019, 0, 0
33504, 1608464, 0, 0
33764, 721366, 0, 0
34086, 496489, 0, 0
34251, 1585643, 0, 0
34505, 1018555, 0, 0
34757, 508895, 0, 0
35009, 2547800, 0, 0
35433, 699762, 0, 0
35513, 1506150, 0, 0
36424, 1099622, 0, 0
36472, 2556132, 0, 0
36552, 2609673, 0, 0
36723, 299782, 0, 0
36763, 291052, 0, 0
37161, 1913905, 0, 0
37251, 2045663, 0, 0
37513, 2051978, 0, 0
37814, 1479969, 0, 0
38006, 1180263, 0, 0
38264, 639501, 0, 0
38530, 893807, 0, 0
38912, 808034, 0, 0
39015, 2178777, 0, 0
39384, 2042046, 0, 0
39643, 2103674, 0, 0
39755, 1778866, 0, 0
40005, 997642, 0, 0
40315, 209337, 0, 0
40516, 202527, 0, 0
40773, 1038651, 0, 0
41016, 747606, 0, 0
41264, 1267640, 0, 0
41846, 1172572, 0, 0
42043, 2659483, 0, 0
42079, 2652559, 0, 0
42277, 454626, 0, 0
42542, 1363165, 0, 0
42757, 1598196, 0, 0
43014, 566893, 0, 0
43287, 1473118, 0, 0
43518, 2141634, 0, 0
43755, 811033, 0, 0
44014, 1090821, 0, 0
44261, 433814, 0, 0
44524, 471775, 0, 0
44769, 223253, 0, 0
45016, 1264151, 0, 0
45608, 977458, 0, 0
45656, 2368322, 0, 0
45752, 1202550, 0, 0
46013, 686881, 0, 0
46272, 1139268, 0, 0
46538, 673903, 0, 0
46760, 1314123, 0, 0
47007, 939605, 0, 0
47255, 1492663, 0, 0
47590, 1013540, 0, 0
47758, 2204506, 0, 0
48000, 879020, 0, 0
48254, 1328524, 0, 0
48824, 1173998, 0, 0
48849, 2947824, 0, 0
49025, 1261248, 0, 0
49271, 122673, 0, 0
49513, 1504468, 0, 0
49824, 988791, 0, 0
50162, 2385850, 0, 0
50267, 348972, 0, 0
50534, 3230407, 0, 0
50753, 2505647, 0, 0
51011, 1077346, 0, 0
51253, 1537245, 0, 0
51501, 329892, 0, 0
51781, 107651, 0, 0
52011, 793308, 0, 0
52300, 1600717, 0, 0
52507, 730508, 0, 0
52767, 409685, 0, 0
53003, 767057, 0, 0
53262, 914390, 0, 0
53575, 1477035, 0, 0
53771, 1326971, 0, 0
54596, 1427644, 0, 0
54607, 2704073, 0, 0
54632, 2703909, 0, 0
54756, 1483411, 0, 0
55005, 357223, 0, 0
55274, 539255, 0, 0
55505, 1410249, 0, 0
55835, 1166816, 0, 0
56015, 1851625, 0, 0
56340, 123827, 0, 0
56555, 1636971, 0, 0
56762, 128429, 0, 0
57029, 107410, 0, 0
57467, 2780252, 0, 0
57503, 2783366, 0, 0
57764, 1333888, 0, 0
58020, 764336, 0, 0
58272, 995199, 0, 0
58505, 1418308, 0, 0
58766, 1114410, 0, 0
59009, 2557428, 0, 0
59300, 2369337, 0, 0
59526, 633343, 0, 0
59774, 116538, 0, 0
60022, 103494, 0, 0
60749, 903567, 0, 0
60749, 872364, 0, 0
60749, 2350511, 0, 0
252, 173285, 0, 0
513, 369109, 0, 0
799, 590080, 0, 0
1017, 581505, 0, 0
1270, 557378, 0, 0
1525, 567665, 0, 0
1760, 1055881, 0, 0
2030, 1167605, 0, 0
2258, 660853, 0, 0
2519, 700506, 0, 0
2823, 489174, 0, 0
3232, 1676645, 0, 0
3260, 1285124, 0, 0
3515, 1631107, 0, 0
3763, 1230714, 0, 0
4010, 1011249, 0, 0
4273, 1289145, 0, 0
4590, 980519, 0, 0
4757, 1262270, 0, 0
5161, 736710, 0, 0
5292, 1104099, 0, 0
5618, 1962792, 0, 0
5819, 943498, 0, 0
6009, 1209779, 0, 0
6278, 1120064, 0, 0
6534, 1261463, 0, 0
6794, 1871543, 0, 0
7021, 1124215, 0, 0
7286, 1068376, 0, 0
7529, 654753, 0, 0
7762, 1389050, 0, 0
8033, 1598907, 0, 0
8275, 1202842, 0, 0
8585, 1209147, 0, 0
8756, 1081492, 0, 0
9004, 593336, 0, 0
9259, 1146095, 0, 0
9503, 776452, 0, 0
9766, 506912, 0, 0
10019, 740669, 0, 0
10263, 680542, 0, 0
10526, 529571, 0, 0
11017, 1229644, 0, 0
11042, 2265818, 0, 0
11266, 1044517, 0, 0
11516, 1135105, 0, 0
11755, 398127, 0, 0
12009, 969098, 0, 0
12298, 478878, 0, 0
12584, 1509633, 0, 0
12762, 980157, 0, 0
13029, 548563, 0, 0
13275, 1339367, 0, 0
13517, 1190210, 0, 0
14156, 402360, 0, 0
14185, 775091, 0, 0
14263, 1242282, 0, 0
14516, 1211418, 0, 0
14758, 968945, 0, 0
15027, 1878368, 0, 0
15266, 1603698, 0, 0
15624, 1346311, 0, 0
15827, 384658, 0, 0
16291, 1015143, 0, 0
16346, 55085, 0, 0
16884, 1546750, 0, 0
16901, 2541746, 0, 0
17121, 1081050, 0, 0
17258, 124698, 0, 0
17508, 1606752, 0, 0
17793, 953815, 0, 0
18108, 1352656, 0, 0
18263, 1944811, 0, 0
18530, 1208456, 0, 0
18782, 181947, 0, 0
19003, 103924, 0, 0
19683, 2629740, 0, 0
19701, 2282232, 0, 0
19763, 1398460, 0, 0
20014, 1188711, 0, 0
20254, 601284, 0, 0
20522, 982535, 0, 0
20856, 1082856, 0, 0
21055, 2460594, 0, 0
21331, 2424263, 0, 0
21505, 870667, 0, 0
22452, 1102702, 0, 0
22460, 2371357, 0, 0
22469, 2377079, 0, 0
22504, 2349229, 0, 0
22771, 1720627, 0, 0
23052, 449610, 0, 0
23292, 895927, 0, 0
23506, 155112, 0, 0
23989, 2410477, 0, 0
24069, 2464502, 0, 0
24297, 2562486, 0, 0
24859, 2481170, 0, 0
24868, 2342123, 0, 0
25010, 2354508, 0, 0
25256, 1122114, 0, 0
25520, 979336, 0, 0
25770, 594784, 0, 0
26019, 372945, 0, 0
26270, 477475, 0, 0
26526, 1191610, 0, 0
26807, 852347, 0, 0
27045, 2156861, 0, 0
27269, 2250688, 0, 0
27579, 2407875, 0, 0
27759, 663385, 0, 0
28010, 1739236, 0, 0
28251, 1163749, 0, 0
28505, 275240, 0, 0
28779, 1207944, 0, 0
29020, 1070080, 0, 0
29256, 2428364, 0, 0
29528, 1509134, 0, 0
29781, 803224, 0, 0
30003, 1192976, 0, 0
30307, 2117584, 0, 0
30520, 1318769, 0, 0
30801, 821115, 0, 0
31007, 1124213, 0, 0
31307, 767248, 0, 0
31502, 754885, 0, 0
31767, 1176571, 0, 0
32030, 1192289, 0, 0
32269, 799012, 0, 0
32728, 1261276, 0, 0
32753, 341483, 0, 0
33017, 1075252, 0, 0
33252, 679421, 0, 0
33516, 983859, 0, 0
33855, 1435823, 0, 0
34009, 1535195, 0, 0
34351, 1116619, 0, 0
34554, 1569975, 0, 0
34765, 1541881, 0, 0
35004, 719057, 0, 0
35380, 290551, 0, 0
35542, 872682, 0, 0
35790, 1097598, 0, 0
36010, 870076, 0, 0
36263, 1208080, 0, 0
36518, 1155149, 0, 0
36755, 1020239, 0, 0
37002, 397290, 0, 0
37260, 752504, 0, 0
37544, 724837, 0, 0
37754, 1348076, 0, 0
38498, 896205, 0, 0
38507, 2178906, 0, 0
38519, 2183407, 0, 0
38765, 1964863, 0, 0
39000, 1420270, 0, 0
39268, 1483108, 0, 0
39528, 305754, 0, 0
39781, 143211, 0, 0
40103, 877784, 0, 0
40295, 2422091, 0, 0
40657, 941385, 0, 0
41154, 2599419, 0, 0
41176, 2598444, 0, 0
41272, 2608505, 0, 0
41530, 2177353, 0, 0
41759, 966433, 0, 0
42004, 1039495, 0, 0
42266, 427077, 0, 0
42626, 1564945, 0, 0
42758, 2014852, 0, 0
43025, 593563, 0, 0
43250, 208755, 0, 0
43541, 198176, 0, 0
44042, 1349307, 0, 0
44114, 407640, 0, 0
44317, 1771768, 0, 0
44689, 1621419, 0, 0
44751, 971948, 0, 0
45017, 1863758, 0, 0
45264, 1004120, 0, 0
45504, 830074, 0, 0
45753, 127163, 0, 0
46012, 1053377, 0, 0
46429, 1523011, 0, 0
46566, 68071, 0, 0
46752, 2535979, 0, 0
47404, 554264, 0, 0
47448, 43303, 0, 0
47509, 2745183, 0, 0
47758, 1024390, 0, 0
48070, 587586, 0, 0
48348, 2309813, 0, 0
48542, 971792, 0, 0
48805, 801151, 0, 0
49005, 1226506, 0, 0
49269, 1649441, 0, 0
49538, 914985, 0, 0
49752, 252838, 0, 0
50022, 109983, 0, 0
50301, 1259023, 0, 0
50515, 275848, 0, 0
50814, 827875, 0, 0
51003, 2020778, 0, 0
51393, 681219, 0, 0
51519, 1486311, 0, 0
51776, 2020997, 0, 0
52017, 1218058, 0, 0
52700, 491308, 0, 0
52803, 102312, 0, 0
52848, 45536, 0, 0
53021, 1739757, 0, 0
53364, 2478712, 0, 0
53521, 1773405, 0, 0
53757, 484090, 0, 0
54155, 336234, 0, 0
54269, 1470122, 0, 0
54532, 1217890, 0, 0
54809, 2687978, 0, 0
55301, 2630925, 0, 0
55310, 2422136, 0, 0
55546, 1016709, 0, 0
55776, 825488, 0, 0
56121, 579742, 0, 0
56313, 2104346, 0, 0
56514, 254750, 0, 0
56850, 1741377, 0, 0
57129, 2719753, 0, 0
57275, 2782236, 0, 0
57519, 1858122, 0, 0
57820, 2088321, 0, 0
58012, 415860, 0, 0
58264, 1970886, 0, 0
58584, 100877, 0, 0
58790, 571001, 0, 0
59028, 1344779, 0, 0
59553, 2452317, 0, 0
59606, 2331044, 0, 0
59764, 1519881, 0, 0
60023, 379638, 0, 0
61079, 3682781, 0, 0
61079, 1127464, 0, 0
61079, 1092131, 0, 0
61079, 3673843, 0, 0
61079, 2239992, 0, 0
285, 215643, 0, 0
520, 422900, 0, 0
771, 506280, 0, 0
1014, 361534, 0, 0
1297, 1179346, 0, 0
1509, 1408831, 0, 0
1759, 1218944, 0, 0
2010, 1058468, 0, 0
2258, 1010583, 0, 0
2509, 1279122, 0, 0
2759, 673616, 0, 0
3021, 1232587, 0, 0
3457, 1190329, 0, 0
3517, 1375529, 0, 0
3922, 1059968, 0, 0
4031, 908640, 0, 0
4365, 1515615, 0, 0
4508, 1614134, 0, 0
4793, 1647166, 0, 0
5065, 2285526, 0, 0
5260, 1705493, 0, 0
5509, 433722, 0, 0
5764, 1510697, 0, 0
6000, 1847944, 0, 0
6278, 1783902, 0, 0
6549, 976542, 0, 0
6750, 1161341, 0, 0
7068, 1110234, 0, 0
7259, 1122801, 0, 0
7500, 701879, 0, 0
7781, 981909, 0, 0
8012, 542497, 0, 0
8339, 306118, 0, 0
8515, 1221260, 0, 0
8782, 976265, 0, 0
9058, 1428189, 0, 0
9267, 1007232, 0, 0
9510, 1182059, 0, 0
9775, 1795043, 0, 0
10033, 286416, 0, 0
10260, 95646, 0, 0
10527, 1211811, 0, 0
10796, 1265213, 0, 0
11010, 1993391, 0, 0
11446, 1607640, 0, 0
11692, 2425531, 0, 0
11988, 2488132, 0, 0
12042, 2558251, 0, 0
12297, 2564545, 0, 0
12504, 834185, 0, 0
12783, 509654, 0, 0
13020, 723787, 0, 0
13267, 169147, 0, 0
13598, 1145432, 0, 0
13760, 965510, 0, 0
14009, 339727, 0, 0
14261, 855264, 0, 0
14510, 1228735, 0, 0
14760, 916695, 0, 0
15000, 241375, 0, 0
15348, 1671805, 0, 0
15516, 2073545, 0, 0
15785, 829625, 0, 0
16848, 946809, 0, 0
16866, 2887710, 0, 0
17000, 2990741, 0, 0
17036, 2485440, 0, 0
17071, 2510099, 0, 0
17272, 2686471, 0, 0
17525, 729246, 0, 0
17766, 1190361, 0, 0
18001, 1850525, 0, 0
18267, 590238, 0, 0
18507, 943616, 0, 0
18753, 220506, 0, 0
19438, 810257, 0, 0
19455, 2589834, 0, 0
19500, 2468784, 0, 0
19861, 985618, 0, 0
20052, 1361792, 0, 0
20264, 1470634, 0, 0
20507, 1028677, 0, 0
20767, 830687, 0, 0
21001, 592296, 0, 0
21295, 944866, 0, 0
22173, 2541719, 0, 0
22191, 2542716, 0, 0
22209, 2601801, 0, 0
22264, 2598971, 0, 0
22666, 1080819, 0, 0
22773, 2189433, 0, 0
23018, 957788, 0, 0
23259, 412403, 0, 0
23500, 745764, 0, 0
23776, 500887, 0, 0
24016, 457807, 0, 0
24623, 457482, 0, 0
24662, 2471583, 0, 0
24752, 2451288, 0, 0
25044, 1587675, 0, 0
25281, 1513046, 0, 0
25605, 2296206, 0, 0
25771, 1592586, 0, 0
26091, 972768, 0, 0
26260, 275364, 0, 0
26508, 1942720, 0, 0
26887, 2330280, 0, 0
27051, 1620753, 0, 0
27252, 345595, 0, 0
27508, 1002655, 0, 0
27773, 981309, 0, 0
28149, 445735, 0, 0
28263, 1993722, 0, 0
28645, 2140372, 0, 0
28806, 1270420, 0, 0
29034, 1151610, 0, 0
29311, 455310, 0, 0
29549, 909305, 0, 0
29767, 1533073, 0, 0
30012, 2224750, 0, 0
30357, 1464593, 0, 0
30571, 1141983, 0, 0
31259, 2114435, 0, 0
31286, 2118928, 0, 0
31311, 2130694, 0, 0
31522, 1015185, 0, 0
31756, 1145228, 0, 0
32063, 1343642, 0, 0
32264, 1498236, 0, 0
32509, 1713871, 0, 0
32764, 770498, 0, 0
33017, 978769, 0, 0
33881, 1331195, 0, 0
33957, 2533865, 0, 0
34017, 2558724, 0, 0
34053, 2584523, 0, 0
34269, 2583934, 0, 0
34531, 2501320, 0, 0
34981, 2488936, 0, 0
35024, 2585704, 0, 0
35274, 2668443, 0, 0
35764, 1616729, 0, 0
35791, 2872134, 0, 0
36020, 2232117, 0, 0
36306, 276394, 0, 0
36686, 1223093, 0, 0
36836, 1886936, 0, 0
37007, 1579966, 0, 0
37315, 757033, 0, 0
37565, 955832, 0, 0
37772, 3053134, 0, 0
38024, 2949667, 0, 0
38284, 2825489, 0, 0
38578, 1988486, 0, 0
38767, 773172, 0, 0
39042, 617482, 0, 0
39265, 809439, 0, 0
39501, 510831, 0, 0
39773, 1018554, 0, 0
40023, 982832, 0, 0
40273, 323228, 0, 0
40503, 1030119, 0, 0
40768, 1168466, 0, 0
41485, 2191882, 0, 0
41503, 2509324, 0, 0
41566, 2524044, 0, 0
41810, 2559919, 0, 0
42150, 2667666, 0, 0
42250, 2671029, 0, 0
42517, 947334, 0, 0
42796, 1016707, 0, 0
43002, 2365217, 0, 0
43254, 2327706, 0, 0
43514, 1328562, 0, 0
44119, 1059129, 0, 0
44155, 2652091, 0, 0
44267, 1409932, 0, 0
45005, 1838559, 0, 0
45116, 2716008, 0, 0
45133, 2716011, 0, 0
45260, 2726923, 0, 0
45513, 1558199, 0, 0
45786, 2760524, 0, 0
46008, 1055505, 0, 0
46267, 796916, 0, 0
46506, 635459, 0, 0
46754, 314315, 0, 0
47002, 753433, 0, 0
47271, 421521, 0, 0
47504, 678123, 0, 0
47760, 103915, 0, 0
48018, 556729, 0, 0
48281, 1398185, 0, 0
48515, 2374022, 0, 0
48759, 1622543, 0, 0
49071, 392691, 0, 0
49252, 187852, 0, 0
49502, 241923, 0, 0
49760, 863252, 0, 0
50019, 994406, 0, 0
50274, 787205, 0, 0
50569, 1278135, 0, 0
51082, 706114, 0, 0
51100, 3047526, 0, 0
51259, 2981774, 0, 0
51547, 1854391, 0, 0
52218, 2620012, 0, 0
52238, 2254341, 0, 0
52258, 2248023, 0, 0
52527, 1021793, 0, 0
52843, 965638, 0, 0
53010, 439695, 0, 0
53262, 1126834, 0, 0
53618, 1399423, 0, 0
53792, 1328013, 0, 0
54012, 1818551, 0, 0
54274, 1284685, 0, 0
54978, 2545842, 0, 0
55032, 2435092, 0, 0
55088, 2475158, 0, 0
55556, 2513655, 0, 0
55609, 2563342, 0, 0
55751, 1354348, 0, 0
56036, 1627101, 0, 0
56277, 239248, 0, 0
56522, 925842, 0, 0
56757, 1116553, 0, 0
57009, 1084852, 0, 0
57265, 431623, 0, 0
57522, 143523, 0, 0
57753, 2143995, 0, 0
58329, 593908, 0, 0
58439, 109662, 0, 0
58501, 1382956, 0, 0
58828, 1721129, 0, 0
59019, 2645069, 0, 0
59250, 1128414, 0, 0
59508, 1660494, 0, 0
59837, 812643, 0, 0
60076, 2321125, 0, 0
61116, 3196999, 0, 0
61116, 3170289, 0, 0
61116, 3143623, 0, 0
61116, 2574352, 0, 0
61116, 1841078, 0, 0
275, 174573, 0, 0
570, 362429, 0, 0
770, 624492, 0, 0
1055, 855087, 0, 0
1326, 711572, 0, 0
1500, 892951, 0, 0
2153, 674064, 0, 0
2406, 1836127, 0, 0
2413, 2399600, 0, 0
2634, 1629656, 0, 0
2796, 1666865, 0, 0
3029, 1609970, 0, 0
3258, 1772754, 0, 0
3511, 1196338, 0, 0
3818, 2315496, 0, 0
4026, 1900102, 0, 0
4326, 156877, 0, 0
4507, 808971, 0, 0
4757, 1156567, 0, 0
5007, 816142, 0, 0
5262, 716808, 0, 0
5522, 1857858, 0, 0
5821, 1611387, 0, 0
6063, 1167301, 0, 0
6267, 2786489, 0, 0
6531, 987487, 0, 0
6892, 1630297, 0, 0
7006, 720632, 0, 0
7271, 846559, 0, 0
7521, 1445520, 0, 0
7774, 1500760, 0, 0
8017, 1460992, 0, 0
8259, 1037346, 0, 0
8500, 810017, 0, 0
9287, 1325068, 0, 0
9316, 1937588, 0, 0
9343, 56026, 0, 0
9517, 920273, 0, 0
9811, 677763, 0, 0
10011, 1429003, 0, 0
10256, 830206, 0, 0
10553, 939063, 0, 0
10756, 812432, 0, 0
11005, 911809, 0, 0
11844, 890874, 0, 0
11900, 2512376, 0, 0
11934, 2519729, 0, 0
12015, 928515, 0, 0
12260, 933748, 0, 0
12568, 920880, 0, 0
12797, 2449816, 0, 0
13011, 2614593, 0, 0
13384, 325723, 0, 0
13542, 928145, 0, 0
13762, 2450490, 0, 0
14118, 1524221, 0, 0
14295, 3180082, 0, 0
15373, 3273802, 0, 0
15426, 3301437, 0, 0
15587, 3401395, 0, 0
15703, 3513162, 0, 0
15731, 358365, 0, 0
15758, 331575, 0, 0
16000, 2057211, 0, 0
16263, 1055388, 0, 0
16506, 817519, 0, 0
16755, 1223383, 0, 0
17005, 828691, 0, 0
17258, 363823, 0, 0
17516, 639103, 0, 0
18714, 2567048, 0, 0
18750, 2577652, 0, 0
18774, 2591730, 0, 0
18849, 2650950, 0, 0
19089, 2582051, 0, 0
19137, 2622822, 0, 0
19257, 1343026, 0, 0
19510, 1965114, 0, 0
19765, 1573329, 0, 0
21153, 760470, 0, 0
21170, 2420616, 0, 0
21214, 2440033, 0, 0
21217, 64235, 0, 0
21258, 87197, 0, 0
21259, 2410601, 0, 0
21649, 461752, 0, 0
21769, 2477967, 0, 0
22012, 1636021, 0, 0
22255, 1344611, 0, 0
22506, 969249, 0, 0
23585, 798631, 0, 0
23612, 2210909, 0, 0
23666, 2237590, 0, 0
23909, 2420695, 0, 0
24261, 2611934, 0, 0
24276, 2618115, 0, 0
24288, 2612119, 0, 0
24505, 1666738, 0, 0
24761, 1105565, 0, 0
25008, 1530448, 0, 0
25275, 364056, 0, 0
25522, 248779, 0, 0
25785, 601778, 0, 0
26068, 1215781, 0, 0
26602, 2275113, 0, 0
26643, 2256962, 0, 0
26752, 1320206, 0, 0
27002, 1272933, 0, 0
27261, 904691, 0, 0
27597, 1472014, 0, 0
27817, 2363204, 0, 0
28002, 1535548, 0, 0
28474, 705201, 0, 0
28525, 416344, 0, 0
29073, 1326648, 0, 0
29096, 2306485, 0, 0
29272, 2400529, 0, 0
29504, 2367396, 0, 0
29764, 975938, 0, 0
30030, 2178094, 0, 0
30250, 831134, 0, 0
30517, 481319, 0, 0
30761, 633511, 0, 0
31088, 1048425, 0, 0
31252, 892023, 0, 0
31549, 673603, 0, 0
31750, 1045635, 0, 0
32008, 867572, 0, 0
32354, 142658, 0, 0
32526, 2201019, 0, 0
32754, 1570497, 0, 0
33078, 1319618, 0, 0
33277, 2503137, 0, 0
33572, 1195382, 0, 0
33750, 1588116, 0, 0
34007, 803344, 0, 0
34339, 972245, 0, 0
34520, 280675, 0, 0
34774, 587142, 0, 0
35003, 727950, 0, 0
35272, 770630, 0, 0
35515, 995620, 0, 0
35763, 504113, 0, 0
36039, 539519, 0, 0
36256, 1132580, 0, 0
36510, 326566, 0, 0
36806, 1385387, 0, 0
37001, 1168953, 0, 0
37262, 803141, 0, 0
37503, 928900, 0, 0
37861, 639551, 0, 0
38250, 3053653, 0, 0
38266, 2750212, 0, 0
38627, 1945266, 0, 0
38764, 294281, 0, 0
39024, 1057389, 0, 0
39262, 1921540, 0, 0
39507, 2051250, 0, 0
39766, 720501, 0, 0
40011, 748260, 0, 0
40258, 843881, 0, 0
40543, 1307503, 0, 0
40891, 1012239, 0, 0
41010, 924945, 0, 0
41286, 331490, 0, 0
41512, 1198189, 0, 0
41773, 821813, 0, 0
42027, 829566, 0, 0
42443, 516206, 0, 0
42505, 2606505, 0, 0
42777, 2284712, 0, 0
43148, 1299523, 0, 0
43251, 410552, 0, 0
43504, 258846, 0, 0
43753, 262793, 0, 0
44011, 1279916, 0, 0
44288, 912086, 0, 0
44529, 471716, 0, 0
44792, 1606663, 0, 0
45187, 443682, 0, 0
45329, 2689856, 0, 0
45573, 1998663, 0, 0
46465, 781349, 0, 0
46501, 2409331, 0, 0
46568, 2441024, 0, 0
46635, 2472384, 0, 0
46816, 2439915, 0, 0
47043, 2524275, 0, 0
47282, 2602622, 0, 0
47789, 2766623, 0, 0
47811, 2918806, 0, 0
48053, 2561407, 0, 0
48252, 643923, 0, 0
48517, 546460, 0, 0
48755, 1374843, 0, 0
49052, 934551, 0, 0
49585, 3119695, 0, 0
49620, 3119476, 0, 0
49774, 2106140, 0, 0
50209, 1440909, 0, 0
50279, 1367725, 0, 0
50528, 1280375, 0, 0
50772, 2085544, 0, 0
51167, 1361918, 0, 0
51408, 2940853, 0, 0
51511, 2927273, 0, 0
51751, 1777084, 0, 0
52202, 1217477, 0, 0
52267, 2364861, 0, 0
52520, 821116, 0, 0
52761, 1224184, 0, 0
53004, 703489, 0, 0
53319, 2500993, 0, 0
53529, 1378818, 0, 0
53766, 925819, 0, 0
54003, 1398982, 0, 0
54255, 914239, 0, 0
54500, 780313, 0, 0
54921, 639571, 0, 0
55005, 2394044, 0, 0
55268, 821754, 0, 0
55520, 849055, 0, 0
56018, 644439, 0, 0
56041, 2654727, 0, 0
56268, 2696811, 0, 0
56923, 2721154, 0, 0
56950, 2729449, 0, 0
57027, 73217, 0, 0
57302, 1740868, 0, 0
57551, 2239947, 0, 0
57852, 501309, 0, 0
58020, 2710639, 0, 0
58273, 334121, 0, 0
58515, 1242128, 0, 0
58754, 1871610, 0, 0
59011, 1386575, 0, 0
59264, 477407, 0, 0
59506, 1579222, 0, 0
59802, 1024006, 0, 0
60011, 429877, 0, 0
61125, 3738488, 0, 0
61125, 1185648, 0, 0
61125, 3273526, 0, 0
61125, 3246737, 0, 0
61125, 2460878, 0, 0
