287, 52031, 0, 0
287, 69823, 1, 0
503, 55024, 0, 0
503, 56739, 1, 0
778, 84778, 0, 0
778, 88241, 1, 0
1076, 258121, 0, 0
1076, 217036, 1, 0
1250, 201788, 0, 0
1250, 187425, 1, 0
1528, 69010, 0, 0
1528, 76130, 1, 0
1751, 68862, 0, 0
1751, 74612, 1, 0
2005, 43711, 0, 0
2005, 55589, 1, 0
2250, 107447, 0, 0
2250, 96030, 1, 0
2507, 132528, 0, 0
2507, 123073, 1, 0
2750, 124514, 0, 0
2750, 137820, 1, 0
3010, 47366, 0, 0
3010, 62590, 1, 0
3272, 121767, 0, 0
3272, 131411, 1, 0
3527, 64962, 0, 0
3527, 69394, 1, 0
3750, 71300, 0, 0
3750, 88350, 1, 0
4000, 275397, 0, 0
4000, 267126, 1, 0
4256, 91336, 0, 0
4256, 89663, 1, 0
4564, 63034, 0, 0
4564, 66806, 1, 0
4907, 99063, 0, 0
4907, 97562, 1, 0
5027, 140543, 0, 0
5027, 180745, 1, 0
5278, 52028, 0, 0
5278, 54628, 1, 0
5531, 90174, 0, 0
5531, 98384, 1, 0
5945, 68339, 0, 0
5945, 59887, 1, 0
6028, 285593, 0, 0
6028, 286080, 1, 0
6258, 74625, 0, 0
6258, 70585, 1, 0
6523, 60832, 0, 0
6523, 59760, 1, 0
6750, 111432, 0, 0
6750, 120207, 1, 0
7000, 53503, 0, 0
7000, 49515, 1, 0
7263, 62555, 0, 0
7263, 68755, 1, 0
7547, 47174, 0, 0
7547, 53193, 1, 0
7799, 104716, 0, 0
7799, 106989, 1, 0
8037, 60632, 0, 0
8037, 73847, 1, 0
8358, 100510, 0, 0
8358, 100844, 1, 0
8524, 230959, 0, 0
8524, 204054, 1, 0
8779, 104131, 0, 0
8779, 108648, 1, 0
9002, 95750, 0, 0
9002, 99844, 1, 0
9266, 72948, 0, 0
9266, 91107, 1, 0
9507, 56543, 0, 0
9507, 59907, 1, 0
9765, 53659, 0, 0
9765, 58637, 1, 0
10090, 62168, 0, 0
10090, 76391, 1, 0
10300, 147188, 0, 0
10300, 176725, 1, 0
10515, 76039, 0, 0
10515, 77802, 1, 0
10775, 80157, 0, 0
10775, 84998, 1, 0
11026, 47628, 0, 0
11026, 48939, 1, 0
11256, 34610, 0, 0
11256, 39582, 1, 0
11500, 53833, 0, 0
11500, 59201, 1, 0
11854, 67379, 0, 0
11854, 88743, 1, 0
12014, 88501, 0, 0
12014, 117194, 1, 0
12250, 89007, 0, 0
12250, 91972, 1, 0
12500, 49768, 0, 0
12500, 50684, 1, 0
12759, 59915, 0, 0
12759, 71470, 1, 0
13028, 43201, 0, 0
13028, 44943, 1, 0
13343, 54803, 0, 0
13343, 57076, 1, 0
13511, 82744, 0, 0
13511, 82739, 1, 0
13780, 51493, 0, 0
13780, 68343, 1, 0
14015, 52751, 0, 0
14015, 66941, 1, 0
14259, 53991, 0, 0
14259, 61163, 1, 0
14500, 71000, 0, 0
14500, 71315, 1, 0
14863, 63104, 0, 0
14863, 73077, 1, 0
15042, 148530, 0, 0
15042, 161766, 1, 0
15294, 63024, 0, 0
15294, 67972, 1, 0
15502, 93086, 0, 0
15502, 127500, 1, 0
15761, 183110, 0, 0
15761, 186400, 1, 0
16014, 103282, 0, 0
16014, 110450, 1, 0
16250, 197577, 0, 0
16250, 170773, 1, 0
16579, 111254, 0, 0
16579, 139238, 1, 0
16778, 158541, 0, 0
16778, 171973, 1, 0
17001, 207168, 0, 0
17001, 215426, 1, 0
17250, 83236, 0, 0
17250, 91868, 1, 0
17500, 60152, 0, 0
17500, 65469, 1, 0
17821, 67755, 0, 0
17821, 66726, 1, 0
18000, 136395, 0, 0
18000, 140671, 1, 0
18275, 149446, 0, 0
18275, 132466, 1, 0
18506, 78949, 0, 0
18506, 101229, 1, 0
18772, 73084, 0, 0
18772, 76652, 1, 0
19000, 122846, 0, 0
19000, 137471, 1, 0
19265, 72208, 0, 0
19265, 77696, 1, 0
19514, 74619, 0, 0
19514, 80124, 1, 0
19777, 127085, 0, 0
19777, 124287, 1, 0
20027, 55360, 0, 0
20027, 53093, 1, 0
20256, 159640, 0, 0
20256, 198578, 1, 0
20561, 62747, 0, 0
20561, 66039, 1, 0
20759, 126191, 0, 0
20759, 147500, 1, 0
21009, 131612, 0, 0
21009, 113826, 1, 0
21299, 87835, 0, 0
21299, 98421, 1, 0
21513, 137307, 0, 0
21513, 152298, 1, 0
21800, 59704, 0, 0
21800, 65959, 1, 0
22044, 48622, 0, 0
22044, 63591, 1, 0
22252, 64127, 0, 0
22252, 77467, 1, 0
22697, 122504, 0, 0
22697, 107037, 1, 0
22799, 221723, 0, 0
22799, 255261, 1, 0
23066, 65458, 0, 0
23066, 63003, 1, 0
23329, 64758, 0, 0
23329, 72456, 1, 0
23631, 74743, 0, 0
23631, 76007, 1, 0
23751, 133377, 0, 0
23751, 149280, 1, 0
24009, 60114, 0, 0
24009, 62351, 1, 0
24376, 54208, 0, 0
24376, 56005, 1, 0
24500, 98326, 0, 0
24500, 88619, 1, 0
24759, 47916, 0, 0
24759, 49899, 1, 0
25003, 50668, 0, 0
25003, 49675, 1, 0
25284, 55594, 0, 0
25284, 77940, 1, 0
25512, 72957, 0, 0
25512, 79871, 1, 0
25792, 141351, 0, 0
25792, 162922, 1, 0
26091, 58184, 0, 0
26091, 58434, 1, 0
26256, 58949, 0, 0
26256, 78986, 1, 0
26506, 52110, 0, 0
26506, 57100, 1, 0
26766, 54103, 0, 0
26766, 65188, 1, 0
27021, 49356, 0, 0
27021, 49053, 1, 0
27253, 44427, 0, 0
27253, 48213, 1, 0
27611, 75152, 0, 0
27611, 85787, 1, 0
27752, 98283, 0, 0
27752, 124203, 1, 0
28000, 60193, 0, 0
28000, 61095, 1, 0
28292, 90131, 0, 0
28292, 95389, 1, 0
28588, 112238, 0, 0
28588, 130168, 1, 0
28778, 113219, 0, 0
28778, 118962, 1, 0
29001, 62893, 0, 0
29001, 64005, 1, 0
29300, 157437, 0, 0
29300, 161997, 1, 0
29500, 50369, 0, 0
29500, 54598, 1, 0
29786, 98545, 0, 0
29786, 103180, 1, 0
30074, 72711, 0, 0
30074, 86069, 1, 0
30428, 70062, 0, 0
30428, 75624, 1, 0
30772, 294994, 0, 0
30772, 292168, 1, 0
30773, 345117, 0, 0
31148, 92177, 0, 0
31148, 98843, 1, 0
31274, 99378, 0, 0
31274, 93020, 1, 0
31529, 61492, 0, 0
31529, 64363, 1, 0
31753, 61830, 0, 0
31753, 73659, 1, 0
32058, 59017, 0, 0
32058, 66478, 1, 0
32538, 177102, 0, 0
32538, 272998, 1, 0
32538, 655449, 1, 0
32751, 206971, 0, 0
32751, 282348, 1, 0
33014, 82085, 0, 0
33014, 81314, 1, 0
33484, 82382, 0, 0
33484, 85781, 1, 0
33613, 290612, 0, 0
33613, 325953, 1, 0
33794, 175919, 0, 0
33794, 186216, 1, 0
34022, 107662, 0, 0
34022, 113834, 1, 0
34283, 79974, 0, 0
34283, 76280, 1, 0
34521, 76792, 0, 0
34521, 91026, 1, 0
34834, 72842, 0, 0
34834, 76872, 1, 0
35041, 88687, 0, 0
35041, 106248, 1, 0
35295, 63893, 0, 0
35295, 73954, 1, 0
35500, 73163, 0, 0
35500, 97420, 1, 0
35860, 97835, 0, 0
35860, 97298, 1, 0
36035, 110768, 0, 0
36035, 110229, 1, 0
36302, 69705, 0, 0
36302, 79620, 1, 0
36553, 86836, 0, 0
36553, 84818, 1, 0
37008, 64597, 0, 0
37008, 71932, 1, 0
37008, 334929, 1, 0
37623, 112459, 0, 0
37623, 96332, 1, 0
37623, 438522, 0, 0
37765, 192510, 0, 0
37765, 321892, 1, 0
38046, 91391, 0, 0
38046, 101628, 1, 0
38260, 83013, 0, 0
38260, 81367, 1, 0
38544, 153038, 0, 0
38544, 221432, 1, 0
38920, 125930, 0, 0
38920, 137335, 1, 0
39037, 103461, 0, 0
39037, 130327, 1, 0
39289, 57228, 0, 0
39289, 60985, 1, 0
39529, 76392, 0, 0
39529, 75068, 1, 0
39773, 51977, 0, 0
39773, 57430, 1, 0
40029, 135503, 0, 0
40029, 153996, 1, 0
40402, 152739, 0, 0
40402, 135647, 1, 0
40534, 126200, 0, 0
40534, 137553, 1, 0
40750, 55671, 0, 0
40750, 63804, 1, 0
41000, 63406, 0, 0
41000, 82919, 1, 0
41419, 76206, 0, 0
41419, 109609, 1, 0
41533, 200212, 0, 0
41533, 189734, 1, 0
41800, 99294, 0, 0
41800, 100458, 1, 0
42135, 93042, 0, 0
42135, 95635, 1, 0
42321, 156386, 0, 0
42321, 173039, 1, 0
42562, 234918, 0, 0
42562, 256140, 1, 0
42829, 91479, 0, 0
42829, 113146, 1, 0
43016, 60611, 0, 0
43016, 72653, 1, 0
43333, 77465, 0, 0
43333, 86504, 1, 0
43500, 111905, 0, 0
43500, 122777, 1, 0
43763, 58873, 0, 0
43763, 71636, 1, 0
44000, 58616, 0, 0
44000, 57537, 1, 0
44307, 60964, 0, 0
44307, 53559, 1, 0
44501, 266899, 0, 0
44501, 251357, 1, 0
44760, 91461, 0, 0
44760, 111851, 1, 0
45001, 89302, 0, 0
45001, 110849, 1, 0
45259, 93644, 0, 0
45259, 108673, 1, 0
45500, 55457, 0, 0
45500, 57459, 1, 0
45796, 79376, 0, 0
45796, 79338, 1, 0
46021, 60189, 0, 0
46021, 66127, 1, 0
46324, 56410, 0, 0
46324, 93912, 1, 0
46508, 159361, 0, 0
46508, 198475, 1, 0
46929, 105604, 0, 0
46929, 116889, 1, 0
47007, 122576, 0, 0
47007, 125728, 1, 0
47252, 76965, 0, 0
47252, 89311, 1, 0
47523, 93189, 0, 0
47523, 96706, 1, 0
47815, 85478, 0, 0
47815, 96761, 1, 0
48016, 200555, 0, 0
48016, 175903, 1, 0
48285, 127200, 0, 0
48285, 126591, 1, 0
48511, 195436, 0, 0
48511, 206130, 1, 0
48754, 76206, 0, 0
48754, 65622, 1, 0
49000, 49301, 0, 0
49000, 48527, 1, 0
49250, 120998, 0, 0
49250, 128584, 1, 0
49624, 75029, 0, 0
49624, 76817, 1, 0
49767, 157502, 0, 0
49767, 127836, 1, 0
50015, 76702, 0, 0
50015, 82262, 1, 0
50288, 44129, 0, 0
50288, 46657, 1, 0
50507, 46187, 0, 0
50507, 51076, 1, 0
50750, 119855, 0, 0
50750, 119824, 1, 0
51250, 49599, 0, 0
51250, 56247, 1, 0
51250, 291008, 0, 0
51558, 97458, 0, 0
51558, 100159, 1, 0
51761, 44174, 0, 0
51761, 49966, 1, 0
52000, 65529, 0, 0
52000, 74517, 1, 0
52276, 97374, 0, 0
52276, 96388, 1, 0
52547, 51644, 0, 0
52547, 53415, 1, 0
52751, 77213, 0, 0
52751, 77414, 1, 0
53000, 48939, 0, 0
53000, 52571, 1, 0
53262, 58954, 0, 0
53262, 71898, 1, 0
53505, 43210, 0, 0
53505, 44663, 1, 0
53767, 91106, 0, 0
53767, 98643, 1, 0
54032, 75334, 0, 0
54032, 83061, 1, 0
54275, 112852, 0, 0
54275, 116741, 1, 0
54546, 65084, 0, 0
54546, 71235, 1, 0
54771, 48382, 0, 0
54771, 59418, 1, 0
55177, 58998, 0, 0
55177, 61799, 1, 0
55270, 116807, 0, 0
55270, 126833, 1, 0
55500, 44382, 0, 0
55500, 59202, 1, 0
55751, 41657, 0, 0
55751, 47611, 1, 0
56119, 106493, 0, 0
56119, 138125, 1, 0
56257, 164174, 0, 0
56257, 151806, 1, 0
56539, 85496, 0, 0
56539, 98393, 1, 0
56750, 34732, 0, 0
56750, 42172, 1, 0
57162, 40560, 0, 0
57162, 50766, 1, 0
57253, 164119, 0, 0
57253, 192008, 1, 0
57525, 40391, 0, 0
57525, 43612, 1, 0
57750, 44051, 0, 0
57750, 55480, 1, 0
58050, 55605, 0, 0
58050, 63693, 1, 0
58314, 62589, 0, 0
58314, 70412, 1, 0
58514, 68324, 0, 0
58514, 84516, 1, 0
58750, 76729, 0, 0
58750, 80849, 1, 0
59095, 82120, 0, 0
59095, 93407, 1, 0
59299, 120363, 0, 0
59299, 113767, 1, 0
59525, 49130, 0, 0
59525, 49682, 1, 0
59762, 40993, 0, 0
59762, 45229, 1, 0
60022, 51191, 0, 0
60022, 51147, 1, 0
60029, 43063, 0, 0
60029, 40004, 1, 0
542, 33691, 0, 0
542, 60370, 1, 0
544, 470081, 1, 0
990, 206084, 0, 0
990, 200816, 1, 0
1024, 274462, 0, 0
1024, 279612, 1, 0
1452, 229880, 0, 0
1452, 241402, 1, 0
1566, 383683, 0, 0
1566, 378949, 1, 0
1816, 130408, 0, 0
1816, 143553, 1, 0
2038, 69237, 0, 0
2038, 71595, 1, 0
2348, 65153, 0, 0
2348, 70399, 1, 0
2539, 286391, 0, 0
2539, 294229, 1, 0
2774, 86395, 0, 0
2774, 94458, 1, 0
3289, 61667, 0, 0
3289, 91131, 1, 0
3289, 515622, 1, 0
3712, 219169, 0, 0
3712, 189689, 1, 0
4137, 280567, 0, 0
4137, 333367, 1, 0
4137, 700013, 0, 0
4305, 344307, 0, 0
4305, 370005, 1, 0
4758, 99751, 0, 0
4758, 118392, 1, 0
4758, 453442, 1, 0
5141, 362936, 0, 0
5141, 409599, 1, 0
5259, 232272, 0, 0
5259, 189819, 1, 0
5610, 228449, 0, 0
5610, 202170, 1, 0
6012, 219139, 0, 0
6012, 223823, 1, 0
6012, 326255, 1, 0
6422, 192452, 0, 0
6422, 144803, 1, 0
6598, 284685, 0, 0
6598, 297190, 1, 0
6836, 207352, 0, 0
6836, 206650, 1, 0
7044, 110417, 0, 0
7044, 122415, 1, 0
7320, 150404, 0, 0
7320, 156084, 1, 0
7634, 79224, 0, 0
7634, 111806, 1, 0
7757, 109191, 0, 0
7757, 91078, 1, 0
8018, 75946, 0, 0
8018, 79658, 1, 0
8293, 99372, 0, 0
8293, 106933, 1, 0
8637, 75061, 0, 0
8637, 85253, 1, 0
9033, 152419, 0, 0
9033, 157263, 1, 0
9033, 335974, 0, 0
9395, 333968, 0, 0
9395, 336858, 1, 0
9616, 375633, 0, 0
9616, 296664, 1, 0
9831, 95569, 0, 0
9831, 127912, 1, 0
10037, 106957, 0, 0
10037, 115411, 1, 0
10250, 218006, 0, 0
10250, 178279, 1, 0
10686, 86599, 0, 0
10686, 103273, 1, 0
10802, 259214, 0, 0
10802, 280320, 1, 0
11003, 91844, 0, 0
11003, 82945, 1, 0
11441, 183453, 0, 0
11441, 207857, 1, 0
11720, 471636, 0, 0
11720, 527090, 1, 0
11973, 576938, 0, 0
11973, 590581, 1, 0
12079, 254077, 0, 0
12079, 247150, 1, 0
12375, 103105, 0, 0
12375, 114059, 1, 0
12580, 177892, 0, 0
12580, 194256, 1, 0
12815, 267609, 0, 0
12815, 268096, 1, 0
13000, 178868, 0, 0
13000, 190236, 1, 0
13388, 92696, 0, 0
13388, 98702, 1, 0
13531, 190732, 0, 0
13531, 188236, 1, 0
13824, 138864, 0, 0
13824, 127277, 1, 0
14052, 148964, 0, 0
14052, 169554, 1, 0
14362, 98658, 0, 0
14362, 408629, 1, 0
14929, 235381, 0, 0
14929, 235475, 1, 0
14929, 479975, 0, 0
15058, 478603, 0, 0
15058, 489129, 1, 0
15275, 308780, 0, 0
15275, 240774, 1, 0
15516, 112909, 0, 0
15516, 101930, 1, 0
15902, 70110, 0, 0
15902, 91175, 1, 0
16000, 138172, 0, 0
16000, 125669, 1, 0
16337, 48296, 0, 0
16337, 82530, 1, 0
16542, 136882, 0, 0
16542, 151084, 1, 0
17117, 163661, 0, 0
17117, 160755, 1, 0
17117, 402474, 0, 0
17354, 383862, 0, 0
17354, 390394, 1, 0
17657, 158281, 0, 0
17657, 121302, 1, 0
17949, 179671, 0, 0
17949, 200138, 1, 0
18050, 289070, 0, 0
18050, 287595, 1, 0
18298, 133891, 0, 0
18298, 126558, 1, 0
18885, 101487, 0, 0
18885, 94832, 1, 0
18886, 539523, 1, 0
19238, 433585, 0, 0
19238, 428635, 1, 0
19250, 280198, 0, 0
19250, 312707, 1, 0
19587, 81353, 0, 0
19587, 68803, 1, 0
19755, 175108, 0, 0
19755, 204923, 1, 0
20135, 42601, 0, 0
20135, 83344, 1, 0
20391, 378704, 0, 0
20391, 408777, 1, 0
20601, 453793, 0, 0
20601, 479288, 1, 0
20899, 178074, 0, 0
20899, 183518, 1, 0
21096, 194651, 0, 0
21096, 208446, 1, 0
21265, 108777, 0, 0
21265, 135534, 1, 0
21500, 58999, 0, 0
21500, 76648, 1, 0
21778, 66476, 0, 0
21778, 64323, 1, 0
22102, 106729, 0, 0
22102, 113799, 1, 0
22285, 86453, 0, 0
22285, 102722, 1, 0
22720, 86961, 0, 0
22720, 92800, 1, 0
22835, 267664, 0, 0
22835, 257966, 1, 0
23207, 82233, 0, 0
23207, 131349, 1, 0
23250, 240383, 0, 0
23250, 240881, 1, 0
23803, 48561, 0, 0
23803, 40221, 1, 0
23803, 490813, 0, 0
24295, 167782, 0, 0
24295, 215089, 1, 0
24295, 309204, 0, 0
24649, 142601, 0, 0
24649, 174967, 1, 0
24828, 161119, 0, 0
24828, 200385, 1, 0
25090, 53750, 0, 0
25090, 62966, 1, 0
25260, 90997, 0, 0
25260, 130475, 1, 0
25549, 39458, 0, 0
25549, 47756, 1, 0
25946, 302488, 0, 0
25946, 298393, 1, 0
26001, 164143, 0, 0
26001, 232756, 1, 0
26412, 85163, 0, 0
26412, 82880, 1, 0
26598, 145995, 0, 0
26598, 179928, 1, 0
27041, 158950, 0, 0
27041, 203449, 1, 0
27042, 443750, 0, 0
27274, 364248, 0, 0
27274, 412115, 1, 0
28041, 132256, 0, 0
28041, 150321, 1, 0
28041, 721444, 1, 0
28041, 721045, 1, 0
28329, 276445, 0, 0
28329, 291599, 1, 0
28701, 97224, 0, 0
28701, 121743, 1, 0
28759, 272300, 0, 0
28759, 309128, 1, 0
29012, 47478, 0, 0
29012, 50545, 1, 0
29514, 77900, 0, 0
29514, 86336, 1, 0
29514, 443983, 0, 0
29769, 209447, 0, 0
29769, 239834, 1, 0
30094, 147107, 0, 0
30094, 185722, 1, 0
30255, 170403, 0, 0
30255, 176515, 1, 0
30569, 54713, 0, 0
30569, 65032, 1, 0
31034, 228137, 0, 0
31034, 210821, 1, 0
31034, 459472, 1, 0
31330, 417641, 0, 0
31330, 430217, 1, 0
31549, 184819, 0, 0
31549, 163616, 1, 0
31777, 135124, 0, 0
31777, 118739, 1, 0
32014, 67551, 0, 0
32014, 71357, 1, 0
32523, 77546, 0, 0
32523, 117599, 1, 0
32524, 573071, 0, 0
32871, 540205, 0, 0
32871, 588045, 1, 0
33195, 187888, 0, 0
33195, 214892, 1, 0
33553, 194810, 0, 0
33553, 202324, 1, 0
33555, 353691, 1, 0
33948, 234244, 0, 0
33948, 288720, 1, 0
34248, 363865, 0, 0
34248, 388604, 1, 0
34250, 299009, 0, 0
34250, 299580, 1, 0
34911, 240095, 0, 0
34911, 302075, 1, 0
34911, 660610, 1, 0
35083, 593136, 0, 0
35083, 571741, 1, 0
35618, 86494, 0, 0
35618, 112793, 1, 0
35618, 445294, 0, 0
35909, 362667, 0, 0
35909, 440945, 1, 0
36222, 228690, 0, 0
36222, 243896, 1, 0
36255, 245213, 0, 0
36255, 233513, 1, 0
36508, 88066, 0, 0
36508, 104324, 1, 0
37130, 109483, 0, 0
37130, 123590, 1, 0
37130, 490696, 0, 0
37484, 494571, 0, 0
37484, 533534, 1, 0
37513, 398974, 0, 0
37513, 394716, 1, 0
37913, 95510, 0, 0
37913, 103293, 1, 0
38008, 233747, 0, 0
38008, 254706, 1, 0
38432, 77634, 0, 0
38432, 81944, 1, 0
38524, 279682, 0, 0
38524, 285127, 1, 0
38785, 69079, 0, 0
38785, 76570, 1, 0
39073, 255238, 0, 0
39073, 277642, 1, 0
39322, 378714, 0, 0
39322, 403539, 1, 0
39595, 162063, 0, 0
39595, 128137, 1, 0
39877, 113377, 0, 0
39877, 117657, 1, 0
40133, 151660, 0, 0
40133, 158907, 1, 0
40551, 130456, 0, 0
40551, 128600, 1, 0
40551, 386773, 1, 0
40768, 387494, 0, 0
40768, 494754, 1, 0
41102, 431845, 0, 0
41102, 449667, 1, 0
41374, 332394, 0, 0
41374, 366055, 1, 0
41578, 446013, 0, 0
41578, 530930, 1, 0
41782, 144244, 0, 0
41782, 240085, 1, 0
42069, 84445, 0, 0
42069, 112182, 1, 0
42483, 104025, 0, 0
42483, 94196, 1, 0
42796, 254397, 0, 0
42796, 294653, 1, 0
42796, 566400, 1, 0
43090, 858454, 0, 0
43977, 547418, 0, 0
43977, 621033, 1, 0
43977, 885466, 0, 0
43978, 886224, 1, 0
44013, 749079, 0, 0
44013, 841400, 1, 0
44335, 33090, 0, 0
44335, 33158, 1, 0
44843, 96281, 0, 0
44843, 124272, 1, 0
44843, 422597, 1, 0
45384, 392328, 0, 0
45384, 428842, 1, 0
45384, 541149, 0, 0
45512, 263437, 0, 0
45512, 243399, 1, 0
45816, 50753, 0, 0
45816, 52760, 1, 0
46285, 144128, 0, 0
46285, 163714, 1, 0
46286, 469140, 0, 0
46582, 442060, 0, 0
46582, 394247, 1, 0
46762, 258011, 0, 0
46762, 290262, 1, 0
47030, 131608, 0, 0
47030, 163509, 1, 0
47326, 137208, 0, 0
47326, 137863, 1, 0
47637, 59927, 0, 0
47637, 63262, 1, 0
47901, 192821, 0, 0
47901, 205064, 1, 0
48342, 237760, 0, 0
48342, 275827, 1, 0
48342, 440949, 1, 0
48572, 234196, 0, 0
48572, 230701, 1, 0
48894, 169594, 0, 0
48894, 170255, 1, 0
49104, 321194, 0, 0
49104, 311569, 1, 0
49282, 160055, 0, 0
49282, 190750, 1, 0
49519, 128425, 0, 0
49519, 123508, 1, 0
49820, 88837, 0, 0
49820, 96557, 1, 0
50032, 82813, 0, 0
50032, 93400, 1, 0
50324, 111259, 0, 0
50324, 135213, 1, 0
50545, 130796, 0, 0
50545, 128091, 1, 0
51217, 56549, 0, 0
51217, 90341, 1, 0
51218, 582590, 0, 0
51297, 582901, 0, 0
51297, 592087, 1, 0
51502, 449201, 0, 0
51502, 335866, 1, 0
51821, 118734, 0, 0
51821, 116927, 1, 0
52015, 282888, 0, 0
52015, 278118, 1, 0
52257, 172675, 0, 0
52257, 167812, 1, 0
52636, 126197, 0, 0
52636, 143891, 1, 0
52889, 110852, 0, 0
52889, 134076, 1, 0
53031, 79211, 0, 0
53031, 97654, 1, 0
53281, 63241, 0, 0
53281, 66885, 1, 0
53606, 70677, 0, 0
53606, 94824, 1, 0
54180, 144178, 0, 0
54180, 133815, 1, 0
54180, 573392, 0, 0
54391, 553874, 0, 0
54391, 576190, 1, 0
54506, 85735, 0, 0
54506, 83849, 1, 0
55047, 44708, 0, 0
55047, 61049, 1, 0
55048, 420793, 1, 0
55661, 153082, 0, 0
55661, 212294, 1, 0
55661, 551862, 1, 0
55784, 501500, 0, 0
55784, 501907, 1, 0
56141, 54770, 0, 0
56141, 61514, 1, 0
56521, 126610, 0, 0
56521, 138208, 1, 0
56522, 302589, 1, 0
56958, 165969, 0, 0
56958, 144703, 1, 0
57090, 233398, 0, 0
57090, 251860, 1, 0
57425, 323131, 0, 0
57425, 376285, 1, 0
57581, 315567, 0, 0
57581, 387317, 1, 0
58144, 120712, 0, 0
58144, 173369, 1, 0
58144, 562903, 1, 0
58256, 563171, 0, 0
58256, 540065, 1, 0
59073, 112377, 0, 0
59073, 138970, 1, 0
59074, 681585, 1, 0
59074, 681611, 0, 0
59282, 259576, 0, 0
59282, 265644, 1, 0
59500, 43667, 0, 0
59500, 46654, 1, 0
59750, 52026, 0, 0
59750, 57052, 1, 0
60041, 93080, 0, 0
60041, 105953, 1, 0
60049, 82150, 0, 0
60049, 83568, 1, 0
272, 85617, 0, 0
272, 87528, 1, 0
555, 81076, 0, 0
555, 90501, 1, 0
1005, 76742, 0, 0
1005, 83492, 1, 0
1007, 409960, 1, 0
1261, 190690, 0, 0
1261, 129460, 1, 0
1513, 80219, 0, 0
1513, 89045, 1, 0
2217, 149974, 0, 0
2217, 195012, 1, 0
2217, 557347, 1, 0
2304, 556265, 0, 0
2304, 564882, 1, 0
2649, 195078, 0, 0
2649, 195345, 1, 0
2799, 216327, 0, 0
2799, 225905, 1, 0
3127, 282017, 0, 0
3127, 301315, 1, 0
3250, 100059, 0, 0
3250, 103795, 1, 0
3506, 94900, 0, 0
3506, 92501, 1, 0
4056, 63475, 0, 0
4056, 88047, 1, 0
4056, 386500, 1, 0
4278, 181929, 0, 0
4278, 193235, 1, 0
4515, 87584, 0, 0
4515, 90785, 1, 0
5063, 43912, 0, 0
5063, 45108, 1, 0
5063, 326563, 1, 0
5294, 202358, 0, 0
5294, 194913, 1, 0
5517, 54859, 0, 0
5517, 54033, 1, 0
5990, 93918, 0, 0
5990, 116664, 1, 0
6161, 397563, 0, 0
6161, 482007, 1, 0
6273, 266901, 0, 0
6273, 199024, 1, 0
6564, 64040, 0, 0
6564, 111903, 1, 0
6798, 143930, 0, 0
6798, 142544, 1, 0
7281, 93074, 0, 0
7281, 95759, 1, 0
7281, 306537, 1, 0
7500, 200275, 0, 0
7500, 209992, 1, 0
7778, 79241, 0, 0
7778, 74312, 1, 0
8007, 97735, 0, 0
8007, 106991, 1, 0
8250, 64146, 0, 0
8250, 73997, 1, 0
8563, 108501, 0, 0
8563, 110803, 1, 0
8763, 119015, 0, 0
8763, 151666, 1, 0
9012, 144330, 0, 0
9012, 146310, 1, 0
9250, 60690, 0, 0
9250, 73482, 1, 0
9522, 54659, 0, 0
9522, 69118, 1, 0
9814, 107351, 0, 0
9814, 117893, 1, 0
10000, 103763, 0, 0
10000, 92519, 1, 0
10282, 53800, 0, 0
10282, 52010, 1, 0
10500, 95493, 0, 0
10500, 97739, 1, 0
10757, 50607, 0, 0
10757, 55150, 1, 0
11179, 78290, 0, 0
11179, 78408, 1, 0
11345, 158366, 0, 0
11345, 158216, 1, 0
11532, 127615, 0, 0
11532, 129887, 1, 0
11994, 69118, 0, 0
11994, 106384, 1, 0
12000, 397688, 0, 0
12000, 410327, 1, 0
12261, 108731, 0, 0
12261, 147932, 1, 0
12562, 120094, 0, 0
12562, 130828, 1, 0
12777, 102907, 0, 0
12777, 115670, 1, 0
13011, 71366, 0, 0
13011, 72347, 1, 0
13282, 164641, 0, 0
13282, 154127, 1, 0
13549, 39054, 0, 0
13549, 46349, 1, 0
13843, 115195, 0, 0
13843, 130010, 1, 0
14036, 79986, 0, 0
14036, 78449, 1, 0
14297, 85835, 0, 0
14297, 100239, 1, 0
14510, 60025, 0, 0
14510, 65359, 1, 0
14884, 50968, 0, 0
14884, 68147, 1, 0
15022, 178614, 0, 0
15022, 221463, 1, 0
15327, 54147, 0, 0
15327, 54738, 1, 0
15574, 76366, 0, 0
15574, 74372, 1, 0
15812, 119204, 0, 0
15812, 118334, 1, 0
16031, 76921, 0, 0
16031, 86571, 1, 0
16261, 56509, 0, 0
16261, 65094, 1, 0
16501, 65164, 0, 0
16501, 70648, 1, 0
16757, 97241, 0, 0
16757, 104822, 1, 0
17099, 51710, 0, 0
17099, 53395, 1, 0
17267, 53304, 0, 0
17267, 58567, 1, 0
17521, 51927, 0, 0
17521, 60626, 1, 0
17797, 84068, 0, 0
17797, 130160, 1, 0
18008, 100944, 0, 0
18008, 121393, 1, 0
18316, 55606, 0, 0
18316, 63937, 1, 0
18521, 78285, 0, 0
18521, 86357, 1, 0
18784, 43368, 0, 0
18784, 61051, 1, 0
19024, 86655, 0, 0
19024, 95536, 1, 0
19382, 56956, 0, 0
19382, 70270, 1, 0
19500, 152814, 0, 0
19500, 150863, 1, 0
19844, 64088, 0, 0
19844, 70309, 1, 0
20157, 154887, 0, 0
20157, 146439, 1, 0
20287, 128292, 0, 0
20287, 170399, 1, 0
20618, 67896, 0, 0
20618, 84470, 1, 0
20802, 331185, 0, 0
20802, 377086, 1, 0
21038, 200830, 0, 0
21038, 246520, 1, 0
21250, 143966, 0, 0
21250, 137858, 1, 0
21530, 51640, 0, 0
21530, 52342, 1, 0
21755, 90843, 0, 0
21755, 92958, 1, 0
22019, 57741, 0, 0
22019, 73441, 1, 0
22271, 171803, 0, 0
22271, 155074, 1, 0
22742, 58062, 0, 0
22742, 75799, 1, 0
22750, 385763, 0, 0
22750, 386121, 1, 0
23008, 77747, 0, 0
23008, 86307, 1, 0
23286, 51031, 0, 0
23286, 43991, 1, 0
23716, 113173, 0, 0
23716, 128814, 1, 0
23870, 308149, 0, 0
23870, 320109, 1, 0
24075, 155183, 0, 0
24075, 220093, 1, 0
24259, 58897, 0, 0
24259, 75040, 1, 0
24512, 120699, 0, 0
24512, 126964, 1, 0
24750, 71002, 0, 0
24750, 64134, 1, 0
25021, 140508, 0, 0
25021, 150578, 1, 0
25338, 54825, 0, 0
25338, 53798, 1, 0
25501, 63515, 0, 0
25501, 76804, 1, 0
25750, 74206, 0, 0
25750, 102968, 1, 0
26047, 50168, 0, 0
26047, 62275, 1, 0
26309, 119666, 0, 0
26309, 176048, 1, 0
26655, 91750, 0, 0
26655, 105433, 1, 0
26790, 125340, 0, 0
26790, 165227, 1, 0
27152, 73676, 0, 0
27152, 75260, 1, 0
27363, 192050, 0, 0
27363, 221795, 1, 0
27730, 133172, 0, 0
27730, 163782, 1, 0
27776, 311882, 0, 0
27776, 344375, 1, 0
28083, 56833, 0, 0
28083, 56616, 1, 0
28268, 94937, 0, 0
28268, 97006, 1, 0
28565, 77711, 0, 0
28565, 87453, 1, 0
28925, 208604, 0, 0
28925, 263116, 1, 0
29083, 214197, 0, 0
29083, 155686, 1, 0
29263, 66689, 0, 0
29263, 65125, 1, 0
29560, 51111, 0, 0
29560, 59528, 1, 0
29750, 130608, 0, 0
29750, 141411, 1, 0
30025, 90160, 0, 0
30025, 94339, 1, 0
30275, 55180, 0, 0
30275, 59258, 1, 0
30613, 48034, 0, 0
30613, 60872, 1, 0
30839, 68162, 0, 0
30839, 86864, 1, 0
31000, 118165, 0, 0
31000, 126421, 1, 0
31291, 37740, 0, 0
31291, 54146, 1, 0
31590, 60551, 0, 0
31590, 65926, 1, 0
31823, 73306, 0, 0
31823, 85924, 1, 0
32036, 164093, 0, 0
32036, 164055, 1, 0
32265, 47322, 0, 0
32265, 46115, 1, 0
32502, 39698, 0, 0
32502, 52341, 1, 0
32795, 67220, 0, 0
32795, 84864, 1, 0
33025, 45399, 0, 0
33025, 54921, 1, 0
33262, 31213, 0, 0
33262, 35975, 1, 0
33500, 178370, 0, 0
33500, 231371, 1, 0
33768, 52912, 0, 0
33768, 74164, 1, 0
34039, 39674, 0, 0
34039, 50334, 1, 0
34265, 42916, 0, 0
34265, 45598, 1, 0
34500, 50504, 0, 0
34500, 55544, 1, 0
34754, 46238, 0, 0
34754, 52539, 1, 0
35010, 56250, 0, 0
35010, 62072, 1, 0
35251, 75120, 0, 0
35251, 68024, 1, 0
35548, 166487, 0, 0
35548, 190989, 1, 0
35754, 131548, 0, 0
35754, 130320, 1, 0
36000, 50215, 0, 0
36000, 51441, 1, 0
36278, 62871, 0, 0
36278, 73401, 1, 0
36590, 139251, 0, 0
36590, 163197, 1, 0
36971, 227589, 0, 0
36971, 219488, 1, 0
37095, 349762, 0, 0
37095, 319977, 1, 0
37473, 136797, 0, 0
37473, 139306, 1, 0
37500, 321339, 1, 0
37751, 109911, 0, 0
37751, 126725, 1, 0
38031, 137808, 0, 0
38031, 176732, 1, 0
38486, 110956, 0, 0
38486, 132209, 1, 0
38575, 386335, 0, 0
38575, 393510, 1, 0
38765, 117033, 0, 0
38765, 110849, 1, 0
39016, 41419, 0, 0
39016, 51492, 1, 0
39268, 166191, 0, 0
39268, 166948, 1, 0
39551, 112722, 0, 0
39551, 116983, 1, 0
39752, 139779, 0, 0
39752, 136138, 1, 0
40090, 78195, 0, 0
40090, 98970, 1, 0
40446, 120166, 0, 0
40446, 119045, 1, 0
40516, 282608, 0, 0
40516, 295639, 1, 0
40895, 123078, 0, 0
40895, 112612, 1, 0
41036, 173411, 0, 0
41036, 185596, 1, 0
41402, 155420, 0, 0
41402, 194162, 1, 0
41513, 239039, 0, 0
41513, 200299, 1, 0
41823, 81656, 0, 0
41823, 85886, 1, 0
42021, 228876, 0, 0
42021, 236641, 1, 0
42507, 92101, 0, 0
42507, 92201, 1, 0
42509, 299769, 1, 0
42757, 163244, 0, 0
42757, 161590, 1, 0
43003, 56086, 0, 0
43003, 72992, 1, 0
43400, 64507, 0, 0
43400, 36980, 1, 0
43514, 307892, 0, 0
43514, 291584, 1, 0
43776, 84778, 0, 0
43776, 88972, 1, 0
44353, 142712, 0, 0
44353, 203706, 1, 0
44353, 695228, 0, 0
44547, 572134, 0, 0
44547, 534929, 1, 0
44812, 57018, 0, 0
44812, 73690, 1, 0
45018, 69283, 0, 0
45018, 78745, 1, 0
45316, 91135, 0, 0
45316, 99756, 1, 0
45649, 108964, 0, 0
45649, 140873, 1, 0
45755, 238401, 0, 0
45755, 213170, 1, 0
46056, 68266, 0, 0
46056, 74002, 1, 0
46269, 92955, 0, 0
46269, 104726, 1, 0
46519, 148799, 0, 0
46519, 132295, 1, 0
46750, 62879, 0, 0
46750, 61088, 1, 0
47050, 55740, 0, 0
47050, 69669, 1, 0
47346, 140572, 0, 0
47346, 155196, 1, 0
47556, 226573, 0, 0
47556, 213376, 1, 0
47769, 83523, 0, 0
47769, 102035, 1, 0
48231, 117234, 0, 0
48231, 116401, 1, 0
48263, 311453, 0, 0
48263, 309299, 1, 0
48532, 92096, 0, 0
48532, 97898, 1, 0
48818, 72510, 0, 0
48818, 95391, 1, 0
49017, 92078, 0, 0
49017, 129465, 1, 0
49306, 107304, 0, 0
49306, 120861, 1, 0
49542, 76990, 0, 0
49542, 77638, 1, 0
49752, 72929, 0, 0
49752, 78514, 1, 0
50102, 117023, 0, 0
50102, 113906, 1, 0
50271, 192023, 0, 0
50271, 204019, 1, 0
50533, 75694, 0, 0
50533, 83292, 1, 0
50809, 48726, 0, 0
50809, 60104, 1, 0
51400, 72111, 0, 0
51400, 87423, 1, 0
51400, 542632, 0, 0
51527, 242477, 0, 0
51527, 312479, 1, 0
51782, 178021, 0, 0
51782, 152177, 1, 0
52202, 69036, 0, 0
52202, 73053, 1, 0
52313, 228418, 0, 0
52313, 242178, 1, 0
52511, 123292, 0, 0
52511, 98242, 1, 0
52773, 81027, 0, 0
52773, 99816, 1, 0
53045, 116866, 0, 0
53045, 102651, 1, 0
53299, 131820, 0, 0
53299, 143932, 1, 0
53583, 146032, 0, 0
53583, 144377, 1, 0
53851, 139867, 0, 0
53851, 140830, 1, 0
54237, 101044, 0, 0
54237, 155159, 1, 0
54332, 330011, 0, 0
54332, 329296, 1, 0
54666, 182151, 0, 0
54666, 233310, 1, 0
54791, 373684, 0, 0
54791, 387533, 1, 0
55000, 189970, 0, 0
55000, 128703, 1, 0
55312, 108757, 0, 0
55312, 122613, 1, 0
55558, 103191, 0, 0
55558, 114900, 1, 0
55763, 106347, 0, 0
55763, 111504, 1, 0
56185, 57157, 0, 0
56185, 67365, 1, 0
56303, 288702, 0, 0
56303, 306287, 1, 0
56881, 161268, 0, 0
56881, 194500, 1, 0
56881, 534474, 0, 0
57106, 415754, 0, 0
57106, 413004, 1, 0
57274, 113376, 0, 0
57274, 122389, 1, 0
57506, 109390, 0, 0
57506, 119186, 1, 0
57794, 142339, 0, 0
57794, 137078, 1, 0
58011, 138317, 0, 0
58011, 133416, 1, 0
58277, 57106, 0, 0
58277, 79358, 1, 0
58565, 42945, 0, 0
58565, 53564, 1, 0
58784, 67105, 0, 0
58784, 73235, 1, 0
59258, 66132, 0, 0
59258, 77343, 1, 0
59258, 329203, 0, 0
59632, 330906, 0, 0
59632, 334285, 1, 0
59779, 295911, 0, 0
59779, 363112, 1, 0
60060, 95340, 0, 0
60060, 102954, 1, 0
60070, 125916, 0, 0
60070, 126298, 1, 0
254, 58254, 0, 0
254, 71095, 1, 0
513, 79974, 0, 0
513, 88598, 1, 0
753, 190938, 0, 0
753, 195587, 1, 0
1102, 95183, 0, 0
1102, 114966, 1, 0
1283, 242546, 0, 0
1283, 163015, 1, 0
1500, 62199, 0, 0
1500, 69749, 1, 0
1769, 88225, 0, 0
1769, 87666, 1, 0
2016, 109822, 0, 0
2016, 129995, 1, 0
2265, 59701, 0, 0
2265, 71266, 1, 0
2518, 43120, 0, 0
2518, 54857, 1, 0
2992, 59602, 0, 0
2992, 70869, 1, 0
3027, 389747, 0, 0
3027, 374671, 1, 0
3482, 43026, 0, 0
3482, 58384, 1, 0
3544, 314945, 0, 0
3544, 334312, 1, 0
3764, 62912, 0, 0
3764, 63241, 1, 0
4014, 38030, 0, 0
4014, 65931, 1, 0
4337, 314279, 0, 0
4337, 343887, 1, 0
4500, 168661, 0, 0
4500, 242522, 1, 0
4932, 126151, 0, 0
4932, 137559, 1, 0
5000, 136387, 0, 0
5000, 232293, 1, 0
5305, 58125, 0, 0
5305, 61219, 1, 0
5504, 89290, 0, 0
5504, 103114, 1, 0
5959, 95029, 0, 0
5959, 103159, 1, 0
6000, 272156, 0, 0
6000, 264872, 1, 0
6288, 106667, 0, 0
6288, 106856, 1, 0
6500, 59810, 0, 0
6500, 80818, 1, 0
6760, 56405, 0, 0
6760, 53391, 1, 0
7019, 152187, 0, 0
7019, 155971, 1, 0
7250, 42636, 0, 0
7250, 54175, 1, 0
7511, 141240, 0, 0
7511, 190897, 1, 0
7844, 56335, 0, 0
7844, 61005, 1, 0
8100, 115336, 0, 0
8100, 131312, 1, 0
8272, 92541, 0, 0
8272, 89447, 1, 0
8502, 84679, 0, 0
8502, 82988, 1, 0
8798, 46737, 0, 0
8798, 51794, 1, 0
9114, 209865, 0, 0
9114, 191757, 1, 0
9324, 182795, 0, 0
9324, 138176, 1, 0
9595, 98148, 0, 0
9595, 103696, 1, 0
9752, 139499, 0, 0
9752, 157925, 1, 0
10016, 195875, 0, 0
10016, 210115, 1, 0
10262, 49103, 0, 0
10262, 52592, 1, 0
10551, 105508, 0, 0
10551, 117944, 1, 0
10786, 134416, 0, 0
10786, 129937, 1, 0
11042, 102196, 0, 0
11042, 79853, 1, 0
11280, 90352, 0, 0
11280, 110071, 1, 0
11511, 45545, 0, 0
11511, 46515, 1, 0
11758, 48021, 0, 0
11758, 60781, 1, 0
12034, 139104, 0, 0
12034, 141943, 1, 0
12351, 81914, 0, 0
12351, 91081, 1, 0
12515, 72991, 0, 0
12515, 80986, 1, 0
12968, 55718, 0, 0
12968, 63143, 1, 0
13050, 248004, 0, 0
13050, 257116, 1, 0
13259, 111922, 0, 0
13259, 101678, 1, 0
13563, 82376, 0, 0
13563, 84604, 1, 0
13754, 65956, 0, 0
13754, 74429, 1, 0
14081, 51810, 0, 0
14081, 64024, 1, 0
14277, 41144, 0, 0
14277, 49842, 1, 0
14574, 110069, 0, 0
14574, 118080, 1, 0
14842, 65134, 0, 0
14842, 69183, 1, 0
15008, 92646, 0, 0
15008, 86596, 1, 0
15253, 224945, 0, 0
15253, 178117, 1, 0
15609, 53019, 0, 0
15609, 60038, 1, 0
15783, 90687, 0, 0
15783, 84486, 1, 0
16056, 60133, 0, 0
16056, 63899, 1, 0
16281, 56718, 0, 0
16281, 66463, 1, 0
16521, 64167, 0, 0
16521, 73720, 1, 0
16788, 66448, 0, 0
16788, 67283, 1, 0
17023, 38882, 0, 0
17023, 43433, 1, 0
17283, 83115, 0, 0
17283, 84913, 1, 0
17777, 222776, 0, 0
17777, 257584, 1, 0
17777, 492972, 0, 0
18030, 128713, 0, 0
18030, 150338, 1, 0
18252, 52091, 0, 0
18252, 49676, 1, 0
18562, 97096, 0, 0
18562, 133437, 1, 0
18799, 173078, 0, 0
18799, 141891, 1, 0
19044, 78115, 0, 0
19044, 75491, 1, 0
19296, 79469, 0, 0
19296, 83557, 1, 0
19554, 94212, 0, 0
19554, 96562, 1, 0
19795, 104988, 0, 0
19795, 105348, 1, 0
20275, 117175, 0, 0
20275, 143943, 1, 0
20275, 476560, 1, 0
20535, 219987, 0, 0
20535, 118883, 1, 0
20778, 57359, 0, 0
20778, 68621, 1, 0
21022, 121831, 0, 0
21022, 119310, 1, 0
21282, 62805, 0, 0
21282, 69002, 1, 0
21587, 96900, 0, 0
21587, 93536, 1, 0
21929, 125776, 0, 0
21929, 139434, 1, 0
22004, 300257, 0, 0
22004, 313929, 1, 0
22303, 91422, 0, 0
22303, 140716, 1, 0
22672, 80213, 0, 0
22672, 89725, 1, 0
22762, 280245, 0, 0
22762, 249813, 1, 0
23031, 95871, 0, 0
23031, 112198, 1, 0
23266, 57926, 0, 0
23266, 71499, 1, 0
23651, 60697, 0, 0
23651, 74696, 1, 0
23772, 100157, 0, 0
23772, 90232, 1, 0
24038, 31979, 0, 0
24038, 47007, 1, 0
24272, 99264, 0, 0
24272, 112178, 1, 0
24628, 44707, 0, 0
24628, 60291, 1, 0
24810, 95512, 0, 0
24810, 107434, 1, 0
25041, 95186, 0, 0
25041, 96899, 1, 0
25378, 69089, 0, 0
25378, 95997, 1, 0
25526, 89162, 0, 0
25526, 122798, 1, 0
25767, 122550, 0, 0
25767, 127496, 1, 0
26018, 30965, 0, 0
26018, 38735, 1, 0
26278, 55919, 0, 0
26278, 64876, 1, 0
26524, 96046, 0, 0
26524, 76920, 1, 0
26750, 45424, 0, 0
26750, 51068, 1, 0
27000, 109353, 0, 0
27000, 118962, 1, 0
27295, 75869, 0, 0
27295, 76270, 1, 0
27588, 63470, 0, 0
27588, 79555, 1, 0
27801, 118261, 0, 0
27801, 102368, 1, 0
28017, 67876, 0, 0
28017, 72897, 1, 0
28250, 46854, 0, 0
28250, 53946, 1, 0
28608, 67209, 0, 0
28608, 95526, 1, 0
28834, 109045, 0, 0
28834, 119252, 1, 0
29031, 75386, 0, 0
29031, 69003, 1, 0
29250, 83549, 0, 0
29250, 106465, 1, 0
29535, 56722, 0, 0
29535, 71869, 1, 0
29805, 39528, 0, 0
29805, 45774, 1, 0
30001, 47146, 0, 0
30001, 52566, 1, 0
30342, 63188, 0, 0
30342, 74463, 1, 0
30589, 120564, 0, 0
30589, 116486, 1, 0
30752, 65769, 0, 0
30752, 79587, 1, 0
31016, 35304, 0, 0
31016, 41931, 1, 0
31253, 62319, 0, 0
31253, 69188, 1, 0
31508, 143216, 0, 0
31508, 146607, 1, 0
31894, 48052, 0, 0
31894, 53953, 1, 0
32093, 92761, 0, 0
32093, 67981, 1, 0
32250, 70767, 0, 0
32250, 75432, 1, 0
32632, 76296, 0, 0
32632, 92704, 1, 0
32771, 344515, 0, 0
32771, 355407, 1, 0
33000, 83952, 0, 0
33000, 87445, 1, 0
33250, 86827, 0, 0
33250, 83218, 1, 0
33514, 192309, 0, 0
33514, 217643, 1, 0
33750, 59247, 0, 0
33750, 73911, 1, 0
34005, 68455, 0, 0
34005, 70226, 1, 0
34303, 92756, 0, 0
34303, 95252, 1, 0
34578, 123751, 0, 0
34578, 118714, 1, 0
34773, 112758, 0, 0
34773, 105548, 1, 0
35027, 80604, 0, 0
35027, 74770, 1, 0
35318, 61093, 0, 0
35318, 106067, 1, 0
35519, 108622, 0, 0
35519, 117734, 1, 0
35772, 113725, 0, 0
35772, 114976, 1, 0
36016, 80956, 0, 0
36016, 98564, 1, 0
36314, 67815, 0, 0
36314, 79082, 1, 0
36531, 106348, 0, 0
36531, 103940, 1, 0
36952, 86030, 0, 0
36952, 107969, 1, 0
37025, 322619, 0, 0
37025, 293052, 1, 0
37552, 70133, 0, 0
37552, 106581, 1, 0
37552, 526119, 0, 0
37781, 286417, 0, 0
37781, 276604, 1, 0
38119, 47744, 0, 0
38119, 47911, 1, 0
38270, 99754, 0, 0
38270, 118562, 1, 0
38504, 93371, 0, 0
38504, 108734, 1, 0
38750, 84869, 0, 0
38750, 84653, 1, 0
39002, 54849, 0, 0
39002, 61273, 1, 0
39255, 67522, 0, 0
39255, 70818, 1, 0
39502, 84277, 0, 0
39502, 90673, 1, 0
39789, 142051, 0, 0
39789, 135606, 1, 0
40007, 66686, 0, 0
40007, 65643, 1, 0
40417, 68084, 0, 0
40417, 63968, 1, 0
40500, 246145, 0, 0
40500, 251796, 1, 0
40810, 81961, 0, 0
40810, 84993, 1, 0
41015, 88824, 0, 0
41015, 90431, 1, 0
41358, 61814, 0, 0
41358, 72521, 1, 0
41500, 150558, 0, 0
41500, 181012, 1, 0
41761, 96043, 0, 0
41761, 95619, 1, 0
42001, 62172, 0, 0
42001, 66340, 1, 0
42528, 47387, 0, 0
42528, 50645, 1, 0
42528, 403857, 1, 0
42774, 149622, 0, 0
42774, 157470, 1, 0
43030, 81506, 0, 0
43030, 98241, 1, 0
43348, 42391, 0, 0
43348, 52298, 1, 0
43531, 166301, 0, 0
43531, 112221, 1, 0
43750, 55752, 0, 0
43750, 52671, 1, 0
44076, 44076, 0, 0
44076, 46463, 1, 0
44323, 120080, 0, 0
44323, 151073, 1, 0
44518, 233088, 0, 0
44518, 269554, 1, 0
44775, 69170, 0, 0
44775, 73531, 1, 0
45047, 52005, 0, 0
45047, 48472, 1, 0
45278, 93745, 0, 0
45278, 105408, 1, 0
45574, 125144, 0, 0
45574, 146540, 1, 0
45776, 108166, 0, 0
45776, 103086, 1, 0
46002, 153375, 0, 0
46002, 152263, 1, 0
46303, 143023, 0, 0
46303, 158558, 1, 0
46530, 110106, 0, 0
46530, 130540, 1, 0
46775, 131843, 0, 0
46775, 121281, 1, 0
47071, 97305, 0, 0
47071, 91770, 1, 0
47272, 52977, 0, 0
47272, 75754, 1, 0
47502, 113487, 0, 0
47502, 124967, 1, 0
47750, 69970, 0, 0
47750, 77392, 1, 0
48000, 58969, 0, 0
48000, 55928, 1, 0
48250, 102996, 0, 0
48250, 128753, 1, 0
48617, 148566, 0, 0
48617, 134874, 1, 0
48775, 94590, 0, 0
48775, 92732, 1, 0
49163, 66329, 0, 0
49163, 74399, 1, 0
49260, 269983, 0, 0
49260, 272952, 1, 0
49506, 141149, 0, 0
49506, 157878, 1, 0
49804, 104235, 0, 0
49804, 115431, 1, 0
50000, 124512, 0, 0
50000, 155739, 1, 0
50256, 86276, 0, 0
50256, 95577, 1, 0
50568, 119767, 0, 0
50568, 110273, 1, 0
50766, 175992, 0, 0
50766, 174526, 1, 0
51198, 111484, 0, 0
51198, 110363, 1, 0
51270, 292400, 0, 0
51270, 295300, 1, 0
51575, 66615, 0, 0
51575, 68612, 1, 0
51750, 67358, 0, 0
51750, 73788, 1, 0
52180, 80374, 0, 0
52180, 94347, 1, 0
52329, 148231, 0, 0
52329, 150171, 1, 0
52522, 137433, 0, 0
52522, 149285, 1, 0
52808, 56788, 0, 0
52808, 59867, 1, 0
53009, 93703, 0, 0
53009, 94728, 1, 0
53250, 58951, 0, 0
53250, 59678, 1, 0
53522, 61952, 0, 0
53522, 57271, 1, 0
53750, 38610, 0, 0
53750, 43715, 1, 0
54011, 38731, 0, 0
54011, 40348, 1, 0
54254, 80054, 0, 0
54254, 89619, 1, 0
54523, 61012, 0, 0
54523, 59795, 1, 0
54750, 63980, 0, 0
54750, 71945, 1, 0
55019, 48496, 0, 0
55019, 50139, 1, 0
55250, 56416, 0, 0
55250, 59882, 1, 0
55518, 41217, 0, 0
55518, 44432, 1, 0
55880, 58888, 0, 0
55880, 65954, 1, 0
56198, 122456, 0, 0
56198, 124430, 1, 0
56277, 128018, 0, 0
56277, 149673, 1, 0
56500, 38143, 0, 0
56500, 40343, 1, 0
56766, 54987, 0, 0
56766, 57027, 1, 0
57126, 56850, 0, 0
57126, 58234, 1, 0
57379, 140978, 0, 0
57379, 148568, 1, 0
57562, 90887, 0, 0
57562, 108796, 1, 0
57772, 75163, 0, 0
57772, 67027, 1, 0
58029, 51603, 0, 0
58029, 52188, 1, 0
58292, 65399, 0, 0
58292, 72388, 1, 0
58500, 54346, 0, 0
58500, 59392, 1, 0
58760, 53746, 0, 0
58760, 61489, 1, 0
59023, 64240, 0, 0
59023, 75216, 1, 0
59694, 100031, 0, 0
59694, 112600, 1, 0
59694, 503888, 1, 0
59893, 336810, 0, 0
59893, 487229, 1, 0
60003, 178973, 0, 0
60003, 201239, 1, 0
60084, 182905, 0, 0
60084, 184682, 1, 0
