254, 160388, 1, 0
519, 375086, 1, 0
1469, 710671, 1, 0
1725, 1635909, 1, 0
1725, 1634711, 1, 0
1725, 1633797, 1, 0
1829, 1545874, 1, 0
2199, 1407790, 1, 0
2600, 1910493, 1, 0
2600, 2260885, 1, 0
2929, 2437361, 1, 0
3004, 1911770, 1, 0
3281, 1265022, 1, 0
3684, 1456951, 1, 0
4305, 2019031, 1, 0
4321, 2492195, 1, 0
4323, 2853242, 1, 0
4936, 2401413, 1, 0
4937, 2336041, 1, 0
5492, 2899944, 1, 0
5493, 2563262, 1, 0
5509, 2735584, 1, 0
5826, 2125918, 1, 0
6143, 2244726, 1, 0
6469, 1949994, 1, 0
6556, 1590300, 1, 0
6812, 2005275, 1, 0
7001, 2581121, 1, 0
7437, 1838670, 1, 0
7529, 1857887, 1, 0
7810, 1843223, 1, 0
8139, 1984984, 1, 0
8267, 2122601, 1, 0
8986, 2822908, 1, 0
9310, 2498117, 1, 0
9312, 2311409, 1, 0
9312, 2309800, 1, 0
9859, 3390289, 1, 0
9860, 3304089, 1, 0
10049, 3479421, 1, 0
10559, 3103674, 1, 0
10559, 3899096, 1, 0
11233, 3388942, 1, 0
11827, 4014793, 1, 0
11828, 2842733, 1, 0
11830, 4392115, 1, 0
11831, 1971382, 1, 0
12082, 3759841, 1, 0
12880, 2408984, 1, 0
12881, 3017008, 1, 0
12889, 3024730, 1, 0
13354, 2903174, 1, 0
13356, 3491625, 1, 0
13871, 3108906, 1, 0
13872, 4559991, 1, 0
14151, 3259115, 1, 0
14526, 3293271, 1, 0
14573, 2742428, 1, 0
14898, 4338552, 1, 0
15223, 3714806, 1, 0
15493, 3181508, 1, 0
15507, 2627197, 1, 0
16109, 5548377, 1, 0
16109, 2236840, 1, 0
16900, 2974671, 1, 0
16902, 3023489, 1, 0
16903, 2004731, 1, 0
17012, 3660579, 1, 0
17373, 3822107, 1, 0
17758, 3642216, 1, 0
17759, 1633952, 1, 0
18179, 3153466, 1, 0
18550, 3612825, 1, 0
18552, 1648616, 1, 0
19307, 2387738, 1, 0
20474, 3479296, 1, 0
20475, 3572286, 1, 0
20476, 3480745, 1, 0
20476, 4367324, 1, 0
20478, 3246910, 1, 0
20480, 3483489, 1, 0
20519, 2710506, 1, 0
23457, 2680887, 1, 0
23458, 5679174, 1, 0
23458, 5679274, 1, 0
23458, 4906561, 1, 0
23459, 4905781, 1, 0
23459, 4891872, 1, 0
23459, 4891493, 1, 0
24362, 3888809, 1, 0
24496, 4020621, 1, 0
24498, 4017273, 1, 0
24617, 4140892, 1, 0
24750, 4268071, 1, 0
24750, 4273986, 1, 0
24880, 4344189, 1, 0
24882, 4398796, 1, 0
24882, 4404230, 1, 0
25037, 4556838, 1, 0
25038, 4553320, 1, 0
25310, 4682301, 1, 0
25601, 5027334, 1, 0
25958, 1987919, 1, 0
26042, 4043766, 1, 0
26334, 3421914, 1, 0
26756, 1589383, 1, 0
26757, 795003, 1, 0
27034, 1079479, 1, 0
27316, 3040496, 1, 0
27773, 1138005, 1, 0
27773, 1339929, 1, 0
35132, 3048577, 1, 0
35132, 9515322, 1, 0
35132, 9056747, 1, 0
35133, 8099544, 1, 0
35134, 9058650, 1, 0
35136, 8801533, 1, 0
35136, 8687366, 1, 0
35137, 9093170, 1, 0
35139, 9079566, 1, 0
35139, 9078823, 1, 0
35139, 9522641, 1, 0
35140, 9079394, 1, 0
35194, 7878182, 1, 0
35208, 7781404, 1, 0
35209, 7780939, 1, 0
35224, 9588507, 1, 0
35224, 8188621, 1, 0
35225, 7795112, 1, 0
35253, 9616974, 1, 0
35253, 8026282, 1, 0
35255, 9618536, 1, 0
35991, 855100, 1, 0
36185, 8744937, 1, 0
36187, 8746519, 1, 0
36187, 8745785, 1, 0
36188, 8415281, 1, 0
36188, 8415088, 1, 0
36308, 8443216, 1, 0
36309, 8868086, 1, 0
36309, 8428631, 1, 0
36321, 1184489, 1, 0
36322, 8440557, 1, 0
36322, 8881198, 1, 0
36322, 8440695, 1, 0
36755, 1344470, 1, 0
36761, 1552799, 1, 0
37383, 1664074, 1, 0
37385, 2131836, 1, 0
37724, 1773835, 1, 0
37837, 1470485, 1, 0
38168, 1469620, 1, 0
38531, 1743526, 1, 0
38531, 797127, 1, 0
38752, 1291858, 1, 0
39062, 1451091, 1, 0
39339, 2501073, 1, 0
39764, 1733313, 1, 0
39764, 1233306, 1, 0
40105, 1688260, 1, 0
40406, 1682225, 1, 0
40614, 1202621, 1, 0
40815, 1807552, 1, 0
41069, 1334154, 1, 0
41706, 1515372, 1, 0
41713, 1769907, 1, 0
42151, 1534575, 1, 0
42154, 1912676, 1, 0
42277, 1936165, 1, 0
42893, 2227041, 1, 0
42894, 2787354, 1, 0
43000, 2672970, 1, 0
43723, 2802879, 1, 0
44029, 3579198, 1, 0
44035, 3627680, 1, 0
44038, 3424019, 1, 0
44746, 3053219, 1, 0
44755, 1861248, 1, 0
44757, 2477723, 1, 0
45752, 2713366, 1, 0
45753, 2757331, 1, 0
45769, 2771304, 1, 0
45769, 4062721, 1, 0
46510, 3123494, 1, 0
46511, 2475608, 1, 0
46511, 5802998, 1, 0
46784, 4104447, 1, 0
47251, 4400018, 1, 0
47393, 3348904, 1, 0
47569, 3623872, 1, 0
48074, 3288154, 1, 0
48075, 4995680, 1, 0
48332, 2667731, 1, 0
48905, 2394554, 1, 0
48906, 1655326, 1, 0
49098, 2730757, 1, 0
49559, 2576182, 1, 0
49559, 2082472, 1, 0
50385, 2533443, 1, 0
50386, 3598703, 1, 0
50387, 2303112, 1, 0
50701, 2646978, 1, 0
50794, 2213199, 1, 0
51357, 2294945, 1, 0
51358, 3272939, 1, 0
51717, 2496346, 1, 0
51816, 2716443, 1, 0
52122, 2563241, 1, 0
52492, 2765608, 1, 0
52573, 2912081, 1, 0
53191, 4087076, 1, 0
53206, 6506972, 1, 0
53409, 3682290, 1, 0
53951, 3140751, 1, 0
54039, 1543397, 1, 0
54069, 2698682, 1, 0
54520, 1646277, 1, 0
56866, 5148978, 1, 0
56874, 6486712, 1, 0
56875, 4222037, 1, 0
58976, 6402225, 1, 0
58978, 7161345, 1, 0
58979, 6325237, 1, 0
58980, 8591941, 1, 0
58980, 6405002, 1, 0
58981, 8279820, 1, 0
58983, 5791492, 1, 0
58983, 8595066, 1, 0
58984, 8279906, 1, 0
58985, 8190911, 1, 0
58985, 8597409, 1, 0
58986, 5779846, 1, 0
58987, 5578693, 1, 0
58988, 8192104, 1, 0
58988, 8190936, 1, 0
60217, 6145015, 1, 0
61714, 4847519, 1, 0
61714, 4840122, 1, 0
61714, 7674609, 1, 0
61714, 7645110, 1, 0
61714, 2738127, 1, 0
61714, 7642128, 1, 0
61714, 2734085, 1, 0
61714, 2736092, 1, 0
61714, 2735026, 1, 0
61714, 2733275, 1, 0
61714, 2724733, 1, 0
1169, 1168675, 1, 0
1169, 1169773, 1, 0
1170, 1168983, 1, 0
1172, 1171610, 1, 0
1334, 1232122, 1, 0
1711, 1442306, 1, 0
1818, 1727288, 1, 0
2261, 1693909, 1, 0
2262, 920626, 1, 0
2587, 995310, 1, 0
2754, 1064936, 1, 0
3200, 1364368, 1, 0
3270, 1963439, 1, 0
3567, 2086078, 1, 0
4294, 2245031, 1, 0
4295, 1708233, 1, 0
4310, 2595698, 1, 0
4927, 2199008, 1, 0
4942, 2337830, 1, 0
5481, 2741476, 1, 0
5481, 2562326, 1, 0
5522, 2340657, 1, 0
5816, 1906835, 1, 0
6151, 1984558, 1, 0
6458, 2324692, 1, 0
6522, 2848637, 1, 0
6989, 2209386, 1, 0
7083, 2139804, 1, 0
7426, 1573455, 1, 0
8255, 2092673, 1, 0
8256, 2047093, 1, 0
8257, 2047001, 1, 0
8576, 2365625, 1, 0
8974, 2823822, 1, 0
8976, 2517882, 1, 0
9298, 2480655, 1, 0
9730, 3143842, 1, 0
9850, 3263083, 1, 0
9851, 3263972, 1, 0
10362, 2811562, 1, 0
10374, 2929856, 1, 0
10547, 3896051, 1, 0
10805, 3145480, 1, 0
11206, 2806802, 1, 0
11319, 3061779, 1, 0
11817, 4389404, 1, 0
12120, 2270514, 1, 0
12121, 3544815, 1, 0
12523, 2851629, 1, 0
12525, 3532606, 1, 0
12866, 1985319, 1, 0
13346, 2726332, 1, 0
13377, 2170308, 1, 0
13769, 3407156, 1, 0
13770, 3396263, 1, 0
14138, 2595502, 1, 0
14515, 3447906, 1, 0
14561, 3860860, 1, 0
14792, 3534055, 1, 0
15211, 2964711, 1, 0
15482, 2652558, 1, 0
15981, 2971898, 1, 0
15982, 3860845, 1, 0
16098, 2231676, 1, 0
16889, 2578370, 1, 0
16983, 3100768, 1, 0
16984, 2189604, 1, 0
17000, 3099929, 1, 0
17377, 3156357, 1, 0
17766, 2281687, 1, 0
17766, 1666168, 1, 0
18169, 2683248, 1, 0
18541, 2389438, 1, 0
18542, 2428001, 1, 0
20467, 3210349, 1, 0
20469, 4354695, 1, 0
20470, 4355521, 1, 0
20471, 2300362, 1, 0
20473, 1932242, 1, 0
20474, 1931940, 1, 0
20475, 4359139, 1, 0
20509, 3540241, 1, 0
23441, 5358771, 1, 0
23442, 5675692, 1, 0
23443, 5274718, 1, 0
23444, 5274477, 1, 0
23446, 7962566, 1, 0
23446, 7313857, 1, 0
23446, 7313556, 1, 0
23447, 7314074, 1, 0
23447, 6557893, 1, 0
23448, 6464886, 1, 0
23449, 6464900, 1, 0
24350, 6907032, 1, 0
24488, 4021562, 1, 0
24606, 4135821, 1, 0
24737, 7736951, 1, 0
24739, 4268189, 1, 0
24866, 6067720, 1, 0
25025, 4474583, 1, 0
25299, 5509612, 1, 0
25591, 3737482, 1, 0
25949, 2825720, 1, 0
26032, 1160483, 1, 0
26321, 1644055, 1, 0
26745, 2561037, 1, 0
26831, 2159580, 1, 0
27024, 2337762, 1, 0
27299, 1336573, 1, 0
27855, 1152549, 1, 0
27856, 831920, 1, 0
35120, 2448797, 1, 0
35124, 8704808, 1, 0
35126, 8705369, 1, 0
35128, 7696387, 1, 0
35128, 8706070, 1, 0
35128, 8381454, 1, 0
35128, 8690809, 1, 0
35128, 7829250, 1, 0
35129, 8380609, 1, 0
35129, 7828644, 1, 0
35137, 7834906, 1, 0
35182, 7877984, 1, 0
35183, 7328502, 1, 0
35183, 7327019, 1, 0
35197, 7340358, 1, 0
35197, 8366129, 1, 0
35198, 7340908, 1, 0
35214, 8382257, 1, 0
35243, 8410374, 1, 0
35244, 7386630, 1, 0
35244, 7384452, 1, 0
35258, 8424569, 1, 0
35259, 8154657, 1, 0
35259, 8047584, 1, 0
35259, 8047511, 1, 0
35976, 9141766, 1, 0
36159, 1039147, 1, 0
36159, 8945333, 1, 0
36160, 9136168, 1, 0
36175, 1050598, 1, 0
36176, 8763808, 1, 0
36309, 8894871, 1, 0
36311, 8893721, 1, 0
36424, 8993308, 1, 0
36733, 1367869, 1, 0
36754, 1552325, 1, 0
37224, 1719313, 1, 0
37324, 1845935, 1, 0
37715, 1921713, 1, 0
37826, 1795806, 1, 0
38158, 1359634, 1, 0
38520, 1338452, 1, 0
38523, 1789818, 1, 0
38757, 1339425, 1, 0
39051, 1335886, 1, 0
39403, 2079644, 1, 0
39845, 1518760, 1, 0
39853, 1618861, 1, 0
40094, 1367255, 1, 0
40395, 1419119, 1, 0
40603, 1493243, 1, 0
40803, 1664017, 1, 0
41058, 1294480, 1, 0
41329, 1581720, 1, 0
41696, 1866216, 1, 0
42011, 2601035, 1, 0
42140, 2046038, 1, 0
42267, 2176199, 1, 0
42882, 2445343, 1, 0
42986, 2574654, 1, 0
43068, 2837433, 1, 0
43713, 3547713, 1, 0
43714, 3868615, 1, 0
44027, 3450523, 1, 0
44029, 3426083, 1, 0
44738, 3978123, 1, 0
44743, 4860931, 1, 0
44758, 1042924, 1, 0
45741, 3336097, 1, 0
45742, 5044269, 1, 0
45743, 3601028, 1, 0
45756, 4698339, 1, 0
46498, 3877138, 1, 0
46499, 2467838, 1, 0
46502, 5433940, 1, 0
46773, 3305499, 1, 0
47380, 5223329, 1, 0
47466, 1707983, 1, 0
47555, 1796821, 1, 0
48063, 1674346, 1, 0
48064, 2167350, 1, 0
48321, 2193926, 1, 0
48892, 1953666, 1, 0
48894, 4118971, 1, 0
49086, 2887052, 1, 0
49547, 3195096, 1, 0
49548, 2860863, 1, 0
50373, 3388497, 1, 0
50375, 2818103, 1, 0
50694, 3134851, 1, 0
50694, 2621985, 1, 0
51359, 3285155, 1, 0
51707, 3386590, 1, 0
51806, 3484264, 1, 0
52111, 3787701, 1, 0
52482, 2934214, 1, 0
52485, 2768900, 1, 0
52562, 3670071, 1, 0
52641, 2941346, 1, 0
53180, 2940939, 1, 0
53181, 4284735, 1, 0
53396, 4060549, 1, 0
53694, 4933380, 1, 0
53939, 5867525, 1, 0
54026, 6256515, 1, 0
54504, 4011349, 1, 0
54507, 2022613, 1, 0
56858, 7771366, 1, 0
58967, 5569685, 1, 0
58968, 9421319, 1, 0
58968, 6406235, 1, 0
58970, 6328832, 1, 0
58970, 5572010, 1, 0
58971, 5789923, 1, 0
58971, 6329984, 1, 0
58972, 5790288, 1, 0
58974, 8279420, 1, 0
58974, 5574950, 1, 0
58976, 5793705, 1, 0
58977, 6332883, 1, 0
58978, 5578354, 1, 0
58979, 5784736, 1, 0
58980, 7620550, 1, 0
58980, 5800380, 1, 0
60062, 6568503, 1, 0
61703, 7674760, 1, 0
61703, 8507706, 1, 0
61703, 8008531, 1, 0
61703, 8506929, 1, 0
61703, 7763145, 1, 0
61703, 7646087, 1, 0
61703, 8306499, 1, 0
61703, 7761749, 1, 0
61703, 7760886, 1, 0
61703, 7198549, 1, 0
61703, 3041196, 1, 0
261, 138180, 1, 0
514, 385173, 1, 0
885, 691727, 1, 0
1861, 1020930, 1, 0
1861, 1672890, 1, 0
1861, 1775370, 1, 0
1862, 1767718, 1, 0
2200, 1746854, 1, 0
2272, 1836530, 1, 0
2598, 1784109, 1, 0
2932, 2346115, 1, 0
3004, 2545837, 1, 0
3280, 2420444, 1, 0
3579, 1678457, 1, 0
4323, 1937319, 1, 0
4323, 1724892, 1, 0
4331, 2051612, 1, 0
4936, 1842792, 1, 0
4937, 3075860, 1, 0
5508, 2421417, 1, 0
5509, 2501561, 1, 0
5516, 2304470, 1, 0
5827, 3307690, 1, 0
6140, 2924853, 1, 0
6532, 2204520, 1, 0
6533, 2202415, 1, 0
7002, 1893541, 1, 0
7004, 1494994, 1, 0
7527, 1517402, 1, 0
7528, 1386835, 1, 0
7813, 1988849, 1, 0
8140, 1967761, 1, 0
8268, 2063810, 1, 0
8586, 2052258, 1, 0
8985, 2343770, 1, 0
9859, 3182871, 1, 0
9860, 4031454, 1, 0
9861, 4031817, 1, 0
9863, 4033298, 1, 0
10464, 3226126, 1, 0
10464, 2651830, 1, 0
10559, 2745204, 1, 0
10794, 3217635, 1, 0
11329, 2344761, 1, 0
11330, 2343441, 1, 0
12132, 2604237, 1, 0
12133, 2268944, 1, 0
12133, 3887754, 1, 0
12533, 3200181, 1, 0
12536, 2674454, 1, 0
12879, 2721622, 1, 0
13354, 3173999, 1, 0
13356, 3491469, 1, 0
13778, 3153736, 1, 0
13779, 3315770, 1, 0
14510, 2573520, 1, 0
14511, 1977804, 1, 0
14512, 2378358, 1, 0
14803, 2211774, 1, 0
15223, 1985722, 1, 0
15493, 1790204, 1, 0
15507, 1612457, 1, 0
15992, 3414828, 1, 0
16125, 2364697, 1, 0
16901, 2944513, 1, 0
16903, 2376877, 1, 0
16903, 2391508, 1, 0
17012, 3591237, 1, 0
17388, 2831444, 1, 0
17759, 3705801, 1, 0
17759, 2858898, 1, 0
18180, 4135700, 1, 0
18552, 3864361, 1, 0
18553, 4770950, 1, 0
19149, 1593012, 1, 0
19150, 5273991, 1, 0
20475, 3571646, 1, 0
20475, 3085442, 1, 0
20478, 3456057, 1, 0
20479, 6601154, 1, 0
20480, 3485230, 1, 0
20508, 3376422, 1, 0
23452, 4331586, 1, 0
23454, 5678954, 1, 0
23455, 5676031, 1, 0
23455, 5676618, 1, 0
23456, 4754816, 1, 0
23457, 7332728, 1, 0
23458, 7315507, 1, 0
23458, 7315524, 1, 0
23459, 4891655, 1, 0
23459, 4891121, 1, 0
23459, 4759112, 1, 0
24365, 4316750, 1, 0
24367, 3886463, 1, 0
24617, 4135628, 1, 0
24748, 4273059, 1, 0
24749, 4213296, 1, 0
24877, 4398358, 1, 0
25037, 4477888, 1, 0
25311, 4661711, 1, 0
25601, 3546964, 1, 0
25959, 1832346, 1, 0
26043, 1973786, 1, 0
26334, 1662052, 1, 0
26757, 1610803, 1, 0
26759, 1327457, 1, 0
27035, 1053974, 1, 0
27312, 1251218, 1, 0
27774, 1110571, 1, 0
27868, 1434690, 1, 0
35132, 2764725, 1, 0
35132, 8684452, 1, 0
35133, 8019787, 1, 0
35134, 8288337, 1, 0
35135, 8685815, 1, 0
35136, 8685406, 1, 0
35136, 8685553, 1, 0
35138, 8380133, 1, 0
35139, 8103334, 1, 0
35139, 8024254, 1, 0
35139, 8103346, 1, 0
35140, 8024247, 1, 0
35140, 8103556, 1, 0
35194, 7768205, 1, 0
35207, 7779672, 1, 0
35209, 7767320, 1, 0
35209, 7767323, 1, 0
35254, 8494794, 1, 0
35269, 8854107, 1, 0
35269, 7389030, 1, 0
35988, 8764022, 1, 0
35992, 858643, 1, 0
35993, 8767381, 1, 0
35994, 8112531, 1, 0
36168, 9752025, 1, 0
36170, 9753059, 1, 0
36172, 1038644, 1, 0
36173, 8945644, 1, 0
36185, 8873558, 1, 0
36187, 9754904, 1, 0
36187, 1055362, 1, 0
36322, 1187372, 1, 0
36436, 8662158, 1, 0
36436, 1300515, 1, 0
36753, 4456343, 1, 0
36754, 1545361, 1, 0
37236, 1696090, 1, 0
37335, 2195285, 1, 0
37729, 1419772, 1, 0
37836, 1474776, 1, 0
38170, 1247193, 1, 0
38531, 1043845, 1, 0
38533, 1771378, 1, 0
39418, 1493355, 1, 0
39420, 2627648, 1, 0
39420, 2627532, 1, 0
39858, 1867611, 1, 0
39859, 2403623, 1, 0
40108, 2108521, 1, 0
40407, 1669335, 1, 0
40613, 2420288, 1, 0
40847, 1689211, 1, 0
41065, 1201952, 1, 0
41342, 1884598, 1, 0
41513, 2029654, 1, 0
42023, 2019488, 1, 0
42152, 2256066, 1, 0
42278, 2549105, 1, 0
42997, 2956320, 1, 0
43080, 3642536, 1, 0
43081, 2468431, 1, 0
43724, 2741300, 1, 0
44036, 2325199, 1, 0
44037, 2014289, 1, 0
44038, 3190805, 1, 0
44495, 3092194, 1, 0
44750, 2469408, 1, 0
44753, 3673611, 1, 0
45754, 3404579, 1, 0
45755, 2675103, 1, 0
45756, 4053370, 1, 0
45756, 4689937, 1, 0
46511, 3673668, 1, 0
46512, 5396378, 1, 0
46598, 2561870, 1, 0
46785, 5461019, 1, 0
47251, 2897930, 1, 0
47252, 3208223, 1, 0
47570, 2956684, 1, 0
48074, 3323549, 1, 0
48075, 4035588, 1, 0
48994, 2540973, 1, 0
48995, 2397763, 1, 0
48997, 2484872, 1, 0
49097, 1703836, 1, 0
49558, 2292601, 1, 0
49559, 2861376, 1, 0
50386, 3354764, 1, 0
50706, 5934851, 1, 0
50707, 2631874, 1, 0
50708, 3456868, 1, 0
50796, 2719670, 1, 0
51358, 3828892, 1, 0
51359, 3281696, 1, 0
51718, 3371664, 1, 0
51816, 4409577, 1, 0
52170, 6400052, 1, 0
52492, 2764830, 1, 0
52573, 4386972, 1, 0
53190, 2260684, 1, 0
53193, 3479278, 1, 0
53409, 2856713, 1, 0
53706, 3156952, 1, 0
53951, 1456875, 1, 0
54038, 3623247, 1, 0
54517, 3215651, 1, 0
56866, 4291754, 1, 0
56874, 6077855, 1, 0
58976, 7605270, 1, 0
58977, 5770075, 1, 0
58978, 6325655, 1, 0
58980, 5790032, 1, 0
58980, 5772862, 1, 0
58981, 9882389, 1, 0
58982, 5573091, 1, 0
58984, 8186103, 1, 0
58984, 5574251, 1, 0
58985, 5792630, 1, 0
58988, 4918691, 1, 0
58992, 4918295, 1, 0
58992, 7621054, 1, 0
58993, 7275050, 1, 0
58993, 5787090, 1, 0
58994, 7274559, 1, 0
60215, 5640580, 1, 0
61719, 4845338, 1, 0
61719, 9998742, 1, 0
61719, 7768488, 1, 0
61719, 7680097, 1, 0
61719, 4853895, 1, 0
61719, 7767320, 1, 0
61719, 9903003, 1, 0
61719, 9549944, 1, 0
61719, 9227300, 1, 0
61719, 7649884, 1, 0
61720, 2732104, 1, 0
509, 508915, 1, 0
641, 640101, 1, 0
877, 728777, 1, 0
1119, 904110, 1, 0
1341, 1180689, 1, 0
2192, 1365156, 1, 0
2192, 1683099, 1, 0
2204, 1563492, 1, 0
2264, 1089564, 1, 0
2591, 1165356, 1, 0
3217, 1853126, 1, 0
3273, 2394890, 1, 0
3274, 2380728, 1, 0
3571, 2532134, 1, 0
4297, 2911844, 1, 0
4299, 3396912, 1, 0
4314, 3193419, 1, 0
4931, 2301862, 1, 0
4931, 2252020, 1, 0
5484, 2686927, 1, 0
5486, 2806430, 1, 0
5501, 2577755, 1, 0
5819, 2401860, 1, 0
6551, 2377422, 1, 0
6653, 3972093, 1, 0
6654, 1169966, 1, 0
6994, 1596566, 1, 0
7085, 1598445, 1, 0
7431, 2594002, 1, 0
7518, 2037954, 1, 0
8130, 2238192, 1, 0
8997, 2445702, 1, 0
9304, 2651114, 1, 0
9855, 2766735, 1, 0
9856, 4331026, 1, 0
9856, 4330741, 1, 0
10041, 2950454, 1, 0
10042, 3387948, 1, 0
10043, 3387424, 1, 0
10057, 2951770, 1, 0
10334, 2902835, 1, 0
10550, 3243489, 1, 0
10761, 3095165, 1, 0
11322, 2534005, 1, 0
11324, 3801210, 1, 0
11821, 3185592, 1, 0
11823, 4303057, 1, 0
12122, 4376963, 1, 0
12526, 3926197, 1, 0
12529, 5005482, 1, 0
12870, 2483965, 1, 0
13346, 2701988, 1, 0
13350, 1951852, 1, 0
13771, 2694905, 1, 0
13771, 1646836, 1, 0
14143, 2769931, 1, 0
14502, 2678822, 1, 0
14505, 3148445, 1, 0
14794, 2875106, 1, 0
15215, 2866061, 1, 0
15486, 3132184, 1, 0
15500, 2576259, 1, 0
16101, 3195423, 1, 0
16102, 1958473, 1, 0
16894, 3310947, 1, 0
16986, 2480925, 1, 0
16987, 2482100, 1, 0
17003, 2209230, 1, 0
17364, 3107448, 1, 0
17750, 2872503, 1, 0
17752, 3246653, 1, 0
18172, 2279903, 1, 0
18543, 2540445, 1, 0
18544, 2408293, 1, 0
20468, 3657563, 1, 0
20471, 4369629, 1, 0
20473, 5907576, 1, 0
20476, 5259176, 1, 0
20477, 2303718, 1, 0
20479, 4376673, 1, 0
20479, 5260837, 1, 0
20513, 3101212, 1, 0
23450, 5679264, 1, 0
23451, 5278789, 1, 0
23451, 6464902, 1, 0
23452, 6465329, 1, 0
23453, 6450015, 1, 0
23453, 6450045, 1, 0
24360, 3888851, 1, 0
24363, 7358736, 1, 0
24496, 4022918, 1, 0
24497, 4016870, 1, 0
24610, 4131140, 1, 0
24741, 4265115, 1, 0
24743, 4262345, 1, 0
24744, 4264473, 1, 0
24873, 4395500, 1, 0
24875, 4394868, 1, 0
24875, 4395780, 1, 0
25030, 4545081, 1, 0
25303, 5061470, 1, 0
25593, 4578814, 1, 0
25952, 4675571, 1, 0
26036, 912524, 1, 0
26325, 1097538, 1, 0
27027, 1623213, 1, 0
27106, 1052398, 1, 0
27107, 2747059, 1, 0
27303, 1600477, 1, 0
27763, 1889380, 1, 0
27766, 2170122, 1, 0
35123, 3338543, 1, 0
35124, 9516057, 1, 0
35125, 10094376, 1, 0
35126, 10094457, 1, 0
35126, 9073050, 1, 0
35126, 10005104, 1, 0
35126, 10004339, 1, 0
35127, 9498563, 1, 0
35128, 9176402, 1, 0
35128, 9092669, 1, 0
35131, 7709548, 1, 0
35132, 7709493, 1, 0
35185, 7751399, 1, 0
35200, 7436453, 1, 0
35202, 7341270, 1, 0
35218, 7354447, 1, 0
35218, 7452575, 1, 0
35218, 7360619, 1, 0
35219, 7359985, 1, 0
35219, 8113203, 1, 0
35219, 7345521, 1, 0
35247, 8139105, 1, 0
35247, 8140114, 1, 0
35248, 8139842, 1, 0
35261, 7957987, 1, 0
35262, 7957684, 1, 0
35262, 7957328, 1, 0
35262, 7402263, 1, 0
35979, 8670442, 1, 0
35980, 8764226, 1, 0
35985, 862069, 1, 0
36163, 1038426, 1, 0
36164, 8944503, 1, 0
36429, 5124658, 1, 0
36744, 1421311, 1, 0
36750, 1571106, 1, 0
37148, 1605827, 1, 0
37327, 1510930, 1, 0
37726, 1547067, 1, 0
37828, 1057177, 1, 0
38160, 980096, 1, 0
38524, 1233643, 1, 0
38526, 1095533, 1, 0
38754, 1805038, 1, 0
39145, 1312888, 1, 0
39332, 1486119, 1, 0
39857, 1725652, 1, 0
39886, 2159417, 1, 0
40098, 1750461, 1, 0
40431, 1644038, 1, 0
40604, 1469775, 1, 0
40806, 1621200, 1, 0
41693, 1416310, 1, 0
41696, 1595146, 1, 0
42015, 2582110, 1, 0
42016, 1209677, 1, 0
42144, 1939678, 1, 0
42270, 2387694, 1, 0
42990, 1814655, 1, 0
42991, 3531131, 1, 0
43072, 2878569, 1, 0
43716, 2679563, 1, 0
43718, 3618607, 1, 0
44028, 3422809, 1, 0
44030, 3422887, 1, 0
44447, 3102101, 1, 0
44745, 4313081, 1, 0
44752, 4051734, 1, 0
45746, 3760738, 1, 0
45762, 5874351, 1, 0
45900, 6012474, 1, 0
46690, 2656966, 1, 0
46691, 2656485, 1, 0
46778, 2742203, 1, 0
47243, 3206611, 1, 0
47244, 4253872, 1, 0
47385, 3351783, 1, 0
47466, 3429221, 1, 0
47563, 3959295, 1, 0
48066, 4349940, 1, 0
48067, 5075829, 1, 0
48325, 4298726, 1, 0
48896, 4859682, 1, 0
48897, 4869109, 1, 0
49089, 4424411, 1, 0
49552, 4572725, 1, 0
49702, 3955968, 1, 0
50381, 3465983, 1, 0
50697, 4935177, 1, 0
50698, 2622648, 1, 0
50787, 2710266, 1, 0
50788, 4888170, 1, 0
51349, 4423264, 1, 0
51351, 2453265, 1, 0
51710, 2886178, 1, 0
51809, 3696454, 1, 0
52115, 3049103, 1, 0
52486, 3820305, 1, 0
52568, 5123611, 1, 0
53182, 4049232, 1, 0
53184, 5718932, 1, 0
53400, 3003897, 1, 0
53698, 1886793, 1, 0
53945, 2132738, 1, 0
54032, 3244571, 1, 0
56866, 3222814, 1, 0
58968, 6323629, 1, 0
58971, 7259932, 1, 0
58972, 5790097, 1, 0
58973, 8183815, 1, 0
58974, 5788724, 1, 0
58974, 7262221, 1, 0
58976, 7263044, 1, 0
58976, 5791698, 1, 0
58980, 7170786, 1, 0
58980, 6864302, 1, 0
58980, 8599243, 1, 0
58981, 5782649, 1, 0
58982, 4947624, 1, 0
58982, 8285226, 1, 0
58982, 6496206, 1, 0
58983, 5784819, 1, 0
58984, 4920557, 1, 0
58985, 5286856, 1, 0
60066, 6650096, 1, 0
61712, 4845611, 1, 0
61712, 9144060, 1, 0
61712, 7680309, 1, 0
61712, 7677885, 1, 0
61712, 2743399, 1, 0
61712, 2740813, 1, 0
61712, 2739576, 1, 0
61712, 2738719, 1, 0
61712, 2735682, 1, 0
61712, 2731090, 1, 0
61712, 2728843, 1, 0
