250, 2403, 0, 0
250, 550, 1, 0
500, 2464, 0, 0
500, 688, 1, 0
750, 1889, 0, 0
750, 1080, 1, 0
1003, 2065, 0, 0
1003, 1106, 1, 0
1271, 7401, 0, 0
1271, 1359, 1, 0
1521, 6361, 0, 0
1521, 1111, 1, 0
1771, 3690, 0, 0
1771, 1649, 1, 0
2026, 2385, 0, 0
2026, 1594, 1, 0
2279, 49550, 0, 0
2279, 20640, 1, 0
2532, 119971, 0, 0
2532, 2868, 1, 0
2782, 2290, 0, 0
2782, 1427, 1, 0
3037, 2723, 0, 0
3037, 1213, 1, 0
3287, 5892, 0, 0
3287, 1814, 1, 0
3639, 1952, 0, 0
3639, 970, 1, 0
3889, 3958, 0, 0
3889, 1500, 1, 0
4139, 1274, 0, 0
4139, 1256, 1, 0
4389, 1036, 0, 0
4389, 1159, 1, 0
4657, 2762, 0, 0
4657, 497, 1, 0
4907, 3949, 0, 0
4907, 1391, 1, 0
5160, 6485, 0, 0
5160, 1419, 1, 0
5410, 4461, 0, 0
5410, 1486, 1, 0
5660, 1602, 0, 0
5660, 1594, 1, 0
5910, 1557, 0, 0
5910, 2197, 1, 0
6160, 2418, 0, 0
6160, 1590, 1, 0
6410, 963, 0, 0
6410, 656, 1, 0
6660, 3082, 0, 0
6660, 805, 1, 0
6910, 1055, 0, 0
6910, 1051, 1, 0
7160, 1098, 0, 0
7160, 1111, 1, 0
7410, 1515, 0, 0
7410, 1527, 1, 0
7660, 1594, 0, 0
7660, 1639, 1, 0
7910, 2007, 0, 0
7910, 991, 1, 0
8160, 1912, 0, 0
8160, 1263, 1, 0
8410, 6397, 0, 0
8410, 896, 1, 0
8660, 1252, 0, 0
8660, 865, 1, 0
8933, 1932, 0, 0
8933, 1533, 1, 0
9183, 7655, 0, 0
9183, 1178, 1, 0
9433, 2530, 0, 0
9433, 1099, 1, 0
9683, 1498, 0, 0
9683, 1478, 1, 0
9933, 2373, 0, 0
9933, 874, 1, 0
10185, 3998, 0, 0
10185, 1269, 1, 0
10435, 4068, 0, 0
10435, 958, 1, 0
10685, 2393, 0, 0
10685, 1296, 1, 0
10935, 1630, 0, 0
10935, 1646, 1, 0
11185, 1592, 0, 0
11185, 1592, 1, 0
11435, 1441, 0, 0
11435, 1793, 1, 0
11685, 1458, 0, 0
11685, 1462, 1, 0
12059, 1375, 0, 0
12059, 1432, 1, 0
12309, 1129, 0, 0
12309, 1986, 1, 0
12559, 1203, 0, 0
12559, 1192, 1, 0
12991, 1590, 0, 0
12991, 1840, 1, 0
13241, 1348, 0, 0
13241, 4473, 1, 0
13491, 1402, 0, 0
13491, 1416, 1, 0
13741, 1079, 0, 0
13741, 1100, 1, 0
13991, 1136, 0, 0
13991, 1137, 1, 0
14241, 826, 0, 0
14241, 826, 1, 0
14491, 14156, 0, 0
14491, 1869, 1, 0
14741, 1838, 0, 0
14741, 1536, 1, 0
14991, 1844, 0, 0
14991, 1216, 1, 0
15241, 3268, 0, 0
15241, 839, 1, 0
15491, 1669, 0, 0
15491, 1240, 1, 0
15741, 2475, 0, 0
15741, 1431, 1, 0
15994, 14814, 0, 0
15994, 977, 1, 0
16244, 2370, 0, 0
16244, 977, 1, 0
16494, 2785, 0, 0
16494, 1111, 1, 0
16876, 1770, 0, 0
16876, 1216, 1, 0
17126, 4166, 0, 0
17126, 819, 1, 0
17376, 1403, 0, 0
17376, 815, 1, 0
17626, 2871, 0, 0
17626, 1420, 1, 0
17915, 918, 0, 0
17915, 874, 1, 0
18169, 17607, 0, 0
18169, 4441, 1, 0
18419, 3242, 0, 0
18419, 1600, 1, 0
18670, 1727, 0, 0
18670, 1220, 1, 0
18953, 3101, 0, 0
18953, 1123, 1, 0
19203, 2565, 0, 0
19203, 1465, 1, 0
19453, 1918, 0, 0
19453, 863, 1, 0
19705, 4219, 0, 0
19705, 976, 1, 0
19955, 10891, 0, 0
19955, 1093, 1, 0
20205, 3351, 0, 0
20205, 1099, 1, 0
20455, 1561, 0, 0
20455, 1443, 1, 0
20705, 3511, 0, 0
20705, 1457, 1, 0
20955, 1994, 0, 0
20955, 1191, 1, 0
21207, 4181, 0, 0
21207, 1193, 1, 0
21458, 3036, 0, 0
21458, 871, 1, 0
21708, 1383, 0, 0
21708, 308, 1, 0
21958, 2276, 0, 0
21958, 1025, 1, 0
22208, 4228, 0, 0
22208, 2039, 1, 0
22458, 1982, 0, 0
22458, 968, 1, 0
22708, 7119, 0, 0
22708, 888, 1, 0
22958, 5390, 0, 0
22958, 1274, 1, 0
23208, 1685, 0, 0
23208, 1262, 1, 0
23458, 4411, 0, 0
23458, 856, 1, 0
23793, 1329, 0, 0
23793, 1192, 1, 0
24043, 4637, 0, 0
24043, 640, 1, 0
24383, 1723, 0, 0
24383, 1058, 1, 0
24633, 2938, 0, 0
24633, 1259, 1, 0
24883, 949, 0, 0
24883, 950, 1, 0
25133, 952, 0, 0
25133, 941, 1, 0
25383, 1248, 0, 0
25383, 1252, 1, 0
25633, 1454, 0, 0
25633, 2522, 1, 0
25883, 26805, 0, 0
25883, 1644, 1, 0
26133, 997, 0, 0
26133, 991, 1, 0
26383, 4001, 0, 0
26383, 1256, 1, 0
26654, 7207, 0, 0
26654, 1085, 1, 0
26904, 5337, 0, 0
26904, 1731, 1, 0
27175, 1802, 0, 0
27175, 1341, 1, 0
27427, 2834, 0, 0
27427, 1224, 1, 0
27677, 3779, 0, 0
27677, 764, 1, 0
27927, 5104, 0, 0
27927, 1067, 1, 0
28177, 1624, 0, 0
28177, 1622, 1, 0
28427, 2272, 0, 0
28427, 1112, 1, 0
28677, 3838, 0, 0
28677, 1073, 1, 0
28927, 4480, 0, 0
28927, 1104, 1, 0
29177, 2418, 0, 0
29177, 1325, 1, 0
29442, 4030, 0, 0
29442, 733, 1, 0
29692, 2412, 0, 0
29692, 950, 1, 0
29944, 1494, 0, 0
29944, 1484, 1, 0
30194, 4870, 0, 0
30194, 1482, 1, 0
30477, 2543, 0, 0
30477, 1343, 1, 0
30731, 44045, 0, 0
30731, 3074, 1, 0
31015, 4235, 0, 0
31015, 527, 1, 0
31265, 2406, 0, 0
31265, 827, 1, 0
31515, 3788, 0, 0
31515, 1493, 1, 0
31768, 1599, 0, 0
31768, 870, 1, 0
32018, 3074, 0, 0
32018, 787, 1, 0
32268, 1821, 0, 0
32268, 784, 1, 0
32518, 3354, 0, 0
32518, 891, 1, 0
32768, 963, 0, 0
32768, 968, 1, 0
33018, 1097, 0, 0
33018, 1093, 1, 0
33268, 1505, 0, 0
33268, 1506, 1, 0
33518, 1381, 0, 0
33518, 1862, 1, 0
33768, 3115, 0, 0
33768, 1386, 1, 0
34018, 1280, 0, 0
34018, 844, 1, 0
34337, 3270, 0, 0
34337, 1024, 1, 0
34591, 2295, 0, 0
34591, 844, 1, 0
34841, 4621, 0, 0
34841, 1241, 1, 0
35091, 2533, 0, 0
35091, 1053, 1, 0
35368, 2537, 0, 0
35368, 997, 1, 0
35618, 2944, 0, 0
35618, 1117, 1, 0
35868, 2445, 0, 0
35868, 1574, 1, 0
36122, 1582, 0, 0
36122, 1343, 1, 0
36378, 3563, 0, 0
36378, 989, 1, 0
36628, 3949, 0, 0
36628, 976, 1, 0
36878, 10785, 0, 0
36878, 1044, 1, 0
37128, 796, 0, 0
37128, 789, 1, 0
37379, 2084, 0, 0
37379, 1452, 1, 0
37649, 2964, 0, 0
37649, 1513, 1, 0
37899, 5532, 0, 0
37899, 1202, 1, 0
38149, 2592, 0, 0
38149, 1301, 1, 0
38410, 2492, 0, 0
38410, 1280, 1, 0
38663, 5343, 0, 0
38663, 819, 1, 0
38937, 2498, 0, 0
38937, 1167, 1, 0
39187, 3489, 0, 0
39187, 1204, 1, 0
39444, 3407, 0, 0
39444, 1905, 1, 0
39698, 3649, 0, 0
39698, 1149, 1, 0
39948, 8472, 0, 0
39948, 1648, 1, 0
40198, 1564, 0, 0
40198, 1555, 1, 0
40448, 1027, 0, 0
40448, 1019, 1, 0
40698, 1038, 0, 0
40698, 1035, 1, 0
40948, 1415, 0, 0
40948, 1413, 1, 0
41198, 1796, 0, 0
41198, 1607, 1, 0
41448, 6026, 0, 0
41448, 1629, 1, 0
41699, 2047, 0, 0
41699, 1150, 1, 0
41949, 2552, 0, 0
41949, 2156, 1, 0
42199, 4383, 0, 0
42199, 1172, 1, 0
42449, 1555, 0, 0
42449, 880, 1, 0
42699, 2332, 0, 0
42699, 699, 1, 0
42949, 2941, 0, 0
42949, 1025, 1, 0
43199, 4644, 0, 0
43199, 1464, 1, 0
43476, 1620, 0, 0
43476, 1603, 1, 0
43726, 2355, 0, 0
43726, 1263, 1, 0
43986, 2503, 0, 0
43986, 1394, 1, 0
44236, 3501, 0, 0
44236, 1205, 1, 0
44486, 2127, 0, 0
44486, 1177, 1, 0
44736, 3196, 0, 0
44736, 1084, 1, 0
44986, 1137, 0, 0
44986, 1137, 1, 0
45236, 1136, 0, 0
45236, 1228, 1, 0
45495, 4668, 0, 0
45495, 5428, 1, 0
45745, 1992, 0, 0
45745, 2826, 1, 0
45995, 1174, 0, 0
45995, 1179, 1, 0
46245, 1278, 0, 0
46245, 1311, 1, 0
46495, 2597, 0, 0
46495, 2047, 1, 0
46745, 1064, 0, 0
46745, 1478, 1, 0
46995, 1548, 0, 0
46995, 1548, 1, 0
47245, 1566, 0, 0
47245, 1571, 1, 0
47495, 1097, 0, 0
47495, 1113, 1, 0
47745, 1226, 0, 0
47745, 1321, 1, 0
47995, 1409, 0, 0
47995, 1383, 1, 0
48283, 3766, 0, 0
48283, 1201, 1, 0
48533, 2508, 0, 0
48533, 624, 1, 0
48783, 1773, 0, 0
48783, 1126, 1, 0
49033, 1655, 0, 0
49033, 2659, 1, 0
49283, 1550, 0, 0
49283, 1551, 1, 0
49533, 1125, 0, 0
49533, 1132, 1, 0
49783, 1264, 0, 0
49783, 1274, 1, 0
50033, 1592, 0, 0
50033, 1586, 1, 0
50283, 1144, 0, 0
50283, 2310, 1, 0
50533, 1656, 0, 0
50533, 2205, 1, 0
50783, 1280, 0, 0
50783, 1988, 1, 0
51033, 1482, 0, 0
51033, 1481, 1, 0
51283, 1529, 0, 0
51283, 1523, 1, 0
51533, 1151, 0, 0
51533, 1293, 1, 0
51783, 1086, 0, 0
51783, 1790, 1, 0
52033, 1270, 0, 0
52033, 1378, 1, 0
52294, 32946, 0, 0
52294, 1457, 1, 0
52577, 1591, 0, 0
52577, 909, 1, 0
52827, 2056, 0, 0
52827, 2338, 1, 0
53142, 1318, 0, 0
53142, 1460, 1, 0
53392, 7447, 0, 0
53392, 2395, 1, 0
53642, 968, 0, 0
53642, 965, 1, 0
53892, 1121, 0, 0
53892, 1125, 1, 0
54142, 1454, 0, 0
54142, 1425, 1, 0
54419, 987, 0, 0
54419, 1006, 1, 0
54669, 1846, 0, 0
54669, 2035, 1, 0
54919, 1757, 0, 0
54919, 860, 1, 0
55186, 26394, 0, 0
55186, 1474, 1, 0
55443, 5537, 0, 0
55443, 1441, 1, 0
55693, 3509, 0, 0
55693, 1069, 1, 0
55943, 2230, 0, 0
55943, 1230, 1, 0
56193, 2436, 0, 0
56193, 1265, 1, 0
56443, 3651, 0, 0
56443, 839, 1, 0
56693, 2747, 0, 0
56693, 873, 1, 0
56944, 1926, 0, 0
56944, 1508, 1, 0
57194, 1499, 0, 0
57194, 1370, 1, 0
57444, 7895, 0, 0
57444, 1133, 1, 0
57732, 3258, 0, 0
57732, 992, 1, 0
57982, 3395, 0, 0
57982, 921, 1, 0
58232, 2559, 0, 0
58232, 1020, 1, 0
58482, 1262, 0, 0
58482, 1263, 1, 0
58732, 1521, 0, 0
58732, 1130, 1, 0
59021, 3009, 0, 0
59021, 1387, 1, 0
59271, 11480, 0, 0
59271, 723, 1, 0
59521, 3017, 0, 0
59521, 1294, 1, 0
59771, 2690, 0, 0
59771, 1322, 1, 0
60000, 4317, 0, 0
60000, 1413, 1, 0
