500, 7230, 0, 0
1000, 14368, 0, 0
1000, 7092, 1, 0
1500, 11944, 0, 0
1500, 14404, 1, 0
2024, 10227, 0, 0
2024, 12208, 1, 0
2524, 2978, 0, 0
2524, 10068, 1, 0
3024, 10420, 0, 0
3024, 2976, 1, 0
3524, 9350, 0, 0
3524, 10414, 1, 0
4025, 10920, 0, 0
4025, 9246, 1, 0
4528, 10224, 0, 0
4528, 11084, 1, 0
5028, 11868, 0, 0
5028, 10178, 1, 0
5528, 11146, 0, 0
5528, 11656, 1, 0
6028, 12734, 0, 0
6028, 10690, 1, 0
6529, 10520, 0, 0
6529, 12742, 1, 0
7029, 7288, 0, 0
7029, 10906, 1, 0
7529, 10574, 0, 0
7529, 7376, 1, 0
8029, 9282, 0, 0
8029, 10694, 1, 0
8529, 12022, 0, 0
8529, 9264, 1, 0
9033, 7049, 0, 0
9033, 12080, 1, 0
9533, 12102, 0, 0
9533, 7043, 1, 0
10033, 10910, 0, 0
10033, 12394, 1, 0
10533, 19294, 0, 0
10533, 10796, 1, 0
11033, 10404, 0, 0
11033, 19336, 1, 0
11533, 10982, 0, 0
11533, 10238, 1, 0
12033, 14118, 0, 0
12033, 10726, 1, 0
12538, 8827, 0, 0
12538, 14000, 1, 0
13038, 10972, 0, 0
13038, 8789, 1, 0
13538, 7956, 0, 0
13538, 10780, 1, 0
14040, 11578, 0, 0
14040, 8040, 1, 0
14540, 10634, 0, 0
14540, 11249, 1, 0
15040, 13140, 0, 0
15040, 10308, 1, 0
15540, 7342, 0, 0
15540, 13146, 1, 0
16041, 15862, 0, 0
16041, 7568, 1, 0
16541, 9342, 0, 0
16541, 15708, 1, 0
17041, 6968, 0, 0
17041, 9310, 1, 0
17541, 10192, 0, 0
17541, 6988, 1, 0
18041, 10006, 0, 0
18041, 10536, 1, 0
18548, 8439, 0, 0
18548, 9992, 1, 0
19052, 10031, 0, 0
19052, 8307, 1, 0
19552, 9646, 0, 0
19552, 10279, 1, 0
20052, 12538, 0, 0
20052, 9494, 1, 0
20552, 11686, 0, 0
20552, 12354, 1, 0
21052, 13762, 0, 0
21052, 12240, 1, 0
21552, 10316, 0, 0
21552, 13266, 1, 0
22052, 7568, 0, 0
22052, 10098, 1, 0
22591, 12282, 0, 0
22591, 7436, 1, 0
23091, 8816, 0, 0
23091, 12260, 1, 0
23591, 9354, 0, 0
23591, 8664, 1, 0
24096, 7267, 0, 0
24096, 9624, 1, 0
24596, 9370, 0, 0
24596, 7305, 1, 0
25096, 9726, 0, 0
25096, 9266, 1, 0
25596, 10350, 0, 0
25596, 10242, 1, 0
26096, 10006, 0, 0
26096, 10296, 1, 0
26596, 17716, 0, 0
26596, 9836, 1, 0
27096, 19082, 0, 0
27096, 18174, 1, 0
27596, 10016, 0, 0
27596, 18952, 1, 0
28096, 7664, 0, 0
28096, 9932, 1, 0
28597, 8728, 0, 0
28597, 7434, 1, 0
29098, 7140, 0, 0
29098, 8868, 1, 0
29598, 10234, 0, 0
29598, 7132, 1, 0
30098, 8108, 0, 0
30098, 10346, 1, 0
30598, 9212, 0, 0
30598, 8440, 1, 0
31103, 10388, 0, 0
31103, 9206, 1, 0
31603, 11068, 0, 0
31603, 10479, 1, 0
32103, 10454, 0, 0
32103, 11036, 1, 0
32603, 9192, 0, 0
32603, 10558, 1, 0
33103, 14644, 0, 0
33103, 9182, 1, 0
33603, 9804, 0, 0
33603, 14462, 1, 0
34103, 12892, 0, 0
34103, 9568, 1, 0
34603, 12052, 0, 0
34603, 13138, 1, 0
35103, 9342, 0, 0
35103, 12274, 1, 0
35646, 10857, 0, 0
35646, 9158, 1, 0
36147, 10047, 0, 0
36147, 10845, 1, 0
36683, 10480, 0, 0
36683, 9972, 1, 0
37183, 11078, 0, 0
37183, 10934, 1, 0
37683, 12652, 0, 0
37683, 11096, 1, 0
38183, 11086, 0, 0
38183, 12808, 1, 0
38683, 15072, 0, 0
38683, 10888, 1, 0
39183, 15504, 0, 0
39183, 14944, 1, 0
39683, 10016, 0, 0
39683, 15016, 1, 0
40183, 10548, 0, 0
40183, 10448, 1, 0
40683, 14940, 0, 0
40683, 10876, 1, 0
41183, 10644, 0, 0
41183, 15170, 1, 0
41683, 15782, 0, 0
41683, 10380, 1, 0
42183, 12832, 0, 0
42183, 15808, 1, 0
42683, 14536, 0, 0
42683, 12758, 1, 0
43183, 10154, 0, 0
43183, 14466, 1, 0
43683, 14502, 0, 0
43683, 10244, 1, 0
44184, 13028, 0, 0
44184, 14522, 1, 0
44685, 9794, 0, 0
44685, 12632, 1, 0
45199, 7130, 0, 0
45199, 9552, 1, 0
45699, 13108, 0, 0
45699, 7226, 1, 0
46199, 8312, 0, 0
46199, 12940, 1, 0
46740, 9201, 0, 0
46740, 8244, 1, 0
47240, 9108, 0, 0
47240, 9153, 1, 0
47740, 5754, 0, 0
47740, 9030, 1, 0
48240, 11194, 0, 0
48240, 5736, 1, 0
48745, 13744, 0, 0
48745, 10830, 1, 0
49245, 7492, 0, 0
49245, 13601, 1, 0
49745, 6474, 0, 0
49745, 7590, 1, 0
50245, 15282, 0, 0
50245, 6526, 1, 0
50745, 17656, 0, 0
50745, 15446, 1, 0
51245, 9380, 0, 0
51245, 17588, 1, 0
51746, 7802, 0, 0
51746, 9146, 1, 0
52246, 11490, 0, 0
52246, 7790, 1, 0
52746, 7678, 0, 0
52746, 11654, 1, 0
53246, 10070, 0, 0
53246, 7764, 1, 0
53750, 10781, 0, 0
53750, 10236, 1, 0
54259, 8066, 0, 0
54259, 10914, 1, 0
54759, 8812, 0, 0
54759, 8084, 1, 0
55259, 12668, 0, 0
55259, 8842, 1, 0
55777, 8574, 0, 0
55777, 12876, 1, 0
56277, 16328, 0, 0
56277, 8849, 1, 0
56777, 13720, 0, 0
56777, 15844, 1, 0
57277, 11302, 0, 0
57277, 13544, 1, 0
57777, 6918, 0, 0
57777, 11260, 1, 0
58277, 14854, 0, 0
58277, 7320, 1, 0
58777, 7108, 0, 0
58777, 14772, 1, 0
59279, 9215, 0, 0
59279, 7160, 1, 0
59779, 9040, 0, 0
59779, 9149, 1, 0
60000, 8880, 1, 0
