259, 349, 0, 0
515, 174, 0, 0
767, 175, 0, 0
1025, 177, 0, 0
1285, 176, 0, 0
1541, 176, 0, 0
1802, 170, 0, 0
2053, 182, 0, 0
2303, 180, 0, 0
2553, 147, 0, 0
2806, 126, 0, 0
3075, 172, 0, 0
3326, 177, 0, 0
3582, 175, 0, 0
3834, 184, 0, 0
4089, 172, 0, 0
4349, 179, 0, 0
4600, 176, 0, 0
4850, 178, 0, 0
5110, 185, 0, 0
5361, 178, 0, 0
5623, 178, 0, 0
5874, 162, 0, 0
6127, 158, 0, 0
6388, 143, 0, 0
6640, 174, 0, 0
6913, 169, 0, 0
7164, 136, 0, 0
7424, 150, 0, 0
7687, 160, 0, 0
7947, 102, 0, 0
8204, 101, 0, 0
8457, 124, 0, 0
8717, 192, 0, 0
8971, 143, 0, 0
9222, 153, 0, 0
9474, 139, 0, 0
9728, 159, 0, 0
9980, 129, 0, 0
10245, 162, 0, 0
10512, 162, 0, 0
10763, 117, 0, 0
11013, 176, 0, 0
11266, 171, 0, 0
11518, 176, 0, 0
11777, 177, 0, 0
12032, 166, 0, 0
12286, 158, 0, 0
12542, 148, 0, 0
12793, 169, 0, 0
13044, 176, 0, 0
13306, 169, 0, 0
13557, 164, 0, 0
13808, 168, 0, 0
14062, 165, 0, 0
14319, 165, 0, 0
14569, 164, 0, 0
14826, 163, 0, 0
15079, 150, 0, 0
15330, 136, 0, 0
15589, 99, 0, 0
15859, 113, 0, 0
16112, 148, 0, 0
16362, 171, 0, 0
16618, 167, 0, 0
16879, 155, 0, 0
17136, 152, 0, 0
17391, 176, 0, 0
17650, 168, 0, 0
17902, 122, 0, 0
18168, 169, 0, 0
18435, 127, 0, 0
18688, 109, 0, 0
18941, 159, 0, 0
19203, 103, 0, 0
19476, 105, 0, 0
19736, 161, 0, 0
19992, 173, 0, 0
20256, 169, 0, 0
20516, 181, 0, 0
20773, 170, 0, 0
21038, 183, 0, 0
21292, 173, 0, 0
21545, 132, 0, 0
21796, 110, 0, 0
22056, 175, 0, 0
22314, 175, 0, 0
22582, 181, 0, 0
22843, 111, 0, 0
23095, 132, 0, 0
23349, 116, 0, 0
23602, 170, 0, 0
23855, 148, 0, 0
24112, 111, 0, 0
24363, 103, 0, 0
24616, 172, 0, 0
24872, 153, 0, 0
25128, 170, 0, 0
25388, 159, 0, 0
25638, 166, 0, 0
25888, 167, 0, 0
26143, 171, 0, 0
26406, 170, 0, 0
26657, 172, 0, 0
26917, 169, 0, 0
27172, 171, 0, 0
27427, 166, 0, 0
27679, 159, 0, 0
27949, 169, 0, 0
28207, 177, 0, 0
28468, 164, 0, 0
28721, 170, 0, 0
28972, 169, 0, 0
29223, 168, 0, 0
29476, 171, 0, 0
29727, 175, 0, 0
29978, 169, 0, 0
30229, 170, 0, 0
30484, 175, 0, 0
30737, 168, 0, 0
31001, 167, 0, 0
31269, 174, 0, 0
31524, 190, 0, 0
31784, 147, 0, 0
32037, 176, 0, 0
32292, 180, 0, 0
32556, 133, 0, 0
32810, 149, 0, 0
33071, 173, 0, 0
33328, 172, 0, 0
33579, 179, 0, 0
33839, 174, 0, 0
34093, 171, 0, 0
34345, 173, 0, 0
34602, 168, 0, 0
34903, 177, 0, 0
35156, 160, 0, 0
35409, 140, 0, 0
35661, 155, 0, 0
35913, 170, 0, 0
36163, 144, 0, 0
36436, 103, 0, 0
36697, 167, 0, 0
36948, 164, 0, 0
37198, 113, 0, 0
37451, 126, 0, 0
37706, 128, 0, 0
37960, 180, 0, 0
38213, 177, 0, 0
38480, 173, 0, 0
38731, 176, 0, 0
38984, 144, 0, 0
39234, 154, 0, 0
39493, 179, 0, 0
39746, 177, 0, 0
39998, 177, 0, 0
40252, 136, 0, 0
40504, 158, 0, 0
40756, 177, 0, 0
41016, 167, 0, 0
41273, 124, 0, 0
41535, 131, 0, 0
41792, 159, 0, 0
42044, 166, 0, 0
42295, 171, 0, 0
42546, 316, 0, 0
42796, 485, 0, 0
43046, 450, 0, 0
43303, 150, 0, 0
43553, 270, 0, 0
43809, 162, 0, 0
44065, 143, 0, 0
44327, 113, 0, 0
44579, 175, 0, 0
44836, 146, 0, 0
45086, 185, 0, 0
45336, 176, 0, 0
45599, 183, 0, 0
45861, 200, 0, 0
46133, 145, 0, 0
46388, 148, 0, 0
46664, 131, 0, 0
46915, 160, 0, 0
47169, 137, 0, 0
47426, 140, 0, 0
47683, 170, 0, 0
47961, 154, 0, 0
48216, 106, 0, 0
48467, 121, 0, 0
48728, 137, 0, 0
48981, 161, 0, 0
49247, 187, 0, 0
49498, 122, 0, 0
49761, 147, 0, 0
50012, 144, 0, 0
50265, 142, 0, 0
50522, 141, 0, 0
50774, 115, 0, 0
51028, 132, 0, 0
51289, 129, 0, 0
51541, 114, 0, 0
51796, 116, 0, 0
52052, 129, 0, 0
52311, 120, 0, 0
52562, 139, 0, 0
52820, 107, 0, 0
53070, 120, 0, 0
53324, 116, 0, 0
53574, 149, 0, 0
53826, 161, 0, 0
54085, 109, 0, 0
54346, 120, 0, 0
54596, 123, 0, 0
54853, 130, 0, 0
55118, 132, 0, 0
55371, 129, 0, 0
55622, 111, 0, 0
55883, 106, 0, 0
56133, 174, 0, 0
56383, 131, 0, 0
56640, 163, 0, 0
56892, 163, 0, 0
57143, 168, 0, 0
57399, 171, 0, 0
57655, 175, 0, 0
57920, 180, 0, 0
58175, 184, 0, 0
58440, 188, 0, 0
58722, 184, 0, 0
58973, 167, 0, 0
59230, 161, 0, 0
59490, 142, 0, 0
59746, 170, 0, 0
59999, 181, 0, 0
