371, 2749, 0, 0
621, 2102, 0, 0
871, 2177, 0, 0
1121, 2091, 0, 0
1371, 2113, 0, 0
1621, 2145, 0, 0
1871, 2113, 0, 0
2121, 2134, 0, 0
2371, 2156, 0, 0
2622, 2107, 0, 0
2872, 2118, 0, 0
3122, 2129, 0, 0
3372, 2161, 0, 0
3622, 2096, 0, 0
3872, 2129, 0, 0
4122, 2075, 0, 0
4372, 2107, 0, 0
4622, 2139, 0, 0
4872, 2139, 0, 0
5122, 2161, 0, 0
5372, 2129, 0, 0
5623, 2219, 0, 0
5873, 2176, 0, 0
6123, 2101, 0, 0
6373, 2134, 0, 0
6623, 2112, 0, 0
6873, 2144, 0, 0
7123, 2144, 0, 0
7373, 2134, 0, 0
7623, 2134, 0, 0
7873, 2134, 0, 0
8123, 2112, 0, 0
8374, 2171, 0, 0
8624, 2074, 0, 0
8874, 2096, 0, 0
9124, 2085, 0, 0
9374, 2106, 0, 0
9624, 2074, 0, 0
9874, 2096, 0, 0
10124, 2171, 0, 0
10374, 2139, 0, 0
10624, 2106, 0, 0
10874, 2053, 0, 0
11124, 2117, 0, 0
11375, 2112, 0, 0
11625, 2112, 0, 0
11875, 2101, 0, 0
12125, 1973, 0, 0
12375, 2122, 0, 0
12625, 2165, 0, 0
12875, 2101, 0, 0
13125, 2122, 0, 0
13375, 2112, 0, 0
13625, 2154, 0, 0
13875, 2112, 0, 0
14126, 2138, 0, 0
14376, 2117, 0, 0
14626, 2117, 0, 0
14876, 2212, 0, 0
15126, 2117, 0, 0
15376, 2138, 0, 0
15626, 2095, 0, 0
15876, 2095, 0, 0
16126, 2053, 0, 0
16376, 2085, 0, 0
16626, 2095, 0, 0
16876, 2053, 0, 0
17127, 2100, 0, 0
17377, 2068, 0, 0
17627, 2047, 0, 0
17877, 2037, 0, 0
18127, 2079, 0, 0
18377, 2122, 0, 0
18627, 2090, 0, 0
18877, 2122, 0, 0
19127, 2058, 0, 0
19377, 2058, 0, 0
19627, 2068, 0, 0
19878, 2052, 0, 0
20128, 2063, 0, 0
20378, 2084, 0, 0
20628, 2095, 0, 0
20878, 2116, 0, 0
21128, 2074, 0, 0
21378, 2095, 0, 0
21628, 2148, 0, 0
21878, 2137, 0, 0
22128, 2105, 0, 0
22378, 2084, 0, 0
22628, 2031, 0, 0
22879, 2058, 0, 0
23129, 2110, 0, 0
23379, 2089, 0, 0
23629, 2036, 0, 0
23879, 2058, 0, 0
24129, 2079, 0, 0
24379, 2100, 0, 0
24629, 2068, 0, 0
24879, 2110, 0, 0
25129, 2036, 0, 0
25379, 2058, 0, 0
25630, 2063, 0, 0
25880, 2063, 0, 0
26130, 2084, 0, 0
26380, 2126, 0, 0
26630, 2084, 0, 0
26880, 2084, 0, 0
27130, 2052, 0, 0
27380, 2052, 0, 0
27630, 2010, 0, 0
27880, 2126, 0, 0
28130, 1989, 0, 0
28381, 2057, 0, 0
28631, 2162, 0, 0
28881, 2131, 0, 0
29131, 1994, 0, 0
29381, 2057, 0, 0
29631, 2057, 0, 0
29881, 2068, 0, 0
30131, 2047, 0, 0
30381, 2089, 0, 0
30631, 2078, 0, 0
30881, 2099, 0, 0
31131, 2120, 0, 0
31382, 2031, 0, 0
31632, 2083, 0, 0
31882, 2062, 0, 0
32132, 2073, 0, 0
32382, 2136, 0, 0
32632, 2041, 0, 0
32882, 2083, 0, 0
33132, 2094, 0, 0
33382, 2125, 0, 0
33632, 2010, 0, 0
33882, 2052, 0, 0
34132, 2052, 0, 0
34383, 2057, 0, 0
34633, 2067, 0, 0
34883, 2046, 0, 0
35133, 2078, 0, 0
35383, 2172, 0, 0
35633, 2172, 0, 0
35883, 2161, 0, 0
36133, 2109, 0, 0
36383, 2161, 0, 0
36633, 2140, 0, 0
36883, 2130, 0, 0
37134, 2093, 0, 0
37384, 2104, 0, 0
37634, 2145, 0, 0
37884, 2177, 0, 0
38134, 2177, 0, 0
38384, 2145, 0, 0
38634, 2125, 0, 0
38884, 2156, 0, 0
39134, 2093, 0, 0
39384, 2135, 0, 0
39634, 2166, 0, 0
39884, 2145, 0, 0
40135, 2202, 0, 0
40385, 2161, 0, 0
40635, 2129, 0, 0
40885, 2140, 0, 0
41135, 2140, 0, 0
41385, 2161, 0, 0
41635, 2150, 0, 0
41885, 2171, 0, 0
42135, 2077, 0, 0
42385, 2161, 0, 0
42635, 2150, 0, 0
42886, 2124, 0, 0
43136, 2176, 0, 0
43386, 2082, 0, 0
43636, 2051, 0, 0
43886, 2020, 0, 0
44136, 2041, 0, 0
44386, 2010, 0, 0
44636, 2062, 0, 0
44886, 2113, 0, 0
45136, 2020, 0, 0
45386, 2082, 0, 0
45636, 2031, 0, 0
45887, 2056, 0, 0
46137, 2015, 0, 0
46387, 1974, 0, 0
46637, 2067, 0, 0
46887, 2056, 0, 0
47137, 2098, 0, 0
47387, 2087, 0, 0
47637, 2025, 0, 0
47887, 2067, 0, 0
48137, 2025, 0, 0
48387, 2025, 0, 0
48638, 2000, 0, 0
48888, 2041, 0, 0
49138, 2000, 0, 0
49388, 2041, 0, 0
49638, 2123, 0, 0
49888, 2010, 0, 0
50138, 2103, 0, 0
50388, 2041, 0, 0
50638, 2082, 0, 0
50888, 2061, 0, 0
51138, 2020, 0, 0
51388, 2030, 0, 0
51639, 2077, 0, 0
51889, 2149, 0, 0
52139, 2066, 0, 0
52389, 1953, 0, 0
52639, 2035, 0, 0
52889, 2035, 0, 0
53139, 2025, 0, 0
53389, 2077, 0, 0
53639, 2056, 0, 0
53889, 2035, 0, 0
54139, 2066, 0, 0
54390, 2030, 0, 0
54640, 2000, 0, 0
54890, 2020, 0, 0
55140, 2041, 0, 0
55390, 2000, 0, 0
55640, 2041, 0, 0
55890, 2030, 0, 0
56140, 2030, 0, 0
56390, 2051, 0, 0
56640, 2020, 0, 0
56890, 2071, 0, 0
57141, 1994, 0, 0
57391, 2056, 0, 0
57641, 2076, 0, 0
57891, 2046, 0, 0
58141, 2035, 0, 0
58391, 2035, 0, 0
58641, 2035, 0, 0
58891, 2066, 0, 0
59141, 2005, 0, 0
59391, 2025, 0, 0
59641, 1994, 0, 0
59891, 2025, 0, 0
371, 2684, 0, 0
621, 2059, 0, 0
871, 2123, 0, 0
1121, 2080, 0, 0
1371, 2059, 0, 0
1621, 2113, 0, 0
1871, 2113, 0, 0
2121, 2091, 0, 0
2371, 2113, 0, 0
2621, 2123, 0, 0
2872, 2096, 0, 0
3122, 2107, 0, 0
3372, 2161, 0, 0
3622, 2075, 0, 0
3872, 2139, 0, 0
4122, 2075, 0, 0
4372, 2096, 0, 0
4622, 2118, 0, 0
4872, 2161, 0, 0
5122, 2161, 0, 0
5372, 2139, 0, 0
5622, 2215, 0, 0
5873, 2198, 0, 0
6123, 2080, 0, 0
6373, 2112, 0, 0
6623, 2101, 0, 0
6873, 2112, 0, 0
7123, 2155, 0, 0
7373, 2101, 0, 0
7623, 2144, 0, 0
7873, 2123, 0, 0
8123, 2091, 0, 0
8373, 2166, 0, 0
8624, 2106, 0, 0
8874, 2074, 0, 0
9124, 2085, 0, 0
9374, 2117, 0, 0
9624, 2085, 0, 0
9874, 2117, 0, 0
10124, 2160, 0, 0
10374, 2160, 0, 0
10624, 2117, 0, 0
10874, 2032, 0, 0
11124, 2128, 0, 0
11375, 2128, 0, 0
11625, 2101, 0, 0
11875, 2090, 0, 0
12125, 1984, 0, 0
12375, 2154, 0, 0
12625, 2154, 0, 0
12875, 2090, 0, 0
13125, 2112, 0, 0
13375, 2112, 0, 0
13625, 2165, 0, 0
13875, 2112, 0, 0
14125, 2144, 0, 0
14376, 2095, 0, 0
14626, 2085, 0, 0
14876, 2223, 0, 0
15126, 2138, 0, 0
15376, 2148, 0, 0
15626, 2085, 0, 0
15876, 2063, 0, 0
16126, 2021, 0, 0
16376, 2074, 0, 0
16626, 2074, 0, 0
16876, 2074, 0, 0
17126, 2138, 0, 0
17377, 2090, 0, 0
17627, 2047, 0, 0
17877, 2090, 0, 0
18127, 2068, 0, 0
18377, 2111, 0, 0
18627, 2079, 0, 0
18877, 2122, 0, 0
19127, 2090, 0, 0
19377, 2090, 0, 0
19627, 2068, 0, 0
19877, 2015, 0, 0
20128, 2074, 0, 0
20378, 2084, 0, 0
20628, 2052, 0, 0
20878, 2095, 0, 0
21128, 2084, 0, 0
21378, 2074, 0, 0
21628, 2137, 0, 0
21878, 2137, 0, 0
22128, 2137, 0, 0
22378, 2116, 0, 0
22628, 2063, 0, 0
22878, 2063, 0, 0
23129, 2079, 0, 0
23379, 2110, 0, 0
23629, 2079, 0, 0
23879, 2047, 0, 0
24129, 2110, 0, 0
24379, 2110, 0, 0
24629, 2079, 0, 0
24879, 2079, 0, 0
25129, 2036, 0, 0
25379, 2089, 0, 0
25629, 2110, 0, 0
25880, 2063, 0, 0
26130, 2094, 0, 0
26380, 2126, 0, 0
26630, 2073, 0, 0
26880, 2063, 0, 0
27130, 2042, 0, 0
27380, 2031, 0, 0
27630, 2042, 0, 0
27880, 2105, 0, 0
28130, 1978, 0, 0
28381, 2068, 0, 0
28631, 2120, 0, 0
28881, 2141, 0, 0
29131, 2047, 0, 0
29381, 2078, 0, 0
29631, 2057, 0, 0
29881, 2089, 0, 0
30131, 2057, 0, 0
30381, 2099, 0, 0
30631, 2089, 0, 0
30881, 2078, 0, 0
31131, 2141, 0, 0
31381, 2026, 0, 0
31632, 2041, 0, 0
31882, 2052, 0, 0
32132, 2073, 0, 0
32382, 2104, 0, 0
32632, 2052, 0, 0
32882, 2062, 0, 0
33132, 2094, 0, 0
33382, 2094, 0, 0
33632, 2010, 0, 0
33882, 2041, 0, 0
34132, 2073, 0, 0
34382, 2073, 0, 0
34633, 2067, 0, 0
34883, 2046, 0, 0
35133, 2088, 0, 0
35383, 2172, 0, 0
35633, 2182, 0, 0
35883, 2203, 0, 0
36133, 2151, 0, 0
36383, 2161, 0, 0
36633, 2140, 0, 0
36883, 2161, 0, 0
37134, 2088, 0, 0
37384, 2093, 0, 0
37634, 2145, 0, 0
37884, 2177, 0, 0
38134, 2197, 0, 0
38384, 2156, 0, 0
38634, 2114, 0, 0
38884, 2145, 0, 0
39134, 2104, 0, 0
39384, 2166, 0, 0
39634, 2177, 0, 0
39884, 2145, 0, 0
40134, 2187, 0, 0
40385, 2192, 0, 0
40635, 2119, 0, 0
40885, 2129, 0, 0
41135, 2161, 0, 0
41385, 2150, 0, 0
41635, 2161, 0, 0
41885, 2171, 0, 0
42135, 2129, 0, 0
42385, 2181, 0, 0
42635, 2202, 0, 0
42885, 2150, 0, 0
43136, 2165, 0, 0
43386, 2103, 0, 0
43636, 2031, 0, 0
43886, 2020, 0, 0
44136, 2031, 0, 0
44386, 2010, 0, 0
44636, 2072, 0, 0
44886, 2134, 0, 0
45136, 2041, 0, 0
45386, 2082, 0, 0
45636, 1989, 0, 0
45886, 2031, 0, 0
46137, 2036, 0, 0
46387, 1984, 0, 0
46637, 2067, 0, 0
46887, 2077, 0, 0
47137, 2098, 0, 0
47387, 2077, 0, 0
47637, 2036, 0, 0
47887, 2067, 0, 0
48137, 2036, 0, 0
48387, 2067, 0, 0
48637, 2015, 0, 0
48888, 2030, 0, 0
49138, 2020, 0, 0
49388, 2061, 0, 0
49638, 2113, 0, 0
49888, 2010, 0, 0
50138, 2103, 0, 0
50388, 2041, 0, 0
50638, 2103, 0, 0
50888, 2103, 0, 0
51138, 2020, 0, 0
51388, 2051, 0, 0
51639, 2066, 0, 0
51889, 2118, 0, 0
52139, 2066, 0, 0
52389, 1953, 0, 0
52639, 2056, 0, 0
52889, 2046, 0, 0
53139, 2025, 0, 0
53389, 2025, 0, 0
53639, 2046, 0, 0
53889, 2015, 0, 0
54139, 2077, 0, 0
54389, 2005, 0, 0
54640, 2000, 0, 0
54890, 2020, 0, 0
55140, 2030, 0, 0
55390, 2030, 0, 0
55640, 2061, 0, 0
55890, 2041, 0, 0
56140, 2030, 0, 0
56390, 2020, 0, 0
56640, 2030, 0, 0
56890, 2071, 0, 0
57140, 2010, 0, 0
57390, 2071, 0, 0
57641, 2056, 0, 0
57891, 2025, 0, 0
58141, 2015, 0, 0
58391, 2035, 0, 0
58641, 2056, 0, 0
58891, 2086, 0, 0
59141, 2015, 0, 0
59391, 2015, 0, 0
59641, 2015, 0, 0
59891, 2035, 0, 0
371, 2716, 0, 0
621, 2048, 0, 0
871, 2145, 0, 0
1121, 2070, 0, 0
1371, 2091, 0, 0
1621, 2080, 0, 0
1871, 2113, 0, 0
2121, 2123, 0, 0
2371, 2113, 0, 0
2621, 2102, 0, 0
2872, 2150, 0, 0
3122, 2139, 0, 0
3372, 2161, 0, 0
3622, 2096, 0, 0
3872, 2129, 0, 0
4122, 2086, 0, 0
4372, 2107, 0, 0
4622, 2129, 0, 0
4872, 2129, 0, 0
5122, 2139, 0, 0
5372, 2161, 0, 0
5623, 2252, 0, 0
5873, 2187, 0, 0
6123, 2080, 0, 0
6373, 2101, 0, 0
6623, 2091, 0, 0
6873, 2112, 0, 0
7123, 2134, 0, 0
7373, 2144, 0, 0
7623, 2112, 0, 0
7873, 2155, 0, 0
8123, 2101, 0, 0
8373, 2123, 0, 0
8624, 2106, 0, 0
8874, 2106, 0, 0
9124, 2096, 0, 0
9374, 2096, 0, 0
9624, 2064, 0, 0
9874, 2106, 0, 0
10124, 2149, 0, 0
10374, 2149, 0, 0
10624, 2106, 0, 0
10874, 2053, 0, 0
11124, 2117, 0, 0
11375, 2122, 0, 0
11625, 2112, 0, 0
11875, 2101, 0, 0
12125, 2016, 0, 0
12375, 2154, 0, 0
12625, 2133, 0, 0
12875, 2080, 0, 0
13125, 2101, 0, 0
13375, 2090, 0, 0
13625, 2154, 0, 0
13875, 2165, 0, 0
14125, 2101, 0, 0
14376, 2127, 0, 0
14626, 2106, 0, 0
14876, 2223, 0, 0
15126, 2117, 0, 0
15376, 2117, 0, 0
15626, 2095, 0, 0
15876, 2063, 0, 0
16126, 2085, 0, 0
16376, 2095, 0, 0
16626, 2063, 0, 0
16876, 2095, 0, 0
17126, 2127, 0, 0
17377, 2079, 0, 0
17627, 2047, 0, 0
17877, 2047, 0, 0
18127, 2079, 0, 0
18377, 2132, 0, 0
18627, 2090, 0, 0
18877, 2122, 0, 0
19127, 2079, 0, 0
19377, 2068, 0, 0
19627, 2058, 0, 0
19877, 2037, 0, 0
20128, 2052, 0, 0
20378, 2084, 0, 0
20628, 2105, 0, 0
20878, 2095, 0, 0
21128, 2074, 0, 0
21378, 2063, 0, 0
21628, 2126, 0, 0
21878, 2158, 0, 0
22128, 2116, 0, 0
22378, 2105, 0, 0
22628, 2063, 0, 0
22878, 2063, 0, 0
23129, 2089, 0, 0
23379, 2079, 0, 0
23629, 2089, 0, 0
23879, 2047, 0, 0
24129, 2131, 0, 0
24379, 2100, 0, 0
24629, 2058, 0, 0
24879, 2110, 0, 0
25129, 2047, 0, 0
25379, 2058, 0, 0
25629, 2100, 0, 0
25880, 2073, 0, 0
26130, 2063, 0, 0
26380, 2168, 0, 0
26630, 2063, 0, 0
26880, 2073, 0, 0
27130, 2063, 0, 0
27380, 2073, 0, 0
27630, 2031, 0, 0
27880, 2094, 0, 0
28130, 1957, 0, 0
28381, 2036, 0, 0
28631, 2162, 0, 0
28881, 2152, 0, 0
29131, 2005, 0, 0
29381, 2078, 0, 0
29631, 2099, 0, 0
29881, 2099, 0, 0
30131, 2026, 0, 0
30381, 2099, 0, 0
30631, 2089, 0, 0
30881, 2089, 0, 0
31131, 2152, 0, 0
31381, 2068, 0, 0
31632, 2073, 0, 0
31882, 2062, 0, 0
32132, 2083, 0, 0
32382, 2115, 0, 0
32632, 2052, 0, 0
32882, 2073, 0, 0
33132, 2115, 0, 0
33382, 2083, 0, 0
33632, 1989, 0, 0
33882, 2052, 0, 0
34132, 2052, 0, 0
34383, 2062, 0, 0
34633, 2057, 0, 0
34883, 2057, 0, 0
35133, 2067, 0, 0
35383, 2161, 0, 0
35633, 2172, 0, 0
35883, 2182, 0, 0
36133, 2130, 0, 0
36383, 2151, 0, 0
36633, 2151, 0, 0
36883, 2120, 0, 0
37134, 2083, 0, 0
37384, 2114, 0, 0
37634, 2145, 0, 0
37884, 2156, 0, 0
38134, 2197, 0, 0
38384, 2156, 0, 0
38634, 2093, 0, 0
38884, 2145, 0, 0
39134, 2135, 0, 0
39384, 2187, 0, 0
39634, 2135, 0, 0
39884, 2166, 0, 0
40134, 2187, 0, 0
40385, 2161, 0, 0
40635, 2129, 0, 0
40885, 2171, 0, 0
41135, 2140, 0, 0
41385, 2161, 0, 0
41635, 2161, 0, 0
41885, 2181, 0, 0
42135, 2129, 0, 0
42385, 2171, 0, 0
42635, 2192, 0, 0
42885, 2150, 0, 0
43136, 2165, 0, 0
43386, 2051, 0, 0
43636, 2062, 0, 0
43886, 2031, 0, 0
44136, 2051, 0, 0
44386, 1979, 0, 0
44636, 2051, 0, 0
44886, 2103, 0, 0
45136, 2031, 0, 0
45386, 2051, 0, 0
45636, 2041, 0, 0
45886, 2062, 0, 0
46137, 2036, 0, 0
46387, 1984, 0, 0
46637, 2067, 0, 0
46887, 2015, 0, 0
47137, 2087, 0, 0
47387, 2087, 0, 0
47637, 2036, 0, 0
47887, 2025, 0, 0
48137, 2046, 0, 0
48387, 2087, 0, 0
48637, 1901, 0, 0
48888, 2051, 0, 0
49138, 2020, 0, 0
49388, 2072, 0, 0
49638, 2103, 0, 0
49888, 2000, 0, 0
50138, 2103, 0, 0
50388, 2061, 0, 0
50638, 2092, 0, 0
50888, 2103, 0, 0
51138, 2020, 0, 0
51388, 2051, 0, 0
51639, 2066, 0, 0
51889, 2118, 0, 0
52139, 2077, 0, 0
52389, 1964, 0, 0
52639, 2056, 0, 0
52889, 2046, 0, 0
53139, 2005, 0, 0
53389, 2046, 0, 0
53639, 2066, 0, 0
53889, 2015, 0, 0
54139, 2077, 0, 0
54389, 2046, 0, 0
54640, 2010, 0, 0
54890, 2020, 0, 0
55140, 2030, 0, 0
55390, 2030, 0, 0
55640, 2061, 0, 0
55890, 2061, 0, 0
56140, 2061, 0, 0
56390, 2051, 0, 0
56640, 2020, 0, 0
56890, 2082, 0, 0
57140, 2041, 0, 0
57391, 2041, 0, 0
57641, 2076, 0, 0
57891, 2025, 0, 0
58141, 2035, 0, 0
58391, 2015, 0, 0
58641, 2056, 0, 0
58891, 2097, 0, 0
59141, 2005, 0, 0
59391, 1994, 0, 0
59641, 2035, 0, 0
59891, 2035, 0, 0
371, 2749, 0, 0
621, 2080, 0, 0
871, 2188, 0, 0
1121, 2070, 0, 0
1371, 2091, 0, 0
1621, 2123, 0, 0
1871, 2123, 0, 0
2121, 2113, 0, 0
2371, 2113, 0, 0
2622, 2096, 0, 0
2872, 2129, 0, 0
3122, 2139, 0, 0
3372, 2161, 0, 0
3622, 2107, 0, 0
3872, 2129, 0, 0
4122, 2075, 0, 0
4372, 2139, 0, 0
4622, 2139, 0, 0
4872, 2139, 0, 0
5122, 2129, 0, 0
5372, 2161, 0, 0
5623, 2209, 0, 0
5873, 2176, 0, 0
6123, 2069, 0, 0
6373, 2101, 0, 0
6623, 2123, 0, 0
6873, 2134, 0, 0
7123, 2134, 0, 0
7373, 2112, 0, 0
7623, 2123, 0, 0
7873, 2123, 0, 0
8123, 2101, 0, 0
8374, 2139, 0, 0
8624, 2106, 0, 0
8874, 2106, 0, 0
9124, 2074, 0, 0
9374, 2085, 0, 0
9624, 2085, 0, 0
9874, 2096, 0, 0
10124, 2160, 0, 0
10374, 2171, 0, 0
10624, 2139, 0, 0
10874, 2074, 0, 0
11124, 2117, 0, 0
11375, 2101, 0, 0
11625, 2080, 0, 0
11875, 2090, 0, 0
12125, 2016, 0, 0
12375, 2133, 0, 0
12625, 2176, 0, 0
12875, 2101, 0, 0
13125, 2090, 0, 0
13375, 2133, 0, 0
13625, 2133, 0, 0
13875, 2133, 0, 0
14126, 2095, 0, 0
14376, 2138, 0, 0
14626, 2074, 0, 0
14876, 2234, 0, 0
15126, 2117, 0, 0
15376, 2159, 0, 0
15626, 2085, 0, 0
15876, 2042, 0, 0
16126, 2053, 0, 0
16376, 2063, 0, 0
16626, 2095, 0, 0
16876, 2074, 0, 0
17127, 2122, 0, 0
17377, 2111, 0, 0
17627, 2058, 0, 0
17877, 2079, 0, 0
18127, 2068, 0, 0
18377, 2122, 0, 0
18627, 2111, 0, 0
18877, 2111, 0, 0
19127, 2079, 0, 0
19377, 2058, 0, 0
19627, 2079, 0, 0
19878, 2042, 0, 0
20128, 2074, 0, 0
20378, 2074, 0, 0
20628, 2105, 0, 0
20878, 2105, 0, 0
21128, 2063, 0, 0
21378, 2074, 0, 0
21628, 2137, 0, 0
21878, 2158, 0, 0
22128, 2084, 0, 0
22378, 2095, 0, 0
22628, 2074, 0, 0
22879, 2058, 0, 0
23129, 2089, 0, 0
23379, 2089, 0, 0
23629, 2015, 0, 0
23879, 2079, 0, 0
24129, 2131, 0, 0
24379, 2110, 0, 0
24629, 2068, 0, 0
24879, 2100, 0, 0
25129, 2026, 0, 0
25379, 2047, 0, 0
25630, 2084, 0, 0
25880, 2073, 0, 0
26130, 2073, 0, 0
26380, 2168, 0, 0
26630, 2084, 0, 0
26880, 2084, 0, 0
27130, 2052, 0, 0
27380, 2052, 0, 0
27630, 2021, 0, 0
27880, 2136, 0, 0
28130, 1978, 0, 0
28381, 2057, 0, 0
28631, 2152, 0, 0
28881, 2120, 0, 0
29131, 2036, 0, 0
29381, 2036, 0, 0
29631, 2057, 0, 0
29881, 2099, 0, 0
30131, 2036, 0, 0
30381, 2110, 0, 0
30631, 2068, 0, 0
30881, 2110, 0, 0
31131, 2120, 0, 0
31382, 2052, 0, 0
31632, 2062, 0, 0
31882, 2073, 0, 0
32132, 2073, 0, 0
32382, 2104, 0, 0
32632, 2020, 0, 0
32882, 2041, 0, 0
33132, 2094, 0, 0
33382, 2125, 0, 0
33632, 2000, 0, 0
33882, 2052, 0, 0
34132, 2094, 0, 0
34383, 2057, 0, 0
34633, 2088, 0, 0
34883, 2078, 0, 0
35133, 2099, 0, 0
35383, 2151, 0, 0
35633, 2151, 0, 0
35883, 2182, 0, 0
36133, 2140, 0, 0
36383, 2161, 0, 0
36633, 2161, 0, 0
36883, 2120, 0, 0
37134, 2093, 0, 0
37384, 2114, 0, 0
37634, 2135, 0, 0
37884, 2166, 0, 0
38134, 2187, 0, 0
38384, 2145, 0, 0
38634, 2145, 0, 0
38884, 2166, 0, 0
39134, 2114, 0, 0
39384, 2187, 0, 0
39634, 2166, 0, 0
39885, 2192, 0, 0
40135, 2202, 0, 0
40385, 2171, 0, 0
40635, 2119, 0, 0
40885, 2140, 0, 0
41135, 2150, 0, 0
41385, 2140, 0, 0
41635, 2140, 0, 0
41885, 2161, 0, 0
42135, 2129, 0, 0
42385, 2192, 0, 0
42635, 2192, 0, 0
42886, 2124, 0, 0
43136, 2145, 0, 0
43386, 2062, 0, 0
43636, 2062, 0, 0
43886, 2010, 0, 0
44136, 2041, 0, 0
44386, 2010, 0, 0
44636, 2041, 0, 0
44886, 2124, 0, 0
45136, 2010, 0, 0
45386, 2062, 0, 0
45636, 2031, 0, 0
45887, 2025, 0, 0
46137, 2036, 0, 0
46387, 1984, 0, 0
46637, 2056, 0, 0
46887, 2046, 0, 0
47137, 2098, 0, 0
47387, 2077, 0, 0
47637, 2025, 0, 0
47887, 2067, 0, 0
48137, 2005, 0, 0
48387, 2067, 0, 0
48638, 2000, 0, 0
48888, 2030, 0, 0
49138, 2020, 0, 0
49388, 2061, 0, 0
49638, 2092, 0, 0
49888, 2000, 0, 0
50138, 2092, 0, 0
50388, 2020, 0, 0
50638, 2103, 0, 0
50888, 2082, 0, 0
51138, 2000, 0, 0
51388, 2092, 0, 0
51639, 2046, 0, 0
51889, 2138, 0, 0
52139, 2077, 0, 0
52389, 1974, 0, 0
52639, 2056, 0, 0
52889, 2056, 0, 0
53139, 2025, 0, 0
53389, 2046, 0, 0
53639, 2046, 0, 0
53889, 2005, 0, 0
54139, 2077, 0, 0
54390, 2030, 0, 0
54640, 2000, 0, 0
54890, 2030, 0, 0
55140, 2030, 0, 0
55390, 2051, 0, 0
55640, 2041, 0, 0
55890, 2051, 0, 0
56140, 2041, 0, 0
56390, 2020, 0, 0
56640, 2010, 0, 0
56890, 2071, 0, 0
57141, 2015, 0, 0
57391, 2046, 0, 0
57641, 2066, 0, 0
57891, 2035, 0, 0
58141, 2015, 0, 0
58391, 2035, 0, 0
58641, 2035, 0, 0
58891, 2076, 0, 0
59141, 2015, 0, 0
59391, 2015, 0, 0
59641, 2005, 0, 0
59891, 2015, 0, 0
