662, 2, 0, 0
662, 2, 1, 0
912, 9, 0, 0
1162, 2, 0, 0
1162, 2, 1, 0
1412, 2, 0, 0
1412, 2, 1, 0
1912, 9, 0, 0
1912, 9, 1, 0
1912, 26, 1, 0
2162, 26, 0, 0
2412, 7, 0, 0
2412, 7, 1, 0
2662, 2, 0, 0
2662, 4, 1, 0
2912, 14, 0, 0
2912, 14, 1, 0
3162, 7, 0, 0
3162, 14, 1, 0
3413, 4, 0, 0
3413, 4, 1, 0
3663, 16, 0, 0
3663, 9, 1, 0
3913, 7, 0, 0
3913, 7, 1, 0
4163, 2, 0, 0
4163, 2, 1, 0
4413, 2, 0, 0
4413, 7, 1, 0
4663, 14, 0, 0
4663, 9, 1, 0
4913, 7, 0, 0
4913, 12, 1, 0
5163, 9, 0, 0
5163, 9, 1, 0
5416, 7, 0, 0
5416, 7, 1, 0
5661, 9, 0, 0
5661, 21, 1, 0
5911, 17, 0, 0
5911, 14, 1, 0
6162, 21, 0, 0
6162, 14, 1, 0
6412, 7, 0, 0
6412, 12, 1, 0
6662, 4, 0, 0
6662, 9, 1, 0
6912, 24, 0, 0
6912, 14, 1, 0
7162, 9, 0, 0
7162, 12, 1, 0
7412, 7, 0, 0
7412, 9, 1, 0
7662, 4, 0, 0
7662, 4, 1, 0
7912, 2, 0, 0
7912, 4, 1, 0
8162, 2, 0, 0
8412, 9, 0, 0
8412, 2, 1, 0
8662, 2, 0, 0
8662, 16, 1, 0
8913, 9, 0, 0
8913, 2, 1, 0
9163, 4, 0, 0
9163, 16, 1, 0
9413, 19, 0, 0
9663, 16, 0, 0
9663, 16, 1, 0
9913, 2, 0, 0
10163, 4, 0, 0
10163, 2, 1, 0
10413, 14, 0, 0
10413, 12, 1, 0
10663, 7, 0, 0
10663, 7, 1, 0
10913, 7, 0, 0
10913, 12, 1, 0
11163, 9, 0, 0
11163, 4, 1, 0
11413, 12, 0, 0
11413, 14, 1, 0
11663, 14, 0, 0
11663, 7, 1, 0
11914, 26, 0, 0
11914, 4, 1, 0
12164, 16, 0, 0
12164, 9, 1, 0
12414, 9, 0, 0
12414, 4, 1, 0
12664, 16, 0, 0
12664, 16, 1, 0
12914, 7, 1, 0
13164, 4, 0, 0
13414, 7, 0, 0
13414, 7, 1, 0
13664, 9, 0, 0
13664, 7, 1, 0
13914, 7, 0, 0
13914, 7, 1, 0
14164, 12, 0, 0
14164, 2, 1, 0
14414, 12, 0, 0
14414, 2, 1, 0
14665, 4, 0, 0
14915, 3, 1, 0
15165, 2, 1, 0
15415, 7, 0, 0
15665, 9, 0, 0
15665, 4, 1, 0
15915, 4, 0, 0
15915, 16, 1, 0
16165, 9, 0, 0
16165, 16, 1, 0
16415, 9, 0, 0
16415, 4, 1, 0
16665, 9, 0, 0
16665, 7, 1, 0
16915, 14, 0, 0
16915, 9, 1, 0
17165, 7, 0, 0
17165, 9, 1, 0
17415, 2, 0, 0
17415, 2, 1, 0
17666, 2, 0, 0
17666, 9, 1, 0
17916, 2, 0, 0
17916, 4, 1, 0
18166, 12, 0, 0
18166, 12, 1, 0
18416, 19, 0, 0
18416, 9, 1, 0
18666, 19, 0, 0
18666, 7, 1, 0
18916, 7, 0, 0
18916, 7, 1, 0
19166, 12, 0, 0
19416, 2, 0, 0
19416, 14, 1, 0
19666, 2, 0, 0
19666, 2, 1, 0
19916, 2, 0, 0
19916, 4, 1, 0
20166, 2, 0, 0
20166, 12, 1, 0
20417, 4, 0, 0
20667, 2, 0, 0
20667, 7, 1, 0
20917, 16, 0, 0
20917, 11, 1, 0
21167, 14, 0, 0
21167, 28, 1, 0
21417, 16, 0, 0
21417, 2, 1, 0
21667, 9, 0, 0
21667, 9, 1, 0
21917, 4, 0, 0
21917, 9, 1, 0
22167, 9, 0, 0
22167, 7, 1, 0
22417, 16, 0, 0
22417, 4, 1, 0
22667, 9, 0, 0
22667, 2, 1, 0
22917, 4, 0, 0
22917, 2, 1, 0
23167, 16, 0, 0
23167, 4, 1, 0
23418, 9, 0, 0
23418, 21, 1, 0
23668, 2, 0, 0
23668, 2, 1, 0
24168, 7, 0, 0
24168, 9, 1, 0
24168, 4, 1, 0
24418, 11, 0, 0
24668, 2, 0, 0
24668, 31, 1, 0
24918, 12, 1, 0
25168, 4, 0, 0
25418, 2, 0, 0
25418, 11, 1, 0
25668, 2, 1, 0
25918, 2, 0, 0
26169, 21, 0, 0
26169, 9, 1, 0
26419, 23, 0, 0
26419, 7, 1, 0
26669, 2, 0, 0
26919, 2, 0, 0
27169, 2, 0, 0
27169, 9, 1, 0
27419, 11, 0, 0
27669, 7, 0, 0
27669, 4, 1, 0
27919, 11, 1, 0
28169, 7, 0, 0
28419, 7, 0, 0
28419, 2, 1, 0
28669, 9, 0, 0
28669, 9, 1, 0
28919, 14, 0, 0
28919, 2, 1, 0
29170, 19, 0, 0
29170, 9, 1, 0
29420, 16, 0, 0
29420, 4, 1, 0
29670, 2, 0, 0
29670, 2, 1, 0
29920, 2, 0, 0
29920, 2, 1, 0
30170, 9, 0, 0
30170, 26, 1, 0
30420, 18, 1, 0
30670, 2, 0, 0
30920, 4, 0, 0
30920, 2, 1, 0
31170, 7, 0, 0
31170, 4, 1, 0
31420, 7, 0, 0
31420, 4, 1, 0
31670, 14, 0, 0
31670, 19, 1, 0
31921, 14, 0, 0
31921, 4, 1, 0
32171, 9, 0, 0
32171, 4, 1, 0
32421, 4, 0, 0
32421, 9, 1, 0
32671, 2, 0, 0
32671, 9, 1, 0
32921, 7, 0, 0
32921, 7, 1, 0
33171, 9, 0, 0
33171, 2, 1, 0
33421, 14, 0, 0
33421, 11, 1, 0
33671, 11, 0, 0
33671, 9, 1, 0
33921, 21, 0, 0
33921, 9, 1, 0
34171, 14, 0, 0
34171, 16, 1, 0
34421, 7, 0, 0
34421, 9, 1, 0
34671, 4, 0, 0
34671, 23, 1, 0
34922, 4, 0, 0
34922, 2, 1, 0
35172, 2, 0, 0
35172, 11, 1, 0
35422, 4, 0, 0
35422, 9, 1, 0
35672, 9, 0, 0
35672, 16, 1, 0
35922, 2, 0, 0
35922, 7, 1, 0
36172, 2, 0, 0
36172, 18, 1, 0
36422, 16, 0, 0
36422, 7, 1, 0
36672, 16, 0, 0
36672, 23, 1, 0
36922, 14, 0, 0
36922, 4, 1, 0
37172, 11, 0, 0
37422, 11, 0, 0
37422, 4, 1, 0
37673, 2, 0, 0
37673, 2, 1, 0
37923, 11, 1, 0
38173, 11, 1, 0
38423, 4, 1, 0
38923, 9, 0, 0
39173, 14, 0, 0
39423, 4, 0, 0
39423, 2, 1, 0
39673, 4, 1, 0
40173, 7, 0, 0
40173, 2, 1, 0
40424, 2, 0, 0
40674, 4, 0, 0
40924, 2, 0, 0
42424, 2, 0, 0
42674, 2, 0, 0
42924, 18, 0, 0
42924, 2, 1, 0
43174, 18, 0, 0
43174, 7, 1, 0
43425, 9, 0, 0
43425, 4, 1, 0
43675, 7, 0, 0
43675, 7, 1, 0
43925, 4, 0, 0
43925, 9, 1, 0
44175, 11, 0, 0
44425, 2, 0, 0
44425, 9, 1, 0
44675, 4, 0, 0
44675, 2, 1, 0
44925, 9, 0, 0
44925, 2, 1, 0
45175, 7, 0, 0
45175, 2, 1, 0
45425, 2, 0, 0
45425, 7, 1, 0
45675, 7, 0, 0
45675, 4, 1, 0
45925, 11, 0, 0
45925, 2, 1, 0
46176, 2, 0, 0
46176, 14, 1, 0
46426, 2, 0, 0
46426, 9, 1, 0
46676, 12, 1, 0
46926, 9, 1, 0
47176, 4, 0, 0
47426, 2, 0, 0
47426, 2, 1, 0
47676, 9, 0, 0
47676, 2, 1, 0
47926, 7, 0, 0
47926, 2, 1, 0
48176, 4, 0, 0
48176, 2, 1, 0
48426, 8, 1, 0
48926, 2, 0, 0
49177, 7, 0, 0
49177, 4, 1, 0
49427, 4, 0, 0
49677, 2, 0, 0
49677, 2, 1, 0
50177, 4, 1, 0
50677, 2, 0, 0
50927, 7, 0, 0
50927, 2, 1, 0
51177, 14, 0, 0
51177, 2, 1, 0
51427, 9, 0, 0
51677, 11, 0, 0
51928, 4, 0, 0
52178, 2, 0, 0
52428, 4, 0, 0
52678, 2, 0, 0
52928, 7, 0, 0
53178, 14, 0, 0
53178, 2, 1, 0
53428, 25, 0, 0
53428, 4, 1, 0
53678, 21, 0, 0
53678, 2, 1, 0
53928, 4, 0, 0
53928, 2, 1, 0
54178, 2, 0, 0
54178, 14, 1, 0
54428, 7, 1, 0
54678, 7, 0, 0
54929, 16, 0, 0
54929, 11, 1, 0
55179, 9, 0, 0
55179, 6, 1, 0
55429, 23, 0, 0
55429, 16, 1, 0
55679, 13, 1, 0
55929, 6, 0, 0
56179, 6, 0, 0
56179, 9, 1, 0
56429, 6, 0, 0
56429, 6, 1, 0
56679, 11, 0, 0
56679, 13, 1, 0
56929, 9, 0, 0
56929, 9, 1, 0
57179, 6, 0, 0
57429, 6, 0, 0
57429, 34, 1, 0
57679, 13, 0, 0
57679, 4, 1, 0
57930, 4, 0, 0
58180, 9, 0, 0
58180, 20, 1, 0
58430, 9, 0, 0
58430, 9, 1, 0
58680, 18, 0, 0
58680, 4, 1, 0
58930, 11, 0, 0
58930, 11, 1, 0
59180, 11, 0, 0
59180, 23, 1, 0
59430, 6, 0, 0
59430, 9, 1, 0
59680, 9, 0, 0
59680, 11, 1, 0
59930, 16, 0, 0
59930, 18, 1, 0
60180, 9, 0, 0
60180, 11, 1, 0
412, 4, 0, 0
662, 14, 0, 0
662, 19, 1, 0
912, 12, 0, 0
912, 9, 1, 0
1162, 4, 0, 0
1162, 7, 1, 0
1412, 16, 0, 0
1412, 2, 1, 0
1912, 4, 0, 0
1912, 14, 1, 0
1912, 9, 1, 0
2162, 2, 1, 0
2412, 2, 0, 0
2663, 9, 0, 0
2663, 14, 1, 0
2913, 16, 0, 0
2913, 2, 1, 0
3163, 4, 0, 0
3163, 21, 1, 0
3413, 26, 0, 0
3413, 7, 1, 0
3663, 7, 0, 0
3663, 19, 1, 0
3913, 9, 0, 0
3913, 7, 1, 0
4163, 9, 0, 0
4163, 12, 1, 0
4413, 6, 1, 0
4663, 7, 1, 0
4913, 4, 0, 0
5163, 16, 0, 0
5416, 11, 1, 0
5662, 9, 0, 0
5912, 12, 0, 0
5912, 7, 1, 0
6162, 9, 0, 0
6162, 14, 1, 0
6412, 12, 0, 0
6412, 4, 1, 0
6662, 12, 0, 0
6662, 7, 1, 0
6912, 6, 1, 0
7162, 9, 0, 0
7412, 2, 0, 0
7412, 7, 1, 0
7662, 12, 0, 0
7662, 16, 1, 0
7912, 2, 0, 0
7912, 21, 1, 0
8163, 2, 0, 0
8163, 16, 1, 0
8413, 12, 0, 0
8413, 2, 1, 0
8663, 16, 0, 0
8663, 16, 1, 0
8913, 4, 0, 0
8913, 7, 1, 0
9163, 14, 0, 0
9163, 9, 1, 0
9413, 2, 0, 0
9413, 2, 1, 0
9663, 2, 0, 0
9663, 9, 1, 0
9913, 14, 0, 0
9913, 2, 1, 0
10163, 14, 1, 0
10413, 12, 1, 0
10663, 2, 0, 0
10913, 12, 1, 0
11164, 12, 0, 0
11414, 2, 0, 0
11414, 12, 1, 0
11664, 7, 0, 0
11664, 7, 1, 0
11914, 9, 0, 0
11914, 4, 1, 0
12164, 9, 0, 0
12164, 14, 1, 0
12414, 9, 0, 0
12664, 16, 0, 0
12914, 2, 0, 0
13164, 4, 0, 0
13414, 9, 0, 0
13664, 12, 0, 0
13915, 14, 0, 0
13915, 7, 1, 0
14165, 7, 0, 0
14165, 12, 1, 0
14415, 12, 0, 0
14415, 16, 1, 0
14665, 4, 0, 0
14665, 12, 1, 0
15165, 4, 0, 0
15165, 9, 1, 0
15165, 7, 1, 0
15415, 2, 1, 0
15665, 9, 0, 0
15915, 33, 0, 0
15915, 2, 1, 0
16165, 9, 0, 0
16165, 14, 1, 0
16415, 8, 1, 0
16665, 7, 0, 0
16916, 16, 0, 0
16916, 4, 1, 0
17166, 21, 0, 0
17166, 7, 1, 0
17416, 2, 0, 0
17666, 4, 0, 0
17666, 7, 1, 0
17916, 2, 0, 0
17916, 7, 1, 0
18166, 12, 1, 0
18416, 26, 0, 0
18666, 14, 0, 0
18666, 4, 1, 0
18916, 7, 0, 0
18916, 19, 1, 0
19166, 5, 1, 0
19667, 2, 0, 0
19667, 7, 1, 0
19917, 9, 0, 0
20167, 2, 0, 0
20167, 23, 1, 0
20417, 9, 0, 0
20667, 2, 0, 0
20917, 7, 0, 0
20917, 2, 1, 0
21167, 14, 0, 0
21167, 26, 1, 0
21417, 7, 0, 0
21417, 9, 1, 0
21667, 5, 1, 0
21917, 7, 0, 0
22167, 11, 0, 0
22167, 11, 1, 0
22418, 7, 1, 0
22668, 2, 0, 0
22918, 11, 0, 0
22918, 7, 1, 0
23168, 4, 0, 0
23418, 7, 0, 0
23418, 2, 1, 0
23668, 4, 0, 0
23918, 9, 0, 0
23918, 2, 1, 0
24168, 4, 0, 0
24418, 7, 0, 0
24418, 11, 1, 0
24668, 7, 0, 0
24668, 9, 1, 0
24918, 7, 0, 0
24918, 16, 1, 0
25168, 2, 0, 0
25168, 14, 1, 0
25419, 2, 0, 0
25419, 11, 1, 0
25669, 2, 0, 0
25919, 7, 0, 0
25919, 11, 1, 0
26169, 2, 0, 0
26169, 7, 1, 0
26419, 11, 0, 0
26419, 11, 1, 0
26669, 14, 0, 0
26669, 11, 1, 0
26919, 7, 0, 0
26919, 2, 1, 0
27169, 4, 0, 0
27169, 4, 1, 0
27419, 7, 0, 0
27419, 7, 1, 0
27669, 4, 0, 0
27669, 11, 1, 0
27919, 4, 0, 0
27919, 2, 1, 0
28169, 9, 0, 0
28169, 4, 1, 0
28420, 7, 0, 0
28420, 16, 1, 0
28670, 2, 0, 0
28670, 23, 1, 0
28920, 2, 0, 0
28920, 9, 1, 0
29170, 4, 0, 0
29170, 7, 1, 0
29420, 4, 0, 0
29420, 7, 1, 0
29670, 7, 0, 0
29920, 4, 0, 0
30170, 2, 0, 0
30420, 7, 0, 0
30420, 4, 1, 0
30670, 7, 0, 0
30670, 2, 1, 0
30920, 21, 0, 0
30920, 9, 1, 0
31171, 7, 0, 0
31171, 2, 1, 0
31421, 14, 0, 0
31671, 11, 0, 0
31671, 7, 1, 0
31921, 2, 0, 0
31921, 7, 1, 0
32171, 9, 0, 0
32171, 7, 1, 0
32421, 4, 0, 0
32421, 2, 1, 0
32671, 4, 1, 0
32921, 2, 0, 0
33171, 4, 0, 0
33171, 7, 1, 0
33421, 9, 0, 0
33421, 9, 1, 0
33671, 2, 0, 0
33671, 16, 1, 0
33922, 7, 1, 0
34172, 9, 1, 0
34422, 2, 1, 0
34672, 2, 1, 0
34922, 2, 1, 0
35172, 4, 1, 0
35422, 14, 0, 0
35672, 7, 0, 0
35672, 9, 1, 0
35922, 9, 1, 0
36172, 16, 0, 0
36422, 14, 0, 0
36422, 2, 1, 0
36672, 7, 0, 0
36672, 2, 1, 0
36923, 11, 0, 0
36923, 14, 1, 0
37173, 21, 0, 0
37423, 4, 0, 0
37423, 4, 1, 0
37673, 4, 0, 0
37923, 11, 0, 0
37923, 14, 1, 0
38173, 7, 0, 0
38173, 2, 1, 0
38423, 2, 0, 0
38423, 16, 1, 0
38673, 4, 0, 0
38673, 4, 1, 0
38923, 9, 0, 0
38923, 2, 1, 0
39173, 8, 1, 0
39423, 9, 0, 0
39674, 6, 1, 0
39924, 25, 0, 0
40174, 11, 0, 0
40174, 16, 1, 0
40424, 35, 0, 0
40424, 9, 1, 0
40674, 11, 0, 0
40674, 4, 1, 0
40924, 2, 0, 0
40924, 4, 1, 0
41174, 8, 1, 0
41424, 2, 0, 0
41674, 11, 1, 0
41924, 11, 0, 0
42174, 18, 0, 0
42174, 4, 1, 0
42424, 14, 0, 0
42424, 11, 1, 0
42675, 12, 1, 0
42925, 4, 0, 0
43175, 28, 0, 0
43175, 9, 1, 0
43425, 7, 0, 0
43425, 9, 1, 0
43675, 9, 0, 0
43675, 21, 1, 0
43925, 12, 1, 0
44175, 14, 0, 0
44425, 4, 0, 0
44425, 9, 1, 0
44925, 16, 0, 0
44925, 2, 1, 0
44925, 14, 1, 0
45175, 14, 0, 0
45426, 21, 0, 0
45426, 23, 1, 0
45676, 14, 0, 0
45676, 14, 1, 0
45926, 21, 0, 0
45926, 9, 1, 0
46176, 21, 0, 0
46176, 25, 1, 0
46426, 4, 0, 0
46426, 7, 1, 0
46926, 16, 0, 0
46926, 4, 1, 0
46926, 11, 1, 0
47176, 11, 0, 0
47426, 25, 0, 0
47426, 21, 1, 0
47676, 25, 0, 0
47676, 2, 1, 0
47926, 28, 0, 0
47926, 28, 1, 0
48176, 21, 0, 0
48176, 23, 1, 0
48427, 14, 0, 0
48427, 14, 1, 0
48677, 9, 0, 0
48677, 16, 1, 0
48927, 4, 0, 0
48927, 16, 1, 0
49177, 16, 0, 0
49177, 2, 1, 0
49427, 16, 0, 0
49427, 16, 1, 0
49677, 11, 0, 0
49677, 7, 1, 0
49927, 14, 0, 0
49927, 2, 1, 0
50427, 4, 0, 0
50427, 16, 1, 0
50427, 2, 1, 0
50927, 7, 1, 0
51178, 7, 0, 0
51178, 7, 1, 0
51428, 16, 0, 0
51678, 8, 1, 0
51928, 14, 0, 0
52178, 7, 1, 0
52428, 4, 0, 0
52678, 2, 1, 0
52928, 11, 0, 0
53178, 16, 0, 0
53178, 11, 1, 0
53428, 6, 1, 0
53678, 7, 1, 0
53928, 11, 0, 0
54179, 4, 0, 0
54179, 11, 1, 0
54429, 2, 0, 0
54429, 2, 1, 0
54679, 4, 0, 0
54679, 4, 1, 0
54929, 13, 0, 0
54929, 6, 1, 0
55679, 2, 0, 0
55929, 11, 1, 0
56179, 2, 0, 0
56429, 11, 0, 0
56429, 4, 1, 0
56679, 4, 0, 0
56679, 2, 1, 0
57180, 6, 0, 0
57180, 18, 1, 0
57430, 11, 0, 0
57680, 6, 0, 0
57680, 9, 1, 0
57930, 13, 1, 0
58180, 18, 0, 0
58680, 16, 0, 0
58680, 6, 1, 0
58680, 9, 1, 0
58930, 9, 0, 0
59180, 18, 0, 0
59180, 13, 1, 0
59430, 2, 0, 0
59430, 9, 1, 0
59680, 13, 0, 0
59680, 6, 1, 0
59931, 7, 1, 0
60431, 2, 0, 0
662, 7, 0, 0
662, 9, 1, 0
912, 2, 0, 0
1162, 8, 1, 0
1412, 21, 0, 0
1662, 14, 0, 0
1662, 21, 1, 0
1912, 19, 0, 0
1912, 2, 1, 0
2162, 29, 0, 0
2162, 14, 1, 0
2412, 12, 0, 0
2412, 9, 1, 0
2663, 12, 0, 0
2663, 9, 1, 0
2913, 2, 0, 0
2913, 19, 1, 0
3163, 8, 1, 0
3413, 9, 1, 0
3663, 14, 0, 0
3913, 8, 1, 0
4163, 9, 0, 0
4413, 12, 1, 0
4663, 21, 0, 0
4913, 14, 0, 0
4913, 19, 1, 0
5163, 12, 0, 0
5163, 2, 1, 0
5416, 4, 0, 0
5416, 9, 1, 0
5661, 12, 0, 0
5912, 16, 0, 0
5912, 9, 1, 0
6162, 4, 0, 0
6162, 7, 1, 0
6412, 16, 0, 0
6412, 9, 1, 0
6662, 9, 0, 0
6662, 4, 1, 0
6912, 21, 0, 0
6912, 7, 1, 0
7162, 7, 0, 0
7162, 7, 1, 0
7412, 9, 0, 0
7412, 7, 1, 0
7662, 7, 0, 0
7662, 7, 1, 0
7912, 7, 0, 0
7912, 7, 1, 0
8162, 4, 0, 0
8162, 4, 1, 0
8413, 16, 0, 0
8663, 14, 0, 0
8663, 12, 1, 0
8913, 14, 0, 0
8913, 7, 1, 0
9163, 4, 0, 0
9163, 2, 1, 0
9413, 9, 0, 0
9413, 2, 1, 0
9663, 14, 0, 0
9663, 7, 1, 0
9913, 9, 0, 0
9913, 16, 1, 0
10163, 14, 0, 0
10163, 16, 1, 0
10413, 14, 0, 0
10413, 12, 1, 0
10663, 7, 0, 0
10663, 4, 1, 0
10913, 2, 0, 0
10913, 2, 1, 0
11163, 12, 1, 0
11414, 2, 0, 0
11664, 4, 0, 0
11914, 16, 0, 0
11914, 9, 1, 0
12164, 9, 0, 0
12164, 2, 1, 0
12414, 14, 0, 0
12414, 4, 1, 0
12664, 16, 0, 0
12664, 4, 1, 0
12914, 7, 0, 0
12914, 2, 1, 0
13164, 9, 0, 0
13164, 2, 1, 0
13414, 16, 0, 0
13414, 21, 1, 0
13664, 16, 0, 0
13664, 4, 1, 0
13914, 7, 0, 0
13914, 4, 1, 0
14165, 2, 0, 0
14165, 4, 1, 0
14415, 4, 0, 0
14415, 14, 1, 0
14665, 6, 1, 0
14915, 4, 0, 0
15165, 4, 0, 0
15165, 7, 1, 0
15415, 7, 0, 0
15415, 14, 1, 0
15665, 16, 0, 0
15665, 2, 1, 0
15915, 4, 0, 0
15915, 12, 1, 0
16415, 9, 0, 0
16415, 12, 1, 0
16415, 16, 1, 0
16665, 9, 0, 0
16915, 12, 0, 0
16915, 9, 1, 0
17166, 12, 0, 0
17166, 9, 1, 0
17416, 16, 0, 0
17416, 4, 1, 0
17666, 12, 0, 0
17666, 7, 1, 0
17916, 2, 0, 0
18166, 4, 0, 0
18166, 4, 1, 0
18416, 14, 0, 0
18416, 14, 1, 0
18666, 14, 0, 0
18916, 2, 0, 0
18916, 7, 1, 0
19166, 4, 0, 0
19166, 7, 1, 0
19416, 2, 0, 0
19416, 14, 1, 0
19666, 4, 0, 0
19666, 4, 1, 0
19916, 12, 0, 0
19916, 2, 1, 0
20417, 2, 0, 0
20417, 7, 1, 0
20417, 4, 1, 0
20667, 4, 0, 0
20917, 14, 0, 0
20917, 7, 1, 0
21167, 9, 0, 0
21167, 40, 1, 0
21417, 19, 0, 0
21417, 2, 1, 0
21667, 9, 0, 0
21667, 9, 1, 0
21917, 14, 0, 0
21917, 11, 1, 0
22167, 9, 0, 0
22167, 2, 1, 0
22417, 5, 1, 0
22667, 11, 0, 0
22918, 2, 0, 0
23168, 9, 0, 0
23168, 9, 1, 0
23418, 9, 0, 0
23418, 4, 1, 0
23668, 9, 0, 0
23668, 2, 1, 0
23918, 7, 0, 0
23918, 7, 1, 0
24168, 11, 0, 0
24418, 16, 0, 0
24418, 4, 1, 0
24668, 19, 0, 0
24668, 19, 1, 0
24918, 7, 0, 0
24918, 19, 1, 0
25168, 2, 0, 0
25168, 16, 1, 0
25418, 2, 0, 0
25418, 23, 1, 0
25668, 11, 0, 0
25668, 11, 1, 0
25919, 21, 0, 0
25919, 9, 1, 0
26169, 21, 0, 0
26169, 7, 1, 0
26419, 10, 1, 0
26669, 2, 0, 0
26919, 2, 0, 0
26919, 11, 1, 0
27169, 4, 0, 0
27169, 11, 1, 0
27419, 3, 1, 0
27669, 9, 1, 0
27919, 2, 1, 0
28169, 9, 0, 0
28420, 9, 0, 0
28420, 7, 1, 0
28670, 4, 0, 0
28670, 4, 1, 0
28920, 11, 0, 0
29170, 4, 0, 0
29170, 4, 1, 0
29420, 16, 0, 0
29420, 2, 1, 0
29670, 16, 0, 0
29670, 7, 1, 0
29920, 9, 0, 0
29920, 4, 1, 0
30170, 7, 0, 0
30170, 2, 1, 0
30420, 7, 0, 0
30420, 11, 1, 0
30670, 4, 0, 0
30920, 9, 1, 0
31170, 16, 0, 0
31421, 11, 0, 0
31421, 2, 1, 0
31671, 2, 0, 0
31671, 9, 1, 0
31921, 4, 0, 0
32171, 4, 0, 0
32171, 9, 1, 0
32421, 3, 1, 0
32671, 2, 1, 0
32921, 2, 0, 0
33171, 7, 0, 0
33421, 4, 0, 0
33921, 2, 1, 0
34171, 2, 0, 0
34171, 4, 1, 0
34422, 2, 0, 0
34672, 2, 0, 0
34672, 11, 1, 0
34922, 14, 0, 0
34922, 7, 1, 0
35172, 2, 0, 0
35172, 30, 1, 0
35422, 4, 0, 0
35422, 7, 1, 0
35672, 11, 0, 0
35672, 16, 1, 0
35922, 9, 0, 0
35922, 11, 1, 0
36172, 11, 0, 0
36172, 2, 1, 0
36422, 2, 0, 0
36422, 2, 1, 0
36672, 7, 0, 0
36672, 9, 1, 0
36922, 2, 1, 0
37172, 7, 0, 0
37423, 7, 0, 0
37423, 9, 1, 0
37673, 4, 0, 0
37673, 2, 1, 0
37923, 7, 0, 0
38173, 4, 0, 0
38423, 2, 0, 0
38423, 7, 1, 0
38673, 3, 1, 0
38923, 7, 0, 0
39173, 14, 0, 0
39173, 16, 1, 0
39423, 9, 0, 0
39423, 7, 1, 0
39673, 4, 0, 0
39673, 7, 1, 0
39923, 7, 0, 0
39923, 4, 1, 0
40174, 16, 0, 0
40174, 4, 1, 0
40424, 16, 0, 0
40424, 4, 1, 0
40674, 11, 0, 0
40674, 7, 1, 0
40924, 11, 0, 0
40924, 2, 1, 0
41174, 2, 0, 0
41174, 7, 1, 0
41424, 2, 0, 0
41424, 2, 1, 0
41674, 2, 0, 0
41674, 4, 1, 0
41924, 7, 0, 0
41924, 2, 1, 0
42174, 11, 0, 0
42174, 9, 1, 0
42424, 11, 0, 0
42424, 11, 1, 0
42674, 9, 0, 0
42674, 9, 1, 0
42925, 18, 0, 0
42925, 9, 1, 0
43175, 4, 0, 0
43175, 11, 1, 0
43425, 2, 0, 0
43425, 16, 1, 0
43675, 14, 0, 0
43675, 18, 1, 0
43925, 9, 0, 0
43925, 4, 1, 0
44175, 2, 0, 0
44175, 18, 1, 0
44425, 9, 0, 0
44425, 14, 1, 0
44675, 4, 0, 0
44675, 18, 1, 0
44925, 14, 0, 0
44925, 2, 1, 0
45175, 14, 0, 0
45175, 4, 1, 0
45425, 9, 0, 0
45425, 14, 1, 0
45675, 14, 0, 0
45675, 14, 1, 0
45926, 12, 1, 0
46176, 7, 0, 0
46426, 11, 0, 0
46426, 14, 1, 0
46676, 4, 0, 0
46676, 7, 1, 0
46926, 21, 0, 0
47176, 7, 0, 0
47176, 18, 1, 0
47426, 14, 0, 0
47426, 21, 1, 0
47676, 7, 0, 0
47926, 11, 0, 0
47926, 11, 1, 0
48176, 4, 0, 0
48176, 2, 1, 0
48426, 9, 0, 0
48426, 9, 1, 0
48677, 9, 0, 0
48677, 9, 1, 0
48927, 9, 0, 0
48927, 7, 1, 0
49177, 30, 0, 0
49177, 11, 1, 0
49427, 11, 0, 0
49427, 32, 1, 0
49677, 16, 0, 0
49677, 4, 1, 0
49927, 16, 0, 0
49927, 11, 1, 0
50177, 7, 0, 0
50177, 18, 1, 0
50427, 2, 0, 0
50427, 11, 1, 0
50677, 3, 1, 0
50927, 9, 0, 0
51177, 4, 0, 0
51177, 16, 1, 0
51427, 11, 0, 0
51427, 28, 1, 0
51678, 16, 0, 0
51678, 9, 1, 0
51928, 20, 1, 0
52178, 4, 0, 0
52428, 7, 0, 0
52428, 18, 1, 0
52678, 4, 0, 0
52678, 2, 1, 0
52928, 4, 0, 0
52928, 4, 1, 0
53178, 16, 0, 0
53178, 2, 1, 0
53428, 9, 0, 0
53678, 9, 0, 0
53678, 2, 1, 0
53928, 18, 0, 0
54178, 9, 0, 0
54178, 11, 1, 0
54429, 6, 0, 0
54429, 11, 1, 0
54679, 4, 0, 0
54679, 4, 1, 0
54929, 2, 0, 0
54929, 9, 1, 0
55179, 6, 0, 0
55429, 9, 0, 0
55679, 2, 0, 0
55929, 2, 1, 0
56429, 9, 1, 0
56679, 2, 1, 0
56929, 2, 1, 0
57179, 11, 1, 0
57430, 4, 0, 0
57430, 2, 1, 0
57680, 4, 0, 0
57930, 4, 0, 0
57930, 2, 1, 0
58180, 2, 0, 0
58180, 6, 1, 0
58430, 6, 0, 0
58430, 2, 1, 0
58680, 11, 0, 0
58930, 13, 0, 0
58930, 2, 1, 0
59180, 2, 0, 0
59430, 2, 0, 0
59430, 16, 1, 0
59680, 2, 0, 0
59680, 4, 1, 0
59930, 3, 1, 0
60681, 2, 0, 0
411, 12, 0, 0
661, 2, 0, 0
911, 17, 0, 0
911, 14, 1, 0
1161, 11, 1, 0
1411, 9, 0, 0
1662, 9, 0, 0
1662, 12, 1, 0
1912, 7, 0, 0
1912, 2, 1, 0
2162, 12, 0, 0
2162, 16, 1, 0
2412, 19, 0, 0
2412, 16, 1, 0
2662, 29, 0, 0
2662, 9, 1, 0
2912, 9, 0, 0
2912, 9, 1, 0
3162, 7, 0, 0
3162, 4, 1, 0
3412, 7, 0, 0
3412, 2, 1, 0
3662, 12, 0, 0
3662, 7, 1, 0
3912, 16, 0, 0
3912, 7, 1, 0
4162, 2, 0, 0
4162, 7, 1, 0
4413, 24, 0, 0
4413, 19, 1, 0
4663, 19, 0, 0
4663, 9, 1, 0
4913, 12, 0, 0
4913, 9, 1, 0
5163, 7, 0, 0
5163, 7, 1, 0
5415, 16, 0, 0
5415, 14, 1, 0
5661, 17, 0, 0
5661, 4, 1, 0
5911, 12, 0, 0
5911, 7, 1, 0
6161, 2, 0, 0
6161, 7, 1, 0
6411, 12, 0, 0
6411, 2, 1, 0
6661, 7, 0, 0
6661, 9, 1, 0
6911, 7, 0, 0
6911, 4, 1, 0
7162, 7, 0, 0
7162, 4, 1, 0
7412, 9, 0, 0
7412, 9, 1, 0
7662, 12, 0, 0
7662, 19, 1, 0
7912, 4, 0, 0
7912, 19, 1, 0
8162, 4, 0, 0
8162, 7, 1, 0
8412, 9, 0, 0
8662, 9, 0, 0
8662, 14, 1, 0
8912, 9, 0, 0
8912, 4, 1, 0
9162, 12, 0, 0
9162, 9, 1, 0
9412, 12, 0, 0
9662, 29, 0, 0
9662, 21, 1, 0
9912, 24, 0, 0
9912, 4, 1, 0
10163, 9, 0, 0
10163, 2, 1, 0
10413, 12, 0, 0
10413, 7, 1, 0
10663, 7, 0, 0
10663, 9, 1, 0
10913, 5, 1, 0
11163, 2, 0, 0
11413, 7, 0, 0
11413, 14, 1, 0
11663, 19, 0, 0
11663, 4, 1, 0
11913, 7, 0, 0
11913, 7, 1, 0
12163, 7, 0, 0
12163, 7, 1, 0
12413, 7, 1, 0
12663, 2, 0, 0
12914, 16, 0, 0
12914, 24, 1, 0
13164, 14, 0, 0
13164, 4, 1, 0
13414, 2, 0, 0
13414, 4, 1, 0
13664, 4, 0, 0
13664, 2, 1, 0
13914, 9, 0, 0
13914, 19, 1, 0
14164, 2, 0, 0
14164, 4, 1, 0
14414, 7, 0, 0
14664, 4, 0, 0
14914, 7, 0, 0
15164, 7, 0, 0
15164, 14, 1, 0
15414, 9, 0, 0
15414, 16, 1, 0
15664, 5, 1, 0
15915, 2, 1, 0
16165, 7, 0, 0
16415, 7, 0, 0
16415, 4, 1, 0
16665, 14, 0, 0
16665, 9, 1, 0
16915, 12, 0, 0
16915, 9, 1, 0
17165, 9, 0, 0
17415, 9, 0, 0
17665, 14, 0, 0
17665, 21, 1, 0
17915, 9, 0, 0
17915, 4, 1, 0
18165, 2, 0, 0
18415, 5, 1, 0
18666, 2, 0, 0
18916, 12, 0, 0
18916, 31, 1, 0
19166, 9, 0, 0
19166, 2, 1, 0
19416, 7, 0, 0
19416, 2, 1, 0
19916, 2, 0, 0
19916, 2, 1, 0
19916, 4, 1, 0
20166, 9, 0, 0
20416, 7, 0, 0
20416, 2, 1, 0
20666, 9, 0, 0
20666, 2, 1, 0
20916, 7, 0, 0
20916, 12, 1, 0
21166, 7, 0, 0
21166, 33, 1, 0
21416, 4, 0, 0
21416, 7, 1, 0
21667, 4, 0, 0
21667, 2, 1, 0
21917, 2, 0, 0
22167, 14, 0, 0
22167, 2, 1, 0
22417, 9, 0, 0
22417, 9, 1, 0
22667, 11, 0, 0
22667, 9, 1, 0
22917, 7, 0, 0
22917, 9, 1, 0
23167, 14, 0, 0
23417, 11, 0, 0
23417, 7, 1, 0
23667, 6, 1, 0
23917, 2, 0, 0
24167, 4, 0, 0
24418, 14, 0, 0
24668, 9, 0, 0
24668, 16, 1, 0
24918, 4, 0, 0
24918, 14, 1, 0
25168, 9, 0, 0
25418, 9, 0, 0
25418, 7, 1, 0
25668, 21, 0, 0
25668, 4, 1, 0
25918, 9, 0, 0
25918, 7, 1, 0
26168, 6, 1, 0
26418, 11, 0, 0
26668, 7, 0, 0
26668, 7, 1, 0
26918, 7, 0, 0
26918, 4, 1, 0
27169, 2, 0, 0
27169, 7, 1, 0
27419, 9, 0, 0
27419, 14, 1, 0
27669, 16, 0, 0
27669, 21, 1, 0
27919, 4, 0, 0
27919, 9, 1, 0
28169, 9, 0, 0
28419, 7, 0, 0
28419, 4, 1, 0
28669, 9, 0, 0
28669, 11, 1, 0
28919, 4, 0, 0
28919, 2, 1, 0
29169, 7, 0, 0
29169, 9, 1, 0
29419, 7, 0, 0
29419, 7, 1, 0
29669, 7, 0, 0
29669, 9, 1, 0
29919, 2, 0, 0
29919, 21, 1, 0
30170, 11, 0, 0
30170, 4, 1, 0
30420, 2, 0, 0
30420, 23, 1, 0
30670, 8, 1, 0
30920, 2, 0, 0
31170, 14, 1, 0
31420, 9, 0, 0
31670, 11, 0, 0
31670, 11, 1, 0
31920, 16, 0, 0
31920, 9, 1, 0
32170, 7, 0, 0
32170, 11, 1, 0
32420, 9, 0, 0
32420, 11, 1, 0
32670, 14, 0, 0
32670, 4, 1, 0
32921, 11, 0, 0
32921, 7, 1, 0
33171, 4, 0, 0
33171, 16, 1, 0
33421, 11, 0, 0
33421, 4, 1, 0
33671, 4, 0, 0
33671, 14, 1, 0
33921, 9, 0, 0
33921, 14, 1, 0
34171, 2, 0, 0
34171, 14, 1, 0
34421, 2, 0, 0
34421, 4, 1, 0
34921, 4, 0, 0
34921, 2, 1, 0
34921, 2, 1, 0
35171, 4, 0, 0
35671, 2, 0, 0
35671, 2, 1, 0
35671, 2, 1, 0
35922, 2, 0, 0
36172, 2, 0, 0
36172, 14, 1, 0
36422, 11, 0, 0
36422, 4, 1, 0
36672, 2, 0, 0
36672, 4, 1, 0
36922, 7, 0, 0
37172, 4, 0, 0
37172, 2, 1, 0
37422, 2, 0, 0
37422, 23, 1, 0
37672, 22, 1, 0
37922, 18, 0, 0
38172, 14, 0, 0
38172, 2, 1, 0
38422, 7, 1, 0
38672, 2, 0, 0
38923, 14, 0, 0
38923, 16, 1, 0
39173, 7, 0, 0
39173, 11, 1, 0
39423, 11, 0, 0
39423, 14, 1, 0
39673, 2, 0, 0
39673, 18, 1, 0
39923, 2, 1, 0
40173, 16, 0, 0
40423, 11, 0, 0
40423, 11, 1, 0
40673, 21, 0, 0
40673, 14, 1, 0
40923, 35, 0, 0
40923, 9, 1, 0
41173, 21, 0, 0
41173, 9, 1, 0
41423, 7, 0, 0
41423, 23, 1, 0
41674, 8, 1, 0
41924, 4, 0, 0
42174, 8, 1, 0
42424, 9, 1, 0
42674, 2, 1, 0
43924, 4, 1, 0
44174, 4, 1, 0
47175, 4, 1, 0
47676, 9, 0, 0
47676, 2, 1, 0
47926, 11, 0, 0
47926, 2, 1, 0
48176, 7, 0, 0
49176, 4, 0, 0
49426, 9, 0, 0
49676, 4, 0, 0
49676, 4, 1, 0
49926, 4, 0, 0
49926, 23, 1, 0
50176, 2, 0, 0
50176, 14, 1, 0
50427, 9, 1, 0
50677, 2, 1, 0
50927, 16, 0, 0
50927, 9, 1, 0
51177, 25, 0, 0
51177, 18, 1, 0
51427, 2, 0, 0
51427, 4, 1, 0
51677, 11, 0, 0
51677, 9, 1, 0
51927, 9, 0, 0
51927, 4, 1, 0
52177, 14, 0, 0
52177, 9, 1, 0
52427, 7, 0, 0
52427, 2, 1, 0
52677, 11, 0, 0
52677, 11, 1, 0
52927, 11, 0, 0
52927, 4, 1, 0
53178, 11, 0, 0
53178, 14, 1, 0
53428, 7, 0, 0
53428, 11, 1, 0
53678, 4, 1, 0
53928, 9, 0, 0
53928, 16, 1, 0
54178, 9, 0, 0
54178, 9, 1, 0
54428, 2, 0, 0
54678, 4, 0, 0
54678, 9, 1, 0
54928, 9, 0, 0
55178, 13, 1, 0
55428, 16, 0, 0
55678, 7, 0, 0
55678, 11, 1, 0
55928, 14, 0, 0
55928, 9, 1, 0
56179, 9, 0, 0
56179, 11, 1, 0
56429, 20, 0, 0
56429, 4, 1, 0
56679, 11, 1, 0
56929, 9, 0, 0
57179, 16, 1, 0
57429, 6, 1, 0
57679, 9, 0, 0
57929, 13, 0, 0
57929, 20, 1, 0
58179, 9, 0, 0
58179, 2, 1, 0
58429, 9, 0, 0
58429, 6, 1, 0
58680, 9, 0, 0
58680, 13, 1, 0
58930, 13, 0, 0
59180, 4, 0, 0
59180, 9, 1, 0
59430, 9, 0, 0
59430, 6, 1, 0
59680, 2, 0, 0
59680, 9, 1, 0
59930, 4, 0, 0
59930, 4, 1, 0
60180, 2, 0, 0
60180, 4, 1, 0
750, 8, 0, 0
750, 8, 1, 0
1000, 16, 0, 0
1250, 12, 1, 0
1500, 4, 0, 0
1999, 8, 1, 0
2500, 4, 0, 0
2500, 4, 1, 0
2750, 20, 0, 0
2750, 4, 1, 0
3000, 4, 1, 0
3250, 8, 0, 0
3500, 4, 0, 0
3750, 4, 0, 0
4000, 12, 0, 0
4000, 8, 1, 0
4250, 4, 0, 0
4500, 8, 0, 0
4500, 4, 1, 0
4749, 28, 0, 0
4749, 16, 1, 0
4999, 4, 0, 0
5249, 16, 0, 0
5750, 6, 1, 0
6000, 8, 0, 0
6000, 32, 1, 0
6250, 4, 0, 0
6500, 16, 1, 0
6750, 8, 0, 0
7000, 8, 0, 0
7500, 16, 1, 0
7749, 4, 0, 0
9250, 8, 0, 0
9500, 16, 0, 0
9750, 12, 0, 0
10250, 8, 0, 0
10499, 4, 0, 0
10750, 24, 0, 0
10750, 8, 1, 0
10999, 8, 0, 0
10999, 16, 1, 0
11249, 24, 0, 0
11249, 28, 1, 0
11500, 20, 0, 0
11750, 16, 0, 0
11750, 20, 1, 0
12000, 4, 0, 0
12000, 4, 1, 0
12250, 4, 1, 0
12500, 12, 0, 0
12500, 16, 1, 0
12750, 16, 0, 0
12750, 12, 1, 0
13000, 16, 0, 0
13250, 40, 0, 0
13250, 8, 1, 0
13499, 20, 0, 0
13499, 32, 1, 0
13749, 16, 0, 0
13749, 12, 1, 0
13999, 8, 0, 0
13999, 20, 1, 0
14250, 16, 1, 0
14500, 20, 0, 0
14750, 8, 0, 0
14750, 24, 1, 0
15000, 28, 0, 0
15000, 20, 1, 0
15250, 24, 0, 0
15250, 8, 1, 0
15500, 20, 0, 0
15500, 20, 1, 0
15750, 28, 0, 0
15750, 20, 1, 0
16000, 4, 0, 0
16000, 20, 1, 0
16250, 4, 0, 0
16250, 4, 1, 0
16499, 24, 0, 0
16499, 20, 1, 0
16749, 12, 0, 0
16749, 20, 1, 0
16999, 4, 0, 0
17250, 4, 0, 0
17500, 12, 0, 0
17500, 32, 1, 0
17750, 20, 0, 0
17750, 20, 1, 0
18000, 20, 0, 0
18000, 24, 1, 0
18250, 4, 0, 0
18250, 40, 1, 0
18500, 32, 0, 0
18500, 20, 1, 0
18750, 16, 0, 0
18750, 28, 1, 0
18999, 8, 0, 0
18999, 12, 1, 0
19249, 16, 1, 0
19499, 8, 0, 0
19749, 16, 0, 0
19749, 24, 1, 0
20000, 8, 0, 0
20000, 12, 1, 0
20250, 8, 0, 0
20250, 12, 1, 0
20500, 12, 0, 0
20500, 12, 1, 0
20750, 24, 0, 0
20750, 24, 1, 0
21000, 8, 0, 0
21000, 28, 1, 0
21250, 20, 0, 0
21500, 16, 0, 0
21500, 8, 1, 0
21750, 20, 0, 0
21999, 16, 0, 0
21999, 24, 1, 0
22249, 20, 1, 0
22499, 24, 1, 0
22750, 4, 0, 0
23250, 4, 0, 0
23250, 12, 1, 0
23250, 44, 1, 0
23500, 8, 0, 0
23750, 16, 0, 0
23750, 32, 1, 0
24250, 28, 0, 0
24250, 12, 1, 0
24250, 8, 1, 0
24500, 20, 0, 0
24749, 28, 0, 0
24749, 16, 1, 0
24999, 4, 0, 0
24999, 16, 1, 0
25249, 8, 0, 0
25249, 16, 1, 0
25499, 16, 0, 0
25499, 32, 1, 0
25750, 28, 0, 0
25750, 28, 1, 0
26000, 16, 0, 0
26000, 20, 1, 0
26250, 12, 0, 0
26250, 4, 1, 0
26500, 12, 0, 0
26500, 8, 1, 0
26743, 32, 0, 0
26743, 16, 1, 0
26998, 4, 0, 0
26998, 12, 1, 0
27250, 28, 0, 0
27250, 4, 1, 0
27500, 30, 1, 0
27749, 8, 0, 0
27999, 12, 0, 0
27999, 4, 1, 0
28249, 32, 0, 0
28249, 4, 1, 0
28499, 36, 0, 0
28499, 8, 1, 0
28750, 32, 0, 0
28750, 16, 1, 0
29000, 28, 1, 0
29250, 40, 1, 0
29500, 32, 1, 0
29750, 32, 0, 0
30000, 56, 0, 0
30000, 28, 1, 0
30250, 8, 0, 0
30250, 4, 1, 0
30499, 4, 0, 0
30499, 16, 1, 0
30749, 24, 0, 0
30749, 24, 1, 0
30999, 24, 0, 0
30999, 24, 1, 0
31249, 20, 0, 0
31249, 24, 1, 0
31500, 8, 0, 0
31500, 28, 1, 0
31750, 8, 0, 0
31750, 20, 1, 0
32000, 4, 0, 0
32000, 20, 1, 0
32250, 64, 0, 0
32250, 40, 1, 0
32500, 40, 0, 0
32500, 28, 1, 0
32750, 16, 0, 0
32750, 12, 1, 0
33000, 8, 0, 0
33000, 24, 1, 0
33250, 40, 0, 0
33250, 4, 1, 0
33499, 20, 0, 0
33499, 8, 1, 0
33749, 8, 0, 0
33749, 28, 1, 0
33999, 12, 0, 0
33999, 40, 1, 0
34250, 80, 0, 0
34250, 48, 1, 0
34500, 52, 0, 0
34500, 24, 1, 0
34750, 12, 0, 0
34750, 4, 1, 0
35000, 4, 0, 0
35000, 8, 1, 0
35250, 12, 0, 0
35250, 12, 1, 0
35500, 48, 0, 0
35500, 28, 1, 0
35750, 28, 0, 0
35750, 48, 1, 0
35999, 52, 0, 0
35999, 20, 1, 0
36250, 16, 0, 0
36250, 16, 1, 0
36499, 24, 0, 0
36499, 16, 1, 0
36749, 28, 0, 0
36749, 12, 1, 0
36999, 16, 1, 0
37250, 32, 0, 0
37500, 4, 0, 0
37500, 36, 1, 0
37750, 28, 0, 0
37750, 36, 1, 0
38000, 16, 0, 0
38000, 4, 1, 0
38250, 4, 0, 0
38250, 36, 1, 0
38500, 24, 0, 0
38500, 16, 1, 0
38750, 20, 0, 0
38750, 4, 1, 0
39000, 20, 0, 0
39000, 12, 1, 0
39249, 44, 0, 0
39249, 40, 1, 0
39499, 16, 0, 0
39499, 16, 1, 0
39749, 36, 1, 0
40000, 36, 1, 0
40250, 4, 0, 0
40500, 24, 0, 0
40500, 20, 1, 0
40750, 36, 0, 0
40750, 20, 1, 0
41000, 28, 0, 0
41000, 4, 1, 0
41250, 28, 0, 0
41250, 24, 1, 0
41500, 28, 0, 0
41500, 32, 1, 0
41750, 8, 0, 0
41750, 4, 1, 0
41999, 24, 0, 0
41999, 8, 1, 0
42249, 16, 0, 0
42249, 36, 1, 0
42499, 16, 0, 0
42499, 12, 1, 0
42749, 36, 0, 0
42749, 40, 1, 0
43000, 20, 0, 0
43000, 20, 1, 0
43250, 12, 0, 0
43250, 20, 1, 0
43500, 40, 0, 0
43500, 28, 1, 0
43750, 12, 0, 0
43750, 28, 1, 0
44000, 52, 0, 0
44000, 40, 1, 0
44250, 48, 0, 0
44250, 12, 1, 0
44500, 18, 1, 0
44750, 8, 0, 0
44999, 24, 0, 0
44999, 4, 1, 0
45249, 20, 1, 0
45499, 12, 1, 0
45749, 32, 1, 0
46000, 28, 0, 0
46250, 28, 0, 0
46250, 20, 1, 0
46500, 4, 0, 0
46500, 32, 1, 0
46750, 8, 0, 0
47000, 48, 0, 0
47000, 32, 1, 0
47250, 12, 0, 0
47250, 24, 1, 0
47500, 12, 0, 0
47500, 16, 1, 0
47749, 20, 0, 0
47999, 12, 0, 0
47999, 20, 1, 0
48249, 12, 0, 0
48249, 28, 1, 0
48499, 8, 0, 0
48499, 28, 1, 0
48750, 24, 0, 0
48750, 20, 1, 0
49000, 52, 0, 0
49000, 4, 1, 0
49250, 16, 0, 0
49250, 4, 1, 0
49750, 4, 0, 0
49750, 4, 1, 0
49750, 12, 1, 0
50000, 16, 1, 0
50250, 8, 0, 0
50749, 4, 0, 0
50749, 24, 1, 0
50749, 12, 1, 0
50999, 28, 0, 0
51249, 18, 1, 0
51500, 8, 0, 0
51750, 20, 0, 0
51750, 24, 1, 0
52000, 56, 0, 0
52000, 40, 1, 0
52250, 4, 0, 0
52250, 16, 1, 0
52750, 20, 0, 0
52750, 12, 1, 0
52750, 16, 1, 0
53000, 60, 0, 0
53250, 8, 0, 0
53250, 16, 1, 0
53499, 4, 0, 0
53499, 36, 1, 0
53749, 16, 0, 0
53749, 36, 1, 0
53999, 32, 0, 0
53999, 4, 1, 0
54250, 20, 0, 0
54250, 28, 1, 0
54500, 20, 0, 0
54500, 12, 1, 0
55000, 20, 0, 0
55000, 40, 1, 0
55000, 4, 1, 0
55250, 8, 0, 0
55500, 24, 0, 0
55750, 20, 0, 0
55750, 20, 1, 0
56000, 20, 0, 0
56000, 52, 1, 0
56250, 14, 1, 0
56499, 4, 0, 0
56749, 20, 0, 0
56749, 28, 1, 0
56999, 32, 0, 0
56999, 20, 1, 0
57250, 28, 0, 0
57250, 8, 1, 0
57500, 8, 0, 0
57500, 8, 1, 0
57750, 24, 0, 0
57750, 8, 1, 0
58000, 36, 0, 0
58000, 24, 1, 0
58250, 8, 0, 0
58250, 52, 1, 0
58500, 30, 1, 0
58750, 48, 0, 0
59000, 24, 0, 0
59000, 8, 1, 0
59249, 4, 0, 0
59249, 4, 1, 0
59499, 4, 0, 0
59499, 12, 1, 0
59749, 16, 0, 0
59749, 4, 1, 0
59999, 20, 0, 0
59999, 12, 1, 0
60250, 14, 1, 0
1250, 4, 1, 0
1500, 4, 0, 0
1750, 4, 0, 0
2249, 4, 0, 0
2500, 8, 0, 0
2750, 28, 0, 0
3000, 20, 1, 0
3500, 4, 0, 0
3750, 16, 0, 0
4000, 12, 0, 0
4250, 4, 0, 0
4500, 16, 0, 0
4500, 4, 1, 0
4749, 8, 1, 0
4999, 12, 1, 0
5249, 20, 1, 0
5499, 16, 0, 0
5750, 16, 0, 0
5750, 8, 1, 0
6000, 16, 0, 0
6000, 4, 1, 0
6250, 20, 0, 0
6250, 12, 1, 0
6500, 12, 0, 0
6500, 40, 1, 0
6750, 8, 0, 0
6750, 16, 1, 0
7000, 8, 0, 0
7250, 4, 0, 0
7250, 12, 1, 0
7500, 8, 0, 0
7749, 8, 0, 0
7999, 4, 0, 0
7999, 4, 1, 0
8249, 8, 0, 0
8249, 4, 1, 0
8499, 8, 0, 0
8750, 4, 0, 0
9000, 6, 1, 0
9250, 12, 0, 0
9500, 4, 0, 0
9500, 12, 1, 0
9750, 12, 0, 0
10250, 4, 0, 0
10250, 4, 1, 0
10499, 8, 0, 0
10750, 20, 0, 0
10750, 16, 1, 0
10999, 28, 0, 0
10999, 24, 1, 0
11249, 22, 1, 0
11500, 28, 0, 0
11750, 4, 0, 0
12000, 20, 0, 0
12000, 32, 1, 0
12250, 4, 0, 0
12250, 4, 1, 0
12500, 4, 0, 0
12500, 4, 1, 0
12750, 8, 0, 0
12750, 24, 1, 0
13000, 16, 0, 0
13000, 20, 1, 0
13250, 4, 0, 0
13250, 4, 1, 0
13499, 28, 0, 0
13499, 8, 1, 0
13749, 4, 0, 0
13749, 12, 1, 0
13999, 8, 0, 0
13999, 4, 1, 0
14250, 8, 0, 0
14250, 20, 1, 0
14500, 8, 0, 0
14750, 16, 0, 0
14750, 12, 1, 0
15000, 16, 0, 0
15000, 12, 1, 0
15250, 12, 0, 0
15250, 12, 1, 0
15500, 24, 0, 0
15500, 20, 1, 0
15750, 28, 0, 0
15750, 16, 1, 0
16000, 8, 0, 0
16000, 8, 1, 0
16250, 4, 1, 0
16499, 4, 0, 0
16749, 4, 0, 0
16749, 24, 1, 0
16999, 4, 0, 0
16999, 20, 1, 0
17250, 20, 0, 0
17250, 4, 1, 0
17500, 12, 0, 0
17500, 20, 1, 0
17750, 16, 0, 0
17750, 20, 1, 0
18000, 16, 0, 0
18000, 4, 1, 0
18250, 16, 0, 0
18500, 28, 0, 0
18500, 4, 1, 0
18750, 16, 0, 0
18750, 48, 1, 0
18999, 8, 0, 0
18999, 8, 1, 0
19249, 32, 0, 0
19249, 4, 1, 0
19499, 40, 0, 0
19499, 8, 1, 0
19749, 32, 0, 0
20000, 8, 0, 0
20000, 20, 1, 0
20250, 48, 1, 0
20500, 32, 0, 0
20750, 44, 0, 0
20750, 40, 1, 0
21000, 28, 0, 0
21000, 12, 1, 0
21250, 4, 0, 0
21250, 20, 1, 0
21500, 20, 0, 0
21500, 28, 1, 0
21750, 28, 0, 0
21999, 4, 0, 0
21999, 48, 1, 0
22249, 28, 0, 0
22249, 12, 1, 0
22499, 16, 0, 0
22499, 28, 1, 0
22750, 24, 0, 0
22750, 28, 1, 0
23250, 8, 0, 0
23250, 4, 1, 0
23250, 20, 1, 0
23500, 24, 0, 0
23750, 24, 0, 0
23750, 48, 1, 0
24000, 12, 0, 0
24250, 28, 0, 0
24500, 24, 0, 0
24500, 28, 1, 0
24749, 12, 0, 0
24749, 32, 1, 0
24999, 28, 0, 0
24999, 4, 1, 0
25249, 32, 0, 0
25249, 20, 1, 0
25499, 40, 0, 0
25499, 16, 1, 0
25750, 24, 0, 0
25750, 36, 1, 0
26000, 20, 0, 0
26000, 8, 1, 0
26250, 20, 0, 0
26250, 36, 1, 0
26500, 24, 0, 0
26500, 32, 1, 0
26743, 24, 0, 0
26743, 32, 1, 0
26998, 20, 0, 0
26998, 20, 1, 0
27250, 32, 0, 0
27250, 12, 1, 0
27500, 8, 0, 0
27500, 24, 1, 0
27749, 24, 0, 0
27749, 16, 1, 0
27999, 32, 0, 0
27999, 4, 1, 0
28249, 30, 1, 0
28499, 32, 1, 0
28750, 8, 0, 0
29000, 16, 0, 0
29000, 16, 1, 0
29250, 68, 0, 0
29250, 12, 1, 0
29500, 20, 0, 0
29500, 16, 1, 0
29750, 4, 0, 0
29750, 12, 1, 0
30000, 28, 0, 0
30000, 20, 1, 0
30250, 44, 0, 0
30250, 32, 1, 0
30499, 28, 0, 0
30499, 28, 1, 0
30749, 4, 0, 0
30749, 8, 1, 0
30999, 4, 0, 0
30999, 12, 1, 0
31249, 16, 0, 0
31249, 12, 1, 0
31500, 12, 0, 0
31750, 16, 0, 0
31750, 16, 1, 0
32000, 24, 0, 0
32000, 4, 1, 0
32250, 4, 0, 0
32250, 36, 1, 0
32500, 16, 0, 0
32500, 28, 1, 0
32750, 12, 0, 0
32750, 32, 1, 0
33000, 16, 0, 0
33000, 12, 1, 0
33250, 16, 0, 0
33499, 20, 0, 0
33499, 16, 1, 0
33749, 32, 0, 0
33749, 8, 1, 0
33999, 8, 0, 0
33999, 20, 1, 0
34250, 8, 0, 0
34250, 16, 1, 0
34500, 20, 0, 0
34500, 28, 1, 0
34750, 8, 0, 0
35000, 16, 0, 0
35000, 8, 1, 0
35250, 20, 0, 0
35250, 8, 1, 0
35500, 16, 0, 0
35500, 12, 1, 0
35750, 8, 0, 0
35750, 20, 1, 0
35999, 28, 0, 0
35999, 36, 1, 0
36250, 28, 0, 0
36250, 20, 1, 0
36499, 12, 0, 0
36499, 20, 1, 0
36749, 4, 0, 0
36749, 8, 1, 0
36999, 8, 0, 0
36999, 32, 1, 0
37250, 28, 0, 0
37250, 12, 1, 0
37500, 24, 0, 0
37500, 44, 1, 0
37750, 12, 0, 0
37750, 12, 1, 0
38000, 8, 1, 0
38250, 24, 0, 0
38500, 8, 0, 0
38500, 8, 1, 0
38750, 8, 0, 0
38750, 4, 1, 0
39000, 12, 0, 0
39000, 12, 1, 0
39249, 8, 0, 0
39499, 4, 0, 0
39749, 8, 0, 0
40000, 12, 0, 0
40250, 4, 0, 0
40500, 24, 0, 0
40500, 16, 1, 0
40750, 20, 0, 0
40750, 12, 1, 0
41000, 24, 0, 0
41250, 16, 0, 0
41250, 8, 1, 0
41500, 24, 0, 0
41500, 16, 1, 0
41750, 8, 0, 0
41750, 12, 1, 0
41999, 4, 0, 0
41999, 16, 1, 0
42249, 8, 0, 0
42249, 28, 1, 0
42499, 8, 0, 0
42499, 44, 1, 0
42749, 14, 1, 0
43000, 12, 1, 0
43250, 20, 0, 0
43500, 12, 0, 0
43500, 16, 1, 0
43750, 40, 0, 0
44000, 36, 0, 0
44000, 40, 1, 0
44250, 16, 0, 0
44250, 32, 1, 0
44500, 12, 0, 0
44500, 8, 1, 0
44750, 24, 0, 0
44999, 12, 0, 0
45249, 20, 0, 0
45499, 12, 0, 0
45749, 20, 0, 0
46000, 32, 0, 0
46250, 8, 0, 0
46250, 4, 1, 0
46500, 4, 0, 0
46500, 20, 1, 0
46750, 4, 0, 0
46750, 8, 1, 0
47000, 24, 1, 0
47250, 24, 1, 0
47500, 16, 1, 0
47749, 12, 0, 0
47999, 16, 0, 0
47999, 24, 1, 0
48249, 36, 0, 0
48249, 24, 1, 0
48499, 16, 0, 0
48499, 16, 1, 0
48750, 20, 0, 0
48750, 28, 1, 0
49000, 36, 0, 0
49000, 24, 1, 0
49250, 24, 0, 0
49250, 16, 1, 0
49500, 28, 0, 0
49500, 16, 1, 0
49750, 16, 0, 0
50000, 32, 0, 0
50000, 12, 1, 0
50250, 24, 0, 0
50250, 24, 1, 0
50499, 8, 0, 0
50499, 60, 1, 0
50749, 40, 0, 0
50749, 4, 1, 0
50999, 20, 0, 0
50999, 20, 1, 0
51249, 24, 0, 0
51249, 12, 1, 0
51500, 8, 0, 0
51500, 8, 1, 0
51750, 16, 0, 0
51750, 28, 1, 0
52000, 12, 0, 0
52000, 4, 1, 0
52250, 20, 0, 0
52250, 36, 1, 0
52750, 24, 0, 0
52750, 16, 1, 0
52750, 52, 1, 0
53000, 24, 0, 0
53250, 24, 0, 0
53250, 12, 1, 0
53499, 4, 0, 0
53499, 40, 1, 0
53749, 20, 0, 0
53749, 8, 1, 0
53999, 12, 0, 0
53999, 24, 1, 0
54250, 36, 0, 0
54250, 36, 1, 0
54500, 40, 0, 0
54500, 12, 1, 0
54750, 44, 0, 0
54750, 16, 1, 0
55000, 36, 0, 0
55000, 16, 1, 0
55250, 16, 0, 0
55250, 8, 1, 0
55500, 8, 0, 0
55500, 12, 1, 0
55750, 8, 0, 0
55750, 4, 1, 0
56000, 28, 0, 0
56000, 32, 1, 0
56250, 24, 0, 0
56250, 24, 1, 0
56499, 8, 0, 0
56499, 4, 1, 0
56749, 20, 0, 0
56749, 32, 1, 0
56999, 12, 0, 0
56999, 24, 1, 0
57250, 16, 0, 0
57250, 20, 1, 0
57500, 4, 0, 0
57500, 8, 1, 0
57750, 32, 0, 0
57750, 56, 1, 0
58000, 20, 0, 0
58000, 28, 1, 0
58250, 32, 0, 0
58250, 64, 1, 0
58500, 28, 0, 0
58500, 16, 1, 0
58750, 20, 0, 0
59000, 24, 0, 0
59000, 24, 1, 0
59249, 8, 0, 0
59499, 8, 0, 0
59499, 16, 1, 0
59749, 52, 0, 0
59749, 12, 1, 0
59999, 36, 0, 0
59999, 12, 1, 0
60250, 4, 0, 0
60250, 32, 1, 0
750, 20, 1, 0
1000, 20, 0, 0
1250, 4, 0, 0
1250, 12, 1, 0
1500, 8, 1, 0
2000, 4, 0, 0
2250, 8, 1, 0
2500, 12, 0, 0
2750, 4, 0, 0
2750, 8, 1, 0
3000, 12, 0, 0
3000, 8, 1, 0
3250, 4, 0, 0
3500, 8, 0, 0
3750, 12, 0, 0
4000, 4, 0, 0
4250, 12, 0, 0
4250, 4, 1, 0
4500, 4, 1, 0
4750, 4, 1, 0
5000, 16, 1, 0
6000, 4, 0, 0
6000, 4, 1, 0
6750, 4, 0, 0
6750, 4, 1, 0
7000, 12, 0, 0
7000, 12, 1, 0
7250, 4, 0, 0
7501, 15, 0, 0
7750, 16, 0, 0
8000, 4, 0, 0
8750, 4, 1, 0
9000, 4, 0, 0
9000, 4, 1, 0
9250, 4, 0, 0
9250, 8, 1, 0
9500, 4, 1, 0
10000, 8, 1, 0
10251, 4, 0, 0
10251, 4, 1, 0
10500, 4, 0, 0
10750, 16, 0, 0
10750, 4, 1, 0
11000, 24, 0, 0
11000, 28, 1, 0
11250, 8, 0, 0
11500, 12, 0, 0
11500, 32, 1, 0
11750, 4, 0, 0
11750, 28, 1, 0
12000, 16, 1, 0
12250, 12, 0, 0
12500, 28, 0, 0
12500, 8, 1, 0
12750, 16, 0, 0
12750, 4, 1, 0
13000, 4, 0, 0
13000, 36, 1, 0
13251, 31, 0, 0
13251, 16, 1, 0
13500, 20, 0, 0
13500, 27, 1, 0
13750, 12, 1, 0
14000, 8, 0, 0
14250, 8, 0, 0
14250, 20, 1, 0
14500, 20, 0, 0
14750, 24, 1, 0
15000, 24, 1, 0
15250, 8, 0, 0
15500, 4, 0, 0
15500, 8, 1, 0
15750, 12, 0, 0
15750, 8, 1, 0
16000, 12, 0, 0
16000, 12, 1, 0
16250, 4, 0, 0
16250, 4, 1, 0
16500, 16, 0, 0
16500, 4, 1, 0
16750, 52, 0, 0
16750, 28, 1, 0
17000, 8, 0, 0
17000, 16, 1, 0
17250, 20, 1, 0
17500, 12, 0, 0
17750, 28, 0, 0
17750, 16, 1, 0
18000, 44, 0, 0
18000, 28, 1, 0
18250, 8, 0, 0
18250, 12, 1, 0
18500, 12, 0, 0
18500, 12, 1, 0
18750, 28, 0, 0
18750, 48, 1, 0
19000, 4, 0, 0
19000, 12, 1, 0
19250, 6, 1, 0
19500, 28, 0, 0
19750, 8, 0, 0
19750, 36, 1, 0
20000, 24, 0, 0
20000, 16, 1, 0
20250, 24, 0, 0
20250, 4, 1, 0
20500, 32, 0, 0
20500, 12, 1, 0
20750, 4, 0, 0
21000, 12, 0, 0
21000, 24, 1, 0
21250, 6, 1, 0
21751, 3, 0, 0
21751, 63, 1, 0
22000, 28, 0, 0
22250, 44, 0, 0
22250, 20, 1, 0
22500, 60, 0, 0
22500, 40, 1, 0
22750, 48, 0, 0
22750, 36, 1, 0
23250, 16, 0, 0
23250, 20, 1, 0
23250, 52, 1, 0
23500, 48, 0, 0
23750, 24, 0, 0
23750, 32, 1, 0
24000, 20, 1, 0
24250, 16, 0, 0
24500, 34, 1, 0
24750, 32, 0, 0
25000, 20, 0, 0
25000, 48, 1, 0
25250, 24, 0, 0
25250, 4, 1, 0
25500, 36, 0, 0
25500, 16, 1, 0
25750, 24, 0, 0
25750, 36, 1, 0
26000, 60, 0, 0
26000, 28, 1, 0
26250, 24, 0, 0
26250, 12, 1, 0
26500, 40, 0, 0
26500, 28, 1, 0
26743, 49, 0, 0
26743, 24, 1, 0
26998, 12, 0, 0
26998, 24, 1, 0
27250, 4, 0, 0
27501, 11, 0, 0
27501, 20, 1, 0
27750, 4, 0, 0
27750, 31, 1, 0
28000, 16, 0, 0
28000, 20, 1, 0
28250, 24, 0, 0
28250, 24, 1, 0
28500, 40, 0, 0
28500, 16, 1, 0
28750, 12, 0, 0
28750, 12, 1, 0
29000, 24, 0, 0
29000, 16, 1, 0
29250, 8, 0, 0
29250, 16, 1, 0
29500, 36, 0, 0
29750, 8, 0, 0
29750, 24, 1, 0
30000, 16, 0, 0
30000, 48, 1, 0
30250, 32, 0, 0
30250, 8, 1, 0
30500, 16, 0, 0
30500, 32, 1, 0
30750, 8, 0, 0
30750, 12, 1, 0
31000, 8, 1, 0
31250, 24, 0, 0
31500, 20, 0, 0
31500, 20, 1, 0
31750, 12, 1, 0
32000, 24, 0, 0
32250, 36, 0, 0
32250, 44, 1, 0
32500, 28, 0, 0
32500, 24, 1, 0
32750, 8, 0, 0
32750, 40, 1, 0
33000, 12, 1, 0
33251, 19, 1, 0
33500, 20, 1, 0
33750, 32, 0, 0
34000, 40, 0, 0
34000, 12, 1, 0
34250, 12, 0, 0
34250, 8, 1, 0
34500, 24, 0, 0
34500, 32, 1, 0
34750, 4, 0, 0
34750, 28, 1, 0
35250, 4, 0, 0
35250, 4, 1, 0
35250, 28, 1, 0
35500, 16, 0, 0
35750, 12, 0, 0
35750, 24, 1, 0
35999, 8, 0, 0
35999, 20, 1, 0
36251, 19, 0, 0
36251, 20, 1, 0
36500, 12, 0, 0
36500, 19, 1, 0
36750, 8, 0, 0
36750, 8, 1, 0
37000, 24, 0, 0
37000, 16, 1, 0
37250, 8, 0, 0
37250, 12, 1, 0
37500, 28, 0, 0
37500, 24, 1, 0
37750, 12, 0, 0
37750, 28, 1, 0
38000, 12, 0, 0
38000, 28, 1, 0
38250, 16, 0, 0
38250, 32, 1, 0
38500, 40, 0, 0
38500, 12, 1, 0
38750, 8, 0, 0
38750, 40, 1, 0
39001, 39, 0, 0
39001, 4, 1, 0
39250, 24, 0, 0
39250, 23, 1, 0
39500, 20, 0, 0
39500, 44, 1, 0
39750, 4, 0, 0
39750, 28, 1, 0
40000, 28, 0, 0
40000, 12, 1, 0
40250, 28, 0, 0
40250, 20, 1, 0
40500, 24, 0, 0
40500, 56, 1, 0
40750, 20, 0, 0
40750, 40, 1, 0
41000, 28, 1, 0
41250, 36, 0, 0
41500, 12, 0, 0
41500, 28, 1, 0
41750, 20, 1, 0
42000, 32, 0, 0
42250, 24, 0, 0
42250, 28, 1, 0
42500, 24, 0, 0
42500, 4, 1, 0
42750, 4, 0, 0
42750, 4, 1, 0
43000, 48, 0, 0
43000, 24, 1, 0
43250, 36, 0, 0
43250, 24, 1, 0
43500, 28, 0, 0
43500, 24, 1, 0
43750, 24, 0, 0
43750, 8, 1, 0
44000, 4, 0, 0
44000, 4, 1, 0
44250, 16, 0, 0
44250, 36, 1, 0
44500, 4, 0, 0
44500, 16, 1, 0
44751, 19, 0, 0
44751, 12, 1, 0
45000, 32, 0, 0
45000, 3, 1, 0
45250, 48, 0, 0
45250, 40, 1, 0
45500, 8, 0, 0
45500, 8, 1, 0
45750, 18, 1, 0
46000, 16, 1, 0
46250, 28, 0, 0
46500, 8, 0, 0
46500, 24, 1, 0
46750, 12, 0, 0
46750, 8, 1, 0
47000, 20, 0, 0
47000, 24, 1, 0
47250, 20, 0, 0
47250, 24, 1, 0
47500, 4, 0, 0
47500, 32, 1, 0
47750, 16, 0, 0
47750, 8, 1, 0
48000, 52, 0, 0
48000, 16, 1, 0
48250, 4, 0, 0
48250, 8, 1, 0
48500, 28, 0, 0
48500, 16, 1, 0
48750, 16, 1, 0
49000, 8, 0, 0
49250, 12, 0, 0
49250, 8, 1, 0
49500, 12, 0, 0
49500, 24, 1, 0
49750, 20, 0, 0
49750, 4, 1, 0
50000, 44, 0, 0
50000, 20, 1, 0
50250, 20, 0, 0
50250, 12, 1, 0
50500, 28, 1, 0
50750, 24, 0, 0
51000, 16, 0, 0
51000, 8, 1, 0
51250, 16, 0, 0
51250, 8, 1, 0
51500, 12, 0, 0
51500, 8, 1, 0
51750, 40, 0, 0
51750, 16, 1, 0
52000, 20, 0, 0
52250, 32, 0, 0
52250, 44, 1, 0
52500, 12, 0, 0
52500, 16, 1, 0
52750, 20, 0, 0
52750, 12, 1, 0
53000, 20, 0, 0
53000, 68, 1, 0
53250, 44, 0, 0
53500, 48, 0, 0
53500, 24, 1, 0
53750, 36, 0, 0
53750, 32, 1, 0
54000, 48, 0, 0
54000, 36, 1, 0
54250, 24, 0, 0
54250, 40, 1, 0
54500, 4, 0, 0
54500, 12, 1, 0
54750, 4, 0, 0
54750, 12, 1, 0
55000, 14, 1, 0
55250, 36, 0, 0
55500, 32, 0, 0
55500, 8, 1, 0
55750, 12, 0, 0
55750, 28, 1, 0
56000, 12, 0, 0
56000, 24, 1, 0
56251, 23, 0, 0
56251, 12, 1, 0
56500, 4, 0, 0
56500, 11, 1, 0
56750, 16, 0, 0
56750, 32, 1, 0
57000, 36, 0, 0
57000, 28, 1, 0
57250, 12, 0, 0
57250, 24, 1, 0
57500, 16, 1, 0
57750, 16, 1, 0
58000, 8, 1, 0
58250, 8, 1, 0
58750, 8, 0, 0
59001, 7, 0, 0
59001, 15, 1, 0
59500, 8, 0, 0
59500, 12, 1, 0
59750, 8, 0, 0
60000, 4, 0, 0
60250, 20, 1, 0
3747, 4, 0, 0
3997, 12, 0, 0
4247, 24, 0, 0
4497, 4, 0, 0
4746, 8, 0, 0
5496, 4, 0, 0
5996, 12, 1, 0
6246, 12, 0, 0
6246, 20, 1, 0
6496, 20, 1, 0
6747, 12, 0, 0
6747, 4, 1, 0
6997, 4, 0, 0
6997, 4, 1, 0
7247, 4, 1, 0
7497, 4, 0, 0
7497, 8, 1, 0
7746, 12, 0, 0
7996, 4, 0, 0
8496, 4, 1, 0
8746, 8, 0, 0
8996, 4, 0, 0
9246, 16, 0, 0
9497, 8, 1, 0
9747, 12, 0, 0
9747, 4, 1, 0
9997, 4, 0, 0
9997, 12, 1, 0
10247, 4, 0, 0
10496, 20, 1, 0
10746, 36, 0, 0
10746, 12, 1, 0
10996, 8, 0, 0
10996, 8, 1, 0
11246, 4, 0, 0
11246, 28, 1, 0
11496, 12, 0, 0
11496, 8, 1, 0
11746, 12, 0, 0
11746, 20, 1, 0
11996, 4, 0, 0
12246, 4, 1, 0
12497, 8, 1, 0
12747, 32, 0, 0
12747, 4, 1, 0
12997, 24, 0, 0
12997, 8, 1, 0
13247, 16, 0, 0
13247, 28, 1, 0
13496, 4, 0, 0
13496, 24, 1, 0
13746, 12, 1, 0
13996, 16, 0, 0
13996, 12, 1, 0
14246, 4, 1, 0
14496, 4, 0, 0
14496, 32, 1, 0
14746, 12, 0, 0
14746, 40, 1, 0
14996, 32, 0, 0
15247, 12, 0, 0
15247, 16, 1, 0
15497, 28, 0, 0
15497, 16, 1, 0
15747, 28, 0, 0
15747, 24, 1, 0
15997, 8, 0, 0
15997, 20, 1, 0
16246, 8, 0, 0
16246, 8, 1, 0
16496, 16, 0, 0
16496, 20, 1, 0
16746, 12, 0, 0
16746, 40, 1, 0
16996, 18, 1, 0
17246, 20, 0, 0
17496, 12, 0, 0
17496, 28, 1, 0
17746, 44, 0, 0
17746, 44, 1, 0
17996, 28, 0, 0
17996, 20, 1, 0
18247, 20, 0, 0
18247, 8, 1, 0
18497, 44, 0, 0
18497, 24, 1, 0
18747, 32, 0, 0
18747, 24, 1, 0
18996, 8, 0, 0
18996, 12, 1, 0
19246, 6, 1, 0
19496, 4, 0, 0
19746, 12, 0, 0
19746, 4, 1, 0
19996, 6, 1, 0
20246, 24, 0, 0
20496, 20, 0, 0
20496, 12, 1, 0
20746, 12, 0, 0
20746, 28, 1, 0
20997, 8, 0, 0
20997, 8, 1, 0
21247, 4, 0, 0
21747, 16, 0, 0
21747, 20, 1, 0
21996, 16, 0, 0
22246, 8, 0, 0
22246, 20, 1, 0
22496, 12, 0, 0
22746, 8, 0, 0
22746, 20, 1, 0
22996, 4, 0, 0
22996, 4, 1, 0
23246, 12, 0, 0
23246, 4, 1, 0
23496, 8, 0, 0
23496, 20, 1, 0
23747, 20, 0, 0
23747, 12, 1, 0
23997, 4, 0, 0
23997, 20, 1, 0
24247, 20, 0, 0
24497, 32, 0, 0
24497, 36, 1, 0
24746, 24, 1, 0
24996, 4, 0, 0
25246, 40, 0, 0
25246, 16, 1, 0
25496, 20, 0, 0
25496, 8, 1, 0
25746, 24, 0, 0
25746, 32, 1, 0
25996, 12, 0, 0
26246, 14, 1, 0
26496, 20, 0, 0
26747, 16, 1, 0
26995, 4, 0, 0
27247, 12, 0, 0
27247, 28, 1, 0
27497, 14, 1, 0
27746, 20, 0, 0
27996, 28, 0, 0
27996, 16, 1, 0
28246, 52, 0, 0
28246, 20, 1, 0
28496, 12, 0, 0
28746, 12, 0, 0
28746, 8, 1, 0
28996, 4, 0, 0
28996, 8, 1, 0
29246, 24, 0, 0
29246, 24, 1, 0
29497, 40, 0, 0
29497, 4, 1, 0
29747, 12, 0, 0
29747, 4, 1, 0
29997, 4, 0, 0
29997, 16, 1, 0
30247, 12, 0, 0
30247, 8, 1, 0
30496, 24, 0, 0
30496, 8, 1, 0
30746, 8, 1, 0
30996, 8, 0, 0
31246, 8, 0, 0
31246, 4, 1, 0
31496, 8, 0, 0
31496, 28, 1, 0
31746, 12, 1, 0
31996, 20, 0, 0
32246, 8, 0, 0
32246, 20, 1, 0
32497, 12, 0, 0
32497, 4, 1, 0
32747, 4, 0, 0
33247, 12, 0, 0
33247, 4, 1, 0
33247, 4, 1, 0
33496, 16, 0, 0
33746, 20, 0, 0
33746, 16, 1, 0
33996, 20, 0, 0
33996, 4, 1, 0
34246, 4, 0, 0
34246, 8, 1, 0
34496, 4, 0, 0
34496, 32, 1, 0
34746, 20, 0, 0
34746, 8, 1, 0
34996, 8, 0, 0
34996, 8, 1, 0
35246, 4, 0, 0
35497, 12, 0, 0
35497, 12, 1, 0
35747, 28, 0, 0
35747, 36, 1, 0
35996, 16, 0, 0
35996, 12, 1, 0
36247, 16, 0, 0
36247, 20, 1, 0
36496, 20, 0, 0
36496, 28, 1, 0
36746, 28, 1, 0
36996, 20, 0, 0
37246, 12, 0, 0
37246, 16, 1, 0
37496, 16, 0, 0
37496, 4, 1, 0
37746, 10, 1, 0
37996, 16, 0, 0
38247, 8, 0, 0
38247, 8, 1, 0
38497, 4, 0, 0
38497, 4, 1, 0
38747, 28, 0, 0
38747, 16, 1, 0
38997, 24, 0, 0
38997, 20, 1, 0
39246, 8, 0, 0
39246, 28, 1, 0
39496, 24, 0, 0
39496, 48, 1, 0
39746, 16, 0, 0
39746, 16, 1, 0
39996, 8, 0, 0
39996, 8, 1, 0
40246, 12, 0, 0
40246, 24, 1, 0
40496, 20, 0, 0
40496, 8, 1, 0
40746, 8, 0, 0
40746, 4, 1, 0
40997, 4, 0, 0
40997, 12, 1, 0
41247, 16, 0, 0
41247, 28, 1, 0
41497, 4, 0, 0
41747, 4, 1, 0
41996, 20, 0, 0
42246, 8, 0, 0
42246, 16, 1, 0
42496, 24, 0, 0
42496, 12, 1, 0
42746, 12, 0, 0
42746, 12, 1, 0
42996, 8, 0, 0
42996, 4, 1, 0
43246, 8, 0, 0
43246, 8, 1, 0
43496, 28, 0, 0
43496, 28, 1, 0
43746, 32, 0, 0
43746, 12, 1, 0
43997, 20, 0, 0
44247, 12, 0, 0
44247, 4, 1, 0
44497, 20, 1, 0
45496, 12, 0, 0
45746, 4, 0, 0
45746, 4, 1, 0
45996, 4, 0, 0
45996, 8, 1, 0
46246, 16, 0, 0
46246, 16, 1, 0
46496, 4, 0, 0
46746, 8, 1, 0
46997, 20, 0, 0
47247, 28, 0, 0
47247, 4, 1, 0
47497, 4, 0, 0
47497, 12, 1, 0
47746, 20, 0, 0
47746, 4, 1, 0
47996, 20, 0, 0
47996, 4, 1, 0
48246, 24, 0, 0
48246, 12, 1, 0
48496, 22, 1, 0
48746, 20, 0, 0
48996, 4, 0, 0
48996, 16, 1, 0
49246, 18, 1, 0
49747, 4, 0, 0
49747, 8, 1, 0
49997, 4, 0, 0
50247, 16, 0, 0
50496, 4, 0, 0
50746, 8, 0, 0
50996, 4, 0, 0
50996, 4, 1, 0
51246, 8, 0, 0
51246, 8, 1, 0
51496, 8, 0, 0
51496, 4, 1, 0
51746, 16, 0, 0
51746, 4, 1, 0
51996, 12, 0, 0
51996, 8, 1, 0
52246, 4, 0, 0
52246, 8, 1, 0
52497, 14, 1, 0
52747, 8, 0, 0
52997, 8, 0, 0
52997, 12, 1, 0
53247, 12, 0, 0
53247, 4, 1, 0
53496, 20, 0, 0
53746, 16, 1, 0
53996, 16, 1, 0
54246, 8, 0, 0
54496, 28, 0, 0
54496, 16, 1, 0
54746, 8, 0, 0
54746, 24, 1, 0
54997, 16, 0, 0
54997, 8, 1, 0
55246, 16, 1, 0
55497, 12, 0, 0
55747, 48, 0, 0
55747, 28, 1, 0
55997, 20, 0, 0
55997, 12, 1, 0
56247, 12, 1, 0
56496, 24, 0, 0
56746, 4, 0, 0
56746, 12, 1, 0
56996, 8, 0, 0
56996, 8, 1, 0
57246, 16, 0, 0
57246, 24, 1, 0
57496, 4, 0, 0
57496, 12, 1, 0
57746, 8, 0, 0
57746, 4, 1, 0
57996, 8, 0, 0
57996, 32, 1, 0
58247, 36, 0, 0
58247, 20, 1, 0
58497, 40, 0, 0
58497, 24, 1, 0
58747, 24, 0, 0
58747, 4, 1, 0
58997, 12, 0, 0
58997, 12, 1, 0
59246, 8, 0, 0
59246, 40, 1, 0
59496, 24, 0, 0
59496, 4, 1, 0
59746, 16, 0, 0
59746, 8, 1, 0
59996, 8, 0, 0
60246, 4, 0, 0
60246, 8, 1, 0
