7051, 3401, 0, 0
7551, 3401, 1, 0
7801, 3401, 0, 0
7801, 3401, 1, 0
8051, 3401, 1, 0
8301, 3401, 1, 0
8801, 3401, 1, 0
9052, 3390, 0, 0
9552, 3390, 1, 0
9802, 6781, 1, 0
10052, 3390, 1, 0
10302, 6781, 1, 0
10802, 13562, 0, 0
10802, 3390, 1, 0
11052, 6781, 0, 0
11052, 3390, 1, 0
11302, 3390, 0, 0
11302, 10172, 1, 0
11552, 3390, 1, 0
11803, 3379, 0, 0
11803, 3379, 1, 0
12053, 3379, 0, 0
12553, 6759, 0, 0
12553, 10138, 1, 0
12803, 3379, 1, 0
13553, 13518, 1, 0
13803, 3379, 0, 0
13803, 3379, 1, 0
14303, 3379, 0, 0
14303, 3379, 1, 0
14554, 3368, 0, 0
14554, 3368, 1, 0
14804, 10105, 0, 0
15054, 10105, 0, 0
15054, 3368, 1, 0
15554, 3368, 0, 0
15554, 3368, 1, 0
15804, 10105, 0, 0
15804, 3368, 1, 0
16304, 3368, 0, 0
16304, 6736, 1, 0
16554, 10105, 0, 0
16804, 3368, 0, 0
16804, 3368, 1, 0
17054, 3368, 1, 0
17555, 3357, 0, 0
17805, 6714, 0, 0
17805, 3357, 1, 0
18055, 3357, 0, 0
18305, 3357, 1, 0
18805, 3357, 0, 0
19055, 3357, 1, 0
19305, 3357, 0, 0
19555, 3357, 1, 0
19805, 3357, 0, 0
20055, 3357, 0, 0
20306, 6692, 0, 0
20556, 3346, 0, 0
20806, 3346, 0, 0
21056, 3346, 1, 0
21306, 10039, 0, 0
21306, 3346, 1, 0
21806, 3346, 0, 0
21806, 3346, 1, 0
22056, 6692, 0, 0
22556, 6692, 0, 0
22556, 3346, 1, 0
22806, 3346, 0, 0
23307, 3335, 0, 0
23307, 3335, 1, 0
23557, 6671, 1, 0
23807, 3335, 0, 0
24057, 3335, 0, 0
24557, 3335, 1, 0
24807, 6671, 1, 0
25057, 3335, 1, 0
25307, 3335, 1, 0
25557, 3335, 0, 0
25557, 3335, 1, 0
25807, 3335, 1, 0
26057, 3335, 0, 0
26308, 3324, 0, 0
26308, 3324, 1, 0
26558, 6649, 1, 0
26808, 3324, 0, 0
27058, 3324, 0, 0
27308, 3324, 0, 0
27558, 3324, 0, 0
28058, 3324, 1, 0
28308, 6649, 0, 0
28308, 3324, 1, 0
28558, 3324, 1, 0
28808, 3324, 0, 0
29059, 3313, 0, 0
29059, 3313, 1, 0
29309, 6627, 0, 0
29309, 3313, 1, 0
29559, 3313, 0, 0
29559, 3313, 1, 0
29809, 6627, 1, 0
30059, 3313, 1, 0
30309, 9941, 0, 0
30309, 9941, 1, 0
30809, 3313, 0, 0
30809, 9941, 1, 0
31309, 3313, 0, 0
31559, 3313, 0, 0
32060, 3303, 0, 0
32060, 3303, 1, 0
32560, 3303, 0, 0
32560, 6606, 1, 0
32810, 3303, 0, 0
33060, 3303, 0, 0
33060, 3303, 1, 0
33310, 3303, 1, 0
33560, 6606, 0, 0
33810, 3303, 1, 0
34060, 3303, 0, 0
34310, 6606, 0, 0
34310, 6606, 1, 0
35061, 6585, 0, 0
35061, 3292, 1, 0
35311, 3292, 0, 0
35811, 3292, 0, 0
36061, 3292, 0, 0
36561, 9877, 0, 0
36561, 3292, 1, 0
36811, 3292, 0, 0
37061, 3292, 0, 0
37311, 6585, 1, 0
37562, 3282, 1, 0
37812, 6564, 0, 0
37812, 3282, 1, 0
38062, 3282, 0, 0
38062, 3282, 1, 0
38312, 3282, 1, 0
38562, 3282, 0, 0
39062, 6564, 0, 0
39062, 6564, 1, 0
39312, 6564, 1, 0
39812, 6564, 0, 0
40062, 3282, 0, 0
40062, 3282, 1, 0
40313, 3282, 0, 0
40563, 3271, 0, 0
41063, 3271, 1, 0
41313, 3271, 1, 0
41563, 3271, 0, 0
41563, 6543, 1, 0
41813, 3271, 0, 0
42063, 3271, 0, 0
42313, 3271, 1, 0
42563, 3271, 0, 0
43063, 3271, 1, 0
43314, 3261, 0, 0
43314, 6522, 1, 0
43814, 13044, 0, 0
44064, 3261, 1, 0
44314, 6522, 1, 0
44564, 6522, 0, 0
44814, 3261, 0, 0
44814, 3261, 1, 0
45314, 3261, 0, 0
45314, 3261, 1, 0
45564, 3261, 0, 0
45814, 3261, 1, 0
46064, 3261, 0, 0
46315, 3250, 1, 0
46815, 3250, 1, 0
47065, 6501, 1, 0
47315, 3250, 0, 0
47565, 6501, 0, 0
47565, 6501, 1, 0
47815, 6501, 1, 0
48315, 3250, 0, 0
48315, 6501, 1, 0
48815, 6501, 0, 0
48815, 3250, 1, 0
49066, 3240, 0, 0
49316, 3240, 0, 0
49566, 3240, 0, 0
49566, 3240, 1, 0
49816, 6481, 0, 0
50316, 3240, 0, 0
50316, 3240, 1, 0
50566, 3240, 0, 0
50816, 3240, 1, 0
51066, 3240, 0, 0
51066, 3240, 1, 0
51316, 3240, 0, 0
51316, 12962, 1, 0
51817, 3230, 0, 0
52067, 6460, 1, 0
52317, 3230, 0, 0
52567, 6460, 0, 0
52817, 3230, 0, 0
53067, 3230, 1, 0
53317, 3230, 1, 0
53567, 3230, 0, 0
54067, 3230, 0, 0
54317, 9690, 0, 0
54317, 3230, 1, 0
54818, 6440, 1, 0
55068, 3220, 0, 0
55818, 6440, 0, 0
55818, 3220, 1, 0
56068, 3220, 0, 0
56568, 3220, 1, 0
56818, 3220, 1, 0
57068, 3220, 0, 0
57318, 3220, 0, 0
57569, 3210, 0, 0
57569, 3210, 1, 0
58069, 12840, 0, 0
58569, 6420, 0, 0
59069, 3210, 0, 0
59069, 3210, 1, 0
59319, 3210, 0, 0
59569, 3210, 1, 0
59819, 6420, 1, 0
6806, 3346, 0, 0
7056, 3346, 0, 0
7556, 3346, 0, 0
7806, 3346, 0, 0
8056, 6692, 0, 0
8307, 3335, 0, 0
8557, 13342, 1, 0
8807, 3335, 0, 0
9307, 6671, 0, 0
9307, 3335, 1, 0
9807, 3335, 1, 0
10057, 3335, 0, 0
10307, 3335, 0, 0
10307, 3335, 1, 0
10807, 3335, 1, 0
11058, 3324, 1, 0
11308, 3324, 1, 0
11558, 3324, 0, 0
11558, 6649, 1, 0
11808, 6649, 0, 0
11808, 9974, 1, 0
12308, 3324, 1, 0
12808, 3324, 1, 0
13058, 3324, 1, 0
13308, 9974, 1, 0
13558, 3324, 0, 0
13558, 3324, 1, 0
13809, 3324, 0, 0
14059, 9941, 0, 0
14309, 3313, 1, 0
14559, 3313, 1, 0
14809, 6627, 0, 0
14809, 6627, 1, 0
15059, 3313, 1, 0
15309, 3313, 0, 0
15559, 9941, 1, 0
16059, 9941, 0, 0
16059, 6627, 1, 0
16309, 3313, 0, 0
16559, 3313, 0, 0
16810, 3303, 0, 0
16810, 3303, 1, 0
17060, 3303, 1, 0
17560, 3303, 0, 0
17560, 3303, 1, 0
17810, 3303, 0, 0
18060, 3303, 0, 0
18560, 3303, 1, 0
18810, 3303, 0, 0
19060, 6606, 0, 0
19060, 3303, 1, 0
19310, 9909, 0, 0
19310, 9909, 1, 0
19561, 6585, 0, 0
19561, 3292, 1, 0
19811, 3292, 1, 0
20061, 6585, 0, 0
20561, 3292, 0, 0
20561, 3292, 1, 0
20811, 3292, 0, 0
21061, 6585, 0, 0
21061, 3292, 1, 0
21561, 3292, 0, 0
21811, 6585, 1, 0
22061, 3292, 1, 0
22311, 3292, 1, 0
22562, 3282, 1, 0
22812, 3282, 0, 0
22812, 16410, 1, 0
23312, 3282, 0, 0
23562, 3282, 1, 0
24062, 16410, 0, 0
24312, 6564, 0, 0
24562, 6564, 0, 0
24562, 9846, 1, 0
24812, 3282, 0, 0
24812, 3282, 1, 0
25062, 3282, 1, 0
25313, 3271, 0, 0
25563, 3271, 0, 0
25563, 3271, 1, 0
25813, 9814, 0, 0
25813, 6543, 1, 0
26063, 3271, 1, 0
26313, 3271, 0, 0
26563, 3271, 0, 0
26813, 9814, 0, 0
27313, 3271, 1, 0
27563, 3271, 1, 0
27813, 3271, 0, 0
27813, 3271, 1, 0
28314, 6522, 0, 0
28564, 3261, 0, 0
28814, 3261, 1, 0
29064, 6522, 0, 0
29314, 3261, 0, 0
29564, 3261, 0, 0
29814, 6522, 0, 0
30314, 6522, 0, 0
30314, 6522, 1, 0
30564, 3261, 1, 0
31064, 6522, 0, 0
31315, 6501, 0, 0
31565, 3250, 0, 0
31815, 6501, 0, 0
31815, 6501, 1, 0
32315, 3250, 0, 0
32315, 3250, 1, 0
32565, 3250, 0, 0
32815, 3250, 1, 0
33065, 3250, 1, 0
33315, 6501, 0, 0
33565, 3250, 0, 0
33565, 3250, 1, 0
33815, 6501, 1, 0
34066, 3240, 0, 0
34066, 3240, 1, 0
34316, 6481, 1, 0
34566, 3240, 1, 0
35066, 3240, 0, 0
35566, 3240, 0, 0
35566, 3240, 1, 0
35816, 3240, 0, 0
36316, 3240, 0, 0
36566, 3240, 0, 0
36817, 3230, 1, 0
37317, 3230, 0, 0
37567, 6460, 0, 0
37567, 6460, 1, 0
38067, 3230, 0, 0
38317, 9690, 0, 0
38317, 9690, 1, 0
38817, 3230, 0, 0
39067, 3230, 0, 0
39067, 3230, 1, 0
39317, 3230, 1, 0
39818, 3220, 0, 0
39818, 3220, 1, 0
40068, 3220, 0, 0
40318, 3220, 0, 0
40568, 3220, 1, 0
41068, 3220, 0, 0
41318, 3220, 0, 0
41568, 6440, 1, 0
41818, 3220, 1, 0
42318, 3220, 0, 0
42568, 6440, 1, 0
42819, 6420, 1, 0
43069, 6420, 1, 0
43569, 3210, 0, 0
44069, 3210, 0, 0
44319, 3210, 0, 0
44319, 3210, 1, 0
44569, 3210, 1, 0
44819, 6420, 0, 0
45319, 6420, 0, 0
45570, 3200, 0, 0
45570, 6400, 1, 0
45820, 3200, 0, 0
46070, 3200, 1, 0
46320, 3200, 0, 0
46320, 3200, 1, 0
47070, 6400, 1, 0
47320, 3200, 1, 0
47570, 3200, 1, 0
47820, 6400, 1, 0
48070, 3200, 0, 0
48571, 3190, 1, 0
48821, 3190, 1, 0
49071, 3190, 1, 0
49571, 3190, 0, 0
49821, 6380, 0, 0
50071, 3190, 0, 0
50071, 3190, 1, 0
50321, 3190, 0, 0
50321, 6380, 1, 0
50821, 6380, 0, 0
50821, 3190, 1, 0
51072, 3180, 0, 0
51822, 3180, 0, 0
51822, 3180, 1, 0
52072, 3180, 0, 0
52072, 3180, 1, 0
52322, 3180, 0, 0
52572, 6360, 0, 0
52572, 6360, 1, 0
53072, 3180, 0, 0
53072, 3180, 1, 0
53322, 6360, 0, 0
53322, 9540, 1, 0
53572, 3180, 0, 0
53572, 3180, 1, 0
53823, 3170, 1, 0
54073, 3170, 1, 0
54323, 3170, 1, 0
54823, 3170, 0, 0
55073, 3170, 0, 0
55823, 3170, 0, 0
56073, 6340, 0, 0
56073, 3170, 1, 0
56323, 3170, 1, 0
56823, 6340, 0, 0
56823, 3170, 1, 0
57074, 3160, 1, 0
57324, 3160, 0, 0
57574, 3160, 0, 0
57824, 3160, 1, 0
58074, 3160, 0, 0
58574, 3160, 1, 0
59074, 9481, 0, 0
59074, 3160, 1, 0
59324, 3160, 0, 0
59574, 3160, 1, 0
60075, 9452, 0, 0
6307, 13342, 0, 0
6307, 3335, 1, 0
6557, 6671, 0, 0
7057, 13342, 1, 0
7307, 3335, 0, 0
7557, 3335, 0, 0
7557, 3335, 1, 0
7807, 6671, 0, 0
8057, 3335, 0, 0
8307, 3335, 0, 0
8807, 3335, 0, 0
8807, 6671, 1, 0
9058, 6649, 0, 0
9058, 3324, 1, 0
9558, 3324, 0, 0
9558, 6649, 1, 0
9808, 3324, 0, 0
9808, 3324, 1, 0
10058, 3324, 0, 0
10558, 6649, 0, 0
10558, 6649, 1, 0
10808, 3324, 0, 0
11058, 3324, 0, 0
11308, 3324, 0, 0
11308, 3324, 1, 0
11558, 3324, 0, 0
11558, 3324, 1, 0
12059, 9941, 0, 0
12059, 6627, 1, 0
12559, 3313, 0, 0
13059, 3313, 0, 0
13309, 3313, 1, 0
13559, 3313, 0, 0
13559, 6627, 1, 0
13809, 3313, 0, 0
13809, 3313, 1, 0
14059, 3313, 0, 0
14309, 6627, 0, 0
14559, 6627, 0, 0
14810, 3303, 1, 0
15060, 3303, 0, 0
15060, 3303, 1, 0
15560, 3303, 1, 0
15810, 3303, 0, 0
16310, 3303, 0, 0
16560, 3303, 0, 0
16560, 3303, 1, 0
16810, 6606, 1, 0
17060, 3303, 0, 0
17310, 3303, 1, 0
17561, 3292, 0, 0
17811, 3292, 0, 0
17811, 3292, 1, 0
18061, 3292, 0, 0
18311, 6585, 0, 0
18561, 3292, 1, 0
18811, 6585, 1, 0
19061, 3292, 0, 0
19311, 3292, 0, 0
19811, 3292, 0, 0
19811, 3292, 1, 0
20061, 3292, 0, 0
20311, 3292, 1, 0
20562, 6564, 0, 0
20812, 3282, 1, 0
21062, 3282, 0, 0
21062, 3282, 1, 0
21312, 3282, 0, 0
21312, 6564, 1, 0
21812, 3282, 1, 0
22062, 3282, 1, 0
22312, 3282, 1, 0
22562, 3282, 0, 0
23062, 3282, 0, 0
23062, 6564, 1, 0
23313, 3271, 0, 0
23563, 9814, 0, 0
23563, 9814, 1, 0
24313, 3271, 1, 0
24563, 3271, 1, 0
24813, 3271, 0, 0
24813, 3271, 1, 0
25063, 3271, 1, 0
25313, 3271, 1, 0
25563, 3271, 0, 0
25563, 3271, 1, 0
25813, 6543, 1, 0
26063, 6543, 0, 0
26314, 3261, 0, 0
26314, 3261, 1, 0
26564, 3261, 1, 0
26814, 6522, 0, 0
26814, 3261, 1, 0
27064, 3261, 0, 0
27314, 3261, 1, 0
27564, 3261, 1, 0
28314, 3261, 1, 0
28564, 3261, 0, 0
28815, 3261, 0, 0
29065, 3250, 1, 0
29315, 6501, 0, 0
29815, 3250, 0, 0
30065, 3250, 0, 0
30315, 6501, 0, 0
30565, 9752, 1, 0
30815, 3250, 0, 0
31315, 3250, 0, 0
31315, 3250, 1, 0
31565, 6501, 0, 0
31565, 6501, 1, 0
31815, 6501, 0, 0
31815, 3250, 1, 0
32066, 3240, 0, 0
32316, 6481, 1, 0
32566, 3240, 0, 0
32816, 3240, 0, 0
33066, 3240, 0, 0
33066, 3240, 1, 0
33566, 3240, 1, 0
33816, 3240, 1, 0
34066, 3240, 1, 0
34316, 6481, 1, 0
34816, 3240, 1, 0
35317, 3230, 0, 0
35567, 9690, 1, 0
35817, 3230, 0, 0
36317, 6460, 0, 0
36317, 3230, 1, 0
36567, 3230, 0, 0
36817, 3230, 1, 0
37067, 9690, 0, 0
37067, 3230, 1, 0
37317, 3230, 0, 0
37567, 3230, 0, 0
38068, 3220, 0, 0
38318, 3220, 0, 0
38568, 3220, 0, 0
38568, 3220, 1, 0
38818, 3220, 0, 0
39318, 9660, 1, 0
39568, 3220, 0, 0
40068, 6440, 1, 0
40318, 3220, 1, 0
40569, 3210, 1, 0
40819, 12840, 0, 0
40819, 6420, 1, 0
41069, 6420, 1, 0
41319, 3210, 0, 0
41569, 6420, 0, 0
41569, 3210, 1, 0
41819, 3210, 1, 0
42069, 6420, 0, 0
42319, 3210, 0, 0
42819, 6420, 1, 0
43069, 3210, 1, 0
43570, 3200, 0, 0
43570, 3200, 1, 0
43820, 3200, 0, 0
44070, 3200, 1, 0
44570, 3200, 0, 0
44570, 3200, 1, 0
44820, 3200, 0, 0
45320, 3200, 1, 0
45570, 3200, 1, 0
45820, 3200, 0, 0
46070, 6400, 1, 0
46821, 3190, 0, 0
46821, 3190, 1, 0
47071, 3190, 0, 0
47321, 3190, 0, 0
47571, 3190, 0, 0
47821, 3190, 0, 0
48071, 6380, 0, 0
48571, 3190, 0, 0
48571, 6380, 1, 0
48821, 3190, 0, 0
49072, 3180, 1, 0
49322, 3180, 0, 0
49322, 6360, 1, 0
49572, 3180, 0, 0
49572, 3180, 1, 0
50072, 3180, 0, 0
50072, 12720, 1, 0
50322, 3180, 1, 0
50822, 3180, 0, 0
51072, 3180, 1, 0
51322, 3180, 1, 0
51823, 3170, 1, 0
52073, 6340, 1, 0
52323, 3170, 0, 0
52323, 3170, 1, 0
52823, 3170, 0, 0
53073, 3170, 1, 0
53323, 3170, 0, 0
53573, 3170, 1, 0
53823, 3170, 0, 0
54073, 3170, 1, 0
54574, 3160, 0, 0
54824, 6320, 0, 0
54824, 9481, 1, 0
55074, 3160, 0, 0
55824, 3160, 0, 0
56074, 3160, 0, 0
56324, 3160, 1, 0
56574, 12641, 0, 0
56574, 3160, 1, 0
56824, 3160, 0, 0
56824, 3160, 1, 0
57074, 3160, 1, 0
57324, 3160, 1, 0
57574, 3160, 1, 0
57825, 15753, 0, 0
58575, 3150, 1, 0
58825, 9452, 1, 0
59075, 6301, 1, 0
59325, 3150, 1, 0
59825, 12603, 0, 0
4799, 10274, 0, 0
4799, 3424, 1, 0
5049, 6849, 1, 0
5549, 6849, 1, 0
5799, 3424, 0, 0
6049, 6849, 0, 0
6300, 6826, 1, 0
6550, 3413, 1, 0
6800, 6826, 0, 0
7050, 3413, 0, 0
7300, 13653, 0, 0
7550, 3413, 0, 0
7800, 13653, 0, 0
8050, 6826, 1, 0
8300, 6826, 1, 0
8550, 3413, 0, 0
8800, 6826, 0, 0
9551, 3401, 0, 0
9801, 3401, 0, 0
10051, 6803, 0, 0
10051, 3401, 1, 0
10301, 3401, 0, 0
10301, 3401, 1, 0
10551, 6803, 0, 0
10551, 3401, 1, 0
10801, 3401, 0, 0
11051, 6803, 1, 0
11301, 3401, 0, 0
11551, 3401, 0, 0
11551, 3401, 1, 0
12052, 3390, 0, 0
12552, 3390, 0, 0
12802, 3390, 0, 0
13302, 6781, 1, 0
13802, 6781, 0, 0
14052, 3390, 0, 0
14302, 6781, 0, 0
14552, 3390, 1, 0
14803, 3379, 0, 0
15303, 3379, 0, 0
15303, 10138, 1, 0
15553, 3379, 1, 0
16053, 3379, 1, 0
16303, 6759, 0, 0
16803, 13518, 0, 0
16803, 3379, 1, 0
17053, 3379, 1, 0
17303, 3379, 1, 0
17553, 3379, 0, 0
17804, 6736, 1, 0
18054, 3368, 0, 0
18304, 3368, 1, 0
18554, 10105, 1, 0
18804, 3368, 0, 0
19054, 3368, 0, 0
19054, 6736, 1, 0
19554, 3368, 1, 0
19804, 3368, 0, 0
20054, 3368, 1, 0
20304, 3368, 1, 0
20805, 6714, 0, 0
20805, 3357, 1, 0
21055, 3357, 0, 0
21055, 6714, 1, 0
21305, 3357, 1, 0
21555, 16786, 0, 0
21555, 3357, 1, 0
22055, 6714, 1, 0
22305, 6714, 0, 0
22305, 6714, 1, 0
22555, 3357, 1, 0
23055, 10072, 0, 0
23055, 6714, 1, 0
23305, 3357, 0, 0
23806, 3346, 0, 0
23806, 3346, 1, 0
24306, 3346, 0, 0
24306, 10039, 1, 0
24556, 3346, 0, 0
24806, 6692, 0, 0
25056, 6692, 0, 0
25306, 6692, 0, 0
25306, 3346, 1, 0
25806, 6692, 0, 0
26056, 3346, 0, 0
26307, 3335, 0, 0
26557, 3335, 1, 0
26807, 3335, 0, 0
27307, 3335, 1, 0
27557, 10006, 0, 0
27557, 3335, 1, 0
28307, 3335, 1, 0
28557, 6671, 0, 0
28807, 6671, 0, 0
29058, 3335, 1, 0
29308, 3324, 0, 0
29308, 3324, 1, 0
29558, 6649, 0, 0
30058, 9974, 0, 0
30058, 3324, 1, 0
30308, 3324, 0, 0
30308, 3324, 1, 0
30558, 3324, 0, 0
31058, 3324, 1, 0
31308, 3324, 0, 0
31558, 3324, 0, 0
32059, 3313, 0, 0
32059, 6627, 1, 0
32309, 3313, 1, 0
32559, 3313, 1, 0
32809, 3313, 1, 0
33059, 3313, 1, 0
33309, 3313, 1, 0
33809, 3313, 0, 0
34059, 6627, 0, 0
34309, 6627, 1, 0
34559, 6627, 0, 0
34559, 3313, 1, 0
35060, 3303, 0, 0
35060, 3303, 1, 0
35310, 6606, 0, 0
35310, 3303, 1, 0
35560, 3303, 1, 0
35810, 3303, 0, 0
36060, 3303, 0, 0
36310, 3303, 0, 0
36810, 6606, 0, 0
37060, 3303, 1, 0
37310, 3303, 0, 0
37310, 3303, 1, 0
37560, 3303, 1, 0
37811, 3292, 0, 0
37811, 3292, 1, 0
38061, 3292, 0, 0
38561, 3292, 0, 0
38561, 3292, 1, 0
38811, 9877, 1, 0
39061, 6585, 1, 0
39311, 3292, 0, 0
39561, 3292, 1, 0
40061, 3292, 0, 0
40311, 3292, 1, 0
40561, 3292, 0, 0
40812, 3282, 0, 0
40812, 3282, 1, 0
41312, 13128, 0, 0
41312, 3282, 1, 0
41562, 3282, 1, 0
41812, 3282, 0, 0
42062, 6564, 1, 0
42312, 3282, 0, 0
42562, 3282, 1, 0
43062, 6564, 0, 0
43312, 3282, 0, 0
43312, 13128, 1, 0
43563, 3271, 0, 0
43563, 3271, 1, 0
43813, 6543, 0, 0
44063, 6543, 0, 0
44313, 3271, 1, 0
44563, 3271, 1, 0
44813, 3271, 1, 0
45063, 6543, 1, 0
45313, 6543, 0, 0
45313, 6543, 1, 0
45563, 3271, 0, 0
45813, 6543, 0, 0
46313, 6543, 0, 0
46313, 6543, 1, 0
46814, 3261, 0, 0
47064, 3261, 1, 0
47314, 3261, 1, 0
47564, 3261, 0, 0
47814, 3261, 1, 0
48064, 3261, 0, 0
48314, 9783, 0, 0
48564, 6522, 0, 0
49064, 3261, 1, 0
49315, 3250, 0, 0
49565, 3250, 0, 0
50065, 3250, 0, 0
50065, 3250, 1, 0
50315, 3250, 1, 0
50815, 6501, 0, 0
50815, 3250, 1, 0
51065, 3250, 0, 0
51565, 6501, 0, 0
51816, 3240, 0, 0
51816, 3240, 1, 0
52066, 3250, 0, 0
52066, 6501, 1, 0
52316, 6481, 0, 0
52566, 3240, 0, 0
52816, 3240, 1, 0
53066, 3240, 1, 0
53316, 3240, 0, 0
53816, 6481, 1, 0
54066, 3240, 0, 0
54316, 3240, 1, 0
55067, 3230, 0, 0
55317, 6460, 0, 0
55317, 3230, 1, 0
55567, 3230, 1, 0
56067, 3230, 1, 0
56317, 3230, 0, 0
56317, 6460, 1, 0
56817, 3230, 1, 0
57067, 3230, 0, 0
57067, 3230, 1, 0
57317, 3230, 0, 0
57567, 3230, 1, 0
57818, 6440, 1, 0
58568, 3220, 0, 0
58568, 6440, 1, 0
58818, 3220, 0, 0
59068, 3220, 0, 0
59068, 3220, 1, 0
59318, 3220, 0, 0
59568, 3220, 1, 0
60068, 3220, 0, 0
8184, 2359, 0, 0
8434, 4718, 0, 0
8684, 2359, 0, 0
8684, 2359, 1, 0
8934, 9437, 1, 0
9184, 2359, 0, 0
9434, 2359, 0, 0
9434, 2359, 1, 0
9684, 2359, 0, 0
9934, 2359, 0, 0
9934, 4718, 1, 0
10184, 2359, 0, 0
10434, 2359, 1, 0
10685, 2354, 1, 0
10935, 2354, 1, 0
11185, 4708, 1, 0
11435, 4708, 1, 0
11685, 4708, 0, 0
11685, 2354, 1, 0
11935, 4708, 0, 0
12185, 2354, 0, 0
12435, 2354, 1, 0
12685, 2354, 0, 0
12935, 2354, 1, 0
13185, 2354, 0, 0
13185, 2354, 1, 0
13686, 2348, 0, 0
13936, 4697, 0, 0
13936, 2348, 1, 0
14186, 4697, 0, 0
14186, 2348, 1, 0
14436, 2348, 0, 0
14436, 2348, 1, 0
14686, 4697, 0, 0
14686, 2348, 1, 0
14936, 4697, 1, 0
15186, 2348, 0, 0
15436, 2348, 0, 0
15686, 4697, 0, 0
15686, 2348, 1, 0
15936, 2348, 0, 0
15936, 4697, 1, 0
16437, 2343, 0, 0
16687, 2343, 1, 0
16937, 2343, 0, 0
17187, 2343, 0, 0
17187, 2343, 1, 0
17437, 2343, 0, 0
17687, 2343, 0, 0
17937, 2343, 1, 0
18187, 2343, 1, 0
18437, 2343, 1, 0
18687, 4686, 1, 0
19188, 2337, 0, 0
19438, 2337, 0, 0
19688, 2337, 0, 0
19938, 2337, 0, 0
20188, 2337, 1, 0
20688, 4675, 0, 0
20688, 2337, 1, 0
20938, 4675, 0, 0
21188, 2337, 0, 0
21188, 2337, 1, 0
21438, 4675, 1, 0
21688, 2337, 0, 0
21939, 2332, 0, 0
22189, 4665, 0, 0
22439, 2332, 0, 0
22689, 2332, 1, 0
22939, 2332, 0, 0
22939, 11662, 1, 0
23189, 2332, 0, 0
23189, 4665, 1, 0
23439, 2332, 0, 0
23439, 2332, 1, 0
23689, 2332, 1, 0
23939, 2332, 1, 0
24189, 9330, 1, 0
24439, 4665, 0, 0
24439, 2332, 1, 0
24689, 4665, 1, 0
24940, 4654, 0, 0
25190, 2327, 0, 0
25440, 4654, 1, 0
25690, 2327, 0, 0
25940, 4654, 1, 0
26190, 2327, 0, 0
26190, 2327, 1, 0
26440, 2327, 0, 0
26690, 2327, 0, 0
26940, 9309, 0, 0
27440, 2327, 0, 0
27690, 2327, 0, 0
27941, 2321, 0, 0
27941, 2321, 1, 0
28191, 4643, 1, 0
28441, 2321, 1, 0
28691, 2321, 0, 0
28941, 4643, 0, 0
29191, 4643, 0, 0
29191, 2321, 1, 0
29441, 4643, 0, 0
29691, 2321, 1, 0
29941, 2321, 1, 0
30191, 4643, 1, 0
30441, 2321, 0, 0
30692, 4633, 1, 0
30942, 2316, 0, 0
31192, 2316, 0, 0
31192, 4633, 1, 0
31442, 2316, 1, 0
31942, 2316, 0, 0
32192, 2316, 0, 0
32442, 2316, 0, 0
32692, 2316, 0, 0
32692, 2316, 1, 0
32942, 4633, 1, 0
33192, 6950, 0, 0
33443, 6934, 1, 0
33693, 2311, 0, 0
33693, 2311, 1, 0
34193, 2311, 0, 0
34443, 2311, 0, 0
34693, 2311, 0, 0
34943, 2311, 0, 0
35193, 2311, 1, 0
35443, 2311, 0, 0
35443, 4623, 1, 0
35693, 2311, 1, 0
35943, 4623, 0, 0
35943, 2311, 1, 0
36193, 2311, 0, 0
36193, 2311, 1, 0
36444, 2306, 0, 0
36694, 2306, 0, 0
36694, 2306, 1, 0
36944, 2306, 1, 0
37194, 2306, 0, 0
37194, 2306, 1, 0
37694, 2306, 0, 0
37694, 2306, 1, 0
37944, 2306, 0, 0
38444, 4612, 0, 0
38945, 2301, 0, 0
39195, 6903, 0, 0
39445, 4602, 0, 0
39695, 2301, 1, 0
39945, 2301, 1, 0
40195, 6903, 1, 0
40445, 2301, 0, 0
40445, 2301, 1, 0
40695, 2301, 0, 0
40945, 4602, 1, 0
41195, 2301, 0, 0
41445, 2301, 0, 0
41445, 2301, 1, 0
41945, 2301, 0, 0
42196, 2295, 0, 0
42196, 2295, 1, 0
42446, 2295, 0, 0
42446, 2295, 1, 0
42696, 4591, 1, 0
43196, 2295, 1, 0
43446, 2295, 0, 0
43696, 4591, 1, 0
44196, 2295, 0, 0
44446, 2295, 1, 0
44946, 2295, 1, 0
45197, 2290, 0, 0
45447, 4581, 0, 0
45447, 2290, 1, 0
45947, 2290, 1, 0
46197, 2290, 1, 0
46447, 4581, 0, 0
46697, 4581, 0, 0
46947, 2290, 0, 0
46947, 2290, 1, 0
47197, 9163, 1, 0
47697, 2290, 0, 0
47697, 2290, 1, 0
47948, 2285, 1, 0
48198, 2285, 0, 0
48198, 2285, 1, 0
48448, 2285, 0, 0
48698, 2285, 0, 0
49198, 2285, 1, 0
49448, 2285, 0, 0
49698, 4571, 0, 0
49698, 2285, 1, 0
49948, 2285, 1, 0
50198, 4571, 1, 0
50448, 6857, 0, 0
50448, 2285, 1, 0
50699, 4561, 1, 0
50949, 2280, 0, 0
50949, 4561, 1, 0
51199, 2280, 0, 0
51449, 2280, 0, 0
51449, 2280, 1, 0
51699, 4561, 0, 0
51949, 4561, 0, 0
51949, 2280, 1, 0
52449, 2280, 0, 0
52699, 4561, 1, 0
53199, 2280, 0, 0
53199, 6841, 1, 0
53449, 2280, 1, 0
53700, 9102, 0, 0
53950, 2275, 1, 0
54450, 6826, 0, 0
54950, 4551, 0, 0
55200, 2275, 0, 0
55450, 2275, 1, 0
55700, 4551, 0, 0
55950, 2275, 0, 0
55950, 2275, 1, 0
56200, 2275, 0, 0
56951, 4541, 1, 0
57201, 2270, 1, 0
57451, 2270, 1, 0
57701, 2270, 0, 0
57951, 2270, 0, 0
58201, 2270, 1, 0
58451, 2270, 1, 0
58701, 2270, 0, 0
58701, 2270, 1, 0
58951, 2270, 0, 0
59201, 2270, 0, 0
59452, 4530, 0, 0
59452, 2265, 1, 0
59702, 2265, 0, 0
59952, 2265, 0, 0
8681, 2375, 0, 0
8931, 2375, 0, 0
9181, 2375, 0, 0
9181, 2375, 1, 0
9431, 4751, 1, 0
9681, 4751, 0, 0
9681, 2375, 1, 0
9931, 2375, 1, 0
10181, 4751, 1, 0
10431, 2375, 0, 0
10431, 2375, 1, 0
10681, 2375, 1, 0
11181, 2375, 0, 0
11431, 2375, 0, 0
11431, 2375, 1, 0
11932, 4740, 1, 0
12182, 2370, 0, 0
12682, 4740, 0, 0
12932, 2370, 0, 0
13182, 2370, 0, 0
13182, 2370, 1, 0
13682, 4740, 1, 0
14182, 2370, 0, 0
14433, 4729, 1, 0
14933, 2364, 1, 0
15183, 2364, 0, 0
15183, 4729, 1, 0
15433, 2364, 0, 0
15433, 2364, 1, 0
15683, 4729, 0, 0
15683, 2364, 1, 0
16183, 2364, 0, 0
16183, 4729, 1, 0
16433, 2364, 1, 0
16683, 2364, 0, 0
16683, 2364, 1, 0
17183, 2364, 1, 0
17434, 4718, 0, 0
17434, 4718, 1, 0
17684, 2359, 1, 0
17934, 4718, 0, 0
17934, 2359, 1, 0
18434, 4718, 1, 0
18684, 2359, 1, 0
18934, 7078, 1, 0
19184, 4718, 0, 0
19184, 4718, 1, 0
19434, 2359, 0, 0
19434, 2359, 1, 0
19685, 2354, 0, 0
19934, 2359, 1, 0
20185, 2354, 0, 0
20435, 2354, 0, 0
20685, 2354, 0, 0
20685, 2354, 1, 0
20935, 2354, 0, 0
20935, 2354, 1, 0
21185, 2354, 1, 0
21685, 4708, 0, 0
21685, 4708, 1, 0
21935, 4708, 0, 0
22185, 2354, 0, 0
22185, 2354, 1, 0
22686, 2348, 0, 0
22936, 2348, 1, 0
23186, 2348, 1, 0
23436, 2348, 1, 0
23686, 2348, 0, 0
23686, 2348, 1, 0
23936, 4697, 0, 0
24186, 2348, 1, 0
24436, 2348, 0, 0
24686, 4697, 0, 0
24936, 2348, 0, 0
24936, 2348, 1, 0
25186, 2348, 1, 0
25686, 2348, 0, 0
25937, 2343, 1, 0
26187, 2343, 1, 0
26437, 2343, 1, 0
26687, 2343, 0, 0
26687, 2343, 1, 0
26937, 2343, 0, 0
26937, 2343, 1, 0
27437, 2343, 1, 0
27687, 2343, 0, 0
27937, 2343, 1, 0
28187, 4686, 0, 0
28187, 2343, 1, 0
28437, 2343, 0, 0
28437, 2343, 1, 0
28688, 4675, 1, 0
28938, 4675, 1, 0
29438, 2337, 1, 0
29688, 2337, 0, 0
29938, 2337, 0, 0
29938, 4675, 1, 0
30188, 4675, 1, 0
30438, 2337, 0, 0
30438, 2337, 1, 0
30688, 4675, 1, 0
30938, 7013, 1, 0
31188, 2337, 1, 0
31689, 2332, 0, 0
31689, 2332, 1, 0
31939, 4665, 0, 0
31939, 2332, 1, 0
32439, 2332, 0, 0
32439, 2332, 1, 0
32689, 2332, 1, 0
33189, 2332, 0, 0
33689, 2332, 0, 0
33939, 4665, 0, 0
33939, 2332, 1, 0
34189, 2332, 0, 0
34440, 2327, 1, 0
34690, 4654, 1, 0
34940, 4654, 0, 0
34940, 4654, 1, 0
35190, 2327, 1, 0
35440, 2327, 1, 0
35690, 2327, 0, 0
35690, 4654, 1, 0
35940, 2327, 0, 0
36190, 2327, 1, 0
36440, 2327, 0, 0
36690, 2327, 0, 0
36940, 2327, 0, 0
36940, 4654, 1, 0
37190, 2327, 0, 0
37190, 2327, 1, 0
37441, 2321, 0, 0
37691, 2321, 0, 0
37691, 2321, 1, 0
37941, 2321, 1, 0
38441, 2321, 1, 0
38941, 2321, 1, 0
39191, 2321, 0, 0
39441, 2321, 0, 0
39691, 4643, 0, 0
39691, 2321, 1, 0
39941, 4643, 0, 0
40192, 2316, 1, 0
40442, 2316, 0, 0
40692, 4633, 0, 0
40692, 2316, 1, 0
40942, 4633, 1, 0
41192, 4633, 0, 0
41192, 2316, 1, 0
41692, 2316, 1, 0
41942, 2316, 1, 0
42192, 2316, 1, 0
42442, 4633, 0, 0
42442, 2316, 1, 0
42692, 2316, 1, 0
43443, 4623, 0, 0
43693, 2311, 0, 0
43693, 6934, 1, 0
44193, 2311, 0, 0
44193, 2311, 1, 0
44443, 4623, 0, 0
44443, 6934, 1, 0
44943, 6934, 0, 0
44943, 2311, 1, 0
45443, 6934, 0, 0
45443, 2311, 1, 0
45693, 2311, 0, 0
45693, 4623, 1, 0
45944, 2306, 1, 0
46194, 4612, 1, 0
46444, 2306, 1, 0
46694, 4612, 0, 0
46694, 2306, 1, 0
47194, 2306, 1, 0
47694, 2306, 0, 0
47694, 2306, 1, 0
47944, 4612, 0, 0
48194, 2306, 0, 0
48444, 2306, 1, 0
48694, 2306, 0, 0
48694, 2306, 1, 0
49445, 4602, 0, 0
49695, 2301, 0, 0
49945, 2301, 0, 0
49945, 2301, 1, 0
50445, 2301, 0, 0
50695, 2301, 0, 0
50945, 2301, 0, 0
51195, 2301, 1, 0
51445, 4602, 0, 0
51696, 2295, 0, 0
51946, 2295, 1, 0
52196, 2295, 0, 0
52696, 4591, 0, 0
52946, 2295, 1, 0
53446, 2295, 0, 0
53446, 2295, 1, 0
53696, 2295, 1, 0
53946, 4591, 0, 0
54196, 4591, 1, 0
54697, 2290, 0, 0
54697, 2290, 1, 0
54947, 2290, 1, 0
55197, 2290, 1, 0
55447, 4581, 1, 0
55947, 2290, 0, 0
55947, 2290, 1, 0
56197, 2290, 0, 0
56447, 2290, 0, 0
56447, 6872, 1, 0
57197, 2290, 1, 0
57447, 4581, 0, 0
57447, 4581, 1, 0
57698, 2285, 1, 0
57948, 2285, 1, 0
58198, 2285, 1, 0
58448, 2285, 0, 0
58448, 2285, 1, 0
58698, 2285, 1, 0
59198, 2285, 1, 0
59448, 2285, 0, 0
59698, 2285, 1, 0
59948, 2285, 0, 0
59948, 2285, 1, 0
8682, 2370, 0, 0
8682, 2370, 1, 0
8932, 2370, 1, 0
9182, 4740, 1, 0
9432, 2370, 1, 0
9682, 4740, 1, 0
9932, 2370, 1, 0
10182, 2370, 1, 0
10432, 2370, 1, 0
10682, 2370, 0, 0
11182, 2370, 0, 0
11433, 4729, 0, 0
11683, 2364, 1, 0
11933, 2364, 1, 0
12183, 4729, 1, 0
12433, 4729, 1, 0
12933, 4729, 0, 0
13183, 2364, 0, 0
13433, 4729, 1, 0
13683, 2364, 0, 0
13933, 4729, 1, 0
14434, 2359, 0, 0
14684, 2359, 0, 0
14934, 4718, 0, 0
14934, 2359, 1, 0
15184, 2359, 1, 0
15434, 2359, 0, 0
15434, 2359, 1, 0
15684, 2359, 0, 0
15934, 4718, 1, 0
16434, 2359, 0, 0
16434, 4718, 1, 0
16684, 4718, 1, 0
16934, 2359, 0, 0
17184, 2359, 1, 0
17685, 2354, 0, 0
17685, 2354, 1, 0
17935, 2354, 0, 0
17935, 2354, 1, 0
18435, 2354, 0, 0
18435, 2354, 1, 0
18685, 2354, 0, 0
18935, 4708, 1, 0
19185, 2354, 0, 0
19435, 4708, 1, 0
19686, 2348, 0, 0
19686, 7045, 1, 0
19936, 4708, 0, 0
20186, 2348, 0, 0
20186, 2348, 1, 0
20686, 2348, 1, 0
20936, 4697, 0, 0
20936, 2348, 1, 0
21686, 2348, 0, 0
21686, 4697, 1, 0
21936, 2348, 1, 0
22186, 2348, 0, 0
22436, 4697, 0, 0
22436, 7045, 1, 0
22687, 2343, 0, 0
23187, 2343, 0, 0
23187, 2343, 1, 0
23437, 2343, 1, 0
23687, 2343, 0, 0
23687, 2343, 1, 0
23937, 2343, 0, 0
24437, 2343, 1, 0
24687, 2343, 0, 0
24937, 4686, 0, 0
24937, 2343, 1, 0
25187, 2343, 0, 0
25437, 4686, 0, 0
25437, 2343, 1, 0
25687, 4686, 1, 0
25938, 2337, 1, 0
26188, 2337, 0, 0
26188, 2337, 1, 0
26438, 2337, 0, 0
26438, 2337, 1, 0
26938, 2337, 1, 0
27438, 2337, 1, 0
27688, 2337, 0, 0
27688, 2337, 1, 0
27938, 2337, 0, 0
28188, 7013, 0, 0
28438, 2337, 0, 0
28438, 4675, 1, 0
28689, 4665, 1, 0
28939, 4665, 1, 0
29439, 4665, 1, 0
29689, 2332, 1, 0
30189, 4665, 0, 0
30439, 2332, 0, 0
30439, 2332, 1, 0
30689, 4665, 0, 0
30689, 2332, 1, 0
30939, 2332, 0, 0
30939, 2332, 1, 0
31189, 2332, 1, 0
31439, 2332, 0, 0
31690, 2327, 1, 0
31940, 2327, 1, 0
32190, 2327, 1, 0
32690, 2327, 0, 0
32690, 2327, 1, 0
32940, 2327, 0, 0
33440, 4654, 1, 0
33940, 2327, 0, 0
34441, 2321, 0, 0
34691, 2321, 0, 0
34691, 2321, 1, 0
34941, 2321, 0, 0
35191, 2321, 1, 0
35441, 2321, 0, 0
35441, 6965, 1, 0
35691, 2321, 0, 0
35941, 2321, 1, 0
36191, 4643, 1, 0
36441, 4643, 0, 0
36441, 2321, 1, 0
36691, 2321, 0, 0
36941, 4643, 1, 0
37192, 2316, 0, 0
37442, 2316, 0, 0
37442, 6950, 1, 0
37692, 4633, 1, 0
37942, 2316, 0, 0
37942, 4633, 1, 0
38192, 2316, 0, 0
38192, 2316, 1, 0
38442, 2316, 1, 0
38692, 2316, 0, 0
38692, 4633, 1, 0
38942, 4633, 1, 0
39192, 4633, 0, 0
39442, 2316, 0, 0
39692, 2316, 1, 0
39942, 2316, 1, 0
40443, 2311, 0, 0
40443, 2311, 1, 0
40693, 2311, 1, 0
40943, 2311, 0, 0
41193, 2311, 0, 0
41193, 2311, 1, 0
41443, 4623, 0, 0
41443, 6934, 1, 0
41693, 2311, 0, 0
42193, 2311, 0, 0
42193, 2311, 1, 0
42443, 4623, 0, 0
42693, 2311, 0, 0
42944, 2306, 0, 0
43694, 2306, 0, 0
43944, 2306, 0, 0
44194, 2306, 0, 0
44694, 2306, 1, 0
44944, 2306, 0, 0
45194, 6918, 0, 0
45194, 2306, 1, 0
45694, 4612, 1, 0
45945, 4602, 1, 0
46195, 2301, 1, 0
46445, 2301, 0, 0
46695, 4602, 1, 0
46945, 2301, 0, 0
47195, 2301, 1, 0
47695, 2301, 0, 0
47945, 4602, 0, 0
48195, 2301, 0, 0
48445, 2301, 0, 0
48696, 2295, 1, 0
49196, 2295, 0, 0
49196, 4591, 1, 0
49446, 2295, 0, 0
49446, 4591, 1, 0
49696, 2295, 1, 0
49946, 2295, 1, 0
50446, 2295, 1, 0
50696, 2295, 1, 0
51196, 2295, 1, 0
51446, 6887, 0, 0
51697, 2290, 0, 0
51697, 2290, 1, 0
52197, 4581, 0, 0
52197, 2290, 1, 0
52447, 4581, 1, 0
52947, 2290, 0, 0
52947, 2290, 1, 0
53447, 4581, 1, 0
53947, 2290, 1, 0
54197, 2290, 1, 0
54698, 2285, 0, 0
54948, 2285, 0, 0
55198, 2285, 0, 0
55198, 6857, 1, 0
55448, 4571, 0, 0
55948, 4571, 0, 0
56198, 4571, 1, 0
56448, 9142, 1, 0
56698, 2285, 1, 0
56948, 2285, 0, 0
57199, 2280, 0, 0
57199, 2280, 1, 0
57449, 2280, 1, 0
57699, 6841, 0, 0
57949, 2280, 0, 0
57949, 2280, 1, 0
58449, 2280, 0, 0
58449, 2280, 1, 0
58949, 2280, 0, 0
58949, 6841, 1, 0
59199, 2280, 1, 0
59449, 2280, 1, 0
59699, 2280, 0, 0
59949, 4561, 0, 0
59949, 2280, 1, 0
7439, 2332, 0, 0
7689, 2332, 0, 0
7939, 2332, 1, 0
8190, 2332, 1, 0
8440, 2327, 1, 0
8690, 2327, 0, 0
8690, 2327, 1, 0
9190, 4654, 1, 0
9440, 2327, 0, 0
9690, 2327, 0, 0
9940, 2327, 0, 0
9940, 2327, 1, 0
10190, 2327, 0, 0
10190, 4654, 1, 0
10440, 2327, 1, 0
10690, 2327, 1, 0
10940, 4654, 0, 0
10940, 2327, 1, 0
11190, 4654, 0, 0
11190, 2327, 1, 0
11441, 2321, 0, 0
11691, 2321, 0, 0
11941, 2321, 1, 0
12191, 4643, 0, 0
12441, 2321, 0, 0
12941, 2321, 0, 0
12941, 4643, 1, 0
13191, 2321, 0, 0
13191, 6965, 1, 0
13441, 4643, 0, 0
13441, 2321, 1, 0
13691, 2321, 1, 0
13942, 2316, 0, 0
13942, 4633, 1, 0
14442, 2316, 0, 0
14442, 2316, 1, 0
14692, 2316, 0, 0
14942, 2316, 0, 0
14942, 4633, 1, 0
15192, 2316, 0, 0
15442, 2316, 0, 0
15692, 2316, 0, 0
15692, 2316, 1, 0
15942, 2316, 0, 0
16192, 2316, 0, 0
16192, 2316, 1, 0
16442, 2316, 1, 0
16692, 2316, 1, 0
16943, 2311, 0, 0
16943, 2311, 1, 0
17193, 2311, 0, 0
17193, 2311, 1, 0
17443, 2311, 0, 0
17693, 4623, 1, 0
17943, 2311, 0, 0
18193, 4623, 0, 0
18443, 2311, 0, 0
18443, 2311, 1, 0
18693, 4623, 0, 0
18693, 2311, 1, 0
18943, 4623, 1, 0
19443, 2311, 0, 0
19443, 2311, 1, 0
19694, 2306, 1, 0
19944, 4612, 0, 0
20194, 2306, 0, 0
20194, 2306, 1, 0
20444, 2306, 0, 0
20444, 4612, 1, 0
20694, 4612, 0, 0
20944, 4612, 1, 0
21194, 2306, 1, 0
21694, 2306, 0, 0
21944, 2306, 0, 0
22194, 2306, 0, 0
22444, 2306, 1, 0
22695, 2301, 0, 0
22695, 2301, 1, 0
22945, 2301, 1, 0
23195, 2301, 0, 0
23445, 4602, 0, 0
23445, 2301, 1, 0
23695, 2301, 0, 0
23695, 2301, 1, 0
23945, 4602, 0, 0
24195, 2301, 0, 0
24195, 4602, 1, 0
24445, 2301, 1, 0
24695, 2301, 1, 0
24945, 2301, 0, 0
25195, 2301, 0, 0
25195, 2301, 1, 0
25445, 2301, 0, 0
25696, 6887, 0, 0
25946, 2295, 0, 0
26196, 2295, 1, 0
26446, 2295, 0, 0
26696, 6887, 1, 0
26946, 2295, 1, 0
27196, 4591, 1, 0
27446, 2295, 0, 0
27696, 2295, 0, 0
27696, 2295, 1, 0
27946, 2295, 0, 0
27946, 2295, 1, 0
28447, 4581, 0, 0
28697, 2290, 1, 0
28947, 2290, 0, 0
28947, 2290, 1, 0
29197, 2290, 0, 0
29447, 2290, 0, 0
29697, 2290, 0, 0
29697, 2290, 1, 0
29947, 2290, 0, 0
29947, 2290, 1, 0
30197, 2290, 0, 0
30197, 2290, 1, 0
30447, 2290, 1, 0
30697, 2290, 1, 0
30947, 2290, 0, 0
31197, 2290, 0, 0
31448, 6857, 1, 0
31698, 2285, 0, 0
31948, 2285, 0, 0
32198, 2285, 0, 0
32448, 4571, 0, 0
32698, 2285, 0, 0
33198, 4571, 0, 0
33198, 2285, 1, 0
33698, 2285, 0, 0
33698, 2285, 1, 0
33948, 2285, 0, 0
33948, 4571, 1, 0
34199, 2280, 0, 0
34199, 6841, 1, 0
34449, 2280, 0, 0
34449, 2280, 1, 0
34699, 4561, 0, 0
34949, 2280, 1, 0
35199, 4561, 1, 0
35449, 2280, 1, 0
35699, 4561, 1, 0
35949, 2280, 1, 0
36199, 2280, 0, 0
36449, 4561, 0, 0
36699, 2280, 1, 0
36949, 4561, 1, 0
37200, 2275, 0, 0
37450, 2275, 1, 0
37700, 4551, 0, 0
37950, 2275, 1, 0
38450, 6826, 0, 0
38950, 2275, 0, 0
39200, 4551, 0, 0
39450, 2275, 0, 0
39700, 2275, 0, 0
39951, 2270, 0, 0
40451, 2270, 0, 0
40451, 2270, 1, 0
40701, 4541, 1, 0
40951, 2270, 0, 0
41201, 2270, 0, 0
41201, 2270, 1, 0
41701, 2270, 0, 0
41701, 6811, 1, 0
41951, 2270, 1, 0
42201, 2270, 0, 0
42201, 2270, 1, 0
42451, 2270, 0, 0
42702, 2265, 0, 0
43202, 2265, 1, 0
43452, 2265, 0, 0
43452, 2265, 1, 0
43702, 2265, 1, 0
43952, 2265, 0, 0
44202, 2265, 1, 0
44452, 2265, 0, 0
44702, 2265, 0, 0
44702, 2265, 1, 0
44952, 2265, 1, 0
45202, 2265, 0, 0
45452, 2265, 1, 0
45703, 2260, 0, 0
45953, 2260, 1, 0
46203, 2260, 0, 0
46453, 2260, 0, 0
46453, 2260, 1, 0
46703, 3390, 1, 0
46953, 2260, 1, 0
47203, 2260, 0, 0
47453, 6781, 0, 0
47453, 2260, 1, 0
47703, 2260, 1, 0
47953, 4520, 1, 0
48203, 2260, 0, 0
48454, 2260, 0, 0
48454, 2260, 1, 0
48704, 2255, 0, 0
48704, 4520, 1, 0
49204, 2255, 0, 0
49204, 2255, 1, 0
49454, 2255, 0, 0
49704, 2255, 0, 0
49954, 2255, 1, 0
50204, 2255, 0, 0
50204, 2255, 1, 0
50704, 2255, 0, 0
50704, 2255, 1, 0
51204, 4511, 0, 0
51455, 4501, 1, 0
51705, 2250, 0, 0
51705, 2250, 1, 0
51955, 4501, 0, 0
52455, 4501, 0, 0
52455, 2250, 1, 0
52705, 2250, 0, 0
52955, 4501, 0, 0
52955, 2250, 1, 0
53455, 4501, 1, 0
53955, 4501, 0, 0
54205, 2250, 0, 0
54205, 2250, 1, 0
54706, 2245, 0, 0
54956, 2245, 1, 0
55206, 2245, 1, 0
55456, 2245, 0, 0
55456, 2245, 1, 0
55706, 2245, 0, 0
55706, 2245, 1, 0
55956, 2245, 0, 0
56206, 2245, 0, 0
56956, 2245, 1, 0
57207, 2240, 0, 0
57207, 2240, 1, 0
57457, 2240, 1, 0
57707, 2240, 0, 0
57957, 2240, 0, 0
57957, 4481, 1, 0
58207, 2240, 0, 0
58457, 2240, 0, 0
58457, 2240, 1, 0
58707, 4481, 0, 0
58707, 2240, 1, 0
58957, 2240, 0, 0
59207, 6722, 1, 0
59457, 2240, 1, 0
59707, 4481, 0, 0
59957, 2240, 1, 0
