6103, 5952366, 0, 0
6152, 5953680, 0, 0
6189, 5650587, 1, 0
6238, 5647720, 0, 0
6270, 5642957, 0, 0
6500, 5730349, 0, 0
6544, 5719113, 0, 0
6858, 5784493, 1, 0
6904, 5219451, 1, 0
6950, 4891808, 1, 0
6987, 4638074, 1, 0
7259, 4689885, 0, 0
7503, 4678990, 1, 0
7553, 4657514, 0, 0
7601, 4660016, 0, 0
7655, 4677508, 0, 0
7999, 4982843, 0, 0
8274, 5220666, 0, 0
8575, 5100530, 1, 0
8627, 4936842, 1, 0
8665, 4919227, 0, 0
8887, 5100039, 0, 0
8915, 5086838, 0, 0
8954, 4880419, 1, 0
9343, 4915368, 1, 0
9380, 4891529, 0, 0
9430, 4443688, 1, 0
9663, 4222843, 1, 0
9700, 4208476, 0, 0
9958, 4431887, 0, 0
10328, 4562376, 1, 0
10375, 4272223, 1, 0
10407, 4255117, 0, 0
10439, 4249554, 0, 0
10746, 4508304, 0, 0
10986, 4716491, 0, 0
11195, 4694700, 1, 0
11239, 4695258, 0, 0
11458, 4600207, 1, 0
11509, 4605097, 0, 0
11843, 4892931, 0, 0
11909, 4921858, 0, 0
11962, 4702636, 1, 0
12005, 4502328, 1, 0
12041, 4488364, 0, 0
12537, 4935987, 0, 0
12823, 5167810, 0, 0
13250, 5251286, 1, 0
13324, 5049851, 1, 0
13388, 4813669, 1, 0
13431, 4803624, 0, 0
13698, 5033491, 0, 0
13738, 4851551, 1, 0
14035, 5119722, 0, 0
14067, 5113153, 0, 0
14113, 4769563, 0, 0
14366, 4985514, 0, 0
14642, 4977427, 0, 0
14642, 4979028, 1, 0
15001, 5301305, 0, 0
15045, 5087246, 1, 0
15442, 5114094, 1, 0
15802, 5426927, 0, 0
16201, 5793829, 0, 0
16475, 6036409, 0, 0
16521, 5774337, 1, 0
16715, 5729044, 1, 0
16784, 5588882, 1, 0
17052, 5812678, 0, 0
17279, 5820903, 1, 0
17502, 5992656, 0, 0
17790, 5881300, 0, 0
17790, 5725724, 1, 0
18057, 6095822, 0, 0
18358, 6085708, 0, 0
18358, 5820515, 1, 0
18638, 5815069, 1, 0
18966, 5641513, 0, 0
18966, 5435978, 1, 0
19180, 5791791, 0, 0
19627, 6195841, 0, 0
19663, 5965101, 1, 0
19932, 6193848, 0, 0
20265, 6229778, 1, 0
20512, 6445109, 0, 0
20558, 6445357, 0, 0
20871, 6462845, 0, 0
20871, 6245171, 1, 0
21220, 6245825, 1, 0
21262, 6216554, 0, 0
21785, 5917308, 1, 0
21838, 5636337, 1, 0
22135, 5660290, 1, 0
22526, 6005668, 0, 0
22848, 6132818, 1, 0
22884, 6100350, 0, 0
23298, 6019713, 0, 0
23298, 5871714, 1, 0
23339, 5837799, 1, 0
23544, 5535364, 0, 0
23544, 5504465, 1, 0
24208, 5850831, 1, 0
24470, 5832250, 1, 0
24763, 6076895, 0, 0
24808, 5842619, 1, 0
25044, 5863539, 1, 0
25085, 5457924, 1, 0
25367, 5704106, 0, 0
25715, 5472590, 1, 0
25770, 5258022, 1, 0
26048, 5355145, 0, 0
26386, 5193862, 0, 0
26386, 5187251, 1, 0
26659, 5397346, 0, 0
26801, 5415197, 0, 0
26801, 5015955, 1, 0
27221, 5004994, 0, 0
27221, 5086022, 1, 0
27436, 4910152, 1, 0
28108, 5259820, 1, 0
28382, 5498503, 0, 0
28658, 5733989, 0, 0
28973, 5674477, 1, 0
29265, 5925298, 0, 0
29300, 5926080, 0, 0
29588, 6176311, 0, 0
29972, 6528256, 0, 0
30166, 6691565, 0, 0
30226, 6682370, 0, 0
30473, 6265046, 1, 0
30525, 6054870, 1, 0
30555, 5792430, 1, 0
31065, 5781090, 0, 0
31065, 6021739, 1, 0
31125, 6040784, 0, 0
31393, 6025612, 1, 0
31525, 6067327, 0, 0
31525, 5810026, 1, 0
32044, 5793297, 0, 0
32044, 5640255, 1, 0
32194, 5807848, 1, 0
32497, 5788844, 0, 0
32497, 5581925, 1, 0
32749, 5947998, 0, 0
33005, 6162067, 0, 0
33055, 5833431, 1, 0
33318, 5881339, 1, 0
33619, 5511067, 1, 0
33938, 5555404, 1, 0
34144, 5486831, 1, 0
34687, 5319141, 1, 0
35288, 5987564, 0, 0
35322, 5733672, 1, 0
35372, 5400006, 1, 0
35404, 5237666, 1, 0
35717, 5490647, 0, 0
36106, 5632537, 1, 0
36162, 5636596, 0, 0
36519, 5783844, 0, 0
36619, 5553077, 1, 0
36847, 5722054, 0, 0
37235, 5509290, 0, 0
37235, 5493639, 1, 0
37551, 5935577, 0, 0
37903, 6215071, 0, 0
38297, 6551197, 0, 0
38347, 6302771, 1, 0
38394, 6199969, 0, 0
38681, 6439850, 0, 0
39102, 6604975, 1, 0
39152, 6402981, 1, 0
39436, 6380865, 0, 0
39436, 6182456, 1, 0
39826, 6508627, 1, 0
39873, 6253509, 1, 0
40119, 6181018, 1, 0
40336, 6191739, 1, 0
40576, 6386540, 0, 0
40770, 5400750, 0, 0
40770, 5647698, 1, 0
41122, 5180545, 0, 0
41122, 4952289, 1, 0
41468, 5275579, 0, 0
41512, 4992218, 1, 0
41793, 4949477, 0, 0
41793, 4945995, 1, 0
42027, 5140587, 0, 0
42274, 5233955, 0, 0
42623, 5388325, 1, 0
42769, 5218495, 1, 0
43046, 5143476, 1, 0
43475, 5177421, 1, 0
43520, 5173523, 0, 0
43785, 5390947, 0, 0
44060, 5379022, 1, 0
44493, 5391598, 1, 0
44533, 5380652, 0, 0
44766, 5578947, 0, 0
45152, 5716827, 1, 0
45403, 5576780, 1, 0
45680, 5807932, 0, 0
45952, 5832899, 1, 0
46010, 5674052, 1, 0
46744, 6168628, 1, 0
46794, 6177741, 0, 0
47070, 6415256, 0, 0
47110, 6384526, 0, 0
47339, 6568665, 0, 0
47720, 6916111, 0, 0
47999, 7156223, 0, 0
48047, 7162678, 0, 0
48375, 7252648, 1, 0
48682, 7028276, 0, 0
48682, 6944368, 1, 0
49000, 7206384, 1, 0
49178, 7150780, 1, 0
49452, 7146675, 0, 0
49452, 6898278, 1, 0
49519, 6749636, 0, 0
49843, 6796309, 1, 0
50026, 6410917, 0, 0
50026, 6194009, 1, 0
50311, 5817814, 1, 0
50676, 6143557, 0, 0
50943, 6177211, 1, 0
51292, 6139746, 1, 0
51708, 6304955, 1, 0
51926, 6245182, 1, 0
52007, 6055086, 1, 0
52129, 6119349, 0, 0
52293, 5548710, 1, 0
52663, 5869384, 0, 0
52948, 5878298, 1, 0
53274, 6164074, 0, 0
53553, 6213730, 1, 0
53802, 6082221, 0, 0
54061, 6061949, 1, 0
54420, 6373073, 0, 0
54635, 6260202, 1, 0
54666, 6253606, 0, 0
54755, 6257547, 0, 0
54755, 6072950, 1, 0
55011, 5833335, 0, 0
55011, 5788146, 1, 0
55615, 6404518, 0, 0
55992, 6750397, 0, 0
56285, 6833493, 1, 0
56357, 6838374, 0, 0
56388, 6545086, 1, 0
56766, 6574445, 0, 0
56809, 6497798, 1, 0
57053, 6376937, 1, 0
57276, 6332788, 1, 0
57603, 5894726, 0, 0
57603, 6080912, 1, 0
58446, 5591148, 0, 0
58446, 5783099, 1, 0
58731, 5783248, 1, 0
58775, 5500355, 1, 0
58805, 5252727, 1, 0
59020, 5217822, 1, 0
59066, 5004868, 1, 0
59286, 4865942, 1, 0
59645, 5009250, 0, 0
60131, 5085203, 0, 0
60131, 5120313, 1, 0
60131, 2320420, 0, 0
60131, 2296820, 1, 0
7046, 6995650, 0, 0
7338, 6830665, 1, 0
7657, 6830500, 1, 0
7705, 6856083, 0, 0
8015, 6920230, 1, 0
8272, 6551580, 1, 0
8567, 6491431, 1, 0
8859, 6758335, 0, 0
9521, 7028745, 1, 0
9552, 6849030, 1, 0
9798, 6573303, 1, 0
9855, 6313638, 1, 0
10222, 6343959, 1, 0
10246, 6103836, 1, 0
10585, 6412899, 0, 0
10609, 6412029, 0, 0
10631, 6411096, 0, 0
10654, 6403981, 0, 0
10676, 6121436, 1, 0
10912, 6333188, 0, 0
10949, 6343568, 0, 0
10973, 5931883, 1, 0
11186, 5637497, 1, 0
11220, 5426491, 1, 0
11245, 5126555, 1, 0
11297, 5141707, 0, 0
11550, 5084184, 1, 0
11585, 4849255, 1, 0
11607, 4835114, 0, 0
11909, 5114851, 0, 0
12419, 5603421, 0, 0
12448, 5401228, 1, 0
12471, 5132771, 1, 0
12494, 4836905, 1, 0
12523, 4818473, 0, 0
12779, 4764708, 1, 0
13356, 5084495, 1, 0
13392, 4825206, 1, 0
13432, 4572726, 1, 0
13483, 3962001, 1, 0
13766, 4213962, 0, 0
13797, 3998793, 1, 0
14115, 4260496, 0, 0
14143, 3921690, 1, 0
14410, 4163648, 0, 0
14434, 3848664, 1, 0
14635, 4026134, 0, 0
14683, 4052124, 0, 0
14747, 4092755, 0, 0
14833, 4156530, 0, 0
14865, 3953481, 1, 0
14897, 3948073, 0, 0
14933, 3960324, 0, 0
15319, 4132651, 1, 0
15369, 4148203, 0, 0
15664, 4418609, 0, 0
15692, 4394445, 0, 0
15718, 4167861, 1, 0
15757, 4172802, 0, 0
16108, 4500821, 0, 0
16145, 4236025, 1, 0
16187, 3768497, 1, 0
16459, 4011432, 0, 0
16498, 4026787, 0, 0
16539, 4044986, 0, 0
16645, 4121828, 0, 0
16926, 3740062, 1, 0
17394, 4001495, 0, 0
17625, 4192459, 0, 0
17712, 4228657, 0, 0
18016, 4219082, 0, 0
18016, 3981863, 1, 0
18299, 4183743, 1, 0
18581, 4437785, 0, 0
18838, 4428129, 1, 0
19125, 4691482, 0, 0
19530, 4894774, 1, 0
19587, 4903317, 0, 0
19870, 5123767, 0, 0
20162, 5329220, 0, 0
20193, 5327657, 0, 0
20479, 5582256, 0, 0
20768, 5834713, 0, 0
20991, 5671843, 1, 0
21082, 5713031, 0, 0
21678, 5619508, 0, 0
21678, 5465781, 1, 0
21712, 5603313, 1, 0
21972, 5826752, 0, 0
22027, 5839580, 0, 0
22310, 5851246, 1, 0
22743, 5929335, 0, 0
23143, 6453936, 0, 0
23213, 6286923, 1, 0
23307, 5912827, 1, 0
23698, 5985748, 0, 0
23698, 5740693, 1, 0
24048, 6299914, 0, 0
24444, 6427703, 1, 0
24703, 6404410, 1, 0
24742, 6160800, 1, 0
25011, 6173264, 1, 0
25277, 6151502, 1, 0
25325, 5795256, 1, 0
25708, 5792246, 0, 0
25708, 5837540, 1, 0
25905, 5742940, 0, 0
26159, 5966265, 0, 0
26459, 5708783, 1, 0
26514, 5522846, 1, 0
27006, 5677144, 0, 0
27145, 5984037, 0, 0
27397, 6210635, 0, 0
28019, 6340635, 1, 0
28160, 6448795, 0, 0
28207, 6235252, 1, 0
28477, 6212259, 0, 0
28477, 6166729, 1, 0
28781, 6432497, 0, 0
28831, 6452324, 0, 0
29074, 6028586, 1, 0
29417, 5936583, 0, 0
29741, 5725703, 1, 0
29777, 5333262, 1, 0
30071, 5328745, 0, 0
30071, 5108716, 1, 0
30250, 4880376, 0, 0
30250, 5007362, 1, 0
30592, 4632431, 1, 0
31095, 4522983, 0, 0
31095, 4355799, 1, 0
31364, 4805167, 0, 0
31955, 4948245, 1, 0
31990, 4845077, 0, 0
32346, 4948834, 1, 0
32406, 4387392, 1, 0
32443, 4282343, 0, 0
32744, 4537506, 0, 0
32999, 4759519, 0, 0
33045, 4567658, 1, 0
33299, 4518868, 1, 0
33646, 4517032, 0, 0
33646, 4571804, 1, 0
33955, 4836826, 0, 0
34178, 5018373, 0, 0
34271, 4814627, 0, 0
34271, 4826493, 1, 0
34857, 5080145, 0, 0
34857, 4563941, 1, 0
34912, 5099791, 0, 0
35253, 5122011, 0, 0
35253, 4878494, 1, 0
35690, 5517861, 0, 0
36044, 5828614, 0, 0
36354, 6104352, 0, 0
36402, 6116203, 0, 0
36444, 5852072, 1, 0
36779, 5979410, 0, 0
36833, 6132799, 0, 0
37150, 6054709, 1, 0
37410, 5644278, 1, 0
37710, 5720631, 0, 0
37760, 5414349, 1, 0
38103, 5388737, 0, 0
38103, 5116021, 1, 0
38545, 5500267, 0, 0
38917, 5617174, 1, 0
38950, 5608108, 0, 0
39009, 5617044, 0, 0
39273, 5358478, 1, 0
39610, 5367024, 0, 0
39610, 5132643, 1, 0
39996, 5549402, 0, 0
40049, 5191640, 1, 0
40480, 5427326, 0, 0
40928, 5675221, 1, 0
41280, 5590683, 1, 0
41336, 5291702, 1, 0
41397, 5043307, 1, 0
41705, 5153793, 0, 0
41954, 5474391, 0, 0
42176, 5397806, 1, 0
42440, 5607323, 0, 0
42844, 5693978, 1, 0
43097, 5898874, 0, 0
43146, 5736619, 1, 0
43612, 5851349, 0, 0
43612, 5480282, 1, 0
43650, 5854533, 0, 0
43771, 5874207, 0, 0
44054, 5951470, 1, 0
44316, 5365990, 0, 0
44316, 5464460, 1, 0
44626, 5466986, 0, 0
45102, 5791086, 0, 0
45102, 5427353, 1, 0
45219, 5608209, 1, 0
45480, 5801001, 0, 0
45758, 5761809, 1, 0
45833, 5784757, 0, 0
46082, 5846217, 1, 0
46725, 6245242, 1, 0
46982, 6053738, 1, 0
47031, 5750615, 1, 0
47278, 5941898, 0, 0
47436, 6038411, 0, 0
47514, 6024803, 0, 0
47514, 5808903, 1, 0
47812, 5475227, 1, 0
48159, 5315795, 1, 0
48252, 5155544, 1, 0
48660, 5314415, 0, 0
48769, 5157801, 1, 0
49250, 5272235, 0, 0
49496, 5441926, 1, 0
49545, 5393532, 0, 0
50070, 5451629, 0, 0
50127, 5500820, 1, 0
50425, 5724932, 0, 0
50796, 5693859, 1, 0
50848, 5629428, 0, 0
51119, 5380067, 1, 0
51278, 5328998, 0, 0
51278, 4644578, 1, 0
51693, 4661991, 0, 0
51904, 4626845, 1, 0
52107, 4634180, 0, 0
52107, 4562812, 1, 0
52318, 4803706, 0, 0
52655, 4915041, 0, 0
52931, 5119310, 1, 0
53269, 5109401, 1, 0
53551, 5298564, 0, 0
53854, 5548672, 0, 0
54125, 5464945, 1, 0
54173, 5403543, 0, 0
54730, 5390554, 0, 0
54730, 5480284, 1, 0
54787, 5291139, 1, 0
55036, 5490118, 0, 0
55671, 6086854, 0, 0
55723, 6106668, 0, 0
55755, 5685109, 1, 0
56050, 5922692, 0, 0
56472, 6046960, 1, 0
56733, 5937062, 1, 0
57025, 6176857, 0, 0
57243, 6364184, 0, 0
57358, 6239372, 1, 0
57509, 6347054, 0, 0
57839, 6631468, 0, 0
57895, 6657556, 0, 0
58474, 6495332, 0, 0
58515, 6516262, 0, 0
58847, 6739462, 0, 0
58893, 6574506, 1, 0
59132, 6772175, 0, 0
59463, 6808174, 1, 0
59744, 6812528, 1, 0
59809, 6540452, 1, 0
60126, 6575462, 1, 0
60127, 3415270, 0, 0
60127, 3011330, 1, 0
6739, 6628127, 0, 0
7022, 6874918, 0, 0
7343, 7159158, 0, 0
7662, 7428919, 0, 0
8018, 7729833, 0, 0
8046, 7727692, 0, 0
8297, 7932886, 0, 0
8333, 7698855, 1, 0
8356, 7494565, 1, 0
8379, 7279867, 1, 0
8403, 6718500, 1, 0
8677, 6927350, 0, 0
9135, 7348466, 0, 0
9167, 7025157, 1, 0
9190, 6942242, 0, 0
9661, 7130526, 1, 0
9909, 7305628, 0, 0
10260, 7609549, 0, 0
10287, 7224935, 1, 0
10591, 7047763, 1, 0
10892, 7008610, 1, 0
11138, 6991392, 1, 0
11326, 6978820, 0, 0
11366, 6749474, 1, 0
11405, 6359321, 1, 0
11683, 6099244, 1, 0
11708, 5878404, 1, 0
11732, 5871147, 0, 0
11754, 5549981, 1, 0
11787, 5555292, 0, 0
12293, 5821253, 1, 0
12636, 5896868, 1, 0
13027, 6004661, 1, 0
13060, 5717297, 1, 0
13083, 5420988, 1, 0
13105, 5086913, 1, 0
13525, 5478600, 0, 0
13551, 5253290, 1, 0
13573, 5240111, 0, 0
13838, 5482045, 0, 0
13867, 5487967, 0, 0
13893, 5489956, 0, 0
14177, 5499999, 1, 0
14415, 5280489, 1, 0
14641, 5473100, 0, 0
14670, 5479478, 0, 0
14704, 5043318, 1, 0
14725, 4816590, 1, 0
15052, 4792032, 1, 0
15075, 4788386, 0, 0
15476, 4885399, 1, 0
15513, 4621121, 1, 0
15535, 4396694, 1, 0
15857, 4531200, 1, 0
15891, 4524742, 0, 0
15935, 4529863, 0, 0
15966, 4282805, 1, 0
15995, 4286981, 0, 0
16281, 4549337, 0, 0
16315, 4560753, 0, 0
16602, 4815114, 0, 0
16758, 4464790, 1, 0
17021, 4385253, 1, 0
17315, 4288241, 1, 0
17535, 4474068, 0, 0
17804, 4721174, 0, 0
18057, 4951689, 0, 0
18329, 4804609, 1, 0
18637, 5086487, 0, 0
18900, 5326392, 0, 0
18933, 5094704, 1, 0
18957, 5089754, 0, 0
19179, 5285979, 0, 0
19214, 5036150, 1, 0
19235, 4819819, 1, 0
19258, 4617303, 1, 0
19279, 4609263, 0, 0
19676, 4508495, 0, 0
19676, 4254222, 1, 0
19933, 4420053, 0, 0
20319, 4457854, 0, 0
20319, 4462008, 1, 0
20351, 4459966, 0, 0
20648, 4713333, 0, 0
20902, 4936646, 0, 0
21552, 5087378, 0, 0
21552, 4707389, 1, 0
21588, 4986363, 1, 0
21619, 4860843, 1, 0
21894, 4872462, 1, 0
22282, 4967333, 1, 0
22348, 4813057, 1, 0
22620, 4815890, 1, 0
22768, 4231080, 1, 0
23198, 4055924, 0, 0
23538, 4359265, 1, 0
23863, 4649208, 0, 0
23906, 4670937, 0, 0
24018, 4702293, 0, 0
24266, 4944774, 0, 0
24529, 4799703, 0, 0
24529, 4603345, 1, 0
24911, 4241102, 0, 0
24911, 4075996, 1, 0
25196, 4262992, 0, 0
25459, 4470489, 0, 0
25511, 3958650, 1, 0
25774, 3815000, 0, 0
25774, 3627375, 1, 0
26302, 3647333, 0, 0
26302, 3344361, 1, 0
26352, 3658277, 0, 0
26660, 3929206, 0, 0
27197, 3937139, 0, 0
27197, 3999143, 1, 0
27520, 3981680, 1, 0
27572, 3709577, 1, 0
27609, 3702693, 0, 0
28081, 4139628, 0, 0
28120, 4136028, 0, 0
28357, 4339061, 0, 0
28599, 4332976, 1, 0
28889, 4585541, 0, 0
29122, 4683455, 0, 0
29422, 4966708, 0, 0
29685, 5155919, 0, 0
30152, 5365331, 0, 0
30185, 5560173, 0, 0
30283, 5209980, 1, 0
30834, 5323043, 0, 0
30834, 4869355, 1, 0
30909, 5338899, 0, 0
31197, 5541423, 0, 0
31254, 5558688, 0, 0
31561, 5825498, 0, 0
31760, 5863259, 0, 0
31760, 5593174, 1, 0
32078, 5455693, 0, 0
32078, 5418658, 1, 0
32525, 5645650, 0, 0
32782, 5585490, 1, 0
32853, 5333698, 1, 0
33094, 5521558, 0, 0
33427, 5530482, 0, 0
33427, 5346258, 1, 0
33702, 5359387, 0, 0
33702, 5344283, 1, 0
33784, 5185221, 1, 0
34051, 5116541, 0, 0
34051, 4937278, 1, 0
34431, 4809355, 1, 0
35027, 5294482, 0, 0
35439, 5287442, 1, 0
35491, 5306073, 0, 0
35756, 5511089, 0, 0
36106, 5823242, 0, 0
36492, 6164328, 0, 0
36784, 5950525, 1, 0
37155, 6245373, 0, 0
37415, 6218340, 1, 0
37450, 6196522, 0, 0
37479, 5918114, 1, 0
37519, 5882123, 0, 0
37868, 6175687, 0, 0
38110, 6349137, 0, 0
38141, 6333742, 0, 0
38252, 5994384, 0, 0
38252, 5912333, 1, 0
38581, 5727815, 0, 0
38581, 5500652, 1, 0
38923, 5828707, 1, 0
39279, 5835938, 0, 0
39279, 5852028, 1, 0
39615, 6135523, 0, 0
39681, 5979518, 1, 0
40001, 6217094, 0, 0
40241, 6414234, 0, 0
40486, 6434643, 1, 0
40933, 6844675, 0, 0
41242, 7104692, 0, 0
41520, 7089023, 1, 0
41559, 6532163, 1, 0
41793, 6353528, 1, 0
42244, 6752369, 0, 0
42499, 6743651, 1, 0
42547, 6440610, 1, 0
42581, 6088821, 1, 0
43000, 5841620, 1, 0
43037, 5622283, 1, 0
43528, 6077512, 0, 0
43887, 6408067, 0, 0
44156, 6636643, 0, 0
44242, 6374021, 1, 0
44320, 6210535, 1, 0
44631, 6490452, 0, 0
45169, 6758856, 0, 0
45220, 6967825, 0, 0
45459, 7176487, 0, 0
45516, 6934419, 1, 0
45877, 6614452, 0, 0
45877, 6611449, 1, 0
46233, 6618419, 1, 0
46280, 6598829, 0, 0
46831, 6830245, 1, 0
46871, 6629875, 1, 0
47128, 6642132, 1, 0
47368, 6435171, 1, 0
47724, 6481335, 1, 0
47763, 6243507, 1, 0
48061, 6502156, 0, 0
48563, 6770256, 1, 0
48623, 6379642, 1, 0
48968, 6469188, 1, 0
49403, 6855503, 0, 0
49754, 7172473, 0, 0
49791, 7168958, 0, 0
49834, 6833450, 1, 0
50224, 6849511, 0, 0
50224, 6695940, 1, 0
50262, 6375340, 1, 0
50675, 6289540, 0, 0
50767, 6401957, 0, 0
50767, 6135279, 1, 0
51034, 6302111, 0, 0
51692, 6522910, 1, 0
51757, 6537174, 0, 0
51896, 6436506, 1, 0
52069, 6553259, 0, 0
52452, 6739200, 0, 0
52531, 6458205, 1, 0
52829, 6285628, 0, 0
52829, 5997534, 1, 0
53123, 6006318, 0, 0
53123, 5995158, 1, 0
53261, 5499822, 0, 0
53261, 5810716, 1, 0
53668, 4760557, 0, 0
53668, 4912984, 1, 0
53889, 4486736, 1, 0
54124, 4370756, 1, 0
54715, 4924315, 0, 0
55011, 5176982, 0, 0
55630, 5743735, 0, 0
55904, 5679950, 1, 0
55947, 5684867, 0, 0
55978, 5676418, 0, 0
56164, 5488406, 1, 0
56592, 5870162, 0, 0
56648, 5881643, 0, 0
56679, 5645331, 1, 0
56972, 5280157, 1, 0
57179, 5421616, 0, 0
57384, 5487724, 0, 0
57579, 5509736, 1, 0
58005, 5841604, 0, 0
58553, 6101064, 1, 0
58853, 6356742, 0, 0
58939, 6408765, 0, 0
58978, 6412486, 0, 0
59010, 6181293, 1, 0
59569, 6356506, 0, 0
59569, 6445774, 1, 0
59873, 6694399, 0, 0
59952, 6726873, 0, 0
60199, 6806938, 0, 0
60199, 2891924, 0, 0
60199, 3367315, 1, 0
4676, 4623153, 0, 0
4718, 4635997, 0, 0
4756, 4224885, 1, 0
4795, 4205574, 0, 0
4831, 4005410, 1, 0
4970, 3929060, 1, 0
5433, 3817460, 1, 0
5482, 3517396, 1, 0
5754, 3761967, 0, 0
5976, 3961315, 0, 0
6022, 3979148, 0, 0
6056, 3711906, 1, 0
6091, 3461423, 1, 0
6397, 3342393, 1, 0
6690, 3600163, 0, 0
6724, 3610524, 0, 0
7009, 3847989, 0, 0
7072, 3882300, 0, 0
7103, 3883620, 0, 0
7149, 3874926, 0, 0
7189, 3875805, 0, 0
7413, 4054621, 0, 0
7689, 4271018, 0, 0
7726, 4267317, 0, 0
7763, 4251553, 0, 0
7800, 4239620, 0, 0
7833, 3955721, 1, 0
7864, 3724007, 1, 0
8114, 3778643, 1, 0
8144, 3558913, 1, 0
8456, 3835082, 0, 0
8733, 4057346, 0, 0
8775, 4056635, 0, 0
9437, 4680981, 0, 0
9702, 4907340, 0, 0
9958, 5126645, 0, 0
9998, 5027563, 0, 0
10035, 4601888, 1, 0
10080, 4597744, 0, 0
10118, 4364114, 1, 0
10341, 4365639, 1, 0
10707, 4445587, 0, 0
10910, 4513400, 1, 0
11239, 4515152, 0, 0
11239, 4308545, 1, 0
11477, 4467527, 1, 0
11519, 4446774, 0, 0
11867, 4763940, 0, 0
12309, 5159711, 0, 0
12667, 5478411, 0, 0
13108, 5694792, 1, 0
13157, 5468124, 1, 0
13606, 5880537, 0, 0
13642, 5879310, 0, 0
13919, 6118933, 0, 0
14202, 6368705, 0, 0
14246, 6382327, 0, 0
14507, 6393415, 1, 0
14775, 6630554, 0, 0
15113, 6656441, 1, 0
15195, 6461736, 1, 0
15257, 6451462, 0, 0
15257, 5819905, 1, 0
15537, 5835060, 1, 0
15852, 5893936, 1, 0
16253, 6254936, 0, 0
16297, 6262349, 0, 0
16574, 6494755, 0, 0
16983, 6370304, 0, 0
16983, 6292678, 1, 0
17280, 6369403, 1, 0
17385, 6386399, 0, 0
17623, 6384240, 1, 0
17891, 6372134, 0, 0
17891, 6189371, 1, 0
18207, 6340300, 1, 0
18438, 6128657, 1, 0
18524, 5617998, 1, 0
18865, 5452372, 0, 0
18865, 5258948, 1, 0
19038, 5341805, 0, 0
19038, 5119865, 1, 0
19411, 5208993, 1, 0
19671, 5424723, 0, 0
19925, 5418355, 1, 0
20288, 5513321, 1, 0
20641, 5528671, 1, 0
20708, 5513241, 0, 0
20776, 5549440, 0, 0
21293, 5569989, 0, 0
21293, 5150853, 1, 0
21347, 5050023, 0, 0
21513, 4794445, 0, 0
21513, 4804496, 1, 0
21839, 4855407, 1, 0
22129, 4744040, 0, 0
22129, 4596355, 1, 0
22549, 4532845, 0, 0
22549, 4412263, 1, 0
22926, 4487985, 1, 0
22958, 4471567, 0, 0
23022, 4440714, 0, 0
23298, 4313723, 0, 0
23298, 4186693, 1, 0
23629, 4590304, 0, 0
24074, 4339899, 1, 0
24108, 4182687, 1, 0
24519, 3835199, 0, 0
24519, 3552448, 1, 0
24577, 3801173, 0, 0
24849, 3873731, 0, 0
25138, 3978877, 0, 0
25138, 3844680, 1, 0
25268, 3861778, 0, 0
25583, 4166884, 0, 0
25853, 4291505, 0, 0
26116, 4603182, 0, 0
26354, 4514905, 1, 0
26621, 4745283, 0, 0
27064, 4935752, 1, 0
27344, 5175510, 0, 0
27440, 5241137, 0, 0
27502, 5231241, 0, 0
27502, 4952606, 1, 0
28108, 5182150, 1, 0
28397, 5438917, 0, 0
28444, 5451789, 0, 0
28686, 5663880, 0, 0
29008, 5689436, 0, 0
29008, 5709770, 1, 0
29203, 5574505, 1, 0
29493, 5490212, 0, 0
29535, 5426990, 0, 0
29819, 5671251, 0, 0
30095, 5521974, 0, 0
30095, 5370947, 1, 0
30435, 5538503, 0, 0
30435, 5319086, 1, 0
31017, 5878769, 1, 0
31074, 5892293, 0, 0
31361, 6093005, 0, 0
31916, 6332985, 1, 0
31972, 6317283, 0, 0
32026, 6173298, 1, 0
32068, 5951890, 1, 0
32489, 6135811, 1, 0
32743, 6121276, 1, 0
33000, 5935302, 1, 0
33284, 5940294, 1, 0
33577, 6136699, 0, 0
33860, 6388000, 0, 0
33900, 6397666, 0, 0
34117, 6008778, 1, 0
34424, 5979987, 0, 0
34424, 5750588, 1, 0
34976, 5753092, 0, 0
34976, 5867916, 1, 0
35020, 5817127, 0, 0
35088, 5838745, 0, 0
35471, 5620120, 0, 0
35471, 5638567, 1, 0
35780, 5928771, 0, 0
35941, 6051928, 0, 0
36246, 6247259, 0, 0
36621, 6526697, 0, 0
36674, 6506158, 0, 0
36973, 6537209, 1, 0
37064, 6047604, 1, 0
37351, 6039665, 0, 0
37351, 5990323, 1, 0
37651, 5734641, 1, 0
38037, 5869500, 0, 0
38421, 6352634, 0, 0
38475, 5985492, 1, 0
38695, 5952353, 1, 0
38758, 5758093, 1, 0
39188, 5288392, 0, 0
39188, 5260789, 1, 0
39428, 5311330, 1, 0
39874, 5726078, 0, 0
40113, 5688612, 1, 0
40359, 5905389, 0, 0
40675, 6180819, 0, 0
40742, 5765960, 1, 0
41078, 6057364, 0, 0
41160, 6072226, 0, 0
41271, 6068195, 0, 0
41271, 5799934, 1, 0
41561, 5780755, 1, 0
41786, 5844222, 0, 0
42148, 5473395, 0, 0
42148, 5402100, 1, 0
42391, 5418093, 1, 0
42821, 5756318, 0, 0
42872, 5758595, 0, 0
43095, 5743802, 1, 0
43271, 5507457, 0, 0
43271, 5371525, 1, 0
43734, 4926158, 0, 0
43734, 4828362, 1, 0
43804, 5008787, 0, 0
44077, 5003931, 0, 0
44077, 4888511, 1, 0
44533, 5105252, 1, 0
44589, 4715407, 1, 0
44845, 4732236, 1, 0
45039, 4679197, 1, 0
45453, 4217302, 0, 0
45453, 4226864, 1, 0
45769, 4545447, 0, 0
45810, 4539345, 0, 0
46094, 4532855, 1, 0
46794, 4459990, 0, 0
46794, 4354929, 1, 0
47038, 4646905, 1, 0
47098, 4276959, 1, 0
47333, 4460483, 0, 0
47812, 4717159, 1, 0
47854, 4693906, 0, 0
48072, 4863776, 0, 0
48105, 4834181, 0, 0
48481, 4981479, 0, 0
48515, 5054441, 0, 0
48860, 5125326, 1, 0
49249, 5445358, 0, 0
49469, 5626476, 0, 0
49836, 5962916, 0, 0
49888, 5811796, 1, 0
50218, 5684767, 1, 0
50620, 6031345, 0, 0
50660, 5815538, 1, 0
51027, 5810911, 0, 0
51319, 6218766, 0, 0
51436, 6298645, 0, 0
51702, 6515129, 0, 0
51935, 6226533, 1, 0
52018, 6165904, 0, 0
52018, 5923868, 1, 0
52559, 6134775, 0, 0
52645, 5850889, 1, 0
52910, 5872195, 1, 0
53268, 6169915, 0, 0
53576, 6243603, 1, 0
53654, 5841260, 1, 0
53917, 6062687, 0, 0
54295, 6223064, 1, 0
54830, 6725758, 0, 0
55067, 6922757, 0, 0
55118, 6636978, 1, 0
55159, 6644750, 0, 0
55546, 6686226, 1, 0
55868, 6618906, 1, 0
56163, 6694068, 1, 0
56195, 6359610, 1, 0
56586, 6353225, 0, 0
56586, 6367810, 1, 0
56875, 6254224, 1, 0
56924, 6263744, 0, 0
57172, 6468492, 0, 0
57397, 6370040, 1, 0
57755, 6436354, 1, 0
57801, 6365210, 1, 0
58483, 6780972, 1, 0
58522, 6782467, 0, 0
58558, 6623485, 1, 0
58958, 6782780, 0, 0
59005, 6835680, 1, 0
59562, 7006649, 0, 0
59562, 7002943, 1, 0
59998, 7353253, 0, 0
60192, 7282108, 1, 0
60192, 6924289, 1, 0
60192, 3414829, 0, 0
60192, 3196218, 1, 0
8100, 7005110, 0, 0
8230, 6507851, 0, 0
8280, 6324236, 0, 0
8471, 6422672, 0, 0
8573, 6383450, 1, 0
8761, 6273394, 1, 0
8853, 5319093, 1, 0
8883, 5133606, 1, 0
8915, 5036910, 1, 0
9059, 5113653, 0, 0
9292, 5078855, 0, 0
9396, 4990105, 1, 0
9558, 4960648, 0, 0
9732, 4757229, 1, 0
9771, 4506953, 1, 0
9895, 4567122, 0, 0
10167, 4654597, 0, 0
10380, 4595143, 1, 0
10678, 4767206, 1, 0
10897, 4837041, 1, 0
10949, 4667942, 1, 0
11171, 4308917, 1, 0
11240, 4048126, 1, 0
11407, 4093809, 1, 0
11476, 3919207, 0, 0
11608, 4019908, 0, 0
11660, 3825679, 1, 0
11785, 3913608, 0, 0
11910, 4008745, 0, 0
12123, 4191592, 0, 0
12201, 4146159, 1, 0
12581, 4481041, 0, 0
12709, 4479097, 1, 0
12965, 4685585, 0, 0
13161, 4690916, 1, 0
13586, 5012948, 0, 0
13717, 4956542, 1, 0
13873, 5020770, 0, 0
13920, 5036104, 0, 0
13990, 5074490, 0, 0
14058, 4998632, 0, 0
14136, 4843730, 1, 0
14330, 4933855, 0, 0
14384, 4826028, 1, 0
14537, 4805019, 1, 0
14609, 4837955, 0, 0
14651, 4755403, 0, 0
14695, 4528171, 1, 0
14858, 4477577, 1, 0
14936, 4258708, 0, 0
15198, 4301070, 0, 0
15469, 4519844, 0, 0
15611, 4440211, 1, 0
15659, 4418572, 0, 0
15708, 4300436, 1, 0
15762, 4285228, 0, 0
15809, 4200943, 1, 0
16209, 4549552, 0, 0
16534, 4749007, 1, 0
16724, 4814334, 0, 0
17074, 4950846, 1, 0
17136, 4934708, 0, 0
17349, 4767792, 0, 0
17654, 4944805, 0, 0
17901, 4936023, 1, 0
18028, 4866743, 1, 0
18308, 4721910, 1, 0
18482, 4764240, 1, 0
18659, 4785627, 1, 0
18953, 5033305, 0, 0
19233, 5243341, 0, 0
19482, 5423531, 0, 0
19754, 5618455, 0, 0
19996, 5665805, 1, 0
20523, 6139664, 0, 0
20571, 6034022, 1, 0
20601, 5992501, 0, 0
20714, 6062751, 0, 0
20872, 6177837, 0, 0
21059, 6201053, 1, 0
21096, 6159973, 0, 0
21340, 6142452, 1, 0
21393, 5924329, 1, 0
21608, 5996906, 0, 0
21794, 6134812, 0, 0
21960, 6252289, 0, 0
22106, 6344024, 0, 0
22437, 6627773, 0, 0
22611, 6401789, 1, 0
22714, 6179744, 1, 0
22790, 6065582, 1, 0
23013, 5731480, 0, 0
23013, 5421100, 1, 0
23303, 5071931, 0, 0
23303, 4829684, 1, 0
23563, 4737104, 0, 0
23563, 4609710, 1, 0
23775, 4542203, 1, 0
24030, 4369044, 1, 0
24334, 3693550, 0, 0
24334, 3887693, 1, 0
24523, 3663999, 1, 0
24877, 3590027, 0, 0
24877, 3503756, 1, 0
25109, 3716613, 0, 0
25340, 3732208, 1, 0
25670, 3710560, 0, 0
25670, 3599267, 1, 0
25809, 3703029, 1, 0
26176, 3461752, 0, 0
26176, 3395666, 1, 0
26390, 3600708, 0, 0
26670, 3849203, 0, 0
26794, 3926394, 0, 0
27423, 4021049, 0, 0
27673, 4527154, 0, 0
27833, 4529872, 1, 0
27912, 4515513, 0, 0
28009, 4446783, 1, 0
28541, 4511148, 0, 0
28541, 4270254, 1, 0
28805, 4682360, 0, 0
28924, 4751971, 0, 0
29068, 4766685, 0, 0
29068, 4733709, 1, 0
29303, 4744417, 0, 0
29798, 4835173, 1, 0
30026, 4916176, 1, 0
30180, 4839854, 1, 0
30359, 4965837, 0, 0
30657, 4824196, 1, 0
30813, 4952692, 0, 0
31010, 5031770, 0, 0
31293, 4775973, 1, 0
31733, 4939574, 0, 0
31949, 5125413, 0, 0
32317, 5458242, 0, 0
32559, 5638327, 0, 0
32635, 5212647, 1, 0
32895, 5062203, 1, 0
33015, 5103720, 0, 0
33307, 5109291, 0, 0
33307, 4890390, 1, 0
33524, 4532195, 0, 0
33524, 4559534, 1, 0
34059, 4990705, 0, 0
34317, 5151628, 0, 0
34527, 5285668, 0, 0
34715, 5411842, 0, 0
34994, 5504522, 1, 0
35218, 5420103, 1, 0
35268, 5241905, 1, 0
35540, 5170745, 0, 0
35540, 5181476, 1, 0
35826, 5256608, 0, 0
35826, 5168866, 1, 0
36064, 5099060, 0, 0
36064, 5054407, 1, 0
36446, 5071850, 0, 0
36531, 4797693, 1, 0
36843, 4893309, 1, 0
37028, 4711360, 0, 0
37458, 4822395, 0, 0
37458, 4609047, 1, 0
37511, 4775940, 1, 0
37762, 4867306, 0, 0
38243, 5228035, 0, 0
38315, 5211718, 0, 0
38725, 5559911, 0, 0
38956, 5721218, 0, 0
39013, 5706372, 0, 0
39304, 5820242, 0, 0
39550, 5825812, 0, 0
39550, 5491860, 1, 0
39780, 5462948, 1, 0
40048, 5399468, 1, 0
40325, 5057152, 0, 0
40325, 5050551, 1, 0
40538, 5187405, 0, 0
40903, 5183275, 1, 0
41083, 5256453, 0, 0
41441, 5305639, 0, 0
41441, 5376302, 1, 0
41710, 5582449, 0, 0
42030, 5824040, 0, 0
42122, 5676174, 1, 0
42269, 5738266, 0, 0
42504, 5533210, 1, 0
43079, 5541517, 1, 0
43381, 5869847, 0, 0
43466, 5704021, 1, 0
43668, 5424274, 1, 0
44092, 5776503, 0, 0
44286, 5560956, 1, 0
44777, 5820707, 1, 0
45133, 6119551, 0, 0
45203, 6018780, 1, 0
45371, 6067020, 0, 0
45442, 6092888, 0, 0
45803, 6252121, 1, 0
46163, 6382927, 1, 0
46275, 6282241, 0, 0
46348, 6300315, 0, 0
46515, 6332522, 0, 0
46810, 6484884, 0, 0
47076, 6263703, 1, 0
47588, 6147105, 0, 0
47588, 5995141, 1, 0
47636, 5926390, 1, 0
47855, 5824817, 1, 0
48025, 5903569, 0, 0
48322, 5888745, 0, 0
48322, 5865122, 1, 0
48589, 6085061, 0, 0
49064, 6434561, 1, 0
49399, 6319945, 0, 0
49532, 6150910, 0, 0
49573, 6107266, 0, 0
49753, 5835724, 1, 0
50016, 5730441, 1, 0
50327, 5123935, 0, 0
50327, 5205463, 1, 0
50696, 4998103, 0, 0
50696, 4610935, 1, 0
50755, 4480279, 1, 0
51105, 4529820, 0, 0
51105, 4413759, 1, 0
51328, 4440389, 0, 0
51328, 4400207, 1, 0
51602, 4509295, 0, 0
51791, 4670121, 0, 0
52359, 4725737, 0, 0
52359, 4358566, 1, 0
52543, 4687955, 1, 0
52686, 4660777, 1, 0
52960, 4825436, 0, 0
53019, 4696589, 1, 0
53253, 4173745, 1, 0
53528, 3940850, 0, 0
53813, 3880989, 0, 0
53813, 3796419, 1, 0
54292, 4195462, 0, 0
54394, 4169538, 0, 0
54759, 4250342, 0, 0
54946, 4514136, 0, 0
55066, 4574715, 0, 0
55332, 4635906, 1, 0
55608, 4852675, 0, 0
55937, 4849261, 0, 0
55937, 4832301, 1, 0
56148, 4938159, 0, 0
56883, 5554335, 1, 0
56942, 5451143, 1, 0
57028, 5425676, 1, 0
57405, 5614103, 1, 0
57655, 5756160, 0, 0
57865, 5918868, 0, 0
58082, 5722995, 1, 0
58233, 5690403, 1, 0
58455, 5768544, 0, 0
58548, 5588586, 1, 0
59005, 5794970, 0, 0
59287, 6111757, 0, 0
59388, 6134680, 0, 0
59661, 6133295, 0, 0
59661, 5978839, 1, 0
59925, 6345577, 0, 0
60034, 6420465, 0, 0
60034, 2839122, 0, 0
60034, 3066627, 1, 0
8624, 7530470, 0, 0
8667, 6610064, 1, 0
8697, 6509707, 1, 0
8949, 6464539, 1, 0
9034, 5504250, 1, 0
9431, 5668742, 1, 0
9468, 5579022, 1, 0
9673, 5433572, 1, 0
9911, 5550359, 1, 0
10164, 5308959, 1, 0
10251, 5200897, 1, 0
10619, 5515851, 0, 0
11026, 5884585, 0, 0
11303, 6127729, 0, 0
11346, 6138311, 0, 0
11606, 6100194, 1, 0
11869, 6049792, 1, 0
11975, 6022930, 1, 0
12005, 5807773, 1, 0
12235, 5787682, 1, 0
12407, 5408317, 1, 0
12785, 5736176, 0, 0
12852, 5773904, 0, 0
13002, 5832167, 0, 0
13299, 6000979, 1, 0
13418, 5668837, 1, 0
13622, 5826514, 0, 0
13882, 5770871, 1, 0
13925, 5576318, 1, 0
14217, 5807444, 0, 0
14471, 6004685, 0, 0
14769, 6145318, 1, 0
14868, 6200860, 0, 0
14897, 6199675, 0, 0
15151, 6202331, 1, 0
15218, 6184228, 0, 0
15384, 5952853, 1, 0
15452, 5983468, 0, 0
15808, 6134630, 1, 0
15861, 5949315, 1, 0
16207, 6042810, 1, 0
16336, 6084647, 0, 0
16381, 5761766, 1, 0
16618, 5591642, 1, 0
16680, 5376122, 1, 0
16708, 5362034, 0, 0
17147, 5540546, 1, 0
17475, 5605967, 1, 0
17573, 5597163, 0, 0
17767, 5762286, 0, 0
17869, 5634230, 1, 0
18211, 5803699, 0, 0
18280, 5494874, 1, 0
18456, 5603474, 0, 0
18797, 5795314, 1, 0
18908, 5608314, 1, 0
18937, 5518920, 0, 0
19253, 5630790, 1, 0
19301, 5418263, 1, 0
19528, 5602961, 0, 0
19572, 5355473, 1, 0
19603, 5132434, 1, 0
19634, 4865222, 1, 0
19727, 4859636, 0, 0
19903, 5006235, 0, 0
19955, 4804295, 1, 0
20112, 4893719, 0, 0
20522, 5138350, 1, 0
20711, 5259635, 0, 0
20870, 5062314, 1, 0
20919, 5058603, 0, 0
21454, 5246848, 1, 0
21493, 5157382, 1, 0
21641, 5260128, 0, 0
21829, 5210984, 1, 0
22147, 5467773, 0, 0
22226, 5517519, 0, 0
22257, 5110654, 1, 0
22288, 4813303, 1, 0
22318, 4745292, 0, 0
22348, 4581260, 1, 0
22515, 4646346, 0, 0
22954, 4742603, 1, 0
23016, 4736315, 0, 0
23277, 4821428, 1, 0
23506, 4708708, 1, 0
23662, 4754245, 0, 0
23876, 4939219, 0, 0
24264, 5011060, 1, 0
24492, 5191305, 0, 0
24789, 5261573, 1, 0
24875, 5302797, 0, 0
24913, 5309223, 0, 0
25155, 5521167, 0, 0
25229, 5501587, 0, 0
25260, 5357132, 1, 0
25292, 5336229, 0, 0
25483, 5371350, 1, 0
25578, 5055806, 1, 0
25775, 5063759, 1, 0
26015, 5144896, 1, 0
26064, 5145169, 0, 0
26209, 4754962, 1, 0
26410, 4917009, 0, 0
26741, 5099906, 1, 0
27380, 5550582, 1, 0
27469, 5321895, 1, 0
27514, 5288213, 0, 0
27710, 5452528, 0, 0
27960, 5672223, 0, 0
28025, 5707397, 0, 0
28056, 5707729, 0, 0
28254, 5500888, 1, 0
28539, 5267166, 0, 0
28539, 5261767, 1, 0
28923, 5093092, 1, 0
29325, 5061310, 1, 0
29371, 4878482, 1, 0
29500, 4710195, 1, 0
29972, 5097378, 0, 0
30153, 5240254, 0, 0
30419, 5190175, 0, 0
30419, 5051285, 1, 0
30505, 5213432, 0, 0
30825, 5246646, 0, 0
30825, 5171658, 1, 0
31179, 5142049, 1, 0
31612, 5162271, 0, 0
31612, 5402961, 1, 0
31879, 5468466, 1, 0
32036, 5294536, 1, 0
32499, 5119136, 1, 0
32543, 5073744, 0, 0
32721, 5207123, 0, 0
33316, 5605914, 1, 0
33406, 5445602, 1, 0
33813, 5788160, 0, 0
34221, 6164887, 0, 0
34544, 6326785, 1, 0
34644, 6389609, 0, 0
34849, 6565153, 0, 0
35108, 6568516, 1, 0
35227, 6568880, 1, 0
35300, 6557921, 0, 0
35353, 6430189, 1, 0
35593, 6222808, 0, 0
35593, 6079313, 1, 0
35781, 6281013, 1, 0
36005, 6032757, 1, 0
36273, 6066825, 0, 0
36273, 5896033, 1, 0
36623, 6040110, 0, 0
36623, 5905445, 1, 0
36940, 6080062, 1, 0
37052, 6157870, 0, 0
37259, 6079939, 1, 0
37561, 6083532, 0, 0
37561, 5582462, 1, 0
37771, 5228476, 0, 0
37771, 5121836, 1, 0
38209, 4550121, 0, 0
38209, 4485623, 1, 0
38456, 3912912, 1, 0
38595, 3951282, 0, 0
38851, 3664538, 1, 0
39181, 3737120, 0, 0
39403, 3998092, 0, 0
39670, 4076753, 1, 0
39832, 4051461, 1, 0
40347, 4342396, 1, 0
40423, 4373610, 0, 0
40674, 4400234, 1, 0
40830, 4505312, 0, 0
41137, 4540956, 0, 0
41137, 4513360, 1, 0
41281, 4527702, 0, 0
41281, 4340177, 1, 0
41683, 4227830, 0, 0
41683, 4215636, 1, 0
41975, 4603283, 0, 0
42011, 4449924, 1, 0
42511, 4551250, 0, 0
42865, 4940036, 0, 0
43510, 5554129, 0, 0
43707, 5722675, 0, 0
44137, 5927947, 0, 0
44674, 6217411, 1, 0
44798, 6203566, 0, 0
44948, 6323047, 0, 0
44978, 6276418, 0, 0
45045, 6194212, 1, 0
45103, 6157582, 0, 0
45497, 6316324, 1, 0
45610, 6207343, 1, 0
45840, 6169696, 1, 0
45869, 6037086, 1, 0
46173, 5825102, 1, 0
46352, 5929805, 0, 0
46535, 5751938, 1, 0
46796, 5820095, 0, 0
47107, 5970401, 1, 0
47572, 6345026, 0, 0
47841, 6560711, 0, 0
47932, 6582519, 0, 0
48086, 6693019, 0, 0
48320, 6896652, 0, 0
48587, 6904128, 1, 0
49033, 7058020, 1, 0
49139, 7127756, 0, 0
49279, 7010276, 0, 0
49279, 6875954, 1, 0
49510, 6222606, 1, 0
49840, 6133133, 1, 0
50324, 6187241, 1, 0
50672, 5997972, 1, 0
51020, 6221103, 1, 0
51224, 6276212, 0, 0
51339, 6360778, 0, 0
51424, 6378659, 0, 0
51577, 6473891, 0, 0
51978, 6264377, 1, 0
52088, 6247904, 0, 0
52263, 6274862, 0, 0
52263, 6089999, 1, 0
52802, 6196926, 1, 0
52861, 6325256, 0, 0
53240, 6443440, 1, 0
53443, 6335979, 1, 0
53826, 6254431, 1, 0
54075, 6234041, 1, 0
54458, 6525546, 0, 0
54851, 6764846, 0, 0
54964, 6644414, 1, 0
55078, 6491636, 1, 0
55123, 6090194, 1, 0
55342, 6104058, 0, 0
55707, 6309552, 0, 0
55913, 6602344, 0, 0
56043, 6532956, 1, 0
56328, 5933082, 1, 0
56837, 5413209, 0, 0
56837, 5226483, 1, 0
57079, 5501486, 1, 0
57138, 5480045, 0, 0
57427, 5448448, 1, 0
57506, 5418419, 0, 0
57948, 5340937, 0, 0
57948, 5145700, 1, 0
58245, 5384472, 0, 0
58434, 5194179, 1, 0
58709, 5265672, 1, 0
58826, 4999441, 1, 0
59267, 4796512, 0, 0
59267, 4302478, 1, 0
59685, 4606381, 0, 0
59798, 4675011, 0, 0
59888, 4702212, 0, 0
60036, 4601046, 0, 0
60036, 4594585, 1, 0
60036, 2173986, 0, 0
60036, 2322546, 1, 0
7238, 6397292, 0, 0
7488, 6053598, 0, 0
7744, 5662616, 1, 0
8072, 5861458, 1, 0
8378, 5846913, 1, 0
8558, 5787903, 0, 0
8666, 5001333, 1, 0
8957, 5133109, 1, 0
9032, 4995541, 1, 0
9299, 5209150, 0, 0
9563, 5438685, 0, 0
9737, 5544054, 0, 0
9777, 5447083, 1, 0
9994, 5488362, 1, 0
10070, 5526194, 0, 0
10101, 5203395, 1, 0
10312, 5253375, 1, 0
10672, 5256740, 1, 0
10714, 5236501, 0, 0
10752, 5154476, 0, 0
10821, 5016675, 1, 0
11012, 5121219, 0, 0
11079, 5060041, 1, 0
11121, 5016609, 0, 0
11265, 5129483, 0, 0
11557, 5391117, 0, 0
11750, 5096600, 1, 0
11951, 5180699, 0, 0
12046, 5178836, 0, 0
12219, 5306130, 0, 0
12694, 5720736, 0, 0
12749, 5511127, 1, 0
12778, 5290658, 1, 0
12960, 5216057, 0, 0
13069, 4996915, 1, 0
13108, 4729735, 1, 0
13138, 4580467, 1, 0
13244, 4577952, 0, 0
13293, 4335086, 1, 0
13440, 4407831, 0, 0
13577, 4277678, 1, 0
13701, 4137206, 1, 0
13756, 4018659, 1, 0
13880, 4102246, 0, 0
14213, 4218801, 1, 0
14291, 4221182, 0, 0
14531, 4430264, 0, 0
14849, 4536562, 1, 0
14902, 4230211, 1, 0
14941, 4226402, 0, 0
14994, 4242161, 0, 0
15203, 4381727, 0, 0
15475, 4463078, 1, 0
15561, 4481989, 0, 0
15905, 4783556, 0, 0
16035, 4769681, 0, 0
16072, 4514657, 1, 0
16333, 4582762, 1, 0
16582, 4631732, 1, 0
16787, 4740997, 0, 0
16843, 4624394, 1, 0
16946, 4251981, 1, 0
17008, 4258708, 0, 0
17213, 4434469, 0, 0
17522, 4561807, 1, 0
17672, 4602639, 1, 0
17928, 4820220, 0, 0
18015, 4876341, 0, 0
18113, 4868726, 0, 0
18301, 5008629, 0, 0
18392, 4951689, 1, 0
18506, 4928851, 0, 0
18567, 4865992, 1, 0
18645, 4889210, 0, 0
18816, 4936410, 1, 0
19227, 4936097, 0, 0
19227, 4643146, 1, 0
19405, 4873964, 1, 0
19547, 4697690, 1, 0
19817, 4914798, 0, 0
20050, 4989826, 0, 0
20251, 4689955, 0, 0
20251, 4833707, 1, 0
20501, 4465661, 0, 0
20501, 4536689, 1, 0
20880, 4493238, 0, 0
20880, 4341709, 1, 0
21064, 4277247, 1, 0
21601, 4757745, 0, 0
21779, 4833611, 0, 0
22043, 5035852, 0, 0
22216, 5003227, 1, 0
22501, 4979484, 0, 0
22616, 4943827, 1, 0
23126, 5111657, 0, 0
23126, 4766668, 1, 0
23198, 5085295, 0, 0
23331, 5030303, 1, 0
23627, 5026172, 0, 0
23627, 4981469, 1, 0
23885, 5074880, 0, 0
24123, 5108018, 0, 0
24123, 4896227, 1, 0
24320, 4774229, 1, 0
24680, 4862579, 1, 0
24753, 4888788, 0, 0
25002, 4951980, 1, 0
25491, 5052866, 0, 0
25587, 5145723, 0, 0
25783, 5177477, 0, 0
26182, 5462874, 1, 0
26420, 5539766, 0, 0
26521, 5456145, 1, 0
26868, 4905720, 1, 0
27091, 4661367, 1, 0
27355, 4739125, 0, 0
27558, 4863463, 0, 0
27839, 4641560, 0, 0
27839, 4502927, 1, 0
28318, 4934591, 0, 0
28318, 4611534, 1, 0
28368, 4880776, 0, 0
28653, 5026209, 1, 0
28823, 5097452, 0, 0
29412, 5160226, 0, 0
29412, 5056616, 1, 0
29532, 5351372, 0, 0
29642, 5322674, 1, 0
30000, 4980650, 0, 0
30000, 5010580, 1, 0
30127, 5070451, 0, 0
30376, 5167783, 1, 0
30572, 5081522, 1, 0
30964, 5231603, 0, 0
31249, 5466284, 1, 0
31383, 5201027, 1, 0
31738, 5053047, 0, 0
31738, 5007299, 1, 0
31954, 5286448, 0, 0
32239, 5371701, 0, 0
32408, 5459733, 0, 0
32673, 5581781, 0, 0
33098, 5743043, 0, 0
33158, 5599997, 1, 0
33581, 5563315, 0, 0
33581, 5741508, 1, 0
33638, 5695077, 0, 0
33806, 5437989, 0, 0
33806, 5394105, 1, 0
34021, 5159423, 1, 0
34320, 4868362, 0, 0
34320, 4696555, 1, 0
34697, 4861124, 0, 0
34906, 4906710, 1, 0
35103, 4796363, 1, 0
35535, 4737098, 1, 0
35644, 4679826, 1, 0
35789, 4540119, 1, 0
36013, 4630519, 0, 0
36281, 4854462, 0, 0
36590, 4901487, 0, 0
36590, 4851948, 1, 0
36842, 4692633, 1, 0
37033, 4625300, 0, 0
37260, 4317962, 1, 0
37634, 4385175, 0, 0
37814, 4233169, 1, 0
38287, 4649109, 0, 0
38342, 4629938, 0, 0
38821, 4772623, 0, 0
39136, 5161056, 0, 0
39181, 5160428, 0, 0
39423, 5367900, 0, 0
39729, 5443283, 0, 0
40268, 5948152, 1, 0
40371, 5909039, 0, 0
40587, 5889663, 1, 0
40638, 5731574, 1, 0
40780, 5787259, 0, 0
41013, 5910011, 0, 0
41492, 5944177, 1, 0
41572, 5927734, 0, 0
41802, 5667337, 1, 0
42194, 5579041, 0, 0
42194, 5603604, 1, 0
42437, 5700223, 0, 0
42635, 5793552, 0, 0
43022, 5988805, 1, 0
43206, 6059252, 1, 0
43251, 5991365, 0, 0
43531, 6044163, 1, 0
43860, 6226445, 0, 0
44158, 6343559, 1, 0
44264, 5921918, 0, 0
44264, 5941660, 1, 0
44632, 6020666, 0, 0
44632, 5810758, 1, 0
44783, 5647066, 1, 0
45138, 5956798, 0, 0
45606, 6112660, 0, 0
45606, 5806448, 1, 0
45929, 6200122, 1, 0
45985, 5716945, 1, 0
46057, 5685945, 0, 0
46403, 5765460, 0, 0
46403, 5625222, 1, 0
46587, 5806768, 1, 0
46771, 5645593, 1, 0
47045, 5472999, 0, 0
47045, 5501136, 1, 0
47257, 5592258, 0, 0
47514, 5471400, 0, 0
47514, 5445577, 1, 0
47772, 5334379, 1, 0
48071, 5048971, 0, 0
48071, 5247201, 1, 0
48351, 4966977, 0, 0
48351, 4879502, 1, 0
48642, 4412749, 0, 0
48642, 4445564, 1, 0
49068, 4804009, 0, 0
49393, 4941238, 0, 0
49482, 4850580, 0, 0
49773, 4990688, 1, 0
50131, 4993064, 1, 0
50178, 4948569, 0, 0
50559, 4952991, 1, 0
50646, 4716745, 0, 0
50981, 4996116, 0, 0
51019, 4961600, 0, 0
51269, 5056896, 1, 0
51597, 4898094, 0, 0
51597, 4929652, 1, 0
51797, 5026009, 0, 0
52304, 4969847, 0, 0
52304, 4852554, 1, 0
52358, 5101211, 0, 0
52666, 5293491, 0, 0
52754, 5251883, 0, 0
53225, 5182334, 1, 0
53417, 5345723, 1, 0
53772, 5626718, 0, 0
53915, 5697213, 0, 0
54117, 5765516, 1, 0
54466, 5870380, 0, 0
54801, 6159376, 1, 0
54972, 5903659, 1, 0
55244, 5850255, 1, 0
55300, 5818072, 0, 0
55502, 5728675, 1, 0
55840, 5554203, 0, 0
56155, 5508908, 0, 0
56155, 5411938, 1, 0
56889, 5908222, 1, 0
57106, 6086975, 0, 0
57157, 5888102, 1, 0
57435, 6047375, 1, 0
57520, 6057342, 0, 0
57725, 6127602, 1, 0
57797, 6000196, 1, 0
58075, 6043638, 0, 0
58075, 5770825, 1, 0
58275, 5917501, 0, 0
58602, 5891561, 0, 0
58602, 5698824, 1, 0
58807, 5971548, 0, 0
59053, 5828812, 1, 0
59545, 5427798, 0, 0
59545, 5464661, 1, 0
59612, 5428130, 0, 0
59753, 5287277, 1, 0
60070, 5269437, 0, 0
60070, 2113286, 0, 0
60070, 2575302, 1, 0
8535, 8378569, 0, 0
8792, 8607053, 0, 0
9090, 8193243, 0, 0
9178, 7446147, 1, 0
9215, 7111261, 1, 0
9419, 7185858, 1, 0
9578, 6579393, 0, 0
9616, 6032722, 0, 0
9646, 5883477, 1, 0
9868, 5966777, 1, 0
9996, 5688514, 1, 0
10032, 5384219, 1, 0
10303, 5376066, 0, 0
10363, 5140313, 1, 0
10663, 5051284, 1, 0
11142, 5439571, 0, 0
11372, 5636611, 0, 0
11430, 5534773, 1, 0
11719, 5662812, 1, 0
11824, 5546367, 1, 0
12082, 5752461, 0, 0
12566, 6206035, 0, 0
12650, 6260116, 0, 0
12737, 6277011, 0, 0
12950, 6319840, 0, 0
13164, 6186433, 1, 0
13452, 6223523, 1, 0
13622, 6143120, 1, 0
14016, 6310822, 0, 0
14315, 6251891, 1, 0
14366, 6074960, 1, 0
14725, 6190316, 1, 0
14998, 6206323, 1, 0
15050, 5960017, 1, 0
15172, 5994081, 0, 0
15230, 6015636, 0, 0
15260, 5841305, 1, 0
15466, 5887857, 1, 0
15609, 5992508, 0, 0
15653, 6007481, 0, 0
16089, 6220942, 1, 0
16142, 6145655, 1, 0
16171, 6138875, 0, 0
16394, 6090437, 1, 0
16639, 6275712, 0, 0
16677, 6014248, 1, 0
17039, 5897480, 1, 0
17277, 5904529, 1, 0
17318, 5887549, 0, 0
17347, 5627896, 1, 0
17383, 5559516, 0, 0
17651, 5568970, 1, 0
17700, 5134719, 1, 0
17730, 5079375, 0, 0
17930, 5192900, 0, 0
18185, 5234971, 1, 0
18417, 5253296, 1, 0
18601, 5148808, 1, 0
18684, 5062009, 1, 0
18715, 4698952, 1, 0
18747, 4431719, 1, 0
18987, 4621500, 0, 0
19052, 4326679, 1, 0
19083, 4084441, 1, 0
19113, 4063141, 0, 0
19327, 4154537, 1, 0
19431, 4200298, 0, 0
19538, 4277475, 0, 0
19779, 4312943, 1, 0
20010, 4401148, 0, 0
20290, 4636574, 0, 0
20520, 4431195, 1, 0
20567, 4425170, 0, 0
20709, 4537901, 0, 0
20869, 4475344, 1, 0
20951, 4312434, 1, 0
21453, 4775431, 0, 0
21498, 4458559, 1, 0
21640, 4363259, 1, 0
21683, 4365016, 0, 0
21829, 4482649, 0, 0
21904, 4521178, 0, 0
21937, 4285520, 1, 0
22170, 4469956, 0, 0
22453, 4722778, 0, 0
22699, 4768625, 1, 0
23160, 4975358, 1, 0
23346, 4928983, 1, 0
23541, 4939628, 1, 0
23590, 4905479, 0, 0
23772, 5057312, 0, 0
23841, 5094717, 0, 0
24118, 5130501, 1, 0
24312, 5260334, 0, 0
24490, 5407529, 0, 0
24682, 5569424, 0, 0
24728, 5400922, 1, 0
24926, 5495681, 0, 0
25108, 5569742, 1, 0
25477, 5698557, 0, 0
25762, 5751676, 1, 0
26002, 5711958, 1, 0
26284, 5763991, 1, 0
26599, 6031819, 0, 0
26658, 5949258, 1, 0
26701, 5832316, 1, 0
27379, 5780078, 0, 0
27379, 5925718, 1, 0
27634, 6136208, 0, 0
27762, 6121629, 1, 0
27981, 6298531, 0, 0
28093, 6263474, 1, 0
28123, 6218148, 0, 0
28385, 6448628, 0, 0
28755, 5908250, 1, 0
28867, 5520947, 1, 0
29246, 5705178, 1, 0
29475, 5884857, 0, 0
29771, 5998883, 1, 0
29837, 5995475, 0, 0
30023, 5728606, 1, 0
30355, 5627548, 0, 0
30355, 5601232, 1, 0
30551, 5624164, 1, 0
30824, 5445286, 1, 0
31179, 4981081, 1, 0
31629, 5029621, 1, 0
31668, 5009540, 0, 0
31778, 5076405, 0, 0
32327, 5084901, 0, 0
32327, 4581686, 1, 0
32427, 4664855, 0, 0
32676, 4694809, 1, 0
33108, 5015510, 0, 0
33548, 5425689, 0, 0
33728, 5342952, 1, 0
33759, 5335581, 0, 0
33860, 5407038, 0, 0
34299, 5464200, 0, 0
34299, 5544222, 1, 0
34451, 5584196, 1, 0
34701, 5233515, 1, 0
34750, 4978981, 1, 0
35042, 4944037, 0, 0
35042, 5019024, 1, 0
35417, 5252614, 1, 0
35537, 5326164, 0, 0
35923, 5271513, 0, 0
35923, 5177296, 1, 0
36085, 5261602, 1, 0
36400, 5518666, 0, 0
36593, 5662187, 0, 0
36758, 5339748, 1, 0
37127, 5271674, 0, 0
37127, 5349250, 1, 0
37300, 5409871, 0, 0
37580, 5253041, 1, 0
37883, 5224379, 0, 0
37883, 5206395, 1, 0
38431, 5322366, 1, 0
38779, 5230989, 1, 0
38954, 5225486, 0, 0
39192, 5433286, 0, 0
39453, 5593309, 0, 0
39551, 5602465, 0, 0
39615, 5315830, 1, 0
39750, 5298517, 0, 0
40436, 5539052, 0, 0
40436, 5269975, 1, 0
40495, 5715789, 0, 0
40588, 5778480, 0, 0
40770, 5467355, 1, 0
41041, 5384797, 0, 0
41041, 5278002, 1, 0
41483, 5316410, 1, 0
41750, 5350115, 1, 0
42133, 5540239, 1, 0
42288, 5559737, 0, 0
42353, 5594479, 0, 0
42614, 5465808, 1, 0
43268, 6083878, 0, 0
43341, 6040565, 0, 0
43566, 5985858, 1, 0
43603, 5952262, 0, 0
44039, 5411034, 1, 0
44078, 5124753, 0, 0
44283, 5090933, 1, 0
44797, 4832288, 0, 0
44797, 4777135, 1, 0
44834, 4863194, 0, 0
45220, 4515231, 0, 0
45220, 4427646, 1, 0
45257, 4634234, 0, 0
45609, 4503682, 0, 0
45609, 4569727, 1, 0
46104, 4617419, 0, 0
46104, 4371614, 1, 0
46142, 4009254, 1, 0
46260, 3972415, 1, 0
46513, 4117942, 0, 0
46984, 3822556, 1, 0
47549, 4208215, 0, 0
47627, 4060711, 1, 0
47775, 4171520, 0, 0
47897, 4266754, 0, 0
48086, 4429635, 0, 0
48330, 4290677, 1, 0
48597, 4518423, 0, 0
49205, 4875027, 0, 0
49205, 4375321, 1, 0
49256, 4897388, 0, 0
49508, 5122135, 0, 0
49850, 5423501, 0, 0
49897, 5099321, 1, 0
50242, 5408362, 0, 0
50624, 5760554, 0, 0
50809, 5915801, 0, 0
50953, 5732999, 1, 0
51247, 5990061, 0, 0
51367, 6077998, 0, 0
51554, 6235002, 0, 0
52009, 6350806, 0, 0
52009, 6122788, 1, 0
52508, 6821884, 0, 0
52602, 6886042, 0, 0
52934, 6829697, 1, 0
53299, 7156658, 0, 0
53354, 7093069, 1, 0
53617, 7157563, 1, 0
53781, 7268013, 0, 0
53927, 7383260, 0, 0
54457, 6830309, 0, 0
54457, 6718881, 1, 0
54527, 6752822, 1, 0
54887, 6989908, 1, 0
55123, 7037167, 1, 0
55341, 7011204, 1, 0
55413, 6816606, 1, 0
55706, 7047425, 0, 0
55935, 6729083, 1, 0
56145, 6889704, 0, 0
56289, 6780777, 1, 0
57032, 6484623, 0, 0
57032, 6361632, 1, 0
57231, 6422138, 0, 0
57287, 6333799, 0, 0
57334, 6086713, 1, 0
57652, 6057654, 1, 0
57892, 6159856, 1, 0
58112, 6102931, 1, 0
58417, 5815470, 0, 0
58417, 5712550, 1, 0
58689, 5754845, 1, 0
59003, 5703783, 1, 0
59284, 5930625, 0, 0
59503, 5885233, 1, 0
59744, 5962769, 0, 0
59818, 5891106, 1, 0
60126, 6154645, 0, 0
60126, 3172663, 0, 0
60126, 2928337, 1, 0
