430, 706, 1, 0
680, 1181, 1, 0
930, 1469, 1, 0
1180, 1823, 1, 0
1431, 2180, 1, 0
1681, 2793, 1, 0
1931, 1986, 1, 0
2181, 1763, 1, 0
2431, 677, 1, 0
2681, 2060, 1, 0
2931, 1095, 1, 0
3181, 2422, 1, 0
3431, 2496, 1, 0
3681, 2013, 1, 0
3931, 863, 1, 0
4181, 2143, 1, 0
4432, 3268, 1, 0
4682, 1703, 1, 0
5182, 361, 1, 0
5932, 296, 1, 0
6182, 574, 1, 0
6682, 712, 1, 0
7683, 600, 1, 0
7933, 3039, 1, 0
8183, 1755, 1, 0
8433, 2660, 1, 0
8683, 2337, 1, 0
8933, 2207, 1, 0
9183, 1976, 1, 0
9933, 923, 1, 0
10184, 2700, 1, 0
10434, 3032, 1, 0
10684, 2304, 1, 0
10934, 2682, 1, 0
11184, 3087, 1, 0
11434, 3281, 1, 0
11684, 4350, 1, 0
11934, 4239, 1, 0
12434, 1152, 1, 0
12684, 2967, 1, 0
13185, 2326, 1, 0
13435, 2924, 1, 0
13685, 2142, 1, 0
13935, 2501, 1, 0
14185, 2041, 1, 0
14435, 2344, 1, 0
14685, 2326, 1, 0
14935, 2988, 1, 0
15185, 3098, 1, 0
15435, 3043, 1, 0
15686, 2403, 1, 0
15936, 2110, 1, 0
16186, 3027, 1, 0
16436, 2761, 1, 0
16686, 2743, 1, 0
16936, 1834, 1, 0
17186, 1926, 1, 0
17436, 1963, 1, 0
17686, 1045, 1, 0
17936, 2348, 1, 0
18186, 2477, 1, 0
18437, 3029, 1, 0
18687, 2599, 1, 0
18937, 2782, 1, 0
19187, 2361, 1, 0
19437, 2416, 1, 0
19687, 3386, 1, 0
19937, 4485, 1, 0
20187, 2645, 1, 0
20437, 2242, 1, 0
20687, 2068, 1, 0
20937, 2288, 1, 0
21187, 1739, 1, 0
21437, 1693, 1, 0
21688, 767, 1, 0
21938, 1378, 1, 0
22188, 1607, 1, 0
22438, 949, 1, 0
22688, 1251, 1, 0
22938, 2484, 1, 0
23188, 2849, 1, 0
23438, 2602, 1, 0
23688, 1579, 1, 0
23938, 2547, 1, 0
24188, 3050, 1, 0
24439, 2933, 1, 0
24689, 1703, 1, 0
24939, 2523, 1, 0
25189, 2232, 1, 0
25439, 2815, 1, 0
25689, 1804, 1, 0
25939, 2624, 1, 0
26189, 2861, 1, 0
26439, 2487, 1, 0
26689, 2068, 1, 0
26939, 2952, 1, 0
27189, 2979, 1, 0
27440, 2681, 1, 0
27690, 1036, 1, 0
27940, 2472, 1, 0
28190, 2463, 1, 0
28440, 1754, 1, 0
28690, 4045, 1, 0
28940, 3000, 1, 0
29190, 3054, 1, 0
29440, 1363, 1, 0
29690, 2636, 1, 0
29941, 2118, 1, 0
30191, 2539, 1, 0
30441, 943, 1, 0
30691, 2748, 1, 0
30941, 2748, 1, 0
31191, 2993, 1, 0
31441, 1414, 1, 0
31691, 4471, 1, 0
31941, 4036, 1, 0
32191, 5541, 1, 0
32441, 4018, 1, 0
32691, 2811, 1, 0
32942, 2796, 1, 0
33192, 2814, 1, 0
33442, 3493, 1, 0
33692, 2180, 1, 0
33942, 2633, 1, 0
34192, 1312, 1, 0
34442, 2380, 1, 0
34692, 2018, 1, 0
34942, 2090, 1, 0
35192, 2606, 1, 0
35442, 1357, 1, 0
35692, 2307, 1, 0
35943, 2871, 1, 0
36193, 2952, 1, 0
36443, 2112, 1, 0
36693, 4388, 1, 0
36943, 2528, 1, 0
37193, 4884, 1, 0
37443, 4027, 1, 0
37943, 2726, 1, 0
38193, 2085, 1, 0
38443, 2275, 1, 0
38694, 2666, 1, 0
38944, 1873, 1, 0
39194, 1450, 1, 0
39444, 405, 1, 0
39694, 2396, 1, 0
39944, 2576, 1, 0
40194, 2837, 1, 0
40444, 2135, 1, 0
40694, 3864, 1, 0
40944, 2144, 1, 0
41194, 612, 1, 0
41444, 1918, 1, 0
41695, 2184, 1, 0
41945, 2013, 1, 0
42195, 2148, 1, 0
42445, 1923, 1, 0
42695, 2067, 1, 0
42945, 2579, 1, 0
43195, 296, 1, 0
43445, 1707, 1, 0
43695, 2121, 1, 0
43945, 1725, 1, 0
44195, 530, 1, 0
44445, 1555, 1, 0
44696, 1739, 1, 0
44946, 1847, 1, 0
45196, 2008, 1, 0
45446, 1704, 1, 0
45696, 1390, 1, 0
45946, 1354, 1, 0
46196, 1686, 1, 0
46446, 2475, 1, 0
46696, 2134, 1, 0
46946, 2286, 1, 0
47196, 2959, 1, 0
47447, 3659, 1, 0
47697, 2774, 1, 0
47947, 2263, 1, 0
48197, 2111, 1, 0
48447, 2926, 1, 0
48697, 2765, 1, 0
48947, 2630, 1, 0
49197, 2541, 1, 0
49447, 519, 1, 0
50198, 866, 1, 0
50448, 660, 1, 0
50698, 2464, 1, 0
50948, 2848, 1, 0
51198, 2598, 1, 0
51448, 2580, 1, 0
51698, 2848, 1, 0
51948, 883, 1, 0
52198, 2008, 1, 0
52448, 2455, 1, 0
52698, 2660, 1, 0
52948, 2705, 1, 0
53199, 2975, 1, 0
53449, 2930, 1, 0
53699, 2645, 1, 0
53949, 3412, 1, 0
54199, 3590, 1, 0
54449, 2815, 1, 0
54699, 2369, 1, 0
54949, 2886, 1, 0
55199, 1416, 1, 0
55449, 1968, 1, 0
55699, 2556, 1, 0
55950, 3466, 1, 0
56200, 2400, 1, 0
56450, 2817, 1, 0
56700, 2800, 1, 0
56950, 2240, 1, 0
57200, 3075, 1, 0
57450, 2951, 1, 0
57700, 2542, 1, 0
57950, 3386, 1, 0
58200, 1991, 1, 0
58450, 2328, 1, 0
58700, 2408, 1, 0
58951, 2004, 1, 0
59201, 2217, 1, 0
59451, 2758, 1, 0
59701, 2820, 1, 0
59951, 2456, 1, 0
430, 437, 1, 0
680, 837, 1, 0
930, 1218, 1, 0
1180, 1348, 1, 0
1431, 1587, 1, 0
1681, 2143, 1, 0
1931, 2338, 1, 0
2181, 3638, 1, 0
2431, 3972, 1, 0
2681, 3359, 1, 0
2931, 1475, 1, 0
3181, 2849, 1, 0
3431, 3313, 1, 0
3681, 2051, 1, 0
3931, 751, 1, 0
4181, 2245, 1, 0
4432, 2694, 1, 0
4682, 1481, 1, 0
4932, 2120, 1, 0
5182, 2518, 1, 0
5432, 5324, 1, 0
5682, 4537, 1, 0
5932, 3759, 1, 0
6182, 4611, 1, 0
6432, 5518, 1, 0
6682, 814, 1, 0
7683, 618, 1, 0
7933, 3066, 1, 0
8183, 1515, 1, 0
8433, 3131, 1, 0
8683, 3094, 1, 0
8933, 2521, 1, 0
9183, 2004, 1, 0
9933, 914, 1, 0
10184, 2562, 1, 0
10434, 2737, 1, 0
10684, 1990, 1, 0
10934, 1493, 1, 0
11184, 2635, 1, 0
11434, 2211, 1, 0
11684, 875, 1, 0
12184, 46, 1, 0
12434, 626, 1, 0
12684, 2322, 1, 0
13185, 1590, 1, 0
13435, 2335, 1, 0
13685, 2308, 1, 0
13935, 2694, 1, 0
14185, 2390, 1, 0
14435, 2427, 1, 0
14685, 2133, 1, 0
14935, 2335, 1, 0
15185, 2639, 1, 0
15435, 2859, 1, 0
15686, 2311, 1, 0
15936, 2009, 1, 0
16186, 3192, 1, 0
16436, 2972, 1, 0
16686, 3339, 1, 0
16936, 1688, 1, 0
17186, 3055, 1, 0
17436, 1871, 1, 0
17686, 1055, 1, 0
17936, 2339, 1, 0
18186, 2376, 1, 0
18436, 2596, 1, 0
18687, 3002, 1, 0
18937, 3139, 1, 0
19187, 2334, 1, 0
19437, 1784, 1, 0
19687, 201, 1, 0
19937, 842, 1, 0
20187, 2736, 1, 0
20437, 2508, 1, 0
20687, 2123, 1, 0
20937, 2178, 1, 0
21187, 1693, 1, 0
21437, 1693, 1, 0
21688, 840, 1, 0
21938, 3570, 1, 0
22188, 3050, 1, 0
22438, 1853, 1, 0
22688, 1643, 1, 0
22938, 2630, 1, 0
23188, 2557, 1, 0
23438, 2511, 1, 0
23688, 2328, 1, 0
23938, 2757, 1, 0
24188, 2566, 1, 0
24439, 2523, 1, 0
24689, 2077, 1, 0
24939, 3097, 1, 0
25189, 3006, 1, 0
25439, 2615, 1, 0
25689, 3070, 1, 0
25939, 2706, 1, 0
26189, 2068, 1, 0
26439, 2341, 1, 0
26689, 2113, 1, 0
26939, 2833, 1, 0
27189, 2733, 1, 0
27440, 2581, 1, 0
27690, 963, 1, 0
27940, 2690, 1, 0
28190, 2418, 1, 0
28440, 2118, 1, 0
28690, 1627, 1, 0
28940, 2618, 1, 0
29190, 2054, 1, 0
29440, 1727, 1, 0
29690, 2627, 1, 0
29940, 2000, 1, 0
30191, 2476, 1, 0
30441, 1015, 1, 0
30691, 2585, 1, 0
30941, 1668, 1, 0
31191, 2385, 1, 0
31691, 9, 1, 0
31941, 1097, 1, 0
32441, 2176, 1, 0
32691, 1541, 1, 0
32942, 2253, 1, 0
33192, 2470, 1, 0
33442, 2479, 1, 0
33692, 2932, 1, 0
33942, 2488, 1, 0
34192, 2678, 1, 0
34442, 1909, 1, 0
34692, 1321, 1, 0
34942, 2217, 1, 0
35192, 1846, 1, 0
35442, 1294, 1, 0
35692, 2443, 1, 0
35943, 2898, 1, 0
36193, 2347, 1, 0
36443, 2790, 1, 0
36693, 406, 1, 0
36943, 424, 1, 0
37193, 144, 1, 0
37693, 9, 1, 0
37943, 2699, 1, 0
38193, 1869, 1, 0
38443, 2699, 1, 0
38694, 2918, 1, 0
38944, 2567, 1, 0
39194, 1981, 1, 0
39444, 414, 1, 0
39694, 2783, 1, 0
39944, 2675, 1, 0
40194, 2765, 1, 0
40444, 2000, 1, 0
40694, 1954, 1, 0
40944, 2684, 1, 0
41194, 846, 1, 0
41444, 3054, 1, 0
41695, 2759, 1, 0
41945, 2849, 1, 0
42195, 2543, 1, 0
42445, 1995, 1, 0
42695, 2058, 1, 0
42945, 2588, 1, 0
43195, 638, 1, 0
43445, 1923, 1, 0
43695, 3074, 1, 0
43945, 3505, 1, 0
44195, 871, 1, 0
44445, 3631, 1, 0
44696, 3506, 1, 0
44946, 2547, 1, 0
45196, 1569, 1, 0
45446, 1488, 1, 0
45696, 1632, 1, 0
45946, 1228, 1, 0
46196, 2636, 1, 0
46446, 2295, 1, 0
46696, 1991, 1, 0
46946, 2511, 1, 0
47196, 2044, 1, 0
47447, 1387, 1, 0
47697, 1897, 1, 0
47947, 2362, 1, 0
48197, 3319, 1, 0
48447, 3158, 1, 0
48697, 3158, 1, 0
48947, 2827, 1, 0
49197, 2272, 1, 0
49447, 635, 1, 0
50198, 919, 1, 0
50448, 928, 1, 0
50698, 2482, 1, 0
50948, 2678, 1, 0
51198, 2821, 1, 0
51448, 2794, 1, 0
51698, 2892, 1, 0
51948, 919, 1, 0
52198, 1839, 1, 0
52448, 2848, 1, 0
52698, 3321, 1, 0
52948, 2616, 1, 0
53199, 1069, 1, 0
53449, 2378, 1, 0
53699, 3233, 1, 0
53949, 2601, 1, 0
54199, 2057, 1, 0
54449, 2726, 1, 0
54699, 1906, 1, 0
54949, 2111, 1, 0
55199, 1211, 1, 0
55449, 2316, 1, 0
55699, 2788, 1, 0
55950, 3511, 1, 0
56200, 2595, 1, 0
56450, 2631, 1, 0
56700, 2506, 1, 0
56950, 2346, 1, 0
57200, 1742, 1, 0
57450, 2871, 1, 0
57700, 2808, 1, 0
57950, 844, 1, 0
58200, 3013, 1, 0
58450, 3075, 1, 0
58700, 2773, 1, 0
58951, 1108, 1, 0
59201, 1764, 1, 0
59451, 2669, 1, 0
59701, 2501, 1, 0
59951, 2439, 1, 0
430, 409, 1, 0
680, 818, 1, 0
930, 1218, 1, 0
1180, 1395, 1, 0
1430, 1497, 1, 0
1680, 2288, 1, 0
1931, 2301, 1, 0
2181, 1698, 1, 0
2431, 788, 1, 0
2681, 2051, 1, 0
2931, 1048, 1, 0
3181, 2886, 1, 0
3431, 2904, 1, 0
3681, 2774, 1, 0
3931, 890, 1, 0
4181, 2830, 1, 0
4431, 2877, 1, 0
4682, 1601, 1, 0
5182, 314, 1, 0
5932, 212, 1, 0
6182, 638, 1, 0
6682, 629, 1, 0
7683, 471, 1, 0
7933, 2531, 1, 0
8183, 1496, 1, 0
8433, 1893, 1, 0
8683, 1745, 1, 0
8933, 1394, 1, 0
9183, 1404, 1, 0
9933, 2318, 1, 0
10183, 2558, 1, 0
10434, 2746, 1, 0
10684, 2285, 1, 0
10934, 1529, 1, 0
11184, 3290, 1, 0
11434, 3023, 1, 0
11684, 1299, 1, 0
12434, 1170, 1, 0
12684, 2829, 1, 0
13185, 2262, 1, 0
13435, 2565, 1, 0
13685, 2142, 1, 0
13935, 2694, 1, 0
14185, 2363, 1, 0
14435, 3071, 1, 0
14685, 2574, 1, 0
14935, 2565, 1, 0
15185, 1811, 1, 0
15435, 2445, 1, 0
15685, 2363, 1, 0
15935, 1995, 1, 0
16186, 2917, 1, 0
16436, 2623, 1, 0
16686, 2981, 1, 0
16936, 1825, 1, 0
17186, 1944, 1, 0
17436, 3045, 1, 0
17686, 3844, 1, 0
17936, 2532, 1, 0
18186, 2697, 1, 0
18436, 2266, 1, 0
18686, 2532, 1, 0
18936, 2798, 1, 0
19187, 3002, 1, 0
19437, 2224, 1, 0
19937, 778, 1, 0
20187, 2471, 1, 0
20437, 2480, 1, 0
20687, 2297, 1, 0
20937, 3093, 1, 0
21187, 3688, 1, 0
21437, 2663, 1, 0
21687, 750, 1, 0
21938, 1388, 1, 0
22188, 1543, 1, 0
22438, 949, 1, 0
22688, 1251, 1, 0
22938, 2474, 1, 0
23188, 2767, 1, 0
23438, 2876, 1, 0
23688, 2337, 1, 0
23938, 2840, 1, 0
24188, 2721, 1, 0
24438, 2831, 1, 0
24688, 2484, 1, 0
24939, 2797, 1, 0
25189, 2669, 1, 0
25439, 2369, 1, 0
25689, 1949, 1, 0
25939, 3116, 1, 0
26189, 3161, 1, 0
26439, 2487, 1, 0
26689, 3790, 1, 0
26939, 3006, 1, 0
27189, 2888, 1, 0
27439, 3252, 1, 0
27690, 2790, 1, 0
27940, 2918, 1, 0
28190, 2245, 1, 0
28440, 1781, 1, 0
28690, 1654, 1, 0
28940, 2454, 1, 0
29190, 2545, 1, 0
29440, 2690, 1, 0
29690, 2872, 1, 0
29940, 2100, 1, 0
30190, 2636, 1, 0
30441, 943, 1, 0
30691, 2693, 1, 0
30941, 2848, 1, 0
31191, 3256, 1, 0
31941, 861, 1, 0
32441, 2557, 1, 0
32691, 1460, 1, 0
32941, 2285, 1, 0
33191, 2095, 1, 0
33442, 1719, 1, 0
33692, 2524, 1, 0
33942, 1791, 1, 0
34192, 1529, 1, 0
34442, 1701, 1, 0
34692, 1493, 1, 0
34942, 2352, 1, 0
35192, 1981, 1, 0
35442, 1357, 1, 0
35692, 2208, 1, 0
35942, 2886, 1, 0
36192, 2371, 1, 0
36443, 1977, 1, 0
36693, 406, 1, 0
36943, 623, 1, 0
37193, 108, 1, 0
37693, 18, 1, 0
37943, 2483, 1, 0
38193, 1905, 1, 0
38443, 1887, 1, 0
38693, 2772, 1, 0
38943, 2383, 1, 0
39194, 1873, 1, 0
39444, 387, 1, 0
39694, 2180, 1, 0
39944, 2477, 1, 0
40194, 2864, 1, 0
40444, 2216, 1, 0
40694, 1846, 1, 0
40944, 2405, 1, 0
41194, 621, 1, 0
41444, 1981, 1, 0
41694, 2180, 1, 0
41944, 2009, 1, 0
42195, 2687, 1, 0
42445, 2786, 1, 0
42695, 2939, 1, 0
42945, 2768, 1, 0
43195, 3631, 1, 0
43445, 1707, 1, 0
43695, 2669, 1, 0
43945, 1725, 1, 0
44195, 3523, 1, 0
44445, 1770, 1, 0
44695, 1617, 1, 0
44946, 2726, 1, 0
45196, 3121, 1, 0
45446, 3022, 1, 0
45696, 2753, 1, 0
45946, 1713, 1, 0
46196, 1982, 1, 0
46446, 2430, 1, 0
46696, 2026, 1, 0
46946, 2035, 1, 0
47196, 1973, 1, 0
47446, 1309, 1, 0
47696, 2008, 1, 0
47947, 2013, 1, 0
48197, 2156, 1, 0
48447, 2523, 1, 0
48697, 3131, 1, 0
48947, 2478, 1, 0
49197, 2308, 1, 0
49447, 617, 1, 0
50197, 885, 1, 0
50447, 697, 1, 0
50698, 2928, 1, 0
50948, 2696, 1, 0
51198, 2830, 1, 0
51448, 2491, 1, 0
51698, 2633, 1, 0
51948, 866, 1, 0
52198, 2053, 1, 0
52448, 2071, 1, 0
52698, 1696, 1, 0
52948, 2410, 1, 0
53198, 1062, 1, 0
53448, 2160, 1, 0
53699, 2138, 1, 0
53949, 1826, 1, 0
54199, 1995, 1, 0
54449, 1924, 1, 0
54699, 1977, 1, 0
54949, 2129, 1, 0
55199, 1363, 1, 0
55449, 2307, 1, 0
55699, 2227, 1, 0
55949, 1505, 1, 0
56199, 2209, 1, 0
56450, 2186, 1, 0
56700, 2328, 1, 0
56950, 2524, 1, 0
57200, 2017, 1, 0
57450, 2497, 1, 0
57700, 2480, 1, 0
57950, 3431, 1, 0
58200, 2364, 1, 0
58450, 2293, 1, 0
58700, 2151, 1, 0
58950, 1937, 1, 0
59201, 2270, 1, 0
59451, 3033, 1, 0
59701, 2864, 1, 0
59951, 2376, 1, 0
430, 995, 1, 0
680, 1423, 1, 0
930, 1841, 1, 0
1180, 2306, 1, 0
1431, 2635, 1, 0
1681, 3136, 1, 0
1931, 2078, 1, 0
2181, 1512, 1, 0
2431, 2273, 1, 0
2681, 2821, 1, 0
2931, 1624, 1, 0
3181, 2505, 1, 0
3431, 2941, 1, 0
3681, 2979, 1, 0
3931, 1744, 1, 0
4181, 3628, 1, 0
4431, 3034, 1, 0
4682, 1953, 1, 0
5182, 351, 1, 0
5932, 296, 1, 0
6182, 287, 1, 0
6682, 712, 1, 0
7683, 618, 1, 0
7933, 3270, 1, 0
8183, 1588, 1, 0
8433, 1838, 1, 0
8683, 1736, 1, 0
8933, 1478, 1, 0
9183, 1219, 1, 0
9933, 609, 1, 0
10184, 2377, 1, 0
10434, 2423, 1, 0
10684, 2239, 1, 0
10934, 1511, 1, 0
11184, 2635, 1, 0
11434, 2165, 1, 0
11684, 811, 1, 0
12184, 165, 1, 0
12434, 645, 1, 0
12684, 2230, 1, 0
12935, 9, 1, 0
13185, 1664, 1, 0
13435, 2317, 1, 0
13685, 2445, 1, 0
13935, 2712, 1, 0
14185, 2344, 1, 0
14435, 2767, 1, 0
14685, 2317, 1, 0
14935, 1268, 1, 0
15185, 2004, 1, 0
15435, 2151, 1, 0
15685, 2528, 1, 0
15936, 2155, 1, 0
16186, 2660, 1, 0
16436, 2559, 1, 0
16686, 2880, 1, 0
16936, 1706, 1, 0
17186, 3009, 1, 0
17436, 2440, 1, 0
17686, 1293, 1, 0
17936, 2412, 1, 0
18186, 2495, 1, 0
18436, 2009, 1, 0
18686, 2798, 1, 0
18937, 2892, 1, 0
19187, 3084, 1, 0
19437, 2864, 1, 0
19687, 155, 1, 0
19937, 887, 1, 0
20187, 2910, 1, 0
20437, 2425, 1, 0
20687, 1958, 1, 0
20937, 2114, 1, 0
21187, 1775, 1, 0
21437, 1693, 1, 0
21687, 832, 1, 0
21938, 1360, 1, 0
22188, 3242, 1, 0
22438, 2182, 1, 0
22688, 2036, 1, 0
22938, 2776, 1, 0
23188, 2739, 1, 0
23438, 2410, 1, 0
23688, 1442, 1, 0
23938, 2538, 1, 0
24188, 3013, 1, 0
24438, 2621, 1, 0
24689, 1785, 1, 0
24939, 3061, 1, 0
25189, 2788, 1, 0
25439, 2824, 1, 0
25689, 1694, 1, 0
25939, 2314, 1, 0
26189, 2104, 1, 0
26439, 2305, 1, 0
26689, 2113, 1, 0
26939, 2533, 1, 0
27189, 2742, 1, 0
27439, 2633, 1, 0
27690, 1154, 1, 0
27940, 2718, 1, 0
28190, 3318, 1, 0
28440, 2027, 1, 0
28690, 1709, 1, 0
28940, 2445, 1, 0
29190, 2345, 1, 0
29440, 2172, 1, 0
29690, 2836, 1, 0
29940, 3454, 1, 0
30190, 2709, 1, 0
30441, 789, 1, 0
30691, 3065, 1, 0
30941, 1959, 1, 0
31191, 2321, 1, 0
31941, 743, 1, 0
32441, 2022, 1, 0
32691, 1360, 1, 0
32941, 1895, 1, 0
33192, 2217, 1, 0
33442, 1909, 1, 0
33692, 1918, 1, 0
33942, 1837, 1, 0
34192, 1502, 1, 0
34442, 1873, 1, 0
34692, 443, 1, 0
34942, 1900, 1, 0
35192, 2343, 1, 0
35442, 1692, 1, 0
35692, 3294, 1, 0
35942, 2723, 1, 0
36193, 2898, 1, 0
36443, 2600, 1, 0
36693, 442, 1, 0
36943, 577, 1, 0
37193, 72, 1, 0
37943, 2627, 1, 0
38193, 2257, 1, 0
38443, 2573, 1, 0
38693, 2510, 1, 0
38944, 1783, 1, 0
39194, 1576, 1, 0
39444, 369, 1, 0
39694, 2432, 1, 0
39944, 2585, 1, 0
40194, 3054, 1, 0
40444, 2504, 1, 0
40694, 1810, 1, 0
40944, 2621, 1, 0
41194, 864, 1, 0
41444, 3135, 1, 0
41694, 2756, 1, 0
41945, 2480, 1, 0
42195, 3020, 1, 0
42445, 2777, 1, 0
42695, 2939, 1, 0
42945, 2642, 1, 0
43195, 773, 1, 0
43445, 1815, 1, 0
43695, 2121, 1, 0
43945, 1707, 1, 0
44195, 476, 1, 0
44445, 1528, 1, 0
44695, 1591, 1, 0
44946, 2367, 1, 0
45196, 2556, 1, 0
45446, 2654, 1, 0
45696, 3049, 1, 0
45946, 1542, 1, 0
46196, 1901, 1, 0
46446, 2968, 1, 0
46696, 2412, 1, 0
46946, 3399, 1, 0
47196, 3058, 1, 0
47447, 1874, 1, 0
47697, 3069, 1, 0
47947, 3015, 1, 0
48197, 2067, 1, 0
48447, 2487, 1, 0
48697, 2809, 1, 0
48947, 2702, 1, 0
49197, 2102, 1, 0
49447, 545, 1, 0
50197, 805, 1, 0
50448, 669, 1, 0
50698, 2437, 1, 0
50948, 3017, 1, 0
51198, 2794, 1, 0
51448, 3044, 1, 0
51698, 2678, 1, 0
51948, 991, 1, 0
52198, 2214, 1, 0
52448, 1982, 1, 0
52698, 1678, 1, 0
52948, 2035, 1, 0
53198, 848, 1, 0
53449, 2120, 1, 0
53699, 1942, 1, 0
53949, 1318, 1, 0
54199, 1951, 1, 0
54449, 2512, 1, 0
54699, 2494, 1, 0
54949, 2904, 1, 0
55199, 2440, 1, 0
55449, 2013, 1, 0
55699, 2093, 1, 0
55949, 1496, 1, 0
56200, 2480, 1, 0
56450, 2320, 1, 0
56700, 2364, 1, 0
56950, 1982, 1, 0
57200, 2071, 1, 0
57450, 2551, 1, 0
57700, 2746, 1, 0
57950, 906, 1, 0
58200, 2791, 1, 0
58450, 3182, 1, 0
58700, 2613, 1, 0
58951, 1146, 1, 0
59201, 1809, 1, 0
59451, 2953, 1, 0
59701, 2731, 1, 0
59951, 2971, 1, 0
288, 166, 1, 0
538, 194, 1, 0
788, 416, 1, 0
1038, 847, 1, 0
1288, 1250, 1, 0
1538, 125, 1, 0
1788, 361, 1, 0
2038, 83, 1, 0
2289, 694, 1, 0
2539, 1370, 1, 0
3039, 650, 1, 0
3289, 885, 1, 0
4539, 927, 1, 0
4789, 373, 1, 0
5040, 441, 1, 0
5290, 13, 1, 0
6540, 427, 1, 0
6790, 234, 1, 0
7040, 441, 1, 0
8041, 453, 1, 0
8291, 439, 1, 0
8541, 27, 1, 0
9041, 192, 1, 0
9291, 439, 1, 0
10291, 109, 1, 0
10541, 439, 1, 0
11042, 27, 1, 0
12292, 246, 1, 0
12542, 438, 1, 0
12792, 438, 1, 0
13042, 191, 1, 0
13292, 438, 1, 0
14293, 300, 1, 0
14543, 819, 1, 0
14793, 136, 1, 0
15043, 464, 1, 0
15293, 218, 1, 0
16543, 218, 1, 0
16794, 462, 1, 0
17044, 435, 1, 0
17294, 435, 1, 0
19044, 870, 1, 0
20045, 732, 1, 0
20795, 27, 1, 0
21045, 54, 1, 0
22796, 351, 1, 0
23046, 216, 1, 0
23296, 216, 1, 0
23546, 864, 1, 0
23796, 432, 1, 0
26547, 94, 1, 0
27547, 107, 1, 0
28048, 40, 1, 0
28798, 134, 1, 0
29798, 13, 1, 0
30048, 268, 1, 0
30298, 120, 1, 0
30548, 241, 1, 0
30798, 362, 1, 0
31048, 13, 1, 0
33800, 426, 1, 0
34050, 26, 1, 0
34550, 53, 1, 0
35050, 26, 1, 0
35800, 26, 1, 0
36050, 40, 1, 0
36300, 13, 1, 0
36800, 106, 1, 0
37051, 26, 1, 0
38051, 26, 1, 0
38301, 26, 1, 0
38551, 13, 1, 0
38801, 199, 1, 0
39051, 13, 1, 0
39551, 225, 1, 0
39802, 211, 1, 0
40052, 344, 1, 0
40302, 357, 1, 0
40552, 304, 1, 0
40802, 26, 1, 0
41302, 79, 1, 0
42803, 13, 1, 0
43303, 145, 1, 0
43553, 290, 1, 0
44553, 184, 1, 0
44803, 118, 1, 0
45053, 303, 1, 0
46804, 13, 1, 0
47054, 381, 1, 0
47304, 52, 1, 0
48805, 419, 1, 0
49055, 183, 1, 0
50305, 118, 1, 0
50555, 118, 1, 0
50805, 249, 1, 0
51055, 800, 1, 0
51306, 261, 1, 0
51556, 575, 1, 0
52056, 836, 1, 0
52306, 444, 1, 0
52556, 418, 1, 0
53056, 836, 1, 0
53306, 418, 1, 0
53556, 104, 1, 0
53806, 392, 1, 0
54057, 208, 1, 0
54307, 456, 1, 0
54557, 442, 1, 0
55057, 429, 1, 0
55307, 416, 1, 0
55807, 416, 1, 0
56307, 833, 1, 0
56557, 416, 1, 0
56807, 221, 1, 0
57058, 506, 1, 0
57308, 77, 1, 0
57558, 142, 1, 0
57808, 350, 1, 0
58058, 259, 1, 0
58308, 207, 1, 0
58558, 207, 1, 0
58808, 25, 1, 0
59058, 389, 1, 0
59308, 415, 1, 0
59558, 25, 1, 0
59808, 51, 1, 0
60059, 543, 1, 0
288, 416, 1, 0
538, 27, 1, 0
788, 472, 1, 0
1038, 944, 1, 0
1288, 472, 1, 0
1538, 527, 1, 0
1788, 444, 1, 0
2288, 541, 1, 0
2539, 387, 1, 0
2789, 110, 1, 0
3039, 470, 1, 0
3289, 747, 1, 0
3539, 207, 1, 0
4789, 138, 1, 0
5040, 303, 1, 0
5290, 441, 1, 0
6540, 937, 1, 0
6790, 331, 1, 0
7040, 220, 1, 0
8041, 508, 1, 0
8291, 1017, 1, 0
8541, 563, 1, 0
9041, 439, 1, 0
10291, 439, 1, 0
10541, 563, 1, 0
10791, 316, 1, 0
11042, 369, 1, 0
12292, 438, 1, 0
12542, 95, 1, 0
12792, 520, 1, 0
13042, 438, 1, 0
13292, 273, 1, 0
13542, 109, 1, 0
14293, 436, 1, 0
14543, 928, 1, 0
14793, 846, 1, 0
15043, 873, 1, 0
15293, 436, 1, 0
16543, 436, 1, 0
16794, 435, 1, 0
17044, 462, 1, 0
17294, 1292, 1, 0
17794, 435, 1, 0
18794, 448, 1, 0
19044, 911, 1, 0
19294, 421, 1, 0
19795, 461, 1, 0
20045, 881, 1, 0
20795, 501, 1, 0
22796, 351, 1, 0
23046, 513, 1, 0
23296, 432, 1, 0
23546, 216, 1, 0
23796, 540, 1, 0
24046, 81, 1, 0
24296, 405, 1, 0
24546, 500, 1, 0
24796, 554, 1, 0
26547, 53, 1, 0
30048, 429, 1, 0
30298, 429, 1, 0
30548, 429, 1, 0
30798, 859, 1, 0
31048, 1288, 1, 0
31299, 882, 1, 0
31549, 1284, 1, 0
31799, 615, 1, 0
32049, 882, 1, 0
32799, 80, 1, 0
33800, 454, 1, 0
34050, 440, 1, 0
34300, 1066, 1, 0
34550, 253, 1, 0
34800, 453, 1, 0
35050, 13, 1, 0
35550, 853, 1, 0
35800, 1160, 1, 0
36050, 986, 1, 0
36300, 773, 1, 0
36800, 266, 1, 0
37801, 212, 1, 0
38051, 1049, 1, 0
38301, 1873, 1, 0
38551, 1328, 1, 0
38801, 425, 1, 0
39051, 26, 1, 0
39551, 132, 1, 0
39802, 715, 1, 0
40052, 1112, 1, 0
40302, 423, 1, 0
40552, 423, 1, 0
41052, 119, 1, 0
41302, 781, 1, 0
41552, 1509, 1, 0
41802, 1019, 1, 0
42052, 609, 1, 0
42302, 251, 1, 0
42803, 66, 1, 0
43053, 448, 1, 0
43303, 897, 1, 0
43553, 462, 1, 0
44553, 2072, 1, 0
45053, 1280, 1, 0
45303, 422, 1, 0
45554, 421, 1, 0
46054, 1144, 1, 0
46304, 868, 1, 0
46554, 1039, 1, 0
46804, 421, 1, 0
47054, 26, 1, 0
47304, 1092, 1, 0
47554, 697, 1, 0
47804, 342, 1, 0
48305, 26, 1, 0
48555, 340, 1, 0
48805, 498, 1, 0
49055, 839, 1, 0
49305, 419, 1, 0
50305, 944, 1, 0
50555, 786, 1, 0
50805, 419, 1, 0
51055, 839, 1, 0
51306, 418, 1, 0
52056, 836, 1, 0
52306, 248, 1, 0
52556, 431, 1, 0
53056, 418, 1, 0
53306, 627, 1, 0
53556, 418, 1, 0
54057, 91, 1, 0
54307, 820, 1, 0
54557, 416, 1, 0
55057, 677, 1, 0
55307, 182, 1, 0
55557, 130, 1, 0
55807, 182, 1, 0
56057, 234, 1, 0
56307, 416, 1, 0
56557, 442, 1, 0
56807, 143, 1, 0
57058, 298, 1, 0
57308, 207, 1, 0
57558, 194, 1, 0
57808, 324, 1, 0
58058, 311, 1, 0
58308, 428, 1, 0
58808, 324, 1, 0
59058, 103, 1, 0
59308, 415, 1, 0
59558, 155, 1, 0
59808, 259, 1, 0
60059, 207, 1, 0
288, 27, 1, 0
538, 305, 1, 0
788, 472, 1, 0
1038, 930, 1, 0
1288, 444, 1, 0
1538, 458, 1, 0
1788, 444, 1, 0
2289, 500, 1, 0
2539, 276, 1, 0
2789, 27, 1, 0
3039, 179, 1, 0
3289, 692, 1, 0
4539, 69, 1, 0
4789, 96, 1, 0
5040, 358, 1, 0
5290, 441, 1, 0
6540, 455, 1, 0
6790, 13, 1, 0
7040, 427, 1, 0
8041, 508, 1, 0
8541, 439, 1, 0
9041, 357, 1, 0
9291, 82, 1, 0
10291, 439, 1, 0
10541, 27, 1, 0
10792, 27, 1, 0
11042, 315, 1, 0
12292, 438, 1, 0
12542, 191, 1, 0
12792, 369, 1, 0
13042, 95, 1, 0
13292, 438, 1, 0
14293, 436, 1, 0
14543, 204, 1, 0
14793, 136, 1, 0
15043, 436, 1, 0
15543, 13, 1, 0
16543, 368, 1, 0
16794, 503, 1, 0
17044, 258, 1, 0
17794, 299, 1, 0
18794, 204, 1, 0
19044, 231, 1, 0
19545, 94, 1, 0
20045, 447, 1, 0
20795, 94, 1, 0
21045, 271, 1, 0
22796, 67, 1, 0
23046, 283, 1, 0
23296, 175, 1, 0
23546, 837, 1, 0
23796, 445, 1, 0
26547, 67, 1, 0
27547, 94, 1, 0
27797, 13, 1, 0
28048, 26, 1, 0
28798, 134, 1, 0
29798, 26, 1, 0
30048, 295, 1, 0
30298, 120, 1, 0
30548, 429, 1, 0
30798, 134, 1, 0
33800, 426, 1, 0
34050, 26, 1, 0
35800, 40, 1, 0
36050, 40, 1, 0
36300, 26, 1, 0
36800, 40, 1, 0
37051, 252, 1, 0
38051, 26, 1, 0
38301, 13, 1, 0
38551, 13, 1, 0
38801, 385, 1, 0
39051, 13, 1, 0
39551, 26, 1, 0
39802, 437, 1, 0
40052, 490, 1, 0
40302, 423, 1, 0
40552, 370, 1, 0
40802, 13, 1, 0
41302, 39, 1, 0
43303, 422, 1, 0
43553, 145, 1, 0
43803, 250, 1, 0
44553, 26, 1, 0
44803, 52, 1, 0
45053, 422, 1, 0
47054, 421, 1, 0
48305, 52, 1, 0
48805, 432, 1, 0
49055, 432, 1, 0
50305, 183, 1, 0
50555, 236, 1, 0
50805, 340, 1, 0
51056, 445, 1, 0
51306, 392, 1, 0
52056, 418, 1, 0
52306, 26, 1, 0
52556, 431, 1, 0
53056, 705, 1, 0
53306, 339, 1, 0
53556, 300, 1, 0
53806, 104, 1, 0
54307, 13, 1, 0
54557, 586, 1, 0
54807, 39, 1, 0
55057, 872, 1, 0
55307, 208, 1, 0
55557, 625, 1, 0
55807, 833, 1, 0
56057, 429, 1, 0
56557, 26, 1, 0
56807, 807, 1, 0
57058, 38, 1, 0
57308, 415, 1, 0
57808, 337, 1, 0
58058, 77, 1, 0
58308, 779, 1, 0
58558, 285, 1, 0
58808, 415, 1, 0
59058, 415, 1, 0
59308, 831, 1, 0
59558, 415, 1, 0
59808, 415, 1, 0
60059, 323, 1, 0
288, 27, 1, 0
538, 236, 1, 0
788, 472, 1, 0
1038, 944, 1, 0
1288, 444, 1, 0
1538, 486, 1, 0
1788, 444, 1, 0
2289, 555, 1, 0
2539, 221, 1, 0
2789, 27, 1, 0
3039, 207, 1, 0
3289, 650, 1, 0
4539, 83, 1, 0
4789, 152, 1, 0
5040, 303, 1, 0
5290, 441, 1, 0
6540, 441, 1, 0
6790, 13, 1, 0
7040, 427, 1, 0
8041, 577, 1, 0
8291, 13, 1, 0
8541, 439, 1, 0
9041, 357, 1, 0
9291, 82, 1, 0
10291, 453, 1, 0
10541, 13, 1, 0
10792, 54, 1, 0
11042, 246, 1, 0
12292, 438, 1, 0
12542, 315, 1, 0
12792, 287, 1, 0
13042, 191, 1, 0
13292, 438, 1, 0
14293, 436, 1, 0
14543, 81, 1, 0
14793, 191, 1, 0
15043, 464, 1, 0
15543, 13, 1, 0
16543, 327, 1, 0
16794, 544, 1, 0
17044, 204, 1, 0
17294, 27, 1, 0
17794, 326, 1, 0
18794, 244, 1, 0
19044, 190, 1, 0
19545, 81, 1, 0
20045, 786, 1, 0
20795, 488, 1, 0
22796, 108, 1, 0
23046, 756, 1, 0
23296, 432, 1, 0
23796, 567, 1, 0
24046, 148, 1, 0
24296, 378, 1, 0
24546, 527, 1, 0
24796, 837, 1, 0
25046, 243, 1, 0
25547, 875, 1, 0
25797, 1535, 1, 0
26047, 538, 1, 0
26297, 26, 1, 0
26547, 430, 1, 0
30048, 859, 1, 0
30298, 429, 1, 0
30548, 429, 1, 0
30798, 859, 1, 0
31048, 1302, 1, 0
31299, 494, 1, 0
31549, 976, 1, 0
31799, 214, 1, 0
33800, 426, 1, 0
34050, 53, 1, 0
34300, 26, 1, 0
34800, 26, 1, 0
35800, 26, 1, 0
36800, 186, 1, 0
37801, 26, 1, 0
38051, 26, 1, 0
38301, 53, 1, 0
38551, 53, 1, 0
38801, 186, 1, 0
39551, 159, 1, 0
39802, 423, 1, 0
40052, 423, 1, 0
40302, 304, 1, 0
40552, 331, 1, 0
40802, 13, 1, 0
41302, 66, 1, 0
43303, 448, 1, 0
43553, 52, 1, 0
43803, 369, 1, 0
44553, 26, 1, 0
45053, 316, 1, 0
45303, 26, 1, 0
45554, 26, 1, 0
46554, 52, 1, 0
47054, 263, 1, 0
47304, 210, 1, 0
48305, 26, 1, 0
48555, 26, 1, 0
48805, 445, 1, 0
49055, 144, 1, 0
49305, 39, 1, 0
50305, 262, 1, 0
50555, 157, 1, 0
50805, 262, 1, 0
51056, 419, 1, 0
51306, 156, 1, 0
51556, 287, 1, 0
52056, 78, 1, 0
52306, 183, 1, 0
52556, 418, 1, 0
53056, 496, 1, 0
53306, 470, 1, 0
53556, 52, 1, 0
54307, 416, 1, 0
54557, 364, 1, 0
54807, 52, 1, 0
55057, 1055, 1, 0
55307, 325, 1, 0
55807, 234, 1, 0
56057, 169, 1, 0
56557, 52, 1, 0
56807, 872, 1, 0
57058, 181, 1, 0
57308, 389, 1, 0
57558, 25, 1, 0
57808, 129, 1, 0
58058, 285, 1, 0
58808, 51, 1, 0
59558, 233, 1, 0
59808, 415, 1, 0
60059, 414, 1, 0
1250, 32, 1, 0
1499, 1301, 1, 0
1750, 1232, 1, 0
2000, 512, 1, 0
2250, 1024, 1, 0
2500, 544, 1, 0
2750, 528, 1, 0
3000, 560, 1, 0
3250, 16, 1, 0
3500, 528, 1, 0
3750, 720, 1, 0
4250, 64, 1, 0
4500, 688, 1, 0
4750, 976, 1, 0
5250, 512, 1, 0
5500, 1024, 1, 0
5750, 608, 1, 0
6000, 512, 1, 0
6250, 2992, 1, 0
6500, 2016, 1, 0
7000, 64, 1, 0
7251, 320, 1, 0
7500, 64, 1, 0
7750, 320, 1, 0
8000, 640, 1, 0
8250, 288, 1, 0
8500, 688, 1, 0
8750, 48, 1, 0
9250, 496, 1, 0
9500, 144, 1, 0
10000, 400, 1, 0
10250, 528, 1, 0
10750, 32, 1, 0
11000, 480, 1, 0
11750, 64, 1, 0
12500, 960, 1, 0
12750, 512, 1, 0
13001, 940, 1, 0
13250, 80, 1, 0
13500, 48, 1, 0
13750, 464, 1, 0
14000, 512, 1, 0
14250, 512, 1, 0
14750, 512, 1, 0
15250, 512, 1, 0
15750, 512, 1, 0
16000, 512, 1, 0
16250, 784, 1, 0
16500, 304, 1, 0
16750, 512, 1, 0
18000, 512, 1, 0
18250, 512, 1, 0
19500, 512, 1, 0
20000, 512, 1, 0
20250, 224, 1, 0
21250, 512, 1, 0
21500, 304, 1, 0
21750, 240, 1, 0
22000, 512, 1, 0
22250, 320, 1, 0
23000, 512, 1, 0
23250, 160, 1, 0
24500, 352, 1, 0
24750, 672, 1, 0
25000, 640, 1, 0
25250, 528, 1, 0
25500, 272, 1, 0
26000, 560, 1, 0
26250, 1008, 1, 0
26500, 512, 1, 0
27000, 384, 1, 0
27250, 544, 1, 0
27750, 160, 1, 0
28000, 208, 1, 0
28250, 336, 1, 0
28500, 224, 1, 0
29000, 64, 1, 0
29250, 528, 1, 0
29500, 16, 1, 0
29750, 80, 1, 0
30000, 192, 1, 0
30250, 112, 1, 0
30500, 96, 1, 0
30750, 384, 1, 0
31250, 512, 1, 0
31500, 368, 1, 0
31750, 128, 1, 0
32000, 96, 1, 0
32250, 80, 1, 0
32500, 144, 1, 0
32750, 288, 1, 0
33000, 512, 1, 0
33250, 272, 1, 0
33750, 544, 1, 0
34000, 336, 1, 0
34250, 32, 1, 0
34500, 496, 1, 0
35000, 352, 1, 0
35250, 672, 1, 0
35500, 64, 1, 0
35750, 160, 1, 0
36000, 16, 1, 0
36250, 368, 1, 0
36500, 240, 1, 0
36750, 240, 1, 0
37000, 32, 1, 0
37250, 592, 1, 0
37500, 80, 1, 0
37750, 176, 1, 0
38000, 64, 1, 0
38500, 16, 1, 0
38750, 80, 1, 0
38999, 16, 1, 0
39250, 144, 1, 0
39500, 32, 1, 0
39750, 416, 1, 0
40000, 112, 1, 0
40250, 128, 1, 0
40500, 224, 1, 0
41000, 288, 1, 0
41250, 224, 1, 0
41500, 448, 1, 0
41751, 560, 1, 0
42000, 272, 1, 0
42250, 240, 1, 0
42500, 528, 1, 0
42750, 1248, 1, 0
43000, 640, 1, 0
43500, 704, 1, 0
43750, 560, 1, 0
44250, 528, 1, 0
44500, 1472, 1, 0
44751, 512, 1, 0
45000, 544, 1, 0
45500, 1056, 1, 0
45750, 512, 1, 0
46250, 512, 1, 0
46500, 512, 1, 0
46750, 512, 1, 0
47000, 512, 1, 0
47501, 573, 1, 0
47750, 1024, 1, 0
48500, 400, 1, 0
48750, 112, 1, 0
49000, 912, 1, 0
49250, 144, 1, 0
49500, 384, 1, 0
50750, 64, 1, 0
51000, 544, 1, 0
51250, 192, 1, 0
51500, 496, 1, 0
51750, 176, 1, 0
53500, 1024, 1, 0
53750, 512, 1, 0
54000, 1024, 1, 0
54250, 288, 1, 0
54500, 832, 1, 0
54750, 288, 1, 0
56000, 528, 1, 0
56250, 768, 1, 0
56500, 496, 1, 0
56750, 512, 1, 0
57000, 144, 1, 0
57250, 16, 1, 0
57500, 32, 1, 0
57750, 512, 1, 0
58000, 176, 1, 0
58250, 512, 1, 0
59500, 512, 1, 0
59750, 16, 1, 0
1250, 64, 1, 0
1499, 514, 1, 0
1750, 704, 1, 0
2000, 960, 1, 0
2250, 784, 1, 0
2500, 736, 1, 0
2750, 688, 1, 0
3000, 96, 1, 0
3250, 288, 1, 0
3500, 416, 1, 0
3750, 160, 1, 0
4500, 1024, 1, 0
5250, 512, 1, 0
5500, 64, 1, 0
5750, 512, 1, 0
6000, 32, 1, 0
7251, 800, 1, 0
7500, 128, 1, 0
7750, 464, 1, 0
8000, 112, 1, 0
8250, 528, 1, 0
8500, 272, 1, 0
8750, 224, 1, 0
9000, 224, 1, 0
9250, 64, 1, 0
9500, 32, 1, 0
10000, 16, 1, 0
10250, 80, 1, 0
10750, 48, 1, 0
11000, 112, 1, 0
11250, 192, 1, 0
11500, 128, 1, 0
11750, 96, 1, 0
12500, 256, 1, 0
12750, 480, 1, 0
13001, 175, 1, 0
13250, 448, 1, 0
13500, 80, 1, 0
13750, 96, 1, 0
14000, 336, 1, 0
14250, 400, 1, 0
14500, 128, 1, 0
14750, 416, 1, 0
15000, 80, 1, 0
15250, 528, 1, 0
15500, 352, 1, 0
15750, 192, 1, 0
16000, 240, 1, 0
16250, 336, 1, 0
16500, 208, 1, 0
16750, 304, 1, 0
18000, 752, 1, 0
18250, 1008, 1, 0
18500, 608, 1, 0
18751, 509, 1, 0
19000, 1024, 1, 0
19250, 784, 1, 0
19500, 240, 1, 0
19750, 32, 1, 0
20000, 752, 1, 0
20250, 512, 1, 0
21250, 512, 1, 0
21500, 464, 1, 0
21750, 64, 1, 0
22000, 64, 1, 0
22250, 224, 1, 0
23000, 512, 1, 0
23250, 80, 1, 0
24500, 433, 1, 0
24750, 592, 1, 0
25000, 560, 1, 0
25250, 464, 1, 0
25500, 144, 1, 0
25750, 48, 1, 0
26000, 288, 1, 0
26250, 560, 1, 0
26500, 128, 1, 0
26750, 512, 1, 0
27250, 368, 1, 0
27500, 176, 1, 0
27750, 96, 1, 0
28000, 224, 1, 0
28250, 32, 1, 0
29000, 48, 1, 0
29250, 464, 1, 0
29750, 96, 1, 0
30250, 64, 1, 0
31250, 512, 1, 0
31500, 304, 1, 0
31750, 176, 1, 0
32000, 32, 1, 0
33000, 512, 1, 0
33250, 16, 1, 0
33750, 512, 1, 0
34000, 112, 1, 0
34250, 32, 1, 0
34500, 96, 1, 0
35000, 352, 1, 0
35250, 384, 1, 0
35500, 64, 1, 0
35750, 128, 1, 0
36250, 224, 1, 0
36500, 160, 1, 0
37250, 496, 1, 0
37750, 16, 1, 0
38000, 16, 1, 0
38750, 48, 1, 0
39250, 128, 1, 0
39500, 32, 1, 0
39750, 256, 1, 0
40000, 192, 1, 0
40250, 160, 1, 0
40750, 64, 1, 0
41000, 112, 1, 0
41751, 32, 1, 0
42250, 48, 1, 0
42500, 128, 1, 0
42750, 304, 1, 0
43500, 16, 1, 0
43750, 16, 1, 0
44250, 512, 1, 0
44500, 48, 1, 0
44751, 32, 1, 0
45000, 64, 1, 0
46000, 16, 1, 0
46250, 496, 1, 0
46500, 32, 1, 0
46750, 384, 1, 0
47000, 160, 1, 0
47501, 95, 1, 0
47750, 160, 1, 0
48000, 16, 1, 0
48500, 80, 1, 0
48750, 80, 1, 0
49000, 128, 1, 0
49250, 320, 1, 0
49500, 16, 1, 0
51000, 368, 1, 0
51250, 96, 1, 0
51500, 80, 1, 0
51750, 64, 1, 0
53500, 416, 1, 0
53750, 160, 1, 0
54000, 32, 1, 0
54250, 192, 1, 0
54500, 96, 1, 0
54750, 80, 1, 0
55000, 16, 1, 0
56000, 512, 1, 0
56750, 576, 1, 0
57000, 176, 1, 0
57250, 32, 1, 0
57500, 176, 1, 0
57750, 832, 1, 0
58000, 32, 1, 0
58250, 192, 1, 0
59500, 512, 1, 0
59750, 528, 1, 0
1499, 514, 1, 0
1750, 512, 1, 0
2000, 512, 1, 0
2250, 672, 1, 0
2500, 864, 1, 0
2750, 16, 1, 0
3000, 560, 1, 0
3500, 192, 1, 0
3750, 384, 1, 0
4000, 48, 1, 0
4250, 32, 1, 0
4500, 624, 1, 0
4750, 32, 1, 0
5250, 512, 1, 0
5500, 16, 1, 0
5750, 528, 1, 0
6000, 16, 1, 0
6250, 16, 1, 0
7250, 512, 1, 0
7500, 160, 1, 0
7750, 144, 1, 0
8000, 512, 1, 0
8750, 512, 1, 0
9250, 16, 1, 0
9500, 80, 1, 0
10000, 16, 1, 0
10249, 160, 1, 0
10750, 96, 1, 0
11000, 32, 1, 0
11250, 96, 1, 0
11500, 32, 1, 0
11750, 160, 1, 0
12500, 288, 1, 0
12750, 80, 1, 0
13001, 175, 1, 0
13250, 16, 1, 0
13500, 256, 1, 0
13750, 32, 1, 0
14000, 48, 1, 0
14250, 256, 1, 0
14500, 112, 1, 0
14750, 144, 1, 0
15000, 64, 1, 0
15250, 368, 1, 0
15500, 64, 1, 0
15750, 464, 1, 0
16000, 64, 1, 0
16250, 32, 1, 0
16500, 176, 1, 0
16750, 256, 1, 0
17000, 16, 1, 0
18000, 512, 1, 0
18751, 128, 1, 0
19000, 448, 1, 0
19250, 304, 1, 0
19500, 160, 1, 0
19750, 16, 1, 0
20000, 448, 1, 0
20250, 64, 1, 0
21250, 288, 1, 0
21500, 224, 1, 0
21750, 400, 1, 0
22000, 144, 1, 0
22250, 512, 1, 0
22500, 160, 1, 0
22750, 32, 1, 0
23000, 512, 1, 0
23250, 320, 1, 0
24750, 256, 1, 0
25000, 1184, 1, 0
25250, 1024, 1, 0
25500, 544, 1, 0
25750, 16, 1, 0
26000, 704, 1, 0
26250, 560, 1, 0
26500, 512, 1, 0
26750, 48, 1, 0
27000, 192, 1, 0
27250, 144, 1, 0
27500, 1088, 1, 0
27750, 768, 1, 0
28000, 1088, 1, 0
28250, 640, 1, 0
29000, 160, 1, 0
29250, 160, 1, 0
29500, 240, 1, 0
29750, 1536, 1, 0
30000, 1040, 1, 0
30250, 512, 1, 0
31250, 352, 1, 0
31500, 608, 1, 0
31750, 1024, 1, 0
32000, 912, 1, 0
32250, 464, 1, 0
33000, 64, 1, 0
33250, 192, 1, 0
33750, 288, 1, 0
34000, 1024, 1, 0
34250, 32, 1, 0
34500, 96, 1, 0
35000, 544, 1, 0
35250, 1024, 1, 0
35500, 1360, 1, 0
35750, 1232, 1, 0
36500, 512, 1, 0
37250, 1536, 1, 0
37500, 1024, 1, 0
37750, 608, 1, 0
38000, 1024, 1, 0
38750, 32, 1, 0
38999, 224, 1, 0
39250, 768, 1, 0
39500, 512, 1, 0
40000, 192, 1, 0
40250, 832, 1, 0
40750, 16, 1, 0
41000, 208, 1, 0
41250, 64, 1, 0
41750, 736, 1, 0
42000, 288, 1, 0
42250, 224, 1, 0
42500, 512, 1, 0
42750, 1200, 1, 0
43000, 624, 1, 0
43250, 224, 1, 0
43500, 544, 1, 0
43750, 576, 1, 0
44250, 512, 1, 0
44500, 1024, 1, 0
44750, 512, 1, 0
45000, 1024, 1, 0
45500, 1024, 1, 0
45750, 512, 1, 0
46250, 512, 1, 0
46500, 416, 1, 0
46750, 608, 1, 0
47000, 512, 1, 0
47250, 512, 1, 0
47500, 512, 1, 0
47750, 512, 1, 0
48000, 32, 1, 0
48500, 496, 1, 0
48750, 96, 1, 0
49000, 944, 1, 0
49250, 512, 1, 0
49500, 16, 1, 0
50750, 496, 1, 0
51000, 1024, 1, 0
51250, 512, 1, 0
51500, 512, 1, 0
53500, 1024, 1, 0
53750, 512, 1, 0
54000, 320, 1, 0
54250, 576, 1, 0
54500, 896, 1, 0
54750, 272, 1, 0
55000, 272, 1, 0
56000, 384, 1, 0
56250, 867, 1, 0
56500, 512, 1, 0
56750, 1120, 1, 0
57000, 512, 1, 0
57500, 256, 1, 0
57750, 784, 1, 0
58000, 496, 1, 0
58250, 512, 1, 0
59500, 496, 1, 0
59750, 528, 1, 0
1250, 64, 1, 0
1500, 530, 1, 0
1750, 544, 1, 0
2000, 912, 1, 0
2250, 560, 1, 0
2500, 800, 1, 0
2750, 176, 1, 0
3000, 560, 1, 0
3500, 80, 1, 0
3750, 448, 1, 0
4000, 48, 1, 0
4500, 560, 1, 0
4750, 112, 1, 0
5000, 16, 1, 0
5250, 512, 1, 0
5500, 48, 1, 0
5750, 512, 1, 0
6000, 16, 1, 0
7251, 512, 1, 0
7500, 128, 1, 0
7750, 32, 1, 0
8000, 512, 1, 0
8250, 16, 1, 0
8750, 512, 1, 0
9000, 16, 1, 0
9500, 224, 1, 0
10000, 32, 1, 0
10750, 16, 1, 0
11000, 48, 1, 0
11250, 96, 1, 0
11500, 96, 1, 0
11750, 256, 1, 0
12500, 96, 1, 0
12750, 224, 1, 0
13001, 191, 1, 0
13500, 96, 1, 0
13750, 128, 1, 0
14000, 240, 1, 0
14250, 48, 1, 0
14500, 80, 1, 0
14750, 272, 1, 0
15000, 160, 1, 0
15250, 96, 1, 0
15500, 240, 1, 0
15750, 304, 1, 0
16000, 208, 1, 0
16250, 112, 1, 0
16500, 64, 1, 0
16750, 144, 1, 0
17000, 112, 1, 0
18000, 512, 1, 0
18500, 16, 1, 0
18751, 239, 1, 0
19000, 464, 1, 0
19250, 160, 1, 0
19500, 144, 1, 0
19750, 32, 1, 0
20000, 448, 1, 0
20250, 96, 1, 0
21250, 272, 1, 0
21500, 240, 1, 0
21750, 384, 1, 0
22000, 176, 1, 0
22250, 480, 1, 0
22500, 112, 1, 0
22750, 32, 1, 0
23000, 512, 1, 0
23250, 416, 1, 0
24499, 96, 1, 0
24750, 544, 1, 0
25000, 928, 1, 0
25250, 320, 1, 0
25500, 224, 1, 0
26000, 160, 1, 0
26250, 800, 1, 0
26500, 64, 1, 0
26750, 512, 1, 0
27250, 192, 1, 0
27500, 352, 1, 0
27750, 80, 1, 0
28000, 64, 1, 0
28250, 48, 1, 0
29000, 32, 1, 0
29250, 480, 1, 0
29750, 48, 1, 0
30000, 176, 1, 0
30251, 64, 1, 0
31250, 512, 1, 0
31500, 48, 1, 0
31750, 192, 1, 0
32000, 176, 1, 0
32250, 64, 1, 0
33000, 512, 1, 0
33250, 112, 1, 0
33750, 512, 1, 0
34000, 272, 1, 0
34500, 128, 1, 0
35000, 368, 1, 0
35250, 208, 1, 0
35500, 288, 1, 0
35750, 32, 1, 0
36250, 144, 1, 0
36500, 272, 1, 0
37250, 320, 1, 0
37500, 64, 1, 0
37750, 128, 1, 0
38000, 64, 1, 0
38750, 64, 1, 0
39250, 32, 1, 0
39750, 128, 1, 0
40000, 352, 1, 0
40250, 96, 1, 0
40500, 16, 1, 0
40750, 16, 1, 0
41000, 80, 1, 0
41500, 80, 1, 0
41751, 112, 1, 0
42000, 48, 1, 0
42250, 64, 1, 0
42500, 16, 1, 0
42750, 144, 1, 0
43000, 32, 1, 0
43250, 96, 1, 0
43500, 64, 1, 0
43750, 96, 1, 0
44250, 528, 1, 0
44500, 48, 1, 0
45000, 16, 1, 0
46250, 512, 1, 0
46500, 16, 1, 0
46750, 352, 1, 0
47000, 224, 1, 0
47501, 47, 1, 0
47750, 16, 1, 0
48000, 64, 1, 0
48500, 160, 1, 0
48750, 112, 1, 0
49000, 128, 1, 0
49250, 272, 1, 0
49500, 32, 1, 0
51000, 256, 1, 0
51250, 112, 1, 0
51500, 208, 1, 0
51750, 48, 1, 0
53500, 400, 1, 0
53750, 208, 1, 0
54000, 32, 1, 0
54250, 16, 1, 0
54500, 96, 1, 0
54750, 208, 1, 0
55000, 80, 1, 0
56000, 512, 1, 0
56250, 144, 1, 0
56500, 112, 1, 0
56750, 512, 1, 0
57000, 128, 1, 0
57750, 512, 1, 0
58250, 512, 1, 0
59500, 512, 1, 0
59750, 16, 1, 0
