269, 266735, 1, 0
511, 241806, 1, 0
1393, 881891, 1, 0
1724, 330625, 1, 0
2132, 408118, 1, 0
2429, 297378, 1, 0
3012, 582467, 1, 0
3478, 466494, 1, 0
4119, 640774, 1, 0
4392, 273499, 1, 0
4602, 209635, 1, 0
4841, 239355, 1, 0
5043, 201912, 1, 0
5236, 192801, 1, 0
5485, 248890, 1, 0
5679, 193398, 1, 0
5905, 226342, 1, 0
6104, 199324, 1, 0
6360, 256066, 1, 0
6560, 199923, 1, 0
6795, 235118, 1, 0
7044, 248119, 1, 0
7266, 222299, 1, 0
7501, 235414, 1, 0
7909, 408090, 1, 0
8091, 181747, 1, 0
8319, 227640, 1, 0
8551, 232258, 1, 0
8825, 273852, 1, 0
9068, 243243, 1, 0
9255, 186675, 1, 0
9467, 212008, 1, 0
9721, 253675, 1, 0
10144, 423388, 1, 0
10362, 218270, 1, 0
10604, 241771, 1, 0
10748, 144096, 1, 0
11061, 313137, 1, 0
11317, 256055, 1, 0
11578, 260404, 1, 0
11804, 225845, 1, 0
11992, 188629, 1, 0
12196, 203433, 1, 0
12443, 247149, 1, 0
12770, 326529, 1, 0
13139, 369714, 1, 0
13396, 256884, 1, 0
13807, 410405, 1, 0
14027, 220045, 1, 0
14212, 185323, 1, 0
14392, 179891, 1, 0
14657, 264552, 1, 0
14865, 208721, 1, 0
15125, 259363, 1, 0
15303, 178070, 1, 0
15516, 213032, 1, 0
15800, 283627, 1, 0
16061, 260994, 1, 0
16285, 223977, 1, 0
16490, 205565, 1, 0
16772, 281290, 1, 0
16994, 221931, 1, 0
17235, 241693, 1, 0
17462, 226647, 1, 0
17849, 387069, 1, 0
18025, 176054, 1, 0
18260, 234828, 1, 0
18470, 209551, 1, 0
18622, 152679, 1, 0
18729, 107084, 1, 0
18927, 197502, 1, 0
19117, 189855, 1, 0
19325, 208363, 1, 0
19809, 484329, 1, 0
20004, 194219, 1, 0
20238, 234631, 1, 0
20442, 203749, 1, 0
20695, 253022, 1, 0
20875, 180162, 1, 0
21070, 194673, 1, 0
21298, 227607, 1, 0
21695, 396921, 1, 0
21891, 196743, 1, 0
22081, 189603, 1, 0
22290, 209305, 1, 0
22653, 362543, 1, 0
22890, 236637, 1, 0
23100, 210225, 1, 0
23313, 213066, 1, 0
23672, 359139, 1, 0
23865, 193179, 1, 0
24086, 221027, 1, 0
24291, 204286, 1, 0
24534, 242881, 1, 0
24886, 352135, 1, 0
25072, 186426, 1, 0
25273, 201170, 1, 0
25700, 426691, 1, 0
25889, 188632, 1, 0
26089, 199754, 1, 0
26298, 209796, 1, 0
26623, 324324, 1, 0
26813, 190163, 1, 0
27059, 245666, 1, 0
27265, 206687, 1, 0
27498, 232789, 1, 0
27771, 272875, 1, 0
27974, 202422, 1, 0
28215, 240897, 1, 0
28430, 215848, 1, 0
28768, 337331, 1, 0
28967, 198977, 1, 0
29161, 194347, 1, 0
29392, 230818, 1, 0
29622, 229905, 1, 0
29825, 203090, 1, 0
30059, 233601, 1, 0
30264, 205576, 1, 0
30608, 343251, 1, 0
30794, 186813, 1, 0
31031, 236480, 1, 0
31200, 169544, 1, 0
31546, 345613, 1, 0
31751, 204699, 1, 0
31970, 219040, 1, 0
32204, 234233, 1, 0
32649, 445132, 1, 0
32836, 186608, 1, 0
33077, 241083, 1, 0
33402, 324488, 1, 0
33633, 230913, 1, 0
33849, 216512, 1, 0
34024, 175207, 1, 0
34244, 219518, 1, 0
34532, 287958, 1, 0
34742, 209808, 1, 0
34967, 224870, 1, 0
35217, 250744, 1, 0
35435, 217886, 1, 0
35630, 194804, 1, 0
35848, 217459, 1, 0
36076, 228331, 1, 0
36310, 233836, 1, 0
36666, 355741, 1, 0
36888, 221998, 1, 0
37096, 208453, 1, 0
37320, 224321, 1, 0
37596, 275752, 1, 0
37835, 238853, 1, 0
38042, 207312, 1, 0
38302, 259174, 1, 0
38522, 220062, 1, 0
38769, 247428, 1, 0
38985, 215876, 1, 0
39213, 227776, 1, 0
39594, 381475, 1, 0
39818, 223366, 1, 0
40029, 211302, 1, 0
40249, 220279, 1, 0
40465, 215372, 1, 0
40669, 204583, 1, 0
40911, 241805, 1, 0
41114, 202678, 1, 0
41541, 427430, 1, 0
41734, 192286, 1, 0
41936, 202136, 1, 0
42314, 378139, 1, 0
42523, 208576, 1, 0
42721, 198616, 1, 0
42925, 203384, 1, 0
43378, 453146, 1, 0
43619, 241617, 1, 0
43888, 268826, 1, 0
44309, 420176, 1, 0
44541, 232791, 1, 0
44747, 205599, 1, 0
44975, 227516, 1, 0
45309, 334136, 1, 0
45502, 193637, 1, 0
45761, 258986, 1, 0
45974, 212491, 1, 0
46453, 478933, 1, 0
46678, 225417, 1, 0
46873, 194481, 1, 0
47140, 267601, 1, 0
47365, 224258, 1, 0
47590, 225499, 1, 0
47806, 216187, 1, 0
48004, 197620, 1, 0
48300, 295565, 1, 0
48487, 187029, 1, 0
48702, 215261, 1, 0
48893, 191217, 1, 0
49345, 451849, 1, 0
49590, 245359, 1, 0
49812, 221156, 1, 0
50003, 191542, 1, 0
50201, 198109, 1, 0
50395, 193685, 1, 0
50616, 220625, 1, 0
50813, 197215, 1, 0
51013, 200400, 1, 0
51340, 326747, 1, 0
51585, 244643, 1, 0
51854, 269404, 1, 0
52274, 419883, 1, 0
52459, 185152, 1, 0
52689, 229896, 1, 0
52920, 230523, 1, 0
53122, 202607, 1, 0
53306, 183791, 1, 0
53541, 235146, 1, 0
53724, 182950, 1, 0
53922, 197883, 1, 0
54287, 364722, 1, 0
54512, 224635, 1, 0
54759, 247020, 1, 0
55050, 291147, 1, 0
55267, 217377, 1, 0
55466, 198648, 1, 0
55659, 193366, 1, 0
55847, 187330, 1, 0
56201, 354487, 1, 0
56384, 182920, 1, 0
56599, 215199, 1, 0
56769, 169028, 1, 0
57070, 301116, 1, 0
57264, 194219, 1, 0
57450, 185810, 1, 0
57661, 211587, 1, 0
58046, 384819, 1, 0
58167, 120391, 1, 0
58379, 211787, 1, 0
58628, 249671, 1, 0
58854, 225343, 1, 0
59091, 236974, 1, 0
59307, 216373, 1, 0
59562, 254847, 1, 0
59770, 208151, 1, 0
60066, 295586, 1, 0
445, 220944, 1, 0
1470, 1024727, 1, 0
1612, 142243, 1, 0
1910, 298199, 1, 0
2257, 346808, 1, 0
2490, 233048, 1, 0
3099, 608694, 1, 0
4008, 909747, 1, 0
4241, 232425, 1, 0
4526, 285187, 1, 0
4741, 214641, 1, 0
5054, 312895, 1, 0
5330, 276178, 1, 0
5590, 260005, 1, 0
5794, 203730, 1, 0
6002, 208543, 1, 0
6220, 217875, 1, 0
6412, 191659, 1, 0
6682, 270324, 1, 0
7029, 346824, 1, 0
7204, 174934, 1, 0
7451, 247198, 1, 0
7910, 459353, 1, 0
8150, 239251, 1, 0
8382, 232390, 1, 0
8618, 236313, 1, 0
8868, 249952, 1, 0
9103, 234638, 1, 0
9354, 250617, 1, 0
9515, 161073, 1, 0
9828, 313737, 1, 0
10149, 320039, 1, 0
10364, 215008, 1, 0
10602, 238883, 1, 0
11034, 431167, 1, 0
11286, 252087, 1, 0
11575, 288841, 1, 0
11805, 230733, 1, 0
12011, 205154, 1, 0
12216, 205495, 1, 0
12460, 243917, 1, 0
12770, 310107, 1, 0
13047, 277322, 1, 0
13220, 172299, 1, 0
13442, 222633, 1, 0
13864, 421239, 1, 0
14068, 204363, 1, 0
14264, 195367, 1, 0
14512, 248925, 1, 0
14733, 220706, 1, 0
14952, 218341, 1, 0
15184, 232464, 1, 0
15407, 222572, 1, 0
15630, 223264, 1, 0
15918, 288461, 1, 0
16171, 252829, 1, 0
16375, 203399, 1, 0
16677, 302226, 1, 0
16876, 198619, 1, 0
17116, 240150, 1, 0
17318, 202138, 1, 0
17526, 208170, 1, 0
17933, 406716, 1, 0
18166, 232591, 1, 0
18395, 229257, 1, 0
18784, 389044, 1, 0
18975, 190987, 1, 0
19169, 193803, 1, 0
19352, 183430, 1, 0
19850, 498011, 1, 0
20063, 212664, 1, 0
20312, 249229, 1, 0
20621, 308508, 1, 0
20825, 204716, 1, 0
20994, 168482, 1, 0
21230, 235693, 1, 0
21439, 208990, 1, 0
21823, 384507, 1, 0
22015, 191988, 1, 0
22239, 223811, 1, 0
22614, 375004, 1, 0
22824, 209705, 1, 0
23001, 176732, 1, 0
23192, 191322, 1, 0
23633, 441125, 1, 0
23822, 188934, 1, 0
24027, 204799, 1, 0
24263, 236131, 1, 0
24535, 271521, 1, 0
24831, 296713, 1, 0
25049, 217523, 1, 0
25275, 226190, 1, 0
25701, 425373, 1, 0
25949, 248097, 1, 0
26140, 190915, 1, 0
26362, 222430, 1, 0
26752, 390160, 1, 0
26958, 206045, 1, 0
27163, 204686, 1, 0
27377, 213976, 1, 0
27641, 263587, 1, 0
27846, 205303, 1, 0
28089, 243504, 1, 0
28287, 197951, 1, 0
28477, 189431, 1, 0
28769, 292354, 1, 0
28990, 220951, 1, 0
29189, 198934, 1, 0
29402, 212289, 1, 0
29623, 221219, 1, 0
29828, 205566, 1, 0
30030, 201561, 1, 0
30246, 215519, 1, 0
30492, 246112, 1, 0
30709, 217247, 1, 0
30949, 239981, 1, 0
31162, 212716, 1, 0
31385, 223378, 1, 0
31642, 256786, 1, 0
31875, 232987, 1, 0
32150, 275394, 1, 0
32344, 194017, 1, 0
32467, 123052, 1, 0
32729, 261425, 1, 0
32917, 188451, 1, 0
33122, 204079, 1, 0
33430, 308699, 1, 0
33633, 203056, 1, 0
33884, 251066, 1, 0
34112, 227761, 1, 0
34328, 215459, 1, 0
34607, 279427, 1, 0
34823, 215861, 1, 0
35057, 234268, 1, 0
35315, 257802, 1, 0
35531, 216018, 1, 0
35715, 183751, 1, 0
35939, 224332, 1, 0
36156, 216543, 1, 0
36440, 284489, 1, 0
36763, 322961, 1, 0
36973, 209086, 1, 0
37265, 292670, 1, 0
37513, 247781, 1, 0
37745, 231673, 1, 0
37938, 193311, 1, 0
38141, 203033, 1, 0
38375, 233383, 1, 0
38586, 211051, 1, 0
38828, 241873, 1, 0
39083, 254955, 1, 0
39469, 386537, 1, 0
39676, 206822, 1, 0
39879, 202737, 1, 0
40087, 208416, 1, 0
40249, 162111, 1, 0
40467, 217717, 1, 0
40670, 202554, 1, 0
40884, 214634, 1, 0
41087, 202325, 1, 0
41456, 369577, 1, 0
41662, 205585, 1, 0
41858, 196536, 1, 0
42063, 204049, 1, 0
42511, 448275, 1, 0
42683, 172161, 1, 0
42913, 229772, 1, 0
43124, 211274, 1, 0
43241, 116766, 1, 0
43570, 328701, 1, 0
43758, 188670, 1, 0
44015, 256197, 1, 0
44382, 367086, 1, 0
44624, 242781, 1, 0
44827, 202821, 1, 0
45060, 232384, 1, 0
45420, 359988, 1, 0
45630, 210617, 1, 0
45824, 193274, 1, 0
46340, 516405, 1, 0
46560, 219728, 1, 0
46769, 209219, 1, 0
47006, 237381, 1, 0
47262, 255276, 1, 0
47476, 213756, 1, 0
47698, 222881, 1, 0
47924, 225458, 1, 0
48173, 248739, 1, 0
48396, 223352, 1, 0
48597, 201349, 1, 0
48801, 203004, 1, 0
48983, 182097, 1, 0
49458, 475324, 1, 0
49683, 225213, 1, 0
49918, 235164, 1, 0
50135, 216266, 1, 0
50376, 241737, 1, 0
50603, 226062, 1, 0
50813, 210653, 1, 0
51021, 207370, 1, 0
51396, 375544, 1, 0
51650, 253618, 1, 0
51830, 180012, 1, 0
52246, 416359, 1, 0
52460, 213203, 1, 0
52717, 257086, 1, 0
52896, 179206, 1, 0
53144, 247853, 1, 0
53348, 204081, 1, 0
53568, 220237, 1, 0
53784, 215628, 1, 0
53995, 210885, 1, 0
54373, 378303, 1, 0
54599, 225643, 1, 0
54760, 160950, 1, 0
55051, 291368, 1, 0
55271, 219441, 1, 0
55495, 224175, 1, 0
55685, 190413, 1, 0
55876, 190841, 1, 0
56006, 130158, 1, 0
56201, 194498, 1, 0
56414, 213262, 1, 0
56628, 213925, 1, 0
56831, 203124, 1, 0
57164, 332910, 1, 0
57342, 177509, 1, 0
57566, 224171, 1, 0
57772, 205973, 1, 0
58160, 388078, 1, 0
58363, 202536, 1, 0
58629, 266713, 1, 0
58856, 226271, 1, 0
59093, 237129, 1, 0
59369, 276347, 1, 0
59625, 256211, 1, 0
59881, 256018, 1, 0
60132, 250980, 1, 0
465, 231184, 1, 0
706, 240746, 1, 0
1055, 348908, 1, 0
1570, 515617, 1, 0
1787, 216615, 1, 0
2132, 345289, 1, 0
2400, 267448, 1, 0
2903, 503031, 1, 0
3150, 247665, 1, 0
4068, 917213, 1, 0
4290, 222748, 1, 0
4589, 298365, 1, 0
4790, 201351, 1, 0
5132, 341789, 1, 0
5387, 255561, 1, 0
5610, 222266, 1, 0
5823, 213472, 1, 0
6028, 205155, 1, 0
6247, 218291, 1, 0
6456, 209146, 1, 0
6688, 231765, 1, 0
7044, 356085, 1, 0
7266, 222725, 1, 0
7502, 235733, 1, 0
7949, 446715, 1, 0
8179, 229612, 1, 0
8412, 232973, 1, 0
8652, 239985, 1, 0
8896, 244017, 1, 0
9125, 229576, 1, 0
9318, 193188, 1, 0
9540, 221511, 1, 0
9960, 420068, 1, 0
10218, 257653, 1, 0
10452, 234256, 1, 0
10887, 435309, 1, 0
11092, 204933, 1, 0
11353, 260763, 1, 0
11578, 225148, 1, 0
11783, 204955, 1, 0
11975, 191612, 1, 0
12209, 233808, 1, 0
12433, 224597, 1, 0
12743, 309367, 1, 0
13106, 362773, 1, 0
13357, 251764, 1, 0
13554, 196320, 1, 0
13969, 415239, 1, 0
14135, 165791, 1, 0
14347, 211995, 1, 0
14566, 219462, 1, 0
14731, 164891, 1, 0
14950, 218563, 1, 0
15182, 232194, 1, 0
15405, 223261, 1, 0
15629, 223975, 1, 0
15917, 287764, 1, 0
16144, 226791, 1, 0
16339, 195471, 1, 0
16620, 280603, 1, 0
16811, 190836, 1, 0
17025, 214480, 1, 0
17262, 236149, 1, 0
17490, 227890, 1, 0
17848, 358181, 1, 0
18070, 222011, 1, 0
18289, 219334, 1, 0
18456, 166642, 1, 0
18842, 385858, 1, 0
19048, 206464, 1, 0
19233, 184392, 1, 0
19444, 211797, 1, 0
19900, 455790, 1, 0
20132, 231739, 1, 0
20365, 232518, 1, 0
20726, 361152, 1, 0
20952, 225861, 1, 0
21203, 251805, 1, 0
21437, 233962, 1, 0
21792, 354674, 1, 0
21990, 197557, 1, 0
22181, 190903, 1, 0
22392, 211750, 1, 0
22527, 134792, 1, 0
22765, 237320, 1, 0
22944, 179442, 1, 0
23169, 224773, 1, 0
23384, 215449, 1, 0
23517, 132751, 1, 0
23619, 101757, 1, 0
23845, 225526, 1, 0
24057, 212613, 1, 0
24291, 234029, 1, 0
24608, 316739, 1, 0
24887, 279387, 1, 0
25062, 174387, 1, 0
25251, 189179, 1, 0
25650, 399338, 1, 0
25866, 215648, 1, 0
26080, 213766, 1, 0
26299, 219306, 1, 0
26676, 376730, 1, 0
26901, 224637, 1, 0
27106, 205557, 1, 0
27315, 209133, 1, 0
27575, 259591, 1, 0
27794, 218599, 1, 0
28001, 206977, 1, 0
28214, 213877, 1, 0
28402, 187062, 1, 0
28657, 255186, 1, 0
28875, 218116, 1, 0
29084, 209311, 1, 0
29290, 205352, 1, 0
29425, 135400, 1, 0
29653, 228049, 1, 0
29883, 229764, 1, 0
30088, 204774, 1, 0
30285, 197196, 1, 0
30557, 271727, 1, 0
30795, 238225, 1, 0
31014, 219164, 1, 0
31221, 207228, 1, 0
31529, 307267, 1, 0
31751, 222082, 1, 0
31999, 247675, 1, 0
32234, 235713, 1, 0
32705, 471104, 1, 0
32916, 210993, 1, 0
33180, 263366, 1, 0
33489, 309124, 1, 0
33723, 234407, 1, 0
33942, 218161, 1, 0
34145, 203574, 1, 0
34440, 294491, 1, 0
34653, 213629, 1, 0
34881, 227584, 1, 0
35128, 246817, 1, 0
35384, 255692, 1, 0
35611, 227109, 1, 0
35824, 213451, 1, 0
36050, 225973, 1, 0
36287, 237055, 1, 0
36579, 291557, 1, 0
36763, 183805, 1, 0
36949, 185842, 1, 0
37200, 251603, 1, 0
37512, 311496, 1, 0
37745, 232901, 1, 0
37937, 192815, 1, 0
38140, 202994, 1, 0
38361, 220945, 1, 0
38556, 194261, 1, 0
38797, 240810, 1, 0
39022, 225359, 1, 0
39236, 213903, 1, 0
39454, 218426, 1, 0
39620, 165278, 1, 0
39805, 185344, 1, 0
40012, 206473, 1, 0
40256, 244306, 1, 0
40641, 192453, 1, 0
40853, 211893, 1, 0
41057, 204179, 1, 0
41482, 424970, 1, 0
41690, 208538, 1, 0
41880, 189380, 1, 0
42089, 208875, 1, 0
42320, 115585, 1, 0
42562, 242161, 1, 0
42762, 200064, 1, 0
43003, 241140, 1, 0
43417, 413209, 1, 0
43651, 233845, 1, 0
43898, 247096, 1, 0
44308, 410753, 1, 0
44540, 231939, 1, 0
44747, 206234, 1, 0
44969, 222288, 1, 0
45332, 363131, 1, 0
45532, 199616, 1, 0
45748, 215998, 1, 0
45950, 202339, 1, 0
46424, 474022, 1, 0
46646, 221434, 1, 0
46841, 194875, 1, 0
47111, 270797, 1, 0
47311, 199903, 1, 0
47529, 217760, 1, 0
47756, 226668, 1, 0
47970, 213946, 1, 0
48253, 282708, 1, 0
48449, 195971, 1, 0
48652, 203735, 1, 0
48853, 200232, 1, 0
49298, 445033, 1, 0
49513, 215109, 1, 0
49733, 219947, 1, 0
49940, 207108, 1, 0
50134, 194231, 1, 0
50376, 241797, 1, 0
50615, 239444, 1, 0
50790, 174525, 1, 0
51264, 236948, 1, 0
51493, 229393, 1, 0
51731, 238027, 1, 0
51941, 209496, 1, 0
52405, 463856, 1, 0
52611, 206076, 1, 0
52853, 242417, 1, 0
53021, 168045, 1, 0
53271, 249339, 1, 0
53520, 248763, 1, 0
53670, 150387, 1, 0
53887, 216970, 1, 0
54247, 360104, 1, 0
54483, 236101, 1, 0
54697, 213526, 1, 0
55028, 330742, 1, 0
55240, 212583, 1, 0
55439, 198778, 1, 0
55638, 198814, 1, 0
55848, 209768, 1, 0
56231, 383810, 1, 0
56446, 214897, 1, 0
56697, 250397, 1, 0
56942, 245535, 1, 0
57187, 244394, 1, 0
57379, 192625, 1, 0
57613, 233781, 1, 0
57819, 205412, 1, 0
58288, 468891, 1, 0
58481, 193192, 1, 0
58720, 239060, 1, 0
58946, 225888, 1, 0
59191, 245057, 1, 0
59448, 256710, 1, 0
59650, 201936, 1, 0
59904, 254443, 1, 0
60186, 281462, 1, 0
269, 265788, 1, 0
1595, 662949, 1, 0
1967, 371740, 1, 0
2257, 290324, 1, 0
2489, 232573, 1, 0
3048, 558193, 1, 0
3713, 665431, 1, 0
4170, 456454, 1, 0
4436, 266282, 1, 0
4676, 239681, 1, 0
4871, 195002, 1, 0
5271, 400468, 1, 0
5511, 239977, 1, 0
5706, 194806, 1, 0
5936, 229660, 1, 0
6128, 192641, 1, 0
6361, 233192, 1, 0
6587, 225364, 1, 0
6822, 235631, 1, 0
7067, 244039, 1, 0
7302, 235639, 1, 0
7537, 234985, 1, 0
8005, 467802, 1, 0
8230, 224540, 1, 0
8468, 238366, 1, 0
8676, 208065, 1, 0
8903, 226866, 1, 0
9126, 223267, 1, 0
9291, 165120, 1, 0
9467, 175460, 1, 0
9722, 254802, 1, 0
10052, 330264, 1, 0
10249, 196881, 1, 0
10500, 250694, 1, 0
10669, 169071, 1, 0
11034, 365099, 1, 0
11257, 223491, 1, 0
11526, 268787, 1, 0
11741, 214551, 1, 0
11948, 207760, 1, 0
12138, 189423, 1, 0
12314, 176192, 1, 0
12551, 237091, 1, 0
12714, 163196, 1, 0
12957, 242171, 1, 0
13210, 253364, 1, 0
13373, 162668, 1, 0
13807, 434601, 1, 0
14028, 220320, 1, 0
14257, 229355, 1, 0
14476, 219286, 1, 0
14757, 280258, 1, 0
14986, 229415, 1, 0
15212, 226193, 1, 0
15438, 225720, 1, 0
15685, 246391, 1, 0
15882, 197807, 1, 0
16086, 204033, 1, 0
16323, 237032, 1, 0
16621, 297514, 1, 0
16826, 204955, 1, 0
17053, 227225, 1, 0
17290, 236512, 1, 0
17526, 235745, 1, 0
17887, 361808, 1, 0
18080, 192560, 1, 0
18316, 235551, 1, 0
18538, 222523, 1, 0
18888, 350118, 1, 0
19072, 183884, 1, 0
19262, 190102, 1, 0
19486, 223956, 1, 0
19594, 108174, 1, 0
19948, 353555, 1, 0
20192, 244073, 1, 0
20414, 221463, 1, 0
20687, 273236, 1, 0
20904, 217418, 1, 0
21140, 236064, 1, 0
21354, 213153, 1, 0
21745, 391747, 1, 0
21939, 193968, 1, 0
22119, 179531, 1, 0
22345, 226188, 1, 0
22736, 390833, 1, 0
22945, 208698, 1, 0
23123, 178606, 1, 0
23333, 209296, 1, 0
23743, 410430, 1, 0
23950, 206496, 1, 0
24185, 235325, 1, 0
24408, 223245, 1, 0
24804, 395853, 1, 0
25025, 221127, 1, 0
25229, 204054, 1, 0
25415, 185459, 1, 0
25521, 105981, 1, 0
25625, 104318, 1, 0
25804, 179211, 1, 0
26020, 215726, 1, 0
26223, 203076, 1, 0
26462, 238490, 1, 0
26752, 290228, 1, 0
26999, 246502, 1, 0
27186, 187011, 1, 0
27417, 231512, 1, 0
27664, 246461, 1, 0
27871, 207658, 1, 0
28021, 149192, 1, 0
28234, 213774, 1, 0
28431, 196548, 1, 0
28679, 247650, 1, 0
28895, 216127, 1, 0
29112, 217155, 1, 0
29317, 205051, 1, 0
29532, 214631, 1, 0
29767, 235273, 1, 0
29979, 211991, 1, 0
30232, 252746, 1, 0
30642, 409881, 1, 0
30857, 214994, 1, 0
31097, 240223, 1, 0
31420, 322669, 1, 0
31589, 168817, 1, 0
31816, 227537, 1, 0
32029, 213240, 1, 0
32265, 235486, 1, 0
32752, 486917, 1, 0
32982, 230284, 1, 0
33137, 154470, 1, 0
33471, 334274, 1, 0
33693, 222034, 1, 0
33943, 249819, 1, 0
34196, 253172, 1, 0
34504, 308330, 1, 0
34712, 207368, 1, 0
34939, 227002, 1, 0
35185, 246557, 1, 0
35396, 210765, 1, 0
35582, 185943, 1, 0
35796, 213466, 1, 0
36052, 255917, 1, 0
36265, 212956, 1, 0
36589, 324620, 1, 0
36803, 214183, 1, 0
36997, 194040, 1, 0
37244, 246179, 1, 0
37385, 141353, 1, 0
37624, 239401, 1, 0
37859, 234496, 1, 0
38064, 204837, 1, 0
38309, 244844, 1, 0
38549, 240697, 1, 0
38771, 221782, 1, 0
38986, 214498, 1, 0
39214, 228189, 1, 0
39621, 407411, 1, 0
39829, 207376, 1, 0
40034, 205455, 1, 0
40256, 221948, 1, 0
40467, 210850, 1, 0
40669, 201867, 1, 0
40916, 247216, 1, 0
41086, 170041, 1, 0
41515, 428388, 1, 0
41734, 219610, 1, 0
41958, 223845, 1, 0
42192, 233272, 1, 0
42530, 338205, 1, 0
42743, 213272, 1, 0
42965, 222141, 1, 0
43379, 414222, 1, 0
43541, 161300, 1, 0
43738, 197336, 1, 0
43984, 245443, 1, 0
44383, 399009, 1, 0
44598, 215625, 1, 0
44792, 193904, 1, 0
45001, 209206, 1, 0
45309, 307736, 1, 0
45532, 222897, 1, 0
45793, 261022, 1, 0
46342, 548307, 1, 0
46589, 247014, 1, 0
46782, 193281, 1, 0
47040, 258029, 1, 0
47262, 221618, 1, 0
47473, 210885, 1, 0
47697, 224694, 1, 0
47917, 219539, 1, 0
48251, 334251, 1, 0
48450, 198676, 1, 0
48653, 202717, 1, 0
48842, 189829, 1, 0
49298, 455667, 1, 0
49535, 236932, 1, 0
49762, 226466, 1, 0
49965, 203905, 1, 0
50161, 196004, 1, 0
50341, 179637, 1, 0
50532, 190921, 1, 0
50746, 213739, 1, 0
50941, 194632, 1, 0
51311, 370945, 1, 0
51561, 249090, 1, 0
51752, 191601, 1, 0
51968, 215951, 1, 0
52077, 109225, 1, 0
52355, 277843, 1, 0
52545, 189428, 1, 0
52791, 246410, 1, 0
53185, 196914, 1, 0
53438, 252892, 1, 0
53648, 210462, 1, 0
53887, 238728, 1, 0
54248, 360279, 1, 0
54513, 264952, 1, 0
54752, 239781, 1, 0
55040, 287148, 1, 0
55242, 202741, 1, 0
55467, 224297, 1, 0
55660, 193560, 1, 0
55848, 188251, 1, 0
56202, 353564, 1, 0
56437, 234459, 1, 0
56663, 226747, 1, 0
56871, 207618, 1, 0
57194, 323160, 1, 0
57402, 207382, 1, 0
57613, 211821, 1, 0
57793, 179465, 1, 0
58241, 447988, 1, 0
58483, 241718, 1, 0
58642, 159270, 1, 0
58855, 213532, 1, 0
59023, 167598, 1, 0
59254, 230721, 1, 0
59677, 211506, 1, 0
59932, 255036, 1, 0
60206, 274284, 1, 0
536, 266808, 1, 0
677, 140700, 1, 0
815, 138461, 1, 0
1059, 121929, 1, 0
1289, 115044, 1, 0
1593, 151829, 1, 0
1839, 123008, 1, 0
2109, 135146, 1, 0
2324, 107649, 1, 0
2580, 127914, 1, 0
2839, 129484, 1, 0
3106, 133414, 1, 0
3605, 498883, 1, 0
3732, 127028, 1, 0
3858, 126424, 1, 0
4118, 129787, 1, 0
4374, 128196, 1, 0
4508, 133263, 1, 0
4763, 127654, 1, 0
5028, 132338, 1, 0
5395, 183403, 1, 0
5511, 116150, 1, 0
5769, 129277, 1, 0
6018, 124452, 1, 0
6389, 185305, 1, 0
6505, 116248, 1, 0
6876, 123468, 1, 0
7156, 139975, 1, 0
7271, 115269, 1, 0
7505, 117086, 1, 0
7872, 122040, 1, 0
8098, 113371, 1, 0
8419, 320366, 1, 0
8572, 153466, 1, 0
8825, 126271, 1, 0
9085, 130010, 1, 0
9393, 308362, 1, 0
9518, 124819, 1, 0
9770, 125943, 1, 0
10037, 133476, 1, 0
10283, 123035, 1, 0
10540, 128221, 1, 0
10767, 113777, 1, 0
11228, 230476, 1, 0
11344, 115626, 1, 0
11510, 165804, 1, 0
11755, 122678, 1, 0
12028, 136337, 1, 0
12516, 488279, 1, 0
12642, 125737, 1, 0
12872, 114916, 1, 0
13115, 121699, 1, 0
13259, 143931, 1, 0
13611, 117197, 1, 0
13751, 139478, 1, 0
14202, 225567, 1, 0
14322, 120609, 1, 0
14625, 151087, 1, 0
14858, 116760, 1, 0
15021, 162813, 1, 0
15264, 242975, 1, 0
15502, 118868, 1, 0
15919, 138925, 1, 0
16055, 136085, 1, 0
16306, 125428, 1, 0
16540, 117388, 1, 0
16771, 115214, 1, 0
17145, 374030, 1, 0
17273, 127585, 1, 0
17512, 119525, 1, 0
17793, 140607, 1, 0
18193, 199817, 1, 0
18338, 145082, 1, 0
18574, 117905, 1, 0
18901, 163748, 1, 0
19050, 149058, 1, 0
19306, 128068, 1, 0
19567, 260425, 1, 0
20043, 237856, 1, 0
20159, 116002, 1, 0
20282, 123515, 1, 0
20553, 135170, 1, 0
20807, 127359, 1, 0
21197, 194734, 1, 0
21332, 135097, 1, 0
21572, 119913, 1, 0
22069, 248516, 1, 0
22190, 121065, 1, 0
22315, 125265, 1, 0
22562, 123470, 1, 0
22819, 128389, 1, 0
23042, 223077, 1, 0
23316, 136995, 1, 0
23567, 125278, 1, 0
24137, 285229, 1, 0
24274, 136359, 1, 0
24446, 172280, 1, 0
24589, 142567, 1, 0
24825, 117993, 1, 0
25126, 150424, 1, 0
25259, 133317, 1, 0
25508, 124453, 1, 0
25816, 154053, 1, 0
26003, 187315, 1, 0
26341, 112619, 1, 0
26606, 132316, 1, 0
27017, 410910, 1, 0
27142, 125360, 1, 0
27260, 117871, 1, 0
27620, 119843, 1, 0
27855, 117665, 1, 0
28083, 114082, 1, 0
28328, 122063, 1, 0
28580, 126279, 1, 0
28948, 183683, 1, 0
29097, 149869, 1, 0
29337, 119946, 1, 0
29562, 112269, 1, 0
29873, 155697, 1, 0
30109, 117785, 1, 0
30369, 129887, 1, 0
30605, 118170, 1, 0
30993, 388091, 1, 0
31111, 117432, 1, 0
31359, 123922, 1, 0
31622, 131365, 1, 0
31759, 137145, 1, 0
32011, 252544, 1, 0
32283, 135759, 1, 0
32516, 116785, 1, 0
32864, 115775, 1, 0
33146, 140974, 1, 0
33265, 119060, 1, 0
33520, 127528, 1, 0
33855, 335173, 1, 0
34119, 131595, 1, 0
34252, 133557, 1, 0
34604, 117181, 1, 0
34843, 239394, 1, 0
35008, 164695, 1, 0
35251, 121666, 1, 0
35502, 125576, 1, 0
35802, 149587, 1, 0
36058, 128017, 1, 0
36301, 121680, 1, 0
36528, 113479, 1, 0
36854, 325832, 1, 0
37095, 120645, 1, 0
37343, 123742, 1, 0
37630, 143310, 1, 0
37884, 254258, 1, 0
38002, 118050, 1, 0
38360, 119501, 1, 0
38514, 153123, 1, 0
38778, 132157, 1, 0
39020, 120799, 1, 0
39261, 120624, 1, 0
39543, 141115, 1, 0
39999, 455896, 1, 0
40123, 123545, 1, 0
40255, 132441, 1, 0
40519, 131683, 1, 0
40809, 290100, 1, 0
41116, 153771, 1, 0
41271, 155099, 1, 0
41537, 132759, 1, 0
41798, 130573, 1, 0
42058, 129843, 1, 0
42308, 125115, 1, 0
42665, 178206, 1, 0
42894, 229303, 1, 0
43011, 116971, 1, 0
43275, 131804, 1, 0
43770, 247836, 1, 0
43891, 121019, 1, 0
44016, 124236, 1, 0
44362, 115344, 1, 0
44584, 222271, 1, 0
44831, 123279, 1, 0
45093, 131222, 1, 0
45319, 113067, 1, 0
45840, 520114, 1, 0
45979, 138968, 1, 0
46089, 110031, 1, 0
46351, 131272, 1, 0
46606, 127549, 1, 0
46857, 125432, 1, 0
47120, 131283, 1, 0
47636, 258072, 1, 0
47737, 101172, 1, 0
47865, 128162, 1, 0
48133, 133701, 1, 0
48255, 121867, 1, 0
48697, 221086, 1, 0
48868, 171217, 1, 0
49097, 114612, 1, 0
49335, 118916, 1, 0
49583, 124020, 1, 0
49814, 115370, 1, 0
50049, 117403, 1, 0
50308, 129246, 1, 0
50545, 237361, 1, 0
50825, 140165, 1, 0
51108, 141434, 1, 0
51409, 150368, 1, 0
51657, 247803, 1, 0
51799, 142434, 1, 0
52037, 118763, 1, 0
52317, 139781, 1, 0
52600, 141435, 1, 0
52839, 119490, 1, 0
53083, 122298, 1, 0
53358, 137571, 1, 0
53601, 242565, 1, 0
53920, 318990, 1, 0
54052, 131961, 1, 0
54307, 127421, 1, 0
54671, 181999, 1, 0
54813, 141863, 1, 0
55070, 128421, 1, 0
55323, 126604, 1, 0
55564, 120274, 1, 0
55800, 118205, 1, 0
56032, 115772, 1, 0
56309, 138510, 1, 0
56557, 248800, 1, 0
56830, 136011, 1, 0
57074, 122315, 1, 0
57362, 143836, 1, 0
57530, 168109, 1, 0
57813, 141300, 1, 0
58046, 116743, 1, 0
58291, 122428, 1, 0
58541, 125092, 1, 0
58802, 130126, 1, 0
59042, 119977, 1, 0
59304, 130957, 1, 0
59518, 214424, 1, 0
59773, 127210, 1, 0
60020, 123474, 1, 0
417, 414927, 1, 0
548, 130441, 1, 0
839, 145953, 1, 0
1082, 121344, 1, 0
1313, 115378, 1, 0
1547, 117193, 1, 0
1808, 130314, 1, 0
2091, 141395, 1, 0
2439, 347627, 1, 0
2561, 122811, 1, 0
2832, 135217, 1, 0
3067, 117793, 1, 0
3454, 193407, 1, 0
3587, 132495, 1, 0
3833, 123027, 1, 0
4111, 139261, 1, 0
4367, 127920, 1, 0
4537, 170005, 1, 0
4781, 121943, 1, 0
5021, 120026, 1, 0
5346, 324566, 1, 0
5599, 126603, 1, 0
5763, 163445, 1, 0
6011, 124198, 1, 0
6449, 218881, 1, 0
6573, 123961, 1, 0
6815, 121184, 1, 0
7079, 131585, 1, 0
7319, 120211, 1, 0
7562, 121324, 1, 0
7821, 129773, 1, 0
8052, 115340, 1, 0
8374, 321974, 1, 0
8522, 147596, 1, 0
8767, 122848, 1, 0
9010, 121253, 1, 0
9283, 272578, 1, 0
9544, 130672, 1, 0
9794, 124827, 1, 0
10054, 130086, 1, 0
10308, 126831, 1, 0
10552, 122445, 1, 0
10802, 124806, 1, 0
11265, 231183, 1, 0
11380, 115061, 1, 0
11620, 239953, 1, 0
11878, 129106, 1, 0
12021, 143100, 1, 0
12491, 470052, 1, 0
12617, 126046, 1, 0
12841, 111726, 1, 0
13097, 127905, 1, 0
13350, 126919, 1, 0
13592, 120849, 1, 0
13859, 133139, 1, 0
14207, 348936, 1, 0
14329, 121701, 1, 0
14522, 193220, 1, 0
14773, 125324, 1, 0
15177, 201676, 1, 0
15289, 112783, 1, 0
15524, 117353, 1, 0
15848, 162137, 1, 0
16134, 142520, 1, 0
16378, 122368, 1, 0
16607, 114182, 1, 0
17087, 240179, 1, 0
17235, 148299, 1, 0
17349, 113870, 1, 0
17612, 131237, 1, 0
17849, 118630, 1, 0
18129, 279346, 1, 0
18301, 172103, 1, 0
18535, 117132, 1, 0
18824, 144357, 1, 0
19021, 197427, 1, 0
19276, 127267, 1, 0
19689, 206419, 1, 0
19797, 108652, 1, 0
20133, 335142, 1, 0
20262, 129830, 1, 0
20514, 125729, 1, 0
20753, 119537, 1, 0
21149, 197737, 1, 0
21326, 177068, 1, 0
21565, 119671, 1, 0
22091, 263042, 1, 0
22214, 122696, 1, 0
22346, 131714, 1, 0
22578, 116167, 1, 0
22843, 132504, 1, 0
23078, 235274, 1, 0
23340, 130841, 1, 0
23591, 125242, 1, 0
24041, 450160, 1, 0
24172, 131459, 1, 0
24297, 124593, 1, 0
24606, 154394, 1, 0
24991, 385714, 1, 0
25119, 127461, 1, 0
25270, 151401, 1, 0
25512, 120823, 1, 0
25885, 124389, 1, 0
26062, 176612, 1, 0
26291, 114698, 1, 0
26542, 125505, 1, 0
27072, 264551, 1, 0
27189, 117344, 1, 0
27306, 117242, 1, 0
27556, 124684, 1, 0
27806, 124976, 1, 0
28032, 113129, 1, 0
28289, 128636, 1, 0
28540, 125438, 1, 0
28787, 123174, 1, 0
29067, 280125, 1, 0
29298, 115829, 1, 0
29531, 116346, 1, 0
29836, 152370, 1, 0
30091, 127441, 1, 0
30343, 126175, 1, 0
30586, 121373, 1, 0
30967, 380353, 1, 0
31093, 126176, 1, 0
31334, 120367, 1, 0
31596, 131311, 1, 0
32047, 225250, 1, 0
32175, 128463, 1, 0
32308, 132583, 1, 0
32540, 116112, 1, 0
32771, 115638, 1, 0
33004, 116184, 1, 0
33295, 145585, 1, 0
33548, 126537, 1, 0
33909, 180216, 1, 0
34031, 122012, 1, 0
34298, 133631, 1, 0
34523, 112309, 1, 0
34754, 115388, 1, 0
35001, 247724, 1, 0
35370, 122902, 1, 0
35627, 128422, 1, 0
35776, 148676, 1, 0
36009, 116679, 1, 0
36263, 127114, 1, 0
36815, 183838, 1, 0
36932, 116633, 1, 0
37057, 125285, 1, 0
37295, 119263, 1, 0
37554, 129503, 1, 0
37921, 183028, 1, 0
38038, 117544, 1, 0
38279, 120183, 1, 0
38568, 144792, 1, 0
38822, 126899, 1, 0
39057, 117294, 1, 0
39298, 120593, 1, 0
39585, 143395, 1, 0
40042, 456972, 1, 0
40159, 117467, 1, 0
40304, 144562, 1, 0
40734, 215005, 1, 0
40843, 108747, 1, 0
41001, 158122, 1, 0
41296, 147772, 1, 0
41562, 132595, 1, 0
41824, 130993, 1, 0
42082, 129002, 1, 0
42326, 121877, 1, 0
42795, 234668, 1, 0
42930, 135005, 1, 0
43064, 134416, 1, 0
43315, 125056, 1, 0
43680, 365666, 1, 0
43812, 131914, 1, 0
44051, 119263, 1, 0
44282, 115638, 1, 0
44590, 153685, 1, 0
44856, 133174, 1, 0
45106, 124988, 1, 0
45339, 116556, 1, 0
45852, 512585, 1, 0
45983, 131683, 1, 0
46093, 110034, 1, 0
46366, 136119, 1, 0
46632, 133094, 1, 0
46808, 176146, 1, 0
47050, 121123, 1, 0
47309, 129126, 1, 0
47676, 367057, 1, 0
47798, 121649, 1, 0
48090, 146080, 1, 0
48403, 156419, 1, 0
48563, 160323, 1, 0
48754, 190903, 1, 0
49011, 128394, 1, 0
49359, 115913, 1, 0
49609, 124949, 1, 0
49838, 114529, 1, 0
50073, 117705, 1, 0
50346, 136369, 1, 0
50581, 235126, 1, 0
50868, 143248, 1, 0
51000, 131907, 1, 0
51297, 148768, 1, 0
51587, 290328, 1, 0
51858, 135014, 1, 0
52104, 123018, 1, 0
52260, 156719, 1, 0
52525, 132209, 1, 0
52812, 143776, 1, 0
53058, 122607, 1, 0
53337, 139419, 1, 0
53669, 166166, 1, 0
53782, 113425, 1, 0
54027, 122132, 1, 0
54280, 126718, 1, 0
54547, 267251, 1, 0
54836, 144099, 1, 0
55101, 132622, 1, 0
55360, 129491, 1, 0
55599, 119616, 1, 0
55835, 117671, 1, 0
56068, 116556, 1, 0
56342, 137238, 1, 0
56604, 261300, 1, 0
56865, 130836, 1, 0
57109, 121640, 1, 0
57287, 178084, 1, 0
57596, 154737, 1, 0
57755, 158562, 1, 0
58002, 123503, 1, 0
58372, 123200, 1, 0
58617, 122578, 1, 0
58869, 125972, 1, 0
59193, 162146, 1, 0
59308, 114675, 1, 0
59531, 223149, 1, 0
59766, 117261, 1, 0
60019, 126790, 1, 0
536, 266939, 1, 0
688, 151922, 1, 0
834, 145943, 1, 0
1070, 117805, 1, 0
1361, 145573, 1, 0
1660, 149513, 1, 0
1795, 135186, 1, 0
2097, 150772, 1, 0
2441, 344031, 1, 0
2568, 126962, 1, 0
2803, 117833, 1, 0
3062, 129185, 1, 0
3461, 199432, 1, 0
3605, 144015, 1, 0
3859, 127186, 1, 0
4027, 167983, 1, 0
4287, 129858, 1, 0
4594, 153405, 1, 0
4851, 128497, 1, 0
5309, 229000, 1, 0
5425, 116563, 1, 0
5587, 161866, 1, 0
5837, 124850, 1, 0
6082, 122319, 1, 0
6432, 175281, 1, 0
6548, 115983, 1, 0
6791, 121309, 1, 0
7039, 123988, 1, 0
7282, 121534, 1, 0
7516, 117174, 1, 0
7764, 123746, 1, 0
8381, 205591, 1, 0
8529, 148174, 1, 0
8646, 117478, 1, 0
8773, 126120, 1, 0
9017, 122037, 1, 0
9431, 207286, 1, 0
9549, 117580, 1, 0
9801, 125934, 1, 0
10060, 129635, 1, 0
10314, 126987, 1, 0
10558, 122023, 1, 0
10779, 110514, 1, 0
11228, 224384, 1, 0
11345, 116425, 1, 0
11645, 150395, 1, 0
11766, 120951, 1, 0
12039, 136270, 1, 0
12484, 445403, 1, 0
12611, 126643, 1, 0
12858, 123135, 1, 0
13104, 123126, 1, 0
13344, 120249, 1, 0
13580, 117799, 1, 0
13834, 127174, 1, 0
14233, 199121, 1, 0
14387, 153957, 1, 0
14510, 123691, 1, 0
14751, 120132, 1, 0
15038, 143571, 1, 0
15275, 237119, 1, 0
15514, 119155, 1, 0
15762, 124273, 1, 0
16088, 163110, 1, 0
16348, 129722, 1, 0
16583, 117442, 1, 0
16845, 131295, 1, 0
17195, 349715, 1, 0
17333, 137807, 1, 0
17580, 123193, 1, 0
17857, 138586, 1, 0
18255, 198940, 1, 0
18380, 125407, 1, 0
18615, 117343, 1, 0
18901, 142821, 1, 0
19028, 127844, 1, 0
19402, 373730, 1, 0
19505, 102359, 1, 0
19818, 156904, 1, 0
20139, 320822, 1, 0
20270, 130509, 1, 0
20532, 131100, 1, 0
20795, 131532, 1, 0
21186, 195245, 1, 0
21319, 133348, 1, 0
21559, 119784, 1, 0
22050, 245603, 1, 0
22178, 128422, 1, 0
22294, 115984, 1, 0
22542, 123885, 1, 0
22807, 132137, 1, 0
23031, 224384, 1, 0
23304, 136244, 1, 0
23578, 137286, 1, 0
24034, 456021, 1, 0
24160, 126118, 1, 0
24284, 123966, 1, 0
24601, 158222, 1, 0
25114, 256615, 1, 0
25248, 133691, 1, 0
25381, 132962, 1, 0
25506, 125412, 1, 0
25815, 154350, 1, 0
26003, 188488, 1, 0
26352, 116259, 1, 0
26617, 132152, 1, 0
27017, 400359, 1, 0
27154, 137208, 1, 0
27271, 116575, 1, 0
27519, 123998, 1, 0
27769, 125071, 1, 0
28002, 116420, 1, 0
28350, 116051, 1, 0
28612, 130666, 1, 0
29009, 198515, 1, 0
29128, 119244, 1, 0
29361, 116305, 1, 0
29596, 117786, 1, 0
29885, 144354, 1, 0
30003, 117876, 1, 0
30252, 124308, 1, 0
30605, 117678, 1, 0
30975, 185137, 1, 0
31099, 124068, 1, 0
31340, 120251, 1, 0
31601, 130817, 1, 0
31999, 198938, 1, 0
32125, 126236, 1, 0
32282, 156728, 1, 0
32516, 116887, 1, 0
32864, 116101, 1, 0
33134, 134851, 1, 0
33253, 119048, 1, 0
33538, 142441, 1, 0
33866, 327693, 1, 0
34118, 126107, 1, 0
34252, 134272, 1, 0
34603, 116883, 1, 0
34843, 239636, 1, 0
35095, 125887, 1, 0
35358, 131622, 1, 0
35614, 128101, 1, 0
35758, 144262, 1, 0
36113, 118195, 1, 0
36367, 126659, 1, 0
36597, 115117, 1, 0
36865, 268570, 1, 0
37018, 152228, 1, 0
37259, 120582, 1, 0
37561, 151158, 1, 0
37928, 183181, 1, 0
38045, 116872, 1, 0
38286, 120582, 1, 0
38563, 138811, 1, 0
38815, 125987, 1, 0
39051, 117801, 1, 0
39292, 120552, 1, 0
39573, 140246, 1, 0
40048, 475427, 1, 0
40166, 117944, 1, 0
40280, 113965, 1, 0
40530, 124958, 1, 0
40851, 160384, 1, 0
41007, 156399, 1, 0
41290, 141149, 1, 0
41556, 132984, 1, 0
41818, 131201, 1, 0
42089, 135326, 1, 0
42332, 121660, 1, 0
42768, 217670, 1, 0
42894, 126569, 1, 0
43012, 117794, 1, 0
43275, 131332, 1, 0
43769, 246886, 1, 0
43892, 122944, 1, 0
44014, 122379, 1, 0
44361, 115690, 1, 0
44632, 135490, 1, 0
44752, 120243, 1, 0
45007, 127374, 1, 0
45365, 119340, 1, 0
45765, 399693, 1, 0
45940, 175356, 1, 0
46064, 123615, 1, 0
46313, 124358, 1, 0
46575, 131046, 1, 0
46857, 140973, 1, 0
47108, 125285, 1, 0
47619, 255530, 1, 0
47725, 105918, 1, 0
47853, 127994, 1, 0
48120, 133799, 1, 0
48432, 155900, 1, 0
48685, 252627, 1, 0
48845, 159688, 1, 0
49073, 114371, 1, 0
49303, 114674, 1, 0
49546, 121515, 1, 0
49791, 122406, 1, 0
50017, 112982, 1, 0
50268, 125877, 1, 0
50643, 124715, 1, 0
50759, 115771, 1, 0
51045, 143277, 1, 0
51303, 129147, 1, 0
51706, 201484, 1, 0
51853, 146055, 1, 0
52080, 113678, 1, 0
52376, 147764, 1, 0
52502, 126020, 1, 0
52870, 122721, 1, 0
53113, 121734, 1, 0
53330, 108078, 1, 0
53576, 246258, 1, 0
54021, 222705, 1, 0
54158, 136869, 1, 0
54276, 117345, 1, 0
54542, 266390, 1, 0
54831, 144350, 1, 0
55088, 128710, 1, 0
55323, 117146, 1, 0
55562, 119944, 1, 0
55799, 118469, 1, 0
56031, 115687, 1, 0
56300, 134407, 1, 0
56556, 256344, 1, 0
56828, 136122, 1, 0
57073, 122460, 1, 0
57362, 144072, 1, 0
57560, 198469, 1, 0
57854, 147159, 1, 0
58110, 127610, 1, 0
58364, 126975, 1, 0
58605, 120495, 1, 0
58857, 125984, 1, 0
59102, 122765, 1, 0
59461, 179387, 1, 0
59580, 118352, 1, 0
59816, 117948, 1, 0
60085, 134463, 1, 0
417, 414953, 1, 0
548, 131200, 1, 0
827, 139310, 1, 0
1094, 133567, 1, 0
1330, 118064, 1, 0
1586, 127952, 1, 0
1832, 122940, 1, 0
2102, 134899, 1, 0
2449, 347708, 1, 0
2573, 123486, 1, 0
2844, 135393, 1, 0
3099, 127491, 1, 0
3403, 304255, 1, 0
3682, 278944, 1, 0
3800, 117531, 1, 0
4088, 144077, 1, 0
4334, 123339, 1, 0
4618, 141602, 1, 0
4856, 118987, 1, 0
5008, 151886, 1, 0
5345, 337487, 1, 0
5653, 153816, 1, 0
5792, 138792, 1, 0
6036, 122386, 1, 0
6406, 184520, 1, 0
6522, 116317, 1, 0
6784, 131043, 1, 0
7032, 124170, 1, 0
7276, 121736, 1, 0
7510, 116820, 1, 0
7756, 123309, 1, 0
8245, 244530, 1, 0
8397, 151826, 1, 0
8541, 143748, 1, 0
8786, 122692, 1, 0
9055, 134225, 1, 0
9275, 219578, 1, 0
9543, 134128, 1, 0
9794, 125476, 1, 0
10053, 129765, 1, 0
10307, 126729, 1, 0
10552, 122484, 1, 0
10784, 115943, 1, 0
11233, 224674, 1, 0
11349, 116198, 1, 0
11650, 150217, 1, 0
11771, 120874, 1, 0
12404, 316324, 1, 0
12521, 117361, 1, 0
12647, 125911, 1, 0
12769, 121948, 1, 0
13043, 136805, 1, 0
13276, 116823, 1, 0
13519, 121204, 1, 0
13803, 142251, 1, 0
14150, 346973, 1, 0
14275, 124724, 1, 0
14580, 152618, 1, 0
14850, 135083, 1, 0
15013, 162715, 1, 0
15256, 242510, 1, 0
15610, 118171, 1, 0
15930, 159823, 1, 0
16083, 152464, 1, 0
16359, 138111, 1, 0
16588, 114606, 1, 0
16857, 134382, 1, 0
17221, 182046, 1, 0
17338, 116492, 1, 0
17592, 127394, 1, 0
17861, 134519, 1, 0
18139, 277163, 1, 0
18311, 172699, 1, 0
18547, 117611, 1, 0
18843, 148018, 1, 0
19010, 166964, 1, 0
19395, 384869, 1, 0
19627, 232581, 1, 0
19754, 126438, 1, 0
20102, 348718, 1, 0
20346, 121890, 1, 0
20620, 136795, 1, 0
20752, 132298, 1, 0
21147, 197594, 1, 0
21325, 177310, 1, 0
21564, 119667, 1, 0
22061, 248429, 1, 0
22183, 121607, 1, 0
22307, 124049, 1, 0
22555, 123933, 1, 0
22811, 128179, 1, 0
23035, 224016, 1, 0
23328, 146149, 1, 0
23571, 121969, 1, 0
24041, 469311, 1, 0
24172, 130755, 1, 0
24297, 125538, 1, 0
24625, 163854, 1, 0
24750, 124865, 1, 0
25118, 368171, 1, 0
25283, 164891, 1, 0
25523, 120055, 1, 0
25753, 115136, 1, 0
26115, 180731, 1, 0
26347, 115928, 1, 0
26610, 131325, 1, 0
27103, 246630, 1, 0
27263, 160382, 1, 0
27379, 115431, 1, 0
27512, 133664, 1, 0
27762, 124792, 1, 0
28108, 115226, 1, 0
28343, 117531, 1, 0
28623, 140131, 1, 0
29015, 195659, 1, 0
29140, 125520, 1, 0
29255, 114969, 1, 0
29627, 123915, 1, 0
29777, 150059, 1, 0
30027, 124924, 1, 0
30288, 130590, 1, 0
30524, 117690, 1, 0
30908, 384134, 1, 0
31036, 127940, 1, 0
31278, 121088, 1, 0
31534, 127883, 1, 0
31931, 198775, 1, 0
32058, 126100, 1, 0
32330, 136462, 1, 0
32594, 131576, 1, 0
32826, 115967, 1, 0
33089, 131635, 1, 0
33338, 124381, 1, 0
33824, 243044, 1, 0
33957, 133175, 1, 0
34072, 114702, 1, 0
34339, 133566, 1, 0
34564, 112418, 1, 0
34989, 212350, 1, 0
35100, 110779, 1, 0
35351, 125783, 1, 0
35631, 139710, 1, 0
35764, 133146, 1, 0
36138, 124693, 1, 0
36263, 124936, 1, 0
36509, 123203, 1, 0
36835, 325604, 1, 0
37075, 120100, 1, 0
37309, 116675, 1, 0
37554, 122592, 1, 0
37907, 176489, 1, 0
38026, 119110, 1, 0
38266, 119961, 1, 0
38544, 138856, 1, 0
38810, 133013, 1, 0
39044, 117049, 1, 0
39285, 120613, 1, 0
39566, 140216, 1, 0
40029, 463012, 1, 0
40147, 118409, 1, 0
40291, 144198, 1, 0
40542, 125254, 1, 0
40844, 301931, 1, 0
41109, 132416, 1, 0
41315, 205914, 1, 0
41579, 132291, 1, 0
41843, 131751, 1, 0
42105, 130846, 1, 0
42355, 125412, 1, 0
42505, 149286, 1, 0
42838, 166367, 1, 0
43087, 124680, 1, 0
43358, 135289, 1, 0
43714, 356855, 1, 0
43841, 126404, 1, 0
44093, 125775, 1, 0
44344, 125530, 1, 0
44535, 191527, 1, 0
44779, 121979, 1, 0
45031, 125767, 1, 0
45256, 112663, 1, 0
45781, 262273, 1, 0
45953, 172572, 1, 0
46069, 115439, 1, 0
46379, 155019, 1, 0
46631, 126127, 1, 0
46808, 176449, 1, 0
47051, 121720, 1, 0
47309, 128841, 1, 0
47545, 117926, 1, 0
47857, 156264, 1, 0
48125, 133783, 1, 0
48437, 155867, 1, 0
48689, 252330, 1, 0
48861, 172307, 1, 0
49090, 114235, 1, 0
49327, 118291, 1, 0
49619, 146146, 1, 0
49850, 115252, 1, 0
50085, 117602, 1, 0
50365, 140218, 1, 0
50593, 227284, 1, 0
50837, 122052, 1, 0
51113, 138103, 1, 0
51414, 150603, 1, 0
51565, 150560, 1, 0
51846, 140350, 1, 0
52084, 119384, 1, 0
52417, 166424, 1, 0
52539, 121569, 1, 0
52781, 120948, 1, 0
53026, 122703, 1, 0
53298, 135884, 1, 0
53669, 185672, 1, 0
54015, 345139, 1, 0
54151, 136765, 1, 0
54268, 116705, 1, 0
54535, 267062, 1, 0
54836, 150451, 1, 0
55101, 132291, 1, 0
55327, 113150, 1, 0
55568, 120554, 1, 0
55803, 117598, 1, 0
56067, 131932, 1, 0
56349, 141004, 1, 0
56603, 253890, 1, 0
56864, 130334, 1, 0
57108, 121987, 1, 0
57286, 178291, 1, 0
57584, 148930, 1, 0
57754, 169492, 1, 0
58002, 123947, 1, 0
58260, 128929, 1, 0
58504, 121936, 1, 0
58763, 129849, 1, 0
59004, 120284, 1, 0
59421, 208457, 1, 0
59562, 141067, 1, 0
59797, 117224, 1, 0
60088, 145605, 1, 0
378, 125226, 1, 0
523, 145339, 1, 0
815, 145879, 1, 0
1069, 126808, 1, 0
1305, 118353, 1, 0
1541, 118010, 1, 0
1794, 126403, 1, 0
2068, 273574, 1, 0
2312, 121995, 1, 0
2557, 122398, 1, 0
2825, 133972, 1, 0
3065, 120440, 1, 0
3321, 127759, 1, 0
3557, 118169, 1, 0
4130, 572309, 1, 0
4268, 138519, 1, 0
4403, 134259, 1, 0
4513, 110814, 1, 0
4785, 135679, 1, 0
5049, 132059, 1, 0
5296, 123290, 1, 0
5561, 132655, 1, 0
5929, 184147, 1, 0
6060, 130226, 1, 0
6348, 144007, 1, 0
6666, 159321, 1, 0
6982, 315239, 1, 0
7096, 114550, 1, 0
7395, 149619, 1, 0
7514, 118733, 1, 0
7758, 121876, 1, 0
8009, 125549, 1, 0
8269, 129944, 1, 0
8515, 122875, 1, 0
8901, 193047, 1, 0
9037, 136180, 1, 0
9286, 124369, 1, 0
9521, 117578, 1, 0
9838, 158266, 1, 0
10087, 124536, 1, 0
10327, 120220, 1, 0
10638, 155204, 1, 0
10917, 279020, 1, 0
11052, 134851, 1, 0
11286, 117369, 1, 0
11528, 120563, 1, 0
11792, 132029, 1, 0
12030, 119055, 1, 0
12287, 128535, 1, 0
12532, 122306, 1, 0
12941, 204787, 1, 0
13066, 124666, 1, 0
13338, 135768, 1, 0
13606, 134185, 1, 0
13865, 129674, 1, 0
14102, 118031, 1, 0
14367, 132606, 1, 0
14543, 176630, 1, 0
14802, 258440, 1, 0
15043, 120340, 1, 0
15294, 125476, 1, 0
15533, 119630, 1, 0
15789, 128033, 1, 0
16033, 122159, 1, 0
16278, 122170, 1, 0
16544, 132886, 1, 0
16803, 259193, 1, 0
17053, 125118, 1, 0
17285, 115958, 1, 0
17509, 223735, 1, 0
17771, 131158, 1, 0
18195, 211806, 1, 0
18308, 112546, 1, 0
18718, 205036, 1, 0
18840, 122125, 1, 0
19008, 167816, 1, 0
19266, 129149, 1, 0
19510, 244122, 1, 0
19871, 180324, 1, 0
20000, 129198, 1, 0
20576, 191858, 1, 0
20683, 107158, 1, 0
20812, 129160, 1, 0
21084, 135719, 1, 0
21453, 184870, 1, 0
21693, 239827, 1, 0
21814, 120785, 1, 0
22054, 120210, 1, 0
22301, 123209, 1, 0
22703, 200952, 1, 0
22892, 188598, 1, 0
23014, 122420, 1, 0
23263, 124428, 1, 0
23684, 210356, 1, 0
23807, 123224, 1, 0
24053, 122789, 1, 0
24438, 192731, 1, 0
24572, 133827, 1, 0
24845, 136424, 1, 0
25073, 114000, 1, 0
25333, 129948, 1, 0
25647, 314266, 1, 0
25791, 143499, 1, 0
26028, 118792, 1, 0
26519, 245534, 1, 0
26630, 110981, 1, 0
26868, 118857, 1, 0
27098, 114772, 1, 0
27345, 123684, 1, 0
27597, 251816, 1, 0
27751, 153889, 1, 0
28124, 124437, 1, 0
28470, 172905, 1, 0
28607, 137062, 1, 0
28872, 132354, 1, 0
29111, 119488, 1, 0
29323, 212019, 1, 0
29567, 243633, 1, 0
29829, 131223, 1, 0
30086, 128320, 1, 0
30387, 301408, 1, 0
30613, 112977, 1, 0
30893, 139639, 1, 0
31052, 159256, 1, 0
31300, 124120, 1, 0
31534, 116782, 1, 0
31773, 119397, 1, 0
32027, 127247, 1, 0
32285, 129118, 1, 0
32527, 241963, 1, 0
32795, 133724, 1, 0
33041, 123004, 1, 0
33286, 122242, 1, 0
33521, 117504, 1, 0
33756, 117844, 1, 0
34023, 133423, 1, 0
34252, 114294, 1, 0
34512, 260179, 1, 0
34779, 133550, 1, 0
35046, 133521, 1, 0
35294, 123848, 1, 0
35537, 121302, 1, 0
35776, 119497, 1, 0
36026, 125150, 1, 0
36549, 261280, 1, 0
36664, 114832, 1, 0
36851, 187203, 1, 0
37176, 162759, 1, 0
37328, 151130, 1, 0
37565, 118554, 1, 0
37819, 127210, 1, 0
38119, 149771, 1, 0
38391, 136202, 1, 0
38507, 116215, 1, 0
38753, 122755, 1, 0
39109, 118757, 1, 0
39619, 509436, 1, 0
39793, 174386, 1, 0
39908, 114717, 1, 0
40022, 114092, 1, 0
40265, 121325, 1, 0
40513, 124083, 1, 0
40772, 129576, 1, 0
41023, 125459, 1, 0
41390, 183238, 1, 0
41615, 112740, 1, 0
41882, 133518, 1, 0
42004, 121845, 1, 0
42273, 134498, 1, 0
42536, 131195, 1, 0
42763, 113369, 1, 0
43009, 122962, 1, 0
43509, 500735, 1, 0
43628, 118202, 1, 0
43882, 127321, 1, 0
44093, 210643, 1, 0
44329, 117868, 1, 0
44583, 127242, 1, 0
44822, 119533, 1, 0
45065, 121361, 1, 0
45365, 299489, 1, 0
45629, 131943, 1, 0
45761, 132483, 1, 0
46146, 192586, 1, 0
46261, 114247, 1, 0
46517, 127976, 1, 0
46761, 122351, 1, 0
47425, 331615, 1, 0
47549, 124769, 1, 0
47672, 122086, 1, 0
47814, 142509, 1, 0
48044, 114749, 1, 0
48306, 131246, 1, 0
48539, 116442, 1, 0
48779, 119839, 1, 0
49251, 236279, 1, 0
49367, 115211, 1, 0
49621, 126998, 1, 0
49767, 145943, 1, 0
50001, 117251, 1, 0
50261, 129891, 1, 0
50501, 119808, 1, 0
50751, 125308, 1, 0
51309, 278661, 1, 0
51458, 148819, 1, 0
51590, 132748, 1, 0
51841, 125081, 1, 0
52106, 132655, 1, 0
52393, 143418, 1, 0
52507, 113705, 1, 0
52885, 126211, 1, 0
53151, 265510, 1, 0
53284, 133001, 1, 0
53534, 125149, 1, 0
53938, 201951, 1, 0
54052, 113558, 1, 0
54306, 127056, 1, 0
54569, 131745, 1, 0
54822, 126333, 1, 0
55079, 256401, 1, 0
55289, 210706, 1, 0
55527, 118959, 1, 0
55981, 226628, 1, 0
56117, 136633, 1, 0
56362, 122217, 1, 0
56504, 142363, 1, 0
56773, 134618, 1, 0
57057, 141621, 1, 0
57284, 113391, 1, 0
57570, 143206, 1, 0
57829, 129474, 1, 0
58098, 268340, 1, 0
58393, 147667, 1, 0
58509, 115644, 1, 0
58762, 126893, 1, 0
59016, 126725, 1, 0
59267, 125434, 1, 0
59502, 117332, 1, 0
59759, 128701, 1, 0
60020, 261277, 1, 0
386, 127878, 1, 0
530, 144291, 1, 0
824, 146619, 1, 0
1102, 139210, 1, 0
1339, 118568, 1, 0
1591, 125688, 1, 0
1828, 118566, 1, 0
2109, 281260, 1, 0
2454, 172572, 1, 0
2578, 123413, 1, 0
2833, 127704, 1, 0
3106, 136255, 1, 0
3361, 127808, 1, 0
3599, 118690, 1, 0
3764, 165122, 1, 0
4033, 269337, 1, 0
4277, 243743, 1, 0
4522, 122603, 1, 0
4793, 135303, 1, 0
5058, 132567, 1, 0
5305, 123332, 1, 0
5537, 116167, 1, 0
5888, 175184, 1, 0
6002, 114044, 1, 0
6324, 161147, 1, 0
6674, 174927, 1, 0
6990, 316554, 1, 0
7105, 114666, 1, 0
7404, 149558, 1, 0
7523, 118398, 1, 0
7810, 143679, 1, 0
8072, 130652, 1, 0
8358, 143119, 1, 0
8627, 134470, 1, 0
8798, 170930, 1, 0
9046, 247997, 1, 0
9296, 124946, 1, 0
9530, 117080, 1, 0
9807, 138666, 1, 0
10056, 124268, 1, 0
10337, 140426, 1, 0
10596, 129534, 1, 0
10851, 254590, 1, 0
11122, 135789, 1, 0
11358, 118116, 1, 0
11631, 136473, 1, 0
11768, 136447, 1, 0
12010, 121078, 1, 0
12271, 130517, 1, 0
12516, 122236, 1, 0
12894, 189066, 1, 0
13037, 142842, 1, 0
13284, 123710, 1, 0
13569, 142310, 1, 0
13798, 114388, 1, 0
14053, 127779, 1, 0
14312, 129376, 1, 0
14610, 148768, 1, 0
14868, 258592, 1, 0
15152, 141641, 1, 0
15271, 119223, 1, 0
15508, 118606, 1, 0
15773, 132377, 1, 0
16009, 118130, 1, 0
16255, 122941, 1, 0
16521, 132631, 1, 0
16768, 247885, 1, 0
17017, 124455, 1, 0
17251, 116937, 1, 0
17588, 168306, 1, 0
17865, 138586, 1, 0
18019, 153302, 1, 0
18273, 126980, 1, 0
18682, 204643, 1, 0
18803, 121160, 1, 0
19082, 139225, 1, 0
19334, 126127, 1, 0
19701, 366482, 1, 0
19835, 133865, 1, 0
20083, 123921, 1, 0
20327, 122259, 1, 0
20647, 319918, 1, 0
20775, 127563, 1, 0
21035, 129998, 1, 0
21299, 132229, 1, 0
21682, 382798, 1, 0
21811, 128601, 1, 0
22050, 119726, 1, 0
22291, 120219, 1, 0
22692, 200663, 1, 0
22810, 118414, 1, 0
23056, 122965, 1, 0
23354, 149054, 1, 0
23540, 185412, 1, 0
23836, 148064, 1, 0
24073, 118451, 1, 0
24447, 186884, 1, 0
24568, 121556, 1, 0
24822, 126991, 1, 0
25057, 117004, 1, 0
25319, 131074, 1, 0
25611, 292209, 1, 0
25767, 156038, 1, 0
26012, 122575, 1, 0
26477, 232526, 1, 0
26595, 117993, 1, 0
26826, 115212, 1, 0
27094, 134206, 1, 0
27333, 119429, 1, 0
27581, 247674, 1, 0
27824, 121420, 1, 0
28070, 123073, 1, 0
28311, 120555, 1, 0
28537, 225880, 1, 0
28805, 134042, 1, 0
29075, 135054, 1, 0
29530, 227097, 1, 0
29646, 116101, 1, 0
29800, 154613, 1, 0
30049, 124323, 1, 0
30462, 206585, 1, 0
30578, 115811, 1, 0
30827, 124214, 1, 0
31106, 139744, 1, 0
31341, 117481, 1, 0
31575, 117054, 1, 0
31862, 143485, 1, 0
32004, 142058, 1, 0
32446, 220806, 1, 0
32569, 122786, 1, 0
32836, 133730, 1, 0
33082, 122531, 1, 0
33320, 119205, 1, 0
33562, 121156, 1, 0
33765, 202582, 1, 0
34032, 133667, 1, 0
34294, 130639, 1, 0
34533, 239185, 1, 0
34776, 121361, 1, 0
35030, 127104, 1, 0
35265, 117446, 1, 0
35527, 131286, 1, 0
35772, 122280, 1, 0
36049, 138516, 1, 0
36570, 260202, 1, 0
36708, 138402, 1, 0
36880, 171563, 1, 0
37010, 130387, 1, 0
37336, 163212, 1, 0
37574, 118562, 1, 0
37828, 126918, 1, 0
38096, 134076, 1, 0
38387, 145455, 1, 0
38503, 116647, 1, 0
38862, 119640, 1, 0
39106, 121664, 1, 0
39627, 521083, 1, 0
39789, 162613, 1, 0
39906, 116062, 1, 0
40018, 112155, 1, 0
40260, 121216, 1, 0
40510, 124658, 1, 0
40761, 125555, 1, 0
41129, 122664, 1, 0
41386, 256741, 1, 0
41612, 112913, 1, 0
41879, 133665, 1, 0
42109, 114965, 1, 0
42358, 124519, 1, 0
42613, 127612, 1, 0
42856, 121523, 1, 0
43098, 120899, 1, 0
43319, 221077, 1, 0
43507, 187517, 1, 0
43752, 122652, 1, 0
44102, 174772, 1, 0
44337, 117780, 1, 0
44592, 127340, 1, 0
44851, 129144, 1, 0
45225, 187282, 1, 0
45393, 167957, 1, 0
45517, 123465, 1, 0
45784, 133657, 1, 0
46181, 198588, 1, 0
46312, 130306, 1, 0
46557, 122586, 1, 0
46802, 122443, 1, 0
47479, 338518, 1, 0
47603, 124588, 1, 0
47727, 123331, 1, 0
47860, 132984, 1, 0
48097, 118844, 1, 0
48259, 161065, 1, 0
48608, 116370, 1, 0
48852, 122325, 1, 0
49272, 209946, 1, 0
49394, 121985, 1, 0
49510, 115550, 1, 0
49776, 132805, 1, 0
50010, 117011, 1, 0
50270, 130232, 1, 0
50511, 120166, 1, 0
50772, 130733, 1, 0
51360, 294167, 1, 0
51489, 128856, 1, 0
51620, 130327, 1, 0
51880, 130239, 1, 0
52003, 123061, 1, 0
52402, 132752, 1, 0
52515, 113258, 1, 0
52754, 119678, 1, 0
53230, 238076, 1, 0
53377, 146534, 1, 0
53651, 137044, 1, 0
53783, 132129, 1, 0
54105, 160597, 1, 0
54359, 127031, 1, 0
54503, 144362, 1, 0
54869, 121853, 1, 0
55220, 351457, 1, 0
55342, 122161, 1, 0
55580, 118854, 1, 0
56034, 226705, 1, 0
56172, 138259, 1, 0
56285, 113231, 1, 0
56557, 135778, 1, 0
56814, 128405, 1, 0
57066, 126293, 1, 0
57292, 113090, 1, 0
57567, 137339, 1, 0
57793, 112824, 1, 0
58070, 276548, 1, 0
58338, 134134, 1, 0
58576, 118946, 1, 0
58836, 130131, 1, 0
59101, 132409, 1, 0
59351, 125042, 1, 0
59594, 121544, 1, 0
59844, 125081, 1, 0
60095, 250793, 1, 0
356, 117760, 1, 0
502, 146559, 1, 0
802, 149698, 1, 0
1068, 133206, 1, 0
1306, 118816, 1, 0
1561, 127751, 1, 0
1807, 122774, 1, 0
2088, 281005, 1, 0
2336, 123766, 1, 0
2582, 123010, 1, 0
2846, 132018, 1, 0
3077, 115672, 1, 0
3333, 127946, 1, 0
3577, 122063, 1, 0
4268, 345590, 1, 0
4404, 135175, 1, 0
4513, 109642, 1, 0
4723, 210114, 1, 0
4875, 151568, 1, 0
5107, 115735, 1, 0
5271, 164137, 1, 0
5677, 135495, 1, 0
5839, 161932, 1, 0
6111, 135658, 1, 0
6361, 125180, 1, 0
6652, 145707, 1, 0
6969, 316077, 1, 0
7084, 115931, 1, 0
7383, 149080, 1, 0
7619, 117909, 1, 0
7859, 120199, 1, 0
8125, 132909, 1, 0
8269, 143981, 1, 0
8515, 123045, 1, 0
8920, 202336, 1, 0
9049, 129233, 1, 0
9299, 125159, 1, 0
9541, 120562, 1, 0
9819, 139338, 1, 0
10067, 123995, 1, 0
10316, 124077, 1, 0
10556, 120274, 1, 0
10930, 186806, 1, 0
11052, 122427, 1, 0
11286, 117057, 1, 0
11546, 129870, 1, 0
11804, 128760, 1, 0
12043, 119598, 1, 0
12327, 141926, 1, 0
12563, 118099, 1, 0
12827, 263979, 1, 0
13086, 129412, 1, 0
13356, 134850, 1, 0
13641, 142658, 1, 0
13764, 122449, 1, 0
14025, 130699, 1, 0
14303, 138823, 1, 0
14601, 149360, 1, 0
14861, 259606, 1, 0
15110, 124184, 1, 0
15250, 140309, 1, 0
15617, 122423, 1, 0
15866, 124289, 1, 0
16111, 122608, 1, 0
16379, 133752, 1, 0
16748, 184471, 1, 0
16859, 111293, 1, 0
17110, 125637, 1, 0
17343, 116220, 1, 0
17567, 224109, 1, 0
17838, 135543, 1, 0
18182, 171749, 1, 0
18296, 114290, 1, 0
18685, 194678, 1, 0
18807, 121526, 1, 0
19073, 133014, 1, 0
19325, 126241, 1, 0
19692, 366883, 1, 0
19806, 113832, 1, 0
20062, 127841, 1, 0
20299, 118458, 1, 0
20626, 326911, 1, 0
20876, 125240, 1, 0
21014, 137401, 1, 0
21290, 138116, 1, 0
21673, 383332, 1, 0
21802, 128616, 1, 0
22042, 119732, 1, 0
22282, 120008, 1, 0
22683, 200613, 1, 0
22802, 118744, 1, 0
23048, 122965, 1, 0
23346, 149311, 1, 0
23531, 184899, 1, 0
23828, 148335, 1, 0
24064, 118131, 1, 0
24438, 186941, 1, 0
24560, 121418, 1, 0
24832, 136320, 1, 0
25061, 114236, 1, 0
25526, 232682, 1, 0
25694, 167278, 1, 0
25815, 121729, 1, 0
26053, 118999, 1, 0
26574, 260362, 1, 0
26687, 112372, 1, 0
26836, 149882, 1, 0
27073, 118017, 1, 0
27312, 119629, 1, 0
27572, 260356, 1, 0
27816, 121892, 1, 0
28061, 122697, 1, 0
28303, 120864, 1, 0
28528, 225070, 1, 0
28811, 141460, 1, 0
29066, 127090, 1, 0
29336, 135281, 1, 0
29579, 243207, 1, 0
29843, 131546, 1, 0
30085, 121400, 1, 0
30387, 301311, 1, 0
30613, 113298, 1, 0
30880, 133289, 1, 0
31110, 114965, 1, 0
31345, 117669, 1, 0
31522, 176483, 1, 0
31772, 125025, 1, 0
32039, 133704, 1, 0
32437, 198980, 1, 0
32560, 122790, 1, 0
32845, 142120, 1, 0
33085, 120210, 1, 0
33323, 119037, 1, 0
33566, 121507, 1, 0
33756, 190084, 1, 0
34023, 133293, 1, 0
34252, 114488, 1, 0
34500, 247617, 1, 0
34767, 133533, 1, 0
35021, 127236, 1, 0
35257, 117879, 1, 0
35518, 130692, 1, 0
35763, 122482, 1, 0
36040, 138355, 1, 0
36560, 260012, 1, 0
36699, 138862, 1, 0
36871, 171467, 1, 0
37189, 158993, 1, 0
37328, 139088, 1, 0
37564, 118273, 1, 0
37819, 127062, 1, 0
38086, 133516, 1, 0
38357, 135869, 1, 0
38597, 119951, 1, 0
38873, 137845, 1, 0
39122, 124360, 1, 0
39618, 496190, 1, 0
39794, 175398, 1, 0
39908, 114807, 1, 0
40022, 113654, 1, 0
40265, 121223, 1, 0
40513, 124084, 1, 0
40772, 129796, 1, 0
41023, 125368, 1, 0
41390, 183461, 1, 0
41615, 112364, 1, 0
41870, 127483, 1, 0
42100, 115088, 1, 0
42362, 131029, 1, 0
42504, 141492, 1, 0
42860, 118795, 1, 0
43101, 120180, 1, 0
43322, 220842, 1, 0
43510, 187911, 1, 0
43887, 125651, 1, 0
44107, 220287, 1, 0
44340, 116509, 1, 0
44596, 128074, 1, 0
44842, 122880, 1, 0
45216, 187148, 1, 0
45385, 168412, 1, 0
45508, 123585, 1, 0
45774, 132918, 1, 0
46159, 192373, 1, 0
46273, 113955, 1, 0
46548, 137475, 1, 0
46793, 122392, 1, 0
47413, 309839, 1, 0
47537, 124066, 1, 0
47652, 115193, 1, 0
47801, 149242, 1, 0
48044, 121112, 1, 0
48331, 143502, 1, 0
48572, 120350, 1, 0
48832, 129975, 1, 0
49263, 215671, 1, 0
49386, 122826, 1, 0
49501, 115323, 1, 0
49753, 126133, 1, 0
50131, 125821, 1, 0
50261, 130502, 1, 0
50501, 119747, 1, 0
50751, 124965, 1, 0
51309, 278919, 1, 0
51433, 123780, 1, 0
51564, 131616, 1, 0
51751, 187126, 1, 0
52016, 132078, 1, 0
52251, 117897, 1, 0
52551, 149599, 1, 0
52784, 116787, 1, 0
53221, 218350, 1, 0
53368, 146971, 1, 0
53658, 145036, 1, 0
53875, 216600, 1, 0
54109, 117125, 1, 0
54398, 144386, 1, 0
54526, 127799, 1, 0
54754, 113941, 1, 0
55170, 208199, 1, 0
55314, 143315, 1, 0
55560, 123135, 1, 0
56012, 225904, 1, 0
56142, 130542, 1, 0
56264, 121769, 1, 0
56536, 135831, 1, 0
56793, 128469, 1, 0
57038, 122370, 1, 0
57272, 117016, 1, 0
57537, 132858, 1, 0
57772, 117075, 1, 0
58004, 232625, 1, 0
58328, 162008, 1, 0
58567, 119084, 1, 0
58828, 130490, 1, 0
59079, 125614, 1, 0
59342, 131555, 1, 0
59604, 131139, 1, 0
59848, 121905, 1, 0
60098, 249674, 1, 0
251, 124242, 1, 0
544, 146481, 1, 0
837, 146450, 1, 0
1090, 126847, 1, 0
1327, 118360, 1, 0
1571, 121748, 1, 0
1815, 122196, 1, 0
2097, 281920, 1, 0
2345, 123975, 1, 0
2610, 132455, 1, 0
2867, 128505, 1, 0
3118, 125448, 1, 0
3256, 137942, 1, 0
3510, 127032, 1, 0
4125, 307475, 1, 0
4279, 153905, 1, 0
4426, 146766, 1, 0
4542, 116159, 1, 0
4897, 177701, 1, 0
5011, 113429, 1, 0
5267, 128285, 1, 0
5505, 118837, 1, 0
5848, 171548, 1, 0
6120, 135962, 1, 0
6338, 218098, 1, 0
6629, 145562, 1, 0
6937, 307523, 1, 0
7061, 124182, 1, 0
7344, 141453, 1, 0
7658, 156936, 1, 0
7780, 121978, 1, 0
8050, 134887, 1, 0
8310, 129981, 1, 0
8589, 139727, 1, 0
8954, 182116, 1, 0
9088, 134601, 1, 0
9340, 125797, 1, 0
9579, 119623, 1, 0
9859, 139714, 1, 0
10108, 124598, 1, 0
10361, 126464, 1, 0
10521, 159989, 1, 0
10914, 196604, 1, 0
11041, 126716, 1, 0
11295, 127140, 1, 0
11537, 120781, 1, 0
11813, 137888, 1, 0
12088, 137686, 1, 0
12348, 130035, 1, 0
12585, 118279, 1, 0
12849, 264048, 1, 0
13121, 135854, 1, 0
13252, 131373, 1, 0
13537, 142224, 1, 0
13773, 117978, 1, 0
14020, 123702, 1, 0
14299, 139190, 1, 0
14598, 149611, 1, 0
14849, 251501, 1, 0
15101, 125563, 1, 0
15348, 123557, 1, 0
15587, 119713, 1, 0
15842, 127631, 1, 0
16087, 122137, 1, 0
16353, 132915, 1, 0
16678, 162426, 1, 0
16844, 166173, 1, 0
17107, 131755, 1, 0
17340, 116064, 1, 0
17556, 216254, 1, 0
17834, 139247, 1, 0
18001, 167072, 1, 0
18273, 135952, 1, 0
18682, 204371, 1, 0
18804, 121666, 1, 0
19070, 132999, 1, 0
19321, 125548, 1, 0
19689, 368001, 1, 0
19803, 113848, 1, 0
20058, 127240, 1, 0
20295, 118751, 1, 0
20622, 327400, 1, 0
20886, 131605, 1, 0
21023, 136811, 1, 0
21287, 132129, 1, 0
21608, 321121, 1, 0
21754, 146115, 1, 0
22117, 120975, 1, 0
22250, 132899, 1, 0
22654, 201964, 1, 0
22768, 113559, 1, 0
23011, 121639, 1, 0
23259, 123770, 1, 0
23713, 227252, 1, 0
23837, 123523, 1, 0
24074, 118400, 1, 0
24460, 193046, 1, 0
24581, 121451, 1, 0
24842, 130273, 1, 0
25070, 113923, 1, 0
25536, 232942, 1, 0
25668, 132602, 1, 0
25812, 144084, 1, 0
26050, 118791, 1, 0
26553, 251557, 1, 0
26671, 118301, 1, 0
26782, 110859, 1, 0
27018, 117821, 1, 0
27254, 118072, 1, 0
27640, 192782, 1, 0
27760, 119824, 1, 0
28006, 123342, 1, 0
28480, 157846, 1, 0
28616, 136379, 1, 0
28861, 122190, 1, 0
29101, 120015, 1, 0
29253, 152201, 1, 0
29634, 190238, 1, 0
29782, 148467, 1, 0
30036, 127082, 1, 0
30462, 212839, 1, 0
30577, 115029, 1, 0
30827, 124927, 1, 0
31004, 177384, 1, 0
31355, 116711, 1, 0
31517, 162535, 1, 0
31756, 119260, 1, 0
32036, 140323, 1, 0
32295, 129178, 1, 0
32537, 241847, 1, 0
32804, 133743, 1, 0
33050, 123000, 1, 0
33294, 121894, 1, 0
33531, 118219, 1, 0
33856, 162548, 1, 0
34001, 145042, 1, 0
34521, 173429, 1, 0
34640, 119265, 1, 0
34763, 122121, 1, 0
35010, 123658, 1, 0
35253, 121580, 1, 0
35516, 131301, 1, 0
35753, 118516, 1, 0
36004, 125446, 1, 0
36258, 127036, 1, 0
36647, 388489, 1, 0
36815, 168285, 1, 0
37148, 166324, 1, 0
37270, 122840, 1, 0
37508, 118890, 1, 0
37770, 131039, 1, 0
38076, 152549, 1, 0
38346, 135369, 1, 0
38594, 123770, 1, 0
38838, 121918, 1, 0
39073, 117416, 1, 0
39557, 483789, 1, 0
39751, 194759, 1, 0
39861, 109365, 1, 0
40090, 114553, 1, 0
40360, 135190, 1, 0
40612, 125691, 1, 0
40850, 119109, 1, 0
41096, 123039, 1, 0
41268, 171519, 1, 0
41583, 157791, 1, 0
41830, 123444, 1, 0
42073, 121084, 1, 0
42328, 127605, 1, 0
42589, 130502, 1, 0
42818, 114482, 1, 0
43494, 337975, 1, 0
43609, 115124, 1, 0
43727, 117985, 1, 0
43858, 131380, 1, 0
44071, 212627, 1, 0
44305, 117034, 1, 0
44579, 137079, 1, 0
44832, 126083, 1, 0
45074, 121277, 1, 0
45374, 299400, 1, 0
45638, 131967, 1, 0
45771, 133442, 1, 0
46156, 192170, 1, 0
46269, 113907, 1, 0
46525, 127851, 1, 0
46770, 122315, 1, 0
47447, 338448, 1, 0
47570, 123451, 1, 0
47694, 123687, 1, 0
47835, 141433, 1, 0
48085, 124671, 1, 0
48341, 127926, 1, 0
48596, 127480, 1, 0
48853, 128434, 1, 0
49273, 209894, 1, 0
49395, 122068, 1, 0
49510, 115480, 1, 0
49788, 138731, 1, 0
50023, 117455, 1, 0
50285, 130926, 1, 0
50523, 119177, 1, 0
50772, 124656, 1, 0
51349, 288329, 1, 0
51467, 117592, 1, 0
51601, 134039, 1, 0
51792, 191564, 1, 0
52037, 122332, 1, 0
52272, 117342, 1, 0
52527, 127778, 1, 0
52768, 120118, 1, 0
53172, 202171, 1, 0
53313, 140573, 1, 0
53556, 121682, 1, 0
53929, 186278, 1, 0
54042, 112951, 1, 0
54298, 128011, 1, 0
54559, 130853, 1, 0
54803, 121789, 1, 0
55073, 270063, 1, 0
55286, 212863, 1, 0
55524, 119127, 1, 0
55990, 232733, 1, 0
56126, 136284, 1, 0
56370, 121938, 1, 0
56514, 143404, 1, 0
56771, 128638, 1, 0
57047, 137866, 1, 0
57280, 116873, 1, 0
57547, 133079, 1, 0
57781, 117198, 1, 0
58014, 232546, 1, 0
58318, 152178, 1, 0
58563, 122474, 1, 0
58816, 126399, 1, 0
59089, 136325, 1, 0
59332, 121562, 1, 0
59613, 140614, 1, 0
59858, 122226, 1, 0
60107, 249405, 1, 0
