259, 89983, 0, 0
259, 103948, 1, 0
500, 130057, 0, 0
500, 144195, 1, 0
758, 114284, 0, 0
758, 127076, 1, 0
1006, 136126, 0, 0
1006, 139390, 1, 0
1502, 229197, 0, 0
1502, 182026, 1, 0
1512, 631877, 1, 0
1753, 432873, 0, 0
1753, 450635, 1, 0
2008, 167601, 0, 0
2008, 191228, 1, 0
2257, 183411, 0, 0
2257, 205427, 1, 0
2504, 141911, 0, 0
2504, 154622, 1, 0
2761, 200868, 0, 0
2761, 216626, 1, 0
3003, 183626, 0, 0
3003, 186578, 1, 0
3253, 246520, 0, 0
3253, 251545, 1, 0
3510, 231054, 0, 0
3510, 252014, 1, 0
3778, 208953, 0, 0
3778, 238315, 1, 0
4156, 284416, 0, 0
4156, 323316, 1, 0
4251, 493888, 0, 0
4251, 516949, 1, 0
4502, 342294, 0, 0
4502, 324692, 1, 0
4750, 265666, 0, 0
4750, 288282, 1, 0
5001, 202786, 0, 0
5001, 199269, 1, 0
5262, 192397, 0, 0
5262, 194943, 1, 0
5602, 322072, 0, 0
5602, 398498, 1, 0
5776, 501667, 0, 0
5776, 519747, 1, 0
6001, 377279, 0, 0
6001, 420291, 1, 0
6281, 357990, 0, 0
6281, 429033, 1, 0
6657, 318916, 0, 0
6657, 362659, 1, 0
6753, 305733, 0, 0
6753, 317283, 1, 0
7010, 188751, 0, 0
7010, 190966, 1, 0
7260, 370127, 0, 0
7260, 401123, 1, 0
7501, 278108, 0, 0
7501, 261457, 1, 0
7750, 165714, 0, 0
7750, 170769, 1, 0
8007, 144076, 0, 0
8007, 145439, 1, 0
8264, 246300, 0, 0
8264, 496732, 1, 0
8603, 537393, 0, 0
8603, 569467, 1, 0
8771, 778867, 0, 0
8771, 813224, 1, 0
9043, 735957, 0, 0
9043, 815932, 1, 0
9256, 509125, 0, 0
9256, 570281, 1, 0
9589, 283468, 0, 0
9589, 235960, 1, 0
9847, 672146, 0, 0
9847, 516252, 1, 0
10002, 759825, 0, 0
10002, 778070, 1, 0
10321, 932759, 0, 0
10321, 780010, 1, 0
10511, 1180288, 0, 0
10511, 1199058, 1, 0
10763, 827827, 0, 0
10763, 990425, 1, 0
11160, 581828, 0, 0
11160, 512333, 1, 0
11261, 783962, 0, 0
11261, 683525, 1, 0
11538, 870830, 0, 0
11538, 809859, 1, 0
11757, 1173228, 0, 0
11757, 1210575, 1, 0
12180, 1206632, 0, 0
12180, 1147191, 1, 0
12290, 1129223, 0, 0
12290, 1318248, 1, 0
12539, 1116602, 0, 0
12539, 1093053, 1, 0
12755, 1319686, 0, 0
12755, 1217831, 1, 0
13172, 1091184, 0, 0
13172, 1030400, 1, 0
13274, 1094000, 0, 0
13505, 1130536, 0, 0
13505, 1092459, 1, 0
13754, 1115590, 0, 0
13754, 1116327, 1, 0
14202, 1196915, 0, 0
14202, 1152995, 1, 0
14255, 1388187, 0, 0
14255, 1339934, 1, 0
14500, 1354227, 0, 0
14500, 1291358, 1, 0
14770, 1238625, 0, 0
14770, 1183179, 1, 0
15052, 1333077, 0, 0
15052, 1070877, 1, 0
15253, 1453086, 0, 0
15253, 1316102, 1, 0
15591, 1420281, 0, 0
15591, 1433058, 1, 0
15820, 1368482, 0, 0
15820, 1284068, 1, 0
16139, 1103238, 0, 0
16139, 1062480, 1, 0
16255, 868336, 0, 0
16255, 822650, 1, 0
16515, 758511, 0, 0
16515, 689988, 1, 0
16750, 327501, 0, 0
16750, 301682, 1, 0
17004, 276716, 0, 0
17004, 298199, 1, 0
17291, 153163, 0, 0
17291, 163921, 1, 0
17508, 226298, 0, 0
17508, 261979, 1, 0
17753, 348656, 0, 0
17753, 301849, 1, 0
18083, 155387, 0, 0
18083, 155930, 1, 0
18255, 239737, 0, 0
18255, 237004, 1, 0
18505, 157843, 0, 0
18505, 161404, 1, 0
18773, 228026, 0, 0
18773, 225199, 1, 0
19089, 440402, 0, 0
19089, 533594, 1, 0
19274, 507201, 0, 0
19274, 461276, 1, 0
19532, 153930, 0, 0
19532, 167300, 1, 0
19859, 246881, 0, 0
19859, 300591, 1, 0
20137, 466319, 0, 0
20137, 495841, 1, 0
20308, 547416, 0, 0
20308, 608053, 1, 0
20553, 360355, 0, 0
20553, 391201, 1, 0
20750, 314786, 0, 0
20750, 324005, 1, 0
21059, 176179, 0, 0
21059, 197911, 1, 0
21250, 467025, 0, 0
21250, 425882, 1, 0
21504, 557792, 0, 0
21504, 565186, 1, 0
21824, 569742, 0, 0
21824, 539090, 1, 0
22123, 644370, 0, 0
22123, 680579, 1, 0
22269, 871076, 0, 0
22269, 859835, 1, 0
22504, 1133622, 0, 0
22504, 1025273, 1, 0
22785, 1362562, 0, 0
23022, 1396359, 0, 0
23022, 1372412, 1, 0
23257, 997248, 0, 0
23257, 1519416, 1, 0
23668, 465542, 0, 0
23668, 1584308, 1, 0
23778, 1850576, 0, 0
23778, 1767354, 1, 0
24149, 826244, 0, 0
24149, 1563813, 1, 0
24255, 782403, 0, 0
24255, 413527, 1, 0
24683, 499709, 0, 0
24683, 25933, 1, 0
24933, 467073, 0, 0
24933, 696987, 1, 0
25001, 391767, 0, 0
25001, 569784, 1, 0
25284, 476665, 0, 0
25284, 335303, 1, 0
25553, 481374, 0, 0
25553, 514091, 1, 0
25842, 599078, 0, 0
25842, 649920, 1, 0
26224, 731376, 0, 0
26224, 640163, 1, 0
26331, 944949, 0, 0
26331, 908057, 1, 0
26502, 676300, 0, 0
26502, 618011, 1, 0
26787, 201085, 0, 0
26787, 198884, 1, 0
27030, 322392, 0, 0
27030, 276471, 1, 0
27271, 537336, 0, 0
27271, 482500, 1, 0
27513, 706656, 0, 0
27513, 670146, 1, 0
27753, 757574, 0, 0
27753, 727074, 1, 0
28000, 700657, 0, 0
28000, 679435, 1, 0
28357, 720532, 0, 0
28357, 744707, 1, 0
28522, 746919, 0, 0
28522, 763481, 1, 0
28847, 957948, 0, 0
28847, 766524, 1, 0
29004, 1036020, 0, 0
29004, 971476, 1, 0
29398, 1335474, 0, 0
29398, 953765, 1, 0
29528, 1213914, 0, 0
29528, 1107397, 1, 0
29750, 546566, 0, 0
29750, 634574, 1, 0
30004, 167206, 0, 0
30004, 170545, 1, 0
30323, 166612, 0, 0
30323, 164834, 1, 0
30501, 303927, 0, 0
30501, 304871, 1, 0
30759, 141026, 0, 0
30759, 157388, 1, 0
31029, 156317, 0, 0
31029, 156249, 1, 0
31260, 361317, 0, 0
31260, 258682, 1, 0
31560, 581057, 0, 0
31560, 514949, 1, 0
31756, 571653, 0, 0
31756, 560698, 1, 0
32015, 171106, 0, 0
32015, 179961, 1, 0
32261, 158866, 0, 0
32261, 149672, 1, 0
32516, 143464, 0, 0
32516, 169994, 1, 0
32808, 185534, 0, 0
32808, 195025, 1, 0
33002, 283589, 0, 0
33002, 293717, 1, 0
33257, 165203, 0, 0
33257, 167358, 1, 0
33506, 219107, 0, 0
33506, 219264, 1, 0
33752, 200015, 0, 0
33752, 176570, 1, 0
34001, 199847, 0, 0
34001, 193407, 1, 0
34253, 174669, 0, 0
34253, 173557, 1, 0
34503, 164076, 0, 0
34503, 161248, 1, 0
34750, 166757, 0, 0
34750, 170979, 1, 0
35004, 138865, 0, 0
35004, 142944, 1, 0
35253, 136026, 0, 0
35253, 135267, 1, 0
35505, 190170, 0, 0
35505, 188159, 1, 0
35750, 170226, 0, 0
35750, 179859, 1, 0
36000, 209849, 0, 0
36000, 202574, 1, 0
36251, 157283, 0, 0
36251, 165240, 1, 0
36500, 226133, 0, 0
36500, 219016, 1, 0
36752, 202732, 0, 0
36752, 193893, 1, 0
37001, 178764, 0, 0
37001, 174814, 1, 0
37260, 280681, 0, 0
37260, 270759, 1, 0
37509, 277484, 0, 0
37509, 272392, 1, 0
37751, 230595, 0, 0
37751, 242046, 1, 0
38002, 142604, 0, 0
38002, 151546, 1, 0
38267, 185876, 0, 0
38267, 188414, 1, 0
38500, 143901, 0, 0
38500, 147061, 1, 0
38757, 201590, 0, 0
38757, 200323, 1, 0
39001, 173192, 0, 0
39001, 171360, 1, 0
39257, 172072, 0, 0
39257, 162174, 1, 0
39510, 156639, 0, 0
39510, 156621, 1, 0
39752, 57183, 0, 0
39752, 65581, 1, 0
40004, 122352, 0, 0
40004, 109146, 1, 0
40253, 203738, 0, 0
40253, 199536, 1, 0
40505, 193794, 0, 0
40505, 193110, 1, 0
40756, 166783, 0, 0
40756, 168899, 1, 0
41007, 141791, 0, 0
41007, 146942, 1, 0
41268, 171083, 0, 0
41268, 169535, 1, 0
41502, 194854, 0, 0
41502, 197383, 1, 0
41750, 135229, 0, 0
41750, 141198, 1, 0
42015, 166436, 0, 0
42015, 162314, 1, 0
42253, 104959, 0, 0
42253, 106581, 1, 0
42500, 142213, 0, 0
42500, 147818, 1, 0
42753, 182579, 0, 0
42753, 180226, 1, 0
43007, 160624, 0, 0
43007, 150142, 1, 0
43253, 130993, 0, 0
43253, 149146, 1, 0
43501, 149148, 0, 0
43501, 143859, 1, 0
43752, 171064, 0, 0
43752, 153738, 1, 0
44005, 166218, 0, 0
44005, 204600, 1, 0
44253, 315292, 0, 0
44253, 307497, 1, 0
44536, 318874, 0, 0
44536, 343082, 1, 0
44753, 297635, 0, 0
44753, 289611, 1, 0
45000, 156419, 0, 0
45000, 147263, 1, 0
45254, 175719, 0, 0
45254, 175092, 1, 0
45574, 284866, 0, 0
45574, 214713, 1, 0
45755, 465804, 0, 0
45755, 474321, 1, 0
46082, 290074, 0, 0
46082, 330948, 1, 0
46378, 616802, 0, 0
46378, 509410, 1, 0
46501, 789745, 0, 0
46501, 732181, 1, 0
46754, 410647, 0, 0
46754, 354888, 1, 0
47000, 207330, 0, 0
47000, 220562, 1, 0
47251, 394074, 0, 0
47251, 402277, 1, 0
47560, 455760, 0, 0
47560, 416163, 1, 0
47887, 663499, 0, 0
47887, 602599, 1, 0
48073, 837743, 0, 0
48073, 742853, 1, 0
48265, 983661, 0, 0
48265, 860586, 1, 0
48572, 687832, 0, 0
48572, 521938, 1, 0
48906, 460427, 0, 0
48906, 384518, 1, 0
49001, 578383, 0, 0
49001, 587220, 1, 0
49256, 269127, 0, 0
49256, 288845, 1, 0
49523, 151477, 0, 0
49523, 144045, 1, 0
49750, 243544, 0, 0
49750, 238271, 1, 0
50002, 171543, 0, 0
50002, 175946, 1, 0
50253, 327683, 0, 0
50253, 322493, 1, 0
50502, 196668, 0, 0
50502, 195096, 1, 0
50757, 160260, 0, 0
50757, 165395, 1, 0
51004, 174053, 0, 0
51004, 178933, 1, 0
51263, 282258, 0, 0
51263, 219547, 1, 0
51501, 464032, 0, 0
51501, 450641, 1, 0
51752, 153073, 0, 0
51752, 217363, 1, 0
52014, 132066, 0, 0
52014, 129715, 1, 0
52257, 143336, 0, 0
52257, 135107, 1, 0
52507, 152960, 0, 0
52507, 154660, 1, 0
52752, 124866, 0, 0
52752, 222977, 1, 0
53005, 29313, 0, 0
53005, 65417, 1, 0
53272, 177076, 0, 0
53272, 177336, 1, 0
53524, 171569, 0, 0
53524, 175103, 1, 0
53962, 224070, 0, 0
53962, 203664, 1, 0
54062, 581844, 0, 0
54062, 498462, 1, 0
54302, 694635, 0, 0
54302, 621456, 1, 0
54524, 854529, 0, 0
54524, 820924, 1, 0
54777, 911318, 0, 0
54777, 864581, 1, 0
55000, 390482, 0, 0
55000, 416712, 1, 0
55255, 131549, 0, 0
55255, 137524, 1, 0
55507, 173665, 0, 0
55507, 174849, 1, 0
55757, 220766, 0, 0
55757, 234931, 1, 0
56005, 169117, 0, 0
56005, 168455, 1, 0
56257, 111828, 0, 0
56257, 114464, 1, 0
56504, 108961, 0, 0
56504, 106732, 1, 0
56751, 146593, 0, 0
56751, 150744, 1, 0
57001, 175949, 0, 0
57001, 189736, 1, 0
57252, 163915, 0, 0
57252, 152860, 1, 0
57506, 220719, 0, 0
57506, 223601, 1, 0
57751, 124800, 0, 0
57751, 126470, 1, 0
58004, 152190, 0, 0
58004, 152905, 1, 0
58254, 207091, 0, 0
58254, 206271, 1, 0
58500, 214296, 0, 0
58500, 212022, 1, 0
58752, 166086, 0, 0
58752, 169195, 1, 0
59007, 172520, 0, 0
59007, 161147, 1, 0
59254, 146629, 0, 0
59254, 148446, 1, 0
59503, 164031, 0, 0
59503, 172382, 1, 0
59756, 155429, 0, 0
59756, 158694, 1, 0
60005, 124764, 0, 0
60005, 121662, 1, 0
60141, 192894, 0, 0
60141, 188967, 1, 0
257, 41163, 0, 0
257, 36895, 1, 0
530, 216143, 0, 0
530, 191845, 1, 0
759, 209365, 0, 0
759, 257945, 1, 0
1003, 205478, 0, 0
1003, 210505, 1, 0
1512, 198654, 0, 0
1512, 237486, 1, 0
1513, 575720, 0, 0
1761, 561675, 0, 0
1761, 574225, 1, 0
2007, 208778, 0, 0
2007, 227228, 1, 0
2255, 276210, 0, 0
2255, 285388, 1, 0
2502, 194490, 0, 0
2502, 208171, 1, 0
2750, 178367, 0, 0
2750, 175294, 1, 0
3002, 181902, 0, 0
3002, 183181, 1, 0
3252, 148066, 0, 0
3252, 161388, 1, 0
3509, 119487, 0, 0
3509, 128397, 1, 0
3767, 262666, 0, 0
3767, 247104, 1, 0
4002, 148674, 0, 0
4002, 158405, 1, 0
4370, 158296, 0, 0
4370, 153077, 1, 0
4501, 326663, 0, 0
4501, 334402, 1, 0
4844, 353735, 0, 0
4844, 316469, 1, 0
5064, 481083, 0, 0
5064, 347537, 1, 0
5251, 505255, 0, 0
5251, 517357, 1, 0
5500, 184470, 0, 0
5500, 193326, 1, 0
5757, 189590, 0, 0
5757, 193878, 1, 0
6000, 139314, 0, 0
6000, 144079, 1, 0
6263, 139881, 0, 0
6263, 134437, 1, 0
6504, 222620, 0, 0
6504, 216855, 1, 0
6767, 222432, 0, 0
6767, 206297, 1, 0
7000, 161805, 0, 0
7000, 176551, 1, 0
7302, 117744, 0, 0
7302, 136501, 1, 0
7519, 264619, 0, 0
7519, 270873, 1, 0
7839, 407222, 0, 0
7839, 348836, 1, 0
8004, 143073, 0, 0
8004, 139076, 1, 0
8250, 36592, 0, 0
8250, 39871, 1, 0
8501, 50589, 0, 0
8501, 64619, 1, 0
8750, 169179, 0, 0
8750, 173735, 1, 0
9000, 20624, 0, 0
9000, 26832, 1, 0
9256, 42731, 0, 0
9256, 46740, 1, 0
9503, 125538, 0, 0
9503, 131213, 1, 0
9757, 126255, 0, 0
9757, 118799, 1, 0
10002, 41723, 0, 0
10002, 40181, 1, 0
10253, 58045, 0, 0
10253, 72458, 1, 0
10512, 92499, 0, 0
10512, 100772, 1, 0
10753, 171918, 0, 0
10753, 165424, 1, 0
11159, 138945, 0, 0
11159, 164538, 1, 0
11253, 381919, 0, 0
11253, 361416, 1, 0
11505, 199977, 0, 0
11505, 206774, 1, 0
11756, 160910, 0, 0
11756, 160843, 1, 0
12000, 147200, 0, 0
12000, 162786, 1, 0
12256, 177234, 0, 0
12256, 174430, 1, 0
12504, 176086, 0, 0
12504, 178927, 1, 0
12763, 131458, 0, 0
12763, 133035, 1, 0
13004, 80957, 0, 0
13004, 97386, 1, 0
13257, 128952, 0, 0
13257, 127809, 1, 0
13506, 127819, 0, 0
13506, 134937, 1, 0
13761, 132219, 0, 0
13761, 129963, 1, 0
14003, 173104, 0, 0
14003, 171947, 1, 0
14263, 166163, 0, 0
14263, 177441, 1, 0
14500, 174481, 0, 0
14500, 170991, 1, 0
14753, 135318, 0, 0
14753, 137468, 1, 0
15044, 140906, 0, 0
15044, 182479, 1, 0
15252, 307501, 0, 0
15252, 273938, 1, 0
15507, 154583, 0, 0
15507, 154144, 1, 0
15753, 150961, 0, 0
15753, 150052, 1, 0
16002, 172483, 0, 0
16002, 176821, 1, 0
16255, 28828, 0, 0
16255, 39507, 1, 0
16506, 128759, 0, 0
16506, 134936, 1, 0
16756, 373823, 0, 0
16756, 178583, 1, 0
17044, 515432, 0, 0
17044, 485726, 1, 0
17254, 744725, 0, 0
17254, 732789, 1, 0
17507, 95965, 0, 0
17507, 151326, 1, 0
17763, 199074, 0, 0
17763, 193890, 1, 0
18083, 130726, 0, 0
18083, 199820, 1, 0
18259, 288283, 0, 0
18259, 278355, 1, 0
18505, 476050, 0, 0
18505, 490686, 1, 0
18755, 154448, 0, 0
18755, 174325, 1, 0
19001, 150165, 0, 0
19001, 143404, 1, 0
19255, 160929, 0, 0
19255, 171546, 1, 0
19505, 276518, 0, 0
19505, 279407, 1, 0
19770, 297660, 0, 0
19770, 285444, 1, 0
20000, 215323, 0, 0
20000, 193952, 1, 0
20257, 80356, 0, 0
20257, 93594, 1, 0
20500, 211309, 0, 0
20500, 208141, 1, 0
20787, 228541, 0, 0
20787, 218861, 1, 0
21001, 53590, 0, 0
21001, 63757, 1, 0
21250, 19334, 0, 0
21250, 21058, 1, 0
21518, 200556, 0, 0
21518, 216586, 1, 0
21757, 169298, 0, 0
21757, 154309, 1, 0
22004, 214056, 0, 0
22004, 209568, 1, 0
22252, 165581, 0, 0
22252, 168412, 1, 0
22505, 156758, 0, 0
22505, 148615, 1, 0
22751, 33782, 0, 0
22751, 26660, 1, 0
23002, 58420, 0, 0
23002, 58282, 1, 0
23255, 187092, 0, 0
23255, 188666, 1, 0
23509, 199104, 0, 0
23509, 197088, 1, 0
23756, 179290, 0, 0
23756, 169348, 1, 0
24003, 140017, 0, 0
24003, 120629, 1, 0
24257, 157022, 0, 0
24257, 162321, 1, 0
24544, 117328, 0, 0
24544, 114257, 1, 0
24933, 298656, 0, 0
24933, 358338, 1, 0
25012, 619102, 0, 0
25012, 611853, 1, 0
25250, 131550, 0, 0
25250, 119481, 1, 0
25501, 50889, 0, 0
25501, 45844, 1, 0
25851, 160456, 0, 0
25851, 156651, 1, 0
26007, 363422, 0, 0
26007, 356743, 1, 0
26251, 35803, 0, 0
26251, 38033, 1, 0
26502, 89068, 0, 0
26502, 91148, 1, 0
26758, 120871, 0, 0
26758, 120891, 1, 0
27000, 49497, 0, 0
27000, 54926, 1, 0
27254, 59082, 0, 0
27254, 59959, 1, 0
27505, 168932, 0, 0
27505, 169598, 1, 0
27752, 190690, 0, 0
27752, 190445, 1, 0
28001, 208511, 0, 0
28001, 207243, 1, 0
28250, 169752, 0, 0
28250, 169562, 1, 0
28504, 32367, 0, 0
28504, 35506, 1, 0
28754, 167906, 0, 0
28754, 165168, 1, 0
29005, 34731, 0, 0
29005, 32177, 1, 0
29251, 44945, 0, 0
29251, 42471, 1, 0
29500, 19315, 0, 0
29500, 19041, 1, 0
29856, 37900, 0, 0
29856, 30359, 1, 0
30004, 353457, 0, 0
30004, 351051, 1, 0
30311, 221838, 0, 0
30311, 298309, 1, 0
30508, 282336, 0, 0
30508, 274290, 1, 0
30759, 211649, 0, 0
30759, 214494, 1, 0
31040, 190827, 0, 0
31040, 182730, 1, 0
31259, 397488, 0, 0
31259, 352057, 1, 0
31558, 540063, 0, 0
31558, 534262, 1, 0
31757, 404603, 0, 0
31757, 380662, 1, 0
32014, 164604, 0, 0
32014, 170306, 1, 0
32250, 309101, 0, 0
32250, 322058, 1, 0
32505, 283209, 0, 0
32505, 282560, 1, 0
32809, 510626, 0, 0
32809, 483303, 1, 0
33026, 763342, 0, 0
33026, 647724, 1, 0
33259, 745110, 0, 0
33259, 608743, 1, 0
33567, 325070, 0, 0
33567, 197339, 1, 0
33762, 465837, 0, 0
33762, 447736, 1, 0
34101, 681062, 0, 0
34101, 651346, 1, 0
34252, 618531, 0, 0
34252, 591314, 1, 0
34504, 233387, 0, 0
34504, 262034, 1, 0
34760, 271738, 0, 0
34760, 274544, 1, 0
35004, 305319, 0, 0
35004, 293922, 1, 0
35283, 590656, 0, 0
35283, 468307, 1, 0
35534, 708355, 0, 0
35534, 627920, 1, 0
35757, 837017, 0, 0
35757, 855455, 1, 0
36065, 484133, 0, 0
36065, 452420, 1, 0
36283, 540632, 0, 0
36283, 456373, 1, 0
36518, 477227, 0, 0
36518, 542846, 1, 0
36753, 233232, 0, 0
36753, 226420, 1, 0
37012, 364056, 0, 0
37012, 331998, 1, 0
37272, 537159, 0, 0
37272, 523532, 1, 0
37518, 317974, 0, 0
37518, 314817, 1, 0
37750, 162570, 0, 0
37750, 169251, 1, 0
38010, 160940, 0, 0
38010, 165280, 1, 0
38267, 250305, 0, 0
38267, 238521, 1, 0
38500, 253578, 0, 0
38500, 223929, 1, 0
38758, 148930, 0, 0
38758, 148342, 1, 0
39000, 162079, 0, 0
39000, 159640, 1, 0
39257, 182803, 0, 0
39257, 188696, 1, 0
39510, 117403, 0, 0
39510, 129655, 1, 0
39752, 154968, 0, 0
39752, 160225, 1, 0
40005, 199145, 0, 0
40005, 193979, 1, 0
40253, 195661, 0, 0
40253, 198897, 1, 0
40504, 176645, 0, 0
40504, 175652, 1, 0
40755, 138130, 0, 0
40755, 137957, 1, 0
41007, 147086, 0, 0
41007, 153080, 1, 0
41250, 81858, 0, 0
41250, 80764, 1, 0
41528, 33869, 0, 0
41528, 30767, 1, 0
41946, 448087, 0, 0
41946, 417083, 1, 0
42056, 760206, 0, 0
42056, 682786, 1, 0
42262, 886821, 0, 0
42262, 821684, 1, 0
42641, 909617, 0, 0
42641, 886457, 1, 0
42819, 1104512, 0, 0
42819, 1084872, 1, 0
43033, 1300962, 0, 0
43033, 1098003, 1, 0
43253, 1069790, 0, 0
43253, 1035203, 1, 0
43510, 343967, 0, 0
43510, 372003, 1, 0
43793, 454487, 0, 0
43793, 383158, 1, 0
44005, 411083, 0, 0
44005, 435569, 1, 0
44269, 235699, 0, 0
44269, 217934, 1, 0
44535, 169696, 0, 0
44535, 197523, 1, 0
44855, 408878, 0, 0
44855, 377541, 1, 0
45093, 727634, 0, 0
45093, 672277, 1, 0
45538, 780876, 0, 0
45538, 708487, 1, 0
45574, 938165, 1, 0
45763, 668154, 0, 0
45763, 577195, 1, 0
46007, 201895, 0, 0
46007, 143867, 1, 0
46254, 141856, 0, 0
46254, 138024, 1, 0
46500, 151254, 0, 0
46500, 150217, 1, 0
46755, 248838, 0, 0
46755, 210809, 1, 0
47007, 229519, 0, 0
47007, 247911, 1, 0
47259, 210534, 0, 0
47259, 216277, 1, 0
47501, 183465, 0, 0
47501, 176975, 1, 0
47755, 150117, 0, 0
47755, 158252, 1, 0
48006, 175584, 0, 0
48006, 174011, 1, 0
48256, 157002, 0, 0
48256, 159554, 1, 0
48506, 163490, 0, 0
48506, 164840, 1, 0
48754, 181663, 0, 0
48754, 176846, 1, 0
49010, 156017, 0, 0
49010, 163641, 1, 0
49256, 201614, 0, 0
49256, 207315, 1, 0
49507, 462334, 0, 0
49507, 473322, 1, 0
49750, 240901, 0, 0
49750, 229378, 1, 0
50002, 368860, 0, 0
50002, 369106, 1, 0
50331, 289973, 0, 0
50331, 301157, 1, 0
50510, 469364, 0, 0
50510, 414502, 1, 0
50757, 502828, 0, 0
50757, 459260, 1, 0
51012, 209787, 0, 0
51012, 193915, 1, 0
51250, 20330, 0, 0
51250, 22140, 1, 0
51501, 15426, 0, 0
51501, 16796, 1, 0
51785, 234673, 0, 0
51785, 100908, 1, 0
52004, 471321, 0, 0
52004, 389391, 1, 0
52281, 757670, 0, 0
52281, 625454, 1, 0
52544, 877195, 0, 0
52544, 879202, 1, 0
52751, 580992, 0, 0
52751, 656406, 1, 0
53088, 328030, 0, 0
53088, 316662, 1, 0
53256, 488079, 0, 0
53256, 465524, 1, 0
53506, 654272, 0, 0
53506, 617977, 1, 0
53753, 371687, 0, 0
53753, 379603, 1, 0
54001, 32244, 0, 0
54001, 28512, 1, 0
54252, 18286, 0, 0
54252, 18477, 1, 0
54500, 17692, 0, 0
54500, 17738, 1, 0
54750, 20838, 0, 0
54750, 20705, 1, 0
55000, 18712, 0, 0
55000, 22101, 1, 0
55255, 142569, 0, 0
55255, 156714, 1, 0
55507, 127498, 0, 0
55507, 136641, 1, 0
55757, 191406, 0, 0
55757, 221678, 1, 0
56005, 202057, 0, 0
56005, 206871, 1, 0
56257, 153219, 0, 0
56257, 160571, 1, 0
56513, 132700, 0, 0
56513, 137708, 1, 0
56751, 139867, 0, 0
56751, 146499, 1, 0
57011, 106412, 0, 0
57011, 116176, 1, 0
57253, 131607, 0, 0
57253, 162263, 1, 0
57506, 216587, 0, 0
57506, 228347, 1, 0
57761, 128740, 0, 0
57761, 131691, 1, 0
58013, 119818, 0, 0
58013, 131203, 1, 0
58255, 144062, 0, 0
58255, 151016, 1, 0
58500, 140876, 0, 0
58500, 148466, 1, 0
58752, 129354, 0, 0
58752, 132721, 1, 0
59008, 113646, 0, 0
59008, 124525, 1, 0
59254, 152276, 0, 0
59254, 158846, 1, 0
59512, 133148, 0, 0
59512, 136898, 1, 0
59750, 123211, 0, 0
59750, 132007, 1, 0
60005, 135230, 0, 0
60005, 145716, 1, 0
60141, 223859, 0, 0
60141, 206445, 1, 0
257, 80852, 0, 0
257, 90158, 1, 0
500, 86994, 0, 0
500, 104687, 1, 0
760, 94482, 0, 0
760, 103498, 1, 0
1015, 94681, 0, 0
1015, 109700, 1, 0
1512, 156716, 0, 0
1512, 257468, 1, 0
1513, 616486, 0, 0
1751, 442655, 0, 0
1751, 423582, 1, 0
2007, 185130, 0, 0
2007, 190393, 1, 0
2263, 181933, 0, 0
2263, 187867, 1, 0
2503, 182746, 0, 0
2503, 181929, 1, 0
2759, 190154, 0, 0
2759, 188656, 1, 0
3003, 217327, 0, 0
3003, 219089, 1, 0
3253, 170101, 0, 0
3253, 180091, 1, 0
3500, 256005, 0, 0
3500, 241258, 1, 0
3759, 219578, 0, 0
3759, 211521, 1, 0
4069, 310514, 0, 0
4069, 289445, 1, 0
4251, 456802, 0, 0
4251, 447199, 1, 0
4501, 197583, 0, 0
4501, 224672, 1, 0
4757, 232753, 0, 0
4757, 230307, 1, 0
5005, 182554, 0, 0
5005, 187740, 1, 0
5251, 138487, 0, 0
5251, 141665, 1, 0
5508, 336394, 0, 0
5508, 280934, 1, 0
5774, 502686, 0, 0
5774, 488654, 1, 0
6001, 603289, 0, 0
6001, 550138, 1, 0
6271, 591826, 0, 0
6271, 610472, 1, 0
6546, 399088, 0, 0
6546, 335796, 1, 0
6751, 362100, 0, 0
6751, 364150, 1, 0
7009, 207462, 0, 0
7009, 258731, 1, 0
7250, 352075, 0, 0
7250, 307377, 1, 0
7501, 192521, 0, 0
7501, 160983, 1, 0
7759, 151368, 0, 0
7759, 151685, 1, 0
8095, 182432, 0, 0
8095, 168549, 1, 0
8254, 507958, 0, 0
8584, 625124, 0, 0
8584, 542530, 1, 0
8759, 857568, 0, 0
8759, 808089, 1, 0
9044, 570212, 0, 0
9044, 464061, 1, 0
9254, 319167, 0, 0
9254, 313025, 1, 0
9591, 176949, 0, 0
9591, 199926, 1, 0
9864, 365930, 0, 0
9864, 630004, 1, 0
10022, 713314, 0, 0
10022, 724923, 1, 0
10329, 732692, 0, 0
10329, 1039286, 1, 0
10521, 1111014, 0, 0
10521, 1150979, 1, 0
10781, 1123971, 0, 0
10781, 1196458, 1, 0
11160, 1004252, 0, 0
11160, 972906, 1, 0
11280, 1138352, 0, 0
11280, 950980, 1, 0
11648, 793840, 0, 0
11648, 850372, 1, 0
11758, 1198663, 1, 0
12190, 811664, 0, 0
12190, 824045, 1, 0
12300, 879686, 0, 0
12300, 967165, 1, 0
12549, 709016, 0, 0
12549, 813831, 1, 0
12772, 678801, 0, 0
12772, 901285, 1, 0
13293, 884469, 0, 0
13293, 951497, 1, 0
13294, 1103317, 0, 0
13506, 994124, 0, 0
13506, 1172399, 1, 0
13754, 1173279, 0, 0
13754, 1292407, 1, 0
14220, 1186065, 0, 0
14220, 1223005, 1, 0
14256, 1391214, 0, 0
14256, 1425787, 1, 0
14519, 1410093, 0, 0
14519, 1425341, 1, 0
14771, 1336966, 0, 0
14771, 1311038, 1, 0
15061, 1132292, 0, 0
15061, 1306848, 1, 0
15261, 1158713, 0, 0
15261, 1283043, 1, 0
15600, 1159665, 0, 0
15600, 1234936, 1, 0
15829, 1067463, 0, 0
15829, 1039357, 1, 0
16141, 687613, 0, 0
16141, 721121, 1, 0
16253, 657401, 0, 0
16253, 695818, 1, 0
16506, 566245, 0, 0
16506, 588912, 1, 0
16765, 319084, 0, 0
16765, 312807, 1, 0
17003, 322527, 0, 0
17003, 318708, 1, 0
17273, 237356, 0, 0
17273, 193295, 1, 0
17508, 447760, 0, 0
17508, 390035, 1, 0
17778, 294700, 0, 0
17778, 326450, 1, 0
18082, 189877, 0, 0
18082, 207659, 1, 0
18251, 244618, 0, 0
18251, 270747, 1, 0
18503, 155605, 0, 0
18503, 162722, 1, 0
18764, 283636, 0, 0
18764, 223874, 1, 0
19077, 601359, 0, 0
19077, 439649, 1, 0
19264, 627149, 0, 0
19264, 651037, 1, 0
19522, 205492, 0, 0
19522, 200703, 1, 0
19849, 399729, 0, 0
19849, 305281, 1, 0
20127, 612000, 0, 0
20127, 552347, 1, 0
20298, 776172, 0, 0
20298, 755119, 1, 0
20542, 701663, 0, 0
20542, 704276, 1, 0
20751, 430925, 0, 0
20751, 414464, 1, 0
21040, 211868, 0, 0
21040, 173955, 1, 0
21250, 251226, 0, 0
21250, 388583, 1, 0
21504, 87250, 0, 0
21504, 179930, 1, 0
21755, 109650, 0, 0
21755, 171255, 1, 0
22006, 167427, 0, 0
22006, 157964, 1, 0
22252, 160700, 0, 0
22252, 161309, 1, 0
22504, 131625, 0, 0
22504, 132016, 1, 0
22764, 233902, 0, 0
22764, 221263, 1, 0
23003, 168998, 0, 0
23003, 162128, 1, 0
23256, 136949, 0, 0
23256, 137294, 1, 0
23506, 159652, 0, 0
23506, 167528, 1, 0
23757, 149449, 0, 0
23757, 152744, 1, 0
24149, 169381, 0, 0
24149, 163460, 1, 0
24384, 419178, 0, 0
24384, 381545, 1, 0
24544, 715050, 0, 0
24933, 825290, 0, 0
24933, 1093731, 1, 0
25003, 1085127, 0, 0
25003, 1091552, 1, 0
25286, 1145636, 0, 0
25286, 1114824, 1, 0
25581, 1038533, 0, 0
25581, 1021855, 1, 0
25861, 666685, 0, 0
25861, 739798, 1, 0
26228, 1011151, 0, 0
26228, 933800, 1, 0
26319, 1202543, 0, 0
26319, 1227219, 1, 0
26503, 503515, 0, 0
26503, 756052, 1, 0
26798, 186885, 0, 0
26798, 205678, 1, 0
27041, 393956, 0, 0
27041, 347811, 1, 0
27272, 535004, 0, 0
27272, 500765, 1, 0
27525, 601443, 0, 0
27525, 514582, 1, 0
27752, 585675, 0, 0
27752, 609337, 1, 0
28017, 602384, 0, 0
28017, 534567, 1, 0
28369, 661834, 0, 0
28369, 585225, 1, 0
28521, 723551, 0, 0
28521, 713937, 1, 0
28984, 1199355, 0, 0
28984, 747184, 1, 0
29005, 1190812, 0, 0
29005, 1094121, 1, 0
29296, 1018065, 0, 0
29296, 947708, 1, 0
29528, 1055377, 0, 0
29528, 1063949, 1, 0
29758, 460877, 0, 0
29758, 584175, 1, 0
30003, 194982, 0, 0
30003, 201046, 1, 0
30313, 230223, 0, 0
30313, 227739, 1, 0
30502, 300619, 0, 0
30502, 306035, 1, 0
30758, 218752, 0, 0
30758, 215567, 1, 0
31042, 227111, 0, 0
31042, 217374, 1, 0
31260, 379538, 0, 0
31260, 341753, 1, 0
31568, 477091, 0, 0
31568, 468500, 1, 0
31755, 380242, 0, 0
31755, 396443, 1, 0
32015, 164926, 0, 0
32015, 183557, 1, 0
32260, 177145, 0, 0
32260, 182516, 1, 0
32504, 218183, 0, 0
32504, 217839, 1, 0
32809, 184852, 0, 0
32809, 190033, 1, 0
33003, 228307, 0, 0
33003, 245539, 1, 0
33258, 182199, 0, 0
33258, 173547, 1, 0
33505, 158714, 0, 0
33505, 158916, 1, 0
33752, 160390, 0, 0
33752, 176412, 1, 0
34000, 174983, 0, 0
34000, 179033, 1, 0
34254, 185794, 0, 0
34254, 188637, 1, 0
34504, 179481, 0, 0
34504, 171987, 1, 0
34750, 161692, 0, 0
34750, 176225, 1, 0
35003, 197447, 0, 0
35003, 200449, 1, 0
35252, 150148, 0, 0
35252, 152430, 1, 0
35505, 198338, 0, 0
35505, 202429, 1, 0
35760, 178812, 0, 0
35760, 174882, 1, 0
36000, 166916, 0, 0
36000, 166289, 1, 0
36251, 173616, 0, 0
36251, 167453, 1, 0
36508, 157053, 0, 0
36508, 160865, 1, 0
36764, 191249, 0, 0
36764, 195646, 1, 0
37023, 177962, 0, 0
37023, 181062, 1, 0
37250, 65027, 0, 0
37250, 128055, 1, 0
37508, 211691, 0, 0
37508, 226661, 1, 0
37751, 226714, 0, 0
37751, 233461, 1, 0
38002, 171837, 0, 0
38002, 177323, 1, 0
38267, 162212, 0, 0
38267, 162605, 1, 0
38500, 190097, 0, 0
38500, 183058, 1, 0
38758, 132692, 0, 0
38758, 134180, 1, 0
39010, 141485, 0, 0
39010, 141217, 1, 0
39256, 146027, 0, 0
39256, 142991, 1, 0
39563, 173958, 0, 0
39563, 178360, 1, 0
39750, 190320, 0, 0
39750, 199778, 1, 0
40073, 438708, 0, 0
40073, 319486, 1, 0
40319, 706754, 0, 0
40547, 912944, 0, 0
40547, 813661, 1, 0
40772, 1026896, 0, 0
40772, 983155, 1, 0
41185, 1588626, 0, 0
41424, 1814699, 0, 0
41528, 1916089, 1, 0
41946, 2106280, 0, 0
41946, 2019256, 1, 0
42056, 2306452, 0, 0
42056, 2264397, 1, 0
42349, 2387643, 0, 0
42349, 2495554, 1, 0
42651, 2777629, 0, 0
42651, 2476246, 1, 0
42819, 2534199, 0, 0
42819, 2398395, 1, 0
43109, 2477764, 0, 0
43109, 2393292, 1, 0
43271, 2700508, 0, 0
43271, 2568705, 1, 0
43509, 2342129, 0, 0
43509, 2101949, 1, 0
43794, 2148570, 0, 0
43794, 1921062, 1, 0
44106, 2371834, 0, 0
44260, 2370643, 0, 0
44260, 2441636, 1, 0
44536, 2389367, 0, 0
44536, 2577585, 1, 0
44855, 2176939, 0, 0
44855, 1828665, 1, 0
45103, 1993932, 1, 0
45574, 2181414, 0, 0
45574, 2026772, 1, 0
45635, 2236954, 1, 0
45856, 2214807, 0, 0
45856, 2237533, 1, 0
46082, 1861449, 0, 0
46082, 1765284, 1, 0
46379, 1785111, 0, 0
46379, 1732743, 1, 0
46525, 1814209, 0, 0
46525, 1753462, 1, 0
47017, 1984169, 0, 0
47017, 1914011, 1, 0
47040, 1936607, 0, 0
47560, 1590977, 0, 0
47560, 1666923, 1, 0
47562, 1814368, 1, 0
47888, 1796982, 0, 0
47888, 1820529, 1, 0
48073, 1905101, 0, 0
48073, 1805127, 1, 0
48278, 2047592, 0, 0
48278, 1913045, 1, 0
48572, 2180468, 0, 0
48572, 1965408, 1, 0
48906, 2169705, 0, 0
48906, 2157248, 1, 0
49010, 2160988, 0, 0
49010, 1992774, 1, 0
49457, 1824201, 0, 0
49457, 1803105, 1, 0
49607, 1943040, 0, 0
49902, 1829149, 0, 0
49902, 1724690, 1, 0
50094, 1937988, 0, 0
50094, 1829936, 1, 0
50407, 1742647, 0, 0
50407, 1549372, 1, 0
50696, 1685824, 0, 0
50696, 1534957, 1, 0
50807, 1684104, 0, 0
50807, 1586158, 1, 0
51179, 1801084, 0, 0
51179, 1745664, 1, 0
51272, 2041776, 1, 0
51610, 1776167, 0, 0
51610, 1802960, 1, 0
51786, 1691822, 0, 0
52006, 1806652, 0, 0
52006, 1808154, 1, 0
52281, 2166166, 0, 0
52281, 1891680, 1, 0
52544, 1912849, 0, 0
52544, 1785766, 1, 0
52750, 1219745, 0, 0
52750, 1307891, 1, 0
53088, 402167, 0, 0
53088, 429780, 1, 0
53256, 591012, 0, 0
53256, 595641, 1, 0
53506, 760190, 0, 0
53506, 746442, 1, 0
54061, 933447, 0, 0
54061, 877208, 1, 0
54062, 1319047, 0, 0
54312, 1375997, 0, 0
54312, 1393087, 1, 0
54651, 1845168, 0, 0
54651, 1517768, 1, 0
54776, 1903016, 1, 0
55016, 1993332, 0, 0
55016, 1902952, 1, 0
55413, 1927940, 0, 0
55413, 1872201, 1, 0
55515, 2101510, 0, 0
55853, 2275176, 0, 0
55853, 2296175, 1, 0
56066, 2425984, 0, 0
56066, 2449100, 1, 0
56377, 2708203, 0, 0
56579, 2658983, 0, 0
56785, 2473562, 0, 0
56785, 2530060, 1, 0
57095, 2138141, 0, 0
57095, 2184086, 1, 0
57277, 1864368, 1, 0
57531, 1602457, 0, 0
57531, 1681594, 1, 0
57836, 1357523, 0, 0
57836, 1645798, 1, 0
58151, 1309997, 0, 0
58151, 1244096, 1, 0
58473, 1427295, 0, 0
58473, 1257590, 1, 0
58528, 1570684, 0, 0
58528, 1534368, 1, 0
58760, 1313370, 0, 0
58760, 1339573, 1, 0
59109, 876397, 0, 0
59109, 845985, 1, 0
59333, 804247, 1, 0
59544, 927490, 0, 0
59544, 716396, 1, 0
59851, 1129720, 0, 0
60054, 1416264, 0, 0
60054, 1294065, 1, 0
60253, 1614172, 0, 0
60253, 1411977, 0, 0
60253, 981770, 1, 0
260, 130222, 0, 0
260, 120457, 1, 0
500, 96096, 0, 0
500, 104225, 1, 0
758, 116352, 0, 0
758, 107706, 1, 0
1002, 135598, 0, 0
1002, 139383, 1, 0
1503, 213199, 0, 0
1503, 129780, 1, 0
1512, 576585, 1, 0
1754, 422926, 0, 0
1754, 413290, 1, 0
2006, 157976, 0, 0
2006, 165301, 1, 0
2255, 195104, 0, 0
2255, 198154, 1, 0
2504, 240238, 0, 0
2504, 250715, 1, 0
2760, 231107, 0, 0
2760, 232328, 1, 0
3003, 222604, 0, 0
3003, 243659, 1, 0
3253, 174876, 0, 0
3253, 187165, 1, 0
3511, 256335, 0, 0
3511, 258597, 1, 0
3777, 228258, 0, 0
3777, 257224, 1, 0
4156, 286001, 0, 0
4156, 314136, 1, 0
4251, 500888, 0, 0
4251, 494386, 1, 0
4502, 342971, 0, 0
4502, 315145, 1, 0
4750, 194122, 0, 0
4750, 207331, 1, 0
5001, 203130, 0, 0
5001, 219701, 1, 0
5262, 157536, 0, 0
5262, 161051, 1, 0
5602, 320774, 0, 0
5602, 303778, 1, 0
5776, 472382, 0, 0
5776, 479398, 1, 0
6001, 390500, 0, 0
6001, 439488, 1, 0
6281, 403401, 0, 0
6281, 500123, 1, 0
6657, 251927, 0, 0
6657, 322486, 1, 0
6753, 320521, 0, 0
6753, 326405, 1, 0
7009, 296127, 0, 0
7009, 258121, 1, 0
7260, 332964, 0, 0
7260, 321548, 1, 0
7502, 371867, 0, 0
7502, 365562, 1, 0
7760, 141088, 0, 0
7760, 138045, 1, 0
8263, 142354, 0, 0
8263, 164056, 1, 0
8264, 494166, 1, 0
8601, 476032, 0, 0
8601, 512480, 1, 0
8771, 467070, 0, 0
8771, 602427, 1, 0
9055, 417125, 0, 0
9055, 406548, 1, 0
9255, 360242, 0, 0
9255, 331640, 1, 0
9691, 264021, 0, 0
9691, 223728, 1, 0
9974, 799977, 1, 0
10002, 801998, 0, 0
10002, 782115, 1, 0
10441, 946810, 0, 0
10441, 806524, 1, 0
10511, 1257176, 0, 0
10511, 1240648, 1, 0
10762, 1375868, 0, 0
10762, 1276230, 1, 0
11160, 1201404, 0, 0
11160, 1365251, 1, 0
11262, 1260021, 0, 0
11262, 1183340, 1, 0
11748, 1089610, 0, 0
11748, 1025843, 1, 0
11757, 1140671, 0, 0
11757, 977331, 1, 0
12179, 960875, 0, 0
12179, 978196, 1, 0
12290, 946389, 0, 0
12290, 900513, 1, 0
12540, 896781, 0, 0
12540, 883768, 1, 0
12754, 859991, 0, 0
12754, 791880, 1, 0
13275, 769520, 0, 0
13275, 752431, 1, 0
13293, 753355, 1, 0
13505, 936965, 0, 0
13505, 750764, 1, 0
13754, 945962, 0, 0
13754, 889184, 1, 0
14219, 1192599, 0, 0
14219, 1161340, 1, 0
14256, 1312637, 0, 0
14256, 1347600, 1, 0
14500, 1504517, 0, 0
14500, 1418094, 1, 0
14770, 1321511, 0, 0
14770, 1265961, 1, 0
15052, 810953, 0, 0
15052, 1042252, 1, 0
15354, 1075012, 0, 0
15354, 966736, 1, 0
15592, 1018961, 0, 0
15592, 1026194, 1, 0
15821, 793462, 0, 0
15821, 825331, 1, 0
16141, 507142, 0, 0
16141, 445504, 1, 0
16255, 549290, 0, 0
16255, 662719, 1, 0
16515, 604082, 0, 0
16515, 639942, 1, 0
16750, 423737, 0, 0
16750, 452793, 1, 0
17004, 247967, 0, 0
17004, 257901, 1, 0
17290, 138574, 0, 0
17290, 149971, 1, 0
17508, 235600, 0, 0
17508, 448609, 1, 0
17770, 322149, 0, 0
17770, 394141, 1, 0
18083, 165231, 0, 0
18083, 170599, 1, 0
18253, 154295, 0, 0
18253, 170618, 1, 0
18505, 114614, 0, 0
18505, 119074, 1, 0
18773, 171006, 0, 0
18773, 169461, 1, 0
19089, 406216, 0, 0
19089, 473373, 1, 0
19250, 637300, 0, 0
19250, 637376, 1, 0
19524, 279921, 0, 0
19524, 303169, 1, 0
19859, 278554, 0, 0
19859, 340348, 1, 0
20000, 409343, 0, 0
20000, 398354, 1, 0
20308, 332777, 0, 0
20308, 359981, 1, 0
20553, 416403, 0, 0
20553, 457106, 1, 0
20759, 461326, 0, 0
20759, 454142, 1, 0
21059, 186124, 0, 0
21059, 205677, 1, 0
21283, 450093, 0, 0
21283, 422001, 1, 0
21517, 548544, 0, 0
21517, 525905, 1, 0
21825, 640453, 0, 0
21825, 140018, 1, 0
22004, 568104, 0, 0
22004, 402404, 1, 0
22286, 632133, 0, 0
22286, 634840, 1, 0
22505, 760084, 0, 0
22505, 576598, 1, 0
22796, 684462, 1, 0
23127, 1111574, 0, 0
23127, 724677, 1, 0
23338, 1058453, 0, 0
23338, 944765, 1, 0
23561, 1274154, 0, 0
23561, 1248391, 1, 0
23871, 1461280, 0, 0
23871, 1489033, 1, 0
24183, 1263684, 0, 0
24183, 1514937, 1, 0
24256, 1348774, 0, 0
24256, 1367342, 1, 0
24500, 104710, 0, 0
24500, 90723, 1, 0
24932, 19296, 0, 0
24932, 25336, 1, 0
25000, 335868, 0, 0
25000, 334006, 1, 0
25284, 305353, 0, 0
25284, 350710, 1, 0
25502, 212454, 0, 0
25502, 205069, 1, 0
25861, 152404, 0, 0
25861, 181781, 1, 0
26006, 378112, 0, 0
26006, 375938, 1, 0
26273, 29042, 0, 0
26273, 27974, 1, 0
26503, 183556, 0, 0
26503, 173106, 1, 0
26758, 113040, 0, 0
26758, 110648, 1, 0
27021, 112335, 0, 0
27021, 110550, 1, 0
27253, 259925, 0, 0
27253, 254666, 1, 0
27514, 104617, 0, 0
27514, 120458, 1, 0
27754, 179045, 0, 0
27754, 174820, 1, 0
28000, 192539, 0, 0
28000, 191510, 1, 0
28259, 164956, 0, 0
28259, 167390, 1, 0
28503, 252574, 0, 0
28503, 232290, 1, 0
28753, 160346, 0, 0
28753, 155460, 1, 0
29006, 168892, 0, 0
29006, 168488, 1, 0
29286, 218571, 0, 0
29286, 191028, 1, 0
29549, 313381, 0, 0
29549, 306920, 1, 0
29754, 319749, 0, 0
29754, 344260, 1, 0
30003, 142643, 0, 0
30003, 138197, 1, 0
30250, 70396, 0, 0
30250, 73424, 1, 0
30500, 35827, 0, 0
30500, 37715, 1, 0
30778, 158544, 0, 0
30778, 151247, 1, 0
31000, 58764, 0, 0
31000, 100995, 1, 0
31250, 16408, 0, 0
31250, 16998, 1, 0
31501, 21328, 0, 0
31501, 23891, 1, 0
31817, 27628, 0, 0
31817, 33275, 1, 0
32014, 400695, 0, 0
32014, 382201, 1, 0
32260, 260207, 0, 0
32260, 262109, 1, 0
32505, 201317, 0, 0
32505, 207118, 1, 0
32809, 175053, 0, 0
32809, 176010, 1, 0
33004, 225414, 0, 0
33004, 202324, 1, 0
33259, 228755, 0, 0
33259, 185799, 1, 0
33504, 215875, 0, 0
33504, 205347, 1, 0
33753, 169199, 0, 0
33753, 168444, 1, 0
34011, 168255, 0, 0
34011, 160687, 1, 0
34252, 165321, 0, 0
34252, 167213, 1, 0
34526, 342736, 0, 0
34526, 271299, 1, 0
34843, 547727, 0, 0
34843, 489717, 1, 0
35004, 583294, 0, 0
35004, 515709, 1, 0
35251, 224917, 0, 0
35251, 219343, 1, 0
35506, 197634, 0, 0
35506, 198005, 1, 0
35759, 195874, 0, 0
35759, 197895, 1, 0
36001, 202749, 0, 0
36001, 195172, 1, 0
36250, 192199, 0, 0
36250, 188865, 1, 0
36526, 130912, 0, 0
36526, 120470, 1, 0
36752, 182770, 0, 0
36752, 183149, 1, 0
37004, 149176, 0, 0
37004, 153095, 1, 0
37250, 179083, 0, 0
37250, 185068, 1, 0
37509, 287875, 0, 0
37509, 270498, 1, 0
37779, 375693, 0, 0
37779, 376333, 1, 0
38002, 430576, 0, 0
38002, 395761, 1, 0
38251, 182834, 0, 0
38251, 132505, 1, 0
38500, 81337, 0, 0
38500, 101086, 1, 0
38758, 205053, 0, 0
38758, 203667, 1, 0
39010, 178566, 0, 0
39010, 174932, 1, 0
39256, 116694, 0, 0
39256, 117545, 1, 0
39562, 167141, 0, 0
39562, 171701, 1, 0
39751, 219548, 0, 0
39751, 217091, 1, 0
40073, 431553, 0, 0
40073, 388056, 1, 0
40427, 864106, 1, 0
40547, 892892, 0, 0
40547, 851596, 1, 0
40868, 1100343, 0, 0
40868, 961056, 1, 0
41084, 1405278, 0, 0
41293, 1606241, 0, 0
41293, 1562729, 1, 0
41528, 1760195, 0, 0
41528, 1726145, 1, 0
41946, 1335567, 0, 0
41946, 1199035, 1, 0
42056, 763259, 0, 0
42056, 772785, 1, 0
42252, 827739, 0, 0
42252, 778838, 1, 0
42650, 931529, 0, 0
42650, 853846, 1, 0
42820, 1291295, 0, 0
42820, 1140414, 1, 0
43033, 1392826, 0, 0
43033, 1300805, 1, 0
43363, 1824908, 0, 0
43363, 1580696, 1, 0
43510, 1738618, 0, 0
43510, 1736621, 1, 0
43794, 2052449, 0, 0
44104, 1997149, 0, 0
44104, 1999153, 1, 0
44260, 1861588, 0, 0
44260, 1953437, 1, 0
44536, 1561313, 0, 0
44536, 1599359, 1, 0
44940, 1549495, 0, 0
44940, 1530199, 1, 0
45093, 1636519, 0, 0
45616, 1620462, 0, 0
45616, 1492960, 1, 0
45635, 1530376, 1, 0
45856, 1661557, 0, 0
45856, 1584479, 1, 0
46081, 1807617, 0, 0
46081, 1714159, 1, 0
46378, 1922233, 0, 0
46378, 1789996, 1, 0
46576, 1740647, 0, 0
46576, 1747060, 1, 0
47050, 1555888, 0, 0
47050, 1618596, 1, 0
47164, 1977479, 0, 0
47484, 1735862, 0, 0
47484, 1519102, 1, 0
47645, 1789270, 0, 0
47888, 1798544, 0, 0
47888, 1788515, 1, 0
48082, 1838034, 0, 0
48082, 1841530, 1, 0
48273, 1881920, 0, 0
48273, 1769306, 1, 0
48581, 1902935, 0, 0
48581, 1786198, 1, 0
48906, 1908218, 0, 0
48906, 1934471, 1, 0
49010, 1845613, 0, 0
49438, 2245043, 0, 0
49438, 1930819, 1, 0
49607, 2180582, 0, 0
49607, 1893226, 1, 0
49902, 1979324, 0, 0
49902, 1729952, 1, 0
50094, 2096454, 0, 0
50094, 2016654, 1, 0
50331, 2024632, 0, 0
50331, 1980554, 1, 0
50705, 2195829, 0, 0
50705, 2408171, 1, 0
50807, 2509537, 0, 0
51262, 2539601, 0, 0
51262, 2429817, 1, 0
51271, 2591617, 1, 0
51601, 2248381, 0, 0
51601, 2460414, 1, 0
51877, 2336176, 0, 0
51877, 2162358, 1, 0
52006, 2068846, 0, 0
52006, 1956441, 1, 0
52282, 2020819, 0, 0
52282, 1891356, 1, 0
52544, 1565815, 0, 0
52544, 1509197, 1, 0
52752, 735228, 0, 0
52752, 837639, 1, 0
53087, 334662, 0, 0
53087, 310151, 1, 0
53256, 599071, 0, 0
53256, 608244, 1, 0
53506, 807383, 0, 0
53506, 774659, 1, 0
53962, 1029198, 0, 0
53962, 937587, 1, 0
54072, 1373690, 1, 0
54292, 1593007, 0, 0
54524, 1633599, 0, 0
54524, 1574343, 1, 0
54776, 2024436, 0, 0
55017, 2241697, 0, 0
55719, 2623129, 0, 0
55719, 2315449, 1, 0
56066, 2978647, 1, 0
56171, 2924385, 0, 0
56273, 3025121, 0, 0
56683, 3426469, 0, 0
56787, 3374465, 1, 0
56913, 3489377, 1, 0
57233, 3060365, 0, 0
57233, 3102341, 1, 0
57277, 2753904, 0, 0
57277, 2922931, 1, 0
57633, 2615899, 0, 0
57633, 2544137, 1, 0
57846, 2818800, 1, 0
58047, 2843421, 0, 0
58047, 2818768, 1, 0
58363, 2719330, 0, 0
58363, 2770628, 1, 0
58607, 2334248, 0, 0
58607, 2311711, 1, 0
58760, 1742500, 0, 0
58760, 1796873, 1, 0
59220, 1914840, 0, 0
59220, 1786428, 1, 0
59321, 1687733, 0, 0
59953, 1557348, 0, 0
59953, 1486733, 1, 0
60159, 2007508, 1, 0
60327, 2175570, 1, 0
60327, 2175459, 0, 0
60327, 1457298, 0, 0
60327, 1413231, 1, 0
252, 251997, 1, 0
502, 163454, 0, 0
502, 189417, 1, 0
758, 224355, 0, 0
758, 225457, 1, 0
1004, 244801, 0, 0
1004, 252705, 1, 0
1251, 259444, 0, 0
1251, 262066, 1, 0
1502, 281008, 0, 0
1502, 285630, 1, 0
1760, 300551, 0, 0
1760, 299417, 1, 0
2016, 296293, 0, 0
2016, 293071, 1, 0
2266, 266950, 0, 0
2266, 281258, 1, 0
2503, 304103, 0, 0
2503, 306080, 1, 0
2772, 303715, 0, 0
2772, 304535, 1, 0
3014, 305245, 0, 0
3014, 292877, 1, 0
3264, 268316, 0, 0
3264, 278258, 1, 0
3529, 306562, 0, 0
3529, 325670, 1, 0
3872, 470097, 0, 0
3872, 476765, 1, 0
4003, 588399, 0, 0
4003, 611944, 1, 0
4251, 333614, 0, 0
4251, 308110, 1, 0
4500, 250537, 0, 0
4500, 267266, 1, 0
4763, 250110, 0, 0
4763, 252692, 1, 0
5001, 266501, 0, 0
5001, 269539, 1, 0
5258, 286694, 0, 0
5258, 293368, 1, 0
5504, 358199, 0, 0
5504, 365708, 1, 0
5763, 332728, 0, 0
5763, 333014, 1, 0
6002, 379374, 0, 0
6002, 405261, 1, 0
6263, 364396, 0, 0
6263, 364933, 1, 0
6533, 362864, 0, 0
6533, 410327, 1, 0
6760, 732180, 0, 0
6760, 742380, 1, 0
7020, 718758, 0, 0
7020, 733484, 1, 0
7259, 289099, 0, 0
7259, 285086, 1, 0
7513, 354470, 0, 0
7513, 366969, 1, 0
7772, 327963, 0, 0
7772, 330574, 1, 0
8021, 226496, 0, 0
8021, 264483, 1, 0
8264, 307245, 0, 0
8264, 308751, 1, 0
8784, 314031, 0, 0
8784, 571456, 1, 0
8795, 803279, 0, 0
9013, 794502, 0, 0
9013, 802455, 1, 0
9250, 411313, 0, 0
9250, 414588, 1, 0
9659, 370260, 0, 0
9659, 451700, 1, 0
9765, 618676, 0, 0
9765, 627076, 1, 0
10002, 445330, 0, 0
10002, 479683, 1, 0
10264, 287205, 0, 0
10264, 293237, 1, 0
10506, 298173, 0, 0
10506, 294975, 1, 0
10788, 275903, 0, 0
10788, 276551, 1, 0
11002, 310336, 0, 0
11002, 316530, 1, 0
11369, 411578, 0, 0
11369, 404836, 1, 0
11582, 709859, 0, 0
11582, 653042, 1, 0
11799, 752641, 0, 0
11799, 814287, 1, 0
12008, 512347, 0, 0
12008, 702978, 1, 0
12250, 271598, 0, 0
12250, 262325, 1, 0
12501, 311170, 0, 0
12501, 315956, 1, 0
12763, 320069, 0, 0
12763, 327750, 1, 0
13001, 359641, 0, 0
13001, 374076, 1, 0
13294, 335657, 0, 0
13294, 369267, 1, 0
13500, 318595, 0, 0
13500, 317542, 1, 0
13753, 248008, 0, 0
13753, 255896, 1, 0
14034, 378854, 0, 0
14034, 380209, 1, 0
14336, 356697, 0, 0
14336, 363274, 1, 0
14617, 697764, 0, 0
14617, 599738, 1, 0
14764, 753479, 0, 0
14764, 767157, 1, 0
15022, 787895, 0, 0
15022, 800439, 1, 0
15261, 326553, 0, 0
15261, 345121, 1, 0
15500, 378352, 0, 0
15500, 374396, 1, 0
15761, 378731, 0, 0
15761, 388685, 1, 0
16014, 352703, 0, 0
16014, 369140, 1, 0
16254, 502169, 0, 0
16254, 560213, 1, 0
16500, 602422, 0, 0
16500, 616248, 1, 0
16766, 450106, 0, 0
16766, 466377, 1, 0
17020, 433785, 0, 0
17020, 431725, 1, 0
17265, 508789, 0, 0
17265, 537607, 1, 0
17562, 809070, 0, 0
17562, 793599, 1, 0
17753, 982867, 0, 0
17753, 978407, 1, 0
18017, 1056423, 0, 0
18017, 1073713, 1, 0
18599, 1181863, 0, 0
18599, 1337565, 1, 0
18882, 1820489, 0, 0
18981, 1919200, 1, 0
19016, 1891584, 0, 0
19016, 1896953, 1, 0
19275, 1545871, 0, 0
19275, 1597808, 1, 0
19525, 1080865, 0, 0
19525, 1263715, 1, 0
19766, 665226, 0, 0
19766, 603004, 1, 0
20044, 583741, 0, 0
20044, 572725, 1, 0
20309, 718762, 0, 0
20309, 685698, 1, 0
20903, 751771, 0, 0
20903, 873462, 1, 0
21043, 1256351, 0, 0
21043, 1228470, 0, 0
21287, 1436785, 0, 0
21287, 1248015, 1, 0
21633, 1522172, 0, 0
21633, 1582005, 1, 0
21779, 1588882, 0, 0
21779, 1575280, 1, 0
22026, 1026480, 0, 0
22026, 971475, 1, 0
22263, 405554, 0, 0
22263, 368774, 1, 0
22502, 315830, 0, 0
22502, 318390, 1, 0
22924, 369336, 0, 0
22924, 326117, 1, 0
23117, 578514, 0, 0
23117, 551984, 1, 0
23330, 687443, 0, 0
23330, 687905, 1, 0
23514, 648619, 0, 0
23514, 659183, 1, 0
23750, 428661, 0, 0
23750, 410750, 1, 0
24002, 336085, 0, 0
24002, 343913, 1, 0
24266, 418899, 0, 0
24266, 302167, 1, 0
24502, 606655, 0, 0
24502, 546219, 1, 0
24773, 425709, 0, 0
24773, 419780, 1, 0
25019, 293778, 0, 0
25019, 295623, 1, 0
25260, 320964, 0, 0
25260, 342889, 1, 0
25501, 320084, 0, 0
25501, 325231, 1, 0
25753, 228885, 0, 0
25753, 244541, 1, 0
26023, 306511, 0, 0
26023, 296260, 1, 0
26311, 282994, 0, 0
26311, 308752, 1, 0
26538, 189323, 0, 0
26538, 310991, 1, 0
26754, 68905, 0, 0
26754, 193512, 1, 0
27113, 173955, 0, 0
27113, 137362, 1, 0
27271, 418172, 0, 0
27271, 373534, 1, 0
27512, 589980, 0, 0
27512, 609760, 1, 0
27771, 350207, 0, 0
27771, 299868, 1, 0
28022, 373976, 0, 0
28022, 379598, 1, 0
28257, 486642, 0, 0
28257, 492093, 1, 0
28500, 335831, 0, 0
28500, 306909, 1, 0
28772, 281299, 0, 0
28772, 275209, 1, 0
29000, 312853, 0, 0
29000, 274035, 1, 0
29263, 226494, 0, 0
29263, 225771, 1, 0
29526, 260719, 0, 0
29526, 263832, 1, 0
29818, 586745, 0, 0
29818, 497238, 1, 0
30152, 821411, 0, 0
30152, 679684, 1, 0
30281, 1107649, 1, 0
30508, 1006114, 0, 0
30508, 1031615, 1, 0
30750, 310590, 0, 0
30750, 326315, 1, 0
31005, 333399, 0, 0
31005, 359016, 1, 0
31332, 528557, 0, 0
31332, 549620, 1, 0
31514, 594377, 0, 0
31514, 624523, 1, 0
31759, 422918, 0, 0
31759, 442855, 1, 0
32022, 259412, 0, 0
32022, 288579, 1, 0
32260, 428802, 0, 0
32260, 397013, 1, 0
32584, 559267, 0, 0
32584, 544900, 1, 0
32821, 410421, 0, 0
32821, 441543, 1, 0
33468, 633137, 0, 0
33468, 1101997, 1, 0
33470, 1082746, 0, 0
33510, 1112000, 0, 0
33779, 658794, 0, 0
33779, 626947, 1, 0
34002, 145384, 0, 0
34002, 149740, 1, 0
34453, 189792, 0, 0
34453, 222426, 1, 0
34501, 507714, 0, 0
34750, 484789, 0, 0
34750, 457011, 1, 0
35112, 258724, 0, 0
35112, 234727, 1, 0
35259, 497078, 0, 0
35259, 516326, 1, 0
35500, 423742, 0, 0
35500, 469660, 1, 0
35755, 364001, 0, 0
35755, 361527, 1, 0
36021, 422129, 0, 0
36021, 413054, 1, 0
36394, 505648, 0, 0
36394, 536075, 1, 0
36518, 707741, 0, 0
36518, 710275, 1, 0
36752, 418121, 0, 0
36752, 478770, 1, 0
37017, 376768, 0, 0
37017, 389877, 1, 0
37255, 407509, 0, 0
37255, 425404, 1, 0
37510, 262711, 0, 0
37510, 285608, 1, 0
37755, 282012, 0, 0
37755, 272958, 1, 0
38028, 288385, 0, 0
38028, 421471, 1, 0
38270, 614458, 0, 0
38270, 563583, 1, 0
38508, 696228, 0, 0
38508, 669593, 1, 0
38764, 262228, 0, 0
38764, 235649, 1, 0
39001, 312898, 0, 0
39001, 309443, 1, 0
39258, 331714, 0, 0
39258, 321391, 1, 0
39500, 272794, 0, 0
39500, 269216, 1, 0
39750, 340991, 0, 0
39750, 341693, 1, 0
40100, 301350, 0, 0
40100, 318624, 1, 0
40315, 373877, 0, 0
40315, 384214, 1, 0
40521, 535329, 0, 0
40521, 542892, 1, 0
41125, 358804, 0, 0
41125, 335500, 1, 0
41149, 627729, 1, 0
41253, 657345, 0, 0
41253, 660383, 1, 0
41508, 605199, 0, 0
41508, 552287, 1, 0
41756, 282221, 0, 0
41756, 281676, 1, 0
42005, 285352, 0, 0
42005, 296741, 1, 0
42258, 358487, 0, 0
42258, 515985, 1, 0
42523, 461772, 0, 0
42523, 476571, 1, 0
42758, 359728, 0, 0
42758, 369822, 1, 0
43009, 288679, 0, 0
43009, 278034, 1, 0
43262, 364429, 0, 0
43262, 374211, 1, 0
43510, 416029, 0, 0
43510, 430210, 1, 0
43972, 408169, 0, 0
43972, 434483, 1, 0
44120, 620835, 0, 0
44120, 738748, 1, 0
44265, 760694, 0, 0
44265, 796017, 1, 0
44515, 675679, 0, 0
44515, 689429, 1, 0
44759, 358312, 0, 0
44759, 344885, 1, 0
45003, 406148, 0, 0
45003, 399181, 1, 0
45254, 334702, 0, 0
45254, 337392, 1, 0
45513, 348645, 0, 0
45513, 344479, 1, 0
45894, 381496, 0, 0
45894, 401239, 1, 0
46000, 620397, 0, 0
46000, 555215, 1, 0
46256, 731231, 0, 0
46256, 690926, 1, 0
46535, 671937, 0, 0
46535, 578962, 1, 0
46751, 305777, 0, 0
46751, 291677, 1, 0
47021, 236576, 0, 0
47021, 246560, 1, 0
47250, 314483, 0, 0
47250, 380429, 1, 0
47509, 374658, 0, 0
47509, 423424, 1, 0
47922, 252130, 0, 0
47922, 614068, 1, 0
48076, 670078, 0, 0
48076, 764772, 1, 0
48257, 734238, 0, 0
48257, 745926, 1, 0
48503, 477221, 0, 0
48503, 411677, 1, 0
48993, 282451, 0, 0
48993, 430326, 1, 0
49005, 701615, 0, 0
49251, 837534, 0, 0
49251, 866403, 1, 0
49503, 780819, 0, 0
49503, 786531, 1, 0
49759, 393971, 0, 0
49759, 390334, 1, 0
50011, 293842, 0, 0
50011, 282531, 1, 0
50288, 326542, 0, 0
50288, 320823, 1, 0
50537, 323507, 0, 0
50537, 323729, 1, 0
50867, 353269, 0, 0
50867, 427602, 1, 0
51004, 735656, 0, 0
51004, 715459, 1, 0
51250, 734213, 0, 0
51250, 730465, 1, 0
51520, 359655, 0, 0
51520, 373233, 1, 0
51905, 329635, 0, 0
51905, 655229, 1, 0
52006, 645214, 0, 0
52006, 695566, 1, 0
52273, 702548, 0, 0
52273, 739876, 1, 0
52500, 142405, 0, 0
52500, 338118, 1, 0
52759, 167092, 0, 0
52759, 287605, 1, 0
53008, 112910, 0, 0
53008, 60472, 1, 0
53255, 208962, 0, 0
53255, 220525, 1, 0
53509, 210586, 0, 0
53509, 228029, 1, 0
53770, 398293, 0, 0
53770, 272378, 1, 0
54011, 533917, 0, 0
54011, 536917, 1, 0
54252, 585135, 0, 0
54252, 604641, 1, 0
54513, 207517, 0, 0
54513, 193440, 1, 0
54761, 169708, 0, 0
54761, 173666, 1, 0
55000, 163972, 0, 0
55000, 174797, 1, 0
55259, 245316, 0, 0
55259, 243842, 1, 0
55536, 240455, 0, 0
55536, 232734, 1, 0
55758, 239055, 0, 0
55758, 239008, 1, 0
56058, 234698, 0, 0
56058, 262046, 1, 0
56257, 459721, 0, 0
56257, 448738, 1, 0
56557, 304207, 0, 0
56557, 361345, 1, 0
57058, 250879, 0, 0
57058, 307603, 1, 0
57075, 705101, 0, 0
57270, 724444, 0, 0
57270, 728353, 1, 0
57515, 566342, 0, 0
57515, 569580, 1, 0
57770, 307211, 0, 0
57770, 297947, 1, 0
58022, 305011, 0, 0
58022, 322086, 1, 0
58259, 315555, 0, 0
58259, 298783, 1, 0
58522, 285292, 0, 0
58522, 284750, 1, 0
58763, 238484, 0, 0
58763, 248569, 1, 0
59007, 193249, 0, 0
59007, 200643, 1, 0
59253, 236753, 0, 0
59253, 261045, 1, 0
59646, 238099, 0, 0
59646, 278443, 1, 0
59826, 394560, 0, 0
59826, 571554, 1, 0
60012, 598720, 0, 0
60012, 599689, 1, 0
60225, 430671, 0, 0
60225, 358222, 1, 0
254, 253870, 1, 0
502, 170493, 0, 0
502, 178711, 1, 0
755, 157474, 0, 0
755, 160250, 1, 0
1006, 233871, 0, 0
1006, 244020, 1, 0
1251, 232021, 0, 0
1251, 236890, 1, 0
1502, 150232, 0, 0
1502, 162237, 1, 0
1760, 209110, 0, 0
1760, 215596, 1, 0
2008, 163891, 0, 0
2008, 172256, 1, 0
2277, 194736, 0, 0
2277, 202553, 1, 0
2507, 226449, 0, 0
2507, 230320, 1, 0
2766, 213981, 0, 0
2766, 225215, 1, 0
3015, 179173, 0, 0
3015, 191463, 1, 0
3264, 181982, 0, 0
3264, 189418, 1, 0
3532, 175273, 0, 0
3532, 206432, 1, 0
3867, 367197, 0, 0
3867, 451215, 1, 0
4003, 676780, 0, 0
4003, 686542, 1, 0
4261, 502449, 0, 0
4261, 497863, 1, 0
4515, 288559, 0, 0
4515, 293107, 1, 0
4751, 269126, 0, 0
4751, 275624, 1, 0
5010, 196896, 0, 0
5010, 200155, 1, 0
5257, 261839, 0, 0
5257, 256625, 1, 0
5503, 262984, 0, 0
5503, 277412, 1, 0
5768, 241799, 0, 0
5768, 242870, 1, 0
6001, 236022, 0, 0
6001, 247703, 1, 0
6277, 190003, 0, 0
6277, 188122, 1, 0
6529, 302331, 0, 0
6529, 209002, 1, 0
6759, 493142, 0, 0
6759, 504621, 1, 0
7006, 551604, 0, 0
7006, 554174, 1, 0
7260, 238105, 0, 0
7260, 236909, 1, 0
7500, 186560, 0, 0
7500, 198340, 1, 0
7771, 177934, 0, 0
7771, 186653, 1, 0
8016, 200305, 0, 0
8016, 209483, 1, 0
8252, 162921, 0, 0
8252, 170354, 1, 0
8712, 659255, 0, 0
8712, 230324, 1, 0
8776, 651624, 0, 0
8776, 714721, 1, 0
9023, 725241, 0, 0
9023, 739169, 1, 0
9270, 256718, 0, 0
9270, 275115, 1, 0
9659, 318312, 0, 0
9659, 431737, 1, 0
9764, 643347, 0, 0
9764, 656246, 1, 0
10001, 679531, 0, 0
10001, 677145, 1, 0
10259, 312627, 0, 0
10259, 309507, 1, 0
10511, 282061, 0, 0
10511, 280286, 1, 0
10750, 292310, 0, 0
10750, 289367, 1, 0
11005, 267584, 0, 0
11005, 284466, 1, 0
11369, 295991, 0, 0
11369, 320724, 1, 0
11583, 532860, 0, 0
11583, 527271, 1, 0
11791, 727166, 0, 0
11791, 707090, 1, 0
12000, 749499, 0, 0
12000, 728529, 1, 0
12271, 312150, 0, 0
12271, 334825, 1, 0
12501, 277432, 0, 0
12501, 279410, 1, 0
12772, 232023, 0, 0
12772, 238786, 1, 0
13018, 271939, 0, 0
13018, 275758, 1, 0
13253, 250406, 0, 0
13253, 270564, 1, 0
13514, 251744, 0, 0
13514, 254535, 1, 0
13752, 296577, 0, 0
13752, 301323, 1, 0
14021, 279869, 0, 0
14021, 281815, 1, 0
14478, 264930, 0, 0
14478, 296869, 1, 0
14702, 744872, 0, 0
14702, 530691, 1, 0
14764, 729193, 0, 0
14764, 772213, 1, 0
15022, 719630, 0, 0
15022, 763340, 1, 0
15262, 298906, 0, 0
15262, 322576, 1, 0
15501, 334723, 0, 0
15501, 349952, 1, 0
15755, 374806, 0, 0
15755, 378211, 1, 0
16002, 403518, 0, 0
16002, 430237, 1, 0
16254, 568475, 0, 0
16254, 620909, 1, 0
16500, 553211, 0, 0
16500, 587866, 1, 0
16751, 313321, 0, 0
16751, 339467, 1, 0
17009, 313970, 0, 0
17009, 338594, 1, 0
17251, 203877, 0, 0
17251, 199920, 1, 0
17553, 194659, 0, 0
17553, 491990, 1, 0
17753, 537706, 0, 0
17753, 568960, 1, 0
18003, 621087, 0, 0
18003, 639566, 1, 0
18599, 788452, 0, 0
18599, 870111, 1, 0
18610, 1048344, 0, 0
18756, 873143, 0, 0
18756, 851123, 1, 0
19012, 478450, 0, 0
19012, 483695, 1, 0
19252, 411973, 0, 0
19252, 451943, 1, 0
19522, 465706, 0, 0
19522, 400393, 1, 0
19766, 347714, 0, 0
19766, 394550, 1, 0
20044, 445427, 0, 0
20044, 249539, 1, 0
20311, 483443, 0, 0
20311, 191629, 1, 0
20559, 415386, 0, 0
20559, 325549, 1, 0
20904, 117526, 0, 0
20904, 462394, 1, 0
21070, 473364, 0, 0
21070, 625698, 1, 0
21298, 853301, 0, 0
21503, 852249, 0, 0
21503, 1056570, 1, 0
21751, 1195774, 0, 0
21751, 1208506, 1, 0
22000, 1314185, 0, 0
22000, 1294255, 1, 0
22264, 454136, 0, 0
22264, 429997, 1, 0
22505, 377830, 0, 0
22505, 393440, 1, 0
22940, 415103, 0, 0
22940, 452014, 1, 0
23003, 703098, 0, 0
23003, 698543, 1, 0
23297, 781428, 0, 0
23297, 814056, 1, 0
23504, 867975, 0, 0
23504, 868985, 1, 0
23755, 522877, 0, 0
23755, 533561, 1, 0
24004, 430282, 0, 0
24004, 444628, 1, 0
24270, 682658, 0, 0
24270, 533565, 1, 0
24503, 851659, 0, 0
24503, 822639, 1, 0
24772, 800914, 0, 0
24772, 809492, 1, 0
25031, 470596, 0, 0
25031, 443612, 1, 0
25267, 464210, 0, 0
25267, 457621, 1, 0
25571, 475869, 0, 0
25571, 495744, 1, 0
25801, 390197, 0, 0
25801, 443833, 1, 0
26008, 340059, 0, 0
26008, 367292, 1, 0
26304, 417065, 0, 0
26304, 419323, 1, 0
26538, 386910, 0, 0
26538, 401843, 1, 0
26754, 440027, 0, 0
26754, 478809, 1, 0
27151, 631647, 0, 0
27151, 846318, 1, 0
27422, 779336, 0, 0
27422, 844777, 1, 0
27512, 920854, 0, 0
27512, 938424, 1, 0
27771, 800361, 0, 0
27771, 751158, 1, 0
28030, 694719, 0, 0
28030, 716535, 1, 0
28269, 561245, 0, 0
28269, 559842, 1, 0
28500, 360779, 0, 0
28500, 359128, 1, 0
28759, 369630, 0, 0
28759, 383476, 1, 0
29015, 345593, 0, 0
29015, 342931, 1, 0
29266, 408633, 0, 0
29266, 428141, 1, 0
29818, 522740, 0, 0
29818, 622856, 1, 0
29828, 927784, 0, 0
30152, 1251481, 0, 0
30578, 1216380, 0, 0
30578, 1629376, 1, 0
30590, 1607177, 0, 0
30750, 1659537, 0, 0
30750, 1679463, 1, 0
31005, 1802217, 0, 0
31005, 1719206, 1, 0
31380, 2042993, 0, 0
31380, 2083409, 1, 0
31515, 2093589, 0, 0
31515, 2121401, 1, 0
31787, 1142126, 0, 0
31787, 1447593, 1, 0
32020, 652919, 0, 0
32020, 780613, 1, 0
32276, 718102, 0, 0
32276, 805040, 1, 0
32580, 871971, 0, 0
32580, 896814, 1, 0
32750, 957241, 0, 0
32750, 928102, 1, 0
33470, 1017160, 0, 0
33470, 1175077, 1, 0
33936, 2084306, 0, 0
34043, 2152466, 1, 0
34045, 2151592, 0, 0
34062, 2166736, 1, 0
34318, 2009668, 0, 0
34318, 2000558, 1, 0
34659, 2023303, 0, 0
34659, 2247638, 1, 0
34752, 2139250, 0, 0
34752, 2149331, 1, 0
35190, 1535027, 0, 0
35190, 1182951, 1, 0
35265, 1022803, 0, 0
35265, 962262, 1, 0
35500, 696833, 0, 0
35500, 710479, 1, 0
35756, 486301, 0, 0
35756, 543542, 1, 0
36110, 406889, 0, 0
36110, 400180, 1, 0
36302, 615994, 0, 0
36302, 639518, 1, 0
36500, 750479, 0, 0
36500, 741178, 1, 0
36762, 753709, 0, 0
36762, 711966, 1, 0
37017, 470122, 0, 0
37017, 518621, 1, 0
37260, 366257, 0, 0
37260, 351199, 1, 0
37510, 349606, 0, 0
37510, 353052, 1, 0
37767, 368791, 0, 0
37767, 374591, 1, 0
38029, 320106, 0, 0
38029, 546906, 1, 0
38260, 690891, 0, 0
38260, 642501, 1, 0
38510, 723446, 0, 0
38510, 725174, 1, 0
38764, 273248, 0, 0
38764, 310337, 1, 0
39001, 282452, 0, 0
39001, 327864, 1, 0
39258, 452588, 0, 0
39258, 458383, 1, 0
39514, 309121, 0, 0
39514, 293657, 1, 0
39932, 304789, 0, 0
39932, 297435, 1, 0
40098, 566309, 0, 0
40098, 464446, 1, 0
40306, 627482, 0, 0
40306, 567508, 1, 0
40510, 677403, 0, 0
40510, 680899, 1, 0
41141, 355218, 0, 0
41141, 358882, 1, 0
41141, 651513, 0, 0
41253, 695217, 0, 0
41253, 701851, 1, 0
41508, 534336, 0, 0
41508, 410606, 1, 0
41771, 305244, 0, 0
41771, 308320, 1, 0
42005, 343617, 0, 0
42005, 356624, 1, 0
42256, 426789, 0, 0
42256, 436808, 1, 0
42513, 431480, 0, 0
42513, 443377, 1, 0
42759, 313717, 0, 0
42759, 317815, 1, 0
43023, 259802, 0, 0
43023, 270241, 1, 0
43252, 328765, 0, 0
43252, 336533, 1, 0
43501, 297552, 0, 0
43501, 283957, 1, 0
43994, 376637, 0, 0
43994, 360419, 1, 0
44021, 657006, 0, 0
44260, 777918, 0, 0
44260, 750843, 1, 0
44515, 706418, 0, 0
44515, 684409, 1, 0
44761, 333612, 0, 0
44761, 355402, 1, 0
45002, 305366, 0, 0
45002, 302837, 1, 0
45256, 338558, 0, 0
45256, 336273, 1, 0
45505, 272257, 0, 0
45505, 275404, 1, 0
45873, 252214, 0, 0
45873, 245204, 1, 0
46001, 472193, 0, 0
46001, 494883, 1, 0
46258, 693852, 0, 0
46258, 742800, 1, 0
46523, 556581, 0, 0
46523, 537420, 1, 0
46754, 261634, 0, 0
46754, 260509, 1, 0
47002, 304206, 0, 0
47002, 294422, 1, 0
47262, 420096, 0, 0
47262, 375300, 1, 0
47513, 337192, 0, 0
47513, 332673, 1, 0
47918, 318609, 0, 0
47918, 263055, 1, 0
48076, 574454, 0, 0
48076, 677937, 1, 0
48258, 711803, 0, 0
48258, 695159, 1, 0
48504, 513308, 0, 0
48504, 497643, 1, 0
48976, 325651, 0, 0
48976, 374974, 1, 0
49000, 647597, 0, 0
49000, 651565, 1, 0
49252, 733528, 0, 0
49252, 675646, 1, 0
49500, 483329, 0, 0
49500, 514732, 1, 0
49775, 264519, 0, 0
49775, 265057, 1, 0
50000, 351223, 0, 0
50000, 330818, 1, 0
50263, 183629, 0, 0
50263, 166352, 1, 0
50503, 377192, 0, 0
50503, 371319, 1, 0
50999, 411694, 0, 0
50999, 461855, 1, 0
51000, 751053, 0, 0
51275, 718169, 0, 0
51275, 737751, 1, 0
51520, 341756, 0, 0
51520, 463892, 1, 0
51889, 313333, 0, 0
51889, 394970, 1, 0
52108, 640507, 0, 0
52108, 672886, 1, 0
52291, 810289, 0, 0
52291, 829477, 1, 0
52530, 636478, 0, 0
52530, 621962, 1, 0
52750, 396427, 0, 0
52750, 386847, 1, 0
53007, 412034, 0, 0
53007, 408957, 1, 0
53256, 429648, 0, 0
53256, 432780, 1, 0
53517, 145567, 0, 0
53517, 347113, 1, 0
53770, 66114, 0, 0
53770, 317724, 1, 0
54011, 309209, 0, 0
54011, 364910, 1, 0
54252, 404118, 0, 0
54252, 407071, 1, 0
54512, 368295, 0, 0
54512, 412604, 1, 0
54755, 430916, 0, 0
54755, 439187, 1, 0
55011, 367623, 0, 0
55011, 361581, 1, 0
55259, 364746, 0, 0
55259, 364225, 1, 0
55501, 340832, 0, 0
55501, 342999, 1, 0
55757, 364033, 0, 0
55757, 372875, 1, 0
56068, 441410, 0, 0
56068, 445372, 1, 0
56253, 511296, 0, 0
56253, 526664, 1, 0
57065, 625311, 0, 0
57065, 722745, 1, 0
57066, 1117416, 1, 0
57066, 998159, 1, 0
57250, 1006528, 0, 0
57250, 1029176, 1, 0
57544, 800425, 0, 0
57544, 789270, 1, 0
57771, 428908, 0, 0
57771, 470176, 1, 0
58023, 485505, 0, 0
58023, 425616, 1, 0
58259, 272440, 0, 0
58259, 285261, 1, 0
58521, 207500, 0, 0
58521, 224828, 1, 0
58764, 286578, 0, 0
58764, 310026, 1, 0
59025, 403781, 0, 0
59025, 419893, 1, 0
59268, 394488, 0, 0
59268, 397987, 1, 0
59661, 380344, 0, 0
59661, 383037, 1, 0
59827, 724969, 0, 0
59827, 559519, 1, 0
60013, 667111, 0, 0
60013, 675095, 1, 0
60226, 700062, 0, 0
60226, 482915, 1, 0
252, 198183, 0, 0
252, 250585, 1, 0
501, 192358, 0, 0
501, 179166, 1, 0
755, 241612, 0, 0
755, 219587, 1, 0
1005, 208583, 0, 0
1005, 206511, 1, 0
1251, 189369, 0, 0
1251, 191068, 1, 0
1502, 324953, 0, 0
1502, 315792, 1, 0
1760, 298400, 0, 0
1760, 299447, 1, 0
2019, 305027, 0, 0
2019, 316294, 1, 0
2277, 260152, 0, 0
2277, 286090, 1, 0
2507, 294401, 0, 0
2507, 307641, 1, 0
2771, 345415, 0, 0
2771, 356085, 1, 0
3021, 322009, 0, 0
3021, 298743, 1, 0
3273, 291052, 0, 0
3273, 304280, 1, 0
3518, 447358, 0, 0
3518, 477797, 1, 0
3860, 628761, 0, 0
3860, 601106, 1, 0
4003, 443938, 0, 0
4003, 610393, 1, 0
4250, 330075, 0, 0
4250, 306056, 1, 0
4515, 280978, 0, 0
4515, 273897, 1, 0
4762, 293460, 0, 0
4762, 306213, 1, 0
5016, 325505, 0, 0
5016, 332799, 1, 0
5258, 362444, 0, 0
5258, 360294, 1, 0
5504, 325567, 0, 0
5504, 335964, 1, 0
5768, 365315, 0, 0
5768, 373569, 1, 0
6015, 434553, 0, 0
6015, 430938, 1, 0
6255, 363994, 0, 0
6255, 390448, 1, 0
6532, 524560, 0, 0
6532, 438293, 1, 0
6750, 701000, 0, 0
6750, 758618, 1, 0
7030, 819488, 0, 0
7030, 829210, 1, 0
7259, 468715, 0, 0
7259, 445781, 1, 0
7504, 326981, 0, 0
7504, 343642, 1, 0
7783, 367594, 0, 0
7783, 378989, 1, 0
8043, 414018, 0, 0
8043, 435195, 1, 0
8264, 464985, 0, 0
8264, 476271, 1, 0
8794, 952768, 0, 0
8794, 927995, 0, 0
9000, 837264, 0, 0
9000, 844839, 1, 0
9408, 639833, 0, 0
9408, 561311, 1, 0
9659, 450127, 0, 0
9659, 519794, 1, 0
9751, 670298, 0, 0
9751, 668073, 1, 0
10001, 654707, 0, 0
10001, 653021, 1, 0
10265, 449206, 0, 0
10265, 429027, 1, 0
10513, 301796, 0, 0
10513, 325809, 1, 0
10810, 304829, 0, 0
10810, 316093, 1, 0
11014, 328120, 0, 0
11014, 343564, 1, 0
11372, 439540, 0, 0
11372, 430829, 1, 0
11640, 829125, 0, 0
11640, 739427, 1, 0
11768, 885104, 0, 0
11768, 893677, 1, 0
12008, 847575, 0, 0
12008, 848391, 1, 0
12251, 457327, 0, 0
12251, 491550, 1, 0
12501, 405067, 0, 0
12501, 412827, 1, 0
12772, 405148, 0, 0
12772, 422762, 1, 0
13000, 393739, 0, 0
13000, 410420, 1, 0
13255, 249087, 0, 0
13255, 268595, 1, 0
13502, 339153, 0, 0
13502, 337236, 1, 0
13752, 437177, 0, 0
13752, 451410, 1, 0
14044, 498419, 0, 0
14044, 513850, 1, 0
14481, 525403, 0, 0
14481, 478280, 1, 0
14692, 712866, 0, 0
14692, 907057, 1, 0
14763, 928264, 0, 0
14763, 934765, 1, 0
15031, 849073, 0, 0
15031, 831312, 1, 0
15262, 355781, 0, 0
15262, 352081, 1, 0
15500, 374407, 0, 0
15500, 404753, 1, 0
15756, 423369, 0, 0
15756, 433395, 1, 0
16002, 299165, 0, 0
16002, 356751, 1, 0
16254, 401231, 0, 0
16254, 461051, 1, 0
16581, 622364, 0, 0
16581, 653624, 1, 0
16759, 707843, 0, 0
16759, 746920, 1, 0
17024, 491906, 0, 0
17024, 510189, 1, 0
17253, 456896, 0, 0
17253, 415319, 1, 0
17562, 526836, 0, 0
17562, 835593, 1, 0
17757, 837481, 0, 0
17757, 879245, 1, 0
18005, 942542, 0, 0
18005, 990769, 1, 0
18599, 979790, 0, 0
18599, 1175529, 1, 0
18599, 1518174, 1, 0
18981, 1529319, 0, 0
18981, 1878321, 1, 0
19000, 1896656, 0, 0
19252, 1455335, 0, 0
19252, 1436391, 1, 0
19521, 682462, 0, 0
19521, 997508, 1, 0
19787, 508860, 0, 0
19787, 492840, 1, 0
20021, 551511, 0, 0
20021, 552433, 1, 0
20472, 682535, 0, 0
20472, 740803, 1, 0
20558, 931907, 0, 0
20558, 902601, 1, 0
20904, 836405, 0, 0
20904, 1024930, 1, 0
21070, 976768, 0, 0
21070, 1055095, 1, 0
21295, 1299694, 0, 0
21295, 1122424, 1, 0
21503, 1299665, 0, 0
21503, 1482092, 1, 0
21755, 1543607, 0, 0
21755, 1509947, 1, 0
22000, 1227846, 0, 0
22000, 1281321, 1, 0
22263, 645996, 0, 0
22263, 571520, 1, 0
22551, 496348, 0, 0
22551, 513694, 1, 0
22932, 514156, 0, 0
22932, 621134, 1, 0
23025, 796494, 0, 0
23025, 802771, 1, 0
23258, 835987, 0, 0
23258, 880324, 1, 0
23540, 707363, 0, 0
23540, 730934, 1, 0
23764, 460445, 0, 0
23764, 457992, 1, 0
24002, 452165, 0, 0
24002, 461575, 1, 0
24270, 418451, 0, 0
24270, 685495, 1, 0
24502, 745211, 0, 0
24502, 758451, 1, 0
24750, 888669, 0, 0
24750, 882886, 1, 0
25006, 706039, 0, 0
25006, 708129, 1, 0
25265, 456476, 0, 0
25265, 457081, 1, 0
25509, 502166, 0, 0
25509, 503773, 1, 0
25759, 535143, 0, 0
25759, 548738, 1, 0
26020, 522868, 0, 0
26020, 560446, 1, 0
26304, 526127, 0, 0
26304, 549431, 1, 0
26537, 614772, 0, 0
26537, 634795, 1, 0
27150, 747460, 0, 0
27150, 902429, 1, 0
27187, 1210373, 0, 0
27429, 1452203, 1, 0
27501, 1492004, 0, 0
27501, 1496428, 1, 0
27771, 1456585, 0, 0
27771, 1442801, 1, 0
28029, 1417389, 0, 0
28029, 1444319, 1, 0
28258, 920867, 0, 0
28258, 1106290, 1, 0
28514, 700610, 0, 0
28514, 691274, 1, 0
28758, 517467, 0, 0
28758, 525475, 1, 0
29037, 442271, 0, 0
29037, 451388, 1, 0
29264, 450049, 0, 0
29264, 430171, 1, 0
29530, 405572, 0, 0
29530, 469985, 1, 0
29818, 729841, 0, 0
29818, 836305, 1, 0
30152, 1073104, 0, 0
30152, 792191, 1, 0
30571, 1490095, 1, 0
30572, 1461566, 0, 0
30750, 1478682, 0, 0
30750, 1505658, 1, 0
31005, 1644297, 0, 0
31005, 1597212, 1, 0
31399, 1871443, 0, 0
31399, 1896747, 1, 0
31514, 2061915, 0, 0
31514, 2163740, 1, 0
31779, 2062758, 0, 0
31779, 2119775, 1, 0
32021, 2014996, 0, 0
32021, 2085538, 1, 0
32276, 1567551, 0, 0
32276, 1651155, 1, 0
32601, 1455853, 0, 0
32601, 1396908, 1, 0
32821, 1111613, 0, 0
32821, 1115407, 1, 0
33957, 1281366, 0, 0
33957, 2300091, 1, 0
33957, 2178205, 1, 0
33957, 2169866, 1, 0
33957, 2124040, 1, 0
34030, 1920105, 0, 0
34030, 1983723, 1, 0
34424, 1874644, 0, 0
34424, 1784867, 1, 0
34660, 1950702, 0, 0
34660, 2185878, 1, 0
34773, 2036841, 0, 0
34773, 2081948, 1, 0
35190, 863507, 0, 0
35190, 1574297, 1, 0
35265, 1257569, 0, 0
35265, 1296376, 1, 0
35516, 1294133, 0, 0
35516, 1301254, 1, 0
35769, 708211, 0, 0
35769, 582049, 1, 0
36007, 276369, 0, 0
36007, 245633, 1, 0
36404, 538429, 0, 0
36404, 186196, 1, 0
36502, 742741, 0, 0
36502, 208095, 1, 0
36774, 274175, 0, 0
36774, 176304, 1, 0
37012, 123024, 0, 0
37012, 90289, 1, 0
37252, 192142, 0, 0
37252, 210283, 1, 0
37509, 274264, 0, 0
37509, 266854, 1, 0
37757, 277020, 0, 0
37757, 291008, 1, 0
38027, 278281, 0, 0
38027, 517312, 1, 0
38258, 632151, 0, 0
38258, 536680, 1, 0
38509, 599569, 0, 0
38509, 643125, 1, 0
38765, 267581, 0, 0
38765, 263008, 1, 0
39000, 290726, 0, 0
39000, 300910, 1, 0
39257, 409420, 0, 0
39257, 390841, 1, 0
39514, 280709, 0, 0
39514, 283121, 1, 0
39829, 269673, 0, 0
39829, 290267, 1, 0
40101, 365600, 0, 0
40101, 431447, 1, 0
40319, 499679, 0, 0
40319, 683856, 1, 0
40510, 622848, 0, 0
40510, 645620, 1, 0
41059, 422573, 0, 0
41059, 430810, 1, 0
41140, 782009, 0, 0
41252, 767774, 0, 0
41252, 792097, 1, 0
41508, 518812, 0, 0
41508, 556783, 1, 0
41771, 261982, 0, 0
41771, 271041, 1, 0
42014, 268077, 0, 0
42014, 280404, 1, 0
42256, 375210, 0, 0
42256, 483711, 1, 0
42513, 513494, 0, 0
42513, 520741, 1, 0
42758, 387096, 0, 0
42758, 409593, 1, 0
43007, 290739, 0, 0
43007, 303135, 1, 0
43261, 330602, 0, 0
43261, 347137, 1, 0
43509, 313064, 0, 0
43509, 322566, 1, 0
43994, 272278, 0, 0
43994, 244605, 1, 0
44021, 575883, 0, 0
44294, 590267, 0, 0
44294, 680153, 1, 0
44513, 515794, 0, 0
44513, 512394, 1, 0
44759, 347082, 0, 0
44759, 359128, 1, 0
45019, 298696, 0, 0
45019, 311744, 1, 0
45254, 313515, 0, 0
45254, 315031, 1, 0
45505, 264107, 0, 0
45505, 265954, 1, 0
45873, 325095, 0, 0
45873, 317725, 1, 0
46000, 518564, 0, 0
46000, 575748, 1, 0
46283, 726976, 0, 0
46283, 730335, 1, 0
46520, 569054, 0, 0
46520, 680373, 1, 0
46752, 305220, 0, 0
46752, 310439, 1, 0
47000, 282799, 0, 0
47000, 285587, 1, 0
47280, 364039, 0, 0
47280, 327063, 1, 0
47554, 455941, 0, 0
47554, 472267, 1, 0
47918, 482104, 0, 0
47918, 838394, 1, 0
48075, 742391, 0, 0
48075, 812020, 1, 0
48257, 848862, 0, 0
48257, 849176, 1, 0
48504, 732779, 0, 0
48504, 801690, 1, 0
48994, 498082, 0, 0
48994, 600144, 1, 0
49004, 746311, 0, 0
49004, 805732, 1, 0
49251, 827994, 0, 0
49251, 899089, 1, 0
49503, 921520, 0, 0
49503, 939495, 1, 0
49775, 512407, 0, 0
49775, 465000, 1, 0
50011, 367954, 0, 0
50011, 383575, 1, 0
50263, 367346, 0, 0
50263, 369689, 1, 0
50502, 325929, 0, 0
50502, 329259, 1, 0
50920, 423868, 0, 0
50920, 365069, 1, 0
51003, 657752, 0, 0
51003, 740434, 1, 0
51250, 718793, 0, 0
51250, 739116, 1, 0
51503, 434408, 0, 0
51503, 452908, 1, 0
51905, 325369, 0, 0
51905, 494913, 1, 0
52110, 607464, 0, 0
52110, 650505, 1, 0
52286, 766656, 0, 0
52286, 776958, 1, 0
52530, 778349, 0, 0
52530, 679432, 1, 0
52760, 420401, 0, 0
52760, 406567, 1, 0
53009, 400699, 0, 0
53009, 435094, 1, 0
53255, 480711, 0, 0
53255, 476053, 1, 0
53500, 416403, 0, 0
53500, 429241, 1, 0
53770, 333168, 0, 0
53770, 561639, 1, 0
54012, 643584, 0, 0
54012, 630198, 1, 0
54264, 498658, 0, 0
54264, 499241, 1, 0
54512, 259565, 0, 0
54512, 267669, 1, 0
54762, 303557, 0, 0
54762, 289919, 1, 0
55000, 254560, 0, 0
55000, 268546, 1, 0
55260, 347786, 0, 0
55260, 371260, 1, 0
55538, 354882, 0, 0
55538, 353916, 1, 0
55757, 291804, 0, 0
55757, 295955, 1, 0
56066, 322024, 0, 0
56066, 359990, 1, 0
56257, 513568, 0, 0
56257, 534919, 1, 0
56708, 553490, 0, 0
56708, 598167, 1, 0
57064, 1127245, 1, 0
57064, 1127317, 1, 0
57250, 906947, 0, 0
57250, 932236, 1, 0
57514, 482948, 0, 0
57514, 475532, 1, 0
57789, 333735, 0, 0
57789, 356432, 1, 0
58022, 477218, 0, 0
58022, 493175, 1, 0
58259, 307676, 0, 0
58259, 301541, 1, 0
58521, 223684, 0, 0
58521, 246208, 1, 0
58763, 317055, 0, 0
58763, 322260, 1, 0
59025, 313235, 0, 0
59025, 303560, 1, 0
59253, 236434, 0, 0
59253, 256161, 1, 0
59646, 283717, 0, 0
59646, 317716, 1, 0
59826, 464803, 0, 0
59826, 553080, 1, 0
60007, 626574, 0, 0
60007, 637469, 1, 0
60241, 398051, 0, 0
60241, 466818, 1, 0
251, 251517, 1, 0
502, 149767, 0, 0
502, 158183, 1, 0
779, 264469, 0, 0
779, 269857, 1, 0
1015, 311986, 0, 0
1015, 306395, 1, 0
1251, 284239, 0, 0
1251, 284595, 1, 0
1502, 309923, 0, 0
1502, 308281, 1, 0
1760, 264277, 0, 0
1760, 258928, 1, 0
2008, 263978, 0, 0
2008, 252342, 1, 0
2277, 290360, 0, 0
2277, 300769, 1, 0
2508, 382065, 0, 0
2508, 362114, 1, 0
2780, 307449, 0, 0
2780, 309598, 1, 0
3008, 284522, 0, 0
3008, 304687, 1, 0
3264, 251300, 0, 0
3264, 253524, 1, 0
3519, 432885, 0, 0
3519, 384624, 1, 0
3871, 594769, 0, 0
3871, 609905, 1, 0
4004, 676496, 0, 0
4004, 669932, 1, 0
4250, 447504, 0, 0
4250, 441464, 1, 0
4501, 331210, 0, 0
4501, 338983, 1, 0
4763, 333471, 0, 0
4763, 345076, 1, 0
5016, 293576, 0, 0
5016, 316594, 1, 0
5258, 318188, 0, 0
5258, 327531, 1, 0
5504, 393391, 0, 0
5504, 400918, 1, 0
5751, 354954, 0, 0
5751, 370563, 1, 0
6047, 394890, 0, 0
6047, 420158, 1, 0
6277, 386817, 0, 0
6277, 392318, 1, 0
6619, 437308, 0, 0
6619, 552858, 1, 0
6750, 755321, 0, 0
6750, 786010, 1, 0
7030, 702667, 0, 0
7030, 758739, 1, 0
7284, 352614, 0, 0
7284, 348820, 1, 0
7500, 321532, 0, 0
7500, 326268, 1, 0
7782, 342946, 0, 0
7782, 356870, 1, 0
8020, 352686, 0, 0
8020, 357173, 1, 0
8779, 300176, 0, 0
8779, 339159, 1, 0
8795, 764204, 0, 0
8795, 762649, 0, 0
9000, 806220, 0, 0
9000, 808771, 1, 0
9263, 464846, 0, 0
9263, 678561, 1, 0
9659, 391119, 0, 0
9659, 554771, 1, 0
9754, 690658, 0, 0
9754, 713426, 1, 0
10001, 711628, 0, 0
10001, 701784, 1, 0
10265, 391968, 0, 0
10265, 398430, 1, 0
10511, 410700, 0, 0
10511, 407492, 1, 0
10783, 311952, 0, 0
10783, 351971, 1, 0
11015, 300644, 0, 0
11015, 329251, 1, 0
11473, 362160, 0, 0
11473, 399210, 1, 0
11700, 627588, 0, 0
11700, 735644, 1, 0
11770, 906693, 0, 0
12008, 752576, 0, 0
12008, 781266, 1, 0
12251, 334452, 0, 0
12251, 361243, 1, 0
12501, 377463, 0, 0
12501, 387999, 1, 0
12772, 337237, 0, 0
12772, 345482, 1, 0
13000, 395895, 0, 0
13000, 393565, 1, 0
13257, 303570, 0, 0
13257, 354437, 1, 0
13500, 322164, 0, 0
13500, 343434, 1, 0
13751, 422451, 0, 0
13751, 412647, 1, 0
14016, 427255, 0, 0
14016, 438814, 1, 0
14477, 545040, 0, 0
14477, 502990, 1, 0
14687, 767004, 0, 0
14687, 935793, 1, 0
14776, 947862, 0, 0
14776, 949041, 1, 0
15031, 894187, 0, 0
15031, 932376, 1, 0
15261, 681002, 0, 0
15261, 496523, 1, 0
15500, 344243, 0, 0
15500, 356759, 1, 0
15755, 491209, 0, 0
15755, 476002, 1, 0
16003, 506816, 0, 0
16003, 554628, 1, 0
16254, 434383, 0, 0
16254, 506408, 1, 0
16520, 553626, 0, 0
16520, 594129, 1, 0
16805, 453568, 0, 0
16805, 551713, 1, 0
17021, 372106, 0, 0
17021, 392837, 1, 0
17434, 521570, 0, 0
17434, 471614, 1, 0
17563, 806551, 0, 0
17563, 902936, 1, 0
17756, 865940, 0, 0
17756, 932393, 1, 0
18003, 939937, 0, 0
18003, 943779, 1, 0
18481, 961121, 0, 0
18481, 1087123, 1, 0
18599, 1165189, 1, 0
18981, 1048801, 0, 0
18981, 1290333, 1, 0
19032, 1406073, 0, 0
19032, 1416878, 1, 0
19255, 1374959, 0, 0
19255, 1433058, 1, 0
19522, 1095100, 0, 0
19522, 1030377, 1, 0
19787, 500164, 0, 0
19787, 492698, 1, 0
20020, 393924, 0, 0
20020, 406120, 1, 0
20309, 476278, 0, 0
20309, 405028, 1, 0
20612, 700571, 0, 0
20612, 746816, 1, 0
20904, 1172700, 1, 0
21070, 1128133, 0, 0
21070, 1221404, 1, 0
21390, 1591870, 0, 0
21633, 1808120, 1, 0
21751, 1673838, 0, 0
21751, 1785306, 1, 0
22031, 436288, 0, 0
22031, 696108, 1, 0
22263, 291200, 0, 0
22263, 314951, 1, 0
22507, 368147, 0, 0
22507, 359631, 1, 0
22941, 476285, 0, 0
22941, 536335, 1, 0
23119, 789207, 0, 0
23119, 845836, 1, 0
23336, 890769, 0, 0
23336, 870326, 1, 0
23533, 695714, 0, 0
23533, 721261, 1, 0
23817, 411950, 0, 0
23817, 417761, 1, 0
24004, 465593, 0, 0
24004, 476129, 1, 0
24266, 567981, 0, 0
24266, 536286, 1, 0
24502, 660929, 0, 0
24502, 892831, 1, 0
24772, 771886, 0, 0
24772, 772782, 1, 0
25006, 375920, 0, 0
25006, 363133, 1, 0
25265, 448599, 0, 0
25265, 442384, 1, 0
25502, 399832, 0, 0
25502, 345520, 1, 0
25759, 377448, 0, 0
25759, 384896, 1, 0
26007, 465464, 0, 0
26007, 466680, 1, 0
26257, 415195, 0, 0
26257, 416663, 1, 0
26539, 506065, 0, 0
26539, 522095, 1, 0
26896, 587554, 0, 0
26896, 647859, 1, 0
27187, 813297, 0, 0
27187, 916660, 1, 0
27429, 994070, 0, 0
27429, 1086669, 1, 0
27511, 1140672, 0, 0
27511, 1103047, 1, 0
27772, 1066744, 0, 0
27772, 1001554, 1, 0
28029, 543071, 0, 0
28029, 538508, 1, 0
28282, 515646, 0, 0
28282, 520336, 1, 0
28502, 587627, 0, 0
28502, 610521, 1, 0
28757, 539506, 0, 0
28757, 554125, 1, 0
29010, 508737, 0, 0
29010, 544958, 1, 0
29264, 503338, 0, 0
29264, 509133, 1, 0
29804, 486986, 0, 0
29804, 609046, 1, 0
29817, 846033, 1, 0
30155, 1139917, 0, 0
30155, 807287, 1, 0
30589, 1140000, 0, 0
30589, 1540204, 1, 0
30590, 1525471, 1, 0
30751, 1609538, 0, 0
30751, 1656297, 1, 0
31172, 1668203, 0, 0
31172, 1601143, 1, 0
31387, 2049869, 0, 0
31387, 1898845, 1, 0
31515, 1883875, 0, 0
31515, 1871256, 1, 0
31787, 1114786, 0, 0
31787, 1186804, 1, 0
32109, 1021283, 0, 0
32109, 1052636, 1, 0
32286, 1340241, 0, 0
32286, 1403075, 1, 0
32601, 1140447, 0, 0
32601, 1123837, 1, 0
32821, 1076922, 0, 0
32821, 1138397, 1, 0
33467, 1529231, 0, 0
33958, 2244730, 1, 0
33958, 2170902, 1, 0
33958, 2170421, 1, 0
34030, 2241925, 0, 0
34659, 2269463, 0, 0
34659, 2455126, 1, 0
34680, 2829890, 0, 0
34751, 2500492, 0, 0
34751, 2634850, 1, 0
35191, 2411721, 0, 0
35191, 2457834, 1, 0
35259, 2607375, 0, 0
35259, 1149557, 1, 0
35514, 1378891, 0, 0
35514, 737560, 1, 0
35759, 317452, 0, 0
35759, 308672, 1, 0
36001, 158577, 0, 0
36001, 231413, 1, 0
36393, 456281, 0, 0
36393, 478055, 1, 0
36513, 624722, 0, 0
36513, 616711, 1, 0
36762, 378239, 0, 0
36762, 426767, 1, 0
37029, 390311, 0, 0
37029, 402807, 1, 0
37259, 362650, 0, 0
37259, 385225, 1, 0
37509, 289552, 0, 0
37509, 290193, 1, 0
37755, 252846, 0, 0
37755, 274807, 1, 0
38027, 224375, 0, 0
38027, 343580, 1, 0
38258, 551752, 0, 0
38258, 613526, 1, 0
38510, 580122, 0, 0
38510, 621525, 1, 0
38764, 256923, 0, 0
38764, 267069, 1, 0
39001, 360339, 0, 0
39001, 404342, 1, 0
39257, 331923, 0, 0
39257, 360742, 1, 0
39508, 209403, 0, 0
39508, 222706, 1, 0
39826, 325044, 0, 0
39826, 328078, 1, 0
40101, 386247, 0, 0
40101, 394498, 1, 0
40329, 428231, 0, 0
40329, 488284, 1, 0
40510, 596355, 0, 0
40510, 606733, 1, 0
41023, 466941, 0, 0
41023, 421355, 1, 0
41023, 502725, 0, 0
41252, 574820, 0, 0
41252, 599652, 1, 0
41541, 383091, 0, 0
41541, 379115, 1, 0
41770, 331245, 0, 0
41770, 328692, 1, 0
42004, 344755, 0, 0
42004, 359153, 1, 0
42278, 517531, 0, 0
42278, 633991, 1, 0
42513, 581696, 0, 0
42513, 578109, 1, 0
42759, 296041, 0, 0
42759, 313072, 1, 0
43007, 254037, 0, 0
43007, 258785, 1, 0
43262, 287290, 0, 0
43262, 302571, 1, 0
43509, 298403, 0, 0
43509, 297270, 1, 0
43971, 306521, 0, 0
43971, 352341, 1, 0
44120, 575033, 0, 0
44120, 698765, 1, 0
44293, 755331, 0, 0
44293, 768082, 1, 0
44515, 696665, 0, 0
44515, 756465, 1, 0
44759, 301029, 0, 0
44759, 302181, 1, 0
45029, 299301, 0, 0
45029, 306248, 1, 0
45254, 268171, 0, 0
45254, 278038, 1, 0
45565, 242505, 0, 0
45565, 245351, 1, 0
45894, 367398, 0, 0
45894, 395686, 1, 0
46048, 560418, 0, 0
46048, 702341, 1, 0
46257, 748647, 0, 0
46257, 784950, 1, 0
46548, 633259, 0, 0
46548, 708768, 1, 0
46750, 265731, 0, 0
46750, 297871, 1, 0
47020, 288336, 0, 0
47020, 301075, 1, 0
47250, 328962, 0, 0
47250, 393052, 1, 0
47504, 323738, 0, 0
47504, 350180, 1, 0
48061, 274854, 0, 0
48061, 551222, 1, 0
48075, 814213, 1, 0
48257, 778634, 0, 0
48257, 788559, 1, 0
48503, 336138, 0, 0
48503, 470133, 1, 0
48993, 381708, 0, 0
48993, 507132, 1, 0
49159, 707242, 0, 0
49159, 778492, 1, 0
49268, 846664, 0, 0
49268, 850690, 1, 0
49514, 791036, 0, 0
49514, 687237, 1, 0
49758, 346347, 0, 0
49758, 326148, 1, 0
50012, 343828, 0, 0
50012, 339529, 1, 0
50288, 420960, 0, 0
50288, 443016, 1, 0
50541, 449895, 0, 0
50541, 451795, 1, 0
50984, 457229, 0, 0
50984, 664712, 1, 0
51004, 836002, 0, 0
51004, 847439, 1, 0
51250, 784267, 0, 0
51250, 778266, 1, 0
51520, 374703, 0, 0
51520, 343420, 1, 0
51904, 357872, 0, 0
51904, 507397, 1, 0
52093, 688569, 0, 0
52093, 765669, 1, 0
52292, 863604, 0, 0
52292, 852304, 1, 0
52529, 855326, 0, 0
52529, 886359, 1, 0
52764, 465184, 0, 0
52764, 481610, 1, 0
53007, 446524, 0, 0
53007, 490747, 1, 0
53255, 380408, 0, 0
53255, 392928, 1, 0
53509, 332110, 0, 0
53509, 338172, 1, 0
53775, 334511, 0, 0
53775, 584192, 1, 0
54012, 613661, 0, 0
54012, 603877, 1, 0
54251, 755675, 0, 0
54251, 765556, 1, 0
54512, 444620, 0, 0
54512, 476980, 1, 0
54762, 280332, 0, 0
54762, 297021, 1, 0
55010, 317789, 0, 0
55010, 316711, 1, 0
55262, 281384, 0, 0
55262, 301959, 1, 0
55538, 313364, 0, 0
55538, 330822, 1, 0
55779, 389215, 0, 0
55779, 403319, 1, 0
56066, 412218, 0, 0
56066, 415677, 1, 0
56267, 528145, 0, 0
56267, 510326, 1, 0
56940, 672166, 0, 0
56940, 621956, 1, 0
57074, 1254609, 1, 0
57075, 1169800, 1, 0
57250, 1008832, 0, 0
57250, 1022997, 1, 0
57514, 771036, 0, 0
57514, 858482, 1, 0
57772, 405815, 0, 0
57772, 424965, 1, 0
58022, 497617, 0, 0
58022, 473650, 1, 0
58260, 317111, 0, 0
58260, 351435, 1, 0
58522, 284751, 0, 0
58522, 292123, 1, 0
58763, 353192, 0, 0
58763, 368832, 1, 0
59024, 390229, 0, 0
59024, 390120, 1, 0
59269, 279365, 0, 0
59269, 289529, 1, 0
59639, 335213, 0, 0
59639, 395670, 1, 0
59826, 682085, 0, 0
60012, 752604, 0, 0
60012, 767059, 1, 0
60267, 972968, 0, 0
60267, 553343, 0, 0
60267, 493655, 1, 0
