252, 169462, 0, 0
252, 151647, 1, 0
501, 131593, 0, 0
501, 131815, 1, 0
758, 197590, 0, 0
758, 196076, 1, 0
1028, 297796, 0, 0
1028, 317880, 1, 0
1254, 375814, 0, 0
1254, 362515, 1, 0
1504, 228662, 0, 0
1504, 242578, 1, 0
1752, 244450, 0, 0
1752, 241325, 1, 0
2003, 275077, 0, 0
2003, 273471, 1, 0
2253, 280488, 0, 0
2253, 289853, 1, 0
2515, 252832, 0, 0
2515, 247899, 1, 0
2751, 276221, 0, 0
2751, 280448, 1, 0
3001, 278179, 0, 0
3001, 254884, 1, 0
3252, 279210, 0, 0
3252, 288626, 1, 0
3501, 306646, 0, 0
3501, 316871, 1, 0
3751, 238015, 0, 0
3751, 245996, 1, 0
4002, 141267, 0, 0
4002, 148913, 1, 0
4250, 247527, 0, 0
4250, 260385, 1, 0
4524, 203776, 0, 0
4524, 221253, 1, 0
4753, 285917, 0, 0
4753, 299616, 1, 0
5004, 247644, 0, 0
5004, 257930, 1, 0
5251, 237513, 0, 0
5251, 240898, 1, 0
5517, 212049, 0, 0
5517, 222403, 1, 0
5999, 224744, 0, 0
5999, 263045, 1, 0
6001, 517127, 0, 0
6251, 358717, 0, 0
6251, 397633, 1, 0
6501, 258703, 0, 0
6501, 237433, 1, 0
6750, 271293, 0, 0
6750, 251572, 1, 0
7000, 215894, 0, 0
7000, 207695, 1, 0
7261, 188097, 0, 0
7261, 185938, 1, 0
7504, 250286, 0, 0
7504, 255377, 1, 0
7757, 287925, 0, 0
7757, 293658, 1, 0
8022, 278213, 0, 0
8022, 294785, 1, 0
8253, 269395, 0, 0
8253, 266127, 1, 0
8506, 304439, 0, 0
8506, 310444, 1, 0
8770, 302707, 0, 0
8770, 311807, 1, 0
9002, 252307, 0, 0
9002, 259414, 1, 0
9257, 210236, 0, 0
9257, 235945, 1, 0
9504, 223150, 0, 0
9504, 227058, 1, 0
9752, 227680, 0, 0
9752, 229668, 1, 0
10009, 180747, 0, 0
10009, 180430, 1, 0
10250, 182881, 0, 0
10250, 186303, 1, 0
10522, 193723, 0, 0
10522, 197440, 1, 0
10759, 217457, 0, 0
10759, 217316, 1, 0
11000, 169333, 0, 0
11000, 169883, 1, 0
11275, 171859, 0, 0
11275, 175825, 1, 0
11511, 251863, 0, 0
11511, 270690, 1, 0
11750, 243930, 0, 0
11750, 259871, 1, 0
12002, 372497, 0, 0
12002, 365526, 1, 0
12250, 176269, 0, 0
12250, 188415, 1, 0
12502, 224978, 0, 0
12502, 228295, 1, 0
12752, 166555, 0, 0
12752, 178532, 1, 0
13005, 211085, 0, 0
13005, 217861, 1, 0
13257, 257904, 0, 0
13257, 264941, 1, 0
13508, 248880, 0, 0
13508, 237377, 1, 0
13807, 248050, 0, 0
13807, 271405, 1, 0
14001, 298617, 0, 0
14001, 300289, 1, 0
14269, 271198, 0, 0
14269, 255276, 1, 0
14516, 358856, 0, 0
14516, 354552, 1, 0
14754, 213750, 0, 0
14754, 250394, 1, 0
15007, 291468, 0, 0
15007, 308454, 1, 0
15250, 249549, 0, 0
15250, 271124, 1, 0
15510, 264147, 0, 0
15510, 271208, 1, 0
15753, 228195, 0, 0
15753, 236411, 1, 0
16003, 129553, 0, 0
16003, 139777, 1, 0
16258, 87751, 0, 0
16258, 88017, 1, 0
16507, 122312, 0, 0
16507, 123569, 1, 0
16759, 131465, 0, 0
16759, 125969, 1, 0
17003, 101811, 0, 0
17003, 102976, 1, 0
17258, 131181, 0, 0
17258, 122856, 1, 0
17515, 203568, 0, 0
17515, 184226, 1, 0
17754, 279247, 0, 0
17754, 274996, 1, 0
18003, 274510, 0, 0
18003, 266510, 1, 0
18256, 227416, 0, 0
18256, 233273, 1, 0
18506, 207655, 0, 0
18506, 206542, 1, 0
18754, 217316, 0, 0
18754, 213692, 1, 0
19005, 203249, 0, 0
19005, 203116, 1, 0
19268, 243581, 0, 0
19268, 240586, 1, 0
19501, 285440, 0, 0
19501, 289453, 1, 0
19758, 216406, 0, 0
19758, 218073, 1, 0
20003, 216896, 0, 0
20003, 214341, 1, 0
20256, 220337, 0, 0
20256, 222657, 1, 0
20502, 193951, 0, 0
20502, 191094, 1, 0
20755, 221314, 0, 0
20755, 220339, 1, 0
21014, 172804, 0, 0
21014, 172699, 1, 0
21252, 216378, 0, 0
21252, 220600, 1, 0
21500, 224927, 0, 0
21500, 221042, 1, 0
21757, 286548, 0, 0
21757, 270658, 1, 0
22008, 230271, 0, 0
22008, 219245, 1, 0
22253, 245522, 0, 0
22253, 244500, 1, 0
22501, 137011, 0, 0
22501, 120693, 1, 0
22751, 93419, 0, 0
22751, 94012, 1, 0
23000, 100799, 0, 0
23000, 103171, 1, 0
23251, 219179, 0, 0
23251, 212310, 1, 0
23501, 184309, 0, 0
23501, 169709, 1, 0
23754, 234628, 0, 0
23754, 228483, 1, 0
24010, 261229, 0, 0
24010, 256569, 1, 0
24264, 245505, 0, 0
24264, 245699, 1, 0
24503, 225909, 0, 0
24503, 220937, 1, 0
24751, 187918, 0, 0
24751, 184089, 1, 0
25005, 175541, 0, 0
25005, 173056, 1, 0
25252, 149003, 0, 0
25252, 134136, 1, 0
25575, 185350, 0, 0
25575, 155653, 1, 0
25757, 475288, 0, 0
25757, 479129, 1, 0
26003, 498111, 0, 0
26003, 436202, 1, 0
26250, 329608, 0, 0
26250, 343344, 1, 0
26507, 252866, 0, 0
26507, 244371, 1, 0
26750, 245245, 0, 0
26750, 246504, 1, 0
27002, 198476, 0, 0
27002, 193873, 1, 0
27257, 229814, 0, 0
27257, 231500, 1, 0
27505, 239365, 0, 0
27505, 236979, 1, 0
27760, 228912, 0, 0
27760, 225140, 1, 0
28016, 292031, 0, 0
28016, 293616, 1, 0
28319, 333979, 0, 0
28319, 355283, 1, 0
28514, 544645, 0, 0
28514, 514644, 1, 0
28765, 714332, 0, 0
28765, 725673, 1, 0
29001, 886929, 0, 0
29001, 853207, 1, 0
29372, 701472, 0, 0
29372, 709588, 1, 0
29545, 894758, 0, 0
29545, 771983, 1, 0
29852, 775009, 0, 0
29852, 791934, 1, 0
30057, 933704, 0, 0
30057, 956098, 1, 0
30263, 1112029, 0, 0
30263, 1103378, 1, 0
30500, 871204, 0, 0
30500, 862501, 1, 0
30872, 907219, 0, 0
30872, 919746, 1, 0
31123, 870203, 0, 0
31123, 859851, 1, 0
31348, 950312, 0, 0
31348, 955860, 1, 0
31574, 957388, 0, 0
31574, 927361, 1, 0
31797, 1053481, 1, 0
32188, 1224979, 0, 0
32188, 1159693, 1, 0
32502, 1619800, 0, 0
32502, 1317962, 1, 0
32600, 1715623, 1, 0
32784, 1493028, 0, 0
32784, 1583289, 1, 0
33011, 1518031, 0, 0
33011, 1531027, 1, 0
33274, 1345686, 0, 0
33274, 1293997, 1, 0
33507, 663112, 0, 0
33507, 732075, 1, 0
33768, 660870, 0, 0
33768, 671546, 1, 0
34066, 761316, 0, 0
34066, 831395, 1, 0
34275, 830961, 0, 0
34275, 883609, 1, 0
34523, 1010622, 0, 0
34523, 959428, 1, 0
34753, 826244, 0, 0
34753, 743456, 1, 0
35061, 267534, 0, 0
35061, 333761, 1, 0
35423, 553367, 0, 0
35423, 597982, 1, 0
35588, 729393, 0, 0
35588, 778391, 1, 0
35807, 911854, 0, 0
35807, 1067331, 1, 0
36011, 1071694, 0, 0
36011, 1130453, 1, 0
36265, 905167, 0, 0
36265, 840367, 1, 0
36760, 445730, 0, 0
36760, 492748, 1, 0
36790, 695005, 1, 0
37022, 848946, 0, 0
37022, 739765, 1, 0
37342, 907275, 0, 0
37342, 872216, 1, 0
37504, 786219, 0, 0
37504, 616373, 1, 0
37753, 244966, 0, 0
37753, 305854, 1, 0
38003, 376401, 0, 0
38003, 360020, 1, 0
38250, 282620, 0, 0
38250, 303099, 1, 0
38502, 248850, 0, 0
38502, 272000, 1, 0
38766, 358150, 0, 0
38766, 371154, 1, 0
39003, 323911, 0, 0
39003, 337003, 1, 0
39262, 351984, 0, 0
39262, 366092, 1, 0
39507, 344829, 0, 0
39507, 360226, 1, 0
39764, 336845, 0, 0
39764, 345010, 1, 0
40013, 281885, 0, 0
40013, 286948, 1, 0
40359, 302317, 0, 0
40359, 316848, 1, 0
40503, 425094, 0, 0
40503, 417030, 1, 0
40757, 333397, 0, 0
40757, 369876, 1, 0
41000, 324512, 0, 0
41000, 325750, 1, 0
41258, 280230, 0, 0
41258, 288586, 1, 0
41507, 305919, 0, 0
41507, 313601, 1, 0
41759, 228706, 0, 0
41759, 246871, 1, 0
42001, 330686, 0, 0
42001, 328374, 1, 0
42266, 309981, 0, 0
42266, 327959, 1, 0
42510, 275802, 0, 0
42510, 280354, 1, 0
42755, 213495, 0, 0
42755, 227484, 1, 0
43004, 312345, 0, 0
43004, 302687, 1, 0
43260, 340450, 0, 0
43260, 350219, 1, 0
43503, 380505, 0, 0
43503, 389443, 1, 0
43761, 415195, 0, 0
43761, 424837, 1, 0
44000, 378754, 0, 0
44000, 399374, 1, 0
44286, 294067, 0, 0
44286, 315080, 1, 0
44504, 409281, 0, 0
44504, 405737, 1, 0
44760, 348524, 0, 0
44760, 359369, 1, 0
45003, 279782, 0, 0
45003, 292846, 1, 0
45274, 264705, 0, 0
45274, 276896, 1, 0
45505, 309685, 0, 0
45505, 325072, 1, 0
45792, 192288, 0, 0
45792, 252452, 1, 0
46011, 482126, 0, 0
46011, 447065, 1, 0
46317, 520433, 0, 0
46317, 546764, 1, 0
46501, 515403, 0, 0
46501, 509672, 1, 0
46755, 609065, 0, 0
46755, 608606, 1, 0
47004, 606672, 0, 0
47004, 558983, 1, 0
47278, 256016, 0, 0
47278, 258373, 1, 0
47504, 338905, 0, 0
47504, 334566, 1, 0
47757, 416907, 0, 0
47757, 425687, 1, 0
48063, 467925, 0, 0
48063, 453608, 1, 0
48259, 466408, 0, 0
48259, 478304, 1, 0
48502, 314732, 0, 0
48502, 288676, 1, 0
48751, 240646, 0, 0
48751, 236461, 1, 0
49002, 212213, 0, 0
49002, 210324, 1, 0
49250, 196272, 0, 0
49250, 200105, 1, 0
49501, 194041, 0, 0
49501, 199547, 1, 0
49756, 230932, 0, 0
49756, 231010, 1, 0
50008, 246125, 0, 0
50008, 247833, 1, 0
50260, 206371, 0, 0
50260, 207321, 1, 0
50500, 224036, 0, 0
50500, 221357, 1, 0
50761, 281202, 0, 0
50761, 262716, 1, 0
51118, 207380, 0, 0
51118, 195421, 1, 0
51257, 396869, 0, 0
51257, 399992, 1, 0
51504, 259679, 0, 0
51504, 277450, 1, 0
51752, 210612, 0, 0
51752, 210914, 1, 0
52008, 194560, 0, 0
52008, 200733, 1, 0
52250, 227868, 0, 0
52250, 212973, 1, 0
52500, 235069, 0, 0
52500, 228755, 1, 0
52774, 220688, 0, 0
52774, 215159, 1, 0
53012, 255086, 0, 0
53012, 250538, 1, 0
53256, 269421, 0, 0
53256, 266723, 1, 0
53504, 212122, 0, 0
53504, 218067, 1, 0
53753, 170564, 0, 0
53753, 169764, 1, 0
54000, 213753, 0, 0
54000, 228525, 1, 0
54252, 238030, 0, 0
54252, 241469, 1, 0
54502, 200658, 0, 0
54502, 204699, 1, 0
54751, 211538, 0, 0
54751, 219192, 1, 0
55004, 209355, 0, 0
55004, 225480, 1, 0
55261, 146546, 0, 0
55261, 149498, 1, 0
55502, 87288, 0, 0
55502, 87751, 1, 0
55753, 118166, 0, 0
55753, 106353, 1, 0
56099, 242901, 0, 0
56099, 221910, 1, 0
56267, 447413, 0, 0
56267, 449882, 1, 0
56500, 282266, 0, 0
56500, 264209, 1, 0
56771, 212475, 0, 0
56771, 213678, 1, 0
57010, 224316, 0, 0
57010, 222171, 1, 0
57251, 214027, 0, 0
57251, 220201, 1, 0
57507, 196562, 0, 0
57507, 191824, 1, 0
57752, 231377, 0, 0
57752, 230530, 1, 0
58000, 217595, 0, 0
58000, 222799, 1, 0
58251, 198229, 0, 0
58251, 195181, 1, 0
58516, 216655, 0, 0
58516, 213726, 1, 0
58750, 218333, 0, 0
58750, 220060, 1, 0
59018, 194556, 0, 0
59018, 194021, 1, 0
59259, 201409, 0, 0
59259, 203000, 1, 0
59502, 218995, 0, 0
59502, 219267, 1, 0
59757, 228585, 0, 0
59757, 222052, 1, 0
60004, 193194, 0, 0
60004, 190162, 1, 0
60004, 115509, 0, 0
60004, 94515, 1, 0
372, 368548, 0, 0
501, 404077, 0, 0
501, 454872, 1, 0
756, 424214, 0, 0
756, 437101, 1, 0
1028, 238275, 0, 0
1028, 245014, 1, 0
1254, 311575, 0, 0
1254, 313308, 1, 0
1502, 242920, 0, 0
1502, 235619, 1, 0
1755, 255964, 0, 0
1755, 262680, 1, 0
2001, 245508, 0, 0
2001, 239811, 1, 0
2253, 193157, 0, 0
2253, 200637, 1, 0
2500, 271118, 0, 0
2500, 285983, 1, 0
2763, 174359, 0, 0
2763, 177052, 1, 0
3003, 229226, 0, 0
3003, 228484, 1, 0
3252, 278859, 0, 0
3252, 289802, 1, 0
3525, 286255, 0, 0
3525, 302205, 1, 0
3751, 496555, 0, 0
3751, 448248, 1, 0
4051, 736540, 0, 0
4051, 719707, 1, 0
4271, 926631, 0, 0
4271, 926845, 1, 0
4500, 1153109, 0, 0
4500, 1143936, 1, 0
4753, 838571, 0, 0
4753, 722820, 1, 0
5014, 329417, 0, 0
5014, 385179, 1, 0
5271, 497672, 0, 0
5271, 500038, 1, 0
5502, 436729, 0, 0
5502, 425116, 1, 0
5999, 202515, 0, 0
5999, 223339, 1, 0
6004, 494482, 0, 0
6250, 396356, 0, 0
6250, 420621, 1, 0
6504, 222276, 0, 0
6504, 219610, 1, 0
6756, 258782, 0, 0
6756, 277724, 1, 0
7021, 206602, 0, 0
7021, 221760, 1, 0
7261, 259125, 0, 0
7261, 277976, 1, 0
7503, 201395, 0, 0
7503, 207065, 1, 0
7750, 256598, 0, 0
7750, 242071, 1, 0
8008, 236781, 0, 0
8008, 232355, 1, 0
8252, 231117, 0, 0
8252, 239857, 1, 0
8506, 290109, 0, 0
8506, 319544, 1, 0
8759, 324283, 0, 0
8759, 324310, 1, 0
9020, 418576, 0, 0
9020, 400718, 1, 0
9254, 445149, 0, 0
9254, 447153, 1, 0
9504, 332294, 0, 0
9504, 317213, 1, 0
9752, 293491, 0, 0
9752, 316039, 1, 0
10030, 367420, 0, 0
10030, 387311, 1, 0
10277, 563069, 0, 0
10277, 545046, 1, 0
10502, 595506, 0, 0
10502, 592423, 1, 0
10754, 442271, 0, 0
10754, 425779, 1, 0
11068, 327035, 0, 0
11068, 396980, 1, 0
11277, 615942, 0, 0
11277, 605310, 1, 0
11510, 726569, 0, 0
11510, 747192, 1, 0
11752, 637592, 0, 0
11752, 713778, 1, 0
12070, 558430, 0, 0
12070, 530995, 1, 0
12300, 577654, 0, 0
12300, 577072, 1, 0
12513, 737400, 1, 0
12751, 789817, 0, 0
12751, 795366, 1, 0
13032, 373047, 0, 0
13032, 415645, 1, 0
13260, 375991, 0, 0
13260, 386261, 1, 0
13508, 490949, 0, 0
13508, 496350, 1, 0
13807, 608480, 0, 0
13807, 522606, 1, 0
14095, 716331, 0, 0
14095, 736805, 1, 0
14253, 778517, 0, 0
14253, 756277, 1, 0
14563, 387542, 0, 0
14563, 357469, 1, 0
14756, 370427, 0, 0
14756, 389691, 1, 0
15126, 509603, 0, 0
15126, 523395, 1, 0
15250, 736638, 0, 0
15250, 736902, 1, 0
15590, 762480, 0, 0
15590, 772776, 1, 0
15810, 861386, 0, 0
15810, 909016, 1, 0
16038, 858256, 0, 0
16038, 912794, 1, 0
16258, 787028, 0, 0
16258, 773354, 1, 0
16519, 520612, 0, 0
16519, 534373, 1, 0
16758, 436141, 0, 0
16758, 522986, 1, 0
17003, 572115, 0, 0
17003, 568344, 1, 0
17258, 549255, 0, 0
17258, 562717, 1, 0
17514, 414141, 0, 0
17514, 402139, 1, 0
17763, 307085, 0, 0
17763, 311427, 1, 0
18006, 357171, 0, 0
18006, 362742, 1, 0
18256, 269132, 0, 0
18256, 270809, 1, 0
18505, 253055, 0, 0
18505, 252586, 1, 0
18755, 438110, 0, 0
18755, 404202, 1, 0
19006, 583750, 0, 0
19006, 613491, 1, 0
19266, 434261, 0, 0
19266, 454434, 1, 0
19552, 370418, 0, 0
19552, 370661, 1, 0
19755, 398089, 0, 0
19755, 407499, 1, 0
20024, 398195, 0, 0
20024, 415020, 1, 0
20275, 506027, 1, 0
20500, 566209, 0, 0
20500, 543298, 1, 0
20752, 503216, 0, 0
20752, 488204, 1, 0
21013, 259390, 0, 0
21013, 310128, 1, 0
21278, 264391, 0, 0
21278, 271667, 1, 0
21509, 313959, 0, 0
21509, 339575, 1, 0
21756, 296718, 0, 0
21756, 297979, 1, 0
22006, 316266, 0, 0
22006, 314107, 1, 0
22254, 263708, 0, 0
22254, 273762, 1, 0
22546, 415554, 0, 0
22546, 436642, 1, 0
22759, 620590, 0, 0
22759, 633668, 1, 0
23002, 692258, 0, 0
23002, 726374, 1, 0
23276, 484123, 0, 0
23276, 546382, 1, 0
23500, 376393, 0, 0
23500, 415665, 1, 0
23754, 278210, 0, 0
23754, 286224, 1, 0
24007, 304711, 0, 0
24007, 319781, 1, 0
24252, 366288, 0, 0
24252, 370594, 1, 0
24521, 367069, 0, 0
24521, 373519, 1, 0
24767, 390174, 0, 0
24767, 393309, 1, 0
25016, 487247, 0, 0
25016, 533755, 1, 0
25265, 646473, 0, 0
25265, 669101, 1, 0
25576, 669313, 0, 0
25576, 652639, 1, 0
25770, 756178, 0, 0
25770, 746057, 1, 0
26003, 455425, 0, 0
26003, 454682, 1, 0
26250, 258164, 0, 0
26250, 243500, 1, 0
26507, 239629, 0, 0
26507, 275385, 1, 0
26750, 296424, 0, 0
26750, 307426, 1, 0
27002, 208702, 0, 0
27002, 210935, 1, 0
27257, 194375, 0, 0
27257, 201511, 1, 0
27504, 213878, 0, 0
27504, 211185, 1, 0
27752, 236753, 0, 0
27752, 230295, 1, 0
28001, 248452, 0, 0
28001, 245491, 1, 0
28256, 212323, 0, 0
28256, 220200, 1, 0
28505, 185928, 0, 0
28505, 186030, 1, 0
28750, 175725, 0, 0
28750, 179637, 1, 0
29013, 178343, 0, 0
29013, 184495, 1, 0
29254, 190634, 0, 0
29254, 193265, 1, 0
29506, 178740, 0, 0
29506, 179204, 1, 0
29757, 218060, 0, 0
29757, 223011, 1, 0
30006, 211388, 0, 0
30006, 213960, 1, 0
30251, 179774, 0, 0
30251, 179130, 1, 0
30500, 193346, 0, 0
30500, 192489, 1, 0
30758, 186801, 0, 0
30758, 186886, 1, 0
31009, 150683, 0, 0
31009, 158645, 1, 0
31257, 192926, 0, 0
31257, 196092, 1, 0
31501, 191137, 0, 0
31501, 190398, 1, 0
31755, 160627, 0, 0
31755, 168174, 1, 0
32007, 173367, 0, 0
32007, 171683, 1, 0
32488, 175262, 0, 0
32488, 174312, 1, 0
32502, 440404, 1, 0
32751, 339153, 0, 0
32751, 342573, 1, 0
33000, 200005, 0, 0
33000, 203569, 1, 0
33258, 199166, 0, 0
33258, 196947, 1, 0
33507, 201043, 0, 0
33507, 205301, 1, 0
33758, 193167, 0, 0
33758, 190041, 1, 0
34001, 188867, 0, 0
34001, 186838, 1, 0
34253, 171996, 0, 0
34253, 171634, 1, 0
34504, 173876, 0, 0
34504, 174757, 1, 0
34761, 193397, 0, 0
34761, 191674, 1, 0
35004, 193133, 0, 0
35004, 202683, 1, 0
35252, 172005, 0, 0
35252, 178329, 1, 0
35507, 192243, 0, 0
35507, 188331, 1, 0
35751, 231519, 0, 0
35751, 228399, 1, 0
36010, 206783, 0, 0
36010, 199848, 1, 0
36253, 193822, 0, 0
36253, 210896, 1, 0
36504, 188083, 0, 0
36504, 190877, 1, 0
36750, 171374, 0, 0
36750, 168623, 1, 0
37002, 177640, 0, 0
37002, 175832, 1, 0
37250, 205154, 0, 0
37250, 206174, 1, 0
37504, 206344, 0, 0
37504, 200485, 1, 0
37753, 231494, 0, 0
37753, 241042, 1, 0
38003, 202806, 0, 0
38003, 205529, 1, 0
38252, 210777, 0, 0
38252, 212230, 1, 0
38501, 252575, 0, 0
38501, 252178, 1, 0
38768, 267002, 0, 0
38768, 265359, 1, 0
39004, 271906, 0, 0
39004, 265285, 1, 0
39263, 207595, 0, 0
39263, 205479, 1, 0
39505, 231484, 0, 0
39505, 225546, 1, 0
39750, 230424, 0, 0
39750, 236444, 1, 0
40002, 220683, 0, 0
40002, 224093, 1, 0
40348, 252714, 0, 0
40348, 285749, 1, 0
40515, 423970, 0, 0
40515, 424344, 1, 0
40758, 240516, 0, 0
40758, 233874, 1, 0
41000, 191022, 0, 0
41000, 198746, 1, 0
41269, 224643, 0, 0
41269, 224395, 1, 0
41507, 269091, 0, 0
41507, 253513, 1, 0
41760, 325157, 0, 0
41760, 329814, 1, 0
42001, 234874, 0, 0
42001, 228798, 1, 0
42266, 249202, 0, 0
42266, 249663, 1, 0
42502, 274582, 0, 0
42502, 274851, 1, 0
42753, 199751, 0, 0
42753, 202844, 1, 0
43002, 223448, 0, 0
43002, 223747, 1, 0
43260, 214309, 0, 0
43260, 212855, 1, 0
43503, 200274, 0, 0
43503, 207211, 1, 0
43753, 245321, 0, 0
43753, 244149, 1, 0
44005, 205622, 0, 0
44005, 196339, 1, 0
44286, 296094, 0, 0
44286, 277396, 1, 0
44516, 345752, 0, 0
44516, 316165, 1, 0
44750, 238374, 0, 0
44750, 238495, 1, 0
45014, 211040, 0, 0
45014, 209344, 1, 0
45274, 289943, 0, 0
45274, 294847, 1, 0
45505, 330974, 0, 0
45505, 331483, 1, 0
45761, 214105, 0, 0
45761, 213392, 1, 0
46000, 209098, 0, 0
46000, 214854, 1, 0
46256, 215346, 0, 0
46256, 216385, 1, 0
46502, 225592, 0, 0
46502, 222704, 1, 0
46756, 193652, 0, 0
46756, 193422, 1, 0
47008, 216567, 0, 0
47008, 217135, 1, 0
47269, 220672, 0, 0
47269, 223471, 1, 0
47504, 227946, 0, 0
47504, 220739, 1, 0
47757, 252390, 0, 0
47757, 246346, 1, 0
48006, 212473, 0, 0
48006, 210737, 1, 0
48261, 237705, 0, 0
48261, 243030, 1, 0
48502, 264226, 0, 0
48502, 261706, 1, 0
48751, 256309, 0, 0
48751, 254603, 1, 0
49001, 236714, 0, 0
49001, 239663, 1, 0
49261, 231928, 0, 0
49261, 231913, 1, 0
49501, 277006, 0, 0
49501, 273942, 1, 0
49756, 243916, 0, 0
49756, 247407, 1, 0
50008, 227634, 0, 0
50008, 215263, 1, 0
50260, 253886, 0, 0
50260, 256877, 1, 0
50501, 247466, 0, 0
50501, 254248, 1, 0
50754, 232958, 0, 0
50754, 230576, 1, 0
51118, 236990, 0, 0
51118, 224743, 1, 0
51257, 396031, 0, 0
51257, 400425, 1, 0
51504, 266192, 0, 0
51504, 280776, 1, 0
51752, 243522, 0, 0
51752, 250149, 1, 0
52001, 230473, 0, 0
52001, 231216, 1, 0
52250, 243268, 0, 0
52250, 245377, 1, 0
52502, 235795, 0, 0
52502, 242043, 1, 0
52751, 222251, 0, 0
52751, 226155, 1, 0
53001, 207603, 0, 0
53001, 210981, 1, 0
53256, 194661, 0, 0
53256, 194657, 1, 0
53505, 182022, 0, 0
53505, 180500, 1, 0
53760, 213905, 0, 0
53760, 212866, 1, 0
54000, 245477, 0, 0
54000, 267109, 1, 0
54253, 251833, 0, 0
54253, 254832, 1, 0
54503, 237792, 0, 0
54503, 235308, 1, 0
54755, 245849, 0, 0
54755, 245960, 1, 0
55004, 254635, 0, 0
55004, 242296, 1, 0
55252, 275474, 0, 0
55252, 286980, 1, 0
55532, 389782, 0, 0
55532, 422019, 1, 0
55760, 386385, 0, 0
55760, 342324, 1, 0
56100, 189786, 0, 0
56100, 156318, 1, 0
56255, 439187, 0, 0
56255, 445797, 1, 0
56503, 262583, 0, 0
56503, 224619, 1, 0
56769, 202156, 0, 0
56769, 202408, 1, 0
57001, 302646, 0, 0
57001, 315096, 1, 0
57252, 275650, 0, 0
57252, 260096, 1, 0
57507, 246204, 0, 0
57507, 242199, 1, 0
57752, 267010, 0, 0
57752, 264059, 1, 0
58012, 224639, 0, 0
58012, 225609, 1, 0
58253, 265380, 0, 0
58253, 259905, 1, 0
58501, 219139, 0, 0
58501, 216204, 1, 0
58759, 228381, 0, 0
58759, 227995, 1, 0
59003, 207232, 0, 0
59003, 213008, 1, 0
59259, 241962, 0, 0
59259, 239219, 1, 0
59510, 219213, 0, 0
59510, 216531, 1, 0
59757, 286386, 0, 0
59757, 286933, 1, 0
60006, 239397, 0, 0
60006, 238161, 1, 0
60006, 140521, 0, 0
60006, 152041, 1, 0
273, 270699, 0, 0
501, 260272, 0, 0
501, 241554, 1, 0
769, 259872, 0, 0
769, 261093, 1, 0
1028, 435372, 0, 0
1028, 397042, 1, 0
1254, 555263, 0, 0
1254, 490392, 1, 0
1502, 215699, 0, 0
1502, 217270, 1, 0
1755, 281330, 0, 0
1755, 293683, 1, 0
2001, 329646, 0, 0
2001, 315919, 1, 0
2253, 233460, 0, 0
2253, 245646, 1, 0
2515, 212820, 0, 0
2515, 215588, 1, 0
2750, 251305, 0, 0
2750, 260496, 1, 0
3000, 263518, 0, 0
3000, 260805, 1, 0
3251, 285141, 0, 0
3251, 274221, 1, 0
3536, 245845, 0, 0
3536, 234080, 1, 0
3752, 241650, 0, 0
3752, 238393, 1, 0
4014, 280394, 0, 0
4014, 264796, 1, 0
4251, 279072, 0, 0
4251, 280992, 1, 0
4500, 218393, 0, 0
4500, 223339, 1, 0
4753, 260011, 0, 0
4753, 262219, 1, 0
5014, 244723, 0, 0
5014, 249564, 1, 0
5250, 281010, 0, 0
5250, 264790, 1, 0
5607, 278663, 0, 0
5607, 265286, 1, 0
6000, 660168, 0, 0
6002, 801946, 1, 0
6263, 1016756, 0, 0
6263, 940312, 1, 0
6504, 901751, 0, 0
6504, 980216, 1, 0
6767, 415120, 0, 0
6767, 497178, 1, 0
7104, 590641, 0, 0
7104, 576477, 1, 0
7252, 810932, 0, 0
7252, 792450, 1, 0
7502, 791286, 0, 0
7502, 836784, 1, 0
7757, 777608, 0, 0
7757, 765775, 1, 0
8043, 785609, 0, 0
8043, 724466, 1, 0
8252, 967444, 0, 0
8252, 906305, 1, 0
8505, 667438, 0, 0
8505, 627872, 1, 0
8750, 270654, 0, 0
8750, 263675, 1, 0
9021, 248716, 0, 0
9021, 254212, 1, 0
9255, 281798, 0, 0
9255, 275940, 1, 0
9504, 397721, 0, 0
9504, 386118, 1, 0
9752, 362668, 0, 0
9752, 358829, 1, 0
10020, 246135, 0, 0
10020, 307248, 1, 0
10251, 335776, 0, 0
10251, 350239, 1, 0
10502, 305954, 0, 0
10502, 338800, 1, 0
10762, 382799, 0, 0
10762, 390101, 1, 0
11023, 417024, 0, 0
11023, 400709, 1, 0
11256, 320831, 0, 0
11256, 331534, 1, 0
11502, 299797, 0, 0
11502, 309924, 1, 0
11750, 308671, 0, 0
11750, 309235, 1, 0
12037, 266591, 0, 0
12037, 274835, 1, 0
12279, 261843, 0, 0
12279, 268055, 1, 0
12505, 224776, 0, 0
12505, 235488, 1, 0
12805, 356703, 0, 0
12805, 324489, 1, 0
13007, 537244, 0, 0
13007, 528245, 1, 0
13250, 326701, 0, 0
13250, 361822, 1, 0
13508, 284743, 0, 0
13508, 282328, 1, 0
13808, 228550, 0, 0
13808, 223794, 1, 0
14030, 346557, 0, 0
14030, 334096, 1, 0
14253, 286710, 0, 0
14253, 299697, 1, 0
14501, 297593, 0, 0
14501, 291672, 1, 0
14757, 230553, 0, 0
14757, 240823, 1, 0
15009, 245970, 0, 0
15009, 250745, 1, 0
15250, 232908, 0, 0
15250, 223559, 1, 0
15501, 222531, 0, 0
15501, 216694, 1, 0
15756, 222167, 0, 0
15756, 218183, 1, 0
16038, 308212, 0, 0
16038, 329271, 1, 0
16359, 409392, 0, 0
16359, 427560, 1, 0
16506, 624768, 0, 0
16506, 605387, 1, 0
16758, 553534, 0, 0
16758, 577475, 1, 0
17017, 600511, 0, 0
17017, 669316, 1, 0
17258, 432975, 0, 0
17258, 410609, 1, 0
17503, 263295, 0, 0
17503, 262010, 1, 0
17753, 323240, 0, 0
17753, 314219, 1, 0
18006, 447319, 0, 0
18006, 438337, 1, 0
18329, 577358, 0, 0
18329, 596219, 1, 0
18507, 516271, 0, 0
18507, 537023, 1, 0
18790, 264967, 0, 0
18790, 285141, 1, 0
19006, 301230, 0, 0
19006, 311863, 1, 0
19268, 263368, 0, 0
19268, 261335, 1, 0
19501, 233076, 0, 0
19501, 239024, 1, 0
19759, 244211, 0, 0
19759, 247498, 1, 0
20003, 271505, 0, 0
20003, 265346, 1, 0
20257, 225576, 0, 0
20257, 233905, 1, 0
20502, 245926, 0, 0
20502, 244820, 1, 0
20753, 246854, 0, 0
20753, 240632, 1, 0
21001, 246961, 0, 0
21001, 248629, 1, 0
21267, 237094, 0, 0
21267, 246608, 1, 0
21508, 280275, 0, 0
21508, 282681, 1, 0
21756, 321605, 0, 0
21756, 326429, 1, 0
22006, 330014, 0, 0
22006, 339474, 1, 0
22253, 293892, 0, 0
22253, 290174, 1, 0
22547, 398121, 0, 0
22547, 439617, 1, 0
22821, 685808, 0, 0
22821, 658861, 1, 0
23001, 801901, 0, 0
23001, 810847, 1, 0
23251, 697767, 0, 0
23251, 648759, 1, 0
23500, 298790, 0, 0
23500, 316461, 1, 0
23754, 298924, 0, 0
23754, 311503, 1, 0
24007, 264392, 0, 0
24007, 269600, 1, 0
24252, 280932, 0, 0
24252, 280914, 1, 0
24522, 295383, 0, 0
24522, 296502, 1, 0
24759, 327532, 0, 0
24759, 325788, 1, 0
25003, 262669, 0, 0
25003, 266670, 1, 0
25251, 366738, 0, 0
25251, 385192, 1, 0
25576, 402816, 0, 0
25576, 409405, 1, 0
25759, 428655, 0, 0
25759, 459500, 1, 0
26003, 302077, 0, 0
26003, 258064, 1, 0
26331, 319966, 0, 0
26331, 301493, 1, 0
26504, 480029, 0, 0
26504, 491822, 1, 0
26881, 418762, 0, 0
26881, 456331, 1, 0
27031, 555983, 0, 0
27031, 528608, 1, 0
27254, 653849, 0, 0
27254, 672154, 1, 0
27502, 449888, 0, 0
27502, 490039, 1, 0
27771, 352482, 0, 0
27771, 351525, 1, 0
28043, 366155, 0, 0
28043, 363533, 1, 0
28320, 387030, 0, 0
28320, 384505, 1, 0
28515, 486984, 0, 0
28515, 486428, 1, 0
28767, 603571, 0, 0
28767, 584669, 1, 0
29013, 583667, 0, 0
29013, 612311, 1, 0
29395, 586012, 0, 0
29395, 571293, 1, 0
29545, 884772, 1, 0
29865, 769115, 0, 0
29865, 784344, 1, 0
30075, 978157, 0, 0
30075, 1086226, 1, 0
30254, 953267, 0, 0
30254, 1054257, 1, 0
30500, 725616, 0, 0
30500, 903769, 1, 0
30758, 1025307, 0, 0
30758, 1041449, 1, 0
31019, 1076642, 0, 0
31019, 1048392, 1, 0
31366, 914524, 0, 0
31366, 840089, 1, 0
31573, 665729, 0, 0
31573, 674582, 1, 0
31801, 701721, 0, 0
31801, 762367, 1, 0
32197, 874400, 0, 0
32197, 772679, 1, 0
32502, 1330656, 1, 0
32505, 1318307, 0, 0
32783, 1424764, 0, 0
32783, 1558809, 1, 0
33025, 1554530, 0, 0
33025, 1565805, 1, 0
33274, 1552660, 0, 0
33274, 1536854, 1, 0
33507, 777058, 0, 0
33507, 992819, 1, 0
33769, 599838, 0, 0
33769, 597992, 1, 0
34079, 678205, 0, 0
34079, 548991, 1, 0
34288, 798778, 0, 0
34288, 765159, 1, 0
34533, 954341, 0, 0
34533, 934269, 1, 0
34751, 821023, 0, 0
34751, 793832, 1, 0
35099, 470249, 0, 0
35099, 517648, 1, 0
35322, 649523, 0, 0
35322, 648837, 1, 0
35597, 822365, 0, 0
35597, 840942, 1, 0
35822, 905935, 0, 0
35822, 918614, 1, 0
36011, 1013018, 0, 0
36011, 915179, 1, 0
36264, 621124, 0, 0
36264, 670381, 1, 0
36670, 468742, 0, 0
36670, 519161, 1, 0
36761, 666775, 0, 0
37032, 750557, 0, 0
37032, 764200, 1, 0
37342, 936124, 0, 0
37342, 909253, 1, 0
37505, 914775, 0, 0
37505, 794188, 1, 0
37754, 450833, 0, 0
37754, 483012, 1, 0
38003, 458146, 0, 0
38003, 445683, 1, 0
38251, 302021, 0, 0
38251, 350411, 1, 0
38502, 332790, 0, 0
38502, 332781, 1, 0
38766, 361889, 0, 0
38766, 368596, 1, 0
39003, 382959, 0, 0
39003, 396665, 1, 0
39261, 395578, 0, 0
39261, 400490, 1, 0
39506, 344884, 0, 0
39506, 346210, 1, 0
39761, 297340, 0, 0
39761, 305736, 1, 0
40014, 296490, 0, 0
40014, 304201, 1, 0
40359, 346100, 0, 0
40359, 369336, 1, 0
40512, 524740, 0, 0
40512, 530812, 1, 0
40755, 524219, 0, 0
40755, 533344, 1, 0
41002, 381173, 0, 0
41002, 390917, 1, 0
41250, 331558, 0, 0
41250, 325689, 1, 0
41506, 239459, 0, 0
41506, 238362, 1, 0
41758, 231774, 0, 0
41758, 232555, 1, 0
42002, 254495, 0, 0
42002, 244112, 1, 0
42251, 299463, 0, 0
42251, 300305, 1, 0
42521, 296508, 0, 0
42521, 305378, 1, 0
42754, 322118, 0, 0
42754, 329846, 1, 0
43003, 336648, 0, 0
43003, 344024, 1, 0
43251, 325429, 0, 0
43251, 328230, 1, 0
43502, 264774, 0, 0
43502, 283899, 1, 0
43752, 287981, 0, 0
43752, 259499, 1, 0
44015, 351407, 0, 0
44015, 360288, 1, 0
44286, 276815, 0, 0
44286, 275098, 1, 0
44504, 443249, 0, 0
44504, 449921, 1, 0
44751, 392675, 0, 0
44751, 459988, 1, 0
45012, 280341, 0, 0
45012, 279558, 1, 0
45274, 251865, 0, 0
45274, 263515, 1, 0
45515, 300708, 0, 0
45515, 294326, 1, 0
45781, 361344, 0, 0
45781, 328893, 1, 0
46013, 476518, 0, 0
46013, 487764, 1, 0
46309, 436976, 0, 0
46309, 421455, 1, 0
46572, 584076, 0, 0
46572, 582038, 1, 0
46758, 768483, 0, 0
46758, 778179, 1, 0
47008, 638133, 0, 0
47008, 690947, 1, 0
47269, 254100, 0, 0
47269, 243217, 1, 0
47504, 280008, 0, 0
47504, 280163, 1, 0
47757, 266274, 0, 0
47757, 272485, 1, 0
48044, 317400, 0, 0
48044, 297863, 1, 0
48259, 507719, 0, 0
48259, 515510, 1, 0
48502, 321283, 0, 0
48502, 317209, 1, 0
48751, 271044, 0, 0
48751, 275538, 1, 0
49001, 339922, 0, 0
49001, 335197, 1, 0
49261, 319783, 0, 0
49261, 334848, 1, 0
49501, 262557, 0, 0
49501, 265910, 1, 0
49756, 308360, 0, 0
49756, 296320, 1, 0
50011, 320628, 0, 0
50011, 328164, 1, 0
50251, 326300, 0, 0
50251, 325509, 1, 0
50500, 261599, 0, 0
50500, 254621, 1, 0
50761, 225656, 0, 0
50761, 220274, 1, 0
51119, 236691, 0, 0
51119, 219040, 1, 0
51257, 440908, 0, 0
51257, 484607, 1, 0
51516, 526067, 0, 0
51516, 515375, 1, 0
51768, 370504, 0, 0
51768, 366254, 1, 0
52008, 345669, 0, 0
52008, 363785, 1, 0
52273, 328864, 0, 0
52273, 334377, 1, 0
52502, 335131, 0, 0
52502, 335376, 1, 0
52787, 320513, 0, 0
52787, 313727, 1, 0
53013, 399418, 0, 0
53013, 400902, 1, 0
53256, 391667, 0, 0
53256, 424122, 1, 0
53504, 484952, 0, 0
53504, 486484, 1, 0
53771, 676771, 0, 0
53771, 706297, 1, 0
54000, 815818, 0, 0
54000, 819322, 1, 0
54332, 886184, 0, 0
54332, 857011, 1, 0
54587, 770409, 0, 0
54587, 875032, 1, 0
54817, 759337, 0, 0
54817, 760545, 1, 0
55005, 569161, 0, 0
55005, 673738, 1, 0
55532, 383454, 0, 0
55532, 411004, 1, 0
55551, 635321, 1, 0
55814, 662136, 0, 0
55814, 676226, 1, 0
56100, 1034932, 0, 0
56100, 812328, 1, 0
56255, 1087925, 0, 0
56255, 1041451, 1, 0
56539, 839377, 0, 0
56539, 763691, 1, 0
56759, 919169, 0, 0
56759, 895769, 1, 0
57001, 649898, 0, 0
57001, 629801, 1, 0
57263, 370582, 0, 0
57263, 364574, 1, 0
57520, 409553, 0, 0
57520, 400057, 1, 0
57780, 396819, 0, 0
57780, 403411, 1, 0
58020, 409018, 0, 0
58020, 434330, 1, 0
58288, 602354, 0, 0
58288, 623410, 1, 0
58528, 792679, 0, 0
58528, 851376, 1, 0
58848, 838564, 0, 0
58848, 919520, 1, 0
59034, 1045278, 0, 0
59034, 1206849, 1, 0
59259, 979419, 0, 0
59259, 1046559, 1, 0
59554, 809146, 0, 0
59554, 776430, 1, 0
59806, 663571, 0, 0
59806, 658501, 1, 0
60013, 796784, 0, 0
60013, 810520, 1, 0
60013, 519000, 0, 0
60013, 530875, 1, 0
251, 164726, 0, 0
251, 156036, 1, 0
510, 140411, 0, 0
510, 130099, 1, 0
756, 216799, 0, 0
756, 218882, 1, 0
1015, 293983, 0, 0
1015, 272977, 1, 0
1254, 241525, 0, 0
1254, 249580, 1, 0
1513, 265026, 0, 0
1513, 264238, 1, 0
1750, 271005, 0, 0
1750, 281104, 1, 0
2004, 306580, 0, 0
2004, 302352, 1, 0
2253, 273677, 0, 0
2253, 274514, 1, 0
2516, 266155, 0, 0
2516, 269407, 1, 0
2751, 276943, 0, 0
2751, 287960, 1, 0
3002, 266487, 0, 0
3002, 254434, 1, 0
3251, 210877, 0, 0
3251, 218757, 1, 0
3508, 227343, 0, 0
3508, 229480, 1, 0
3752, 268075, 0, 0
3752, 265583, 1, 0
4001, 218509, 0, 0
4001, 199229, 1, 0
4260, 231919, 0, 0
4260, 226554, 1, 0
4515, 228764, 0, 0
4515, 228044, 1, 0
4754, 205784, 0, 0
4754, 209874, 1, 0
5003, 280585, 0, 0
5003, 295559, 1, 0
5250, 250257, 0, 0
5250, 250920, 1, 0
5517, 288529, 0, 0
5517, 285521, 1, 0
5998, 302086, 0, 0
5998, 279178, 1, 0
6011, 567704, 1, 0
6251, 511782, 0, 0
6251, 510393, 1, 0
6501, 247745, 0, 0
6501, 240466, 1, 0
6767, 253610, 0, 0
6767, 253789, 1, 0
7007, 261901, 0, 0
7007, 257238, 1, 0
7260, 226684, 0, 0
7260, 236791, 1, 0
7503, 303625, 0, 0
7503, 301693, 1, 0
7757, 264997, 0, 0
7757, 262285, 1, 0
8009, 230920, 0, 0
8009, 227842, 1, 0
8254, 272404, 0, 0
8254, 283228, 1, 0
8506, 273381, 0, 0
8506, 281777, 1, 0
8761, 280255, 0, 0
8761, 293847, 1, 0
9002, 200478, 0, 0
9002, 211907, 1, 0
9258, 207759, 0, 0
9258, 207855, 1, 0
9504, 201111, 0, 0
9504, 206259, 1, 0
9764, 235621, 0, 0
9764, 215493, 1, 0
10002, 281118, 0, 0
10002, 280274, 1, 0
10262, 254594, 0, 0
10262, 251675, 1, 0
10513, 234513, 0, 0
10513, 247356, 1, 0
10758, 253674, 0, 0
10758, 250369, 1, 0
11002, 207353, 0, 0
11002, 205562, 1, 0
11256, 205970, 0, 0
11256, 206119, 1, 0
11502, 161223, 0, 0
11502, 161719, 1, 0
11768, 225352, 0, 0
11768, 242505, 1, 0
12001, 314411, 0, 0
12001, 320113, 1, 0
12252, 295161, 0, 0
12252, 293830, 1, 0
12502, 233491, 0, 0
12502, 240670, 1, 0
12750, 210430, 0, 0
12750, 214962, 1, 0
13005, 249819, 0, 0
13005, 241222, 1, 0
13261, 276783, 0, 0
13261, 278572, 1, 0
13508, 255702, 0, 0
13508, 233341, 1, 0
13807, 213975, 0, 0
13807, 226844, 1, 0
14000, 342227, 0, 0
14000, 347437, 1, 0
14253, 282871, 0, 0
14253, 283383, 1, 0
14525, 278730, 0, 0
14525, 278823, 1, 0
14757, 265871, 0, 0
14757, 285197, 1, 0
15006, 259224, 0, 0
15006, 259478, 1, 0
15251, 292838, 0, 0
15251, 301354, 1, 0
15511, 214254, 0, 0
15511, 229367, 1, 0
15806, 233280, 0, 0
15806, 234738, 1, 0
16002, 320664, 0, 0
16002, 303930, 1, 0
16259, 424999, 0, 0
16259, 420071, 1, 0
16507, 355017, 0, 0
16507, 355604, 1, 0
16757, 374664, 0, 0
16757, 410723, 1, 0
17003, 496622, 0, 0
17003, 446944, 1, 0
17258, 398458, 0, 0
17258, 391958, 1, 0
17501, 274162, 0, 0
17501, 282012, 1, 0
17754, 303077, 0, 0
17754, 315166, 1, 0
18007, 364298, 0, 0
18007, 384836, 1, 0
18292, 273588, 0, 0
18292, 277274, 1, 0
18505, 361055, 0, 0
18505, 366489, 1, 0
18755, 507787, 0, 0
18755, 511691, 1, 0
19005, 574618, 0, 0
19005, 565954, 1, 0
19250, 292498, 0, 0
19250, 333966, 1, 0
19551, 291957, 0, 0
19551, 288624, 1, 0
19754, 413081, 0, 0
19754, 444979, 1, 0
20006, 389029, 0, 0
20006, 394947, 1, 0
20278, 425379, 0, 0
20278, 364703, 1, 0
20502, 531310, 0, 0
20502, 528450, 1, 0
20772, 552719, 0, 0
20772, 509264, 1, 0
21014, 431468, 0, 0
21014, 437075, 1, 0
21268, 387498, 0, 0
21268, 396753, 1, 0
21500, 359790, 0, 0
21500, 350263, 1, 0
21756, 348881, 0, 0
21756, 352241, 1, 0
22018, 381505, 0, 0
22018, 378307, 1, 0
22263, 272039, 0, 0
22263, 300778, 1, 0
22536, 365922, 0, 0
22536, 370912, 1, 0
22759, 541921, 0, 0
22759, 548403, 1, 0
23004, 550936, 0, 0
23004, 574431, 1, 0
23276, 277362, 0, 0
23276, 264268, 1, 0
23500, 387906, 0, 0
23500, 388464, 1, 0
23754, 375042, 0, 0
23754, 379893, 1, 0
24007, 289066, 0, 0
24007, 284994, 1, 0
24253, 350557, 0, 0
24253, 368377, 1, 0
24510, 347803, 0, 0
24510, 362933, 1, 0
24759, 259126, 0, 0
24759, 270272, 1, 0
25003, 284327, 0, 0
25003, 291545, 1, 0
25251, 248605, 0, 0
25251, 345225, 1, 0
25575, 401558, 0, 0
25575, 377599, 1, 0
25768, 474651, 0, 0
25768, 542323, 1, 0
26002, 325217, 0, 0
26002, 354608, 1, 0
26318, 303602, 0, 0
26318, 287360, 1, 0
26506, 389777, 0, 0
26506, 386198, 1, 0
26872, 331197, 0, 0
26872, 326707, 1, 0
27029, 559487, 0, 0
27029, 526895, 1, 0
27255, 649192, 0, 0
27255, 691531, 1, 0
27503, 545529, 0, 0
27503, 496690, 1, 0
27760, 293393, 0, 0
27760, 290741, 1, 0
28015, 359094, 0, 0
28015, 328722, 1, 0
28321, 419633, 0, 0
28321, 420139, 1, 0
28533, 599737, 1, 0
28841, 771675, 0, 0
28841, 687214, 1, 0
29001, 888095, 0, 0
29001, 902041, 1, 0
29372, 831778, 0, 0
29372, 774828, 1, 0
29543, 861441, 0, 0
29543, 1008399, 1, 0
29865, 829161, 0, 0
29865, 858389, 1, 0
30057, 1033048, 0, 0
30057, 974229, 1, 0
30263, 1153399, 0, 0
30263, 1154750, 1, 0
30500, 1050551, 0, 0
30500, 1086279, 1, 0
30874, 1049134, 0, 0
30874, 1053466, 1, 0
31018, 972322, 0, 0
31018, 908645, 1, 0
31348, 1011261, 0, 0
31348, 998504, 1, 0
31571, 968384, 0, 0
31571, 1006652, 1, 0
31801, 1192160, 0, 0
31801, 977299, 1, 0
32196, 1225055, 0, 0
32196, 1183915, 1, 0
32488, 1608411, 1, 0
32503, 1618594, 0, 0
32782, 1692183, 0, 0
32782, 1666412, 1, 0
33025, 1619005, 0, 0
33025, 1613917, 1, 0
33272, 1711424, 0, 0
33272, 1510383, 1, 0
33507, 743248, 0, 0
33507, 869311, 1, 0
33768, 533038, 0, 0
33768, 645780, 1, 0
34066, 632057, 0, 0
34066, 656361, 1, 0
34276, 787555, 0, 0
34276, 769742, 1, 0
34515, 917865, 0, 0
34515, 914536, 1, 0
34753, 754031, 0, 0
34753, 759394, 1, 0
35099, 474350, 0, 0
35099, 469310, 1, 0
35320, 631952, 1, 0
35588, 810689, 0, 0
35588, 839807, 1, 0
35807, 931853, 0, 0
35807, 1022558, 1, 0
36000, 1103261, 0, 0
36000, 1124727, 1, 0
36253, 518822, 0, 0
36253, 590427, 1, 0
36668, 284942, 0, 0
36668, 320850, 1, 0
36760, 613170, 0, 0
37022, 655894, 0, 0
37022, 720072, 1, 0
37332, 808787, 0, 0
37332, 799464, 1, 0
37504, 587234, 0, 0
37504, 571183, 1, 0
37752, 407294, 0, 0
37752, 411844, 1, 0
38003, 451737, 0, 0
38003, 445987, 1, 0
38251, 360484, 0, 0
38251, 362101, 1, 0
38500, 311341, 0, 0
38500, 320787, 1, 0
38754, 278253, 0, 0
38754, 281058, 1, 0
39003, 174912, 0, 0
39003, 196946, 1, 0
39252, 214238, 0, 0
39252, 224789, 1, 0
39508, 268516, 0, 0
39508, 283660, 1, 0
39756, 330106, 0, 0
39756, 335616, 1, 0
40024, 327766, 0, 0
40024, 337326, 1, 0
40314, 293292, 0, 0
40314, 304702, 1, 0
40503, 351501, 0, 0
40503, 364435, 1, 0
40757, 383959, 0, 0
40757, 352798, 1, 0
41000, 309578, 0, 0
41000, 312987, 1, 0
41258, 321221, 0, 0
41258, 319962, 1, 0
41507, 289453, 0, 0
41507, 289030, 1, 0
41758, 245928, 0, 0
41758, 247673, 1, 0
42000, 380357, 0, 0
42000, 360532, 1, 0
42265, 383592, 0, 0
42265, 380387, 1, 0
42509, 314727, 0, 0
42509, 317292, 1, 0
42755, 299033, 0, 0
42755, 307233, 1, 0
43004, 286424, 0, 0
43004, 292544, 1, 0
43255, 360259, 0, 0
43255, 357500, 1, 0
43503, 329471, 0, 0
43503, 339759, 1, 0
43760, 315070, 0, 0
43760, 317470, 1, 0
44003, 280816, 0, 0
44003, 298906, 1, 0
44286, 181229, 0, 0
44286, 191234, 1, 0
44511, 259875, 0, 0
44511, 258713, 1, 0
44815, 386363, 0, 0
44815, 384112, 1, 0
45085, 392667, 0, 0
45085, 394274, 1, 0
45250, 454183, 0, 0
45250, 457200, 1, 0
45505, 246612, 0, 0
45505, 205665, 1, 0
45750, 278442, 0, 0
45750, 266598, 1, 0
46011, 333134, 0, 0
46011, 386128, 1, 0
46256, 350444, 0, 0
46256, 311658, 1, 0
46502, 213508, 0, 0
46502, 213722, 1, 0
46755, 220815, 0, 0
46755, 224666, 1, 0
47003, 232696, 0, 0
47003, 240552, 1, 0
47251, 452406, 0, 0
47251, 400701, 1, 0
47565, 567068, 0, 0
47565, 562076, 1, 0
47777, 716368, 1, 0
48006, 486322, 0, 0
48006, 543705, 1, 0
48273, 266424, 0, 0
48273, 257381, 1, 0
48502, 347747, 0, 0
48502, 342948, 1, 0
48751, 345478, 0, 0
48751, 332259, 1, 0
49000, 334542, 0, 0
49000, 330710, 1, 0
49271, 303938, 0, 0
49271, 307207, 1, 0
49514, 273534, 0, 0
49514, 261009, 1, 0
49756, 290667, 0, 0
49756, 324422, 1, 0
50020, 359719, 0, 0
50020, 362834, 1, 0
50252, 380918, 0, 0
50252, 388945, 1, 0
50500, 310338, 0, 0
50500, 289390, 1, 0
50750, 247759, 0, 0
50750, 254715, 1, 0
51118, 274291, 0, 0
51118, 284622, 1, 0
51257, 485127, 0, 0
51257, 486485, 1, 0
51507, 369251, 0, 0
51507, 432279, 1, 0
51768, 327018, 0, 0
51768, 326919, 1, 0
52009, 348878, 0, 0
52009, 362695, 1, 0
52264, 347952, 0, 0
52264, 349230, 1, 0
52502, 338392, 0, 0
52502, 334715, 1, 0
52787, 289011, 0, 0
52787, 313150, 1, 0
53012, 378524, 0, 0
53012, 379237, 1, 0
53256, 384641, 0, 0
53256, 360576, 1, 0
53505, 415449, 0, 0
53505, 564301, 1, 0
53751, 584809, 0, 0
53751, 550470, 1, 0
54000, 774460, 0, 0
54000, 745754, 1, 0
54304, 835127, 0, 0
54304, 860869, 1, 0
54630, 802944, 0, 0
54630, 777625, 1, 0
54820, 716889, 0, 0
54820, 773187, 1, 0
55005, 705055, 0, 0
55005, 732378, 1, 0
55372, 360905, 0, 0
55372, 390609, 1, 0
55549, 619305, 0, 0
55814, 671739, 0, 0
55814, 658300, 1, 0
56100, 1052479, 0, 0
56250, 1115478, 0, 0
56250, 1093724, 1, 0
56540, 925124, 0, 0
56540, 888306, 1, 0
56770, 766576, 0, 0
56770, 798659, 1, 0
57000, 707850, 0, 0
57000, 702510, 1, 0
57263, 297874, 0, 0
57263, 380992, 1, 0
57500, 309470, 0, 0
57500, 292201, 1, 0
57797, 251703, 0, 0
57797, 265758, 1, 0
58000, 431446, 0, 0
58000, 389179, 1, 0
58406, 618896, 0, 0
58406, 633063, 1, 0
58528, 948821, 0, 0
58528, 977347, 1, 0
58848, 1012069, 0, 0
58848, 1050352, 1, 0
59048, 1232142, 1, 0
59250, 1056734, 0, 0
59250, 1048595, 1, 0
59543, 721131, 0, 0
59543, 741991, 1, 0
59806, 557796, 0, 0
59806, 587801, 1, 0
60015, 834371, 0, 0
60015, 736037, 1, 0
60015, 589032, 0, 0
60015, 485024, 1, 0
348, 342559, 0, 0
502, 270915, 0, 0
502, 264345, 1, 0
756, 327760, 0, 0
756, 336799, 1, 0
1004, 407480, 0, 0
1004, 416878, 1, 0
1321, 395036, 0, 0
1321, 419647, 1, 0
1587, 469492, 0, 0
1587, 436996, 1, 0
1799, 682525, 0, 0
1799, 695683, 1, 0
2023, 739216, 0, 0
2023, 759877, 1, 0
2256, 578551, 0, 0
2256, 504782, 1, 0
2550, 386034, 0, 0
2550, 390732, 1, 0
2826, 452196, 0, 0
2826, 424311, 1, 0
3029, 499095, 0, 0
3029, 517848, 1, 0
3261, 437452, 0, 0
3261, 429653, 1, 0
3544, 419640, 0, 0
3544, 397476, 1, 0
3797, 537865, 0, 0
3797, 589134, 1, 0
4017, 702042, 0, 0
4017, 700233, 1, 0
4266, 690137, 0, 0
4266, 704239, 1, 0
4509, 579192, 0, 0
4509, 542760, 1, 0
4762, 506016, 0, 0
4762, 507112, 1, 0
5006, 429988, 0, 0
5006, 429533, 1, 0
5251, 423221, 0, 0
5251, 418847, 1, 0
5852, 398251, 0, 0
5852, 512441, 1, 0
5959, 1028504, 0, 0
6000, 1005709, 0, 0
6000, 1014303, 1, 0
6257, 975733, 0, 0
6257, 972294, 1, 0
6504, 620450, 0, 0
6504, 426365, 1, 0
6760, 422356, 0, 0
6760, 423684, 1, 0
7007, 371412, 0, 0
7007, 376290, 1, 0
7281, 387402, 0, 0
7281, 383729, 1, 0
7674, 385616, 0, 0
7674, 546611, 1, 0
7940, 983169, 0, 0
8009, 993042, 0, 0
8009, 988637, 1, 0
8252, 1018566, 0, 0
8252, 1009295, 1, 0
8513, 624352, 0, 0
8513, 601665, 1, 0
8754, 409870, 0, 0
8754, 408705, 1, 0
9000, 434497, 0, 0
9000, 451384, 1, 0
9259, 449609, 0, 0
9259, 444237, 1, 0
9501, 568728, 1, 0
9755, 684410, 0, 0
9755, 815224, 1, 0
10010, 828767, 0, 0
10010, 829695, 1, 0
10255, 824920, 0, 0
10255, 793820, 1, 0
10503, 501432, 0, 0
10503, 482487, 1, 0
10750, 456406, 0, 0
10750, 444844, 1, 0
11003, 464405, 0, 0
11003, 470133, 1, 0
11741, 595233, 0, 0
11741, 532817, 1, 0
11772, 1096215, 1, 0
11774, 1087148, 1, 0
12015, 1067229, 0, 0
12015, 1080369, 1, 0
12273, 1095048, 0, 0
12273, 1104536, 1, 0
12500, 525831, 0, 0
12500, 534931, 1, 0
12759, 471179, 0, 0
12759, 469518, 1, 0
13008, 461950, 0, 0
13008, 474896, 1, 0
13638, 427350, 0, 0
13638, 463251, 1, 0
13674, 867132, 0, 0
13750, 843938, 0, 0
13750, 864686, 1, 0
14000, 852294, 0, 0
14000, 854181, 1, 0
14279, 443027, 0, 0
14279, 556629, 1, 0
14501, 487775, 0, 0
14501, 480475, 1, 0
14752, 470879, 0, 0
14752, 487836, 1, 0
15002, 480070, 0, 0
15002, 503471, 1, 0
15505, 576585, 0, 0
15505, 503502, 1, 0
15556, 892635, 0, 0
15769, 860300, 0, 0
15769, 868868, 1, 0
16001, 605974, 0, 0
16001, 741611, 1, 0
16543, 393814, 0, 0
16543, 463080, 1, 0
16547, 756650, 0, 0
16750, 832430, 0, 0
16750, 861469, 1, 0
17000, 908836, 0, 0
17000, 915241, 1, 0
17257, 478012, 0, 0
17257, 469119, 1, 0
17508, 412522, 0, 0
17508, 395130, 1, 0
17761, 470427, 0, 0
17761, 483567, 1, 0
18009, 452368, 0, 0
18009, 443368, 1, 0
18267, 466892, 0, 0
18267, 471988, 1, 0
18520, 550892, 0, 0
18520, 772573, 1, 0
18750, 769543, 0, 0
18750, 745730, 1, 0
19048, 484627, 0, 0
19048, 485878, 1, 0
19251, 471124, 0, 0
19251, 519901, 1, 0
19632, 756458, 0, 0
19767, 956587, 0, 0
19767, 917944, 1, 0
20030, 953744, 0, 0
20030, 945908, 1, 0
20260, 667148, 0, 0
20260, 680303, 1, 0
20505, 424850, 0, 0
20505, 434600, 1, 0
20755, 368740, 0, 0
20755, 379253, 1, 0
21018, 292407, 0, 0
21018, 310316, 1, 0
21505, 372978, 0, 0
21505, 316377, 1, 0
21513, 740800, 0, 0
21757, 827033, 0, 0
21757, 836715, 1, 0
22236, 834023, 0, 0
22236, 735572, 1, 0
22250, 620397, 0, 0
22250, 626781, 1, 0
22516, 751495, 0, 0
22516, 815308, 1, 0
22785, 637791, 0, 0
22785, 704919, 1, 0
23000, 396501, 0, 0
23000, 384037, 1, 0
23261, 471802, 0, 0
23261, 483396, 1, 0
23502, 504452, 0, 0
23502, 514006, 1, 0
23755, 456944, 0, 0
23755, 458182, 1, 0
24007, 319498, 0, 0
24007, 317933, 1, 0
24250, 344866, 0, 0
24250, 354624, 1, 0
24539, 318269, 0, 0
24539, 335404, 1, 0
24758, 380137, 0, 0
24758, 390433, 1, 0
25014, 332258, 0, 0
25014, 334512, 1, 0
25259, 230099, 0, 0
25259, 234947, 1, 0
25507, 293050, 0, 0
25507, 379842, 1, 0
25751, 419485, 0, 0
25751, 465698, 1, 0
26025, 404869, 0, 0
26025, 403947, 1, 0
26250, 289634, 0, 0
26250, 280454, 1, 0
26523, 250739, 0, 0
26523, 252958, 1, 0
26793, 354912, 0, 0
26793, 343137, 1, 0
27073, 392960, 0, 0
27073, 357633, 1, 0
27252, 511702, 0, 0
27252, 512144, 1, 0
27573, 450421, 0, 0
27573, 446696, 1, 0
27755, 438437, 0, 0
27755, 433387, 1, 0
28273, 379357, 0, 0
28273, 366202, 1, 0
28275, 558158, 1, 0
28500, 658257, 0, 0
28500, 666641, 1, 0
28754, 673705, 0, 0
28754, 676859, 1, 0
29010, 391108, 0, 0
29010, 381947, 1, 0
29257, 382317, 0, 0
29257, 374172, 1, 0
29507, 396343, 0, 0
29507, 396045, 1, 0
29751, 355821, 0, 0
29751, 360297, 1, 0
30011, 384864, 0, 0
30011, 401763, 1, 0
30264, 403985, 0, 0
30264, 393136, 1, 0
30512, 322825, 0, 0
30512, 326835, 1, 0
30752, 475558, 0, 0
30752, 476577, 1, 0
31002, 385180, 0, 0
31002, 368779, 1, 0
31375, 261728, 0, 0
31375, 279963, 1, 0
31500, 430467, 0, 0
31500, 425752, 1, 0
31758, 397370, 0, 0
31758, 401329, 1, 0
32000, 283001, 0, 0
32000, 276853, 1, 0
32252, 300915, 0, 0
32252, 307070, 1, 0
32506, 272345, 0, 0
32506, 273598, 1, 0
32753, 255773, 0, 0
32753, 259679, 1, 0
33322, 344368, 0, 0
33322, 289912, 1, 0
33328, 711319, 1, 0
33585, 782196, 0, 0
33585, 774107, 1, 0
33754, 857694, 0, 0
33754, 868096, 1, 0
34034, 487324, 0, 0
34034, 391289, 1, 0
34254, 489915, 0, 0
34254, 507413, 1, 0
34509, 628984, 0, 0
34509, 614609, 1, 0
34750, 381503, 0, 0
34750, 338656, 1, 0
35003, 327268, 0, 0
35003, 329407, 1, 0
35264, 326481, 0, 0
35264, 341403, 1, 0
35512, 271676, 0, 0
35512, 264478, 1, 0
35750, 270043, 0, 0
35750, 275365, 1, 0
36230, 388066, 0, 0
36230, 252414, 1, 0
36256, 668246, 1, 0
36505, 732575, 0, 0
36505, 745239, 1, 0
36753, 539844, 0, 0
36753, 548191, 1, 0
37010, 418556, 0, 0
37010, 413741, 1, 0
37273, 354268, 0, 0
37273, 336602, 1, 0
37503, 323026, 0, 0
37503, 342667, 1, 0
37759, 303469, 0, 0
37759, 305616, 1, 0
38005, 268579, 0, 0
38005, 279975, 1, 0
38271, 294742, 0, 0
38271, 303202, 1, 0
38505, 339232, 0, 0
38505, 341232, 1, 0
38760, 370656, 0, 0
38760, 356237, 1, 0
39003, 405542, 0, 0
39003, 402469, 1, 0
39257, 328576, 0, 0
39257, 323896, 1, 0
39510, 340455, 0, 0
39510, 337105, 1, 0
39811, 331480, 0, 0
39811, 313010, 1, 0
40077, 449415, 0, 0
40077, 387940, 1, 0
40321, 633038, 0, 0
40321, 576935, 1, 0
40509, 746311, 0, 0
40509, 746574, 1, 0
40752, 382351, 0, 0
40752, 401266, 1, 0
41001, 289547, 0, 0
41001, 289052, 1, 0
41255, 279423, 0, 0
41255, 269771, 1, 0
41506, 316615, 0, 0
41506, 315657, 1, 0
41762, 310373, 0, 0
41762, 291031, 1, 0
42012, 353056, 0, 0
42012, 348026, 1, 0
42253, 327242, 0, 0
42253, 316182, 1, 0
42509, 267494, 0, 0
42509, 270193, 1, 0
42776, 320975, 0, 0
42776, 335530, 1, 0
43005, 346215, 0, 0
43005, 344821, 1, 0
43256, 339546, 0, 0
43256, 362203, 1, 0
43506, 484542, 0, 0
43506, 479661, 1, 0
43758, 398203, 0, 0
43758, 426658, 1, 0
44001, 329514, 0, 0
44001, 340101, 1, 0
44259, 425782, 0, 0
44259, 412697, 1, 0
44509, 603879, 0, 0
44509, 676349, 1, 0
44775, 662028, 0, 0
44775, 669350, 1, 0
45032, 490099, 0, 0
45032, 480353, 1, 0
45284, 510440, 0, 0
45284, 532618, 1, 0
45506, 526854, 0, 0
45506, 523463, 1, 0
45784, 435463, 0, 0
45784, 446735, 1, 0
46004, 540522, 0, 0
46004, 526834, 1, 0
46256, 633413, 0, 0
46256, 561862, 1, 0
46500, 554005, 0, 0
46500, 531229, 1, 0
46785, 405716, 0, 0
46785, 409816, 1, 0
47034, 439425, 0, 0
47034, 471829, 1, 0
47295, 693895, 0, 0
47295, 603144, 1, 0
48023, 807664, 0, 0
48023, 1476414, 1, 0
48051, 1488319, 1, 0
48057, 1486960, 0, 0
48285, 1600291, 0, 0
48285, 1603808, 1, 0
48515, 1678116, 0, 0
48515, 1749089, 1, 0
48755, 1832768, 0, 0
48755, 1824172, 1, 0
49026, 1914529, 0, 0
49026, 1902684, 1, 0
49280, 1408372, 0, 0
49280, 1812758, 1, 0
49519, 1194359, 0, 0
49519, 1189857, 1, 0
49769, 1102376, 0, 0
49769, 1105681, 1, 0
50005, 1249771, 0, 0
50356, 1376593, 0, 0
50356, 1043925, 1, 0
50504, 1402812, 0, 0
50504, 1412869, 1, 0
50768, 1234079, 0, 0
50768, 1237270, 1, 0
51125, 1166590, 0, 0
51125, 1307828, 1, 0
51254, 1369887, 0, 0
51254, 1431622, 1, 0
51525, 866093, 0, 0
51525, 952640, 1, 0
51750, 948561, 0, 0
51750, 937379, 1, 0
52079, 796865, 0, 0
52079, 832435, 1, 0
52252, 816598, 0, 0
52252, 794627, 1, 0
52503, 573671, 0, 0
52503, 616310, 1, 0
52770, 336626, 0, 0
52770, 358891, 1, 0
53069, 678795, 0, 0
53255, 731797, 0, 0
53255, 681544, 1, 0
53518, 834858, 0, 0
53518, 839808, 1, 0
53844, 706067, 1, 0
54007, 727942, 0, 0
54007, 752646, 1, 0
54260, 715134, 0, 0
54260, 748700, 1, 0
54502, 470697, 0, 0
54502, 459816, 1, 0
54752, 423333, 0, 0
54752, 424267, 1, 0
55001, 486842, 0, 0
55001, 483335, 1, 0
55252, 459578, 0, 0
55252, 467001, 1, 0
55520, 347935, 0, 0
55520, 352731, 1, 0
55764, 323557, 0, 0
55764, 324559, 1, 0
56055, 318429, 0, 0
56055, 333621, 1, 0
56256, 443571, 0, 0
56256, 445459, 1, 0
56512, 383379, 0, 0
56512, 370470, 1, 0
56764, 334006, 0, 0
56764, 355135, 1, 0
57005, 362805, 0, 0
57005, 369721, 1, 0
57274, 385237, 0, 0
57274, 387178, 1, 0
57565, 447686, 0, 0
57565, 438543, 1, 0
57753, 542742, 0, 0
57753, 528750, 1, 0
58018, 552010, 0, 0
58018, 564051, 1, 0
58251, 542927, 0, 0
58251, 604494, 1, 0
58508, 402999, 0, 0
58508, 390222, 1, 0
58752, 370263, 0, 0
58752, 372277, 1, 0
59009, 423408, 0, 0
59009, 437564, 1, 0
59269, 505186, 0, 0
59269, 504042, 1, 0
59501, 462257, 0, 0
59501, 460390, 1, 0
59759, 344031, 0, 0
59759, 352013, 1, 0
60004, 333732, 0, 0
60004, 341142, 1, 0
60004, 190000, 0, 0
60004, 156743, 1, 0
665, 659287, 0, 0
668, 606968, 1, 0
765, 596924, 1, 0
1002, 541307, 0, 0
1002, 546911, 1, 0
1281, 459178, 0, 0
1281, 462703, 1, 0
1710, 475827, 0, 0
1710, 548935, 1, 0
1750, 781018, 0, 0
1750, 779403, 1, 0
2022, 833976, 0, 0
2022, 828490, 1, 0
2253, 853749, 0, 0
2253, 817447, 1, 0
2551, 555367, 0, 0
2551, 555001, 1, 0
2827, 581939, 0, 0
2827, 556831, 1, 0
3005, 623916, 0, 0
3005, 617914, 1, 0
3258, 541291, 0, 0
3258, 541473, 1, 0
3556, 507459, 0, 0
3556, 504127, 1, 0
3780, 673461, 1, 0
4017, 869834, 0, 0
4017, 864893, 1, 0
4266, 789140, 0, 0
4266, 782614, 1, 0
4512, 480035, 0, 0
4512, 501560, 1, 0
4760, 502962, 0, 0
4760, 506617, 1, 0
5006, 492027, 0, 0
5006, 467296, 1, 0
5269, 523212, 0, 0
5269, 520159, 1, 0
5842, 524358, 0, 0
5842, 622199, 1, 0
5849, 988135, 0, 0
6036, 1007873, 0, 0
6036, 1011569, 1, 0
6259, 1010563, 0, 0
6259, 1047858, 1, 0
6504, 730722, 0, 0
6504, 785676, 1, 0
6760, 478644, 0, 0
6760, 503072, 1, 0
7004, 462106, 0, 0
7004, 463154, 1, 0
7256, 525241, 0, 0
7256, 534504, 1, 0
7659, 620232, 0, 0
7659, 503106, 1, 0
7921, 1088127, 0, 0
8009, 1120941, 0, 0
8009, 1121166, 1, 0
8253, 1094901, 0, 0
8253, 1100391, 1, 0
8503, 845312, 0, 0
8503, 839396, 1, 0
8754, 449422, 0, 0
8754, 461028, 1, 0
9037, 505392, 0, 0
9037, 555793, 1, 0
9269, 558981, 0, 0
9269, 564823, 1, 0
9501, 588309, 0, 0
9501, 579288, 1, 0
9755, 541955, 0, 0
9755, 586185, 1, 0
10007, 667920, 0, 0
10007, 687646, 1, 0
10250, 763838, 0, 0
10250, 781516, 1, 0
10507, 730072, 0, 0
10507, 724938, 1, 0
10788, 553903, 0, 0
10788, 589906, 1, 0
11004, 517479, 0, 0
11004, 518134, 1, 0
11741, 620781, 0, 0
11741, 565350, 1, 0
11759, 1093375, 0, 0
11763, 1079311, 1, 0
12011, 1060164, 0, 0
12011, 1070327, 1, 0
12257, 1094026, 0, 0
12257, 1096249, 1, 0
12508, 638242, 0, 0
12508, 630229, 1, 0
12759, 531166, 0, 0
12759, 530346, 1, 0
13011, 529577, 0, 0
13011, 536020, 1, 0
13670, 584664, 0, 0
13670, 525732, 1, 0
13722, 1008198, 0, 0
13777, 1013864, 0, 0
13777, 1007449, 1, 0
14002, 987326, 0, 0
14002, 991716, 1, 0
14255, 1064293, 0, 0
14255, 1082691, 1, 0
14501, 578827, 0, 0
14501, 586873, 1, 0
14755, 507644, 0, 0
14755, 526696, 1, 0
15019, 507859, 0, 0
15019, 501730, 1, 0
15507, 590361, 0, 0
15507, 533444, 1, 0
15557, 922276, 1, 0
15786, 869661, 0, 0
15786, 871710, 1, 0
16002, 704700, 0, 0
16002, 775794, 1, 0
16395, 502256, 0, 0
16395, 446189, 1, 0
16514, 819753, 0, 0
16752, 830361, 0, 0
16752, 824211, 1, 0
17001, 852040, 0, 0
17001, 852268, 1, 0
17276, 413824, 0, 0
17276, 522415, 1, 0
17500, 399414, 0, 0
17500, 400777, 1, 0
17750, 510775, 0, 0
17750, 564934, 1, 0
18013, 566564, 0, 0
18013, 565907, 1, 0
18268, 561777, 0, 0
18268, 576199, 1, 0
18538, 610955, 0, 0
18538, 541566, 1, 0
18771, 754693, 0, 0
18771, 762548, 1, 0
19004, 709842, 0, 0
19004, 713394, 1, 0
19526, 707700, 0, 0
19526, 597829, 1, 0
19631, 1009567, 0, 0
19767, 1034247, 0, 0
19767, 1042551, 1, 0
20000, 1038710, 0, 0
20000, 1042367, 1, 0
20260, 856090, 0, 0
20260, 931239, 1, 0
20508, 539883, 0, 0
20508, 539437, 1, 0
20752, 482924, 0, 0
20752, 495352, 1, 0
21073, 529213, 0, 0
21073, 535053, 1, 0
21425, 796942, 0, 0
21596, 1025101, 1, 0
21757, 1183946, 0, 0
21757, 1110652, 1, 0
22452, 1183794, 0, 0
22452, 1238802, 1, 0
22475, 1627927, 0, 0
22502, 1615124, 0, 0
22502, 1638041, 1, 0
22757, 1280111, 0, 0
22757, 1234108, 1, 0
23007, 1021908, 0, 0
23007, 1018492, 1, 0
23263, 633991, 0, 0
23263, 753570, 1, 0
23500, 589328, 0, 0
23500, 585365, 1, 0
23759, 492931, 0, 0
23759, 508622, 1, 0
24079, 475238, 0, 0
24079, 450757, 1, 0
24273, 678118, 0, 0
24273, 580157, 1, 0
24500, 799749, 0, 0
24500, 780409, 1, 0
24760, 902370, 0, 0
24760, 898881, 1, 0
25298, 855206, 0, 0
25298, 927084, 1, 0
25301, 842308, 1, 0
25575, 961650, 0, 0
25575, 1049441, 1, 0
25805, 1035821, 0, 0
25805, 1060688, 1, 0
26031, 1049161, 0, 0
26031, 1069390, 1, 0
26250, 975713, 0, 0
26250, 939068, 1, 0
26511, 595322, 0, 0
26511, 601071, 1, 0
26750, 554960, 0, 0
26750, 527690, 1, 0
27073, 591480, 0, 0
27073, 605598, 1, 0
27254, 780507, 0, 0
27254, 820178, 1, 0
27598, 915468, 0, 0
27598, 853570, 1, 0
27755, 1010229, 0, 0
27755, 1043527, 1, 0
28369, 953639, 0, 0
28369, 892574, 1, 0
28372, 1118420, 0, 0
28519, 1155210, 0, 0
28519, 1181553, 1, 0
28753, 976860, 0, 0
28753, 1010893, 1, 0
29000, 1092313, 0, 0
29000, 1090424, 1, 0
29262, 807722, 0, 0
29262, 824514, 1, 0
29527, 532239, 0, 0
29527, 526693, 1, 0
29752, 471157, 0, 0
29752, 493463, 1, 0
30177, 625732, 0, 0
30177, 523516, 1, 0
30255, 848511, 0, 0
30255, 848459, 1, 0
30506, 852923, 0, 0
30506, 845873, 1, 0
30827, 930422, 0, 0
30827, 890365, 1, 0
31179, 1069756, 0, 0
31179, 1022447, 1, 0
31403, 1226253, 0, 0
31508, 1223136, 0, 0
31508, 1241942, 1, 0
31756, 1194168, 0, 0
31756, 1226164, 1, 0
32025, 1038873, 0, 0
32025, 882041, 1, 0
32276, 586599, 0, 0
32276, 602679, 1, 0
32509, 637037, 0, 0
32509, 646444, 1, 0
32777, 576649, 0, 0
32777, 591542, 1, 0
33314, 547626, 0, 0
33314, 504500, 1, 0
33442, 976564, 1, 0
33508, 992524, 0, 0
33508, 993728, 1, 0
33795, 944180, 0, 0
33795, 945263, 1, 0
34034, 1013825, 0, 0
34256, 768412, 0, 0
34256, 933437, 1, 0
34508, 838799, 0, 0
34508, 852875, 1, 0
34754, 924945, 0, 0
34754, 932595, 1, 0
35033, 746564, 0, 0
35033, 761626, 1, 0
35342, 599618, 0, 0
35342, 631582, 1, 0
35511, 728114, 0, 0
35511, 738303, 1, 0
35766, 730591, 0, 0
35766, 750408, 1, 0
36368, 1043080, 1, 0
36378, 1308106, 1, 0
36506, 1345870, 0, 0
36761, 1236954, 0, 0
36761, 1234864, 1, 0
37086, 1309585, 0, 0
37086, 1363184, 1, 0
37273, 1403738, 0, 0
37273, 1443918, 1, 0
37508, 912232, 0, 0
37508, 921566, 1, 0
37762, 905981, 0, 0
37762, 863588, 1, 0
38022, 681750, 0, 0
38022, 715149, 1, 0
38271, 694698, 0, 0
38271, 734344, 1, 0
38520, 794700, 0, 0
38520, 800676, 1, 0
38760, 863613, 0, 0
38760, 879403, 1, 0
39026, 918708, 0, 0
39026, 875711, 1, 0
39256, 726951, 0, 0
39256, 700669, 1, 0
39510, 574860, 0, 0
39510, 586652, 1, 0
39819, 652246, 0, 0
39819, 652789, 1, 0
40101, 816998, 0, 0
40101, 994610, 1, 0
40346, 1006665, 0, 0
40346, 1079974, 1, 0
40509, 1127045, 0, 0
40509, 1112843, 1, 0
40770, 1049031, 0, 0
40770, 1082836, 1, 0
41017, 752186, 0, 0
41017, 769670, 1, 0
41259, 653015, 0, 0
41259, 648101, 1, 0
41506, 649442, 0, 0
41506, 649189, 1, 0
41762, 640529, 0, 0
41762, 666350, 1, 0
42020, 619888, 0, 0
42020, 622365, 1, 0
42280, 559145, 0, 0
42280, 572298, 1, 0
42511, 513051, 0, 0
42511, 514029, 1, 0
42922, 596609, 0, 0
42922, 577407, 1, 0
43076, 803651, 0, 0
43076, 894440, 1, 0
43279, 917404, 0, 0
43279, 940449, 1, 0
43578, 1044659, 0, 0
43578, 1016471, 1, 0
43757, 1162511, 0, 0
43757, 1175927, 1, 0
44005, 1020135, 0, 0
44005, 992304, 1, 0
44259, 840646, 0, 0
44259, 795247, 1, 0
44514, 761174, 0, 0
44514, 768983, 1, 0
44775, 684104, 0, 0
44775, 738867, 1, 0
45003, 648285, 0, 0
45003, 702529, 1, 0
45284, 674360, 0, 0
45284, 759564, 1, 0
45509, 740878, 0, 0
45509, 770401, 1, 0
45910, 744796, 0, 0
45910, 812867, 1, 0
46001, 885615, 0, 0
46001, 935029, 1, 0
46304, 823629, 0, 0
46304, 889912, 1, 0
46548, 934094, 0, 0
46548, 916718, 1, 0
46753, 669034, 0, 0
46753, 706975, 1, 0
47064, 624000, 0, 0
47064, 586932, 1, 0
47387, 862554, 0, 0
48024, 1571677, 0, 0
48024, 970543, 1, 0
48031, 1576578, 0, 0
48056, 1588774, 1, 0
48322, 1620104, 0, 0
48322, 1616911, 1, 0
48601, 1734536, 0, 0
48601, 1950268, 1, 0
48900, 1997186, 0, 0
48900, 1929072, 1, 0
49134, 2032797, 0, 0
49134, 2024357, 1, 0
49314, 1927012, 0, 0
49314, 2073231, 1, 0
49528, 1520452, 0, 0
49528, 1518733, 1, 0
50006, 1188733, 0, 0
50006, 1337833, 1, 0
50018, 1351381, 1, 0
50357, 1657357, 0, 0
50519, 1548424, 0, 0
50519, 1663777, 1, 0
50770, 1560879, 0, 0
50770, 1588353, 1, 0
51125, 1604224, 0, 0
51256, 1722260, 0, 0
51256, 1727963, 1, 0
51523, 1701688, 0, 0
51523, 1705582, 1, 0
51751, 1246318, 0, 0
51751, 1467585, 1, 0
52078, 1072734, 0, 0
52078, 1067033, 1, 0
52251, 846779, 0, 0
52251, 848548, 1, 0
52517, 615342, 0, 0
52517, 610200, 1, 0
52762, 455337, 0, 0
52762, 493238, 1, 0
53073, 822337, 0, 0
53073, 549386, 1, 0
53255, 942576, 0, 0
53255, 902719, 1, 0
53521, 972131, 0, 0
53521, 1033264, 1, 0
53860, 1085166, 0, 0
53860, 1225590, 1, 0
54007, 1394069, 1, 0
54257, 999120, 0, 0
54257, 1070762, 1, 0
54506, 807763, 0, 0
54506, 765660, 1, 0
54762, 498706, 0, 0
54762, 498279, 1, 0
55026, 505054, 0, 0
55026, 513623, 1, 0
55252, 483484, 0, 0
55252, 491954, 1, 0
55501, 498134, 0, 0
55501, 502073, 1, 0
55759, 521390, 0, 0
55759, 517047, 1, 0
56045, 443724, 0, 0
56045, 458848, 1, 0
56271, 544461, 0, 0
56271, 549533, 1, 0
56502, 577381, 0, 0
56502, 536443, 1, 0
56766, 398214, 0, 0
56766, 408118, 1, 0
57010, 412159, 0, 0
57010, 433710, 1, 0
57250, 427120, 0, 0
57250, 424087, 1, 0
57613, 469180, 0, 0
57613, 438529, 1, 0
57771, 618828, 0, 0
57771, 744787, 1, 0
58013, 866556, 0, 0
58013, 928689, 1, 0
58262, 897905, 0, 0
58262, 891941, 1, 0
58508, 633794, 0, 0
58508, 571348, 1, 0
58766, 400230, 0, 0
58766, 408039, 1, 0
59007, 399955, 0, 0
59007, 413316, 1, 0
59252, 476626, 0, 0
59252, 457171, 1, 0
59500, 502367, 0, 0
59500, 502881, 1, 0
59763, 485343, 0, 0
59763, 498997, 1, 0
60014, 499953, 0, 0
60014, 521495, 1, 0
60014, 209709, 0, 0
60014, 324233, 1, 0
537, 533689, 0, 0
574, 534021, 0, 0
765, 543480, 0, 0
765, 558349, 1, 0
1022, 416350, 0, 0
1022, 464414, 1, 0
1270, 376045, 0, 0
1270, 379822, 1, 0
1713, 411555, 0, 0
1713, 463946, 1, 0
1755, 728936, 0, 0
1755, 724379, 1, 0
2021, 813320, 0, 0
2021, 838197, 1, 0
2251, 801663, 0, 0
2251, 766831, 1, 0
2550, 423790, 0, 0
2550, 446316, 1, 0
2825, 512203, 0, 0
2825, 463802, 1, 0
3004, 631741, 0, 0
3004, 621172, 1, 0
3256, 475623, 0, 0
3256, 488275, 1, 0
3542, 400059, 0, 0
3542, 392362, 1, 0
3849, 507697, 0, 0
3849, 567238, 1, 0
4008, 740792, 0, 0
4008, 739862, 1, 0
4263, 644680, 0, 0
4263, 682879, 1, 0
4510, 432265, 0, 0
4510, 420029, 1, 0
4758, 452378, 0, 0
4758, 457491, 1, 0
5007, 380602, 0, 0
5007, 399092, 1, 0
5271, 392759, 0, 0
5271, 403016, 1, 0
5843, 441004, 0, 0
5843, 607259, 1, 0
5845, 935932, 1, 0
6035, 928722, 0, 0
6035, 914708, 1, 0
6258, 1002687, 0, 0
6258, 1012745, 1, 0
6506, 930418, 0, 0
6506, 797470, 1, 0
6757, 560196, 0, 0
6757, 569165, 1, 0
7004, 529691, 0, 0
7004, 530923, 1, 0
7250, 527589, 0, 0
7250, 532023, 1, 0
7922, 740174, 0, 0
7922, 530409, 1, 0
7932, 1106725, 1, 0
8013, 1131260, 1, 0
8269, 1090557, 0, 0
8269, 1094909, 1, 0
8500, 716769, 0, 0
8500, 846136, 1, 0
8754, 426931, 0, 0
8754, 443431, 1, 0
9037, 420842, 0, 0
9037, 427051, 1, 0
9256, 399896, 0, 0
9256, 416705, 1, 0
9501, 405771, 0, 0
9501, 407057, 1, 0
9755, 567907, 0, 0
9755, 425463, 1, 0
10007, 578153, 0, 0
10007, 609343, 1, 0
10252, 779778, 0, 0
10252, 847964, 1, 0
10507, 740403, 0, 0
10507, 752496, 1, 0
10750, 514863, 0, 0
10750, 488075, 1, 0
11005, 484095, 0, 0
11005, 473785, 1, 0
11742, 661208, 0, 0
11742, 608327, 1, 0
11772, 1088638, 1, 0
11817, 1084440, 0, 0
12013, 1042951, 0, 0
12013, 1048101, 1, 0
12252, 999708, 0, 0
12252, 1026076, 1, 0
12500, 471830, 0, 0
12500, 523116, 1, 0
12750, 416038, 0, 0
12750, 421382, 1, 0
13005, 477114, 0, 0
13005, 484797, 1, 0
13705, 559722, 0, 0
13705, 470110, 1, 0
13722, 963451, 0, 0
13767, 937489, 1, 0
14000, 938609, 0, 0
14000, 947440, 1, 0
14253, 992268, 0, 0
14253, 832633, 1, 0
14501, 520978, 0, 0
14501, 500488, 1, 0
14752, 405808, 0, 0
14752, 394541, 1, 0
15019, 414930, 0, 0
15019, 415165, 1, 0
15376, 459148, 0, 0
15376, 519806, 1, 0
15557, 864367, 0, 0
15752, 827322, 0, 0
15752, 830682, 1, 0
16015, 724933, 0, 0
16015, 786689, 1, 0
16397, 475044, 0, 0
16397, 498110, 1, 0
16510, 819573, 1, 0
16755, 835977, 0, 0
16755, 822802, 1, 0
17000, 900703, 0, 0
17000, 898604, 1, 0
17277, 638055, 0, 0
17277, 595339, 1, 0
17500, 505910, 0, 0
17500, 503724, 1, 0
17758, 507733, 0, 0
17758, 537284, 1, 0
18010, 529326, 0, 0
18010, 525895, 1, 0
18262, 531489, 0, 0
18262, 545081, 1, 0
18540, 491521, 0, 0
18540, 549394, 1, 0
18771, 655976, 0, 0
18771, 676970, 1, 0
19049, 691936, 0, 0
19049, 692410, 1, 0
19527, 768965, 0, 0
19527, 646637, 1, 0
19632, 990438, 1, 0
19767, 1034591, 0, 0
19767, 1027186, 1, 0
20000, 1037680, 0, 0
20000, 1010925, 1, 0
20260, 814807, 0, 0
20260, 887040, 1, 0
20506, 509033, 0, 0
20506, 523171, 1, 0
20753, 464536, 0, 0
20753, 467591, 1, 0
21005, 466203, 0, 0
21005, 475812, 1, 0
21425, 719632, 0, 0
21425, 558944, 1, 0
21505, 970863, 0, 0
21759, 1030569, 0, 0
21759, 1027211, 1, 0
22453, 1079742, 0, 0
22453, 1141292, 1, 0
22477, 1542721, 0, 0
22515, 1562357, 0, 0
22759, 1199507, 0, 0
22759, 1032904, 1, 0
23001, 1003397, 0, 0
23001, 935727, 1, 0
23264, 520064, 0, 0
23264, 524489, 1, 0
23500, 536189, 0, 0
23500, 575746, 1, 0
23762, 511812, 0, 0
23762, 489758, 1, 0
24057, 423637, 0, 0
24057, 493170, 1, 0
24268, 625840, 0, 0
24268, 602297, 1, 0
24526, 789637, 0, 0
24526, 786424, 1, 0
24760, 891583, 0, 0
24760, 912316, 1, 0
25006, 778202, 0, 0
25006, 865609, 1, 0
25450, 509948, 0, 0
25450, 612831, 1, 0
25574, 893171, 0, 0
25805, 939951, 0, 0
25805, 962932, 1, 0
26029, 1004025, 0, 0
26029, 985428, 1, 0
26256, 1081599, 0, 0
26256, 945168, 1, 0
26511, 634943, 0, 0
26511, 653417, 1, 0
26757, 570183, 0, 0
26757, 582428, 1, 0
27073, 607272, 0, 0
27073, 618697, 1, 0
27271, 706045, 0, 0
27271, 755962, 1, 0
27575, 872054, 0, 0
27575, 820145, 1, 0
27761, 993093, 0, 0
27761, 1014645, 1, 0
28370, 929823, 0, 0
28370, 1005190, 1, 0
28449, 1299284, 1, 0
28525, 1288679, 0, 0
28764, 1141192, 0, 0
28764, 1123621, 1, 0
29009, 1085464, 0, 0
29009, 1087149, 1, 0
29257, 782388, 0, 0
29257, 663126, 1, 0
29529, 493235, 0, 0
29529, 523611, 1, 0
29755, 449094, 0, 0
29755, 462186, 1, 0
30177, 565487, 0, 0
30177, 530308, 1, 0
30251, 720419, 0, 0
30251, 753736, 1, 0
30511, 742417, 0, 0
30511, 734034, 1, 0
30812, 850596, 0, 0
30812, 836407, 1, 0
31367, 1063795, 0, 0
31367, 1016532, 1, 0
31400, 1405899, 0, 0
31514, 1240483, 0, 0
31514, 1243638, 1, 0
31751, 1259162, 0, 0
31751, 1232038, 1, 0
32000, 900204, 0, 0
32000, 732715, 1, 0
32275, 514116, 0, 0
32275, 536534, 1, 0
32509, 541806, 0, 0
32509, 538196, 1, 0
32784, 465754, 0, 0
32784, 481885, 1, 0
33313, 546730, 0, 0
33313, 457160, 1, 0
33316, 849512, 0, 0
33501, 985574, 0, 0
33501, 983623, 1, 0
33751, 948966, 0, 0
33751, 961772, 1, 0
34039, 897535, 0, 0
34039, 973549, 1, 0
34251, 676905, 0, 0
34251, 660235, 1, 0
34515, 813094, 0, 0
34515, 805270, 1, 0
34750, 899773, 0, 0
34750, 895900, 1, 0
35036, 745945, 0, 0
35036, 750274, 1, 0
35345, 593480, 0, 0
35345, 599627, 1, 0
35519, 693989, 0, 0
35519, 723187, 1, 0
35767, 711263, 0, 0
35767, 718241, 1, 0
36329, 1233947, 0, 0
36329, 730318, 1, 0
36373, 1267455, 0, 0
36516, 1230982, 0, 0
36516, 1311542, 1, 0
36765, 1145401, 0, 0
36765, 1149698, 1, 0
37079, 1225645, 0, 0
37079, 1170738, 1, 0
37276, 1157994, 0, 0
37276, 864697, 1, 0
37505, 808260, 0, 0
37505, 814601, 1, 0
37769, 764570, 0, 0
37769, 769374, 1, 0
38000, 684543, 0, 0
38000, 679476, 1, 0
38279, 721692, 0, 0
38279, 750723, 1, 0
38505, 819370, 0, 0
38505, 848846, 1, 0
38759, 891488, 0, 0
38759, 912744, 1, 0
39019, 983264, 0, 0
39019, 976097, 1, 0
39258, 815279, 0, 0
39258, 826737, 1, 0
39518, 544819, 0, 0
39518, 568348, 1, 0
39828, 601840, 0, 0
39828, 515058, 1, 0
40099, 872073, 0, 0
40339, 1171602, 0, 0
40339, 1054147, 1, 0
40504, 1166121, 0, 0
40504, 1140466, 1, 0
40761, 1121264, 0, 0
40761, 1067077, 1, 0
41010, 621395, 0, 0
41010, 692568, 1, 0
41251, 598220, 0, 0
41251, 612185, 1, 0
41506, 649049, 0, 0
41506, 686995, 1, 0
41755, 644261, 0, 0
41755, 675768, 1, 0
42012, 601928, 0, 0
42012, 585439, 1, 0
42280, 565064, 0, 0
42280, 567475, 1, 0
42513, 648246, 0, 0
42513, 655257, 1, 0
42777, 752349, 0, 0
42777, 730277, 1, 0
43077, 904537, 0, 0
43077, 882786, 1, 0
43273, 1037209, 1, 0
43579, 1050346, 0, 0
43579, 1087183, 1, 0
43750, 1120975, 0, 0
43750, 1142484, 1, 0
44003, 1033526, 0, 0
44003, 963514, 1, 0
44259, 863115, 0, 0
44259, 890351, 1, 0
44511, 932398, 0, 0
44511, 1054699, 1, 0
44775, 951939, 0, 0
44775, 955604, 1, 0
45034, 900094, 0, 0
45034, 911086, 1, 0
45284, 717221, 0, 0
45284, 724247, 1, 0
45509, 720178, 0, 0
45509, 736222, 1, 0
45784, 724161, 0, 0
45784, 764312, 1, 0
46031, 939468, 0, 0
46031, 972847, 1, 0
46300, 1133954, 1, 0
46500, 1056386, 0, 0
46500, 1076932, 1, 0
46785, 719232, 0, 0
46785, 708615, 1, 0
47065, 408750, 0, 0
47065, 460043, 1, 0
47388, 539074, 0, 0
47388, 607327, 1, 0
48025, 805099, 0, 0
48025, 1426099, 1, 0
48054, 1449615, 0, 0
48061, 1446108, 0, 0
48324, 1556475, 0, 0
48324, 1551529, 1, 0
48599, 1680813, 0, 0
48599, 1674116, 1, 0
48755, 1644144, 0, 0
48755, 1670603, 1, 0
49025, 1270554, 0, 0
49025, 1156911, 1, 0
49281, 890828, 0, 0
49281, 943022, 1, 0
49508, 939776, 0, 0
49508, 960515, 1, 0
49752, 846210, 0, 0
49752, 879602, 1, 0
50005, 857030, 0, 0
50005, 728231, 1, 0
50357, 1198980, 1, 0
50519, 1197676, 0, 0
50519, 1204007, 1, 0
50750, 1125882, 0, 0
50750, 1134143, 1, 0
51122, 1113044, 0, 0
51122, 1175264, 1, 0
51285, 1296426, 0, 0
51285, 1172135, 1, 0
51507, 896004, 0, 0
51507, 876957, 1, 0
51752, 887660, 0, 0
51752, 859686, 1, 0
52115, 649819, 0, 0
52115, 690579, 1, 0
52253, 745310, 0, 0
52253, 770907, 1, 0
52503, 671730, 0, 0
52503, 588752, 1, 0
53070, 327553, 0, 0
53070, 329094, 1, 0
53084, 720150, 0, 0
53256, 738325, 0, 0
53256, 750081, 1, 0
53521, 662060, 0, 0
53521, 749118, 1, 0
53861, 646261, 0, 0
53861, 551944, 1, 0
54007, 691524, 0, 0
54007, 768788, 1, 0
54254, 782523, 0, 0
54254, 782456, 1, 0
54502, 557884, 0, 0
54502, 561448, 1, 0
54752, 419742, 0, 0
54752, 417592, 1, 0
55014, 416399, 0, 0
55014, 417476, 1, 0
55252, 455206, 0, 0
55252, 449189, 1, 0
55500, 425780, 0, 0
55500, 437217, 1, 0
55760, 373064, 0, 0
55760, 370836, 1, 0
56063, 396168, 0, 0
56063, 426829, 1, 0
56257, 509108, 0, 0
56257, 516352, 1, 0
56524, 388781, 0, 0
56524, 470539, 1, 0
56752, 422515, 0, 0
56752, 427454, 1, 0
57000, 436839, 0, 0
57000, 427114, 1, 0
57275, 420914, 0, 0
57275, 403441, 1, 0
57562, 461897, 0, 0
57562, 466039, 1, 0
57767, 484612, 0, 0
57767, 508870, 1, 0
58018, 621440, 0, 0
58018, 608522, 1, 0
58251, 663997, 0, 0
58251, 666170, 1, 0
58508, 488509, 0, 0
58508, 504686, 1, 0
58766, 411472, 0, 0
58766, 420457, 1, 0
59030, 435873, 0, 0
59030, 444072, 1, 0
59250, 412360, 0, 0
59250, 412931, 1, 0
59501, 327863, 0, 0
59501, 337168, 1, 0
59761, 305167, 0, 0
59761, 314545, 1, 0
60017, 358714, 0, 0
60017, 371685, 1, 0
60017, 280459, 0, 0
60017, 167959, 1, 0
292, 288513, 0, 0
503, 195659, 0, 0
503, 201939, 1, 0
756, 208149, 0, 0
756, 211828, 1, 0
1002, 211702, 0, 0
1002, 213849, 1, 0
1250, 213145, 0, 0
1250, 212425, 1, 0
1585, 199349, 0, 0
1585, 229461, 1, 0
1754, 485338, 0, 0
1754, 509247, 1, 0
2003, 385659, 0, 0
2003, 362682, 1, 0
2256, 217261, 0, 0
2256, 215930, 1, 0
2500, 207831, 0, 0
2500, 203945, 1, 0
2798, 221347, 0, 0
2798, 222567, 1, 0
3015, 267530, 0, 0
3015, 262101, 1, 0
3256, 240596, 0, 0
3256, 238926, 1, 0
3541, 221396, 0, 0
3541, 210551, 1, 0
3763, 313470, 0, 0
3763, 312334, 1, 0
4008, 285730, 0, 0
4008, 304776, 1, 0
4254, 294558, 0, 0
4254, 299384, 1, 0
4500, 242930, 0, 0
4500, 239270, 1, 0
4758, 236218, 0, 0
4758, 232180, 1, 0
5002, 244640, 0, 0
5002, 246925, 1, 0
5253, 232392, 0, 0
5253, 236526, 1, 0
5701, 270897, 0, 0
5701, 331320, 1, 0
5766, 693959, 0, 0
5766, 639384, 1, 0
6001, 735493, 0, 0
6001, 731905, 1, 0
6258, 385667, 0, 0
6258, 258108, 1, 0
6506, 230399, 0, 0
6506, 226378, 1, 0
6757, 240263, 0, 0
6757, 231769, 1, 0
7004, 240877, 0, 0
7004, 242284, 1, 0
7265, 235217, 0, 0
7265, 236176, 1, 0
7919, 389194, 0, 0
7919, 238768, 1, 0
7932, 844233, 0, 0
8000, 843220, 0, 0
8000, 846908, 1, 0
8253, 608485, 0, 0
8253, 555380, 1, 0
8525, 238988, 0, 0
8525, 237517, 1, 0
8754, 299054, 0, 0
8754, 295253, 1, 0
9007, 263753, 0, 0
9007, 244495, 1, 0
9256, 287354, 0, 0
9256, 268806, 1, 0
9570, 347954, 0, 0
9570, 481905, 1, 0
9755, 693693, 0, 0
9755, 701996, 1, 0
10007, 635694, 0, 0
10007, 651297, 1, 0
10250, 227227, 0, 0
10250, 217516, 1, 0
10503, 250101, 0, 0
10503, 248694, 1, 0
10750, 282743, 0, 0
10750, 280493, 1, 0
11007, 249664, 0, 0
11007, 245438, 1, 0
11493, 291105, 0, 0
11493, 278233, 1, 0
11743, 650072, 1, 0
11759, 776432, 1, 0
12001, 796311, 0, 0
12001, 795281, 1, 0
12273, 297587, 0, 0
12273, 302826, 1, 0
12508, 278668, 0, 0
12508, 274869, 1, 0
12759, 307009, 0, 0
12759, 305040, 1, 0
13012, 288199, 0, 0
13012, 295675, 1, 0
13691, 368526, 0, 0
13691, 329191, 1, 0
13707, 818157, 1, 0
13757, 780022, 0, 0
13757, 794126, 1, 0
14000, 619774, 0, 0
14000, 632683, 1, 0
14253, 281770, 0, 0
14253, 282321, 1, 0
14505, 327594, 0, 0
14505, 328003, 1, 0
14752, 336729, 0, 0
14752, 334568, 1, 0
15012, 314685, 0, 0
15012, 308094, 1, 0
15506, 301970, 0, 0
15506, 349758, 1, 0
15557, 717425, 1, 0
15753, 676929, 0, 0
15753, 673347, 1, 0
16001, 369721, 0, 0
16001, 361612, 1, 0
16396, 292448, 0, 0
16396, 317378, 1, 0
16564, 530401, 0, 0
16564, 582620, 1, 0
16766, 707812, 0, 0
16766, 707066, 1, 0
17001, 574804, 0, 0
17001, 387991, 1, 0
17257, 284764, 0, 0
17257, 291306, 1, 0
17508, 315899, 0, 0
17508, 320306, 1, 0
17759, 306350, 0, 0
17759, 309612, 1, 0
18002, 298422, 0, 0
18002, 301537, 1, 0
18254, 289254, 0, 0
18254, 296428, 1, 0
18536, 289329, 0, 0
18536, 320544, 1, 0
18772, 476277, 0, 0
18772, 469285, 1, 0
19002, 364809, 0, 0
19002, 345661, 1, 0
19322, 383636, 0, 0
19322, 355942, 1, 0
19524, 562368, 0, 0
19524, 643183, 1, 0
19751, 816791, 0, 0
19751, 818317, 1, 0
20007, 640792, 0, 0
20007, 490576, 1, 0
20257, 274833, 0, 0
20257, 272911, 1, 0
20505, 287615, 0, 0
20505, 288636, 1, 0
20750, 306771, 0, 0
20750, 314147, 1, 0
21005, 336905, 0, 0
21005, 334965, 1, 0
21503, 424876, 0, 0
21503, 344011, 1, 0
21525, 771835, 1, 0
21752, 837302, 0, 0
21752, 826964, 1, 0
22005, 632902, 0, 0
22005, 571593, 1, 0
22337, 299134, 0, 0
22337, 428500, 1, 0
22511, 677883, 0, 0
22511, 631797, 1, 0
22757, 683359, 0, 0
22757, 710098, 1, 0
23000, 295832, 0, 0
23000, 302497, 1, 0
23264, 281114, 0, 0
23264, 273990, 1, 0
23512, 255914, 0, 0
23512, 249156, 1, 0
23756, 301327, 0, 0
23756, 300101, 1, 0
24053, 269439, 0, 0
24053, 273629, 1, 0
24254, 337055, 0, 0
24254, 337082, 1, 0
24502, 336342, 0, 0
24502, 293170, 1, 0
24754, 374468, 0, 0
24754, 384524, 1, 0
25005, 268218, 0, 0
25005, 265040, 1, 0
25259, 266031, 0, 0
25259, 261674, 1, 0
25507, 423003, 0, 0
25507, 413419, 1, 0
25752, 358922, 0, 0
25752, 317973, 1, 0
26001, 254687, 0, 0
26001, 240680, 1, 0
26250, 325840, 0, 0
26250, 318101, 1, 0
26502, 260833, 0, 0
26502, 261622, 1, 0
26751, 304596, 0, 0
26751, 299383, 1, 0
27073, 296611, 0, 0
27073, 297528, 1, 0
27250, 393042, 0, 0
27250, 401499, 1, 0
27574, 315551, 0, 0
27574, 341307, 1, 0
27755, 381687, 0, 0
27755, 388060, 1, 0
28150, 403163, 0, 0
28150, 451520, 1, 0
28273, 648498, 0, 0
28501, 713875, 0, 0
28501, 710064, 1, 0
28754, 499284, 0, 0
28754, 459463, 1, 0
29010, 250385, 0, 0
29010, 258957, 1, 0
29257, 316190, 0, 0
29257, 316528, 1, 0
29507, 319321, 0, 0
29507, 318562, 1, 0
29751, 312264, 0, 0
29751, 310504, 1, 0
30001, 330891, 0, 0
30001, 328443, 1, 0
30252, 286332, 0, 0
30252, 286575, 1, 0
30511, 297159, 0, 0
30511, 270024, 1, 0
30751, 400704, 0, 0
30751, 400478, 1, 0
31048, 288218, 0, 0
31048, 290945, 1, 0
31395, 462891, 0, 0
31395, 646655, 1, 0
31508, 749064, 0, 0
31508, 761610, 1, 0
31753, 567514, 0, 0
31753, 617173, 1, 0
32025, 317013, 0, 0
32025, 326675, 1, 0
32252, 323738, 0, 0
32252, 319697, 1, 0
32509, 272144, 0, 0
32509, 282246, 1, 0
32752, 292204, 0, 0
32752, 279848, 1, 0
33314, 236056, 0, 0
33314, 266043, 1, 0
33320, 621606, 0, 0
33506, 665018, 0, 0
33506, 706168, 1, 0
33791, 632799, 0, 0
33791, 602227, 1, 0
34039, 355825, 0, 0
34039, 321402, 1, 0
34254, 616426, 0, 0
34254, 574475, 1, 0
34509, 630806, 0, 0
34509, 592298, 1, 0
34750, 346024, 0, 0
34750, 352170, 1, 0
35007, 347495, 0, 0
35007, 355396, 1, 0
35255, 330401, 0, 0
35255, 331466, 1, 0
35512, 274888, 0, 0
35512, 265897, 1, 0
35759, 270972, 0, 0
35759, 268282, 1, 0
36230, 357280, 0, 0
36230, 312497, 1, 0
36255, 681303, 0, 0
36255, 693523, 1, 0
36505, 657073, 0, 0
36505, 655167, 1, 0
36753, 359730, 0, 0
36753, 349302, 1, 0
37011, 403027, 0, 0
37011, 417751, 1, 0
37276, 419826, 0, 0
37276, 455704, 1, 0
37503, 508327, 0, 0
37503, 508279, 1, 0
37757, 449483, 0, 0
37757, 446802, 1, 0
38007, 393403, 0, 0
38007, 389195, 1, 0
38254, 376224, 0, 0
38254, 363520, 1, 0
38515, 333034, 0, 0
38515, 325295, 1, 0
38759, 347789, 0, 0
38759, 345366, 1, 0
39002, 360130, 0, 0
39002, 368172, 1, 0
39258, 381201, 0, 0
39258, 379695, 1, 0
39510, 388531, 0, 0
39510, 379602, 1, 0
39811, 367204, 0, 0
39811, 367540, 1, 0
40008, 394325, 0, 0
40008, 397747, 1, 0
40322, 312641, 0, 0
40322, 311522, 1, 0
40509, 460974, 0, 0
40509, 454134, 1, 0
40761, 454093, 0, 0
40761, 473877, 1, 0
41006, 352334, 0, 0
41006, 363837, 1, 0
41256, 401853, 0, 0
41256, 399271, 1, 0
41506, 321154, 0, 0
41506, 318192, 1, 0
41762, 317921, 0, 0
41762, 317624, 1, 0
42002, 311049, 0, 0
42002, 312773, 1, 0
42280, 291614, 0, 0
42280, 292048, 1, 0
42509, 415191, 0, 0
42509, 422142, 1, 0
42757, 422694, 0, 0
42757, 429141, 1, 0
43000, 312508, 0, 0
43000, 319242, 1, 0
43274, 482314, 0, 0
43274, 429252, 1, 0
43507, 519387, 0, 0
43507, 524467, 1, 0
43768, 274578, 0, 0
43768, 271085, 1, 0
44013, 294244, 0, 0
44013, 308014, 1, 0
44258, 302026, 0, 0
44258, 298235, 1, 0
44509, 332023, 0, 0
44509, 326941, 1, 0
44750, 464802, 0, 0
44750, 477600, 1, 0
45007, 436183, 0, 0
45007, 438157, 1, 0
45251, 295761, 0, 0
45251, 309806, 1, 0
45519, 306679, 0, 0
45519, 303740, 1, 0
45788, 280515, 0, 0
45788, 308528, 1, 0
46109, 486939, 0, 0
46109, 578900, 1, 0
46301, 755228, 0, 0
46301, 742332, 1, 0
46548, 621524, 0, 0
46548, 639116, 1, 0
46751, 316297, 0, 0
46751, 305765, 1, 0
47065, 393508, 0, 0
47065, 414462, 1, 0
47386, 459439, 0, 0
47386, 468772, 1, 0
48025, 618338, 0, 0
48025, 917015, 1, 0
48032, 1210198, 1, 0
48042, 1195471, 1, 0
48285, 1305888, 0, 0
48285, 1264126, 1, 0
48602, 1170551, 0, 0
48602, 1167865, 1, 0
48899, 509054, 0, 0
48899, 534991, 1, 0
49135, 572544, 0, 0
49135, 676024, 1, 0
49315, 758706, 0, 0
49315, 775745, 1, 0
49518, 666988, 0, 0
49518, 660569, 1, 0
49800, 413137, 0, 0
49800, 400551, 1, 0
50007, 432017, 0, 0
50007, 634131, 1, 0
50357, 639720, 0, 0
50357, 659265, 1, 0
50519, 862090, 0, 0
50519, 896250, 1, 0
50768, 984725, 0, 0
50768, 996247, 1, 0
51126, 1270507, 1, 0
51288, 1406929, 0, 0
51288, 1397490, 1, 0
51508, 1233211, 0, 0
51508, 1138865, 1, 0
51752, 1107166, 0, 0
51752, 1113565, 1, 0
52113, 805529, 0, 0
52113, 864459, 1, 0
52262, 758617, 0, 0
52262, 765594, 1, 0
52517, 609074, 0, 0
52517, 651616, 1, 0
52772, 566674, 0, 0
52772, 585844, 1, 0
53072, 837849, 0, 0
53255, 862132, 0, 0
53255, 925224, 1, 0
53507, 918505, 0, 0
53507, 929865, 1, 0
53857, 1024296, 0, 0
53857, 1076935, 1, 0
54007, 899705, 0, 0
54007, 893625, 1, 0
54259, 827618, 0, 0
54259, 845488, 1, 0
54505, 662307, 0, 0
54505, 702583, 1, 0
54752, 499073, 0, 0
54752, 499153, 1, 0
55024, 425848, 0, 0
55024, 434524, 1, 0
55252, 350506, 0, 0
55252, 360113, 1, 0
55501, 397551, 0, 0
55501, 397013, 1, 0
55759, 461744, 0, 0
55759, 487187, 1, 0
56044, 505757, 0, 0
56044, 484318, 1, 0
56257, 625634, 0, 0
56257, 639793, 1, 0
56502, 627127, 0, 0
56502, 661593, 1, 0
56766, 568022, 0, 0
56766, 546268, 1, 0
57003, 422884, 0, 0
57003, 450891, 1, 0
57250, 417041, 0, 0
57250, 420445, 1, 0
57572, 446762, 0, 0
57572, 455002, 1, 0
57766, 574519, 0, 0
57766, 572181, 1, 0
58018, 795817, 0, 0
58018, 717678, 1, 0
58261, 841442, 0, 0
58261, 839653, 1, 0
58508, 549931, 0, 0
58508, 598709, 1, 0
58766, 402423, 0, 0
58766, 425860, 1, 0
59024, 445485, 0, 0
59024, 451393, 1, 0
59250, 496698, 0, 0
59250, 506075, 1, 0
59505, 513499, 0, 0
59505, 520685, 1, 0
59761, 501991, 0, 0
59761, 508473, 1, 0
60017, 432867, 0, 0
60017, 430872, 1, 0
60017, 212192, 0, 0
60017, 197435, 1, 0
