386, 139908, 1, 0
657, 331352, 1, 0
792, 562020, 1, 0
1265, 783855, 1, 0
1276, 1106797, 1, 0
1500, 1230810, 1, 0
2038, 1432241, 1, 0
2197, 2027177, 1, 0
2268, 1881663, 1, 0
2540, 2038352, 1, 0
2801, 1382520, 1, 0
3044, 1667093, 1, 0
3430, 1596518, 1, 0
3521, 1729226, 1, 0
3963, 1395471, 1, 0
4162, 1731490, 1, 0
4281, 1424648, 1, 0
4906, 2188697, 1, 0
5116, 2498155, 1, 0
5117, 2435934, 1, 0
5375, 2181272, 1, 0
5512, 2040134, 1, 0
5752, 1846714, 1, 0
6018, 1022083, 1, 0
6265, 609478, 1, 0
6879, 1076385, 1, 0
6880, 1212770, 1, 0
7026, 1222667, 1, 0
7292, 1362488, 1, 0
7544, 1092436, 1, 0
8115, 1308347, 1, 0
8117, 906139, 1, 0
8395, 1698156, 1, 0
8503, 1051312, 1, 0
8841, 785712, 1, 0
9010, 1172659, 1, 0
9495, 922429, 1, 0
9580, 1453013, 1, 0
9766, 1871333, 1, 0
10051, 1304667, 1, 0
10253, 1953808, 1, 0
10818, 1775158, 1, 0
10820, 874662, 1, 0
11023, 2373040, 1, 0
11260, 1466366, 1, 0
11506, 609883, 1, 0
11765, 747384, 1, 0
12020, 869636, 1, 0
12482, 1317323, 1, 0
12540, 1270051, 1, 0
12956, 1445374, 1, 0
13193, 1852523, 1, 0
13261, 2124982, 1, 0
13529, 1483946, 1, 0
13787, 1616507, 1, 0
14746, 1911177, 1, 0
14750, 2942304, 1, 0
14751, 1489989, 1, 0
14804, 1847109, 1, 0
15044, 2411954, 1, 0
15255, 2027500, 1, 0
15526, 1943405, 1, 0
15781, 1486446, 1, 0
16050, 1905491, 1, 0
16267, 2232780, 1, 0
16622, 1461007, 1, 0
16816, 1241371, 1, 0
17007, 1500400, 1, 0
17286, 1617931, 1, 0
17655, 981253, 1, 0
17902, 1097056, 1, 0
18033, 753334, 1, 0
18281, 1486025, 1, 0
18603, 1732040, 1, 0
18818, 1560359, 1, 0
19091, 1763216, 1, 0
19263, 944958, 1, 0
19652, 3028156, 1, 0
20033, 2530753, 1, 0
20045, 1441221, 1, 0
20487, 1512037, 1, 0
20541, 333210, 1, 0
20814, 578164, 1, 0
21020, 1438771, 1, 0
21848, 1324294, 1, 0
21850, 876047, 1, 0
21850, 829644, 1, 0
22032, 889732, 1, 0
22318, 1316661, 1, 0
22529, 2369484, 1, 0
22767, 1616318, 1, 0
23949, 4293274, 1, 0
23952, 3917983, 1, 0
23954, 3907867, 1, 0
23954, 3797909, 1, 0
24014, 2883597, 1, 0
24345, 1475170, 1, 0
24515, 560905, 1, 0
24782, 1167330, 1, 0
25053, 879035, 1, 0
25562, 935171, 1, 0
25563, 727841, 1, 0
25760, 1060475, 1, 0
26081, 1529701, 1, 0
26293, 1815039, 1, 0
26594, 2748942, 1, 0
26753, 839709, 1, 0
27155, 1212782, 1, 0
27493, 1532928, 1, 0
27628, 2026239, 1, 0
27851, 1431466, 1, 0
28007, 1726701, 1, 0
28251, 1743836, 1, 0
28582, 2287163, 1, 0
28823, 2215009, 1, 0
29019, 1777772, 1, 0
29296, 1544580, 1, 0
29560, 832490, 1, 0
29989, 1009621, 1, 0
30076, 1334194, 1, 0
30286, 1141659, 1, 0
30583, 1375479, 1, 0
30802, 1995369, 1, 0
31498, 2068988, 1, 0
31499, 2913709, 1, 0
31550, 2253883, 1, 0
32134, 1888861, 1, 0
32137, 637814, 1, 0
32328, 1304887, 1, 0
32549, 1414028, 1, 0
32836, 1342684, 1, 0
33034, 1304527, 1, 0
33285, 1654997, 1, 0
34365, 1685921, 1, 0
34366, 1512279, 1, 0
34368, 4134150, 1, 0
34368, 2697817, 1, 0
34595, 2005996, 1, 0
34912, 2836025, 1, 0
35057, 3314023, 1, 0
35358, 2646988, 1, 0
35527, 2020298, 1, 0
36241, 1134001, 1, 0
36242, 867271, 1, 0
36381, 1979233, 1, 0
36501, 1865300, 1, 0
36978, 2031928, 1, 0
37189, 2195810, 1, 0
37319, 1792777, 1, 0
37507, 1048125, 1, 0
38045, 1873305, 1, 0
38200, 1004267, 1, 0
38303, 1107544, 1, 0
38580, 3316082, 1, 0
38806, 1620519, 1, 0
39318, 1618374, 1, 0
40078, 3505858, 1, 0
40079, 3436754, 1, 0
40081, 1622893, 1, 0
40083, 1623253, 1, 0
40308, 2338653, 1, 0
40512, 402197, 1, 0
40771, 538119, 1, 0
41032, 743325, 1, 0
41270, 971065, 1, 0
41565, 1479936, 1, 0
41867, 1415839, 1, 0
42491, 1753168, 1, 0
42596, 1489444, 1, 0
42652, 1381323, 1, 0
42838, 2376100, 1, 0
43041, 1127596, 1, 0
43306, 1615838, 1, 0
43511, 696401, 1, 0
43971, 871663, 1, 0
44024, 368044, 1, 0
44309, 1039205, 1, 0
44576, 1182990, 1, 0
45135, 1645179, 1, 0
45136, 2041164, 1, 0
45309, 1930147, 1, 0
45583, 2027655, 1, 0
45758, 1749343, 1, 0
46043, 430330, 1, 0
46303, 569029, 1, 0
46605, 660514, 1, 0
46860, 682345, 1, 0
47000, 2246556, 1, 0
47260, 1149368, 1, 0
47503, 719464, 1, 0
47803, 739901, 1, 0
48009, 911978, 1, 0
48295, 889495, 1, 0
48703, 1191932, 1, 0
48825, 1436974, 1, 0
49040, 1193563, 1, 0
49381, 1502551, 1, 0
49542, 2030167, 1, 0
49801, 1234431, 1, 0
50023, 1369335, 1, 0
50343, 1580816, 1, 0
50505, 2015571, 1, 0
50956, 1609409, 1, 0
51006, 1662276, 1, 0
51297, 1026575, 1, 0
51522, 1395565, 1, 0
52604, 1900898, 1, 0
52605, 2581395, 1, 0
52606, 3554366, 1, 0
52607, 1562668, 1, 0
52779, 1954621, 1, 0
53030, 2021714, 1, 0
53705, 1486751, 1, 0
53754, 1148921, 1, 0
53755, 1149037, 1, 0
54007, 1032915, 1, 0
54259, 1136213, 1, 0
54734, 2721419, 1, 0
54842, 892375, 1, 0
55015, 1885322, 1, 0
55786, 1948374, 1, 0
55805, 4846665, 1, 0
55838, 802697, 1, 0
56017, 2435138, 1, 0
56357, 333613, 1, 0
56507, 1059289, 1, 0
56835, 1599278, 1, 0
57004, 2562094, 1, 0
57482, 2064856, 1, 0
57538, 942503, 1, 0
57787, 1138426, 1, 0
58008, 1647438, 1, 0
58300, 817163, 1, 0
58835, 2434678, 1, 0
58837, 1832387, 1, 0
59023, 2391772, 1, 0
59601, 1900294, 1, 0
59634, 725086, 1, 0
59833, 1944832, 1, 0
60039, 1485979, 1, 0
61045, 3361502, 1, 0
61045, 3357179, 1, 0
61045, 3310979, 1, 0
61045, 2208713, 1, 0
61045, 1811296, 1, 0
436, 270059, 1, 0
675, 509885, 1, 0
790, 577456, 1, 0
1054, 777908, 1, 0
1304, 1027129, 1, 0
1513, 1217878, 1, 0
1957, 1422897, 1, 0
2115, 948838, 1, 0
2267, 1497803, 1, 0
2528, 1758217, 1, 0
2833, 2107508, 1, 0
3052, 1707065, 1, 0
3251, 1186659, 1, 0
3873, 1176484, 1, 0
3959, 2633040, 1, 0
4045, 1686897, 1, 0
4270, 1687384, 1, 0
5196, 2153353, 1, 0
5197, 2260691, 1, 0
5251, 3058524, 1, 0
5251, 2982551, 1, 0
5515, 2054218, 1, 0
5758, 1550001, 1, 0
6878, 2028075, 1, 0
6878, 1680830, 1, 0
6878, 1627619, 1, 0
6879, 1627469, 1, 0
7021, 1468674, 1, 0
7340, 1163510, 1, 0
7674, 799405, 1, 0
7927, 949260, 1, 0
8111, 2651736, 1, 0
8285, 2478041, 1, 0
8521, 1845741, 1, 0
8776, 1134313, 1, 0
9005, 772074, 1, 0
9518, 1372443, 1, 0
9579, 2546262, 1, 0
9764, 1983250, 1, 0
10066, 1544467, 1, 0
10252, 517664, 1, 0
10555, 1435834, 1, 0
10935, 1555886, 1, 0
11018, 1811451, 1, 0
11260, 1724740, 1, 0
11562, 1625171, 1, 0
11845, 1272323, 1, 0
12087, 1642507, 1, 0
12259, 1328437, 1, 0
12538, 1384431, 1, 0
13190, 1626765, 1, 0
13191, 2254718, 1, 0
13259, 2433483, 1, 0
13522, 2008317, 1, 0
13752, 1981956, 1, 0
14188, 825846, 1, 0
14325, 656447, 1, 0
14559, 833277, 1, 0
14798, 2506928, 1, 0
15024, 1433809, 1, 0
15305, 1488306, 1, 0
15667, 1461571, 1, 0
15776, 1010638, 1, 0
16002, 1230938, 1, 0
16258, 1506291, 1, 0
16589, 1629124, 1, 0
17126, 902227, 1, 0
17127, 1907653, 1, 0
17253, 2327741, 1, 0
17617, 1039237, 1, 0
17755, 1073859, 1, 0
18080, 899340, 1, 0
18278, 1226673, 1, 0
18567, 1880510, 1, 0
18814, 1356873, 1, 0
19005, 1026283, 1, 0
19367, 1611414, 1, 0
19578, 1660907, 1, 0
20029, 2060854, 1, 0
20030, 2899566, 1, 0
20416, 1591204, 1, 0
20563, 1326911, 1, 0
20956, 681048, 1, 0
21103, 912881, 1, 0
21272, 1365158, 1, 0
21590, 2003348, 1, 0
21788, 3487836, 1, 0
22144, 1758812, 1, 0
22300, 1551806, 1, 0
22659, 673544, 1, 0
23197, 537633, 1, 0
23452, 254528, 1, 0
23497, 2306276, 1, 0
23601, 147993, 1, 0
23835, 1304389, 1, 0
24010, 1718584, 1, 0
24274, 1587862, 1, 0
24587, 1347804, 1, 0
24797, 1873031, 1, 0
25020, 1477116, 1, 0
25369, 1752734, 1, 0
25557, 1194234, 1, 0
25816, 1561118, 1, 0
26127, 1435536, 1, 0
26289, 2453334, 1, 0
26533, 2482167, 1, 0
26773, 1443879, 1, 0
27113, 1045961, 1, 0
27253, 1476082, 1, 0
27572, 1625751, 1, 0
27778, 1290125, 1, 0
28005, 1450612, 1, 0
28401, 1004095, 1, 0
28504, 902988, 1, 0
28811, 1007402, 1, 0
29000, 1421297, 1, 0
29280, 1082172, 1, 0
29558, 973652, 1, 0
29820, 824661, 1, 0
30016, 1478453, 1, 0
30345, 1326576, 1, 0
30500, 1486773, 1, 0
31495, 1953544, 1, 0
31496, 2581107, 1, 0
31496, 2295797, 1, 0
31547, 2372317, 1, 0
32075, 2003270, 1, 0
32086, 587518, 1, 0
32355, 1238932, 1, 0
32611, 965634, 1, 0
32759, 1025633, 1, 0
33150, 969023, 1, 0
33282, 1097256, 1, 0
33717, 902084, 1, 0
34012, 1861931, 1, 0
34064, 1913646, 1, 0
34361, 2331724, 1, 0
34606, 2008423, 1, 0
34970, 2206015, 1, 0
35116, 2316658, 1, 0
35372, 3755895, 1, 0
35506, 2096600, 1, 0
35762, 2224274, 1, 0
36183, 3033042, 1, 0
36326, 2262772, 1, 0
36555, 2217945, 1, 0
36777, 651742, 1, 0
37187, 1919570, 1, 0
37275, 1838921, 1, 0
37504, 3326313, 1, 0
38125, 1321777, 1, 0
38148, 552215, 1, 0
38255, 1057104, 1, 0
38637, 1702792, 1, 0
38812, 2283419, 1, 0
40076, 3342608, 1, 0
40079, 2396513, 1, 0
40079, 2361525, 1, 0
40080, 1954454, 1, 0
40082, 1774146, 1, 0
40307, 2120035, 1, 0
40501, 573031, 1, 0
40847, 1369065, 1, 0
41052, 1112940, 1, 0
41558, 1323434, 1, 0
41559, 1324270, 1, 0
41786, 1648259, 1, 0
42022, 1205529, 1, 0
42284, 1473024, 1, 0
42515, 1667480, 1, 0
42768, 1362499, 1, 0
43036, 2018616, 1, 0
43252, 1979775, 1, 0
43540, 761763, 1, 0
43760, 866961, 1, 0
44210, 1924685, 1, 0
44572, 1476160, 1, 0
44573, 1864226, 1, 0
45102, 1449688, 1, 0
45132, 1980803, 1, 0
45350, 1967246, 1, 0
45613, 1486320, 1, 0
45775, 1404834, 1, 0
46152, 1746658, 1, 0
46308, 2767223, 1, 0
46619, 2956624, 1, 0
46864, 2357501, 1, 0
47009, 2771243, 1, 0
47316, 1417825, 1, 0
47507, 1524496, 1, 0
47774, 1862780, 1, 0
48116, 1772339, 1, 0
48318, 747971, 1, 0
48504, 3371109, 1, 0
48809, 1352071, 1, 0
49036, 1398206, 1, 0
49377, 3398525, 1, 0
49540, 2449456, 1, 0
49754, 1724832, 1, 0
50025, 1335072, 1, 0
50537, 576693, 1, 0
50561, 331606, 1, 0
50750, 351944, 1, 0
51109, 2049975, 1, 0
51315, 1374648, 1, 0
51520, 961226, 1, 0
51794, 910899, 1, 0
52145, 1141511, 1, 0
52291, 2850598, 1, 0
52533, 1362261, 1, 0
52773, 1167829, 1, 0
53077, 1550446, 1, 0
53445, 1250470, 1, 0
53703, 1374785, 1, 0
53811, 2661295, 1, 0
54051, 1268690, 1, 0
54270, 1855283, 1, 0
54508, 655328, 1, 0
54811, 1148585, 1, 0
55031, 582386, 1, 0
55282, 968590, 1, 0
56356, 3039252, 1, 0
56402, 3314729, 1, 0
56403, 3315444, 1, 0
56404, 3316184, 1, 0
56527, 3102104, 1, 0
56753, 2012169, 1, 0
57163, 2758943, 1, 0
57332, 3210159, 1, 0
57510, 2221372, 1, 0
57770, 1040370, 1, 0
58836, 1051870, 1, 0
58848, 2111697, 1, 0
58905, 1221631, 1, 0
58905, 1221679, 1, 0
59021, 1603125, 1, 0
59311, 1656590, 1, 0
59626, 1759484, 1, 0
59861, 1280850, 1, 0
60000, 1483990, 1, 0
61315, 2206856, 1, 0
61315, 2206807, 1, 0
61315, 2284046, 1, 0
61315, 2004364, 1, 0
61315, 1903922, 1, 0
61315, 1774985, 1, 0
320, 145467, 1, 0
589, 333385, 1, 0
758, 567513, 1, 0
1103, 736149, 1, 0
1269, 1024355, 1, 0
1563, 1244815, 1, 0
2109, 1538777, 1, 0
2265, 1522953, 1, 0
2279, 1373857, 1, 0
2510, 1519802, 1, 0
2794, 1604579, 1, 0
3006, 1675189, 1, 0
3253, 1322823, 1, 0
3595, 1292475, 1, 0
3813, 733535, 1, 0
4058, 1835646, 1, 0
4302, 2332741, 1, 0
4702, 1512786, 1, 0
4755, 2220535, 1, 0
5047, 895802, 1, 0
5262, 1551177, 1, 0
5503, 1854534, 1, 0
5850, 1040911, 1, 0
6014, 1232064, 1, 0
6263, 1333019, 1, 0
6540, 1218541, 1, 0
6884, 1215383, 1, 0
7096, 1699816, 1, 0
7251, 725574, 1, 0
8125, 1451693, 1, 0
8144, 1255892, 1, 0
8378, 1231607, 1, 0
8421, 1531646, 1, 0
8532, 1592303, 1, 0
8767, 1814250, 1, 0
9257, 1347253, 1, 0
9469, 1018186, 1, 0
9531, 1827879, 1, 0
9777, 2686028, 1, 0
10016, 1601833, 1, 0
10269, 1138952, 1, 0
10946, 1843367, 1, 0
11034, 2580452, 1, 0
11076, 1238846, 1, 0
11288, 1592382, 1, 0
11579, 1255694, 1, 0
11856, 1775628, 1, 0
12097, 797503, 1, 0
12963, 1457489, 1, 0
13010, 1825488, 1, 0
13010, 1153963, 1, 0
13062, 1196407, 1, 0
13277, 2413174, 1, 0
13519, 1602472, 1, 0
13788, 1178366, 1, 0
14311, 752865, 1, 0
14365, 845383, 1, 0
14754, 1082652, 1, 0
14756, 1549194, 1, 0
15051, 1910789, 1, 0
15314, 1865552, 1, 0
15507, 700855, 1, 0
15784, 957520, 1, 0
16022, 1194172, 1, 0
16378, 1323154, 1, 0
16546, 1188094, 1, 0
17138, 1441843, 1, 0
17139, 1631984, 1, 0
17273, 1845195, 1, 0
17507, 1635913, 1, 0
18134, 1320902, 1, 0
18227, 2540768, 1, 0
18280, 772722, 1, 0
18503, 1131186, 1, 0
18830, 1887127, 1, 0
19573, 1549658, 1, 0
19574, 1292716, 1, 0
19574, 1263250, 1, 0
19940, 1618056, 1, 0
20003, 1624318, 1, 0
20334, 1856737, 1, 0
20606, 1248568, 1, 0
20849, 2016878, 1, 0
21336, 1139065, 1, 0
21495, 1835928, 1, 0
21653, 1907328, 1, 0
21758, 1816351, 1, 0
22020, 1839263, 1, 0
22309, 2513579, 1, 0
22525, 2163110, 1, 0
22796, 1420671, 1, 0
23959, 2467200, 1, 0
23961, 2094463, 1, 0
23961, 2046857, 1, 0
23961, 2009358, 1, 0
24021, 1847811, 1, 0
24336, 1609427, 1, 0
24595, 1050300, 1, 0
24788, 1249062, 1, 0
25080, 1176848, 1, 0
25256, 1532573, 1, 0
25568, 1282334, 1, 0
25766, 894439, 1, 0
26279, 1298912, 1, 0
26301, 1428734, 1, 0
26504, 1558109, 1, 0
26802, 1223414, 1, 0
27015, 2245909, 1, 0
27348, 1804293, 1, 0
27583, 967605, 1, 0
27752, 1465977, 1, 0
28014, 1281191, 1, 0
28831, 1482102, 1, 0
28833, 1450765, 1, 0
28917, 1332886, 1, 0
29082, 1330602, 1, 0
29254, 1686118, 1, 0
29562, 1772392, 1, 0
29929, 2743662, 1, 0
30002, 2084097, 1, 0
30257, 1759917, 1, 0
30589, 1766326, 1, 0
31562, 2372472, 1, 0
31563, 1399655, 1, 0
31624, 2369858, 1, 0
31626, 2481051, 1, 0
32086, 1866604, 1, 0
32118, 486017, 1, 0
32265, 634900, 1, 0
32516, 866178, 1, 0
32768, 1324129, 1, 0
33018, 1354035, 1, 0
33293, 868728, 1, 0
33521, 1786492, 1, 0
34371, 4284560, 1, 0
34372, 1648955, 1, 0
34373, 4281039, 1, 0
34525, 2080584, 1, 0
34919, 1465294, 1, 0
35076, 1913247, 1, 0
35283, 1079100, 1, 0
35503, 1582283, 1, 0
35931, 984988, 1, 0
36034, 717205, 1, 0
36268, 938909, 1, 0
36504, 1261751, 1, 0
36753, 1395021, 1, 0
37101, 568104, 1, 0
37514, 1365902, 1, 0
37577, 1185059, 1, 0
38628, 1376188, 1, 0
38657, 3068286, 1, 0
38780, 1554061, 1, 0
38926, 2388875, 1, 0
38960, 331194, 1, 0
39157, 1116109, 1, 0
39325, 1241985, 1, 0
40084, 1034377, 1, 0
40085, 4427590, 1, 0
40087, 4155126, 1, 0
40257, 3212873, 1, 0
40516, 1877267, 1, 0
40784, 655123, 1, 0
41008, 774333, 1, 0
41278, 972777, 1, 0
41604, 1328596, 1, 0
41804, 1069831, 1, 0
42000, 1326750, 1, 0
42285, 1551719, 1, 0
42725, 2078817, 1, 0
42777, 2406237, 1, 0
43044, 1529645, 1, 0
43268, 1148405, 1, 0
43511, 797259, 1, 0
43868, 767479, 1, 0
44359, 1375679, 1, 0
44471, 1740763, 1, 0
44580, 1518441, 1, 0
44860, 1482042, 1, 0
45025, 1242916, 1, 0
45302, 1291682, 1, 0
45600, 1217232, 1, 0
45816, 2419361, 1, 0
46287, 810281, 1, 0
46422, 2832186, 1, 0
46526, 1933363, 1, 0
46875, 1422250, 1, 0
47022, 1871019, 1, 0
47304, 2251046, 1, 0
47605, 1429328, 1, 0
47783, 648105, 1, 0
48027, 813828, 1, 0
48263, 1056703, 1, 0
48732, 2136304, 1, 0
48786, 3426248, 1, 0
49046, 2788892, 1, 0
49277, 2023162, 1, 0
49500, 2048308, 1, 0
49799, 742371, 1, 0
50030, 1281316, 1, 0
50438, 1248597, 1, 0
50962, 2770081, 1, 0
51051, 1198841, 1, 0
51051, 1183191, 1, 0
51305, 1399249, 1, 0
51646, 1825137, 1, 0
51880, 4074999, 1, 0
52092, 4286220, 1, 0
52612, 3555806, 1, 0
52613, 3553857, 1, 0
52789, 2851635, 1, 0
53088, 3036073, 1, 0
53292, 1667167, 1, 0
53760, 1147316, 1, 0
53761, 1145899, 1, 0
54032, 1215527, 1, 0
54455, 2046582, 1, 0
54571, 4540189, 1, 0
54767, 2334442, 1, 0
55013, 1118621, 1, 0
55258, 738000, 1, 0
56367, 4897950, 1, 0
56369, 4892373, 1, 0
56369, 4888300, 1, 0
56369, 4888240, 1, 0
56575, 2444194, 1, 0
56778, 1791128, 1, 0
57456, 2242667, 1, 0
57457, 1087634, 1, 0
57646, 1008975, 1, 0
57752, 1073896, 1, 0
58096, 1611547, 1, 0
58306, 2612674, 1, 0
58832, 1140686, 1, 0
58881, 3755020, 1, 0
59115, 2309665, 1, 0
59272, 1469665, 1, 0
59529, 427891, 1, 0
59862, 1256935, 1, 0
60006, 822835, 1, 0
61615, 2499995, 1, 0
61615, 2342710, 1, 0
61615, 2341822, 1, 0
61615, 2305090, 1, 0
61615, 3518397, 1, 0
61615, 3517720, 1, 0
61615, 2302658, 1, 0
631, 456408, 1, 0
740, 565872, 1, 0
799, 624570, 1, 0
1027, 746669, 1, 0
1288, 990176, 1, 0
1542, 1218672, 1, 0
1792, 1304421, 1, 0
2276, 1532219, 1, 0
2277, 1444833, 1, 0
2533, 1549518, 1, 0
2841, 2011451, 1, 0
3005, 1435508, 1, 0
3260, 1463460, 1, 0
3746, 1226740, 1, 0
3762, 1484291, 1, 0
4000, 1881205, 1, 0
4287, 985527, 1, 0
4571, 1283325, 1, 0
4774, 1748794, 1, 0
5039, 468106, 1, 0
5259, 1343811, 1, 0
5501, 2108810, 1, 0
5761, 940156, 1, 0
6020, 1070277, 1, 0
6884, 968224, 1, 0
6886, 1522636, 1, 0
6889, 1204341, 1, 0
7040, 1361022, 1, 0
7256, 2446868, 1, 0
8121, 2152230, 1, 0
8123, 2620206, 1, 0
8124, 1917535, 1, 0
8293, 2449906, 1, 0
8599, 2001672, 1, 0
8750, 1921400, 1, 0
9063, 1635224, 1, 0
9527, 651131, 1, 0
9527, 1402433, 1, 0
9772, 1560224, 1, 0
10126, 1834979, 1, 0
10281, 617786, 1, 0
10555, 1369653, 1, 0
10774, 1273362, 1, 0
11007, 1029325, 1, 0
11283, 957890, 1, 0
11500, 1113290, 1, 0
11889, 1654104, 1, 0
12096, 1035866, 1, 0
12286, 1170069, 1, 0
12503, 1606587, 1, 0
12911, 1564474, 1, 0
13198, 2189789, 1, 0
13267, 1741646, 1, 0
13603, 1260732, 1, 0
13774, 1229985, 1, 0
14047, 968251, 1, 0
14348, 996953, 1, 0
14630, 266214, 1, 0
14753, 1167674, 1, 0
15014, 1390166, 1, 0
15265, 1319868, 1, 0
15508, 1530413, 1, 0
15897, 2188282, 1, 0
16114, 1121176, 1, 0
16281, 940985, 1, 0
16545, 1247906, 1, 0
17135, 1418316, 1, 0
17136, 2122186, 1, 0
17270, 2547015, 1, 0
17590, 1689629, 1, 0
18173, 1081393, 1, 0
18233, 1096719, 1, 0
18258, 1699133, 1, 0
18575, 1795327, 1, 0
18895, 1160132, 1, 0
19089, 1666958, 1, 0
19279, 1912331, 1, 0
19571, 1610675, 1, 0
19884, 1355464, 1, 0
20038, 2899686, 1, 0
20278, 1648253, 1, 0
20522, 895009, 1, 0
20833, 594849, 1, 0
21024, 833037, 1, 0
21298, 1100943, 1, 0
21855, 1577423, 1, 0
21856, 1549057, 1, 0
22011, 1438118, 1, 0
22251, 1202788, 1, 0
22614, 1476308, 1, 0
22773, 1325021, 1, 0
23032, 2691902, 1, 0
23295, 2447464, 1, 0
23536, 1581812, 1, 0
23955, 1802250, 1, 0
24019, 2119600, 1, 0
24298, 1461799, 1, 0
24539, 1700805, 1, 0
24813, 1609081, 1, 0
25017, 1021472, 1, 0
25585, 1436599, 1, 0
25585, 1275710, 1, 0
25766, 1643498, 1, 0
26191, 1533412, 1, 0
26305, 1901229, 1, 0
26511, 1736844, 1, 0
26791, 1662034, 1, 0
27019, 1622017, 1, 0
27529, 1622148, 1, 0
27578, 1214610, 1, 0
27782, 1303039, 1, 0
28034, 1037103, 1, 0
28277, 1242061, 1, 0
28784, 1563876, 1, 0
28922, 2118231, 1, 0
29001, 1729327, 1, 0
29250, 1493621, 1, 0
29568, 615587, 1, 0
29895, 684249, 1, 0
30034, 1581134, 1, 0
30256, 2148101, 1, 0
30501, 2125520, 1, 0
30951, 1656012, 1, 0
31505, 2231571, 1, 0
31555, 2311974, 1, 0
31561, 2533769, 1, 0
31809, 1982653, 1, 0
32018, 953648, 1, 0
32263, 2158743, 1, 0
32515, 2048096, 1, 0
32775, 1036476, 1, 0
33092, 1071059, 1, 0
33262, 998984, 1, 0
33649, 1420341, 1, 0
33829, 533764, 1, 0
34116, 693961, 1, 0
34374, 1630505, 1, 0
34576, 2266060, 1, 0
34851, 2232630, 1, 0
35022, 2536835, 1, 0
35379, 2460777, 1, 0
35503, 2525652, 1, 0
35845, 1844903, 1, 0
36017, 702180, 1, 0
36281, 1599194, 1, 0
36506, 1693191, 1, 0
36803, 1112755, 1, 0
37195, 1547300, 1, 0
37263, 932099, 1, 0
37513, 1463518, 1, 0
37770, 1375420, 1, 0
38049, 1283826, 1, 0
38464, 3562143, 1, 0
38682, 2501089, 1, 0
38812, 2068944, 1, 0
40084, 1654417, 1, 0
40084, 2305040, 1, 0
40087, 2475006, 1, 0
40087, 2823006, 1, 0
40087, 2823012, 1, 0
40461, 2065622, 1, 0
40568, 479779, 1, 0
40783, 693424, 1, 0
41255, 868581, 1, 0
41330, 1084368, 1, 0
41567, 1297626, 1, 0
41876, 1904110, 1, 0
42100, 1200684, 1, 0
42470, 899451, 1, 0
42723, 2636785, 1, 0
42775, 2150351, 1, 0
43019, 1232347, 1, 0
43436, 1385420, 1, 0
43500, 531611, 1, 0
44026, 1020379, 1, 0
44102, 1251884, 1, 0
44399, 1360993, 1, 0
44582, 1489627, 1, 0
44828, 1611358, 1, 0
45041, 798645, 1, 0
45261, 1888405, 1, 0
45526, 1662690, 1, 0
45918, 1663440, 1, 0
46142, 2641473, 1, 0
46306, 2709277, 1, 0
46513, 2788597, 1, 0
46934, 1630481, 1, 0
47004, 1890080, 1, 0
47263, 1745273, 1, 0
47502, 1328063, 1, 0
47779, 1172269, 1, 0
48044, 1599196, 1, 0
48266, 1111540, 1, 0
48556, 983602, 1, 0
48921, 1192929, 1, 0
49001, 996024, 1, 0
49385, 1605732, 1, 0
49549, 1901432, 1, 0
49763, 727992, 1, 0
50005, 689320, 1, 0
50810, 1312056, 1, 0
50958, 3463648, 1, 0
50963, 1243083, 1, 0
51010, 2157496, 1, 0
51261, 1032817, 1, 0
51503, 1582059, 1, 0
51802, 1404707, 1, 0
52019, 651719, 1, 0
52610, 1007457, 1, 0
52611, 1642528, 1, 0
52779, 1561613, 1, 0
53085, 1460091, 1, 0
53291, 1533028, 1, 0
53706, 2231452, 1, 0
53763, 1337436, 1, 0
54012, 1164674, 1, 0
54500, 1074793, 1, 0
54518, 534873, 1, 0
54779, 1232581, 1, 0
55011, 915150, 1, 0
55256, 807778, 1, 0
56141, 2056511, 1, 0
56143, 4929741, 1, 0
56364, 5127555, 1, 0
56365, 5128035, 1, 0
56540, 2261556, 1, 0
56984, 1465018, 1, 0
57386, 809248, 1, 0
57387, 975536, 1, 0
57576, 1226907, 1, 0
57784, 1290485, 1, 0
58187, 1879248, 1, 0
58309, 834576, 1, 0
58841, 1346147, 1, 0
58842, 1454880, 1, 0
59028, 2147674, 1, 0
59252, 1182178, 1, 0
59671, 944652, 1, 0
59820, 906196, 1, 0
60011, 872280, 1, 0
61718, 2423465, 1, 0
61718, 2391478, 1, 0
61718, 2381946, 1, 0
61718, 2582912, 1, 0
61718, 2550782, 1, 0
61718, 2502480, 1, 0
61718, 2570323, 1, 0
931, 927461, 1, 0
964, 960509, 1, 0
965, 961245, 1, 0
1008, 994831, 1, 0
1266, 1132257, 1, 0
1805, 1403223, 1, 0
1805, 1800744, 1, 0
2004, 1318815, 1, 0
2296, 1097210, 1, 0
2775, 1036467, 1, 0
2776, 1507763, 1, 0
3105, 775314, 1, 0
3273, 1294483, 1, 0
3778, 1397323, 1, 0
3798, 1620131, 1, 0
4008, 1542626, 1, 0
4291, 1355791, 1, 0
4527, 1386600, 1, 0
4767, 1007450, 1, 0
5079, 954475, 1, 0
5282, 1326625, 1, 0
5752, 804336, 1, 0
5795, 498619, 1, 0
6001, 1292919, 1, 0
6282, 537438, 1, 0
6546, 1101987, 1, 0
6782, 1287663, 1, 0
7024, 1707202, 1, 0
7275, 1601480, 1, 0
7501, 1145921, 1, 0
7778, 1073066, 1, 0
8070, 897341, 1, 0
8252, 1002151, 1, 0
8544, 1174657, 1, 0
8792, 762113, 1, 0
9045, 1405114, 1, 0
9274, 1238649, 1, 0
9624, 525930, 1, 0
9807, 1740466, 1, 0
10048, 980901, 1, 0
10262, 1461934, 1, 0
10649, 926783, 1, 0
10780, 1330333, 1, 0
11007, 1599848, 1, 0
11257, 495033, 1, 0
11727, 643437, 1, 0
11786, 1700150, 1, 0
12027, 1421526, 1, 0
12266, 1124326, 1, 0
12648, 685238, 1, 0
12764, 1551460, 1, 0
13184, 1172235, 1, 0
13274, 707511, 1, 0
13613, 1322731, 1, 0
13792, 1541676, 1, 0
14016, 1653073, 1, 0
14417, 948252, 1, 0
14690, 1744385, 1, 0
14770, 1258386, 1, 0
15064, 1212197, 1, 0
15250, 1194061, 1, 0
15648, 1470079, 1, 0
15761, 785348, 1, 0
16145, 684339, 1, 0
16268, 1167866, 1, 0
16551, 1247681, 1, 0
16795, 1068872, 1, 0
17075, 913184, 1, 0
17282, 1131671, 1, 0
17520, 372932, 1, 0
17763, 952933, 1, 0
18021, 1276332, 1, 0
18464, 816463, 1, 0
18557, 1328476, 1, 0
18754, 2142054, 1, 0
19110, 1449107, 1, 0
19323, 1152585, 1, 0
19689, 735762, 1, 0
19773, 2341700, 1, 0
20002, 1626302, 1, 0
20503, 1428852, 1, 0
20541, 1174118, 1, 0
20788, 1439700, 1, 0
21045, 1271377, 1, 0
21382, 545731, 1, 0
21578, 1302493, 1, 0
21762, 1533950, 1, 0
22082, 1743480, 1, 0
22364, 639512, 1, 0
22627, 729017, 1, 0
22753, 760585, 1, 0
23022, 1375475, 1, 0
23251, 379232, 1, 0
23508, 1300909, 1, 0
23760, 901992, 1, 0
24009, 253303, 1, 0
24448, 331832, 1, 0
24528, 2819927, 1, 0
24804, 1930679, 1, 0
25028, 1463578, 1, 0
25360, 1097339, 1, 0
25517, 607303, 1, 0
25782, 1228096, 1, 0
26055, 1006652, 1, 0
26462, 571491, 1, 0
26583, 839275, 1, 0
26761, 1372099, 1, 0
27212, 1669100, 1, 0
27315, 1943836, 1, 0
27506, 1575967, 1, 0
27833, 811510, 1, 0
28289, 1186338, 1, 0
28309, 2479328, 1, 0
28501, 1686810, 1, 0
28791, 2265877, 1, 0
29037, 1261785, 1, 0
29254, 1187256, 1, 0
29524, 1062438, 1, 0
29803, 688388, 1, 0
30012, 523488, 1, 0
30264, 566330, 1, 0
30507, 1342555, 1, 0
30774, 1392430, 1, 0
31014, 1410818, 1, 0
31267, 1108070, 1, 0
31568, 996383, 1, 0
31753, 1325777, 1, 0
32179, 430255, 1, 0
32275, 530903, 1, 0
32505, 671539, 1, 0
32966, 1076951, 1, 0
33083, 2291833, 1, 0
33288, 760250, 1, 0
33532, 1470480, 1, 0
33794, 1087728, 1, 0
34041, 1045370, 1, 0
34310, 382686, 1, 0
34652, 1226451, 1, 0
34759, 1648851, 1, 0
35045, 984133, 1, 0
35327, 2078735, 1, 0
35509, 2169840, 1, 0
35758, 1751345, 1, 0
36013, 1046576, 1, 0
36428, 1461309, 1, 0
36552, 1109499, 1, 0
36754, 1590510, 1, 0
37175, 1332857, 1, 0
37291, 1707584, 1, 0
37618, 1829498, 1, 0
37776, 1724842, 1, 0
38054, 599536, 1, 0
38460, 1822675, 1, 0
38500, 828477, 1, 0
38756, 1626648, 1, 0
39016, 1824594, 1, 0
39251, 1889001, 1, 0
39538, 1527963, 1, 0
39786, 1417027, 1, 0
40211, 2059659, 1, 0
40299, 2075514, 1, 0
40528, 1413034, 1, 0
40766, 1062642, 1, 0
41097, 1206248, 1, 0
41290, 1356551, 1, 0
41515, 1092293, 1, 0
41775, 1184045, 1, 0
42142, 1252795, 1, 0
42269, 1138960, 1, 0
42536, 1277262, 1, 0
42837, 883634, 1, 0
43093, 1374838, 1, 0
43298, 1090407, 1, 0
43517, 1492832, 1, 0
43866, 1036039, 1, 0
44111, 1357885, 1, 0
44266, 1518837, 1, 0
44503, 1448378, 1, 0
44848, 548297, 1, 0
45104, 764212, 1, 0
45257, 972389, 1, 0
45517, 1357577, 1, 0
45750, 1012465, 1, 0
46001, 1093228, 1, 0
46312, 896192, 1, 0
46536, 1016624, 1, 0
46777, 979499, 1, 0
47058, 1182710, 1, 0
47288, 1376617, 1, 0
47518, 1145818, 1, 0
47759, 1121299, 1, 0
48078, 609976, 1, 0
48285, 1183277, 1, 0
48521, 1146357, 1, 0
48766, 1098280, 1, 0
49078, 841113, 1, 0
49266, 758026, 1, 0
49502, 1197535, 1, 0
49758, 1082189, 1, 0
50001, 1172736, 1, 0
50283, 1487465, 1, 0
50720, 1145414, 1, 0
50773, 1036294, 1, 0
51091, 1295838, 1, 0
51292, 1368913, 1, 0
51547, 1192500, 1, 0
51825, 1217205, 1, 0
52043, 827695, 1, 0
52286, 885522, 1, 0
53069, 1005148, 1, 0
53137, 812078, 1, 0
53138, 811771, 1, 0
53318, 866139, 1, 0
53891, 1254373, 1, 0
53932, 2534086, 1, 0
54004, 2503093, 1, 0
54285, 562056, 1, 0
54641, 1013445, 1, 0
54794, 1914148, 1, 0
55025, 991422, 1, 0
55251, 1613790, 1, 0
55545, 1709364, 1, 0
55754, 1732649, 1, 0
56057, 511878, 1, 0
56262, 1342818, 1, 0
56520, 1465841, 1, 0
56822, 1372653, 1, 0
57016, 1209208, 1, 0
57254, 1115199, 1, 0
57578, 419195, 1, 0
57801, 730091, 1, 0
58000, 1357269, 1, 0
58297, 907484, 1, 0
58502, 1332967, 1, 0
58951, 1525604, 1, 0
59049, 1616349, 1, 0
59251, 1320202, 1, 0
59552, 629202, 1, 0
59800, 1497527, 1, 0
60001, 1500454, 1, 0
60911, 1959312, 1, 0
60911, 1861228, 1, 0
60911, 1859802, 1, 0
60911, 1512684, 1, 0
429, 425629, 1, 0
516, 513111, 1, 0
753, 613047, 1, 0
1006, 908153, 1, 0
1325, 1022759, 1, 0
1508, 707289, 1, 0
1806, 966437, 1, 0
2017, 1029479, 1, 0
2330, 1103373, 1, 0
2503, 546723, 1, 0
2860, 696114, 1, 0
3074, 860069, 1, 0
3273, 1156102, 1, 0
3501, 1324017, 1, 0
3789, 1246871, 1, 0
4014, 1129418, 1, 0
4271, 704778, 1, 0
4874, 1268657, 1, 0
4875, 1567513, 1, 0
5064, 1576162, 1, 0
5267, 978946, 1, 0
5635, 1425167, 1, 0
5754, 1154590, 1, 0
6043, 1159524, 1, 0
6292, 727033, 1, 0
6659, 957788, 1, 0
6788, 1434015, 1, 0
7025, 1237819, 1, 0
7256, 1899505, 1, 0
7515, 1442329, 1, 0
7794, 1083502, 1, 0
8010, 929666, 1, 0
8313, 1187905, 1, 0
8545, 1102687, 1, 0
8983, 838239, 1, 0
9136, 590055, 1, 0
9256, 1599444, 1, 0
9626, 1459939, 1, 0
9768, 1678394, 1, 0
10010, 935624, 1, 0
10253, 962753, 1, 0
10573, 707006, 1, 0
10793, 1012566, 1, 0
11062, 641212, 1, 0
11258, 951382, 1, 0
11598, 1251957, 1, 0
11786, 1121960, 1, 0
12000, 1325593, 1, 0
12301, 1580045, 1, 0
12560, 1215279, 1, 0
12770, 1247623, 1, 0
13025, 978759, 1, 0
13267, 1141169, 1, 0
13590, 630787, 1, 0
13808, 953417, 1, 0
14058, 1116729, 1, 0
14428, 1029273, 1, 0
14518, 1583562, 1, 0
14751, 1185264, 1, 0
15064, 1388662, 1, 0
15281, 1353390, 1, 0
15583, 1155036, 1, 0
15761, 1174869, 1, 0
16281, 1099198, 1, 0
16432, 1704068, 1, 0
16500, 1359775, 1, 0
16773, 1378135, 1, 0
17024, 1622327, 1, 0
17262, 1162033, 1, 0
17545, 813006, 1, 0
17848, 987659, 1, 0
18006, 786987, 1, 0
18558, 667187, 1, 0
18572, 852480, 1, 0
18756, 1176494, 1, 0
19031, 1294505, 1, 0
19325, 799093, 1, 0
19586, 2506395, 1, 0
19769, 1601534, 1, 0
20090, 1288023, 1, 0
20257, 941191, 1, 0
20558, 414950, 1, 0
20771, 802525, 1, 0
21073, 605230, 1, 0
21436, 1897696, 1, 0
21528, 1975859, 1, 0
21773, 480069, 1, 0
22056, 1123043, 1, 0
22311, 1356904, 1, 0
22639, 1677062, 1, 0
22754, 1990738, 1, 0
23014, 1414402, 1, 0
23251, 1922166, 1, 0
23622, 1154979, 1, 0
23791, 1721997, 1, 0
24530, 2245100, 1, 0
24684, 2220950, 1, 0
24685, 2696225, 1, 0
24804, 2284474, 1, 0
25023, 1603796, 1, 0
25349, 1387580, 1, 0
25534, 1241329, 1, 0
25786, 913608, 1, 0
26001, 1073469, 1, 0
26523, 1195215, 1, 0
26609, 943963, 1, 0
26767, 997216, 1, 0
27012, 1098169, 1, 0
27415, 1261878, 1, 0
27519, 1410836, 1, 0
27766, 1159578, 1, 0
28010, 1117976, 1, 0
28382, 805408, 1, 0
28515, 768925, 1, 0
28791, 767968, 1, 0
29085, 614249, 1, 0
29415, 548754, 1, 0
29534, 1449052, 1, 0
29785, 854349, 1, 0
30012, 921126, 1, 0
30265, 1151257, 1, 0
30536, 1318978, 1, 0
30763, 1152731, 1, 0
31013, 448623, 1, 0
31268, 390543, 1, 0
31569, 985670, 1, 0
31753, 1538041, 1, 0
32247, 658807, 1, 0
32278, 2330402, 1, 0
32506, 1840190, 1, 0
32855, 329462, 1, 0
33047, 1227970, 1, 0
33693, 1315562, 1, 0
33702, 2433819, 1, 0
33792, 2325102, 1, 0
34012, 1514776, 1, 0
34262, 1424856, 1, 0
34502, 942487, 1, 0
34795, 676413, 1, 0
35095, 602809, 1, 0
35250, 816651, 1, 0
35549, 774490, 1, 0
35759, 250572, 1, 0
36146, 451911, 1, 0
36275, 1974277, 1, 0
36517, 1458632, 1, 0
36796, 1273778, 1, 0
37018, 1101359, 1, 0
37289, 1949631, 1, 0
37531, 1184931, 1, 0
37958, 673252, 1, 0
38208, 1555977, 1, 0
38266, 1660543, 1, 0
38507, 1166058, 1, 0
38776, 955420, 1, 0
39016, 1310608, 1, 0
39256, 1033042, 1, 0
39511, 1549937, 1, 0
39786, 1373973, 1, 0
40206, 756959, 1, 0
40312, 700017, 1, 0
40513, 985737, 1, 0
40796, 1805110, 1, 0
41004, 1949619, 1, 0
41256, 1265404, 1, 0
41517, 1149976, 1, 0
41763, 906686, 1, 0
42099, 823557, 1, 0
42332, 1038674, 1, 0
42561, 637893, 1, 0
42838, 855177, 1, 0
43034, 919235, 1, 0
43387, 1255451, 1, 0
43518, 1341956, 1, 0
43905, 884960, 1, 0
44031, 850870, 1, 0
44470, 1336941, 1, 0
44523, 1024141, 1, 0
44816, 1192931, 1, 0
45058, 1642579, 1, 0
45289, 1813931, 1, 0
45500, 1488159, 1, 0
45750, 1472341, 1, 0
46012, 1116625, 1, 0
46312, 954442, 1, 0
46524, 950989, 1, 0
46843, 1023905, 1, 0
47137, 1432452, 1, 0
47280, 1391858, 1, 0
47503, 1187819, 1, 0
47779, 1093700, 1, 0
48328, 1047880, 1, 0
48329, 1047860, 1, 0
48522, 1217575, 1, 0
48759, 1250493, 1, 0
49089, 1191722, 1, 0
49267, 1220434, 1, 0
49522, 949086, 1, 0
49765, 941399, 1, 0
50084, 1516022, 1, 0
50261, 1152410, 1, 0
50521, 1076948, 1, 0
50776, 1526211, 1, 0
51092, 1327050, 1, 0
51267, 1242225, 1, 0
51565, 800677, 1, 0
51757, 1240804, 1, 0
52041, 1265643, 1, 0
52325, 1675815, 1, 0
52558, 992657, 1, 0
52932, 1044332, 1, 0
53069, 1093592, 1, 0
53250, 1415988, 1, 0
53506, 1118843, 1, 0
54054, 565646, 1, 0
54056, 505532, 1, 0
54272, 1242024, 1, 0
54506, 777420, 1, 0
54817, 875710, 1, 0
55026, 1409146, 1, 0
55250, 1238678, 1, 0
55542, 1067384, 1, 0
55768, 1176488, 1, 0
56018, 2635998, 1, 0
56251, 1326874, 1, 0
56522, 875236, 1, 0
56852, 1299559, 1, 0
57007, 562783, 1, 0
57255, 731002, 1, 0
57517, 1166640, 1, 0
57803, 2753671, 1, 0
58001, 1218636, 1, 0
58301, 992227, 1, 0
58503, 1516862, 1, 0
58750, 1032543, 1, 0
59072, 2174391, 1, 0
59254, 917174, 1, 0
59555, 615011, 1, 0
59803, 409960, 1, 0
60067, 1369627, 1, 0
60964, 2353249, 1, 0
60964, 2337907, 1, 0
60964, 2337790, 1, 0
60964, 1773016, 1, 0
262, 162909, 1, 0
520, 424737, 1, 0
841, 834731, 1, 0
1053, 882524, 1, 0
1256, 1129752, 1, 0
1511, 1057425, 1, 0
1809, 1335760, 1, 0
2006, 1362077, 1, 0
2271, 834542, 1, 0
2932, 1262867, 1, 0
2970, 1636816, 1, 0
3017, 1106463, 1, 0
3277, 1323320, 1, 0
3507, 773784, 1, 0
3781, 578151, 1, 0
4013, 1477233, 1, 0
4258, 787548, 1, 0
4815, 698216, 1, 0
4816, 1304314, 1, 0
5008, 1407665, 1, 0
5300, 924506, 1, 0
5619, 334084, 1, 0
5787, 1068996, 1, 0
6022, 1327541, 1, 0
6279, 1102456, 1, 0
6671, 1175683, 1, 0
6866, 1454257, 1, 0
7009, 1908416, 1, 0
7308, 1849531, 1, 0
7859, 1471618, 1, 0
7859, 1812822, 1, 0
8039, 1499405, 1, 0
8257, 1420934, 1, 0
8522, 1288889, 1, 0
8845, 734393, 1, 0
9000, 1452828, 1, 0
9276, 1087684, 1, 0
9630, 527580, 1, 0
9775, 644338, 1, 0
10018, 1113474, 1, 0
10284, 796152, 1, 0
10546, 1490212, 1, 0
10864, 1408650, 1, 0
11006, 1312678, 1, 0
11404, 1034980, 1, 0
11692, 1385924, 1, 0
11751, 861324, 1, 0
12059, 986220, 1, 0
12272, 1031501, 1, 0
12636, 726963, 1, 0
12755, 624014, 1, 0
13096, 1015008, 1, 0
13304, 944123, 1, 0
13726, 938419, 1, 0
13827, 1282255, 1, 0
14045, 1032990, 1, 0
14258, 1106605, 1, 0
14566, 969471, 1, 0
14754, 1062283, 1, 0
15191, 1160721, 1, 0
15267, 762398, 1, 0
15580, 927786, 1, 0
15832, 1095136, 1, 0
16028, 1775306, 1, 0
16270, 1802187, 1, 0
16573, 1039602, 1, 0
16764, 1086366, 1, 0
17004, 649007, 1, 0
17286, 1059898, 1, 0
17548, 575536, 1, 0
17758, 753952, 1, 0
18009, 606335, 1, 0
18313, 677974, 1, 0
18552, 856255, 1, 0
18770, 1085026, 1, 0
19193, 701045, 1, 0
19329, 2361550, 1, 0
19649, 2101388, 1, 0
19807, 1797054, 1, 0
20007, 825042, 1, 0
20250, 1473322, 1, 0
20608, 958866, 1, 0
20761, 1548538, 1, 0
21003, 1185361, 1, 0
21465, 1032361, 1, 0
21542, 1309320, 1, 0
21757, 1039430, 1, 0
22010, 686978, 1, 0
22477, 537941, 1, 0
22642, 873766, 1, 0
22760, 813244, 1, 0
23018, 633003, 1, 0
23294, 648991, 1, 0
23501, 482225, 1, 0
23872, 1027079, 1, 0
24048, 1449172, 1, 0
24421, 705544, 1, 0
24668, 836588, 1, 0
24807, 1497972, 1, 0
25033, 1815943, 1, 0
25272, 2013427, 1, 0
25501, 1371900, 1, 0
25773, 928047, 1, 0
26019, 653692, 1, 0
26483, 981327, 1, 0
26570, 1664771, 1, 0
26759, 1399842, 1, 0
27400, 1046763, 1, 0
27401, 808327, 1, 0
27523, 1263947, 1, 0
27759, 1161303, 1, 0
28014, 828492, 1, 0
28434, 1565028, 1, 0
28518, 1496976, 1, 0
28757, 1379133, 1, 0
29032, 914718, 1, 0
29455, 679266, 1, 0
29542, 991268, 1, 0
29751, 1333462, 1, 0
30429, 1086220, 1, 0
30430, 712425, 1, 0
30528, 691216, 1, 0
30764, 932522, 1, 0
31031, 1374130, 1, 0
31446, 1947417, 1, 0
31540, 1722841, 1, 0
31756, 917970, 1, 0
32100, 1050046, 1, 0
32266, 1074049, 1, 0
32585, 1627092, 1, 0
32751, 1277453, 1, 0
33051, 880182, 1, 0
33287, 1232194, 1, 0
33598, 628205, 1, 0
33798, 725825, 1, 0
34015, 258995, 1, 0
34259, 743556, 1, 0
34575, 1126342, 1, 0
35000, 671110, 1, 0
35039, 780237, 1, 0
35253, 1548422, 1, 0
35558, 1593953, 1, 0
35844, 1341710, 1, 0
36150, 641292, 1, 0
36280, 814746, 1, 0
36521, 1289066, 1, 0
36759, 688833, 1, 0
37021, 850069, 1, 0
37329, 1170393, 1, 0
37514, 1290947, 1, 0
37842, 700930, 1, 0
38072, 1148820, 1, 0
38422, 459591, 1, 0
38510, 1032599, 1, 0
38761, 1262377, 1, 0
39002, 783934, 1, 0
39252, 885912, 1, 0
39503, 1132035, 1, 0
39878, 1083192, 1, 0
40113, 1662759, 1, 0
40287, 1166243, 1, 0
40530, 1141550, 1, 0
40882, 775229, 1, 0
41208, 760735, 1, 0
41270, 990975, 1, 0
41519, 1024778, 1, 0
41773, 827356, 1, 0
42145, 1265902, 1, 0
42255, 1198646, 1, 0
42542, 1077157, 1, 0
42777, 1195590, 1, 0
43108, 1226436, 1, 0
43324, 811326, 1, 0
43504, 780273, 1, 0
43900, 951835, 1, 0
44116, 1314916, 1, 0
44281, 822748, 1, 0
44528, 692175, 1, 0
44820, 1060604, 1, 0
45167, 1332521, 1, 0
45260, 1438982, 1, 0
45516, 859896, 1, 0
45770, 813327, 1, 0
46045, 742594, 1, 0
46304, 1522183, 1, 0
46539, 1488706, 1, 0
46907, 1018004, 1, 0
47269, 1221783, 1, 0
47291, 1245369, 1, 0
47526, 1125102, 1, 0
47773, 1086955, 1, 0
48065, 1526020, 1, 0
48290, 1448794, 1, 0
48526, 928770, 1, 0
48780, 1016478, 1, 0
49022, 1281938, 1, 0
49268, 1242323, 1, 0
49512, 677833, 1, 0
49777, 712988, 1, 0
50003, 755846, 1, 0
50393, 1033437, 1, 0
50528, 1025430, 1, 0
50758, 1255241, 1, 0
51095, 1131816, 1, 0
51261, 1335888, 1, 0
51628, 1281230, 1, 0
51914, 1256953, 1, 0
52132, 1324550, 1, 0
52255, 1332078, 1, 0
52580, 1046078, 1, 0
52946, 651605, 1, 0
53001, 901449, 1, 0
53274, 945411, 1, 0
53520, 1077841, 1, 0
53926, 484971, 1, 0
54002, 914348, 1, 0
54291, 773813, 1, 0
54527, 884014, 1, 0
54900, 1719383, 1, 0
55001, 783363, 1, 0
55256, 777940, 1, 0
55539, 860441, 1, 0
55771, 714938, 1, 0
56060, 521018, 1, 0
56262, 586204, 1, 0
56975, 1402939, 1, 0
56998, 1373407, 1, 0
57019, 755890, 1, 0
57256, 1610403, 1, 0
57666, 739735, 1, 0
57833, 1217168, 1, 0
58062, 828970, 1, 0
58303, 1633861, 1, 0
58589, 1631115, 1, 0
58918, 1269579, 1, 0
59033, 1259638, 1, 0
59271, 1082386, 1, 0
59556, 1123226, 1, 0
59778, 2497664, 1, 0
60006, 1271171, 1, 0
60971, 1135324, 1, 0
60971, 1915787, 1, 0
60971, 1022036, 1, 0
60971, 1637615, 1, 0
262, 192881, 1, 0
503, 373611, 1, 0
814, 679903, 1, 0
1032, 916486, 1, 0
1251, 936955, 1, 0
1894, 1160604, 1, 0
1957, 1694512, 1, 0
2020, 1450598, 1, 0
2272, 933894, 1, 0
2506, 560494, 1, 0
2811, 1406709, 1, 0
3019, 1519104, 1, 0
3366, 1424433, 1, 0
3505, 1281074, 1, 0
3783, 1361540, 1, 0
4014, 940444, 1, 0
4284, 1078733, 1, 0
4516, 689712, 1, 0
4755, 1156544, 1, 0
5033, 910568, 1, 0
5312, 775888, 1, 0
5556, 1445872, 1, 0
5757, 1587327, 1, 0
6101, 1170759, 1, 0
6353, 1515301, 1, 0
6681, 1757148, 1, 0
6755, 1855271, 1, 0
7010, 1172775, 1, 0
7280, 699772, 1, 0
7520, 379451, 1, 0
7860, 684080, 1, 0
8004, 1167295, 1, 0
8257, 742557, 1, 0
8501, 1385402, 1, 0
8845, 360989, 1, 0
9006, 772351, 1, 0
9286, 892413, 1, 0
9661, 2111435, 1, 0
9771, 1215707, 1, 0
10016, 1671516, 1, 0
10309, 810522, 1, 0
10548, 1510526, 1, 0
10796, 778910, 1, 0
11011, 879122, 1, 0
11252, 1497147, 1, 0
11692, 1345370, 1, 0
11960, 1487247, 1, 0
12045, 1268469, 1, 0
12273, 1235071, 1, 0
12625, 997465, 1, 0
12755, 1443056, 1, 0
13115, 1563447, 1, 0
13341, 1378823, 1, 0
13528, 1423450, 1, 0
13788, 1478767, 1, 0
14014, 1454284, 1, 0
14317, 1065547, 1, 0
14683, 1371545, 1, 0
14796, 1270473, 1, 0
15130, 1192195, 1, 0
15308, 795760, 1, 0
15549, 1275960, 1, 0
15766, 1322392, 1, 0
16012, 1222261, 1, 0
16272, 1384336, 1, 0
16503, 901178, 1, 0
16802, 832942, 1, 0
17588, 1031179, 1, 0
17611, 1749756, 1, 0
17611, 1721667, 1, 0
17867, 1084242, 1, 0
18010, 1989082, 1, 0
18258, 1249692, 1, 0
18562, 1180899, 1, 0
18756, 1077901, 1, 0
19025, 1338247, 1, 0
19276, 634551, 1, 0
19656, 361906, 1, 0
19761, 756758, 1, 0
20007, 704172, 1, 0
20507, 943476, 1, 0
20618, 2490315, 1, 0
20774, 1168497, 1, 0
21069, 1297927, 1, 0
21445, 878490, 1, 0
21533, 1729902, 1, 0
21840, 791329, 1, 0
22015, 835787, 1, 0
22477, 1434967, 1, 0
22505, 575888, 1, 0
22792, 2450404, 1, 0
23014, 401146, 1, 0
23255, 378062, 1, 0
23501, 565824, 1, 0
23756, 876227, 1, 0
24023, 846668, 1, 0
24256, 1851371, 1, 0
24533, 2803629, 1, 0
24838, 1945627, 1, 0
25014, 400750, 1, 0
25364, 564342, 1, 0
25525, 1144275, 1, 0
25813, 1370241, 1, 0
26004, 1015740, 1, 0
26328, 975013, 1, 0
26527, 1807014, 1, 0
26765, 1264088, 1, 0
27011, 568154, 1, 0
27419, 565343, 1, 0
27501, 794282, 1, 0
27802, 994340, 1, 0
28074, 1484899, 1, 0
28293, 1122968, 1, 0
28505, 1564329, 1, 0
28797, 1853075, 1, 0
29465, 1480340, 1, 0
29508, 565057, 1, 0
29529, 576005, 1, 0
29799, 1106935, 1, 0
30000, 1356219, 1, 0
30509, 488036, 1, 0
30527, 608689, 1, 0
30793, 949338, 1, 0
31041, 1308245, 1, 0
31355, 1540594, 1, 0
31502, 1380155, 1, 0
31757, 1209824, 1, 0
32171, 1499110, 1, 0
32336, 533176, 1, 0
32505, 1074023, 1, 0
32806, 1245829, 1, 0
33043, 1678183, 1, 0
33297, 1242322, 1, 0
33629, 1162453, 1, 0
33755, 841197, 1, 0
34022, 2172484, 1, 0
34358, 2531750, 1, 0
34555, 2197180, 1, 0
34770, 2039904, 1, 0
35030, 1467514, 1, 0
35331, 1470153, 1, 0
35634, 1128706, 1, 0
35757, 1430510, 1, 0
36181, 1494561, 1, 0
36289, 1074786, 1, 0
36504, 2212349, 1, 0
36830, 1293294, 1, 0
37182, 1161311, 1, 0
37292, 762447, 1, 0
37559, 1132408, 1, 0
37758, 609234, 1, 0
38155, 873947, 1, 0
38271, 1434198, 1, 0
38508, 763970, 1, 0
38765, 599826, 1, 0
39405, 1324653, 1, 0
39464, 823796, 1, 0
39543, 883153, 1, 0
39756, 1322570, 1, 0
40113, 1705924, 1, 0
40302, 1615830, 1, 0
40501, 1871922, 1, 0
40775, 1248766, 1, 0
41022, 798604, 1, 0
41294, 1184217, 1, 0
41519, 776317, 1, 0
41764, 1235223, 1, 0
42144, 1149070, 1, 0
42287, 1094952, 1, 0
42541, 1442210, 1, 0
42841, 1441870, 1, 0
43097, 815004, 1, 0
43396, 814186, 1, 0
43541, 1394500, 1, 0
43808, 1172170, 1, 0
44034, 427162, 1, 0
44256, 1442652, 1, 0
44529, 1742243, 1, 0
44821, 1547360, 1, 0
45062, 1557889, 1, 0
45272, 1724527, 1, 0
45526, 1134139, 1, 0
45776, 884113, 1, 0
46027, 938780, 1, 0
46334, 996341, 1, 0
46627, 1503743, 1, 0
46764, 1272755, 1, 0
47131, 1123360, 1, 0
47261, 1345638, 1, 0
47700, 1318204, 1, 0
47757, 1316439, 1, 0
48007, 935822, 1, 0
48261, 1335592, 1, 0
48598, 900950, 1, 0
48780, 940242, 1, 0
49023, 792078, 1, 0
49309, 694226, 1, 0
49521, 1157252, 1, 0
49769, 1376295, 1, 0
50004, 919418, 1, 0
50270, 1192803, 1, 0
50566, 1531990, 1, 0
50753, 1334820, 1, 0
51096, 1350333, 1, 0
51270, 1278411, 1, 0
51552, 1141805, 1, 0
51812, 1269807, 1, 0
52149, 987433, 1, 0
52489, 1035897, 1, 0
52514, 1031645, 1, 0
52990, 1142895, 1, 0
53072, 1887803, 1, 0
53274, 1468749, 1, 0
53529, 1136866, 1, 0
53904, 1006020, 1, 0
54002, 960319, 1, 0
54260, 1297190, 1, 0
54521, 695592, 1, 0
54778, 343434, 1, 0
55030, 787345, 1, 0
55256, 1141778, 1, 0
55546, 558427, 1, 0
55759, 905402, 1, 0
56160, 1434310, 1, 0
56254, 573269, 1, 0
56826, 1098570, 1, 0
56954, 1195014, 1, 0
57025, 1423468, 1, 0
57255, 1623806, 1, 0
57562, 2260077, 1, 0
57815, 1550825, 1, 0
58104, 1209978, 1, 0
58283, 678688, 1, 0
58506, 688236, 1, 0
58854, 903896, 1, 0
59055, 2566983, 1, 0
59395, 2536582, 1, 0
59781, 2575996, 1, 0
59806, 2609114, 1, 0
60005, 1529728, 1, 0
60973, 2415129, 1, 0
60973, 1917268, 1, 0
60973, 1152881, 1, 0
60973, 1823449, 1, 0
427, 422670, 1, 0
524, 518266, 1, 0
752, 634862, 1, 0
1105, 908980, 1, 0
1274, 1188450, 1, 0
1551, 1543242, 1, 0
1772, 1547045, 1, 0
2035, 1027438, 1, 0
2555, 1220352, 1, 0
2565, 1694775, 1, 0
2783, 1577897, 1, 0
3012, 1241228, 1, 0
3263, 932230, 1, 0
3684, 884351, 1, 0
3861, 1006235, 1, 0
4001, 909669, 1, 0
4252, 1788839, 1, 0
4517, 1281632, 1, 0
4764, 840729, 1, 0
5012, 789698, 1, 0
5357, 1508541, 1, 0
5704, 1072515, 1, 0
5768, 1456221, 1, 0
6045, 1226730, 1, 0
6272, 1301727, 1, 0
6506, 644126, 1, 0
6787, 855393, 1, 0
7001, 1115818, 1, 0
7263, 1200496, 1, 0
7599, 1332666, 1, 0
7768, 1654540, 1, 0
8352, 1316379, 1, 0
8472, 1238339, 1, 0
8548, 744956, 1, 0
8752, 1067461, 1, 0
9077, 1614788, 1, 0
9613, 1783608, 1, 0
9642, 981485, 1, 0
9793, 1409245, 1, 0
10016, 1261613, 1, 0
10439, 1160689, 1, 0
10524, 1333791, 1, 0
10834, 1398106, 1, 0
11362, 769103, 1, 0
11388, 2311033, 1, 0
11545, 1474653, 1, 0
11752, 1248690, 1, 0
12039, 1044810, 1, 0
12285, 1633774, 1, 0
12534, 847994, 1, 0
12772, 1306440, 1, 0
13320, 1247608, 1, 0
13320, 1022556, 1, 0
13514, 1610483, 1, 0
13893, 1097107, 1, 0
14007, 819746, 1, 0
14481, 918704, 1, 0
14541, 1241224, 1, 0
14761, 1198543, 1, 0
15030, 1036543, 1, 0
15538, 776170, 1, 0
15539, 735665, 1, 0
15776, 1488374, 1, 0
16121, 1278620, 1, 0
16451, 1665071, 1, 0
16547, 938222, 1, 0
16988, 1082151, 1, 0
17048, 1464052, 1, 0
17377, 1771188, 1, 0
17511, 1816852, 1, 0
17779, 1633029, 1, 0
18440, 1525151, 1, 0
18442, 712693, 1, 0
18532, 1683667, 1, 0
18752, 1132742, 1, 0
19188, 641970, 1, 0
19269, 707022, 1, 0
19534, 694705, 1, 0
19773, 367606, 1, 0
20349, 997023, 1, 0
21680, 2224058, 1, 0
21680, 4168720, 1, 0
21682, 4147356, 1, 0
21683, 2149210, 1, 0
21685, 2114361, 1, 0
21685, 2096038, 1, 0
21830, 3412237, 1, 0
22048, 2049625, 1, 0
22303, 379981, 1, 0
22504, 572968, 1, 0
22755, 739938, 1, 0
23100, 1206037, 1, 0
23302, 1270116, 1, 0
23513, 1230468, 1, 0
23768, 955143, 1, 0
24403, 961851, 1, 0
24444, 1343780, 1, 0
24504, 1531585, 1, 0
24751, 955843, 1, 0
25170, 931635, 1, 0
25299, 1449269, 1, 0
25502, 1489519, 1, 0
25781, 986812, 1, 0
26294, 910974, 1, 0
26299, 553462, 1, 0
26530, 964866, 1, 0
26988, 977960, 1, 0
27024, 1397378, 1, 0
27263, 1056737, 1, 0
27513, 937278, 1, 0
27773, 853030, 1, 0
28025, 592068, 1, 0
28375, 1002111, 1, 0
28504, 613722, 1, 0
29013, 1268423, 1, 0
29076, 2052184, 1, 0
29252, 1286138, 1, 0
29513, 1513754, 1, 0
29821, 1758232, 1, 0
30125, 780126, 1, 0
30256, 654604, 1, 0
30786, 1009549, 1, 0
31056, 930683, 1, 0
31078, 952932, 1, 0
31260, 636588, 1, 0
31501, 1374792, 1, 0
32021, 1458567, 1, 0
32021, 687044, 1, 0
32266, 1136776, 1, 0
33329, 1481528, 1, 0
33330, 1284964, 1, 0
33331, 1271386, 1, 0
33347, 4183033, 1, 0
33528, 2102167, 1, 0
33887, 1083044, 1, 0
34002, 508364, 1, 0
34265, 993492, 1, 0
34519, 327610, 1, 0
35007, 571331, 1, 0
35058, 1594141, 1, 0
35250, 1564174, 1, 0
35506, 1096077, 1, 0
35888, 1958123, 1, 0
36009, 1444741, 1, 0
36255, 1309529, 1, 0
36529, 847863, 1, 0
36955, 1693300, 1, 0
37026, 1612644, 1, 0
37255, 1113549, 1, 0
37523, 966080, 1, 0
37848, 851036, 1, 0
38252, 824020, 1, 0
38253, 804407, 1, 0
38557, 1179585, 1, 0
39018, 1589900, 1, 0
39037, 1514471, 1, 0
39262, 1553289, 1, 0
39504, 1017375, 1, 0
40048, 1023818, 1, 0
40068, 834451, 1, 0
40256, 1092933, 1, 0
40512, 1057367, 1, 0
41058, 628020, 1, 0
41084, 661830, 1, 0
41250, 751056, 1, 0
41875, 880615, 1, 0
41958, 2612383, 1, 0
42017, 1046600, 1, 0
42275, 1336820, 1, 0
42816, 565951, 1, 0
42925, 967088, 1, 0
43001, 969747, 1, 0
43255, 1072825, 1, 0
43538, 1320585, 1, 0
44000, 723537, 1, 0
44021, 759158, 1, 0
44279, 972769, 1, 0
44791, 1272169, 1, 0
44923, 1579386, 1, 0
45057, 1518040, 1, 0
45289, 1180552, 1, 0
45529, 1253192, 1, 0
45797, 585849, 1, 0
46062, 928440, 1, 0
46258, 1112249, 1, 0
46504, 859675, 1, 0
46856, 669150, 1, 0
47136, 567373, 1, 0
47356, 1080938, 1, 0
47789, 865888, 1, 0
47790, 1725998, 1, 0
48008, 1455041, 1, 0
48254, 1236938, 1, 0
48534, 1191641, 1, 0
48771, 769376, 1, 0
49193, 827034, 1, 0
49252, 1349058, 1, 0
49633, 1253967, 1, 0
49781, 1117235, 1, 0
50015, 1239849, 1, 0
50260, 1679446, 1, 0
50519, 1092063, 1, 0
50977, 1050545, 1, 0
51000, 1135686, 1, 0
51266, 1078159, 1, 0
51697, 661784, 1, 0
51828, 1965976, 1, 0
52010, 1460022, 1, 0
52295, 965188, 1, 0
52562, 861942, 1, 0
52971, 1025659, 1, 0
53228, 1282460, 1, 0
53611, 1240835, 1, 0
53765, 1591996, 1, 0
53767, 1710818, 1, 0
54044, 1290692, 1, 0
54252, 1224640, 1, 0
54792, 963157, 1, 0
54793, 748720, 1, 0
55022, 855323, 1, 0
55271, 919909, 1, 0
55607, 1278636, 1, 0
55801, 1206171, 1, 0
56080, 798597, 1, 0
56270, 1056863, 1, 0
56600, 1027816, 1, 0
56775, 1362153, 1, 0
57034, 1174888, 1, 0
57490, 1392031, 1, 0
57611, 698675, 1, 0
57753, 1286786, 1, 0
58052, 792540, 1, 0
58313, 695979, 1, 0
58583, 1111284, 1, 0
59016, 1162572, 1, 0
59018, 1019450, 1, 0
59477, 1020188, 1, 0
59511, 927406, 1, 0
59756, 1401012, 1, 0
60048, 810944, 1, 0
61010, 1254165, 1, 0
61010, 1496595, 1, 0
61010, 2301876, 1, 0
61010, 1481047, 1, 0
61010, 1665166, 1, 0
329, 268975, 1, 0
563, 440821, 1, 0
753, 689361, 1, 0
1013, 872815, 1, 0
1780, 716773, 1, 0
1808, 1013109, 1, 0
1809, 1013628, 1, 0
2106, 1228889, 1, 0
2267, 1042364, 1, 0
2564, 1043263, 1, 0
2767, 883805, 1, 0
3072, 755691, 1, 0
3265, 1842348, 1, 0
3949, 1408054, 1, 0
3950, 1007159, 1, 0
4000, 1383167, 1, 0
4252, 1194185, 1, 0
4515, 1486299, 1, 0
4765, 1118351, 1, 0
5767, 688596, 1, 0
5767, 973627, 1, 0
5767, 1032715, 1, 0
5768, 973614, 1, 0
6004, 1240939, 1, 0
6271, 1386258, 1, 0
6597, 2564680, 1, 0
6780, 1166043, 1, 0
7000, 1229168, 1, 0
7598, 1027272, 1, 0
7658, 720163, 1, 0
7865, 1644837, 1, 0
8013, 1082633, 1, 0
8364, 1992439, 1, 0
8502, 1398560, 1, 0
8753, 1267924, 1, 0
9015, 953345, 1, 0
9608, 909385, 1, 0
9608, 1074982, 1, 0
9769, 950576, 1, 0
10003, 950044, 1, 0
10436, 1242762, 1, 0
10510, 1212775, 1, 0
10832, 1422034, 1, 0
11361, 803885, 1, 0
11391, 695558, 1, 0
11504, 1086426, 1, 0
11751, 1243843, 1, 0
12283, 985298, 1, 0
12283, 622317, 1, 0
12514, 1005031, 1, 0
12772, 984771, 1, 0
13011, 991908, 1, 0
13305, 1483983, 1, 0
13544, 1324612, 1, 0
13753, 1202477, 1, 0
14007, 1181233, 1, 0
14553, 1093184, 1, 0
14559, 970853, 1, 0
14761, 1066918, 1, 0
15011, 1190496, 1, 0
15537, 2117364, 1, 0
15570, 2102516, 1, 0
15775, 1394318, 1, 0
16013, 1417114, 1, 0
16440, 1061570, 1, 0
16517, 1696094, 1, 0
16771, 1092608, 1, 0
17000, 717016, 1, 0
17459, 688637, 1, 0
17509, 512790, 1, 0
17812, 891738, 1, 0
18003, 1190964, 1, 0
18441, 790363, 1, 0
18503, 793586, 1, 0
18756, 979567, 1, 0
19278, 764641, 1, 0
19279, 684727, 1, 0
19513, 680660, 1, 0
19754, 1205829, 1, 0
20330, 1182379, 1, 0
21679, 2017842, 1, 0
21680, 1967243, 1, 0
21682, 1926667, 1, 0
21682, 1993910, 1, 0
21691, 4764613, 1, 0
21691, 4704306, 1, 0
21830, 2721378, 1, 0
22001, 2391468, 1, 0
22267, 351905, 1, 0
22518, 530153, 1, 0
22754, 814185, 1, 0
23076, 876503, 1, 0
23306, 1083118, 1, 0
23527, 1209766, 1, 0
23937, 1278007, 1, 0
24118, 1291249, 1, 0
24414, 1338077, 1, 0
24550, 1501691, 1, 0
24872, 1231985, 1, 0
25298, 1294224, 1, 0
25393, 978800, 1, 0
25511, 1208666, 1, 0
26381, 1015408, 1, 0
26382, 934437, 1, 0
26382, 930035, 1, 0
26585, 1414739, 1, 0
26752, 1396393, 1, 0
27055, 1881193, 1, 0
27255, 1530151, 1, 0
27549, 1563380, 1, 0
27771, 889896, 1, 0
28192, 1034244, 1, 0
28298, 876305, 1, 0
28520, 1490951, 1, 0
28755, 1201966, 1, 0
29056, 1490871, 1, 0
29298, 1029947, 1, 0
29557, 1201146, 1, 0
29793, 1192008, 1, 0
30256, 1180079, 1, 0
30256, 1141879, 1, 0
30523, 1462712, 1, 0
31076, 1190938, 1, 0
31081, 445618, 1, 0
31266, 2100185, 1, 0
31500, 1016289, 1, 0
31795, 852737, 1, 0
32017, 1628113, 1, 0
32251, 1470429, 1, 0
33329, 1049435, 1, 0
33346, 1551423, 1, 0
33374, 3817099, 1, 0
33375, 1357053, 1, 0
33505, 1655107, 1, 0
33753, 1882363, 1, 0
34027, 1177009, 1, 0
34252, 647773, 1, 0
34522, 490507, 1, 0
34971, 852212, 1, 0
35024, 1141601, 1, 0
35254, 1108723, 1, 0
35539, 984396, 1, 0
35891, 1368850, 1, 0
36155, 1757113, 1, 0
36263, 1142116, 1, 0
36505, 798126, 1, 0
36970, 1172023, 1, 0
37021, 1101486, 1, 0
37259, 1221553, 1, 0
37507, 603018, 1, 0
37766, 1516762, 1, 0
38251, 831796, 1, 0
38424, 1754906, 1, 0
38505, 1434810, 1, 0
38772, 1175797, 1, 0
39017, 1151455, 1, 0
39277, 1186366, 1, 0
39521, 900002, 1, 0
40056, 753062, 1, 0
40056, 752942, 1, 0
40255, 1067134, 1, 0
40509, 1013475, 1, 0
41084, 1433807, 1, 0
41230, 1915515, 1, 0
41282, 1386764, 1, 0
41849, 1542176, 1, 0
41849, 1506641, 1, 0
42034, 1384147, 1, 0
42265, 1135711, 1, 0
42914, 691543, 1, 0
42914, 713386, 1, 0
43037, 950664, 1, 0
43260, 1056040, 1, 0
43567, 1294803, 1, 0
44001, 1271730, 1, 0
44002, 1040776, 1, 0
44261, 1329451, 1, 0
44789, 1389614, 1, 0
44790, 1463821, 1, 0
45016, 1479809, 1, 0
45273, 1511326, 1, 0
45546, 1217917, 1, 0
45993, 677430, 1, 0
46012, 876119, 1, 0
46258, 886800, 1, 0
46500, 1309358, 1, 0
46856, 481367, 1, 0
47000, 1769280, 1, 0
47262, 635421, 1, 0
47502, 899200, 1, 0
47789, 1309584, 1, 0
48009, 1709001, 1, 0
48269, 1724845, 1, 0
48660, 998562, 1, 0
48755, 750329, 1, 0
49190, 1278187, 1, 0
49252, 1408282, 1, 0
49664, 1482395, 1, 0
49867, 1390567, 1, 0
50017, 1056953, 1, 0
50306, 1226506, 1, 0
50543, 1164340, 1, 0
50938, 1473597, 1, 0
51018, 1150516, 1, 0
51826, 1302214, 1, 0
51834, 1912334, 1, 0
51919, 1996865, 1, 0
52000, 1555918, 1, 0
52383, 937305, 1, 0
52516, 685109, 1, 0
52820, 855026, 1, 0
53120, 912830, 1, 0
53610, 1233709, 1, 0
53610, 1468845, 1, 0
53761, 1221397, 1, 0
54048, 951843, 1, 0
54250, 706864, 1, 0
54732, 677314, 1, 0
54795, 843425, 1, 0
55021, 1024539, 1, 0
55268, 1052160, 1, 0
55605, 1328647, 1, 0
55768, 1214647, 1, 0
56074, 736629, 1, 0
56254, 848483, 1, 0
56627, 977749, 1, 0
56776, 1831339, 1, 0
57019, 1231434, 1, 0
57260, 1374973, 1, 0
57583, 1503311, 1, 0
57770, 1373878, 1, 0
58021, 1229693, 1, 0
58581, 1206144, 1, 0
58582, 1597855, 1, 0
58755, 1133776, 1, 0
59046, 956426, 1, 0
59510, 725254, 1, 0
59513, 1741621, 1, 0
59755, 1394703, 1, 0
60001, 1081609, 1, 0
61057, 2302271, 1, 0
61057, 2301904, 1, 0
61057, 1301654, 1, 0
61057, 2274357, 1, 0
61057, 1539528, 1, 0
254, 205159, 1, 0
526, 413361, 1, 0
755, 646003, 1, 0
1035, 893154, 1, 0
1264, 601625, 1, 0
1522, 1153716, 1, 0
1759, 946447, 1, 0
2157, 1313934, 1, 0
2250, 875273, 1, 0
2640, 1055120, 1, 0
2752, 1150282, 1, 0
3003, 1538256, 1, 0
3264, 610762, 1, 0
3743, 1523867, 1, 0
3869, 1600601, 1, 0
4525, 1296608, 1, 0
4566, 597597, 1, 0
4663, 690694, 1, 0
4762, 1539348, 1, 0
5052, 1486817, 1, 0
5258, 1209230, 1, 0
5728, 916668, 1, 0
5769, 1563672, 1, 0
6071, 1111121, 1, 0
6256, 1057386, 1, 0
6615, 1745574, 1, 0
6754, 1053229, 1, 0
7010, 1249748, 1, 0
7294, 978050, 1, 0
7600, 1077064, 1, 0
7774, 1061321, 1, 0
8009, 1072853, 1, 0
8365, 728145, 1, 0
8560, 951741, 1, 0
8786, 794127, 1, 0
9045, 741382, 1, 0
9499, 1380697, 1, 0
9613, 1714368, 1, 0
9752, 1482372, 1, 0
10004, 1044620, 1, 0
10440, 973944, 1, 0
10524, 1292501, 1, 0
10793, 1188065, 1, 0
11384, 1898508, 1, 0
11384, 859869, 1, 0
11537, 884114, 1, 0
11774, 1378387, 1, 0
12058, 1109470, 1, 0
12285, 739928, 1, 0
12515, 1157555, 1, 0
12774, 720582, 1, 0
13321, 698810, 1, 0
13353, 923372, 1, 0
13514, 1216203, 1, 0
13781, 1077561, 1, 0
14002, 980025, 1, 0
14481, 1105430, 1, 0
14521, 1242464, 1, 0
14761, 1101032, 1, 0
15539, 1047072, 1, 0
15540, 778598, 1, 0
15561, 2116987, 1, 0
15775, 1262524, 1, 0
16126, 843202, 1, 0
16443, 1319092, 1, 0
16525, 1547275, 1, 0
16764, 959095, 1, 0
17001, 977891, 1, 0
17537, 566141, 1, 0
17538, 615968, 1, 0
17765, 700285, 1, 0
18038, 494073, 1, 0
18462, 941101, 1, 0
18539, 1257721, 1, 0
18755, 667578, 1, 0
19188, 1174166, 1, 0
19265, 2565582, 1, 0
19588, 1139413, 1, 0
19757, 1053890, 1, 0
20043, 406985, 1, 0
21628, 2232566, 1, 0
21629, 2023267, 1, 0
21631, 1984064, 1, 0
21681, 2195798, 1, 0
21682, 2014407, 1, 0
21683, 1998896, 1, 0
21835, 2080448, 1, 0
22152, 2089092, 1, 0
22291, 1659422, 1, 0
22526, 1133319, 1, 0
22756, 764347, 1, 0
23063, 1185008, 1, 0
23263, 980495, 1, 0
23513, 1203577, 1, 0
23762, 1139989, 1, 0
24440, 1307456, 1, 0
24461, 1396568, 1, 0
24554, 1268512, 1, 0
24844, 966412, 1, 0
25298, 939344, 1, 0
25328, 747704, 1, 0
25604, 1337795, 1, 0
25754, 1096983, 1, 0
26082, 1181901, 1, 0
26276, 910179, 1, 0
26504, 1156638, 1, 0
27065, 806516, 1, 0
27088, 792253, 1, 0
27255, 948449, 1, 0
27514, 1054836, 1, 0
27773, 1434083, 1, 0
28025, 1339264, 1, 0
28315, 950556, 1, 0
28520, 840286, 1, 0
28982, 845880, 1, 0
29056, 730810, 1, 0
29327, 1108910, 1, 0
29503, 1076957, 1, 0
29784, 1115245, 1, 0
30125, 1165743, 1, 0
30644, 1397841, 1, 0
30827, 1323197, 1, 0
30828, 1380525, 1, 0
31131, 1457649, 1, 0
31256, 1426310, 1, 0
31505, 1134755, 1, 0
31801, 1331437, 1, 0
32020, 561137, 1, 0
32322, 1495500, 1, 0
33330, 1061063, 1, 0
33330, 1476777, 1, 0
33333, 1267478, 1, 0
33334, 1988504, 1, 0
33504, 1598128, 1, 0
33814, 958832, 1, 0
34008, 1227446, 1, 0
34269, 732048, 1, 0
34523, 953410, 1, 0
35008, 1544297, 1, 0
35033, 1560498, 1, 0
35298, 1133864, 1, 0
35630, 1276949, 1, 0
35870, 803454, 1, 0
36010, 1303956, 1, 0
36264, 937342, 1, 0
36500, 1554650, 1, 0
36994, 1583186, 1, 0
37031, 1730611, 1, 0
37303, 1384778, 1, 0
37508, 1634215, 1, 0
37818, 1328554, 1, 0
38254, 1029688, 1, 0
38254, 790027, 1, 0
38518, 1185828, 1, 0
39018, 727606, 1, 0
39018, 1361049, 1, 0
39278, 1277249, 1, 0
39505, 1649266, 1, 0
40048, 823433, 1, 0
40049, 2201052, 1, 0
40267, 941636, 1, 0
40546, 1238227, 1, 0
41060, 1319146, 1, 0
41120, 1071957, 1, 0
41250, 1279132, 1, 0
41850, 781590, 1, 0
41850, 610374, 1, 0
42005, 997708, 1, 0
42267, 1084991, 1, 0
42551, 921851, 1, 0
42806, 955739, 1, 0
43003, 994262, 1, 0
43257, 672823, 1, 0
43500, 617210, 1, 0
43825, 969942, 1, 0
44002, 993690, 1, 0
44312, 1127418, 1, 0
44791, 1151889, 1, 0
44793, 788982, 1, 0
45025, 1455118, 1, 0
45260, 1048177, 1, 0
45515, 659783, 1, 0
45766, 691652, 1, 0
46095, 822738, 1, 0
46269, 990508, 1, 0
46513, 1139397, 1, 0
46759, 1616775, 1, 0
47024, 1157582, 1, 0
47434, 685334, 1, 0
47845, 703518, 1, 0
47845, 703681, 1, 0
48021, 1705360, 1, 0
48260, 1758170, 1, 0
48506, 874218, 1, 0
48812, 1019011, 1, 0
49181, 1001189, 1, 0
49270, 1053163, 1, 0
49770, 1022670, 1, 0
49865, 1202722, 1, 0
50005, 1246070, 1, 0
50282, 1311646, 1, 0
50573, 644776, 1, 0
51017, 868619, 1, 0
51017, 1055397, 1, 0
51791, 1253879, 1, 0
51796, 1602247, 1, 0
51888, 2561098, 1, 0
52018, 2184731, 1, 0
52295, 1603454, 1, 0
52508, 1385419, 1, 0
52821, 875718, 1, 0
53134, 1009851, 1, 0
53257, 1206640, 1, 0
53635, 1372178, 1, 0
53794, 1582432, 1, 0
54045, 1366609, 1, 0
54253, 530820, 1, 0
54734, 996162, 1, 0
54773, 1516431, 1, 0
55022, 1001638, 1, 0
55607, 1194334, 1, 0
55651, 1732652, 1, 0
55795, 1242335, 1, 0
56033, 1404635, 1, 0
56293, 728217, 1, 0
56617, 1558526, 1, 0
56756, 1528624, 1, 0
57057, 1262374, 1, 0
57261, 635103, 1, 0
57595, 1383134, 1, 0
57759, 1509485, 1, 0
58031, 1130663, 1, 0
58318, 897120, 1, 0
58582, 1825743, 1, 0
58804, 924354, 1, 0
59018, 1388882, 1, 0
59619, 1344883, 1, 0
59757, 1139614, 1, 0
59762, 1642161, 1, 0
60048, 1204543, 1, 0
61194, 2611114, 1, 0
61194, 2389695, 1, 0
61194, 1436895, 1, 0
61194, 1432319, 1, 0
61194, 1811280, 1, 0
331, 169101, 1, 0
524, 397905, 1, 0
755, 631112, 1, 0
1214, 890516, 1, 0
1264, 1213399, 1, 0
1548, 1312707, 1, 0
1773, 1257132, 1, 0
2058, 1232193, 1, 0
2250, 1859974, 1, 0
2625, 927061, 1, 0
2785, 1006266, 1, 0
3004, 1477678, 1, 0
3267, 1467645, 1, 0
3685, 1089060, 1, 0
3866, 1512291, 1, 0
4253, 2071529, 1, 0
4264, 1218521, 1, 0
4513, 1364078, 1, 0
4766, 1030234, 1, 0
5006, 675330, 1, 0
5258, 948614, 1, 0
5542, 1097436, 1, 0
5839, 598314, 1, 0
6005, 851449, 1, 0
6647, 1059748, 1, 0
6648, 808730, 1, 0
6755, 1131445, 1, 0
7000, 1227543, 1, 0
7261, 1173439, 1, 0
7729, 824243, 1, 0
7759, 1577497, 1, 0
8026, 1891078, 1, 0
8344, 1722939, 1, 0
8506, 1405271, 1, 0
8763, 1625693, 1, 0
9017, 819687, 1, 0
9255, 544046, 1, 0
9500, 773836, 1, 0
9754, 1459607, 1, 0
10068, 577221, 1, 0
10459, 1372503, 1, 0
10520, 649167, 1, 0
10823, 1051649, 1, 0
11046, 1489369, 1, 0
11363, 755507, 1, 0
11518, 1108669, 1, 0
11751, 1062682, 1, 0
12284, 604371, 1, 0
12311, 1615482, 1, 0
12534, 1244982, 1, 0
12826, 1171521, 1, 0
13003, 924531, 1, 0
13322, 676406, 1, 0
13523, 1508220, 1, 0
13880, 1188943, 1, 0
14002, 958451, 1, 0
14586, 1155904, 1, 0
14587, 1201461, 1, 0
14804, 1241512, 1, 0
15538, 1042298, 1, 0
15539, 1524933, 1, 0
15540, 1496174, 1, 0
15776, 1586207, 1, 0
16131, 1691551, 1, 0
16452, 975134, 1, 0
16524, 856011, 1, 0
16778, 1195089, 1, 0
17014, 1143227, 1, 0
17399, 688902, 1, 0
17513, 1019077, 1, 0
17755, 914235, 1, 0
18001, 916401, 1, 0
18473, 645378, 1, 0
18546, 951648, 1, 0
18754, 850718, 1, 0
19269, 1653316, 1, 0
19270, 654263, 1, 0
19559, 929063, 1, 0
19758, 961612, 1, 0
21628, 1272180, 1, 0
21629, 2003980, 1, 0
21682, 1991828, 1, 0
21684, 3755359, 1, 0
21700, 1895155, 1, 0
21740, 1857006, 1, 0
21834, 2140549, 1, 0
21847, 2111553, 1, 0
22002, 2663803, 1, 0
22264, 1395751, 1, 0
22527, 1423967, 1, 0
22755, 803908, 1, 0
23260, 1116237, 1, 0
23260, 1115909, 1, 0
23513, 1178987, 1, 0
23834, 1445995, 1, 0
24290, 1032117, 1, 0
24318, 1605438, 1, 0
24552, 1138925, 1, 0
24755, 1167220, 1, 0
25057, 1098261, 1, 0
25300, 1453368, 1, 0
25512, 1125604, 1, 0
25809, 1098310, 1, 0
26083, 699584, 1, 0
26346, 1154349, 1, 0
26518, 1278146, 1, 0
27025, 1150837, 1, 0
27056, 1493925, 1, 0
27254, 784506, 1, 0
27705, 1351552, 1, 0
27774, 1485606, 1, 0
28059, 474546, 1, 0
28300, 1651046, 1, 0
28564, 1266890, 1, 0
28962, 1286171, 1, 0
29064, 1807933, 1, 0
29286, 1524691, 1, 0
29544, 1335597, 1, 0
29757, 812758, 1, 0
30116, 1566635, 1, 0
30271, 1161980, 1, 0
30510, 1070063, 1, 0
30830, 586995, 1, 0
31055, 738470, 1, 0
31256, 841994, 1, 0
31501, 1471324, 1, 0
31863, 811571, 1, 0
32133, 1010837, 1, 0
32302, 1113740, 1, 0
33329, 1559115, 1, 0
33334, 2276259, 1, 0
33335, 2235232, 1, 0
33335, 1983926, 1, 0
33600, 1756142, 1, 0
33919, 334597, 1, 0
34027, 558392, 1, 0
34254, 635858, 1, 0
34501, 861150, 1, 0
34984, 942552, 1, 0
35006, 1121550, 1, 0
35285, 1033165, 1, 0
35602, 982961, 1, 0
35870, 837552, 1, 0
36079, 1531001, 1, 0
36256, 1177388, 1, 0
36506, 974803, 1, 0
36974, 1015845, 1, 0
37025, 1422457, 1, 0
37265, 1222552, 1, 0
37689, 1097108, 1, 0
37818, 1386361, 1, 0
38255, 1518178, 1, 0
38256, 1596628, 1, 0
38503, 1592597, 1, 0
38828, 1396448, 1, 0
39046, 912237, 1, 0
39335, 940627, 1, 0
39505, 1079096, 1, 0
40048, 1450344, 1, 0
40091, 1654044, 1, 0
40348, 1839143, 1, 0
40522, 1732027, 1, 0
41059, 1740634, 1, 0
41085, 1748988, 1, 0
41260, 1782131, 1, 0
41911, 1272799, 1, 0
41996, 734914, 1, 0
42036, 773984, 1, 0
42296, 1056999, 1, 0
42853, 1075663, 1, 0
42883, 2315151, 1, 0
43001, 1094041, 1, 0
43262, 1124395, 1, 0
43503, 1421607, 1, 0
43974, 662081, 1, 0
44006, 1805017, 1, 0
44270, 866660, 1, 0
44793, 1443405, 1, 0
44843, 1532916, 1, 0
45040, 759630, 1, 0
45262, 1223316, 1, 0
45509, 1580066, 1, 0
46005, 1201494, 1, 0
46013, 671010, 1, 0
46261, 1344193, 1, 0
46500, 644959, 1, 0
46907, 684713, 1, 0
47022, 886939, 1, 0
47250, 1421207, 1, 0
47535, 355704, 1, 0
47789, 604313, 1, 0
48012, 1448305, 1, 0
48255, 923616, 1, 0
48509, 1077889, 1, 0
49194, 847315, 1, 0
49194, 1043517, 1, 0
49269, 1021073, 1, 0
49614, 1121563, 1, 0
49781, 958879, 1, 0
50010, 617692, 1, 0
50259, 528041, 1, 0
50507, 1061295, 1, 0
51020, 866169, 1, 0
51034, 1323819, 1, 0
51859, 1259813, 1, 0
51920, 1630242, 1, 0
51921, 1605723, 1, 0
52000, 1552221, 1, 0
52298, 1377717, 1, 0
52518, 497820, 1, 0
52948, 521379, 1, 0
53122, 663697, 1, 0
53610, 1165649, 1, 0
53611, 663050, 1, 0
53766, 1567399, 1, 0
54044, 1027458, 1, 0
54278, 526760, 1, 0
54738, 610502, 1, 0
54794, 1161091, 1, 0
55026, 1362008, 1, 0
55380, 1145021, 1, 0
55620, 1386651, 1, 0
55751, 1384374, 1, 0
56022, 1259944, 1, 0
56304, 1121896, 1, 0
56675, 1295035, 1, 0
56776, 1054063, 1, 0
57013, 1061533, 1, 0
57641, 1366087, 1, 0
57642, 1667094, 1, 0
57757, 1964505, 1, 0
58016, 1018285, 1, 0
58261, 1140838, 1, 0
58654, 1513134, 1, 0
58786, 1302780, 1, 0
59018, 1638557, 1, 0
59530, 1146815, 1, 0
59613, 1731194, 1, 0
59752, 1343743, 1, 0
60004, 1020587, 1, 0
61280, 2538792, 1, 0
61280, 1524521, 1, 0
61280, 1524193, 1, 0
61280, 1527255, 1, 0
61280, 1524281, 1, 0
61280, 1695233, 1, 0
