276, 273379, 1, 0
733, 228397, 1, 0
1035, 302472, 1, 0
1392, 357036, 1, 0
1637, 244980, 1, 0
1870, 232498, 1, 0
2105, 235485, 1, 0
2344, 238634, 1, 0
2584, 240394, 1, 0
2809, 224944, 1, 0
3039, 229507, 1, 0
3292, 252844, 1, 0
3548, 256879, 1, 0
3807, 258032, 1, 0
4046, 239334, 1, 0
4352, 305633, 1, 0
4582, 230627, 1, 0
4809, 226688, 1, 0
5046, 236888, 1, 0
5304, 258203, 1, 0
5528, 224109, 1, 0
5751, 222495, 1, 0
6001, 250129, 1, 0
6254, 252919, 1, 0
6503, 249551, 1, 0
6741, 238086, 1, 0
7083, 341133, 1, 0
7391, 308150, 1, 0
7592, 201268, 1, 0
7804, 211693, 1, 0
8028, 224398, 1, 0
8257, 228366, 1, 0
8508, 251301, 1, 0
8754, 245724, 1, 0
8981, 227413, 1, 0
9240, 258954, 1, 0
9469, 229014, 1, 0
9687, 217416, 1, 0
9935, 248573, 1, 0
10256, 321120, 1, 0
10486, 230129, 1, 0
10717, 230495, 1, 0
11039, 321770, 1, 0
11298, 258847, 1, 0
11511, 213327, 1, 0
11745, 233995, 1, 0
11956, 211313, 1, 0
12180, 223334, 1, 0
12451, 271561, 1, 0
12842, 390900, 1, 0
13163, 320752, 1, 0
13404, 240640, 1, 0
13630, 226137, 1, 0
13844, 214276, 1, 0
14197, 352620, 1, 0
14433, 236620, 1, 0
14641, 207737, 1, 0
14857, 216040, 1, 0
15099, 241630, 1, 0
15345, 245990, 1, 0
15582, 237526, 1, 0
15831, 248766, 1, 0
16189, 357653, 1, 0
16419, 229827, 1, 0
16629, 210610, 1, 0
17006, 376490, 1, 0
17225, 219514, 1, 0
17438, 212843, 1, 0
17680, 241588, 1, 0
17916, 236491, 1, 0
18134, 217649, 1, 0
18350, 216258, 1, 0
18602, 251513, 1, 0
18853, 250583, 1, 0
19088, 235466, 1, 0
19349, 260560, 1, 0
19648, 299728, 1, 0
20006, 357716, 1, 0
20260, 254358, 1, 0
20482, 221769, 1, 0
20724, 241558, 1, 0
20969, 244863, 1, 0
21212, 243713, 1, 0
21455, 242001, 1, 0
21711, 256121, 1, 0
21948, 237144, 1, 0
22158, 210328, 1, 0
22413, 254896, 1, 0
22686, 272693, 1, 0
23054, 368419, 1, 0
23319, 264613, 1, 0
23606, 286566, 1, 0
23859, 253036, 1, 0
24096, 237655, 1, 0
24401, 304606, 1, 0
24606, 205400, 1, 0
24826, 219366, 1, 0
25069, 243012, 1, 0
25288, 219384, 1, 0
25537, 248363, 1, 0
25883, 345966, 1, 0
26145, 262877, 1, 0
26387, 241083, 1, 0
26650, 263239, 1, 0
26906, 255720, 1, 0
27164, 258482, 1, 0
27415, 251375, 1, 0
27650, 234663, 1, 0
27880, 229322, 1, 0
28107, 227739, 1, 0
28329, 222178, 1, 0
28615, 285780, 1, 0
28958, 342697, 1, 0
29215, 257420, 1, 0
29470, 254452, 1, 0
29721, 250919, 1, 0
29969, 248316, 1, 0
30200, 230843, 1, 0
30429, 228544, 1, 0
30667, 238224, 1, 0
30899, 232525, 1, 0
31139, 239248, 1, 0
31363, 224454, 1, 0
31686, 322363, 1, 0
31936, 250748, 1, 0
32155, 219027, 1, 0
32390, 234951, 1, 0
32628, 237796, 1, 0
32858, 229706, 1, 0
33094, 235768, 1, 0
33333, 239390, 1, 0
33566, 232289, 1, 0
33801, 235030, 1, 0
34035, 234090, 1, 0
34303, 268619, 1, 0
34781, 477948, 1, 0
35018, 236370, 1, 0
35261, 242901, 1, 0
35540, 278947, 1, 0
35784, 244421, 1, 0
36035, 251317, 1, 0
36271, 235971, 1, 0
36493, 221890, 1, 0
36728, 234274, 1, 0
36962, 234271, 1, 0
37196, 234129, 1, 0
37457, 261081, 1, 0
37790, 333056, 1, 0
38012, 221948, 1, 0
38234, 221443, 1, 0
38469, 235509, 1, 0
38706, 237154, 1, 0
38982, 275443, 1, 0
39269, 287181, 1, 0
39541, 271432, 1, 0
39750, 209403, 1, 0
39983, 233386, 1, 0
40205, 221669, 1, 0
40417, 212207, 1, 0
40743, 325418, 1, 0
41006, 263563, 1, 0
41268, 261897, 1, 0
41510, 241550, 1, 0
41746, 236296, 1, 0
42017, 270896, 1, 0
42277, 259749, 1, 0
42534, 257389, 1, 0
42768, 234018, 1, 0
42986, 217250, 1, 0
43253, 267073, 1, 0
43580, 327132, 1, 0
43818, 237824, 1, 0
44075, 257469, 1, 0
44316, 240907, 1, 0
44547, 231230, 1, 0
44774, 226820, 1, 0
45008, 233672, 1, 0
45259, 251023, 1, 0
45510, 250784, 1, 0
45743, 233467, 1, 0
45983, 239809, 1, 0
46267, 283528, 1, 0
46619, 352457, 1, 0
46870, 250564, 1, 0
47129, 258677, 1, 0
47383, 254366, 1, 0
47633, 249614, 1, 0
47869, 236471, 1, 0
48112, 242508, 1, 0
48357, 245652, 1, 0
48608, 250432, 1, 0
48846, 238506, 1, 0
49079, 232755, 1, 0
49423, 343713, 1, 0
49644, 221226, 1, 0
49858, 214295, 1, 0
50089, 230494, 1, 0
50306, 217121, 1, 0
50517, 211476, 1, 0
50759, 241219, 1, 0
51001, 241918, 1, 0
51219, 217982, 1, 0
51441, 222345, 1, 0
51684, 242646, 1, 0
51993, 308765, 1, 0
52365, 372694, 1, 0
52620, 254435, 1, 0
52848, 227762, 1, 0
53180, 332487, 1, 0
53423, 243270, 1, 0
53728, 304232, 1, 0
53974, 246268, 1, 0
54199, 225282, 1, 0
54501, 301644, 1, 0
54752, 250979, 1, 0
54970, 217850, 1, 0
55193, 223068, 1, 0
55552, 359186, 1, 0
55785, 232859, 1, 0
56040, 255109, 1, 0
56294, 253476, 1, 0
56542, 248085, 1, 0
56802, 260238, 1, 0
57045, 243044, 1, 0
57295, 249501, 1, 0
57551, 256047, 1, 0
57798, 247824, 1, 0
58081, 282715, 1, 0
58469, 387969, 1, 0
58722, 252825, 1, 0
59049, 326899, 1, 0
59300, 251111, 1, 0
59529, 228834, 1, 0
59763, 233485, 1, 0
60022, 258957, 1, 0
268, 265847, 1, 0
724, 228274, 1, 0
1025, 300707, 1, 0
1383, 358079, 1, 0
1629, 245891, 1, 0
1870, 241300, 1, 0
2130, 259608, 1, 0
2366, 236351, 1, 0
2608, 241738, 1, 0
2856, 248030, 1, 0
3111, 255278, 1, 0
3342, 230381, 1, 0
3572, 230376, 1, 0
3829, 256501, 1, 0
4068, 239107, 1, 0
4370, 302178, 1, 0
4603, 232816, 1, 0
4829, 225835, 1, 0
5063, 233929, 1, 0
5337, 274172, 1, 0
5585, 247601, 1, 0
5830, 245452, 1, 0
6085, 255318, 1, 0
6338, 252386, 1, 0
6584, 246457, 1, 0
6859, 274306, 1, 0
7191, 332423, 1, 0
7404, 212905, 1, 0
7611, 206948, 1, 0
7821, 209682, 1, 0
8045, 224536, 1, 0
8282, 236930, 1, 0
8531, 248599, 1, 0
8792, 260673, 1, 0
9031, 239523, 1, 0
9278, 247036, 1, 0
9487, 208474, 1, 0
9704, 217692, 1, 0
9956, 251986, 1, 0
10275, 318357, 1, 0
10504, 229291, 1, 0
10737, 233113, 1, 0
11063, 326205, 1, 0
11289, 225306, 1, 0
11501, 212541, 1, 0
11718, 216390, 1, 0
11918, 200294, 1, 0
12171, 252615, 1, 0
12441, 270729, 1, 0
12705, 263361, 1, 0
13154, 449277, 1, 0
13364, 210037, 1, 0
13597, 232728, 1, 0
13808, 210806, 1, 0
14135, 326906, 1, 0
14366, 231097, 1, 0
14584, 218227, 1, 0
14792, 207723, 1, 0
15023, 231258, 1, 0
15278, 254338, 1, 0
15545, 267643, 1, 0
15793, 247831, 1, 0
16148, 355434, 1, 0
16379, 230016, 1, 0
16591, 212391, 1, 0
16974, 383130, 1, 0
17189, 215381, 1, 0
17401, 211661, 1, 0
17616, 214393, 1, 0
17822, 206043, 1, 0
18068, 245842, 1, 0
18312, 244452, 1, 0
18563, 251111, 1, 0
18806, 242888, 1, 0
19056, 249400, 1, 0
19284, 228116, 1, 0
19526, 242723, 1, 0
19781, 255020, 1, 0
20075, 293235, 1, 0
20324, 248860, 1, 0
20567, 243577, 1, 0
20803, 235371, 1, 0
21020, 217724, 1, 0
21254, 233874, 1, 0
21503, 248300, 1, 0
21733, 230711, 1, 0
21967, 233777, 1, 0
22255, 287615, 1, 0
22497, 241782, 1, 0
22738, 241232, 1, 0
23095, 357418, 1, 0
23371, 275924, 1, 0
23654, 282434, 1, 0
23880, 226728, 1, 0
24149, 268445, 1, 0
24392, 243013, 1, 0
24598, 206540, 1, 0
24818, 219592, 1, 0
25039, 220489, 1, 0
25253, 214245, 1, 0
25528, 274832, 1, 0
25873, 345173, 1, 0
26136, 263359, 1, 0
26377, 240267, 1, 0
26611, 234061, 1, 0
26855, 243799, 1, 0
27095, 240247, 1, 0
27347, 252314, 1, 0
27580, 233239, 1, 0
27812, 231822, 1, 0
28045, 232813, 1, 0
28265, 220174, 1, 0
28541, 276032, 1, 0
28863, 321555, 1, 0
29094, 230542, 1, 0
29321, 227502, 1, 0
29567, 246172, 1, 0
29800, 233021, 1, 0
30046, 245956, 1, 0
30305, 258802, 1, 0
30539, 233887, 1, 0
30800, 261115, 1, 0
31042, 241656, 1, 0
31297, 255037, 1, 0
31527, 230541, 1, 0
31823, 295421, 1, 0
32027, 204136, 1, 0
32270, 242823, 1, 0
32522, 251736, 1, 0
32759, 236789, 1, 0
33004, 245888, 1, 0
33269, 264341, 1, 0
33502, 232675, 1, 0
33736, 234223, 1, 0
33970, 234051, 1, 0
34213, 243330, 1, 0
34618, 404116, 1, 0
34871, 253564, 1, 0
35090, 218905, 1, 0
35316, 225923, 1, 0
35531, 214662, 1, 0
35748, 217104, 1, 0
35995, 246669, 1, 0
36231, 236804, 1, 0
36456, 224093, 1, 0
36693, 237479, 1, 0
36922, 228580, 1, 0
37142, 220498, 1, 0
37418, 275845, 1, 0
37779, 361268, 1, 0
38004, 224391, 1, 0
38225, 221114, 1, 0
38429, 204274, 1, 0
38669, 240176, 1, 0
38872, 202258, 1, 0
39073, 201767, 1, 0
39347, 273152, 1, 0
39565, 217957, 1, 0
39769, 204845, 1, 0
40002, 232423, 1, 0
40538, 268192, 1, 0
40788, 250009, 1, 0
41028, 239497, 1, 0
41293, 264934, 1, 0
41536, 242962, 1, 0
41766, 229672, 1, 0
42007, 241773, 1, 0
42240, 232869, 1, 0
42477, 236685, 1, 0
42733, 256160, 1, 0
42947, 213491, 1, 0
43191, 244650, 1, 0
43543, 351615, 1, 0
43770, 227313, 1, 0
44066, 295500, 1, 0
44308, 242123, 1, 0
44566, 258219, 1, 0
44794, 227872, 1, 0
45030, 236061, 1, 0
45247, 216856, 1, 0
45500, 252537, 1, 0
45734, 234624, 1, 0
45977, 242680, 1, 0
46257, 280109, 1, 0
46611, 354050, 1, 0
46862, 250884, 1, 0
47118, 256385, 1, 0
47373, 254667, 1, 0
47622, 249084, 1, 0
47863, 240637, 1, 0
48102, 239378, 1, 0
48349, 246278, 1, 0
48595, 245863, 1, 0
48839, 244507, 1, 0
49071, 231640, 1, 0
49414, 343658, 1, 0
49661, 246843, 1, 0
49910, 249064, 1, 0
50163, 252533, 1, 0
50378, 214655, 1, 0
50599, 221163, 1, 0
50833, 234709, 1, 0
51048, 214280, 1, 0
51268, 220650, 1, 0
51486, 217817, 1, 0
51717, 230403, 1, 0
52015, 298480, 1, 0
52357, 341364, 1, 0
52611, 253912, 1, 0
52861, 250788, 1, 0
53256, 395011, 1, 0
53507, 251033, 1, 0
53803, 295907, 1, 0
54022, 218216, 1, 0
54287, 265283, 1, 0
54517, 230392, 1, 0
54766, 248697, 1, 0
54991, 225244, 1, 0
55393, 401968, 1, 0
55683, 289855, 1, 0
55939, 255438, 1, 0
56175, 236819, 1, 0
56397, 220998, 1, 0
56609, 212880, 1, 0
56844, 234202, 1, 0
57101, 257807, 1, 0
57352, 250160, 1, 0
57596, 244037, 1, 0
57841, 245393, 1, 0
58183, 341408, 1, 0
58459, 276742, 1, 0
58682, 222972, 1, 0
58914, 231129, 1, 0
59205, 290975, 1, 0
59439, 234516, 1, 0
59666, 226555, 1, 0
59908, 241892, 1, 0
60140, 232682, 1, 0
456, 226838, 1, 0
692, 236245, 1, 0
937, 244987, 1, 0
1360, 422831, 1, 0
1628, 268378, 1, 0
1862, 233484, 1, 0
2097, 234857, 1, 0
2365, 267948, 1, 0
2608, 242992, 1, 0
2828, 220392, 1, 0
3054, 226488, 1, 0
3283, 228668, 1, 0
3515, 231659, 1, 0
3767, 252317, 1, 0
4001, 233961, 1, 0
4316, 315185, 1, 0
4544, 227291, 1, 0
4769, 224981, 1, 0
5012, 243822, 1, 0
5274, 261291, 1, 0
5488, 214347, 1, 0
5711, 222703, 1, 0
5961, 250667, 1, 0
6180, 218204, 1, 0
6411, 231584, 1, 0
6643, 231642, 1, 0
6919, 276192, 1, 0
7259, 339368, 1, 0
7486, 227669, 1, 0
7688, 201865, 1, 0
7926, 237931, 1, 0
8190, 263640, 1, 0
8436, 245974, 1, 0
8688, 251974, 1, 0
8951, 263293, 1, 0
9227, 275819, 1, 0
9439, 211948, 1, 0
9650, 210884, 1, 0
9898, 247728, 1, 0
10226, 328657, 1, 0
10448, 222070, 1, 0
10680, 232110, 1, 0
10999, 318851, 1, 0
11231, 231732, 1, 0
11448, 216612, 1, 0
11668, 220601, 1, 0
11890, 221262, 1, 0
12127, 236866, 1, 0
12374, 247864, 1, 0
12656, 281518, 1, 0
13064, 408253, 1, 0
13280, 215849, 1, 0
13509, 229183, 1, 0
13753, 243520, 1, 0
14081, 327813, 1, 0
14306, 224927, 1, 0
14535, 229333, 1, 0
14740, 204940, 1, 0
14958, 217487, 1, 0
15219, 261764, 1, 0
15477, 257585, 1, 0
15750, 273423, 1, 0
16118, 367533, 1, 0
16349, 230951, 1, 0
16567, 218516, 1, 0
16941, 373960, 1, 0
17161, 219927, 1, 0
17372, 210683, 1, 0
17585, 213083, 1, 0
17793, 208125, 1, 0
18026, 232993, 1, 0
18283, 256843, 1, 0
18529, 245763, 1, 0
18778, 248525, 1, 0
19023, 244932, 1, 0
19340, 317445, 1, 0
19588, 247996, 1, 0
19941, 352514, 1, 0
20220, 279522, 1, 0
20443, 222927, 1, 0
20687, 243705, 1, 0
20960, 273189, 1, 0
21204, 244208, 1, 0
21446, 241907, 1, 0
21676, 229439, 1, 0
21910, 234388, 1, 0
22176, 265390, 1, 0
22406, 230721, 1, 0
22680, 273885, 1, 0
23067, 386510, 1, 0
23311, 243843, 1, 0
23610, 299759, 1, 0
23881, 270265, 1, 0
24150, 269570, 1, 0
24445, 294622, 1, 0
24655, 209813, 1, 0
24869, 213764, 1, 0
25092, 223915, 1, 0
25312, 219223, 1, 0
25560, 248506, 1, 0
25942, 381314, 1, 0
26169, 226945, 1, 0
26408, 238910, 1, 0
26672, 264177, 1, 0
26902, 229993, 1, 0
27126, 224430, 1, 0
27379, 252797, 1, 0
27610, 231288, 1, 0
27871, 261140, 1, 0
28127, 255090, 1, 0
28350, 222983, 1, 0
28607, 257479, 1, 0
28921, 313813, 1, 0
29151, 230431, 1, 0
29373, 221754, 1, 0
29625, 251495, 1, 0
29895, 270386, 1, 0
30135, 239475, 1, 0
30366, 231424, 1, 0
30600, 233665, 1, 0
30861, 261626, 1, 0
31101, 239465, 1, 0
31327, 226259, 1, 0
31552, 224728, 1, 0
31851, 299533, 1, 0
32058, 206217, 1, 0
32300, 241928, 1, 0
32563, 263478, 1, 0
32818, 255263, 1, 0
33061, 242496, 1, 0
33323, 262383, 1, 0
33557, 234031, 1, 0
33794, 236367, 1, 0
34025, 231468, 1, 0
34247, 221736, 1, 0
34663, 416351, 1, 0
34983, 319675, 1, 0
35212, 228959, 1, 0
35496, 283633, 1, 0
35749, 253035, 1, 0
35995, 246244, 1, 0
36263, 268020, 1, 0
36518, 255012, 1, 0
36772, 253842, 1, 0
37015, 242992, 1, 0
37262, 247005, 1, 0
37538, 275356, 1, 0
37864, 326403, 1, 0
38077, 213041, 1, 0
38275, 197716, 1, 0
38491, 216671, 1, 0
38741, 249781, 1, 0
39002, 260216, 1, 0
39293, 291668, 1, 0
39569, 275539, 1, 0
39770, 201091, 1, 0
39995, 225596, 1, 0
40268, 272517, 1, 0
40568, 299477, 1, 0
40789, 221073, 1, 0
41029, 240719, 1, 0
41267, 237628, 1, 0
41502, 234522, 1, 0
41766, 264478, 1, 0
42009, 242425, 1, 0
42269, 260038, 1, 0
42526, 257679, 1, 0
42782, 256088, 1, 0
43036, 253354, 1, 0
43311, 275139, 1, 0
43628, 316563, 1, 0
43880, 252238, 1, 0
44162, 282275, 1, 0
44449, 286485, 1, 0
44709, 260176, 1, 0
44932, 223257, 1, 0
45190, 257721, 1, 0
45434, 243934, 1, 0
45684, 250448, 1, 0
45914, 229424, 1, 0
46228, 314615, 1, 0
46611, 382979, 1, 0
46862, 250419, 1, 0
47119, 257452, 1, 0
47375, 255264, 1, 0
47622, 247073, 1, 0
47863, 241604, 1, 0
48123, 259821, 1, 0
48378, 254773, 1, 0
48600, 222290, 1, 0
48840, 239922, 1, 0
49071, 230712, 1, 0
49446, 374864, 1, 0
49697, 250722, 1, 0
49938, 241388, 1, 0
50163, 225183, 1, 0
50378, 214577, 1, 0
50600, 222341, 1, 0
50834, 233728, 1, 0
51048, 214503, 1, 0
51269, 220601, 1, 0
51486, 217403, 1, 0
51718, 231547, 1, 0
52017, 298633, 1, 0
52393, 375940, 1, 0
52669, 276789, 1, 0
52959, 289152, 1, 0
53254, 294927, 1, 0
53494, 239898, 1, 0
53803, 309629, 1, 0
54020, 217026, 1, 0
54297, 276775, 1, 0
54516, 219413, 1, 0
54788, 271978, 1, 0
55034, 245379, 1, 0
55342, 308135, 1, 0
55625, 283115, 1, 0
55860, 234356, 1, 0
56116, 256404, 1, 0
56339, 222813, 1, 0
56582, 243171, 1, 0
56819, 237140, 1, 0
57066, 246979, 1, 0
57318, 251841, 1, 0
57562, 244371, 1, 0
57811, 248994, 1, 0
58071, 259969, 1, 0
58430, 358770, 1, 0
58654, 223370, 1, 0
58889, 235217, 1, 0
59204, 315055, 1, 0
59439, 235097, 1, 0
59695, 255444, 1, 0
59922, 227791, 1, 0
60140, 217652, 1, 0
275, 272979, 1, 0
504, 228910, 1, 0
761, 256540, 1, 0
1057, 296371, 1, 0
1451, 393511, 1, 0
1697, 246678, 1, 0
1984, 287204, 1, 0
2226, 241567, 1, 0
2463, 236561, 1, 0
2698, 235565, 1, 0
2918, 219914, 1, 0
3175, 256733, 1, 0
3408, 232859, 1, 0
3647, 239135, 1, 0
3881, 234251, 1, 0
4210, 329213, 1, 0
4466, 255674, 1, 0
4709, 243173, 1, 0
4958, 248744, 1, 0
5235, 277314, 1, 0
5496, 260570, 1, 0
5723, 226616, 1, 0
5967, 244366, 1, 0
6191, 223869, 1, 0
6446, 254961, 1, 0
6681, 235544, 1, 0
6956, 274838, 1, 0
7365, 408767, 1, 0
7567, 201960, 1, 0
7782, 214650, 1, 0
7983, 201361, 1, 0
8225, 242349, 1, 0
8475, 249514, 1, 0
8725, 250214, 1, 0
8958, 232552, 1, 0
9212, 254230, 1, 0
9424, 211794, 1, 0
9657, 232940, 1, 0
9904, 247208, 1, 0
10233, 328996, 1, 0
10456, 222556, 1, 0
10695, 239765, 1, 0
11007, 311132, 1, 0
11295, 288519, 1, 0
11513, 217862, 1, 0
11730, 216834, 1, 0
11925, 194946, 1, 0
12178, 253383, 1, 0
12450, 271732, 1, 0
12842, 391912, 1, 0
13185, 343146, 1, 0
13403, 218370, 1, 0
13628, 224988, 1, 0
13842, 213754, 1, 0
14173, 330407, 1, 0
14403, 230741, 1, 0
14640, 236120, 1, 0
14855, 215720, 1, 0
15096, 240725, 1, 0
15345, 248593, 1, 0
15606, 261693, 1, 0
15983, 376534, 1, 0
16219, 235919, 1, 0
16448, 228865, 1, 0
16734, 286284, 1, 0
17032, 297713, 1, 0
17250, 217858, 1, 0
17499, 249577, 1, 0
17731, 231277, 1, 0
17942, 210842, 1, 0
18164, 222862, 1, 0
18414, 249097, 1, 0
18660, 246425, 1, 0
18886, 225930, 1, 0
19129, 242588, 1, 0
19418, 288967, 1, 0
19677, 259304, 1, 0
19983, 306516, 1, 0
20229, 245302, 1, 0
20509, 280133, 1, 0
20757, 247777, 1, 0
20996, 239511, 1, 0
21237, 240825, 1, 0
21483, 246064, 1, 0
21739, 255771, 1, 0
21974, 235305, 1, 0
22182, 207802, 1, 0
22413, 230586, 1, 0
22684, 271548, 1, 0
23047, 362427, 1, 0
23310, 262752, 1, 0
23605, 295775, 1, 0
23887, 281077, 1, 0
24127, 240713, 1, 0
24385, 257530, 1, 0
24605, 220267, 1, 0
24825, 220215, 1, 0
25072, 247035, 1, 0
25287, 214248, 1, 0
25534, 247171, 1, 0
25881, 347119, 1, 0
26113, 232273, 1, 0
26354, 240279, 1, 0
26588, 233940, 1, 0
26828, 240126, 1, 0
27047, 219047, 1, 0
27296, 249382, 1, 0
27533, 236267, 1, 0
27764, 231836, 1, 0
28000, 235268, 1, 0
28218, 218062, 1, 0
28453, 234747, 1, 0
28815, 362171, 1, 0
29044, 229076, 1, 0
29270, 225832, 1, 0
29497, 227518, 1, 0
29720, 222954, 1, 0
29968, 247640, 1, 0
30199, 230673, 1, 0
30428, 229077, 1, 0
30663, 234825, 1, 0
30899, 236450, 1, 0
31138, 238950, 1, 0
31364, 225652, 1, 0
31583, 218789, 1, 0
31894, 311573, 1, 0
32095, 200669, 1, 0
32335, 240390, 1, 0
32596, 260488, 1, 0
32825, 229295, 1, 0
33067, 241912, 1, 0
33302, 234909, 1, 0
33536, 234150, 1, 0
33772, 235786, 1, 0
34005, 233425, 1, 0
34221, 215601, 1, 0
34625, 404060, 1, 0
34907, 281854, 1, 0
35123, 215572, 1, 0
35346, 223659, 1, 0
35607, 260288, 1, 0
35849, 242446, 1, 0
36109, 260326, 1, 0
36373, 263486, 1, 0
36617, 243901, 1, 0
36868, 251236, 1, 0
37116, 248240, 1, 0
37396, 279335, 1, 0
37761, 365105, 1, 0
37978, 216648, 1, 0
38206, 228442, 1, 0
38437, 230829, 1, 0
38705, 267643, 1, 0
38955, 250839, 1, 0
39231, 275676, 1, 0
39515, 283637, 1, 0
39725, 210411, 1, 0
39943, 217641, 1, 0
40195, 252073, 1, 0
40441, 245577, 1, 0
40772, 331010, 1, 0
41007, 235004, 1, 0
41279, 272100, 1, 0
41530, 250758, 1, 0
41745, 215093, 1, 0
41983, 238755, 1, 0
42214, 230596, 1, 0
42457, 242647, 1, 0
42710, 253139, 1, 0
42954, 244038, 1, 0
43199, 244964, 1, 0
43571, 371952, 1, 0
43795, 224077, 1, 0
44032, 236750, 1, 0
44250, 218465, 1, 0
44511, 260387, 1, 0
44745, 234412, 1, 0
44971, 225957, 1, 0
45224, 253044, 1, 0
45472, 247755, 1, 0
45742, 270348, 1, 0
45983, 241165, 1, 0
46264, 280852, 1, 0
46618, 353769, 1, 0
46838, 219640, 1, 0
47094, 256586, 1, 0
47350, 255616, 1, 0
47603, 252634, 1, 0
47839, 236247, 1, 0
48077, 237648, 1, 0
48322, 244866, 1, 0
48538, 216582, 1, 0
48788, 249719, 1, 0
49027, 239418, 1, 0
49320, 292934, 1, 0
49669, 348663, 1, 0
49917, 247594, 1, 0
50149, 232031, 1, 0
50358, 209425, 1, 0
50577, 219004, 1, 0
50818, 240852, 1, 0
51055, 236978, 1, 0
51276, 220627, 1, 0
51494, 218090, 1, 0
51756, 261832, 1, 0
52023, 267068, 1, 0
52245, 221783, 1, 0
52582, 337849, 1, 0
52788, 205741, 1, 0
53119, 330298, 1, 0
53394, 275629, 1, 0
53692, 297762, 1, 0
53918, 226090, 1, 0
54145, 226734, 1, 0
54422, 276872, 1, 0
54638, 216406, 1, 0
54938, 299785, 1, 0
55350, 411567, 1, 0
55608, 257897, 1, 0
55866, 257978, 1, 0
56152, 286123, 1, 0
56404, 251852, 1, 0
56677, 273543, 1, 0
56920, 242595, 1, 0
57171, 251385, 1, 0
57415, 244100, 1, 0
57633, 217887, 1, 0
57873, 239460, 1, 0
58268, 395109, 1, 0
58496, 228334, 1, 0
58721, 224982, 1, 0
59049, 327809, 1, 0
59270, 221224, 1, 0
59500, 229891, 1, 0
59731, 231172, 1, 0
59978, 246700, 1, 0
60194, 215545, 1, 0
316, 156821, 1, 0
590, 136802, 1, 0
964, 186915, 1, 0
1088, 124186, 1, 0
1353, 132568, 1, 0
1537, 183439, 1, 0
1774, 237832, 1, 0
2037, 131211, 1, 0
2282, 122650, 1, 0
2535, 126520, 1, 0
2824, 144579, 1, 0
3118, 146808, 1, 0
3351, 116546, 1, 0
3726, 187351, 1, 0
3853, 126682, 1, 0
4092, 119671, 1, 0
4447, 177444, 1, 0
4683, 235868, 1, 0
4803, 120256, 1, 0
5071, 133984, 1, 0
5468, 198437, 1, 0
5580, 112115, 1, 0
5827, 123342, 1, 0
6073, 123295, 1, 0
6258, 184068, 1, 0
6727, 234858, 1, 0
6846, 118674, 1, 0
7099, 126403, 1, 0
7355, 128182, 1, 0
7638, 141403, 1, 0
7758, 119760, 1, 0
8009, 125664, 1, 0
8509, 249829, 1, 0
8692, 183378, 1, 0
8825, 132872, 1, 0
9106, 140229, 1, 0
9308, 202365, 1, 0
9553, 244625, 1, 0
9792, 119601, 1, 0
10082, 290054, 1, 0
10316, 116834, 1, 0
10563, 123467, 1, 0
10828, 132279, 1, 0
11081, 126737, 1, 0
11307, 112879, 1, 0
11549, 120812, 1, 0
11788, 119871, 1, 0
12030, 120689, 1, 0
12354, 161873, 1, 0
12681, 327781, 1, 0
12792, 110188, 1, 0
13041, 124490, 1, 0
13312, 135899, 1, 0
13604, 145763, 1, 0
13870, 132996, 1, 0
14114, 121881, 1, 0
14482, 184026, 1, 0
14594, 112369, 1, 0
14865, 135549, 1, 0
15428, 281107, 1, 0
15552, 123786, 1, 0
15679, 127482, 1, 0
15799, 119540, 1, 0
16037, 119304, 1, 0
16275, 118655, 1, 0
16513, 119086, 1, 0
16760, 123405, 1, 0
17010, 125307, 1, 0
17542, 265993, 1, 0
17653, 110700, 1, 0
17791, 137873, 1, 0
18022, 115411, 1, 0
18439, 208562, 1, 0
18780, 340909, 1, 0
18953, 173027, 1, 0
19135, 181774, 1, 0
19254, 119380, 1, 0
19508, 126916, 1, 0
19984, 475642, 1, 0
20296, 311833, 1, 0
20873, 577215, 1, 0
21167, 293887, 1, 0
21380, 213008, 1, 0
21562, 181998, 1, 0
21917, 354871, 1, 0
22044, 127279, 1, 0
22335, 291241, 1, 0
22912, 577007, 1, 0
23076, 163790, 1, 0
23197, 120998, 1, 0
23469, 272290, 1, 0
23584, 114283, 1, 0
23695, 110990, 1, 0
23813, 118200, 1, 0
24109, 296294, 1, 0
24355, 245342, 1, 0
24474, 119014, 1, 0
24581, 107150, 1, 0
24782, 201162, 1, 0
25115, 166475, 1, 0
25366, 125432, 1, 0
25611, 122588, 1, 0
25852, 120405, 1, 0
26084, 116100, 1, 0
26328, 243308, 1, 0
26548, 220025, 1, 0
26770, 111187, 1, 0
27051, 140195, 1, 0
27328, 138612, 1, 0
27556, 114041, 1, 0
27801, 122450, 1, 0
28109, 153729, 1, 0
28295, 186012, 1, 0
28542, 123898, 1, 0
28782, 119797, 1, 0
29029, 247037, 1, 0
29269, 239755, 1, 0
29506, 118514, 1, 0
29752, 123122, 1, 0
30121, 184181, 1, 0
30371, 125283, 1, 0
30597, 113078, 1, 0
30959, 180792, 1, 0
31209, 250091, 1, 0
31333, 123821, 1, 0
31598, 132476, 1, 0
31931, 166466, 1, 0
32050, 118999, 1, 0
32315, 132640, 1, 0
32567, 125613, 1, 0
32806, 119668, 1, 0
33169, 181379, 1, 0
33323, 153765, 1, 0
33574, 125704, 1, 0
33829, 127293, 1, 0
34001, 172789, 1, 0
34370, 122967, 1, 0
34614, 121637, 1, 0
35134, 260141, 1, 0
35249, 115060, 1, 0
35366, 116312, 1, 0
35602, 118399, 1, 0
35751, 148924, 1, 0
36098, 173180, 1, 0
36355, 128477, 1, 0
36598, 121717, 1, 0
36856, 128738, 1, 0
37100, 122035, 1, 0
37350, 124975, 1, 0
37632, 140860, 1, 0
37859, 227690, 1, 0
38170, 310972, 1, 0
38291, 120325, 1, 0
38545, 126971, 1, 0
38875, 165204, 1, 0
39160, 284369, 1, 0
39270, 110596, 1, 0
39519, 124349, 1, 0
39758, 119429, 1, 0
40277, 173081, 1, 0
40412, 134579, 1, 0
40536, 123663, 1, 0
40766, 115017, 1, 0
41014, 124165, 1, 0
41277, 131686, 1, 0
41511, 116840, 1, 0
41788, 138559, 1, 0
42182, 197033, 1, 0
42303, 120162, 1, 0
42547, 121935, 1, 0
42856, 154859, 1, 0
43090, 116696, 1, 0
43343, 126455, 1, 0
43587, 122325, 1, 0
43843, 127773, 1, 0
44070, 113238, 1, 0
44325, 127813, 1, 0
44570, 122513, 1, 0
44837, 133483, 1, 0
45120, 282507, 1, 0
45360, 120091, 1, 0
45590, 115085, 1, 0
45824, 116743, 1, 0
46077, 126730, 1, 0
46320, 121245, 1, 0
46551, 115320, 1, 0
46782, 115692, 1, 0
47025, 121479, 1, 0
47282, 128203, 1, 0
47518, 118413, 1, 0
47765, 123299, 1, 0
48065, 150008, 1, 0
48308, 121327, 1, 0
48549, 120411, 1, 0
48799, 125001, 1, 0
49077, 139056, 1, 0
49305, 113949, 1, 0
49544, 119331, 1, 0
49792, 124262, 1, 0
50028, 118155, 1, 0
50282, 126600, 1, 0
50564, 141040, 1, 0
50945, 190434, 1, 0
51103, 158387, 1, 0
51348, 122427, 1, 0
51665, 158174, 1, 0
51812, 147339, 1, 0
52047, 117784, 1, 0
52292, 122199, 1, 0
52541, 124422, 1, 0
52770, 114732, 1, 0
53002, 115985, 1, 0
53353, 116953, 1, 0
53542, 188978, 1, 0
53893, 350282, 1, 0
54111, 108910, 1, 0
54349, 119373, 1, 0
54715, 182969, 1, 0
54850, 135030, 1, 0
55107, 128323, 1, 0
55359, 126119, 1, 0
55593, 234049, 1, 0
55830, 118442, 1, 0
56065, 117274, 1, 0
56320, 127361, 1, 0
56713, 196624, 1, 0
56903, 190401, 1, 0
57043, 139126, 1, 0
57286, 121725, 1, 0
57545, 258763, 1, 0
57813, 134197, 1, 0
58052, 119331, 1, 0
58298, 122916, 1, 0
58536, 119026, 1, 0
58807, 135678, 1, 0
59040, 116343, 1, 0
59281, 120408, 1, 0
59648, 367189, 1, 0
59781, 132245, 1, 0
60019, 119305, 1, 0
321, 159112, 1, 0
595, 137270, 1, 0
969, 186822, 1, 0
1095, 125812, 1, 0
1415, 159957, 1, 0
1529, 114753, 1, 0
1779, 249772, 1, 0
2042, 131447, 1, 0
2287, 122190, 1, 0
2553, 133003, 1, 0
2830, 138763, 1, 0
3061, 115342, 1, 0
3319, 129120, 1, 0
3619, 149919, 1, 0
3832, 213398, 1, 0
4072, 119591, 1, 0
4427, 177615, 1, 0
4663, 235712, 1, 0
4783, 120080, 1, 0
5045, 131056, 1, 0
5442, 198665, 1, 0
5553, 110819, 1, 0
5807, 127032, 1, 0
6053, 122798, 1, 0
6379, 163262, 1, 0
6687, 307386, 1, 0
6807, 120312, 1, 0
7054, 123287, 1, 0
7347, 146763, 1, 0
7642, 147408, 1, 0
7762, 119687, 1, 0
8014, 125862, 1, 0
8365, 175550, 1, 0
8631, 265824, 1, 0
8765, 134497, 1, 0
9027, 130946, 1, 0
9420, 196439, 1, 0
9613, 192830, 1, 0
9860, 123619, 1, 0
10119, 129212, 1, 0
10345, 112897, 1, 0
10586, 120881, 1, 0
10845, 129194, 1, 0
11099, 126858, 1, 0
11330, 115898, 1, 0
11572, 120823, 1, 0
11808, 117700, 1, 0
12067, 129567, 1, 0
12286, 218846, 1, 0
12699, 206708, 1, 0
12814, 115201, 1, 0
13058, 121851, 1, 0
13328, 135103, 1, 0
13503, 174684, 1, 0
13752, 124603, 1, 0
14119, 122203, 1, 0
14487, 183990, 1, 0
14599, 112272, 1, 0
14870, 135392, 1, 0
15432, 280766, 1, 0
15544, 112103, 1, 0
15666, 121774, 1, 0
15803, 136913, 1, 0
16042, 119679, 1, 0
16279, 118584, 1, 0
16517, 119054, 1, 0
16765, 123680, 1, 0
17015, 125033, 1, 0
17547, 266005, 1, 0
17658, 110755, 1, 0
17794, 136624, 1, 0
18027, 116195, 1, 0
18443, 208043, 1, 0
18784, 341075, 1, 0
18959, 174764, 1, 0
19140, 180691, 1, 0
19259, 119377, 1, 0
19513, 126834, 1, 0
19988, 475628, 1, 0
20300, 311857, 1, 0
20877, 577160, 1, 0
21098, 220805, 1, 0
21219, 120530, 1, 0
21408, 188759, 1, 0
21632, 224182, 1, 0
21985, 353633, 1, 0
22118, 133046, 1, 0
22524, 405179, 1, 0
22960, 436307, 1, 0
23131, 170743, 1, 0
23394, 263524, 1, 0
23531, 136959, 1, 0
23644, 113110, 1, 0
23754, 109806, 1, 0
23913, 158267, 1, 0
24303, 390741, 1, 0
24416, 112469, 1, 0
24528, 111730, 1, 0
24857, 164696, 1, 0
25056, 199299, 1, 0
25315, 129316, 1, 0
25552, 118700, 1, 0
25791, 119474, 1, 0
26026, 117059, 1, 0
26267, 241196, 1, 0
26602, 167490, 1, 0
26830, 114125, 1, 0
27117, 143178, 1, 0
27364, 123742, 1, 0
27592, 114035, 1, 0
27912, 159702, 1, 0
28100, 188770, 1, 0
28285, 184871, 1, 0
28522, 118459, 1, 0
28756, 116743, 1, 0
29010, 253980, 1, 0
29251, 240826, 1, 0
29604, 117829, 1, 0
29990, 192858, 1, 0
30110, 120057, 1, 0
30358, 124069, 1, 0
30583, 112202, 1, 0
30822, 119698, 1, 0
31179, 356935, 1, 0
31320, 140364, 1, 0
31572, 126108, 1, 0
31813, 120731, 1, 0
32023, 210016, 1, 0
32319, 147972, 1, 0
32571, 125688, 1, 0
32811, 120055, 1, 0
33174, 181590, 1, 0
33339, 164507, 1, 0
33598, 129657, 1, 0
33901, 151261, 1, 0
34022, 121450, 1, 0
34253, 115243, 1, 0
34522, 134689, 1, 0
34762, 119990, 1, 0
35165, 402467, 1, 0
35283, 117924, 1, 0
35513, 115272, 1, 0
35819, 153158, 1, 0
36159, 169954, 1, 0
36293, 133800, 1, 0
36514, 110428, 1, 0
36761, 123390, 1, 0
37124, 120818, 1, 0
37374, 125380, 1, 0
37516, 141531, 1, 0
38086, 285046, 1, 0
38207, 120598, 1, 0
38327, 119839, 1, 0
38569, 121254, 1, 0
38892, 161426, 1, 0
39099, 207266, 1, 0
39344, 122448, 1, 0
39593, 124279, 1, 0
39831, 118833, 1, 0
40078, 123473, 1, 0
40293, 215824, 1, 0
40552, 258630, 1, 0
40801, 124606, 1, 0
41043, 120871, 1, 0
41307, 131954, 1, 0
41549, 120896, 1, 0
41817, 133810, 1, 0
42104, 287570, 1, 0
42346, 121080, 1, 0
42583, 118098, 1, 0
42776, 193334, 1, 0
43027, 125558, 1, 0
43272, 122368, 1, 0
43517, 122405, 1, 0
43756, 119777, 1, 0
44019, 131319, 1, 0
44266, 123519, 1, 0
44531, 132552, 1, 0
44798, 133546, 1, 0
45073, 274466, 1, 0
45320, 123659, 1, 0
45551, 115548, 1, 0
45792, 120210, 1, 0
46052, 129934, 1, 0
46294, 121081, 1, 0
46696, 200756, 1, 0
46826, 130406, 1, 0
47061, 117468, 1, 0
47298, 118471, 1, 0
47535, 118591, 1, 0
47782, 123111, 1, 0
48088, 153379, 1, 0
48288, 199805, 1, 0
48528, 120036, 1, 0
48773, 122350, 1, 0
49058, 142403, 1, 0
49279, 110365, 1, 0
49517, 118967, 1, 0
49766, 124440, 1, 0
50001, 117719, 1, 0
50390, 129711, 1, 0
50544, 153205, 1, 0
50925, 190836, 1, 0
51095, 169275, 1, 0
51342, 123689, 1, 0
51644, 301512, 1, 0
51803, 158906, 1, 0
52040, 118588, 1, 0
52284, 122193, 1, 0
52527, 121249, 1, 0
52756, 114574, 1, 0
53114, 119445, 1, 0
53347, 116058, 1, 0
53502, 155388, 1, 0
53959, 228406, 1, 0
54071, 112362, 1, 0
54310, 119167, 1, 0
54676, 183326, 1, 0
54795, 118331, 1, 0
55059, 132370, 1, 0
55353, 146689, 1, 0
55580, 227225, 1, 0
55817, 118400, 1, 0
56058, 120534, 1, 0
56312, 126952, 1, 0
56718, 202760, 1, 0
56908, 189900, 1, 0
57047, 139613, 1, 0
57290, 121625, 1, 0
57537, 246321, 1, 0
57762, 112712, 1, 0
58120, 119040, 1, 0
58358, 119276, 1, 0
58510, 151705, 1, 0
58751, 120426, 1, 0
59110, 119600, 1, 0
59349, 119484, 1, 0
59718, 369462, 1, 0
59850, 131489, 1, 0
60088, 119051, 1, 0
316, 156639, 1, 0
588, 136098, 1, 0
851, 262841, 1, 0
1105, 126957, 1, 0
1353, 124001, 1, 0
1500, 146808, 1, 0
1865, 182951, 1, 0
2104, 119457, 1, 0
2341, 118331, 1, 0
2602, 130505, 1, 0
2756, 153503, 1, 0
3106, 116727, 1, 0
3371, 132397, 1, 0
3737, 183098, 1, 0
3864, 126907, 1, 0
4103, 119807, 1, 0
4253, 149435, 1, 0
4621, 368157, 1, 0
4862, 120645, 1, 0
5115, 126429, 1, 0
5504, 194529, 1, 0
5635, 131002, 1, 0
5758, 122813, 1, 0
6004, 122789, 1, 0
6331, 163336, 1, 0
6759, 213915, 1, 0
6877, 118184, 1, 0
7068, 191405, 1, 0
7343, 137255, 1, 0
7568, 112458, 1, 0
7807, 119752, 1, 0
8053, 122766, 1, 0
8579, 263061, 1, 0
8782, 202947, 1, 0
8921, 139346, 1, 0
9054, 132780, 1, 0
9434, 189770, 1, 0
9621, 187243, 1, 0
10018, 198609, 1, 0
10138, 120049, 1, 0
10260, 121873, 1, 0
10502, 120617, 1, 0
10884, 127607, 1, 0
11013, 128349, 1, 0
11371, 119277, 1, 0
11610, 119862, 1, 0
11862, 125891, 1, 0
12093, 115089, 1, 0
12364, 135875, 1, 0
12693, 328651, 1, 0
12809, 115975, 1, 0
13053, 122051, 1, 0
13335, 141020, 1, 0
13510, 175185, 1, 0
13766, 127608, 1, 0
14045, 139473, 1, 0
14269, 112068, 1, 0
14526, 256652, 1, 0
14768, 121313, 1, 0
15014, 122962, 1, 0
15452, 437534, 1, 0
15570, 118317, 1, 0
15809, 119338, 1, 0
16056, 123387, 1, 0
16286, 115159, 1, 0
16524, 119092, 1, 0
16772, 123761, 1, 0
17022, 124949, 1, 0
17380, 358114, 1, 0
17561, 180883, 1, 0
17802, 120778, 1, 0
18041, 119380, 1, 0
18253, 212004, 1, 0
18800, 273249, 1, 0
19073, 272687, 1, 0
19201, 128156, 1, 0
19315, 114547, 1, 0
19923, 303731, 1, 0
20247, 324126, 1, 0
20358, 110717, 1, 0
21092, 734418, 1, 0
21213, 120904, 1, 0
21402, 189305, 1, 0
21611, 208846, 1, 0
21964, 352797, 1, 0
22092, 128130, 1, 0
22497, 404862, 1, 0
22956, 458494, 1, 0
23125, 169885, 1, 0
23370, 244912, 1, 0
23513, 142692, 1, 0
23627, 114140, 1, 0
23738, 110527, 1, 0
23880, 141616, 1, 0
24285, 405522, 1, 0
24399, 113795, 1, 0
24510, 111206, 1, 0
24624, 114246, 1, 0
24833, 208292, 1, 0
25039, 206706, 1, 0
25291, 125496, 1, 0
25535, 122449, 1, 0
25773, 118928, 1, 0
26021, 123607, 1, 0
26262, 241347, 1, 0
26597, 167440, 1, 0
26825, 114170, 1, 0
27124, 149515, 1, 0
27293, 168584, 1, 0
27513, 109852, 1, 0
27765, 126103, 1, 0
28002, 118493, 1, 0
28256, 253922, 1, 0
28604, 116080, 1, 0
28854, 124808, 1, 0
29216, 362010, 1, 0
29373, 156993, 1, 0
29612, 119628, 1, 0
29997, 192468, 1, 0
30119, 122168, 1, 0
30371, 125857, 1, 0
30720, 174515, 1, 0
30958, 237856, 1, 0
31186, 227682, 1, 0
31294, 108494, 1, 0
31566, 135996, 1, 0
31912, 172712, 1, 0
32030, 117858, 1, 0
32296, 133012, 1, 0
32554, 129065, 1, 0
32794, 119847, 1, 0
33148, 176963, 1, 0
33322, 174228, 1, 0
33593, 135626, 1, 0
33839, 122805, 1, 0
34074, 117603, 1, 0
34346, 136019, 1, 0
34588, 120735, 1, 0
35104, 258080, 1, 0
35221, 117300, 1, 0
35333, 112010, 1, 0
35578, 122163, 1, 0
35838, 130199, 1, 0
36073, 234847, 1, 0
36320, 123489, 1, 0
36554, 117036, 1, 0
36793, 119116, 1, 0
37043, 125433, 1, 0
37303, 129717, 1, 0
37579, 138238, 1, 0
38158, 289032, 1, 0
38279, 121435, 1, 0
38397, 117602, 1, 0
38517, 119937, 1, 0
38844, 163683, 1, 0
39060, 215672, 1, 0
39340, 139962, 1, 0
39607, 133608, 1, 0
39845, 118958, 1, 0
40091, 122873, 1, 0
40307, 216574, 1, 0
40560, 126119, 1, 0
40797, 118505, 1, 0
41038, 120755, 1, 0
41301, 131303, 1, 0
41544, 121686, 1, 0
41812, 133722, 1, 0
42099, 287468, 1, 0
42340, 120609, 1, 0
42578, 118765, 1, 0
42772, 193951, 1, 0
43010, 119141, 1, 0
43254, 122010, 1, 0
43500, 122874, 1, 0
43875, 124950, 1, 0
44109, 116722, 1, 0
44356, 123952, 1, 0
44630, 136925, 1, 0
45032, 200640, 1, 0
45151, 119170, 1, 0
45272, 121418, 1, 0
45503, 115103, 1, 0
45856, 117799, 1, 0
46102, 122782, 1, 0
46350, 124153, 1, 0
46580, 114759, 1, 0
46842, 131300, 1, 0
47080, 118954, 1, 0
47324, 121802, 1, 0
47561, 118569, 1, 0
47808, 123553, 1, 0
48174, 182692, 1, 0
48296, 121937, 1, 0
48536, 120103, 1, 0
48840, 152139, 1, 0
49104, 131629, 1, 0
49328, 112335, 1, 0
49575, 123240, 1, 0
49822, 123419, 1, 0
50059, 118564, 1, 0
50321, 130911, 1, 0
50594, 136705, 1, 0
50992, 198749, 1, 0
51146, 154193, 1, 0
51465, 318976, 1, 0
51665, 199579, 1, 0
51810, 145279, 1, 0
52048, 118824, 1, 0
52314, 133086, 1, 0
52553, 119554, 1, 0
52782, 114731, 1, 0
53022, 119674, 1, 0
53365, 114440, 1, 0
53523, 157510, 1, 0
53775, 252349, 1, 0
54098, 161278, 1, 0
54336, 119314, 1, 0
54561, 112392, 1, 0
54809, 124041, 1, 0
55075, 132546, 1, 0
55329, 127044, 1, 0
55564, 117641, 1, 0
55812, 123839, 1, 0
56053, 120392, 1, 0
56307, 127104, 1, 0
56572, 132440, 1, 0
56813, 241596, 1, 0
57094, 140312, 1, 0
57329, 117333, 1, 0
57569, 239857, 1, 0
57801, 116198, 1, 0
58031, 114781, 1, 0
58277, 122943, 1, 0
58524, 123720, 1, 0
58759, 117325, 1, 0
59124, 121718, 1, 0
59538, 206930, 1, 0
59726, 188330, 1, 0
59876, 149781, 1, 0
60112, 117917, 1, 0
334, 165987, 1, 0
609, 137257, 1, 0
853, 244629, 1, 0
1107, 126967, 1, 0
1414, 153253, 1, 0
1699, 284943, 1, 0
1824, 125851, 1, 0
2094, 134899, 1, 0
2331, 118297, 1, 0
2595, 131822, 1, 0
2853, 129002, 1, 0
3015, 162019, 1, 0
3254, 119805, 1, 0
3741, 162186, 1, 0
3868, 126713, 1, 0
4107, 119476, 1, 0
4256, 149284, 1, 0
4624, 368309, 1, 0
4864, 120024, 1, 0
5119, 127191, 1, 0
5508, 194461, 1, 0
5618, 110606, 1, 0
5862, 121558, 1, 0
6108, 123044, 1, 0
6322, 214250, 1, 0
6750, 214177, 1, 0
6868, 118018, 1, 0
7051, 182537, 1, 0
7346, 147623, 1, 0
7572, 112942, 1, 0
7811, 119519, 1, 0
8057, 122749, 1, 0
8561, 252136, 1, 0
8675, 114184, 1, 0
8817, 141660, 1, 0
9090, 136464, 1, 0
9299, 209346, 1, 0
9543, 243875, 1, 0
9783, 120026, 1, 0
10042, 129439, 1, 0
10287, 122552, 1, 0
10517, 114840, 1, 0
10770, 126216, 1, 0
11048, 139129, 1, 0
11266, 108930, 1, 0
11528, 131036, 1, 0
11763, 117595, 1, 0
12001, 118758, 1, 0
12311, 154878, 1, 0
12620, 309285, 1, 0
12853, 116295, 1, 0
13109, 128022, 1, 0
13418, 154653, 1, 0
13565, 146757, 1, 0
13826, 130473, 1, 0
14073, 123786, 1, 0
14449, 187607, 1, 0
14553, 104519, 1, 0
14837, 142022, 1, 0
15081, 122019, 1, 0
15511, 429614, 1, 0
15633, 122295, 1, 0
15758, 124402, 1, 0
16115, 118955, 1, 0
16252, 137231, 1, 0
16603, 117006, 1, 0
16858, 127596, 1, 0
17216, 178919, 1, 0
17515, 298512, 1, 0
17631, 116709, 1, 0
17769, 137469, 1, 0
18214, 148485, 1, 0
18418, 203151, 1, 0
18759, 340865, 1, 0
18896, 137726, 1, 0
19104, 207431, 1, 0
19345, 120400, 1, 0
19952, 303775, 1, 0
20275, 322434, 1, 0
20549, 274510, 1, 0
20993, 443946, 1, 0
21181, 188236, 1, 0
21576, 394917, 1, 0
21931, 354357, 1, 0
22069, 138623, 1, 0
22475, 405721, 1, 0
22928, 453154, 1, 0
23093, 164847, 1, 0
23249, 155419, 1, 0
23473, 224191, 1, 0
23587, 114553, 1, 0
23699, 111096, 1, 0
23817, 117979, 1, 0
24125, 308181, 1, 0
24372, 246751, 1, 0
24489, 117785, 1, 0
24603, 113842, 1, 0
24855, 251851, 1, 0
25055, 199668, 1, 0
25181, 126376, 1, 0
25313, 131777, 1, 0
25551, 119021, 1, 0
25789, 118821, 1, 0
26024, 117368, 1, 0
26267, 243072, 1, 0
26599, 166181, 1, 0
26829, 114908, 1, 0
27072, 121728, 1, 0
27319, 123424, 1, 0
27547, 113692, 1, 0
27793, 122954, 1, 0
28099, 153078, 1, 0
28309, 209812, 1, 0
28546, 118704, 1, 0
28786, 119650, 1, 0
29032, 246192, 1, 0
29314, 282481, 1, 0
29560, 122832, 1, 0
29805, 122434, 1, 0
30037, 232351, 1, 0
30313, 138052, 1, 0
30539, 112942, 1, 0
30778, 119539, 1, 0
31019, 240208, 1, 0
31367, 174325, 1, 0
31613, 122628, 1, 0
31947, 167103, 1, 0
32065, 117880, 1, 0
32331, 132890, 1, 0
32600, 134499, 1, 0
32841, 120792, 1, 0
33221, 189860, 1, 0
33369, 148017, 1, 0
33629, 129727, 1, 0
33924, 147619, 1, 0
34066, 141772, 1, 0
34302, 118227, 1, 0
34552, 124708, 1, 0
35083, 265428, 1, 0
35195, 112040, 1, 0
35312, 117093, 1, 0
35550, 119204, 1, 0
35841, 145468, 1, 0
36077, 235285, 1, 0
36321, 122072, 1, 0
36558, 118571, 1, 0
36796, 118911, 1, 0
37046, 125102, 1, 0
37293, 123391, 1, 0
37563, 134888, 1, 0
38116, 276826, 1, 0
38230, 113548, 1, 0
38349, 119173, 1, 0
38592, 121495, 1, 0
38810, 217778, 1, 0
39043, 232830, 1, 0
39361, 159202, 1, 0
39611, 124779, 1, 0
39848, 118520, 1, 0
40094, 122801, 1, 0
40310, 216709, 1, 0
40563, 126178, 1, 0
40800, 118639, 1, 0
41041, 120433, 1, 0
41304, 131631, 1, 0
41548, 121588, 1, 0
41816, 134101, 1, 0
42102, 286563, 1, 0
42356, 126862, 1, 0
42594, 118737, 1, 0
42788, 194302, 1, 0
43026, 118704, 1, 0
43270, 122378, 1, 0
43516, 122569, 1, 0
43755, 119714, 1, 0
44005, 125171, 1, 0
44253, 123587, 1, 0
44645, 130882, 1, 0
44765, 119208, 1, 0
45047, 282784, 1, 0
45288, 120288, 1, 0
45527, 119241, 1, 0
45758, 115714, 1, 0
46116, 119457, 1, 0
46365, 124377, 1, 0
46649, 284116, 1, 0
46772, 122778, 1, 0
47015, 121386, 1, 0
47265, 125080, 1, 0
47502, 118407, 1, 0
47943, 146934, 1, 0
48056, 113208, 1, 0
48374, 158983, 1, 0
48615, 120175, 1, 0
48875, 130213, 1, 0
49009, 133404, 1, 0
49254, 122643, 1, 0
49609, 118355, 1, 0
49850, 120454, 1, 0
50123, 136521, 1, 0
50369, 123146, 1, 0
50634, 132174, 1, 0
50840, 206563, 1, 0
51054, 213004, 1, 0
51311, 128538, 1, 0
51617, 153373, 1, 0
51761, 143301, 1, 0
52006, 122655, 1, 0
52252, 122695, 1, 0
52513, 130588, 1, 0
52862, 116389, 1, 0
53093, 115480, 1, 0
53325, 115853, 1, 0
53526, 201149, 1, 0
53778, 252362, 1, 0
54102, 161570, 1, 0
54340, 119070, 1, 0
54706, 182984, 1, 0
54825, 118921, 1, 0
55098, 136511, 1, 0
55351, 126395, 1, 0
55592, 120485, 1, 0
55833, 120845, 1, 0
56068, 117249, 1, 0
56323, 127341, 1, 0
56798, 237480, 1, 0
56919, 121012, 1, 0
57065, 146793, 1, 0
57302, 118003, 1, 0
57548, 245980, 1, 0
57773, 112495, 1, 0
58009, 118287, 1, 0
58376, 122305, 1, 0
58612, 117882, 1, 0
58855, 121280, 1, 0
59089, 117036, 1, 0
59328, 119378, 1, 0
59697, 369510, 1, 0
59834, 136974, 1, 0
60126, 145841, 1, 0
