8028, 7752286, 1, 0
8257, 7766633, 1, 0
8508, 7775225, 1, 0
8754, 7718484, 1, 0
8981, 7588873, 1, 0
9240, 7602865, 1, 0
9469, 7599390, 1, 0
9687, 7581332, 1, 0
9935, 7591285, 1, 0
10256, 7672021, 1, 0
10486, 7677214, 1, 0
10717, 7678222, 1, 0
11039, 7747164, 1, 0
11298, 7749140, 1, 0
11511, 7704429, 1, 0
11745, 7699098, 1, 0
11956, 7604795, 1, 0
12180, 7597510, 1, 0
12451, 7642373, 1, 0
12842, 7796392, 1, 0
13163, 7858957, 1, 0
13404, 7875496, 1, 0
13630, 7879145, 1, 0
13844, 7843307, 1, 0
14197, 7943014, 1, 0
14433, 7930094, 1, 0
14641, 7899766, 1, 0
14857, 7774659, 1, 0
15099, 7708156, 1, 0
15345, 7752887, 1, 0
15582, 7778732, 1, 0
15831, 7803106, 1, 0
16189, 7932343, 1, 0
16419, 7910869, 1, 0
16629, 7875761, 1, 0
17006, 8024840, 1, 0
17225, 7985401, 1, 0
17438, 7969224, 1, 0
17680, 7993403, 1, 0
17916, 7981318, 1, 0
18134, 7877847, 1, 0
18350, 7863980, 1, 0
18602, 7884995, 1, 0
18853, 7813806, 1, 0
19088, 7790425, 1, 0
19349, 7837670, 1, 0
19648, 7903404, 1, 0
20006, 8049805, 1, 0
20260, 8080821, 1, 0
20482, 8031034, 1, 0
20724, 7881707, 1, 0
20969, 7805812, 1, 0
21212, 7808891, 1, 0
21455, 7824769, 1, 0
21711, 7866616, 1, 0
21948, 7751154, 1, 0
22158, 7724891, 1, 0
22413, 7772031, 1, 0
22686, 7828691, 1, 0
23054, 7955470, 1, 0
23319, 7974093, 1, 0
23606, 8023129, 1, 0
23859, 8027400, 1, 0
24096, 7907407, 1, 0
24401, 7982192, 1, 0
24606, 7976987, 1, 0
24826, 7819862, 1, 0
25069, 7843361, 1, 0
25288, 7849900, 1, 0
25537, 7856672, 1, 0
25883, 7966133, 1, 0
26145, 8011358, 1, 0
26387, 8036192, 1, 0
26650, 8047917, 1, 0
26906, 8053049, 1, 0
27164, 8076065, 1, 0
27415, 8066880, 1, 0
27650, 8001816, 1, 0
27880, 7873425, 1, 0
28107, 7846814, 1, 0
28329, 7847227, 1, 0
28615, 7891466, 1, 0
28958, 7989294, 1, 0
29215, 8003003, 1, 0
29470, 8015452, 1, 0
29721, 8010241, 1, 0
29969, 8021407, 1, 0
30200, 8041901, 1, 0
30429, 8015533, 1, 0
30667, 7981061, 1, 0
30899, 7845174, 1, 0
31139, 7819799, 1, 0
31363, 7757686, 1, 0
31686, 7827010, 1, 0
31936, 7840116, 1, 0
32155, 7754539, 1, 0
32390, 7784099, 1, 0
32628, 7802517, 1, 0
32858, 7789212, 1, 0
33094, 7805597, 1, 0
33333, 7796627, 1, 0
33566, 7682965, 1, 0
33801, 7655125, 1, 0
34035, 7648134, 1, 0
34303, 7653514, 1, 0
34781, 7875739, 1, 0
35018, 7853627, 1, 0
35261, 7845152, 1, 0
35540, 7889442, 1, 0
35784, 7904531, 1, 0
36035, 7928106, 1, 0
36271, 7941901, 1, 0
36493, 7877996, 1, 0
36728, 7769576, 1, 0
36962, 7746443, 1, 0
37196, 7726125, 1, 0
37457, 7736283, 1, 0
37790, 7821025, 1, 0
38012, 7812128, 1, 0
38234, 7805039, 1, 0
38469, 7802314, 1, 0
38706, 7806942, 1, 0
38982, 7843139, 1, 0
39269, 7905864, 1, 0
39541, 7854932, 1, 0
39750, 7813566, 1, 0
39983, 7827924, 1, 0
40205, 7814625, 1, 0
40417, 7789044, 1, 0
40743, 7884761, 1, 0
41006, 7912560, 1, 0
41268, 7935069, 1, 0
41510, 7944323, 1, 0
41746, 7945584, 1, 0
42017, 7982381, 1, 0
42277, 7973551, 1, 0
42534, 7752994, 1, 0
42768, 7750645, 1, 0
42986, 7724992, 1, 0
43253, 7713122, 1, 0
43580, 7795848, 1, 0
43818, 7782356, 1, 0
44075, 7803851, 1, 0
44316, 7822863, 1, 0
44547, 7819814, 1, 0
44774, 7812339, 1, 0
45008, 7811882, 1, 0
45259, 7801828, 1, 0
45510, 7719550, 1, 0
45743, 7731072, 1, 0
45983, 7749481, 1, 0
46267, 7797505, 1, 0
46619, 7912830, 1, 0
46870, 7887957, 1, 0
47129, 7859452, 1, 0
47383, 7842383, 1, 0
47633, 7882595, 1, 0
47869, 7885676, 1, 0
48112, 7906511, 1, 0
48357, 7939943, 1, 0
48608, 7864949, 1, 0
48846, 7839895, 1, 0
49079, 7810753, 1, 0
49423, 7912926, 1, 0
49644, 7897862, 1, 0
49858, 7841268, 1, 0
50089, 7811964, 1, 0
50306, 7771705, 1, 0
50518, 7749163, 1, 0
50759, 7773134, 1, 0
51001, 7747981, 1, 0
51219, 7638822, 1, 0
51441, 7623340, 1, 0
51684, 7608523, 1, 0
51993, 7676382, 1, 0
52365, 7817871, 1, 0
52620, 7845488, 1, 0
52848, 7839586, 1, 0
53180, 7921041, 1, 0
53423, 7913534, 1, 0
53728, 7984308, 1, 0
53974, 7990759, 1, 0
54199, 7932473, 1, 0
54501, 7881638, 1, 0
54752, 7882060, 1, 0
54970, 7841231, 1, 0
55193, 7809952, 1, 0
55552, 7919528, 1, 0
55785, 7915923, 1, 0
56040, 7928533, 1, 0
56294, 7936358, 1, 0
56542, 7934009, 1, 0
56802, 7955746, 1, 0
57045, 7966041, 1, 0
57295, 7871827, 1, 0
57551, 7906634, 1, 0
57799, 7940162, 1, 0
58081, 7992410, 1, 0
58469, 8163244, 1, 0
58722, 8204592, 1, 0
59049, 8290333, 1, 0
59300, 8299533, 1, 0
59529, 8310391, 1, 0
59763, 8321539, 1, 0
60022, 8337848, 1, 0
60022, 8029063, 1, 0
60022, 7656323, 1, 0
60022, 7401857, 1, 0
60022, 7174059, 1, 0
60022, 6841550, 1, 0
60022, 6598249, 1, 0
60022, 6293989, 1, 0
60022, 6047700, 1, 0
60022, 5822390, 1, 0
60022, 5520722, 1, 0
60022, 5269718, 1, 0
60022, 5051839, 1, 0
60022, 4828734, 1, 0
60022, 4469523, 1, 0
60022, 4236641, 1, 0
60022, 3981500, 1, 0
60022, 3728003, 1, 0
60022, 3479895, 1, 0
60022, 3219635, 1, 0
60022, 2976551, 1, 0
60022, 2727027, 1, 0
60022, 2470956, 1, 0
60022, 2223111, 1, 0
60022, 1940340, 1, 0
60022, 1552351, 1, 0
60022, 1299505, 1, 0
60022, 972521, 1, 0
60022, 721378, 1, 0
60022, 492511, 1, 0
60022, 258997, 1, 0
60022, 16, 1, 0
7926, 7680197, 1, 0
8190, 7734092, 1, 0
8436, 7743832, 1, 0
8688, 7750830, 1, 0
8951, 7591295, 1, 0
9227, 7598747, 1, 0
9439, 7577236, 1, 0
9650, 7553279, 1, 0
9898, 7533066, 1, 0
10226, 7618742, 1, 0
10448, 7620429, 1, 0
10680, 7626063, 1, 0
10999, 7716255, 1, 0
11231, 7716338, 1, 0
11448, 7680642, 1, 0
11668, 7667293, 1, 0
11890, 7573386, 1, 0
12127, 7582976, 1, 0
12374, 7605866, 1, 0
12656, 7643571, 1, 0
13064, 7790563, 1, 0
13280, 7792068, 1, 0
13509, 7798559, 1, 0
13753, 7791428, 1, 0
14081, 7901052, 1, 0
14306, 7894403, 1, 0
14535, 7892116, 1, 0
14740, 7820894, 1, 0
14958, 7699023, 1, 0
15219, 7733134, 1, 0
15477, 7788866, 1, 0
15750, 7824367, 1, 0
16118, 7928215, 1, 0
16349, 7913192, 1, 0
16568, 7879738, 1, 0
16941, 7990410, 1, 0
17161, 7934520, 1, 0
17372, 7933245, 1, 0
17585, 7935452, 1, 0
17793, 7895857, 1, 0
18026, 7800194, 1, 0
18283, 7834974, 1, 0
18529, 7848628, 1, 0
18778, 7778292, 1, 0
19023, 7791496, 1, 0
19340, 7892328, 1, 0
19588, 7919722, 1, 0
19941, 8050965, 1, 0
20220, 8093614, 1, 0
20443, 8068679, 1, 0
20687, 8030874, 1, 0
20960, 7895798, 1, 0
21204, 7924156, 1, 0
21446, 7936872, 1, 0
21676, 7922801, 1, 0
21910, 7829388, 1, 0
22176, 7869848, 1, 0
22406, 7871227, 1, 0
22680, 7940136, 1, 0
23067, 8109156, 1, 0
23311, 8091241, 1, 0
23610, 8133400, 1, 0
23881, 8130242, 1, 0
24150, 8032279, 1, 0
24445, 8095944, 1, 0
24655, 8087266, 1, 0
24869, 7927062, 1, 0
25092, 7931063, 1, 0
25312, 7939602, 1, 0
25560, 7975028, 1, 0
25942, 8148211, 1, 0
26169, 8142161, 1, 0
26408, 8124222, 1, 0
26672, 8142631, 1, 0
26902, 8124100, 1, 0
27126, 8103590, 1, 0
27379, 8038944, 1, 0
27610, 8022236, 1, 0
27871, 7930860, 1, 0
28127, 7906427, 1, 0
28350, 7906486, 1, 0
28607, 7920249, 1, 0
28921, 7960872, 1, 0
29151, 7947098, 1, 0
29373, 7926953, 1, 0
29625, 7949021, 1, 0
29895, 7984989, 1, 0
30135, 7959074, 1, 0
30366, 7959778, 1, 0
30600, 7919563, 1, 0
30861, 7794685, 1, 0
31101, 7790301, 1, 0
31327, 7716813, 1, 0
31552, 7671277, 1, 0
31851, 7701243, 1, 0
32058, 7612839, 1, 0
32300, 7644950, 1, 0
32563, 7694642, 1, 0
32818, 7725980, 1, 0
33061, 7749243, 1, 0
33323, 7763098, 1, 0
33557, 7615818, 1, 0
33794, 7625251, 1, 0
34025, 7617838, 1, 0
34247, 7575414, 1, 0
34664, 7761773, 1, 0
34983, 7857021, 1, 0
35212, 7833180, 1, 0
35496, 7885532, 1, 0
35749, 7877440, 1, 0
35995, 7868599, 1, 0
36263, 7913626, 1, 0
36518, 7911153, 1, 0
36772, 7851185, 1, 0
37015, 7863744, 1, 0
37262, 7888992, 1, 0
37538, 7912839, 1, 0
37864, 7968858, 1, 0
38077, 7942423, 1, 0
38275, 7908717, 1, 0
38491, 7891721, 1, 0
38741, 7879876, 1, 0
39002, 7900631, 1, 0
39293, 7966040, 1, 0
39569, 8016845, 1, 0
39770, 7918397, 1, 0
39995, 7937771, 1, 0
40268, 7968386, 1, 0
40568, 8004384, 1, 0
40789, 7970198, 1, 0
41029, 7968428, 1, 0
41267, 7943684, 1, 0
41502, 7944176, 1, 0
41766, 7972280, 1, 0
42009, 7983229, 1, 0
42269, 8021513, 1, 0
42526, 7862836, 1, 0
42782, 7799244, 1, 0
43036, 7823638, 1, 0
43311, 7815139, 1, 0
43628, 7878666, 1, 0
43880, 7884656, 1, 0
44162, 7898917, 1, 0
44449, 7930397, 1, 0
44709, 7936730, 1, 0
44932, 7916988, 1, 0
45190, 7927701, 1, 0
45434, 7896285, 1, 0
45684, 7820348, 1, 0
45914, 7836736, 1, 0
46228, 7953639, 1, 0
46611, 8119935, 1, 0
46862, 8120562, 1, 0
47119, 8117786, 1, 0
47375, 8081372, 1, 0
47622, 8052901, 1, 0
47863, 8093416, 1, 0
48123, 8127644, 1, 0
48378, 8109902, 1, 0
48600, 8032695, 1, 0
48840, 8051556, 1, 0
49071, 8041540, 1, 0
49446, 8178764, 1, 0
49697, 8194964, 1, 0
49938, 8171878, 1, 0
50163, 8154638, 1, 0
50378, 8109157, 1, 0
50600, 8073841, 1, 0
50834, 8051485, 1, 0
51048, 8012634, 1, 0
51269, 7958090, 1, 0
51486, 7858931, 1, 0
51718, 7838236, 1, 0
52017, 7854596, 1, 0
52393, 7944054, 1, 0
52670, 7960673, 1, 0
52959, 8026572, 1, 0
53254, 8063784, 1, 0
53494, 8059747, 1, 0
53803, 8118904, 1, 0
54020, 8106512, 1, 0
54297, 8068671, 1, 0
54516, 7905104, 1, 0
54788, 7926668, 1, 0
55034, 7914607, 1, 0
55342, 7967489, 1, 0
55625, 8003537, 1, 0
55860, 7996287, 1, 0
56116, 7992875, 1, 0
56339, 7960918, 1, 0
56582, 7981801, 1, 0
56819, 7979006, 1, 0
57066, 7995279, 1, 0
57318, 7872261, 1, 0
57562, 7865908, 1, 0
57811, 7873519, 1, 0
58071, 7908308, 1, 0
58430, 8052521, 1, 0
58654, 8053538, 1, 0
58889, 8055029, 1, 0
59204, 8155584, 1, 0
59439, 8170091, 1, 0
59695, 8208133, 1, 0
59922, 8204376, 1, 0
60140, 8123392, 1, 0
60140, 7747437, 1, 0
60140, 7470618, 1, 0
60140, 7181441, 1, 0
60140, 6886485, 1, 0
60140, 6646566, 1, 0
60140, 6336914, 1, 0
60140, 6119858, 1, 0
60140, 5843058, 1, 0
60140, 5623624, 1, 0
60140, 5351624, 1, 0
60140, 5106220, 1, 0
60140, 4798058, 1, 0
60140, 4514922, 1, 0
60140, 4280546, 1, 0
60140, 4024120, 1, 0
60140, 3801284, 1, 0
60140, 3558082, 1, 0
60140, 3320915, 1, 0
60140, 3073912, 1, 0
60140, 2822049, 1, 0
60140, 2577656, 1, 0
60140, 2328634, 1, 0
60140, 2068642, 1, 0
60140, 1709823, 1, 0
60140, 1486423, 1, 0
60140, 1251182, 1, 0
60140, 936099, 1, 0
60140, 700979, 1, 0
60140, 445508, 1, 0
60140, 217690, 1, 0
60140, 17, 1, 0
8045, 7777361, 1, 0
8282, 7791030, 1, 0
8531, 7806406, 1, 0
8792, 7766390, 1, 0
9031, 7647848, 1, 0
9278, 7649006, 1, 0
9487, 7616193, 1, 0
9704, 7574309, 1, 0
9956, 7589959, 1, 0
10275, 7666594, 1, 0
10504, 7647868, 1, 0
10737, 7625719, 1, 0
11063, 7721557, 1, 0
11289, 7716495, 1, 0
11501, 7672540, 1, 0
11718, 7649820, 1, 0
11918, 7547939, 1, 0
12171, 7567738, 1, 0
12441, 7612642, 1, 0
12705, 7642079, 1, 0
13154, 7817191, 1, 0
13364, 7779630, 1, 0
13597, 7766916, 1, 0
13808, 7722416, 1, 0
14135, 7796951, 1, 0
14366, 7781598, 1, 0
14584, 7725543, 1, 0
14792, 7600837, 1, 0
15023, 7619198, 1, 0
15278, 7666598, 1, 0
15545, 7724571, 1, 0
15793, 7747878, 1, 0
16149, 7866317, 1, 0
16379, 7847733, 1, 0
16591, 7799441, 1, 0
16974, 7943046, 1, 0
17190, 7911386, 1, 0
17401, 7914570, 1, 0
17616, 7911260, 1, 0
17822, 7865324, 1, 0
18068, 7792806, 1, 0
18312, 7807964, 1, 0
18563, 7825963, 1, 0
18806, 7742645, 1, 0
19056, 7766749, 1, 0
19284, 7782328, 1, 0
19526, 7808664, 1, 0
19781, 7863387, 1, 0
20075, 7904006, 1, 0
20324, 7882137, 1, 0
20567, 7862359, 1, 0
20803, 7648451, 1, 0
21020, 7656138, 1, 0
21254, 7657284, 1, 0
21503, 7694783, 1, 0
21733, 7598587, 1, 0
21967, 7601263, 1, 0
22255, 7670641, 1, 0
22497, 7704694, 1, 0
22738, 7714670, 1, 0
23095, 7817746, 1, 0
23371, 7826033, 1, 0
23654, 7860633, 1, 0
23880, 7731930, 1, 0
24149, 7770355, 1, 0
24392, 7800979, 1, 0
24598, 7624389, 1, 0
24818, 7628610, 1, 0
25039, 7637451, 1, 0
25253, 7637308, 1, 0
25528, 7706080, 1, 0
25873, 7805409, 1, 0
26136, 7824320, 1, 0
26377, 7813487, 1, 0
26611, 7804653, 1, 0
26855, 7799042, 1, 0
27095, 7811173, 1, 0
27347, 7820770, 1, 0
27580, 7798995, 1, 0
27812, 7737587, 1, 0
28045, 7721545, 1, 0
28265, 7698142, 1, 0
28541, 7738815, 1, 0
28863, 7842653, 1, 0
29094, 7839330, 1, 0
29321, 7818535, 1, 0
29567, 7833989, 1, 0
29800, 7833230, 1, 0
30046, 7791576, 1, 0
30305, 7808585, 1, 0
30539, 7801233, 1, 0
30800, 7704932, 1, 0
31042, 7670666, 1, 0
31297, 7643271, 1, 0
31528, 7647085, 1, 0
31823, 7674078, 1, 0
32027, 7635207, 1, 0
32270, 7671494, 1, 0
32522, 7703630, 1, 0
32759, 7719935, 1, 0
33004, 7751577, 1, 0
33269, 7741098, 1, 0
33502, 7628601, 1, 0
33736, 7599466, 1, 0
33970, 7593246, 1, 0
34213, 7602681, 1, 0
34618, 7763012, 1, 0
34871, 7776338, 1, 0
35090, 7742923, 1, 0
35316, 7735613, 1, 0
35531, 7718461, 1, 0
35748, 7702761, 1, 0
35995, 7729253, 1, 0
36231, 7690019, 1, 0
36456, 7592551, 1, 0
36693, 7599479, 1, 0
36922, 7600554, 1, 0
37142, 7574878, 1, 0
37418, 7617705, 1, 0
37779, 7733013, 1, 0
38004, 7698595, 1, 0
38225, 7685814, 1, 0
38429, 7628971, 1, 0
38669, 7627481, 1, 0
38872, 7574699, 1, 0
39073, 7545928, 1, 0
39347, 7523652, 1, 0
39565, 7537467, 1, 0
39769, 7499503, 1, 0
40002, 7480195, 1, 0
40219, 7460535, 1, 0
40538, 7533879, 1, 0
40788, 7519528, 1, 0
41028, 7526355, 1, 0
41293, 7557065, 1, 0
41536, 7565972, 1, 0
41766, 7552151, 1, 0
42007, 7389798, 1, 0
42240, 7369111, 1, 0
42477, 7386889, 1, 0
42733, 7417114, 1, 0
42947, 7415926, 1, 0
43191, 7443462, 1, 0
43543, 7548397, 1, 0
43770, 7538904, 1, 0
44066, 7610312, 1, 0
44308, 7614949, 1, 0
44566, 7644589, 1, 0
44794, 7651963, 1, 0
45030, 7612179, 1, 0
45247, 7467770, 1, 0
45500, 7495919, 1, 0
45734, 7509434, 1, 0
45977, 7547841, 1, 0
46257, 7587769, 1, 0
46611, 7739557, 1, 0
46862, 7788668, 1, 0
47118, 7771894, 1, 0
47373, 7808600, 1, 0
47622, 7852828, 1, 0
47863, 7861030, 1, 0
48102, 7883281, 1, 0
48349, 7810309, 1, 0
48595, 7806160, 1, 0
48839, 7811168, 1, 0
49071, 7777871, 1, 0
49414, 7878564, 1, 0
49661, 7895735, 1, 0
49910, 7903027, 1, 0
50163, 7922672, 1, 0
50378, 7900630, 1, 0
50599, 7865629, 1, 0
50833, 7886844, 1, 0
51048, 7856484, 1, 0
51268, 7725507, 1, 0
51486, 7716004, 1, 0
51717, 7650900, 1, 0
52015, 7707260, 1, 0
52357, 7790403, 1, 0
52611, 7816447, 1, 0
52861, 7831179, 1, 0
53256, 8009332, 1, 0
53507, 8007824, 1, 0
53803, 8069112, 1, 0
54022, 8044645, 1, 0
54287, 8029821, 1, 0
54517, 7906164, 1, 0
54766, 7903981, 1, 0
54991, 7872841, 1, 0
55393, 8020142, 1, 0
55683, 8060908, 1, 0
55939, 8075713, 1, 0
56175, 8073158, 1, 0
56397, 8047884, 1, 0
56609, 8014902, 1, 0
56844, 8004592, 1, 0
57101, 8030756, 1, 0
57352, 7937285, 1, 0
57596, 7934481, 1, 0
57841, 7930804, 1, 0
58183, 8019693, 1, 0
58459, 8081788, 1, 0
58682, 8083616, 1, 0
58914, 8080047, 1, 0
59205, 8156746, 1, 0
59439, 8170614, 1, 0
59666, 8179364, 1, 0
59908, 8190858, 1, 0
60140, 8125060, 1, 0
60140, 7783681, 1, 0
60140, 7529747, 1, 0
60140, 7278933, 1, 0
60140, 6883892, 1, 0
60140, 6632836, 1, 0
60140, 6336906, 1, 0
60140, 6118663, 1, 0
60140, 5853362, 1, 0
60140, 5622948, 1, 0
60140, 5374232, 1, 0
60140, 5148968, 1, 0
60140, 4746976, 1, 0
60140, 4457099, 1, 0
60140, 4201639, 1, 0
60140, 3964793, 1, 0
60140, 3743765, 1, 0
60140, 3530864, 1, 0
60140, 3296642, 1, 0
60140, 3038813, 1, 0
60140, 2788608, 1, 0
60140, 2544546, 1, 0
60140, 2299129, 1, 0
60140, 1957684, 1, 0
60140, 1680920, 1, 0
60140, 1457917, 1, 0
60140, 1226753, 1, 0
60140, 935750, 1, 0
60140, 701216, 1, 0
60140, 474640, 1, 0
60140, 232722, 1, 0
60140, 14, 1, 0
8225, 7950181, 1, 0
8475, 7970854, 1, 0
8725, 7964549, 1, 0
8958, 7900742, 1, 0
9212, 7761471, 1, 0
9424, 7726596, 1, 0
9657, 7672342, 1, 0
9904, 7677998, 1, 0
10233, 7770439, 1, 0
10456, 7757437, 1, 0
10695, 7777294, 1, 0
11007, 7831712, 1, 0
11295, 7887383, 1, 0
11513, 7866127, 1, 0
11730, 7848718, 1, 0
11925, 7714463, 1, 0
12178, 7712175, 1, 0
12450, 7740738, 1, 0
12842, 7883919, 1, 0
13185, 7949764, 1, 0
13403, 7907580, 1, 0
13628, 7905961, 1, 0
13842, 7875362, 1, 0
14173, 7981913, 1, 0
14403, 7957703, 1, 0
14640, 7958286, 1, 0
14855, 7899213, 1, 0
15096, 7731187, 1, 0
15345, 7777832, 1, 0
15606, 7824883, 1, 0
15983, 8000073, 1, 0
16219, 7993655, 1, 0
16448, 7973003, 1, 0
16734, 8009064, 1, 0
17032, 8074220, 1, 0
17250, 8037851, 1, 0
17499, 8075637, 1, 0
17731, 8073979, 1, 0
17942, 8037618, 1, 0
18164, 7931481, 1, 0
18414, 7958019, 1, 0
18660, 7964687, 1, 0
18886, 7879486, 1, 0
19129, 7833550, 1, 0
19418, 7904649, 1, 0
19677, 7947123, 1, 0
19983, 8058699, 1, 0
20229, 8050618, 1, 0
20509, 8059031, 1, 0
20757, 7914900, 1, 0
20996, 7811265, 1, 0
21237, 7833726, 1, 0
21483, 7854808, 1, 0
21739, 7896827, 1, 0
21974, 7801727, 1, 0
22182, 7778791, 1, 0
22413, 7773264, 1, 0
22684, 7829072, 1, 0
23047, 7950772, 1, 0
23310, 7964935, 1, 0
23605, 7999026, 1, 0
23887, 7903570, 1, 0
24127, 7908363, 1, 0
24385, 7936980, 1, 0
24605, 7870961, 1, 0
24825, 7793460, 1, 0
25072, 7822648, 1, 0
25287, 7787313, 1, 0
25534, 7803205, 1, 0
25881, 7939474, 1, 0
26113, 7948883, 1, 0
26354, 7940069, 1, 0
26588, 7927596, 1, 0
26828, 7941793, 1, 0
27047, 7918253, 1, 0
27296, 7878672, 1, 0
27533, 7855644, 1, 0
27764, 7780961, 1, 0
28000, 7770929, 1, 0
28218, 7708857, 1, 0
28453, 7695828, 1, 0
28815, 7818490, 1, 0
29044, 7806746, 1, 0
29270, 7786520, 1, 0
29497, 7758271, 1, 0
29720, 7745916, 1, 0
29968, 7785749, 1, 0
30199, 7785835, 1, 0
30428, 7743330, 1, 0
30663, 7615723, 1, 0
30899, 7589406, 1, 0
31138, 7532564, 1, 0
31364, 7477140, 1, 0
31583, 7455207, 1, 0
31894, 7509249, 1, 0
32095, 7489653, 1, 0
32335, 7509833, 1, 0
32596, 7523275, 1, 0
32825, 7538323, 1, 0
33067, 7533060, 1, 0
33302, 7420845, 1, 0
33536, 7422723, 1, 0
33772, 7418226, 1, 0
34005, 7417707, 1, 0
34221, 7393224, 1, 0
34625, 7578233, 1, 0
34907, 7610700, 1, 0
35123, 7590010, 1, 0
35346, 7581829, 1, 0
35607, 7606847, 1, 0
35849, 7631238, 1, 0
36109, 7656814, 1, 0
36373, 7558134, 1, 0
36617, 7572952, 1, 0
36868, 7598337, 1, 0
37116, 7619064, 1, 0
37396, 7675454, 1, 0
37761, 7792919, 1, 0
37978, 7778902, 1, 0
38206, 7778267, 1, 0
38437, 7774279, 1, 0
38705, 7805473, 1, 0
38955, 7817365, 1, 0
39231, 7867395, 1, 0
39515, 7932243, 1, 0
39725, 7831094, 1, 0
39943, 7848063, 1, 0
40195, 7859747, 1, 0
40441, 7844838, 1, 0
40772, 7946563, 1, 0
41007, 7939661, 1, 0
41279, 7976852, 1, 0
41530, 7993464, 1, 0
41745, 7972768, 1, 0
41983, 7978094, 1, 0
42214, 7993075, 1, 0
42457, 7831636, 1, 0
42710, 7802927, 1, 0
42954, 7831387, 1, 0
43199, 7852682, 1, 0
43571, 7964342, 1, 0
43795, 7945965, 1, 0
44032, 7922383, 1, 0
44250, 7877362, 1, 0
44511, 7893848, 1, 0
44745, 7877025, 1, 0
44971, 7854735, 1, 0
45224, 7828439, 1, 0
45472, 7711090, 1, 0
45742, 7764781, 1, 0
45984, 7777497, 1, 0
46264, 7827516, 1, 0
46618, 7913644, 1, 0
46838, 7882444, 1, 0
47094, 7863353, 1, 0
47350, 7835336, 1, 0
47603, 7877550, 1, 0
47839, 7896157, 1, 0
48077, 7881734, 1, 0
48322, 7881020, 1, 0
48538, 7766591, 1, 0
48788, 7781315, 1, 0
49027, 7748638, 1, 0
49320, 7790814, 1, 0
49669, 7924393, 1, 0
49917, 7933229, 1, 0
50149, 7934676, 1, 0
50358, 7901453, 1, 0
50577, 7867317, 1, 0
50818, 7864134, 1, 0
51055, 7856157, 1, 0
51276, 7704844, 1, 0
51494, 7698857, 1, 0
51756, 7723939, 1, 0
52023, 7772537, 1, 0
52245, 7733927, 1, 0
52582, 7837366, 1, 0
52788, 7817146, 1, 0
53119, 7894407, 1, 0
53394, 7922279, 1, 0
53692, 7949695, 1, 0
53918, 7934627, 1, 0
54145, 7880522, 1, 0
54422, 7803627, 1, 0
54638, 7800403, 1, 0
54938, 7843602, 1, 0
55350, 7999542, 1, 0
55608, 8004802, 1, 0
55866, 8026527, 1, 0
56152, 8075000, 1, 0
56404, 8081986, 1, 0
56677, 8138945, 1, 0
56920, 8131815, 1, 0
57171, 8143777, 1, 0
57415, 8094944, 1, 0
57633, 7964159, 1, 0
57873, 7956028, 1, 0
58268, 8119115, 1, 0
58496, 8138027, 1, 0
58721, 8143994, 1, 0
59049, 8230943, 1, 0
59270, 8215192, 1, 0
59500, 8224446, 1, 0
59731, 8237529, 1, 0
59978, 8222404, 1, 0
60194, 8170877, 1, 0
60194, 7949088, 1, 0
60194, 7611210, 1, 0
60194, 7405447, 1, 0
60194, 7075122, 1, 0
60194, 6799467, 1, 0
60194, 6501680, 1, 0
60194, 6275567, 1, 0
60194, 6048805, 1, 0
60194, 5771902, 1, 0
60194, 5555466, 1, 0
60194, 5255655, 1, 0
60194, 4844067, 1, 0
60194, 4586152, 1, 0
60194, 4328152, 1, 0
60194, 4042007, 1, 0
60194, 3790133, 1, 0
60194, 3516565, 1, 0
60194, 3273945, 1, 0
60194, 3022537, 1, 0
60194, 2778412, 1, 0
60194, 2560498, 1, 0
60194, 2321015, 1, 0
60194, 1925864, 1, 0
60194, 1697508, 1, 0
60194, 1472501, 1, 0
60194, 1144669, 1, 0
60194, 923420, 1, 0
60194, 693503, 1, 0
60194, 462304, 1, 0
60194, 215583, 1, 0
60194, 16, 1, 0
4803, 4616182, 1, 0
4936, 4619961, 1, 0
5071, 4601413, 1, 0
5185, 4595190, 1, 0
5468, 4744144, 1, 0
5580, 4616393, 1, 0
5716, 4627890, 1, 0
5827, 4618039, 1, 0
5962, 4609014, 1, 0
6073, 4536964, 1, 0
6258, 4483218, 1, 0
6407, 4516374, 1, 0
6727, 4690520, 1, 0
6846, 4679269, 1, 0
6963, 4680910, 1, 0
7099, 4685283, 1, 0
7226, 4690615, 1, 0
7355, 4643932, 1, 0
7468, 4643648, 1, 0
7638, 4639299, 1, 0
7758, 4639926, 1, 0
7884, 4644057, 1, 0
8009, 4658175, 1, 0
8130, 4651256, 1, 0
8509, 4783142, 1, 0
8692, 4839851, 1, 0
8825, 4860632, 1, 0
8966, 4873905, 1, 0
9106, 4898138, 1, 0
9308, 4861395, 1, 0
9553, 4870171, 1, 0
9666, 4862957, 1, 0
9792, 4855954, 1, 0
10082, 5011180, 1, 0
10195, 5009691, 1, 0
10316, 4847985, 1, 0
10440, 4859474, 1, 0
10563, 4847137, 1, 0
10683, 4856645, 1, 0
10828, 4865468, 1, 0
10947, 4873920, 1, 0
11081, 4823476, 1, 0
11194, 4786493, 1, 0
11307, 4579524, 1, 0
11435, 4589275, 1, 0
11549, 4585487, 1, 0
11788, 4566130, 1, 0
12030, 4558187, 1, 0
12354, 4557148, 1, 0
12681, 4797504, 1, 0
12792, 4782242, 1, 0
13041, 4661549, 1, 0
13312, 4482747, 1, 0
13604, 4505187, 1, 0
13870, 4377601, 1, 0
14114, 4325146, 1, 0
14482, 4215558, 1, 0
14594, 4278430, 1, 0
14866, 4288684, 1, 0
15428, 4450028, 1, 0
15552, 4604194, 1, 0
15679, 4598044, 1, 0
15799, 4604986, 1, 0
16037, 4606702, 1, 0
16275, 4606190, 1, 0
16513, 4607908, 1, 0
16760, 4606437, 1, 0
17010, 4431503, 1, 0
17542, 4536734, 1, 0
17653, 4612576, 1, 0
17791, 4620263, 1, 0
18022, 4569768, 1, 0
18439, 4665337, 1, 0
18780, 4909984, 1, 0
18953, 4958553, 1, 0
19135, 5021012, 1, 0
19254, 5028196, 1, 0
19508, 4904922, 1, 0
19984, 5269481, 1, 0
20296, 5430132, 1, 0
20873, 5889602, 1, 0
21167, 5739009, 1, 0
21380, 5828233, 1, 0
21562, 5882746, 1, 0
21917, 6118078, 1, 0
22044, 6125772, 1, 0
22335, 6298002, 1, 0
22912, 6757434, 1, 0
23076, 6801485, 1, 0
23197, 6795953, 1, 0
23469, 6956610, 1, 0
23584, 6944055, 1, 0
23695, 6935077, 1, 0
23813, 6925583, 1, 0
24109, 7098972, 1, 0
24355, 7110679, 1, 0
24474, 6931346, 1, 0
24581, 6927804, 1, 0
24782, 6991098, 1, 0
25115, 7049186, 1, 0
25366, 6965974, 1, 0
25611, 6685032, 1, 0
25852, 6596766, 1, 0
26084, 6581429, 1, 0
26328, 6343986, 1, 0
26548, 6252185, 1, 0
26770, 5690990, 1, 0
27051, 5498797, 1, 0
27328, 5273271, 1, 0
27556, 4873545, 1, 0
27801, 4605744, 1, 0
28109, 4490203, 1, 0
28295, 4599793, 1, 0
28542, 4522767, 1, 0
28782, 4307248, 1, 0
29029, 4448203, 1, 0
29269, 4486793, 1, 0
29506, 4431640, 1, 0
29752, 4386155, 1, 0
30121, 4507694, 1, 0
30371, 4518043, 1, 0
30597, 4515929, 1, 0
30959, 4402198, 1, 0
31209, 4557858, 1, 0
31333, 4562821, 1, 0
31598, 4554561, 1, 0
31931, 4572916, 1, 0
32050, 4611473, 1, 0
32315, 4624661, 1, 0
32567, 4635049, 1, 0
32806, 4543682, 1, 0
33169, 4567332, 1, 0
33323, 4661736, 1, 0
33574, 4603175, 1, 0
33829, 4434607, 1, 0
34002, 4495551, 1, 0
34371, 4447174, 1, 0
34614, 4368966, 1, 0
35134, 4506567, 1, 0
35249, 4651770, 1, 0
35366, 4644738, 1, 0
35602, 4455977, 1, 0
35751, 4418366, 1, 0
36098, 4459711, 1, 0
36355, 4455903, 1, 0
36598, 4429823, 1, 0
36856, 4418537, 1, 0
37100, 4413836, 1, 0
37350, 4414789, 1, 0
37632, 4313832, 1, 0
37859, 4416025, 1, 0
38170, 4596421, 1, 0
38291, 4595818, 1, 0
38545, 4568274, 1, 0
38875, 4597411, 1, 0
39160, 4789175, 1, 0
39270, 4778133, 1, 0
39519, 4778079, 1, 0
39758, 4503545, 1, 0
40277, 4565818, 1, 0
40412, 4660474, 1, 0
40536, 4665689, 1, 0
40766, 4552564, 1, 0
41014, 4532944, 1, 0
41277, 4543408, 1, 0
41511, 4532478, 1, 0
41788, 4552777, 1, 0
42182, 4623808, 1, 0
42303, 4670944, 1, 0
42547, 4472167, 1, 0
42856, 4441683, 1, 0
43090, 4424964, 1, 0
43343, 4259844, 1, 0
43587, 4200242, 1, 0
43843, 4199709, 1, 0
44070, 4200136, 1, 0
44325, 4128034, 1, 0
44570, 4037143, 1, 0
44837, 4071534, 1, 0
45120, 4228160, 1, 0
45360, 4226488, 1, 0
45590, 4201643, 1, 0
45824, 4192330, 1, 0
46077, 4165012, 1, 0
46320, 4011431, 1, 0
46551, 4008111, 1, 0
46782, 3922479, 1, 0
47025, 3934566, 1, 0
47282, 3931688, 1, 0
47518, 3931251, 1, 0
47765, 3926312, 1, 0
48065, 3994946, 1, 0
48308, 3981937, 1, 0
48549, 3977886, 1, 0
48799, 3961546, 1, 0
49077, 3825386, 1, 0
49305, 3829140, 1, 0
49544, 3829797, 1, 0
49792, 3844004, 1, 0
50029, 3833044, 1, 0
50282, 3839452, 1, 0
50564, 3882697, 1, 0
50945, 3965600, 1, 0
51103, 4078175, 1, 0
51348, 4078307, 1, 0
51665, 4104803, 1, 0
51812, 4173390, 1, 0
52048, 4130089, 1, 0
52292, 4106580, 1, 0
52541, 4109148, 1, 0
52770, 4096854, 1, 0
53002, 4079848, 1, 0
53353, 4045129, 1, 0
53542, 4127643, 1, 0
53893, 4349100, 1, 0
54111, 4326466, 1, 0
54349, 4324037, 1, 0
54715, 4373491, 1, 0
54850, 4439332, 1, 0
55107, 4420843, 1, 0
55359, 4275904, 1, 0
55593, 4367045, 1, 0
55830, 4369360, 1, 0
56065, 4273901, 1, 0
56320, 4261804, 1, 0
56713, 4360460, 1, 0
56903, 4489487, 1, 0
57043, 4501794, 1, 0
57286, 4513792, 1, 0
57545, 4654472, 1, 0
57813, 4693690, 1, 0
58052, 4698249, 1, 0
58298, 4520596, 1, 0
58536, 4418937, 1, 0
58807, 4440200, 1, 0
59040, 4386905, 1, 0
59281, 4306065, 1, 0
59648, 4541194, 1, 0
59781, 4540152, 1, 0
60019, 4487597, 1, 0
60019, 2169662, 1, 0
4783, 4591310, 1, 0
4910, 4589481, 1, 0
5045, 4571256, 1, 0
5165, 4569326, 1, 0
5442, 4714796, 1, 0
5553, 4584197, 1, 0
5686, 4590958, 1, 0
5807, 4593205, 1, 0
5937, 4521975, 1, 0
6053, 4523430, 1, 0
6238, 4458515, 1, 0
6379, 4484183, 1, 0
6687, 4644720, 1, 0
6807, 4635431, 1, 0
6926, 4639081, 1, 0
7054, 4622258, 1, 0
7180, 4627331, 1, 0
7347, 4630062, 1, 0
7454, 4623519, 1, 0
7642, 4700680, 1, 0
7762, 4701116, 1, 0
7888, 4687969, 1, 0
8014, 4694628, 1, 0
8134, 4681929, 1, 0
8365, 4745911, 1, 0
8631, 4798342, 1, 0
8765, 4821078, 1, 0
8908, 4836046, 1, 0
9027, 4844846, 1, 0
9159, 4732448, 1, 0
9420, 4757579, 1, 0
9613, 4830346, 1, 0
9741, 4831271, 1, 0
9860, 4815428, 1, 0
9976, 4811258, 1, 0
10119, 4676521, 1, 0
10231, 4678258, 1, 0
10345, 4658939, 1, 0
10463, 4655578, 1, 0
10586, 4649788, 1, 0
10700, 4647107, 1, 0
10845, 4607130, 1, 0
10987, 4607584, 1, 0
11099, 4411782, 1, 0
11330, 4404136, 1, 0
11572, 4394978, 1, 0
11808, 4349973, 1, 0
12067, 4304717, 1, 0
12286, 4397996, 1, 0
12699, 4474462, 1, 0
12814, 4449511, 1, 0
13058, 4303916, 1, 0
13328, 4294550, 1, 0
13503, 4343789, 1, 0
13752, 4169327, 1, 0
14119, 4138366, 1, 0
14487, 4183899, 1, 0
14599, 4254733, 1, 0
14870, 4269657, 1, 0
15432, 4437017, 1, 0
15544, 4556888, 1, 0
15666, 4567070, 1, 0
15803, 4592020, 1, 0
16042, 4591578, 1, 0
16279, 4586709, 1, 0
16517, 4584478, 1, 0
16765, 4528241, 1, 0
17015, 4405055, 1, 0
17547, 4517474, 1, 0
17658, 4599623, 1, 0
17794, 4598829, 1, 0
18027, 4554074, 1, 0
18443, 4659088, 1, 0
18784, 4909939, 1, 0
18959, 4959384, 1, 0
19140, 5020557, 1, 0
19259, 5028090, 1, 0
19513, 4904436, 1, 0
19988, 5270009, 1, 0
20300, 5430016, 1, 0
20877, 5890329, 1, 0
21098, 5666453, 1, 0
21219, 5674876, 1, 0
21408, 5741858, 1, 0
21632, 5829131, 1, 0
21985, 6062313, 1, 0
22118, 6076450, 1, 0
22524, 6363973, 1, 0
22960, 6680779, 1, 0
23131, 6724841, 1, 0
23394, 6876928, 1, 0
23531, 6887084, 1, 0
23644, 6879638, 1, 0
23754, 6862262, 1, 0
23913, 6897661, 1, 0
24303, 7055284, 1, 0
24416, 6868862, 1, 0
24528, 6869842, 1, 0
24857, 6899196, 1, 0
25056, 7029513, 1, 0
25315, 6904158, 1, 0
25552, 6617494, 1, 0
25791, 6532273, 1, 0
26026, 6521494, 1, 0
26267, 6278531, 1, 0
26602, 5953371, 1, 0
26830, 5616241, 1, 0
27117, 5512922, 1, 0
27364, 5252846, 1, 0
27592, 4791594, 1, 0
27912, 4549827, 1, 0
28100, 4569170, 1, 0
28285, 4640929, 1, 0
28522, 4626882, 1, 0
28756, 4339051, 1, 0
29010, 4482306, 1, 0
29251, 4602210, 1, 0
29604, 4450531, 1, 0
29990, 4487887, 1, 0
30110, 4557692, 1, 0
30358, 4564590, 1, 0
30583, 4560280, 1, 0
30822, 4393008, 1, 0
31179, 4577343, 1, 0
31320, 4600307, 1, 0
31572, 4618261, 1, 0
31813, 4570237, 1, 0
32023, 4659302, 1, 0
32319, 4709585, 1, 0
32571, 4689985, 1, 0
32811, 4557363, 1, 0
33174, 4596180, 1, 0
33339, 4697300, 1, 0
33598, 4646997, 1, 0
33901, 4504745, 1, 0
34022, 4535917, 1, 0
34253, 4528332, 1, 0
34522, 4414637, 1, 0
34762, 4409762, 1, 0
35165, 4688611, 1, 0
35283, 4699726, 1, 0
35513, 4685987, 1, 0
35819, 4503442, 1, 0
36159, 4537435, 1, 0
36293, 4604145, 1, 0
36514, 4540437, 1, 0
36761, 4454892, 1, 0
37124, 4436431, 1, 0
37374, 4430442, 1, 0
37516, 4341794, 1, 0
38086, 4473041, 1, 0
38207, 4608680, 1, 0
38327, 4609248, 1, 0
38569, 4545916, 1, 0
38892, 4597563, 1, 0
39099, 4691900, 1, 0
39344, 4702012, 1, 0
39593, 4573712, 1, 0
39831, 4436757, 1, 0
40078, 4414696, 1, 0
40293, 4473954, 1, 0
40552, 4621455, 1, 0
40801, 4515103, 1, 0
41043, 4526477, 1, 0
41307, 4548052, 1, 0
41549, 4548072, 1, 0
41817, 4580560, 1, 0
42104, 4729756, 1, 0
42346, 4691083, 1, 0
42583, 4373475, 1, 0
42776, 4449351, 1, 0
43027, 4460050, 1, 0
43272, 4415170, 1, 0
43517, 4288521, 1, 0
43756, 4282961, 1, 0
44019, 4306145, 1, 0
44266, 4311354, 1, 0
44531, 4282348, 1, 0
44798, 4118220, 1, 0
45073, 4271613, 1, 0
45320, 4275730, 1, 0
45551, 4249561, 1, 0
45792, 4242729, 1, 0
46052, 4217866, 1, 0
46294, 4072891, 1, 0
46696, 4152025, 1, 0
46826, 4243495, 1, 0
47061, 4162950, 1, 0
47298, 4151687, 1, 0
47535, 4144255, 1, 0
47782, 4142394, 1, 0
48088, 4197161, 1, 0
48288, 4269142, 1, 0
48528, 4266142, 1, 0
48773, 4242849, 1, 0
49058, 4247836, 1, 0
49279, 4084353, 1, 0
49517, 4076022, 1, 0
49766, 4090408, 1, 0
50001, 4093171, 1, 0
50390, 4087424, 1, 0
50544, 4131702, 1, 0
50925, 4028048, 1, 0
51095, 4146348, 1, 0
51342, 4163693, 1, 0
51644, 4345574, 1, 0
51803, 4386356, 1, 0
52040, 4385763, 1, 0
52284, 4349726, 1, 0
52527, 4278302, 1, 0
52756, 4232424, 1, 0
53114, 4218736, 1, 0
53347, 4175053, 1, 0
53502, 4223271, 1, 0
53959, 4331623, 1, 0
54071, 4435040, 1, 0
54310, 4430159, 1, 0
54676, 4484330, 1, 0
54795, 4546290, 1, 0
55059, 4532638, 1, 0
55353, 4499740, 1, 0
55580, 4485510, 1, 0
55817, 4480070, 1, 0
56058, 4281335, 1, 0
56312, 4261908, 1, 0
56718, 4366954, 1, 0
56908, 4501241, 1, 0
57047, 4520423, 1, 0
57290, 4529162, 1, 0
57537, 4661105, 1, 0
57762, 4650466, 1, 0
58120, 4641462, 1, 0
58358, 4506994, 1, 0
58510, 4438636, 1, 0
58751, 4434061, 1, 0
59110, 4351922, 1, 0
59349, 4286063, 1, 0
59718, 4493785, 1, 0
59850, 4496766, 1, 0
60088, 4389363, 1, 0
60088, 2136520, 1, 0
4734, 4547343, 1, 0
4862, 4546755, 1, 0
4989, 4519893, 1, 0
5115, 4527469, 1, 0
5230, 4379310, 1, 0
5504, 4525030, 1, 0
5635, 4530815, 1, 0
5758, 4535218, 1, 0
5872, 4519493, 1, 0
6004, 4504439, 1, 0
6117, 4374738, 1, 0
6331, 4465211, 1, 0
6451, 4477870, 1, 0
6759, 4654138, 1, 0
6877, 4651883, 1, 0
7068, 4727082, 1, 0
7214, 4743338, 1, 0
7343, 4740601, 1, 0
7448, 4692121, 1, 0
7568, 4699647, 1, 0
7690, 4709604, 1, 0
7807, 4701378, 1, 0
7926, 4698913, 1, 0
8053, 4682133, 1, 0
8173, 4681786, 1, 0
8579, 4842089, 1, 0
8782, 4918156, 1, 0
8921, 4938469, 1, 0
9054, 4950718, 1, 0
9173, 4920580, 1, 0
9434, 4812700, 1, 0
9621, 4887543, 1, 0
9749, 4886208, 1, 0
10018, 5029747, 1, 0
10138, 5023015, 1, 0
10260, 5030199, 1, 0
10383, 4878462, 1, 0
10502, 4866053, 1, 0
10625, 4866944, 1, 0
10747, 4874443, 1, 0
10884, 4880498, 1, 0
11013, 4896066, 1, 0
11125, 4794673, 1, 0
11239, 4787505, 1, 0
11371, 4612209, 1, 0
11611, 4578257, 1, 0
11862, 4518857, 1, 0
12093, 4525420, 1, 0
12364, 4558359, 1, 0
12693, 4767095, 1, 0
12809, 4756237, 1, 0
13053, 4620865, 1, 0
13335, 4410521, 1, 0
13510, 4456323, 1, 0
13766, 4396583, 1, 0
14045, 4281389, 1, 0
14269, 4134569, 1, 0
14526, 4265349, 1, 0
14768, 4260939, 1, 0
15014, 4265700, 1, 0
15452, 4567346, 1, 0
15570, 4557306, 1, 0
15809, 4567679, 1, 0
16056, 4565345, 1, 0
16286, 4558730, 1, 0
16524, 4550560, 1, 0
16772, 4540976, 1, 0
17022, 4433432, 1, 0
17380, 4570875, 1, 0
17561, 4620249, 1, 0
17802, 4616537, 1, 0
18041, 4557545, 1, 0
18253, 4618659, 1, 0
18800, 4813065, 1, 0
19073, 5027809, 1, 0
19201, 5043868, 1, 0
19315, 5046367, 1, 0
19923, 5101230, 1, 0
20247, 5478679, 1, 0
20358, 5468634, 1, 0
21092, 6077891, 1, 0
21213, 5761262, 1, 0
21402, 5832252, 1, 0
21611, 5920549, 1, 0
21964, 6155218, 1, 0
22092, 6155526, 1, 0
22497, 6441446, 1, 0
22956, 6781767, 1, 0
23126, 6839507, 1, 0
23370, 6957564, 1, 0
23513, 6988938, 1, 0
23627, 6975552, 1, 0
23738, 6966075, 1, 0
23880, 6977025, 1, 0
24285, 7263324, 1, 0
24399, 7019003, 1, 0
24510, 6949322, 1, 0
24624, 6951501, 1, 0
24833, 7030313, 1, 0
25039, 7119900, 1, 0
25291, 7080986, 1, 0
25535, 6832379, 1, 0
25773, 6577206, 1, 0
26021, 6585072, 1, 0
26262, 6339231, 1, 0
26597, 6234930, 1, 0
26825, 5617146, 1, 0
27124, 5527218, 1, 0
27293, 5328937, 1, 0
27513, 5162966, 1, 0
27765, 4657826, 1, 0
28002, 4499956, 1, 0
28256, 4628650, 1, 0
28604, 4519174, 1, 0
28854, 4335358, 1, 0
29216, 4591585, 1, 0
29373, 4540281, 1, 0
29612, 4450163, 1, 0
29997, 4515459, 1, 0
30119, 4584014, 1, 0
30371, 4595443, 1, 0
30720, 4636976, 1, 0
30958, 4696176, 1, 0
31186, 4708352, 1, 0
31294, 4697481, 1, 0
31566, 4732428, 1, 0
31912, 4773103, 1, 0
32030, 4736816, 1, 0
32296, 4771385, 1, 0
32554, 4787142, 1, 0
32794, 4790895, 1, 0
33148, 4721577, 1, 0
33322, 4835779, 1, 0
33593, 4853312, 1, 0
33839, 4740867, 1, 0
34074, 4580157, 1, 0
34346, 4592421, 1, 0
34588, 4465999, 1, 0
35104, 4593328, 1, 0
35221, 4738975, 1, 0
35333, 4613079, 1, 0
35578, 4443271, 1, 0
35838, 4412798, 1, 0
36073, 4506640, 1, 0
36320, 4445626, 1, 0
36554, 4392880, 1, 0
36793, 4376911, 1, 0
37043, 4370309, 1, 0
37303, 4374993, 1, 0
37579, 4275926, 1, 0
38158, 4409298, 1, 0
38279, 4566297, 1, 0
38397, 4557739, 1, 0
38517, 4564090, 1, 0
38844, 4613422, 1, 0
39060, 4713473, 1, 0
39340, 4741187, 1, 0
39607, 4647878, 1, 0
39845, 4508242, 1, 0
40091, 4508722, 1, 0
40307, 4587671, 1, 0
40560, 4545040, 1, 0
40797, 4484435, 1, 0
41038, 4491686, 1, 0
41301, 4507284, 1, 0
41544, 4500144, 1, 0
41812, 4523211, 1, 0
42099, 4657053, 1, 0
42340, 4635097, 1, 0
42578, 4296845, 1, 0
42772, 4375301, 1, 0
43010, 4370853, 1, 0
43254, 4236418, 1, 0
43500, 4171713, 1, 0
43875, 4135352, 1, 0
44109, 4143741, 1, 0
44357, 4093980, 1, 0
44630, 4055735, 1, 0
45032, 4150161, 1, 0
45151, 4228067, 1, 0
45272, 4234260, 1, 0
45503, 4206548, 1, 0
45856, 4182044, 1, 0
46102, 4082638, 1, 0
46350, 4017862, 1, 0
46580, 4005416, 1, 0
46842, 3942237, 1, 0
47080, 3957703, 1, 0
47324, 3947300, 1, 0
47561, 3942392, 1, 0
47808, 3936905, 1, 0
48174, 4039363, 1, 0
48296, 4066231, 1, 0
48536, 4056473, 1, 0
48840, 4089595, 1, 0
49104, 3939786, 1, 0
49328, 3940721, 1, 0
49575, 3948768, 1, 0
49822, 3962314, 1, 0
50059, 3958459, 1, 0
50321, 3959300, 1, 0
50594, 3997493, 1, 0
50992, 4079312, 1, 0
51146, 4178356, 1, 0
51465, 4384784, 1, 0
51665, 4465230, 1, 0
51810, 4486034, 1, 0
52048, 4486732, 1, 0
52314, 4498482, 1, 0
52553, 4405024, 1, 0
52782, 4371112, 1, 0
53022, 4337915, 1, 0
53365, 4280236, 1, 0
53523, 4305687, 1, 0
53775, 4446924, 1, 0
54098, 4530866, 1, 0
54336, 4519338, 1, 0
54561, 4509145, 1, 0
54809, 4498760, 1, 0
55075, 4496528, 1, 0
55329, 4414396, 1, 0
55564, 4199635, 1, 0
55812, 4018624, 1, 0
56053, 4010913, 1, 0
56307, 3994825, 1, 0
56572, 4026387, 1, 0
56813, 4142133, 1, 0
57094, 4168519, 1, 0
57329, 4191222, 1, 0
57569, 4324182, 1, 0
57801, 4299090, 1, 0
58031, 4094684, 1, 0
58277, 4062978, 1, 0
58524, 4067459, 1, 0
58759, 4070302, 1, 0
59124, 4051425, 1, 0
59538, 4121454, 1, 0
59726, 4280195, 1, 0
59876, 4312153, 1, 0
60112, 4297991, 1, 0
60112, 2108402, 1, 0
4864, 4658271, 1, 0
4993, 4658515, 1, 0
5119, 4632290, 1, 0
5234, 4625601, 1, 0
5508, 4654630, 1, 0
5618, 4636147, 1, 0
5743, 4635424, 1, 0
5862, 4634359, 1, 0
5989, 4574892, 1, 0
6108, 4409103, 1, 0
6322, 4497510, 1, 0
6443, 4500224, 1, 0
6750, 4656090, 1, 0
6868, 4652613, 1, 0
7051, 4720085, 1, 0
7217, 4755188, 1, 0
7346, 4751690, 1, 0
7452, 4704330, 1, 0
7572, 4719566, 1, 0
7693, 4678334, 1, 0
7811, 4678354, 1, 0
7942, 4687308, 1, 0
8057, 4682338, 1, 0
8177, 4681782, 1, 0
8561, 4820220, 1, 0
8675, 4807705, 1, 0
8817, 4830062, 1, 0
8957, 4850379, 1, 0
9090, 4834124, 1, 0
9299, 4675193, 1, 0
9543, 4806953, 1, 0
9649, 4785086, 1, 0
9783, 4790907, 1, 0
9923, 4804618, 1, 0
10042, 4808213, 1, 0
10174, 4665741, 1, 0
10288, 4669074, 1, 0
10406, 4663002, 1, 0
10517, 4655648, 1, 0
10642, 4653267, 1, 0
10770, 4662011, 1, 0
10920, 4597720, 1, 0
11048, 4605281, 1, 0
11153, 4402622, 1, 0
11266, 4397483, 1, 0
11528, 4333298, 1, 0
11763, 4306365, 1, 0
12001, 4312459, 1, 0
12311, 4358840, 1, 0
12620, 4563140, 1, 0
12853, 4427534, 1, 0
13109, 4298218, 1, 0
13418, 4309475, 1, 0
13565, 4265391, 1, 0
13826, 4166093, 1, 0
14073, 4156133, 1, 0
14449, 4209575, 1, 0
14553, 4265721, 1, 0
14837, 4293943, 1, 0
15081, 4312191, 1, 0
15511, 4591329, 1, 0
15633, 4585325, 1, 0
15758, 4604764, 1, 0
16115, 4595194, 1, 0
16252, 4604487, 1, 0
16603, 4602210, 1, 0
16858, 4559172, 1, 0
17216, 4418448, 1, 0
17515, 4662147, 1, 0
17631, 4651343, 1, 0
17769, 4660293, 1, 0
18214, 4620653, 1, 0
18418, 4718580, 1, 0
18759, 4932768, 1, 0
18896, 4950613, 1, 0
19104, 5030376, 1, 0
19345, 4970048, 1, 0
19952, 5105030, 1, 0
20275, 5437386, 1, 0
20549, 5594701, 1, 0
20993, 5911805, 1, 0
21181, 5670427, 1, 0
21576, 5943048, 1, 0
21931, 6173008, 1, 0
22069, 6194091, 1, 0
22475, 6478718, 1, 0
22928, 6813647, 1, 0
23093, 6841260, 1, 0
23249, 6875571, 1, 0
23473, 6989040, 1, 0
23587, 6984397, 1, 0
23699, 6967977, 1, 0
23817, 6958265, 1, 0
24125, 7143923, 1, 0
24372, 7155357, 1, 0
24489, 6974635, 1, 0
24603, 6971777, 1, 0
24855, 7086158, 1, 0
25055, 7175193, 1, 0
25181, 7182632, 1, 0
25313, 7098534, 1, 0
25551, 6899274, 1, 0
25789, 6728839, 1, 0
26024, 6680018, 1, 0
26267, 6782266, 1, 0
26599, 6426541, 1, 0
26829, 6002051, 1, 0
27072, 5630819, 1, 0
27319, 5251049, 1, 0
27547, 4786427, 1, 0
27793, 4558768, 1, 0
28099, 4474108, 1, 0
28309, 4610198, 1, 0
28546, 4516430, 1, 0
28786, 4294302, 1, 0
29032, 4428544, 1, 0
29314, 4459166, 1, 0
29560, 4378883, 1, 0
29805, 4374632, 1, 0
30037, 4486160, 1, 0
30313, 4514553, 1, 0
30539, 4517395, 1, 0
30779, 4349351, 1, 0
31019, 4419677, 1, 0
31367, 4531986, 1, 0
31613, 4540948, 1, 0
31947, 4591108, 1, 0
32065, 4635309, 1, 0
32331, 4660955, 1, 0
32600, 4670980, 1, 0
32841, 4576685, 1, 0
33221, 4620733, 1, 0
33369, 4705298, 1, 0
33629, 4647969, 1, 0
33924, 4458450, 1, 0
34066, 4505846, 1, 0
34302, 4496029, 1, 0
34552, 4389097, 1, 0
35083, 4509380, 1, 0
35195, 4655425, 1, 0
35312, 4644157, 1, 0
35550, 4588964, 1, 0
35841, 4467455, 1, 0
36077, 4588027, 1, 0
36321, 4579752, 1, 0
36558, 4486560, 1, 0
36796, 4469104, 1, 0
37046, 4463716, 1, 0
37293, 4448704, 1, 0
37563, 4390383, 1, 0
38117, 4475962, 1, 0
38230, 4601368, 1, 0
38349, 4608357, 1, 0
38592, 4540006, 1, 0
38810, 4634487, 1, 0
39043, 4740681, 1, 0
39361, 4810726, 1, 0
39611, 4672822, 1, 0
39848, 4536210, 1, 0
40094, 4540249, 1, 0
40311, 4606497, 1, 0
40563, 4544937, 1, 0
40800, 4485784, 1, 0
41041, 4491661, 1, 0
41304, 4507333, 1, 0
41548, 4500634, 1, 0
41816, 4529816, 1, 0
42102, 4668891, 1, 0
42356, 4657247, 1, 0
42594, 4357094, 1, 0
42788, 4438817, 1, 0
43026, 4430722, 1, 0
43270, 4278127, 1, 0
43516, 4147295, 1, 0
43755, 4140213, 1, 0
44005, 4158204, 1, 0
44253, 4160700, 1, 0
44645, 4065601, 1, 0
44765, 4083531, 1, 0
45047, 4247181, 1, 0
45288, 4243279, 1, 0
45527, 4222672, 1, 0
45758, 4211185, 1, 0
46116, 4121214, 1, 0
46365, 4023792, 1, 0
46649, 4182420, 1, 0
46772, 4178445, 1, 0
47015, 4111638, 1, 0
47265, 4113809, 1, 0
47502, 4113229, 1, 0
47943, 4136388, 1, 0
48056, 4166148, 1, 0
48374, 4245240, 1, 0
48615, 4242859, 1, 0
48875, 4235605, 1, 0
49009, 4243979, 1, 0
49254, 4085711, 1, 0
49609, 4077818, 1, 0
49850, 4090187, 1, 0
50123, 4121612, 1, 0
50370, 4116687, 1, 0
50634, 4055493, 1, 0
50840, 4068301, 1, 0
51054, 4151522, 1, 0
51311, 4180469, 1, 0
51617, 4193699, 1, 0
51761, 4258684, 1, 0
52006, 4262337, 1, 0
52252, 4187930, 1, 0
52513, 4139378, 1, 0
52862, 4128370, 1, 0
53093, 4095398, 1, 0
53325, 4075647, 1, 0
53526, 4163372, 1, 0
53778, 4295149, 1, 0
54102, 4378073, 1, 0
54340, 4361764, 1, 0
54706, 4403433, 1, 0
54825, 4455216, 1, 0
55098, 4470873, 1, 0
55351, 4339792, 1, 0
55592, 4274881, 1, 0
55833, 4259372, 1, 0
56068, 4189952, 1, 0
56323, 4188543, 1, 0
56798, 4318004, 1, 0
56919, 4405879, 1, 0
57065, 4435203, 1, 0
57302, 4437999, 1, 0
57548, 4566152, 1, 0
57773, 4562993, 1, 0
58009, 4524801, 1, 0
58376, 4295017, 1, 0
58612, 4270287, 1, 0
58855, 4213205, 1, 0
59089, 4130091, 1, 0
59328, 4107894, 1, 0
59697, 4346468, 1, 0
59834, 4373078, 1, 0
60126, 4383711, 1, 0
60126, 2169952, 1, 0
