250, 316, 1, 0
502, 195, 1, 0
900, 144, 1, 0
1008, 150, 1, 0
1293, 133, 1, 0
1501, 129, 1, 0
1766, 101, 1, 0
2009, 186, 1, 0
2251, 154, 1, 0
2507, 144, 1, 0
2751, 119, 1, 0
3016, 128, 1, 0
3298, 134, 1, 0
3500, 138, 1, 0
3774, 114, 1, 0
4036, 148, 1, 0
4250, 144, 1, 0
4500, 177, 1, 0
4754, 136, 1, 0
5004, 157, 1, 0
5271, 145, 1, 0
6191, 147, 1, 0
6192, 129, 1, 0
6192, 101, 1, 0
6419, 142, 1, 0
6502, 169, 1, 0
6767, 144, 1, 0
7000, 167, 1, 0
7251, 139, 1, 0
7500, 139, 1, 0
7750, 125, 1, 0
8008, 122, 1, 0
8250, 102, 1, 0
8619, 106, 1, 0
8767, 108, 1, 0
9014, 118, 1, 0
9253, 119, 1, 0
9567, 148, 1, 0
9758, 109, 1, 0
10000, 131, 1, 0
10252, 118, 1, 0
10551, 137, 1, 0
10750, 132, 1, 0
11047, 158, 1, 0
11364, 136, 1, 0
11503, 138, 1, 0
11757, 144, 1, 0
12095, 135, 1, 0
12252, 167, 1, 0
12501, 108, 1, 0
12752, 147, 1, 0
13012, 155, 1, 0
13259, 153, 1, 0
13742, 108, 1, 0
13761, 94, 1, 0
14083, 138, 1, 0
14448, 139, 1, 0
14501, 143, 1, 0
14782, 135, 1, 0
15005, 141, 1, 0
15257, 129, 1, 0
15511, 119, 1, 0
15750, 138, 1, 0
16014, 158, 1, 0
16254, 151, 1, 0
16506, 120, 1, 0
16750, 107, 1, 0
17289, 125, 1, 0
17289, 49, 1, 0
17500, 111, 1, 0
17751, 97, 1, 0
18000, 132, 1, 0
18250, 145, 1, 0
18515, 131, 1, 0
18750, 136, 1, 0
19000, 149, 1, 0
19253, 125, 1, 0
19500, 109, 1, 0
19750, 146, 1, 0
20001, 124, 1, 0
20250, 128, 1, 0
20503, 108, 1, 0
20751, 141, 1, 0
21000, 129, 1, 0
21250, 143, 1, 0
21516, 112, 1, 0
21750, 196, 1, 0
22003, 208, 1, 0
22293, 147, 1, 0
22533, 162, 1, 0
22750, 132, 1, 0
23007, 114, 1, 0
23256, 126, 1, 0
23501, 115, 1, 0
23752, 133, 1, 0
24003, 140, 1, 0
24250, 141, 1, 0
24551, 194, 1, 0
24753, 175, 1, 0
25003, 134, 1, 0
25262, 156, 1, 0
25505, 113, 1, 0
25750, 137, 1, 0
26001, 125, 1, 0
26250, 132, 1, 0
26505, 122, 1, 0
26756, 155, 1, 0
27020, 158, 1, 0
27250, 127, 1, 0
27504, 104, 1, 0
27757, 96, 1, 0
28009, 120, 1, 0
28270, 119, 1, 0
28500, 136, 1, 0
28756, 131, 1, 0
29003, 116, 1, 0
29250, 161, 1, 0
29500, 166, 1, 0
29750, 154, 1, 0
30000, 141, 1, 0
30258, 137, 1, 0
30501, 162, 1, 0
30755, 137, 1, 0
31001, 127, 1, 0
31259, 146, 1, 0
31501, 145, 1, 0
31758, 134, 1, 0
32002, 167, 1, 0
32253, 160, 1, 0
32505, 161, 1, 0
32811, 177, 1, 0
33000, 179, 1, 0
33250, 166, 1, 0
33502, 186, 1, 0
33761, 223, 1, 0
34167, 90, 1, 0
34389, 146, 1, 0
34500, 140, 1, 0
34750, 114, 1, 0
35014, 89, 1, 0
35252, 102, 1, 0
35641, 112, 1, 0
35857, 162, 1, 0
36002, 175, 1, 0
36250, 162, 1, 0
36500, 123, 1, 0
36750, 102, 1, 0
37003, 115, 1, 0
37328, 126, 1, 0
37500, 110, 1, 0
37756, 163, 1, 0
38001, 201, 1, 0
38254, 371, 1, 0
38500, 197, 1, 0
39047, 419, 1, 0
39047, 49, 1, 0
39523, 152, 1, 0
39523, 174, 1, 0
39750, 196, 1, 0
40002, 115, 1, 0
40261, 103, 1, 0
40503, 104, 1, 0
40756, 101, 1, 0
41000, 123, 1, 0
41250, 122, 1, 0
41516, 122, 1, 0
41873, 125, 1, 0
42117, 135, 1, 0
42258, 113, 1, 0
42506, 124, 1, 0
42972, 100, 1, 0
43006, 147, 1, 0
43253, 129, 1, 0
43513, 110, 1, 0
43750, 146, 1, 0
44050, 127, 1, 0
44250, 141, 1, 0
44500, 135, 1, 0
44751, 122, 1, 0
45001, 138, 1, 0
45252, 131, 1, 0
45507, 136, 1, 0
45763, 117, 1, 0
46050, 120, 1, 0
46257, 146, 1, 0
46500, 121, 1, 0
46752, 121, 1, 0
47016, 92, 1, 0
47255, 98, 1, 0
47503, 110, 1, 0
47800, 102, 1, 0
48009, 130, 1, 0
48252, 147, 1, 0
48501, 140, 1, 0
48750, 136, 1, 0
49013, 148, 1, 0
49250, 137, 1, 0
49500, 116, 1, 0
49906, 101, 1, 0
50004, 122, 1, 0
50261, 126, 1, 0
50503, 161, 1, 0
50846, 124, 1, 0
51003, 137, 1, 0
51266, 143, 1, 0
51500, 153, 1, 0
51754, 152, 1, 0
52004, 154, 1, 0
52250, 134, 1, 0
52503, 120, 1, 0
52750, 140, 1, 0
53002, 115, 1, 0
53250, 136, 1, 0
53508, 160, 1, 0
53828, 138, 1, 0
54000, 131, 1, 0
54250, 153, 1, 0
54502, 110, 1, 0
54787, 132, 1, 0
55036, 139, 1, 0
55263, 168, 1, 0
55501, 132, 1, 0
55753, 155, 1, 0
56004, 132, 1, 0
56390, 137, 1, 0
56703, 158, 1, 0
56772, 138, 1, 0
57310, 161, 1, 0
57311, 203, 1, 0
57549, 153, 1, 0
57751, 137, 1, 0
58008, 115, 1, 0
58255, 136, 1, 0
58500, 132, 1, 0
58816, 150, 1, 0
59000, 141, 1, 0
59256, 164, 1, 0
59500, 170, 1, 0
60690, 229, 1, 0
250, 285, 1, 0
501, 168, 1, 0
906, 110, 1, 0
1016, 127, 1, 0
1336, 142, 1, 0
1501, 54, 1, 0
1766, 87, 1, 0
2011, 140, 1, 0
2251, 155, 1, 0
2501, 149, 1, 0
2753, 127, 1, 0
3016, 182, 1, 0
3284, 155, 1, 0
3500, 159, 1, 0
3771, 125, 1, 0
4035, 138, 1, 0
4254, 124, 1, 0
4502, 111, 1, 0
4754, 114, 1, 0
5004, 177, 1, 0
5270, 127, 1, 0
6194, 147, 1, 0
6194, 105, 1, 0
6194, 65, 1, 0
6281, 160, 1, 0
6502, 141, 1, 0
6767, 156, 1, 0
7000, 162, 1, 0
7253, 137, 1, 0
7500, 144, 1, 0
7750, 153, 1, 0
8004, 144, 1, 0
8250, 126, 1, 0
8500, 141, 1, 0
8750, 130, 1, 0
9008, 120, 1, 0
9252, 121, 1, 0
9564, 107, 1, 0
9753, 119, 1, 0
10000, 136, 1, 0
10252, 141, 1, 0
10551, 228, 1, 0
10750, 146, 1, 0
11047, 156, 1, 0
11364, 140, 1, 0
11501, 154, 1, 0
11757, 135, 1, 0
12094, 161, 1, 0
12254, 194, 1, 0
12501, 130, 1, 0
12750, 166, 1, 0
13002, 143, 1, 0
13259, 155, 1, 0
13742, 172, 1, 0
13761, 125, 1, 0
14097, 182, 1, 0
14449, 146, 1, 0
14501, 128, 1, 0
14782, 139, 1, 0
15012, 138, 1, 0
15257, 101, 1, 0
15500, 127, 1, 0
15750, 142, 1, 0
16010, 134, 1, 0
16256, 161, 1, 0
16500, 146, 1, 0
16750, 115, 1, 0
17288, 133, 1, 0
17288, 92, 1, 0
17508, 121, 1, 0
17753, 126, 1, 0
18000, 135, 1, 0
18250, 148, 1, 0
18516, 151, 1, 0
18751, 157, 1, 0
19000, 174, 1, 0
19253, 163, 1, 0
19501, 147, 1, 0
19750, 157, 1, 0
20001, 141, 1, 0
20250, 133, 1, 0
20508, 114, 1, 0
20752, 142, 1, 0
21002, 118, 1, 0
21250, 141, 1, 0
21516, 113, 1, 0
21750, 167, 1, 0
22003, 187, 1, 0
22293, 138, 1, 0
22534, 133, 1, 0
22758, 135, 1, 0
23006, 171, 1, 0
23250, 194, 1, 0
23505, 153, 1, 0
23754, 123, 1, 0
24000, 120, 1, 0
24250, 128, 1, 0
24535, 133, 1, 0
24754, 115, 1, 0
25000, 121, 1, 0
25262, 122, 1, 0
25501, 115, 1, 0
25750, 139, 1, 0
26001, 139, 1, 0
26250, 139, 1, 0
26500, 123, 1, 0
26759, 135, 1, 0
27001, 168, 1, 0
27257, 151, 1, 0
27501, 135, 1, 0
27757, 146, 1, 0
28003, 124, 1, 0
28270, 115, 1, 0
28500, 108, 1, 0
28752, 121, 1, 0
29002, 125, 1, 0
29263, 129, 1, 0
29505, 135, 1, 0
29750, 122, 1, 0
30002, 124, 1, 0
30261, 146, 1, 0
30500, 144, 1, 0
30757, 137, 1, 0
31001, 160, 1, 0
31260, 134, 1, 0
31500, 141, 1, 0
31756, 147, 1, 0
32014, 153, 1, 0
32253, 146, 1, 0
32513, 163, 1, 0
32810, 159, 1, 0
33011, 147, 1, 0
33257, 137, 1, 0
33500, 139, 1, 0
33760, 114, 1, 0
34104, 122, 1, 0
34390, 104, 1, 0
34555, 126, 1, 0
34750, 119, 1, 0
35005, 161, 1, 0
35250, 159, 1, 0
35516, 121, 1, 0
35859, 143, 1, 0
36012, 138, 1, 0
36251, 130, 1, 0
36500, 137, 1, 0
36774, 148, 1, 0
37002, 136, 1, 0
37329, 129, 1, 0
37500, 135, 1, 0
37756, 158, 1, 0
38001, 207, 1, 0
38254, 388, 1, 0
38500, 208, 1, 0
39047, 342, 1, 0
39047, 97, 1, 0
39525, 137, 1, 0
39527, 87, 1, 0
39757, 158, 1, 0
40007, 136, 1, 0
40252, 151, 1, 0
40504, 127, 1, 0
40757, 120, 1, 0
41009, 127, 1, 0
41250, 150, 1, 0
41514, 103, 1, 0
41873, 97, 1, 0
42117, 87, 1, 0
42258, 119, 1, 0
42507, 101, 1, 0
42973, 115, 1, 0
43000, 131, 1, 0
43252, 128, 1, 0
43500, 125, 1, 0
43750, 153, 1, 0
44046, 129, 1, 0
44252, 139, 1, 0
44502, 135, 1, 0
44751, 123, 1, 0
45001, 134, 1, 0
45251, 118, 1, 0
45507, 111, 1, 0
45762, 110, 1, 0
46052, 121, 1, 0
46250, 137, 1, 0
46500, 124, 1, 0
46761, 139, 1, 0
47017, 113, 1, 0
47253, 134, 1, 0
47503, 96, 1, 0
47802, 98, 1, 0
48006, 97, 1, 0
48260, 109, 1, 0
48504, 109, 1, 0
48752, 108, 1, 0
49012, 123, 1, 0
49250, 121, 1, 0
49510, 123, 1, 0
49882, 75, 1, 0
50006, 106, 1, 0
50252, 118, 1, 0
50503, 158, 1, 0
50843, 93, 1, 0
51000, 125, 1, 0
51258, 108, 1, 0
51505, 108, 1, 0
51755, 95, 1, 0
52000, 137, 1, 0
52250, 126, 1, 0
52502, 113, 1, 0
52754, 132, 1, 0
53001, 131, 1, 0
53393, 133, 1, 0
53504, 112, 1, 0
53828, 100, 1, 0
54000, 137, 1, 0
54250, 117, 1, 0
54520, 111, 1, 0
54786, 112, 1, 0
55037, 119, 1, 0
55263, 126, 1, 0
55501, 125, 1, 0
55751, 138, 1, 0
56004, 139, 1, 0
56390, 139, 1, 0
56713, 145, 1, 0
56772, 116, 1, 0
57310, 152, 1, 0
57310, 72, 1, 0
57549, 153, 1, 0
57750, 144, 1, 0
58031, 151, 1, 0
58255, 186, 1, 0
58500, 129, 1, 0
58826, 173, 1, 0
59000, 158, 1, 0
59256, 164, 1, 0
59500, 169, 1, 0
60692, 158, 1, 0
251, 453, 1, 0
500, 163, 1, 0
907, 141, 1, 0
1016, 140, 1, 0
1293, 131, 1, 0
1501, 80, 1, 0
1759, 92, 1, 0
2009, 120, 1, 0
2256, 112, 1, 0
2501, 130, 1, 0
2752, 129, 1, 0
3015, 160, 1, 0
3283, 180, 1, 0
3500, 154, 1, 0
3773, 104, 1, 0
4035, 143, 1, 0
4250, 156, 1, 0
4500, 172, 1, 0
4755, 134, 1, 0
5012, 185, 1, 0
5280, 154, 1, 0
6183, 149, 1, 0
6194, 202, 1, 0
6196, 57, 1, 0
6274, 130, 1, 0
6503, 145, 1, 0
6750, 102, 1, 0
7002, 129, 1, 0
7251, 132, 1, 0
7500, 119, 1, 0
7750, 110, 1, 0
8004, 118, 1, 0
8253, 129, 1, 0
8614, 122, 1, 0
8751, 128, 1, 0
9000, 126, 1, 0
9250, 136, 1, 0
9564, 135, 1, 0
9760, 132, 1, 0
10009, 138, 1, 0
10262, 122, 1, 0
10544, 128, 1, 0
10750, 130, 1, 0
11047, 184, 1, 0
11377, 96, 1, 0
11501, 110, 1, 0
11756, 132, 1, 0
12095, 148, 1, 0
12252, 195, 1, 0
12501, 111, 1, 0
12752, 152, 1, 0
13002, 131, 1, 0
13261, 117, 1, 0
13745, 108, 1, 0
13874, 157, 1, 0
14082, 93, 1, 0
14448, 109, 1, 0
14501, 152, 1, 0
14782, 109, 1, 0
15000, 147, 1, 0
15267, 122, 1, 0
15502, 111, 1, 0
15756, 122, 1, 0
16012, 181, 1, 0
16256, 174, 1, 0
16500, 151, 1, 0
16750, 138, 1, 0
17289, 147, 1, 0
17289, 283, 1, 0
17500, 153, 1, 0
17751, 124, 1, 0
18000, 121, 1, 0
18250, 121, 1, 0
18515, 131, 1, 0
18750, 128, 1, 0
19001, 139, 1, 0
19250, 130, 1, 0
19501, 119, 1, 0
19756, 115, 1, 0
20002, 112, 1, 0
20260, 102, 1, 0
20508, 105, 1, 0
20750, 105, 1, 0
21000, 102, 1, 0
21250, 117, 1, 0
21515, 114, 1, 0
21751, 146, 1, 0
22000, 135, 1, 0
22292, 141, 1, 0
22534, 170, 1, 0
22750, 141, 1, 0
23006, 139, 1, 0
23250, 192, 1, 0
23501, 138, 1, 0
23752, 149, 1, 0
24002, 134, 1, 0
24250, 136, 1, 0
24547, 169, 1, 0
24754, 202, 1, 0
25005, 136, 1, 0
25263, 143, 1, 0
25510, 125, 1, 0
25756, 125, 1, 0
26001, 161, 1, 0
26250, 123, 1, 0
26501, 135, 1, 0
26757, 153, 1, 0
27021, 170, 1, 0
27257, 138, 1, 0
27504, 124, 1, 0
27757, 134, 1, 0
28009, 118, 1, 0
28270, 89, 1, 0
28500, 123, 1, 0
28750, 112, 1, 0
29020, 123, 1, 0
29254, 132, 1, 0
29504, 131, 1, 0
29750, 122, 1, 0
30000, 125, 1, 0
30257, 168, 1, 0
30500, 131, 1, 0
30750, 103, 1, 0
31008, 100, 1, 0
31250, 135, 1, 0
31520, 155, 1, 0
31756, 150, 1, 0
32002, 191, 1, 0
32252, 227, 1, 0
32505, 156, 1, 0
32810, 164, 1, 0
33000, 150, 1, 0
33251, 156, 1, 0
33502, 154, 1, 0
33761, 184, 1, 0
34167, 121, 1, 0
34388, 153, 1, 0
34578, 141, 1, 0
34750, 115, 1, 0
35004, 162, 1, 0
35250, 165, 1, 0
35641, 142, 1, 0
35857, 151, 1, 0
36000, 168, 1, 0
36251, 151, 1, 0
36510, 138, 1, 0
36751, 141, 1, 0
37002, 152, 1, 0
37327, 157, 1, 0
37500, 141, 1, 0
37757, 139, 1, 0
38001, 151, 1, 0
38254, 204, 1, 0
38500, 192, 1, 0
39048, 151, 1, 0
39048, 52, 1, 0
39252, 111, 1, 0
39523, 126, 1, 0
39764, 143, 1, 0
40007, 132, 1, 0
40263, 150, 1, 0
40504, 141, 1, 0
40757, 124, 1, 0
41009, 141, 1, 0
41250, 151, 1, 0
41516, 131, 1, 0
41872, 124, 1, 0
42117, 126, 1, 0
42252, 103, 1, 0
42503, 102, 1, 0
42972, 106, 1, 0
43006, 61, 1, 0
43253, 104, 1, 0
43500, 108, 1, 0
43751, 94, 1, 0
44043, 107, 1, 0
44251, 125, 1, 0
44501, 111, 1, 0
44753, 115, 1, 0
45003, 127, 1, 0
45253, 119, 1, 0
45511, 110, 1, 0
45750, 108, 1, 0
46051, 116, 1, 0
46250, 121, 1, 0
46502, 123, 1, 0
46761, 111, 1, 0
47015, 122, 1, 0
47250, 129, 1, 0
47503, 114, 1, 0
47800, 121, 1, 0
48006, 123, 1, 0
48251, 130, 1, 0
48506, 107, 1, 0
48752, 105, 1, 0
49013, 107, 1, 0
49250, 112, 1, 0
49520, 110, 1, 0
49909, 91, 1, 0
50003, 119, 1, 0
50261, 119, 1, 0
50512, 144, 1, 0
50852, 102, 1, 0
51006, 126, 1, 0
51250, 101, 1, 0
51500, 105, 1, 0
51753, 95, 1, 0
52000, 117, 1, 0
52261, 128, 1, 0
52501, 110, 1, 0
52755, 107, 1, 0
53007, 89, 1, 0
53250, 127, 1, 0
53508, 134, 1, 0
53829, 130, 1, 0
54000, 144, 1, 0
54250, 130, 1, 0
54509, 114, 1, 0
54786, 119, 1, 0
55036, 133, 1, 0
55264, 132, 1, 0
55507, 113, 1, 0
55750, 128, 1, 0
56004, 117, 1, 0
56390, 115, 1, 0
56703, 83, 1, 0
56773, 89, 1, 0
57310, 109, 1, 0
57310, 173, 1, 0
57553, 110, 1, 0
57757, 119, 1, 0
58000, 111, 1, 0
58257, 134, 1, 0
58500, 139, 1, 0
58826, 153, 1, 0
59016, 175, 1, 0
59255, 190, 1, 0
59500, 207, 1, 0
60692, 262, 1, 0
251, 455, 1, 0
500, 173, 1, 0
908, 141, 1, 0
1016, 132, 1, 0
1293, 133, 1, 0
1500, 121, 1, 0
1769, 118, 1, 0
2009, 136, 1, 0
2250, 150, 1, 0
2501, 147, 1, 0
2752, 102, 1, 0
3016, 112, 1, 0
3287, 86, 1, 0
3500, 118, 1, 0
3774, 110, 1, 0
4035, 125, 1, 0
4250, 137, 1, 0
4500, 167, 1, 0
4755, 133, 1, 0
5009, 182, 1, 0
5280, 229, 1, 0
6190, 179, 1, 0
6191, 173, 1, 0
6191, 105, 1, 0
6275, 170, 1, 0
6503, 179, 1, 0
6768, 125, 1, 0
7001, 141, 1, 0
7252, 135, 1, 0
7500, 152, 1, 0
7750, 159, 1, 0
8004, 150, 1, 0
8250, 137, 1, 0
8500, 126, 1, 0
8761, 145, 1, 0
9008, 136, 1, 0
9250, 130, 1, 0
9564, 150, 1, 0
9755, 125, 1, 0
10001, 121, 1, 0
10250, 129, 1, 0
10528, 147, 1, 0
10751, 126, 1, 0
11047, 141, 1, 0
11376, 187, 1, 0
11502, 136, 1, 0
11756, 170, 1, 0
12094, 165, 1, 0
12250, 135, 1, 0
12502, 116, 1, 0
12750, 161, 1, 0
13005, 142, 1, 0
13252, 127, 1, 0
13745, 116, 1, 0
13761, 425, 1, 0
14083, 152, 1, 0
14448, 135, 1, 0
14501, 147, 1, 0
14782, 155, 1, 0
15000, 154, 1, 0
15267, 134, 1, 0
15501, 123, 1, 0
15750, 154, 1, 0
16011, 134, 1, 0
16253, 204, 1, 0
16502, 166, 1, 0
16754, 133, 1, 0
17288, 186, 1, 0
17288, 72, 1, 0
17500, 162, 1, 0
17752, 149, 1, 0
18000, 145, 1, 0
18250, 162, 1, 0
18516, 154, 1, 0
18751, 131, 1, 0
19001, 133, 1, 0
19251, 116, 1, 0
19502, 110, 1, 0
19756, 132, 1, 0
20002, 146, 1, 0
20250, 129, 1, 0
20503, 117, 1, 0
20750, 108, 1, 0
21000, 103, 1, 0
21250, 90, 1, 0
21515, 98, 1, 0
21752, 119, 1, 0
22004, 110, 1, 0
22294, 96, 1, 0
22532, 119, 1, 0
22758, 124, 1, 0
23006, 118, 1, 0
23250, 156, 1, 0
23500, 134, 1, 0
23755, 157, 1, 0
24002, 159, 1, 0
24250, 167, 1, 0
24547, 237, 1, 0
24753, 235, 1, 0
25002, 164, 1, 0
25262, 187, 1, 0
25509, 132, 1, 0
25750, 111, 1, 0
26003, 169, 1, 0
26250, 114, 1, 0
26502, 129, 1, 0
26765, 128, 1, 0
27001, 167, 1, 0
27257, 140, 1, 0
27504, 157, 1, 0
27757, 155, 1, 0
28009, 132, 1, 0
28270, 93, 1, 0
28500, 122, 1, 0
28750, 95, 1, 0
29002, 126, 1, 0
29250, 136, 1, 0
29500, 131, 1, 0
29751, 124, 1, 0
30005, 141, 1, 0
30252, 130, 1, 0
30500, 127, 1, 0
30751, 124, 1, 0
31005, 101, 1, 0
31250, 131, 1, 0
31500, 87, 1, 0
31754, 94, 1, 0
32001, 117, 1, 0
32255, 133, 1, 0
32511, 132, 1, 0
32797, 119, 1, 0
33011, 142, 1, 0
33254, 132, 1, 0
33502, 129, 1, 0
33760, 155, 1, 0
34168, 85, 1, 0
34388, 112, 1, 0
34500, 124, 1, 0
34750, 114, 1, 0
35010, 131, 1, 0
35250, 149, 1, 0
35641, 153, 1, 0
35859, 137, 1, 0
36003, 205, 1, 0
36254, 153, 1, 0
36500, 127, 1, 0
36773, 96, 1, 0
37002, 125, 1, 0
37329, 119, 1, 0
37501, 123, 1, 0
37756, 129, 1, 0
38001, 131, 1, 0
38254, 161, 1, 0
38500, 184, 1, 0
39048, 369, 1, 0
39048, 25, 1, 0
39252, 117, 1, 0
39523, 96, 1, 0
39750, 135, 1, 0
40000, 142, 1, 0
40252, 144, 1, 0
40504, 121, 1, 0
40756, 124, 1, 0
41000, 126, 1, 0
41250, 144, 1, 0
41531, 108, 1, 0
41873, 107, 1, 0
42117, 109, 1, 0
42250, 100, 1, 0
42500, 105, 1, 0
42947, 109, 1, 0
43001, 116, 1, 0
43252, 117, 1, 0
43500, 132, 1, 0
43750, 170, 1, 0
44049, 139, 1, 0
44252, 147, 1, 0
44500, 126, 1, 0
44753, 119, 1, 0
45002, 133, 1, 0
45253, 124, 1, 0
45505, 110, 1, 0
45750, 111, 1, 0
46052, 107, 1, 0
46250, 107, 1, 0
46500, 100, 1, 0
46761, 100, 1, 0
47016, 128, 1, 0
47250, 146, 1, 0
47502, 115, 1, 0
47806, 122, 1, 0
48007, 139, 1, 0
48252, 135, 1, 0
48501, 128, 1, 0
48750, 114, 1, 0
49010, 124, 1, 0
49250, 122, 1, 0
49500, 100, 1, 0
49882, 78, 1, 0
50006, 108, 1, 0
50251, 109, 1, 0
50501, 167, 1, 0
50846, 147, 1, 0
51003, 141, 1, 0
51265, 140, 1, 0
51500, 151, 1, 0
51754, 133, 1, 0
52000, 175, 1, 0
52250, 144, 1, 0
52502, 136, 1, 0
52750, 160, 1, 0
53001, 163, 1, 0
53250, 130, 1, 0
53508, 169, 1, 0
53828, 140, 1, 0
54000, 132, 1, 0
54253, 119, 1, 0
54507, 113, 1, 0
54786, 127, 1, 0
55030, 130, 1, 0
55264, 133, 1, 0
55510, 123, 1, 0
55752, 121, 1, 0
56004, 123, 1, 0
56391, 127, 1, 0
56670, 146, 1, 0
56771, 163, 1, 0
57310, 139, 1, 0
57311, 209, 1, 0
57551, 157, 1, 0
57758, 151, 1, 0
58031, 142, 1, 0
58255, 177, 1, 0
58500, 149, 1, 0
58826, 218, 1, 0
59016, 173, 1, 0
59256, 172, 1, 0
59500, 190, 1, 0
60692, 277, 1, 0
499, 5805, 1, 0
654, 159, 1, 0
878, 115, 1, 0
1075, 114, 1, 0
1257, 136, 1, 0
2207, 169, 1, 0
2208, 245, 1, 0
2221, 204, 1, 0
2274, 137, 1, 0
2518, 166, 1, 0
2800, 178, 1, 0
3152, 152, 1, 0
3777, 145, 1, 0
3904, 201, 1, 0
3981, 492, 1, 0
4016, 153, 1, 0
4297, 240, 1, 0
4587, 220, 1, 0
4761, 209, 1, 0
5158, 188, 1, 0
5279, 192, 1, 0
5588, 199, 1, 0
5865, 199, 1, 0
6244, 185, 1, 0
6482, 139, 1, 0
6509, 167, 1, 0
6801, 161, 1, 0
7006, 252, 1, 0
7592, 190, 1, 0
7594, 243, 1, 0
8049, 229, 1, 0
8052, 227, 1, 0
8731, 189, 1, 0
8757, 234, 1, 0
8761, 213, 1, 0
9141, 198, 1, 0
9264, 172, 1, 0
9517, 182, 1, 0
9850, 175, 1, 0
10012, 237, 1, 0
10276, 205, 1, 0
10834, 153, 1, 0
10834, 385, 1, 0
11024, 207, 1, 0
11260, 179, 1, 0
11550, 226, 1, 0
11813, 178, 1, 0
12791, 151, 1, 0
12836, 214, 1, 0
12921, 283, 1, 0
12921, 125, 1, 0
13093, 178, 1, 0
13289, 211, 1, 0
13529, 181, 1, 0
13752, 182, 1, 0
14029, 159, 1, 0
14405, 212, 1, 0
14824, 155, 1, 0
14824, 149, 1, 0
15003, 171, 1, 0
15285, 225, 1, 0
15561, 211, 1, 0
15785, 150, 1, 0
16008, 122, 1, 0
16375, 162, 1, 0
16533, 201, 1, 0
16759, 199, 1, 0
17012, 227, 1, 0
17256, 134, 1, 0
17504, 208, 1, 0
17771, 327, 1, 0
18055, 446, 1, 0
18254, 164, 1, 0
18602, 204, 1, 0
18829, 199, 1, 0
19007, 181, 1, 0
19257, 149, 1, 0
19503, 167, 1, 0
19797, 170, 1, 0
20006, 218, 1, 0
20315, 241, 1, 0
20575, 221, 1, 0
20804, 281, 1, 0
21000, 143, 1, 0
21251, 193, 1, 0
21549, 114, 1, 0
21769, 92, 1, 0
22025, 111, 1, 0
22418, 151, 1, 0
22540, 98, 1, 0
22757, 136, 1, 0
23025, 86, 1, 0
23257, 107, 1, 0
23655, 138, 1, 0
23820, 127, 1, 0
24012, 121, 1, 0
24272, 71, 1, 0
24674, 102, 1, 0
24750, 164, 1, 0
25215, 134, 1, 0
25309, 146, 1, 0
25595, 92, 1, 0
25775, 97, 1, 0
26011, 83, 1, 0
26301, 133, 1, 0
26520, 99, 1, 0
26810, 118, 1, 0
27002, 130, 1, 0
27286, 91, 1, 0
27605, 100, 1, 0
27767, 129, 1, 0
28251, 110, 1, 0
28251, 265, 1, 0
29645, 106, 1, 0
29700, 215, 1, 0
29716, 194, 1, 0
29716, 49, 1, 0
29716, 29, 1, 0
29758, 165, 1, 0
30092, 95, 1, 0
30285, 125, 1, 0
30589, 163, 1, 0
30953, 115, 1, 0
31083, 162, 1, 0
31751, 110, 1, 0
31751, 52, 1, 0
31751, 39, 1, 0
32060, 88, 1, 0
32308, 99, 1, 0
33593, 103, 1, 0
33593, 138, 1, 0
33593, 63, 1, 0
33593, 57, 1, 0
33683, 256, 1, 0
34183, 101, 1, 0
34183, 53, 1, 0
34302, 107, 1, 0
34538, 115, 1, 0
34789, 118, 1, 0
35375, 115, 1, 0
35375, 103, 1, 0
35714, 60, 1, 0
35847, 69, 1, 0
36225, 102, 1, 0
36277, 103, 1, 0
36558, 184, 1, 0
36818, 122, 1, 0
37727, 134, 1, 0
37727, 104, 1, 0
37992, 181, 1, 0
37992, 103, 1, 0
38142, 121, 1, 0
38306, 125, 1, 0
38532, 144, 1, 0
38880, 113, 1, 0
39023, 147, 1, 0
39286, 131, 1, 0
39534, 157, 1, 0
39878, 154, 1, 0
40007, 132, 1, 0
40328, 147, 1, 0
40585, 131, 1, 0
40833, 95, 1, 0
41221, 129, 1, 0
41358, 97, 1, 0
41746, 171, 1, 0
41750, 82, 1, 0
42137, 145, 1, 0
42261, 172, 1, 0
42641, 124, 1, 0
42855, 211, 1, 0
43000, 158, 1, 0
43308, 151, 1, 0
43534, 139, 1, 0
44066, 168, 1, 0
44066, 131, 1, 0
44817, 128, 1, 0
44817, 193, 1, 0
44817, 115, 1, 0
45006, 121, 1, 0
45265, 153, 1, 0
45548, 118, 1, 0
46059, 119, 1, 0
46059, 55, 1, 0
46536, 135, 1, 0
46537, 108, 1, 0
46970, 137, 1, 0
47015, 188, 1, 0
47350, 172, 1, 0
47551, 155, 1, 0
48254, 116, 1, 0
48275, 211, 1, 0
48275, 177, 1, 0
48506, 150, 1, 0
48773, 140, 1, 0
49069, 112, 1, 0
49294, 140, 1, 0
49631, 117, 1, 0
49800, 152, 1, 0
50124, 141, 1, 0
50289, 123, 1, 0
50592, 103, 1, 0
50758, 135, 1, 0
51023, 140, 1, 0
51272, 91, 1, 0
51615, 91, 1, 0
52303, 88, 1, 0
52303, 105, 1, 0
52303, 56, 1, 0
52554, 103, 1, 0
52794, 117, 1, 0
53048, 139, 1, 0
53276, 125, 1, 0
53541, 106, 1, 0
53810, 95, 1, 0
54222, 141, 1, 0
54266, 126, 1, 0
54512, 90, 1, 0
54775, 68, 1, 0
55001, 110, 1, 0
55327, 92, 1, 0
55799, 107, 1, 0
55800, 210, 1, 0
56001, 89, 1, 0
56349, 90, 1, 0
56555, 150, 1, 0
56827, 107, 1, 0
57166, 80, 1, 0
57299, 104, 1, 0
57647, 156, 1, 0
57870, 255, 1, 0
58006, 177, 1, 0
58321, 109, 1, 0
58528, 166, 1, 0
58761, 140, 1, 0
59106, 112, 1, 0
59309, 134, 1, 0
59891, 120, 1, 0
59891, 52, 1, 0
60035, 127, 1, 0
405, 5821, 1, 0
626, 131, 1, 0
879, 126, 1, 0
1002, 108, 1, 0
1261, 130, 1, 0
1698, 108, 1, 0
2197, 127, 1, 0
2197, 110, 1, 0
2303, 105, 1, 0
2673, 93, 1, 0
2847, 135, 1, 0
3016, 115, 1, 0
3464, 104, 1, 0
3778, 122, 1, 0
3779, 100, 1, 0
4116, 119, 1, 0
4298, 100, 1, 0
4515, 105, 1, 0
4750, 76, 1, 0
5158, 105, 1, 0
5279, 173, 1, 0
5568, 187, 1, 0
5886, 105, 1, 0
6155, 153, 1, 0
6250, 92, 1, 0
6618, 115, 1, 0
6800, 99, 1, 0
7006, 117, 1, 0
7391, 142, 1, 0
7593, 112, 1, 0
7786, 125, 1, 0
8049, 149, 1, 0
8759, 146, 1, 0
8759, 90, 1, 0
8759, 31, 1, 0
9237, 107, 1, 0
9481, 106, 1, 0
9674, 92, 1, 0
9768, 163, 1, 0
10044, 147, 1, 0
10347, 159, 1, 0
10782, 219, 1, 0
10782, 55, 1, 0
11025, 135, 1, 0
11549, 111, 1, 0
11549, 246, 1, 0
12773, 255, 1, 0
12773, 109, 1, 0
12773, 65, 1, 0
12773, 39, 1, 0
12773, 34, 1, 0
13016, 152, 1, 0
13298, 153, 1, 0
14407, 132, 1, 0
14407, 114, 1, 0
14410, 269, 1, 0
14410, 114, 1, 0
14795, 149, 1, 0
14812, 206, 1, 0
15707, 123, 1, 0
15707, 106, 1, 0
15718, 180, 1, 0
15783, 179, 1, 0
16406, 143, 1, 0
16406, 105, 1, 0
16533, 88, 1, 0
16759, 128, 1, 0
17241, 162, 1, 0
17267, 130, 1, 0
17511, 179, 1, 0
17932, 140, 1, 0
18127, 248, 1, 0
18253, 141, 1, 0
18505, 200, 1, 0
19116, 145, 1, 0
19131, 217, 1, 0
19309, 148, 1, 0
19533, 120, 1, 0
19982, 98, 1, 0
20205, 100, 1, 0
20315, 169, 1, 0
20599, 184, 1, 0
20858, 218, 1, 0
21195, 128, 1, 0
21261, 178, 1, 0
21765, 123, 1, 0
21765, 173, 1, 0
22944, 149, 1, 0
22958, 202, 1, 0
22958, 111, 1, 0
23025, 198, 1, 0
23080, 202, 1, 0
23820, 156, 1, 0
23820, 120, 1, 0
23826, 224, 1, 0
24116, 370, 1, 0
24302, 164, 1, 0
24576, 192, 1, 0
25064, 150, 1, 0
25064, 165, 1, 0
26730, 110, 1, 0
26730, 34, 1, 0
26730, 29, 1, 0
26731, 167, 1, 0
26929, 105, 1, 0
26930, 322, 1, 0
27043, 188, 1, 0
27043, 101, 1, 0
27849, 141, 1, 0
27849, 32, 1, 0
27849, 82, 1, 0
28874, 135, 1, 0
28875, 354, 1, 0
29541, 211, 1, 0
29541, 105, 1, 0
29703, 84, 1, 0
29703, 284, 1, 0
29715, 103, 1, 0
29757, 203, 1, 0
30137, 161, 1, 0
30285, 200, 1, 0
30588, 140, 1, 0
30786, 188, 1, 0
31083, 201, 1, 0
31524, 256, 1, 0
31535, 179, 1, 0
32175, 188, 1, 0
32176, 82, 1, 0
32288, 255, 1, 0
34182, 114, 1, 0
34182, 136, 1, 0
34416, 351, 1, 0
34416, 91, 1, 0
34440, 111, 1, 0
34538, 220, 1, 0
34640, 205, 1, 0
34640, 137, 1, 0
34716, 192, 1, 0
35882, 136, 1, 0
35882, 54, 1, 0
36225, 212, 1, 0
36225, 105, 1, 0
36380, 693, 1, 0
36469, 336, 1, 0
36558, 194, 1, 0
36558, 84, 1, 0
36966, 218, 1, 0
38137, 104, 1, 0
38137, 248, 1, 0
39836, 249, 1, 0
39836, 108, 1, 0
39836, 108, 1, 0
39837, 126, 1, 0
40329, 94, 1, 0
40329, 40, 1, 0
40329, 321, 1, 0
40329, 85, 1, 0
40425, 85, 1, 0
40425, 52, 1, 0
40425, 46, 1, 0
40425, 42, 1, 0
40544, 149, 1, 0
41492, 171, 1, 0
41492, 109, 1, 0
41492, 98, 1, 0
41731, 156, 1, 0
41909, 147, 1, 0
42397, 177, 1, 0
42397, 165, 1, 0
43040, 222, 1, 0
43040, 130, 1, 0
43040, 98, 1, 0
43330, 207, 1, 0
43513, 105, 1, 0
44059, 177, 1, 0
44060, 153, 1, 0
44313, 250, 1, 0
44650, 241, 1, 0
44818, 142, 1, 0
45188, 166, 1, 0
45298, 79, 1, 0
46557, 115, 1, 0
46557, 50, 1, 0
46557, 510, 1, 0
46557, 51, 1, 0
46557, 48, 1, 0
46774, 205, 1, 0
47071, 133, 1, 0
49294, 124, 1, 0
49294, 174, 1, 0
49306, 308, 1, 0
49306, 138, 1, 0
49306, 91, 1, 0
49307, 192, 1, 0
49309, 192, 1, 0
49309, 116, 1, 0
49463, 336, 1, 0
49766, 235, 1, 0
49767, 112, 1, 0
50489, 131, 1, 0
50489, 184, 1, 0
50698, 252, 1, 0
50802, 217, 1, 0
52761, 144, 1, 0
52852, 282, 1, 0
53743, 277, 1, 0
53744, 69, 1, 0
53744, 57, 1, 0
53744, 32, 1, 0
53744, 218, 1, 0
53744, 37, 1, 0
53745, 211, 1, 0
53745, 75, 1, 0
53745, 41, 1, 0
54223, 100, 1, 0
54223, 130, 1, 0
54365, 205, 1, 0
54778, 187, 1, 0
55109, 268, 1, 0
56135, 209, 1, 0
56207, 197, 1, 0
56348, 252, 1, 0
56348, 177, 1, 0
56349, 74, 1, 0
56349, 69, 1, 0
56501, 216, 1, 0
56825, 154, 1, 0
57067, 184, 1, 0
57912, 118, 1, 0
57912, 124, 1, 0
58008, 54, 1, 0
58008, 38, 1, 0
58260, 168, 1, 0
58521, 159, 1, 0
59309, 316, 1, 0
59309, 166, 1, 0
448, 5752, 1, 0
885, 197, 1, 0
885, 162, 1, 0
1020, 204, 1, 0
1262, 244, 1, 0
2208, 113, 1, 0
2219, 194, 1, 0
2219, 102, 1, 0
2385, 169, 1, 0
2515, 206, 1, 0
3163, 151, 1, 0
3359, 197, 1, 0
3359, 98, 1, 0
3902, 210, 1, 0
3906, 197, 1, 0
4115, 225, 1, 0
4430, 414, 1, 0
4589, 208, 1, 0
4752, 118, 1, 0
5226, 221, 1, 0
5281, 129, 1, 0
5739, 171, 1, 0
6497, 168, 1, 0
6510, 176, 1, 0
6523, 238, 1, 0
6524, 233, 1, 0
6820, 212, 1, 0
7008, 299, 1, 0
7591, 220, 1, 0
7594, 386, 1, 0
7777, 161, 1, 0
8051, 203, 1, 0
8759, 170, 1, 0
8842, 151, 1, 0
8842, 145, 1, 0
9153, 307, 1, 0
9262, 190, 1, 0
9674, 100, 1, 0
10066, 124, 1, 0
10067, 169, 1, 0
10348, 173, 1, 0
10783, 177, 1, 0
10783, 200, 1, 0
11029, 219, 1, 0
11407, 164, 1, 0
11730, 123, 1, 0
11849, 142, 1, 0
12773, 201, 1, 0
12774, 190, 1, 0
12795, 176, 1, 0
12919, 261, 1, 0
13120, 144, 1, 0
13291, 202, 1, 0
13775, 205, 1, 0
13778, 175, 1, 0
14027, 205, 1, 0
14834, 230, 1, 0
14834, 128, 1, 0
14854, 373, 1, 0
15002, 186, 1, 0
15283, 267, 1, 0
15594, 215, 1, 0
15771, 161, 1, 0
16041, 139, 1, 0
16259, 161, 1, 0
16673, 159, 1, 0
16821, 162, 1, 0
17009, 182, 1, 0
17359, 164, 1, 0
17568, 190, 1, 0
17784, 316, 1, 0
18253, 370, 1, 0
18253, 43, 1, 0
18642, 154, 1, 0
18756, 180, 1, 0
19000, 207, 1, 0
19312, 175, 1, 0
19537, 127, 1, 0
19791, 206, 1, 0
20430, 166, 1, 0
20430, 83, 1, 0
20575, 130, 1, 0
20874, 168, 1, 0
21017, 217, 1, 0
21445, 218, 1, 0
21621, 103, 1, 0
21765, 324, 1, 0
22033, 172, 1, 0
22454, 218, 1, 0
22626, 79, 1, 0
22845, 190, 1, 0
23941, 187, 1, 0
23941, 74, 1, 0
23941, 120, 1, 0
23941, 74, 1, 0
24116, 73, 1, 0
24298, 240, 1, 0
24744, 241, 1, 0
25172, 239, 1, 0
25266, 246, 1, 0
25575, 120, 1, 0
25575, 81, 1, 0
26194, 121, 1, 0
26194, 33, 1, 0
26361, 109, 1, 0
26730, 189, 1, 0
26929, 113, 1, 0
27161, 161, 1, 0
27343, 111, 1, 0
27848, 158, 1, 0
27849, 118, 1, 0
28251, 135, 1, 0
28251, 73, 1, 0
28676, 96, 1, 0
28874, 267, 1, 0
29552, 162, 1, 0
29552, 135, 1, 0
29700, 274, 1, 0
29809, 171, 1, 0
31365, 227, 1, 0
31365, 64, 1, 0
31517, 287, 1, 0
31749, 98, 1, 0
31750, 215, 1, 0
31750, 66, 1, 0
31793, 270, 1, 0
31932, 75, 1, 0
32059, 167, 1, 0
32395, 138, 1, 0
33015, 260, 1, 0
33682, 250, 1, 0
33682, 64, 1, 0
34301, 255, 1, 0
34302, 181, 1, 0
34440, 439, 1, 0
34440, 101, 1, 0
34930, 85, 1, 0
34931, 305, 1, 0
35643, 192, 1, 0
35643, 115, 1, 0
35709, 203, 1, 0
35994, 99, 1, 0
37991, 205, 1, 0
37991, 116, 1, 0
38137, 250, 1, 0
38272, 130, 1, 0
38273, 303, 1, 0
38448, 91, 1, 0
38448, 299, 1, 0
38654, 69, 1, 0
38725, 364, 1, 0
38726, 387, 1, 0
38726, 190, 1, 0
38726, 147, 1, 0
39215, 73, 1, 0
39216, 41, 1, 0
39766, 153, 1, 0
39767, 98, 1, 0
40143, 257, 1, 0
40328, 94, 1, 0
40329, 686, 1, 0
40519, 125, 1, 0
40838, 102, 1, 0
41221, 106, 1, 0
41730, 130, 1, 0
41730, 119, 1, 0
42299, 141, 1, 0
42299, 202, 1, 0
42299, 100, 1, 0
42641, 185, 1, 0
42758, 179, 1, 0
43113, 110, 1, 0
43299, 415, 1, 0
43517, 132, 1, 0
44059, 68, 1, 0
44059, 99, 1, 0
44649, 155, 1, 0
44649, 49, 1, 0
44758, 206, 1, 0
45328, 194, 1, 0
45328, 147, 1, 0
46022, 241, 1, 0
46229, 85, 1, 0
46229, 134, 1, 0
46325, 151, 1, 0
46557, 94, 1, 0
47009, 161, 1, 0
47009, 79, 1, 0
49294, 184, 1, 0
49294, 250, 1, 0
49305, 286, 1, 0
49306, 115, 1, 0
49306, 72, 1, 0
49306, 50, 1, 0
49462, 116, 1, 0
49462, 219, 1, 0
49462, 136, 1, 0
49766, 286, 1, 0
49766, 44, 1, 0
50124, 139, 1, 0
50257, 255, 1, 0
50592, 206, 1, 0
50801, 264, 1, 0
51240, 167, 1, 0
51281, 95, 1, 0
52303, 252, 1, 0
52303, 68, 1, 0
53265, 203, 1, 0
53743, 77, 1, 0
53743, 78, 1, 0
53743, 31, 1, 0
53744, 117, 1, 0
53744, 54, 1, 0
53745, 76, 1, 0
54222, 141, 1, 0
54222, 48, 1, 0
54331, 125, 1, 0
54512, 88, 1, 0
56501, 193, 1, 0
56501, 128, 1, 0
56505, 193, 1, 0
56505, 167, 1, 0
56528, 114, 1, 0
56529, 179, 1, 0
56529, 86, 1, 0
56529, 195, 1, 0
56818, 207, 1, 0
57067, 169, 1, 0
57626, 115, 1, 0
57894, 285, 1, 0
57905, 85, 1, 0
58007, 177, 1, 0
58260, 209, 1, 0
58551, 204, 1, 0
58942, 135, 1, 0
59313, 219, 1, 0
59313, 101, 1, 0
59896, 470, 1, 0
59896, 86, 1, 0
1261, 5806, 1, 0
1262, 67, 1, 0
1262, 105, 1, 0
1361, 271, 1, 0
1372, 233, 1, 0
2205, 142, 1, 0
2209, 247, 1, 0
2384, 174, 1, 0
2386, 167, 1, 0
2542, 216, 1, 0
3359, 165, 1, 0
4116, 173, 1, 0
4298, 395, 1, 0
4508, 201, 1, 0
4608, 305, 1, 0
4608, 129, 1, 0
4617, 240, 1, 0
4763, 172, 1, 0
4790, 213, 1, 0
5108, 266, 1, 0
5416, 173, 1, 0
5740, 125, 1, 0
5868, 197, 1, 0
6021, 206, 1, 0
6251, 201, 1, 0
6507, 168, 1, 0
6945, 164, 1, 0
7009, 209, 1, 0
7591, 209, 1, 0
7593, 65, 1, 0
7777, 171, 1, 0
8146, 103, 1, 0
8709, 151, 1, 0
8733, 277, 1, 0
8761, 175, 1, 0
9144, 173, 1, 0
9489, 153, 1, 0
9674, 94, 1, 0
9849, 97, 1, 0
10036, 201, 1, 0
10783, 177, 1, 0
10783, 303, 1, 0
10941, 200, 1, 0
11022, 202, 1, 0
11729, 171, 1, 0
11730, 132, 1, 0
11849, 178, 1, 0
12837, 115, 1, 0
12921, 227, 1, 0
12962, 205, 1, 0
12962, 108, 1, 0
13061, 276, 1, 0
13302, 193, 1, 0
13775, 153, 1, 0
13778, 236, 1, 0
14030, 149, 1, 0
14349, 200, 1, 0
14822, 196, 1, 0
14823, 101, 1, 0
15011, 178, 1, 0
15283, 293, 1, 0
15603, 218, 1, 0
15751, 177, 1, 0
16041, 168, 1, 0
16259, 159, 1, 0
16672, 163, 1, 0
16859, 153, 1, 0
17015, 176, 1, 0
17309, 202, 1, 0
17580, 192, 1, 0
17763, 276, 1, 0
18149, 334, 1, 0
18253, 127, 1, 0
18684, 117, 1, 0
18880, 181, 1, 0
19001, 206, 1, 0
19288, 184, 1, 0
19547, 223, 1, 0
19791, 193, 1, 0
20314, 166, 1, 0
20315, 195, 1, 0
20574, 187, 1, 0
20874, 137, 1, 0
21004, 175, 1, 0
21309, 182, 1, 0
21621, 156, 1, 0
21765, 121, 1, 0
22033, 162, 1, 0
22453, 179, 1, 0
22584, 181, 1, 0
22845, 143, 1, 0
23820, 188, 1, 0
23820, 68, 1, 0
23941, 723, 1, 0
23942, 171, 1, 0
24116, 142, 1, 0
24298, 108, 1, 0
24744, 244, 1, 0
24851, 318, 1, 0
25028, 168, 1, 0
25266, 151, 1, 0
25575, 164, 1, 0
26194, 125, 1, 0
26361, 239, 1, 0
26361, 189, 1, 0
26731, 619, 1, 0
26929, 172, 1, 0
27161, 186, 1, 0
27430, 247, 1, 0
27848, 73, 1, 0
27848, 43, 1, 0
28250, 128, 1, 0
28251, 113, 1, 0
28676, 236, 1, 0
28874, 243, 1, 0
29552, 268, 1, 0
29552, 264, 1, 0
29553, 99, 1, 0
29809, 187, 1, 0
30090, 121, 1, 0
31083, 216, 1, 0
31365, 189, 1, 0
31539, 218, 1, 0
31539, 151, 1, 0
31625, 261, 1, 0
31625, 145, 1, 0
31750, 121, 1, 0
32059, 123, 1, 0
32288, 107, 1, 0
33015, 192, 1, 0
33015, 129, 1, 0
33015, 47, 1, 0
33682, 97, 1, 0
34182, 244, 1, 0
34301, 373, 1, 0
34440, 152, 1, 0
34440, 72, 1, 0
34930, 80, 1, 0
34931, 149, 1, 0
35882, 124, 1, 0
35882, 92, 1, 0
35994, 253, 1, 0
35994, 100, 1, 0
36287, 258, 1, 0
36287, 150, 1, 0
37148, 438, 1, 0
37991, 311, 1, 0
38141, 221, 1, 0
38141, 263, 1, 0
38142, 172, 1, 0
38143, 117, 1, 0
38272, 287, 1, 0
38273, 207, 1, 0
38654, 253, 1, 0
39215, 197, 1, 0
39216, 92, 1, 0
40143, 92, 1, 0
40143, 256, 1, 0
40328, 75, 1, 0
40328, 67, 1, 0
40328, 147, 1, 0
40519, 142, 1, 0
40838, 284, 1, 0
41730, 115, 1, 0
41731, 208, 1, 0
41731, 49, 1, 0
41909, 140, 1, 0
42299, 122, 1, 0
42299, 43, 1, 0
42641, 145, 1, 0
42757, 198, 1, 0
43298, 143, 1, 0
43298, 78, 1, 0
43518, 140, 1, 0
44059, 155, 1, 0
44059, 229, 1, 0
44648, 103, 1, 0
44649, 91, 1, 0
44757, 217, 1, 0
45298, 192, 1, 0
45298, 215, 1, 0
46022, 245, 1, 0
46229, 89, 1, 0
46229, 32, 1, 0
46557, 173, 1, 0
46557, 71, 1, 0
46768, 177, 1, 0
47009, 284, 1, 0
49305, 206, 1, 0
49305, 64, 1, 0
49309, 145, 1, 0
49309, 164, 1, 0
49461, 103, 1, 0
49462, 92, 1, 0
49462, 44, 1, 0
49462, 117, 1, 0
49462, 104, 1, 0
49766, 176, 1, 0
49766, 231, 1, 0
50124, 200, 1, 0
50257, 51, 1, 0
50592, 161, 1, 0
50802, 260, 1, 0
51015, 163, 1, 0
51281, 84, 1, 0
52303, 142, 1, 0
53399, 171, 1, 0
53743, 72, 1, 0
53744, 115, 1, 0
53744, 64, 1, 0
53744, 55, 1, 0
53744, 198, 1, 0
53744, 31, 1, 0
53745, 208, 1, 0
54222, 120, 1, 0
54222, 37, 1, 0
54332, 111, 1, 0
54512, 197, 1, 0
55203, 135, 1, 0
55204, 104, 1, 0
56277, 241, 1, 0
56346, 208, 1, 0
56501, 71, 1, 0
56501, 310, 1, 0
56528, 140, 1, 0
56528, 152, 1, 0
56824, 129, 1, 0
57120, 114, 1, 0
57626, 230, 1, 0
57905, 362, 1, 0
57906, 78, 1, 0
58008, 240, 1, 0
58260, 100, 1, 0
58521, 144, 1, 0
58942, 136, 1, 0
59863, 195, 1, 0
59896, 180, 1, 0
