251, 24360, 1, 0
502, 30325, 1, 0
900, 28857, 1, 0
1008, 59351, 1, 0
1292, 38759, 1, 0
1500, 55062, 1, 0
1766, 38008, 1, 0
2009, 49900, 1, 0
2250, 46706, 1, 0
2507, 41482, 1, 0
2751, 32956, 1, 0
3016, 31053, 1, 0
3297, 150086, 1, 0
3500, 323897, 1, 0
3774, 180829, 1, 0
4036, 55348, 1, 0
4250, 53865, 1, 0
4500, 34705, 1, 0
4753, 29172, 1, 0
5004, 31487, 1, 0
5270, 29218, 1, 0
6191, 47618, 1, 0
6191, 826700, 1, 0
6192, 822713, 1, 0
6419, 400379, 1, 0
6502, 89401, 1, 0
6767, 31826, 1, 0
7000, 42187, 1, 0
7251, 27032, 1, 0
7500, 35073, 1, 0
7750, 71427, 1, 0
8008, 26991, 1, 0
8250, 43515, 1, 0
8619, 44466, 1, 0
8767, 56545, 1, 0
9013, 38433, 1, 0
9253, 30386, 1, 0
9566, 74861, 1, 0
9758, 60433, 1, 0
10000, 26043, 1, 0
10252, 27941, 1, 0
10551, 117515, 1, 0
10750, 63632, 1, 0
11046, 61773, 1, 0
11364, 70853, 1, 0
11502, 127328, 1, 0
11756, 26804, 1, 0
12094, 47201, 1, 0
12252, 43883, 1, 0
12501, 29343, 1, 0
12752, 34271, 1, 0
13012, 30142, 1, 0
13258, 32354, 1, 0
13742, 65868, 1, 0
13761, 282734, 1, 0
14082, 242469, 1, 0
14448, 90542, 1, 0
14501, 193174, 1, 0
14782, 37240, 1, 0
15004, 74334, 1, 0
15257, 28766, 1, 0
15511, 50176, 1, 0
15750, 37481, 1, 0
16014, 38438, 1, 0
16253, 51334, 1, 0
16506, 49676, 1, 0
16750, 28377, 1, 0
17288, 43628, 1, 0
17289, 539049, 1, 0
17500, 92080, 1, 0
17751, 26580, 1, 0
18000, 27623, 1, 0
18250, 32085, 1, 0
18515, 27223, 1, 0
18750, 43297, 1, 0
19000, 30893, 1, 0
19252, 26925, 1, 0
19500, 25645, 1, 0
19750, 31843, 1, 0
20001, 26750, 1, 0
20250, 28750, 1, 0
20503, 47740, 1, 0
20751, 27044, 1, 0
21000, 28536, 1, 0
21250, 38698, 1, 0
21515, 37243, 1, 0
21752, 53353, 1, 0
22002, 33265, 1, 0
22292, 30442, 1, 0
22533, 73490, 1, 0
22750, 37983, 1, 0
23007, 27002, 1, 0
23256, 30629, 1, 0
23500, 32263, 1, 0
23752, 25871, 1, 0
24002, 31281, 1, 0
24253, 34731, 1, 0
24551, 45454, 1, 0
24753, 36709, 1, 0
25002, 26340, 1, 0
25262, 38859, 1, 0
25504, 31241, 1, 0
25750, 26620, 1, 0
26001, 33575, 1, 0
26250, 34859, 1, 0
26504, 56100, 1, 0
26756, 25970, 1, 0
27020, 30416, 1, 0
27250, 25525, 1, 0
27504, 30463, 1, 0
27757, 31832, 1, 0
28009, 31281, 1, 0
28270, 34837, 1, 0
28500, 63072, 1, 0
28756, 29721, 1, 0
29002, 29755, 1, 0
29250, 26883, 1, 0
29500, 26391, 1, 0
29750, 30399, 1, 0
30000, 32846, 1, 0
30258, 43663, 1, 0
30501, 68739, 1, 0
30754, 34967, 1, 0
31001, 24385, 1, 0
31258, 28060, 1, 0
31500, 24581, 1, 0
31757, 26341, 1, 0
32002, 30669, 1, 0
32253, 52384, 1, 0
32505, 41502, 1, 0
32810, 80637, 1, 0
33000, 65153, 1, 0
33250, 45879, 1, 0
33502, 58275, 1, 0
33761, 31940, 1, 0
34167, 55859, 1, 0
34389, 152723, 1, 0
34500, 50298, 1, 0
34750, 26506, 1, 0
35014, 32371, 1, 0
35252, 27120, 1, 0
35641, 30876, 1, 0
35857, 89689, 1, 0
36001, 88128, 1, 0
36250, 75098, 1, 0
36500, 43441, 1, 0
36750, 34662, 1, 0
37003, 61346, 1, 0
37327, 34241, 1, 0
37500, 66554, 1, 0
37756, 33331, 1, 0
38001, 39436, 1, 0
38254, 50171, 1, 0
38500, 34608, 1, 0
39047, 97982, 1, 0
39047, 596168, 1, 0
39522, 297310, 1, 0
39523, 414694, 1, 0
39750, 78966, 1, 0
40001, 34012, 1, 0
40261, 126419, 1, 0
40503, 34537, 1, 0
40756, 30088, 1, 0
41000, 28865, 1, 0
41250, 84979, 1, 0
41516, 25281, 1, 0
41872, 29761, 1, 0
42117, 52323, 1, 0
42257, 63298, 1, 0
42506, 31510, 1, 0
42972, 37986, 1, 0
43006, 285289, 1, 0
43253, 31278, 1, 0
43513, 33271, 1, 0
43750, 31571, 1, 0
44050, 42189, 1, 0
44250, 87165, 1, 0
44500, 29508, 1, 0
44751, 24728, 1, 0
45000, 23288, 1, 0
45251, 30604, 1, 0
45507, 31317, 1, 0
45763, 34552, 1, 0
46049, 30116, 1, 0
46257, 64520, 1, 0
46500, 30168, 1, 0
46752, 35147, 1, 0
47016, 31873, 1, 0
47255, 40408, 1, 0
47503, 30841, 1, 0
47800, 31089, 1, 0
48008, 139057, 1, 0
48252, 34403, 1, 0
48500, 30336, 1, 0
48750, 31207, 1, 0
49012, 37498, 1, 0
49250, 43102, 1, 0
49500, 24910, 1, 0
49906, 29465, 1, 0
50003, 118765, 1, 0
50261, 35807, 1, 0
50503, 34101, 1, 0
50846, 43462, 1, 0
51003, 89925, 1, 0
51266, 33027, 1, 0
51500, 35172, 1, 0
51753, 63793, 1, 0
52003, 57548, 1, 0
52250, 32205, 1, 0
52503, 29047, 1, 0
52750, 46751, 1, 0
53002, 95870, 1, 0
53250, 25215, 1, 0
53508, 67208, 1, 0
53828, 46036, 1, 0
54000, 49740, 1, 0
54250, 36690, 1, 0
54501, 87315, 1, 0
54786, 54385, 1, 0
55036, 87015, 1, 0
55263, 74085, 1, 0
55501, 36856, 1, 0
55753, 31886, 1, 0
56004, 54899, 1, 0
56390, 24838, 1, 0
56703, 290175, 1, 0
56772, 315240, 1, 0
57310, 110958, 1, 0
57310, 431046, 1, 0
57549, 107665, 1, 0
57750, 49048, 1, 0
58008, 25517, 1, 0
58255, 30578, 1, 0
58500, 26649, 1, 0
58816, 27506, 1, 0
59000, 51068, 1, 0
59255, 21347, 1, 0
59500, 27802, 1, 0
60665, 70374, 1, 0
60690, 1160523, 1, 0
60690, 1160452, 1, 0
60690, 1159740, 1, 0
60690, 1152683, 1, 0
250, 21035, 1, 0
501, 24737, 1, 0
906, 24636, 1, 0
1016, 58895, 1, 0
1336, 39931, 1, 0
1500, 55281, 1, 0
1766, 36722, 1, 0
2011, 50437, 1, 0
2251, 47039, 1, 0
2501, 37307, 1, 0
2753, 29295, 1, 0
3015, 30600, 1, 0
3283, 74881, 1, 0
3500, 211413, 1, 0
3771, 175017, 1, 0
4035, 43264, 1, 0
4254, 39057, 1, 0
4502, 26683, 1, 0
4753, 29180, 1, 0
5003, 30440, 1, 0
5270, 29458, 1, 0
6194, 38141, 1, 0
6194, 820768, 1, 0
6194, 820528, 1, 0
6281, 358982, 1, 0
6502, 71586, 1, 0
6767, 29246, 1, 0
7000, 36561, 1, 0
7253, 36986, 1, 0
7500, 47954, 1, 0
7750, 100162, 1, 0
8004, 38872, 1, 0
8250, 52626, 1, 0
8500, 37479, 1, 0
8750, 40218, 1, 0
9008, 35047, 1, 0
9252, 30049, 1, 0
9564, 50641, 1, 0
9753, 64029, 1, 0
10000, 27609, 1, 0
10252, 31633, 1, 0
10551, 166800, 1, 0
10750, 68631, 1, 0
11046, 64608, 1, 0
11364, 81519, 1, 0
11501, 135960, 1, 0
11756, 32446, 1, 0
12093, 50230, 1, 0
12254, 39879, 1, 0
12501, 31725, 1, 0
12750, 29526, 1, 0
13002, 25137, 1, 0
13259, 32261, 1, 0
13742, 70297, 1, 0
13761, 286501, 1, 0
14097, 176727, 1, 0
14448, 99175, 1, 0
14501, 159401, 1, 0
14782, 35718, 1, 0
15011, 68424, 1, 0
15257, 25942, 1, 0
15500, 51146, 1, 0
15750, 37560, 1, 0
16010, 37695, 1, 0
16256, 48589, 1, 0
16500, 50913, 1, 0
16750, 23996, 1, 0
17288, 41425, 1, 0
17288, 539028, 1, 0
17508, 72127, 1, 0
17752, 40116, 1, 0
18000, 34926, 1, 0
18250, 45231, 1, 0
18516, 39666, 1, 0
18751, 47488, 1, 0
19000, 30749, 1, 0
19252, 28828, 1, 0
19500, 34155, 1, 0
19750, 31969, 1, 0
20001, 30708, 1, 0
20250, 29891, 1, 0
20508, 53565, 1, 0
20752, 31824, 1, 0
21002, 28784, 1, 0
21250, 38007, 1, 0
21516, 37630, 1, 0
21750, 53773, 1, 0
22002, 32571, 1, 0
22293, 30904, 1, 0
22534, 81359, 1, 0
22758, 38444, 1, 0
23006, 32070, 1, 0
23250, 32672, 1, 0
23505, 32725, 1, 0
23754, 30087, 1, 0
24000, 30183, 1, 0
24250, 32929, 1, 0
24535, 42077, 1, 0
24754, 38690, 1, 0
25000, 24950, 1, 0
25262, 35686, 1, 0
25500, 40877, 1, 0
25750, 26320, 1, 0
26001, 36315, 1, 0
26250, 35417, 1, 0
26500, 65090, 1, 0
26759, 29942, 1, 0
27001, 37030, 1, 0
27257, 32344, 1, 0
27501, 32633, 1, 0
27757, 30341, 1, 0
28003, 31907, 1, 0
28270, 27685, 1, 0
28500, 47118, 1, 0
28752, 28652, 1, 0
29002, 27132, 1, 0
29262, 32632, 1, 0
29505, 31491, 1, 0
29750, 29044, 1, 0
30002, 31372, 1, 0
30261, 45618, 1, 0
30501, 69708, 1, 0
30757, 36163, 1, 0
31001, 29007, 1, 0
31260, 30898, 1, 0
31500, 32704, 1, 0
31756, 32723, 1, 0
32014, 36251, 1, 0
32253, 55407, 1, 0
32513, 39176, 1, 0
32810, 61370, 1, 0
33011, 38502, 1, 0
33257, 27445, 1, 0
33500, 35110, 1, 0
33760, 28310, 1, 0
34104, 41768, 1, 0
34390, 146260, 1, 0
34555, 101800, 1, 0
34750, 59239, 1, 0
35004, 43436, 1, 0
35250, 34044, 1, 0
35516, 25537, 1, 0
35859, 104040, 1, 0
36012, 51346, 1, 0
36251, 31667, 1, 0
36500, 24281, 1, 0
36773, 31245, 1, 0
37002, 49409, 1, 0
37329, 35584, 1, 0
37500, 59816, 1, 0
37755, 31519, 1, 0
38001, 39458, 1, 0
38254, 50177, 1, 0
38500, 34784, 1, 0
39047, 98199, 1, 0
39047, 595075, 1, 0
39524, 284603, 1, 0
39527, 415382, 1, 0
39757, 67278, 1, 0
40007, 36874, 1, 0
40252, 90151, 1, 0
40504, 65306, 1, 0
40757, 39886, 1, 0
41009, 40635, 1, 0
41250, 124862, 1, 0
41514, 26315, 1, 0
41872, 32922, 1, 0
42117, 60313, 1, 0
42257, 68511, 1, 0
42506, 31795, 1, 0
42973, 29524, 1, 0
43000, 191709, 1, 0
43251, 25673, 1, 0
43500, 24502, 1, 0
43750, 34613, 1, 0
44046, 38123, 1, 0
44251, 93676, 1, 0
44502, 30851, 1, 0
44750, 27104, 1, 0
45000, 24667, 1, 0
45251, 29718, 1, 0
45507, 32392, 1, 0
45762, 30699, 1, 0
46052, 30519, 1, 0
46250, 71187, 1, 0
46500, 32925, 1, 0
46761, 34129, 1, 0
47017, 41127, 1, 0
47252, 47732, 1, 0
47503, 26259, 1, 0
47802, 28695, 1, 0
48006, 126008, 1, 0
48260, 32929, 1, 0
48504, 25483, 1, 0
48752, 26584, 1, 0
49012, 34604, 1, 0
49250, 30007, 1, 0
49510, 32105, 1, 0
49882, 67466, 1, 0
50006, 85932, 1, 0
50251, 26589, 1, 0
50503, 29492, 1, 0
50843, 35931, 1, 0
51000, 74330, 1, 0
51258, 29227, 1, 0
51505, 28422, 1, 0
51754, 69021, 1, 0
52000, 53483, 1, 0
52250, 31122, 1, 0
52501, 31008, 1, 0
52754, 37735, 1, 0
53001, 91308, 1, 0
53393, 26491, 1, 0
53504, 47911, 1, 0
53828, 31354, 1, 0
54000, 41145, 1, 0
54250, 28120, 1, 0
54520, 68998, 1, 0
54786, 75067, 1, 0
55037, 71848, 1, 0
55263, 54423, 1, 0
55501, 34368, 1, 0
55750, 27307, 1, 0
56004, 48185, 1, 0
56390, 40916, 1, 0
56713, 300416, 1, 0
56772, 375185, 1, 0
57310, 98890, 1, 0
57310, 431549, 1, 0
57549, 118972, 1, 0
57750, 55528, 1, 0
58030, 32784, 1, 0
58255, 37511, 1, 0
58500, 40206, 1, 0
58826, 44353, 1, 0
59000, 85658, 1, 0
59255, 47874, 1, 0
59500, 51136, 1, 0
60662, 128164, 1, 0
60692, 1175280, 1, 0
60692, 1175160, 1, 0
60692, 1175038, 1, 0
60692, 1167886, 1, 0
251, 45388, 1, 0
500, 36455, 1, 0
907, 39664, 1, 0
1016, 97464, 1, 0
1292, 47902, 1, 0
1500, 54471, 1, 0
1759, 29784, 1, 0
2008, 27092, 1, 0
2256, 24304, 1, 0
2501, 27121, 1, 0
2752, 26561, 1, 0
3015, 27397, 1, 0
3283, 72286, 1, 0
3500, 181544, 1, 0
3773, 176975, 1, 0
4035, 41638, 1, 0
4250, 44560, 1, 0
4500, 34247, 1, 0
4755, 26502, 1, 0
5012, 28342, 1, 0
5280, 27378, 1, 0
6183, 45900, 1, 0
6194, 826469, 1, 0
6196, 825271, 1, 0
6274, 498086, 1, 0
6503, 78364, 1, 0
6750, 36167, 1, 0
7001, 44528, 1, 0
7251, 24833, 1, 0
7500, 31823, 1, 0
7750, 61577, 1, 0
8004, 26314, 1, 0
8253, 40536, 1, 0
8614, 38179, 1, 0
8750, 44552, 1, 0
9013, 34510, 1, 0
9250, 27590, 1, 0
9564, 49507, 1, 0
9760, 140449, 1, 0
10009, 33114, 1, 0
10262, 38535, 1, 0
10544, 89425, 1, 0
10750, 79174, 1, 0
11047, 83060, 1, 0
11377, 101944, 1, 0
11501, 122328, 1, 0
11756, 34531, 1, 0
12095, 57377, 1, 0
12252, 47975, 1, 0
12501, 31548, 1, 0
12752, 38314, 1, 0
13002, 31096, 1, 0
13261, 27418, 1, 0
13745, 64324, 1, 0
13874, 289927, 1, 0
14082, 144296, 1, 0
14448, 79554, 1, 0
14501, 197177, 1, 0
14782, 32899, 1, 0
15000, 85342, 1, 0
15267, 28871, 1, 0
15501, 39473, 1, 0
15756, 27341, 1, 0
16010, 25235, 1, 0
16256, 51037, 1, 0
16500, 43900, 1, 0
16750, 30254, 1, 0
17288, 51736, 1, 0
17289, 559341, 1, 0
17500, 107758, 1, 0
17751, 33867, 1, 0
18000, 23964, 1, 0
18250, 29975, 1, 0
18515, 25457, 1, 0
18750, 36119, 1, 0
19000, 29138, 1, 0
19250, 32432, 1, 0
19501, 35999, 1, 0
19756, 33777, 1, 0
20001, 28072, 1, 0
20260, 37002, 1, 0
20507, 55865, 1, 0
20750, 27211, 1, 0
21000, 26604, 1, 0
21250, 27556, 1, 0
21515, 32022, 1, 0
21751, 39555, 1, 0
22000, 27282, 1, 0
22292, 26764, 1, 0
22534, 73377, 1, 0
22750, 38748, 1, 0
23006, 32504, 1, 0
23250, 32398, 1, 0
23501, 30143, 1, 0
23751, 29510, 1, 0
24002, 33371, 1, 0
24250, 34715, 1, 0
24547, 42904, 1, 0
24753, 39958, 1, 0
25005, 32261, 1, 0
25262, 37106, 1, 0
25510, 44536, 1, 0
25756, 27859, 1, 0
26001, 26412, 1, 0
26250, 29125, 1, 0
26501, 44312, 1, 0
26756, 25811, 1, 0
27020, 29409, 1, 0
27257, 30757, 1, 0
27504, 31691, 1, 0
27757, 28370, 1, 0
28009, 29466, 1, 0
28270, 33192, 1, 0
28500, 54186, 1, 0
28750, 33330, 1, 0
29020, 32205, 1, 0
29254, 30663, 1, 0
29504, 29024, 1, 0
29750, 30556, 1, 0
30000, 36792, 1, 0
30257, 44353, 1, 0
30500, 47434, 1, 0
30750, 24270, 1, 0
31008, 29365, 1, 0
31250, 29716, 1, 0
31520, 32055, 1, 0
31756, 31950, 1, 0
32002, 37034, 1, 0
32252, 52241, 1, 0
32504, 33761, 1, 0
32810, 79231, 1, 0
33000, 65447, 1, 0
33250, 45386, 1, 0
33502, 57741, 1, 0
33760, 31785, 1, 0
34167, 53920, 1, 0
34387, 150533, 1, 0
34578, 83702, 1, 0
34750, 61104, 1, 0
35004, 42515, 1, 0
35252, 41009, 1, 0
35641, 44444, 1, 0
35857, 112311, 1, 0
36003, 104660, 1, 0
36251, 73134, 1, 0
36509, 28755, 1, 0
36751, 34370, 1, 0
37001, 55741, 1, 0
37327, 35949, 1, 0
37500, 64613, 1, 0
37756, 32092, 1, 0
38001, 31649, 1, 0
38253, 43120, 1, 0
38500, 30879, 1, 0
39047, 84845, 1, 0
39048, 584078, 1, 0
39252, 275761, 1, 0
39522, 178364, 1, 0
39764, 65863, 1, 0
40007, 36130, 1, 0
40262, 112107, 1, 0
40504, 60933, 1, 0
40757, 40522, 1, 0
41009, 40679, 1, 0
41250, 124636, 1, 0
41516, 28357, 1, 0
41872, 34380, 1, 0
42117, 60586, 1, 0
42252, 64192, 1, 0
42503, 28526, 1, 0
42972, 35220, 1, 0
43006, 283691, 1, 0
43253, 32269, 1, 0
43500, 33108, 1, 0
43751, 31333, 1, 0
44043, 37712, 1, 0
44251, 74682, 1, 0
44501, 27163, 1, 0
44753, 33921, 1, 0
45002, 34230, 1, 0
45253, 29168, 1, 0
45511, 29749, 1, 0
45750, 41334, 1, 0
46051, 34224, 1, 0
46250, 73995, 1, 0
46502, 28537, 1, 0
46761, 26696, 1, 0
47014, 31229, 1, 0
47250, 39480, 1, 0
47503, 29205, 1, 0
47800, 33162, 1, 0
48005, 142222, 1, 0
48250, 32351, 1, 0
48505, 26469, 1, 0
48752, 26365, 1, 0
49013, 33696, 1, 0
49250, 37156, 1, 0
49520, 30756, 1, 0
49909, 29184, 1, 0
50003, 133102, 1, 0
50261, 34912, 1, 0
50512, 34295, 1, 0
50852, 38035, 1, 0
51006, 66817, 1, 0
51250, 25435, 1, 0
51500, 28028, 1, 0
51753, 61027, 1, 0
52000, 54259, 1, 0
52261, 29409, 1, 0
52501, 27354, 1, 0
52755, 44353, 1, 0
53007, 114488, 1, 0
53250, 32428, 1, 0
53508, 79060, 1, 0
53828, 38696, 1, 0
54000, 39824, 1, 0
54250, 28603, 1, 0
54508, 69953, 1, 0
54786, 41756, 1, 0
55036, 64149, 1, 0
55263, 66691, 1, 0
55507, 44697, 1, 0
55750, 32610, 1, 0
56004, 49906, 1, 0
56390, 27692, 1, 0
56703, 293283, 1, 0
56773, 308141, 1, 0
57310, 94558, 1, 0
57310, 526772, 1, 0
57552, 133093, 1, 0
57757, 46317, 1, 0
58000, 29989, 1, 0
58256, 32880, 1, 0
58500, 28713, 1, 0
58825, 31278, 1, 0
59016, 85839, 1, 0
59255, 48349, 1, 0
59500, 48326, 1, 0
60667, 110498, 1, 0
60692, 1175389, 1, 0
60692, 1175068, 1, 0
60692, 1174980, 1, 0
60692, 1160266, 1, 0
251, 46431, 1, 0
500, 34807, 1, 0
908, 41492, 1, 0
1016, 99871, 1, 0
1292, 46115, 1, 0
1500, 53867, 1, 0
1769, 38752, 1, 0
2008, 51030, 1, 0
2250, 47597, 1, 0
2501, 40833, 1, 0
2752, 29308, 1, 0
3016, 33852, 1, 0
3287, 147339, 1, 0
3500, 249389, 1, 0
3774, 176583, 1, 0
4035, 57497, 1, 0
4250, 39953, 1, 0
4500, 26674, 1, 0
4755, 26393, 1, 0
5008, 29645, 1, 0
5280, 26089, 1, 0
6190, 41739, 1, 0
6191, 823109, 1, 0
6191, 823144, 1, 0
6274, 438697, 1, 0
6503, 74518, 1, 0
6768, 37225, 1, 0
7001, 53955, 1, 0
7251, 38162, 1, 0
7500, 47712, 1, 0
7750, 101206, 1, 0
8004, 38395, 1, 0
8250, 50501, 1, 0
8500, 38631, 1, 0
8760, 40244, 1, 0
9008, 33599, 1, 0
9252, 34243, 1, 0
9564, 51327, 1, 0
9754, 62235, 1, 0
10000, 30895, 1, 0
10252, 35488, 1, 0
10528, 56275, 1, 0
10750, 77375, 1, 0
11046, 74269, 1, 0
11376, 80601, 1, 0
11502, 140247, 1, 0
11756, 27647, 1, 0
12093, 44499, 1, 0
12250, 42498, 1, 0
12501, 25874, 1, 0
12750, 27676, 1, 0
13005, 26513, 1, 0
13252, 27201, 1, 0
13745, 64700, 1, 0
13760, 279850, 1, 0
14082, 196102, 1, 0
14448, 82239, 1, 0
14501, 188692, 1, 0
14782, 38356, 1, 0
15000, 91984, 1, 0
15267, 31965, 1, 0
15501, 40241, 1, 0
15750, 25417, 1, 0
16010, 31768, 1, 0
16253, 48823, 1, 0
16502, 46569, 1, 0
16753, 30151, 1, 0
17288, 70372, 1, 0
17288, 558645, 1, 0
17500, 107144, 1, 0
17752, 43924, 1, 0
18009, 34542, 1, 0
18250, 46943, 1, 0
18516, 39086, 1, 0
18751, 42520, 1, 0
19001, 30042, 1, 0
19251, 28157, 1, 0
19502, 26811, 1, 0
19756, 32859, 1, 0
20001, 30860, 1, 0
20250, 38190, 1, 0
20502, 58820, 1, 0
20750, 30553, 1, 0
21000, 27487, 1, 0
21250, 24271, 1, 0
21515, 29109, 1, 0
21752, 36266, 1, 0
22004, 25756, 1, 0
22294, 27026, 1, 0
22532, 83477, 1, 0
22758, 38838, 1, 0
23006, 25914, 1, 0
23250, 25957, 1, 0
23500, 31609, 1, 0
23754, 30310, 1, 0
24002, 28795, 1, 0
24250, 26601, 1, 0
24547, 42874, 1, 0
24753, 39943, 1, 0
25002, 32985, 1, 0
25262, 31781, 1, 0
25508, 42466, 1, 0
25750, 30992, 1, 0
26003, 28457, 1, 0
26250, 33482, 1, 0
26501, 50830, 1, 0
26765, 30576, 1, 0
27001, 37753, 1, 0
27257, 33067, 1, 0
27504, 32926, 1, 0
27757, 28657, 1, 0
28009, 28696, 1, 0
28270, 32425, 1, 0
28500, 53657, 1, 0
28750, 30936, 1, 0
29002, 29979, 1, 0
29250, 27347, 1, 0
29524, 28289, 1, 0
29750, 29603, 1, 0
30005, 26898, 1, 0
30252, 48189, 1, 0
30500, 63873, 1, 0
30751, 26374, 1, 0
31005, 31398, 1, 0
31250, 30651, 1, 0
31500, 28377, 1, 0
31754, 27381, 1, 0
32001, 33099, 1, 0
32255, 55132, 1, 0
32511, 40522, 1, 0
32797, 53336, 1, 0
33011, 40352, 1, 0
33253, 26903, 1, 0
33502, 33098, 1, 0
33760, 26009, 1, 0
34167, 40648, 1, 0
34388, 123527, 1, 0
34500, 44667, 1, 0
34750, 24069, 1, 0
35010, 44716, 1, 0
35252, 40158, 1, 0
35641, 44599, 1, 0
35859, 116335, 1, 0
36003, 101198, 1, 0
36253, 74161, 1, 0
36500, 42932, 1, 0
36773, 36711, 1, 0
37001, 55873, 1, 0
37329, 33997, 1, 0
37501, 65776, 1, 0
37756, 32316, 1, 0
38001, 31368, 1, 0
38253, 43681, 1, 0
38500, 31366, 1, 0
39047, 88833, 1, 0
39048, 584425, 1, 0
39252, 279166, 1, 0
39522, 280055, 1, 0
39750, 72798, 1, 0
40000, 29733, 1, 0
40252, 104587, 1, 0
40504, 32828, 1, 0
40756, 27570, 1, 0
41000, 24839, 1, 0
41250, 67363, 1, 0
41531, 26858, 1, 0
41873, 36266, 1, 0
42117, 57714, 1, 0
42250, 67756, 1, 0
42500, 27769, 1, 0
42947, 29688, 1, 0
43001, 158247, 1, 0
43252, 26353, 1, 0
43500, 25088, 1, 0
43750, 34820, 1, 0
44049, 36190, 1, 0
44252, 80550, 1, 0
44500, 28346, 1, 0
44753, 30732, 1, 0
45002, 35111, 1, 0
45253, 30606, 1, 0
45505, 30120, 1, 0
45750, 35502, 1, 0
46051, 27844, 1, 0
46250, 61332, 1, 0
46500, 28551, 1, 0
46761, 29263, 1, 0
47016, 42094, 1, 0
47250, 47794, 1, 0
47502, 26565, 1, 0
47806, 28865, 1, 0
48007, 149027, 1, 0
48252, 31039, 1, 0
48501, 30395, 1, 0
48753, 30626, 1, 0
49010, 37472, 1, 0
49250, 40812, 1, 0
49500, 31369, 1, 0
49882, 35359, 1, 0
50006, 84587, 1, 0
50251, 28019, 1, 0
50501, 28410, 1, 0
50846, 36103, 1, 0
51003, 94339, 1, 0
51265, 31708, 1, 0
51500, 34984, 1, 0
51754, 65122, 1, 0
52000, 59035, 1, 0
52250, 30208, 1, 0
52501, 25923, 1, 0
52750, 36587, 1, 0
53001, 84703, 1, 0
53250, 30385, 1, 0
53508, 79881, 1, 0
53828, 46000, 1, 0
54000, 50241, 1, 0
54253, 36271, 1, 0
54507, 90401, 1, 0
54786, 48460, 1, 0
55030, 93144, 1, 0
55264, 72727, 1, 0
55510, 42750, 1, 0
55752, 28890, 1, 0
56004, 44543, 1, 0
56391, 56155, 1, 0
56670, 319651, 1, 0
56771, 475738, 1, 0
57310, 94708, 1, 0
57310, 432051, 1, 0
57551, 121295, 1, 0
57758, 55316, 1, 0
58030, 33086, 1, 0
58255, 37562, 1, 0
58500, 41683, 1, 0
58826, 41264, 1, 0
59016, 86145, 1, 0
59255, 48302, 1, 0
59500, 46874, 1, 0
60667, 115512, 1, 0
60692, 1175298, 1, 0
60692, 1175003, 1, 0
60692, 1174958, 1, 0
60692, 1162413, 1, 0
498, 309775, 1, 0
654, 361880, 1, 0
878, 510308, 1, 0
1075, 689297, 1, 0
1257, 466327, 1, 0
2207, 485315, 1, 0
2208, 950341, 1, 0
2221, 960495, 1, 0
2274, 912756, 1, 0
2517, 1066708, 1, 0
2799, 1120482, 1, 0
3152, 691907, 1, 0
3777, 809239, 1, 0
3904, 1426631, 1, 0
3981, 1503044, 1, 0
4016, 1472601, 1, 0
4297, 1625375, 1, 0
4587, 1949385, 1, 0
4761, 1957343, 1, 0
5158, 2009519, 1, 0
5279, 2093088, 1, 0
5587, 1849477, 1, 0
5865, 1382017, 1, 0
6244, 1384094, 1, 0
6482, 1526005, 1, 0
6509, 1275746, 1, 0
6801, 1062199, 1, 0
7005, 798287, 1, 0
7592, 803588, 1, 0
7594, 1097904, 1, 0
8049, 1209905, 1, 0
8051, 1431504, 1, 0
8730, 1629404, 1, 0
8757, 2136482, 1, 0
8760, 2138397, 1, 0
9141, 2045037, 1, 0
9264, 1348935, 1, 0
9516, 387639, 1, 0
9850, 588267, 1, 0
10012, 753541, 1, 0
10275, 833311, 1, 0
10834, 747769, 1, 0
10834, 892772, 1, 0
11024, 916507, 1, 0
11260, 1072193, 1, 0
11549, 1148901, 1, 0
11812, 1272045, 1, 0
12791, 952570, 1, 0
12835, 1590884, 1, 0
12921, 1676061, 1, 0
12921, 1660615, 1, 0
13092, 1644660, 1, 0
13289, 1650414, 1, 0
13529, 1383489, 1, 0
13752, 649206, 1, 0
14029, 447166, 1, 0
14405, 323433, 1, 0
14823, 653938, 1, 0
14824, 962498, 1, 0
15003, 914585, 1, 0
15284, 423185, 1, 0
15561, 533440, 1, 0
15785, 358095, 1, 0
16008, 152146, 1, 0
16375, 256729, 1, 0
16533, 598077, 1, 0
16759, 803277, 1, 0
17012, 725512, 1, 0
17256, 303718, 1, 0
17503, 162745, 1, 0
17770, 376923, 1, 0
18054, 486884, 1, 0
18254, 469332, 1, 0
18602, 249927, 1, 0
18829, 545311, 1, 0
19006, 523654, 1, 0
19257, 259480, 1, 0
19503, 222501, 1, 0
19797, 250567, 1, 0
20006, 354520, 1, 0
20315, 408675, 1, 0
20575, 575180, 1, 0
20804, 746811, 1, 0
21000, 458721, 1, 0
21250, 213774, 1, 0
21549, 289948, 1, 0
21768, 335861, 1, 0
22025, 134205, 1, 0
22418, 220123, 1, 0
22540, 487716, 1, 0
22757, 294653, 1, 0
23025, 108441, 1, 0
23257, 139579, 1, 0
23655, 199315, 1, 0
23820, 244660, 1, 0
24011, 131006, 1, 0
24271, 450368, 1, 0
24674, 429061, 1, 0
24750, 466224, 1, 0
25215, 134222, 1, 0
25309, 232042, 1, 0
25595, 125374, 1, 0
25775, 207702, 1, 0
26011, 166301, 1, 0
26301, 325621, 1, 0
26520, 360844, 1, 0
26810, 180158, 1, 0
27002, 171084, 1, 0
27286, 125548, 1, 0
27605, 162549, 1, 0
27766, 286388, 1, 0
28251, 277237, 1, 0
28251, 402421, 1, 0
29645, 358345, 1, 0
29700, 1443213, 1, 0
29716, 1459388, 1, 0
29716, 1459574, 1, 0
29716, 1459419, 1, 0
29758, 1277573, 1, 0
30092, 274975, 1, 0
30285, 287199, 1, 0
30588, 180631, 1, 0
30952, 115096, 1, 0
31083, 300427, 1, 0
31750, 312809, 1, 0
31751, 667222, 1, 0
31751, 667250, 1, 0
32059, 407833, 1, 0
32308, 117586, 1, 0
33593, 167246, 1, 0
33593, 1279128, 1, 0
33593, 1279174, 1, 0
33593, 1279151, 1, 0
33682, 1256276, 1, 0
34183, 1087585, 1, 0
34183, 500040, 1, 0
34302, 487733, 1, 0
34538, 88533, 1, 0
34789, 74074, 1, 0
35375, 104784, 1, 0
35375, 496062, 1, 0
35714, 580816, 1, 0
35847, 844396, 1, 0
36225, 579788, 1, 0
36277, 303872, 1, 0
36558, 196912, 1, 0
36817, 136306, 1, 0
37726, 215070, 1, 0
37727, 830324, 1, 0
37992, 1095233, 1, 0
37992, 1095184, 1, 0
38142, 1144908, 1, 0
38305, 877087, 1, 0
38532, 156127, 1, 0
38880, 135571, 1, 0
39023, 162776, 1, 0
39285, 205249, 1, 0
39534, 133754, 1, 0
39878, 204196, 1, 0
40007, 281096, 1, 0
40328, 542497, 1, 0
40585, 289158, 1, 0
40833, 349664, 1, 0
41221, 236910, 1, 0
41358, 251957, 1, 0
41746, 139624, 1, 0
41750, 287001, 1, 0
42137, 299592, 1, 0
42260, 452821, 1, 0
42641, 433325, 1, 0
42855, 285652, 1, 0
43000, 250578, 1, 0
43308, 170109, 1, 0
43534, 276084, 1, 0
44065, 244123, 1, 0
44066, 532177, 1, 0
44817, 531072, 1, 0
44817, 750434, 1, 0
44817, 750589, 1, 0
45006, 428323, 1, 0
45265, 180108, 1, 0
45548, 143989, 1, 0
46058, 236499, 1, 0
46059, 585522, 1, 0
46536, 504804, 1, 0
46536, 364992, 1, 0
46969, 396484, 1, 0
47015, 455554, 1, 0
47350, 581589, 1, 0
47551, 813657, 1, 0
48253, 598229, 1, 0
48274, 679161, 1, 0
48275, 679934, 1, 0
48506, 278088, 1, 0
48773, 124356, 1, 0
49068, 184677, 1, 0
49294, 228898, 1, 0
49631, 243943, 1, 0
49799, 231773, 1, 0
50124, 322283, 1, 0
50288, 286184, 1, 0
50592, 119518, 1, 0
50758, 107145, 1, 0
51022, 189554, 1, 0
51272, 210934, 1, 0
51615, 250678, 1, 0
52303, 358399, 1, 0
52303, 688028, 1, 0
52303, 687945, 1, 0
52554, 382831, 1, 0
52794, 149772, 1, 0
53048, 161391, 1, 0
53276, 176129, 1, 0
53540, 208821, 1, 0
53809, 373156, 1, 0
54222, 335407, 1, 0
54266, 483498, 1, 0
54512, 238854, 1, 0
54775, 178362, 1, 0
55001, 412620, 1, 0
55326, 581602, 1, 0
55799, 156448, 1, 0
55799, 573647, 1, 0
56000, 529048, 1, 0
56349, 190032, 1, 0
56554, 242614, 1, 0
56827, 399979, 1, 0
57166, 238496, 1, 0
57298, 286766, 1, 0
57647, 148238, 1, 0
57869, 700689, 1, 0
58006, 626201, 1, 0
58321, 330543, 1, 0
58528, 215823, 1, 0
58760, 199626, 1, 0
59106, 198481, 1, 0
59309, 400819, 1, 0
59891, 356006, 1, 0
59891, 582154, 1, 0
60003, 562159, 1, 0
60035, 331594, 1, 0
405, 216204, 1, 0
626, 278214, 1, 0
878, 486720, 1, 0
1002, 533543, 1, 0
1260, 147087, 1, 0
1697, 246962, 1, 0
2197, 472091, 1, 0
2197, 901491, 1, 0
2303, 626337, 1, 0
2673, 589792, 1, 0
2847, 251264, 1, 0
3016, 116371, 1, 0
3464, 279425, 1, 0
3778, 327576, 1, 0
3778, 609487, 1, 0
4116, 620370, 1, 0
4298, 150906, 1, 0
4515, 139610, 1, 0
4750, 136307, 1, 0
5158, 197195, 1, 0
5279, 476465, 1, 0
5568, 666582, 1, 0
5886, 559662, 1, 0
6155, 528892, 1, 0
6250, 673949, 1, 0
6618, 258057, 1, 0
6800, 366520, 1, 0
7005, 209220, 1, 0
7391, 432469, 1, 0
7593, 574926, 1, 0
7786, 649017, 1, 0
8049, 459835, 1, 0
8758, 656818, 1, 0
8759, 1014237, 1, 0
8759, 1014298, 1, 0
9237, 587429, 1, 0
9480, 376269, 1, 0
9674, 275189, 1, 0
9768, 458846, 1, 0
10044, 610847, 1, 0
10347, 339094, 1, 0
10782, 453127, 1, 0
10782, 667064, 1, 0
11024, 621058, 1, 0
11549, 163252, 1, 0
11549, 379490, 1, 0
12773, 1602745, 1, 0
12773, 1602933, 1, 0
12773, 1602853, 1, 0
12773, 1602860, 1, 0
12773, 1602828, 1, 0
13015, 1794847, 1, 0
13298, 1288952, 1, 0
14407, 364707, 1, 0
14407, 1389988, 1, 0
14410, 1391966, 1, 0
14410, 1392118, 1, 0
14795, 1456151, 1, 0
14811, 1792630, 1, 0
15706, 1658483, 1, 0
15707, 1299381, 1, 0
15717, 1307564, 1, 0
15783, 1111260, 1, 0
16406, 845341, 1, 0
16406, 699243, 1, 0
16533, 814976, 1, 0
16759, 899559, 1, 0
17241, 947271, 1, 0
17267, 738367, 1, 0
17511, 686192, 1, 0
17932, 719148, 1, 0
18126, 744140, 1, 0
18253, 860556, 1, 0
18505, 880417, 1, 0
19116, 1093205, 1, 0
19130, 1198333, 1, 0
19309, 1104043, 1, 0
19533, 1208421, 1, 0
19981, 997843, 1, 0
20205, 882723, 1, 0
20314, 992257, 1, 0
20599, 1055830, 1, 0
20858, 1150807, 1, 0
21195, 1295942, 1, 0
21261, 1152088, 1, 0
21765, 1093264, 1, 0
21765, 1165727, 1, 0
22943, 1091073, 1, 0
22958, 1745449, 1, 0
22958, 1745566, 1, 0
23025, 1810954, 1, 0
23080, 1862703, 1, 0
23820, 1951680, 1, 0
23820, 2512715, 1, 0
23826, 2489738, 1, 0
24115, 2407526, 1, 0
24302, 2294306, 1, 0
24576, 1061527, 1, 0
25064, 932887, 1, 0
25064, 948046, 1, 0
26730, 1176483, 1, 0
26730, 2427821, 1, 0
26730, 2427779, 1, 0
26730, 2427284, 1, 0
26929, 2625310, 1, 0
26929, 2625367, 1, 0
27043, 2739124, 1, 0
27043, 2739094, 1, 0
27849, 2786638, 1, 0
27849, 2784454, 1, 0
27849, 2634263, 1, 0
28874, 2604106, 1, 0
28874, 2143786, 1, 0
29541, 2810611, 1, 0
29541, 2810671, 1, 0
29703, 2774028, 1, 0
29703, 2773641, 1, 0
29715, 2671859, 1, 0
29757, 2585648, 1, 0
30137, 2340467, 1, 0
30285, 2361007, 1, 0
30588, 2588952, 1, 0
30786, 2836569, 1, 0
31083, 3089395, 1, 0
31524, 3672733, 1, 0
31534, 3682716, 1, 0
32175, 3301052, 1, 0
32175, 3300892, 1, 0
32288, 2746636, 1, 0
34182, 3612869, 1, 0
34182, 4478802, 1, 0
34416, 4700715, 1, 0
34416, 4700935, 1, 0
34440, 4719683, 1, 0
34538, 4780893, 1, 0
34640, 4836228, 1, 0
34640, 4836334, 1, 0
34716, 4912240, 1, 0
35882, 5418625, 1, 0
35882, 5924943, 1, 0
36224, 6266945, 1, 0
36225, 6267077, 1, 0
36379, 6242197, 1, 0
36468, 6331229, 1, 0
36558, 6272731, 1, 0
36558, 6272809, 1, 0
36966, 6042005, 1, 0
38137, 6247952, 1, 0
38137, 6602443, 1, 0
39836, 7660480, 1, 0
39836, 7660662, 1, 0
39836, 7548129, 1, 0
39836, 7548129, 1, 0
40328, 6146208, 1, 0
40329, 6146170, 1, 0
40329, 5912407, 1, 0
40329, 5912687, 1, 0
40425, 5984594, 1, 0
40425, 5886726, 1, 0
40425, 5785005, 1, 0
40425, 5784906, 1, 0
40544, 4085361, 1, 0
41492, 2031286, 1, 0
41492, 1655644, 1, 0
41492, 1655647, 1, 0
41731, 1529326, 1, 0
41909, 1323964, 1, 0
42396, 1450328, 1, 0
42397, 1852215, 1, 0
43040, 1548052, 1, 0
43040, 1548173, 1, 0
43040, 1548208, 1, 0
43330, 1574406, 1, 0
43513, 1620728, 1, 0
44059, 1689302, 1, 0
44059, 1662626, 1, 0
44313, 1272607, 1, 0
44649, 1305846, 1, 0
44818, 1403402, 1, 0
45188, 1475110, 1, 0
45298, 1693445, 1, 0
46557, 1703728, 1, 0
46557, 2213917, 1, 0
46557, 2213781, 1, 0
46557, 2214073, 1, 0
46557, 1907784, 1, 0
46773, 1729524, 1, 0
47071, 1550701, 1, 0
49294, 2237540, 1, 0
49294, 2736985, 1, 0
49305, 2748052, 1, 0
49306, 2748318, 1, 0
49306, 2748388, 1, 0
49306, 2748924, 1, 0
49309, 2751039, 1, 0
49309, 2751117, 1, 0
49462, 2811072, 1, 0
49766, 2820117, 1, 0
49766, 3053485, 1, 0
50489, 2822887, 1, 0
50489, 1194997, 1, 0
50698, 1392233, 1, 0
50801, 1443838, 1, 0
52761, 1969194, 1, 0
52852, 3387584, 1, 0
53743, 4278819, 1, 0
53743, 4278834, 1, 0
53744, 4278708, 1, 0
53744, 4278582, 1, 0
53744, 3977659, 1, 0
53744, 3977787, 1, 0
53744, 3977152, 1, 0
53745, 3977199, 1, 0
53745, 3977164, 1, 0
54223, 3959655, 1, 0
54223, 3733650, 1, 0
54365, 2678054, 1, 0
54778, 827883, 1, 0
55109, 1364840, 1, 0
56134, 2390017, 1, 0
56206, 2462124, 1, 0
56348, 2603444, 1, 0
56348, 2603650, 1, 0
56348, 2603797, 1, 0
56349, 2603848, 1, 0
56501, 2720171, 1, 0
56825, 2494554, 1, 0
57067, 565365, 1, 0
57912, 692097, 1, 0
57912, 1348486, 1, 0
58008, 1425229, 1, 0
58008, 1425167, 1, 0
58260, 1505657, 1, 0
58521, 1509265, 1, 0
59309, 1426680, 1, 0
59309, 1396912, 1, 0
60035, 2027175, 1, 0
60396, 2387886, 1, 0
60396, 2387290, 1, 0
60396, 2387120, 1, 0
60396, 2220822, 1, 0
60396, 1954096, 1, 0
1261, 1072786, 1, 0
1262, 1073006, 1, 0
1262, 1073163, 1, 0
1361, 1172290, 1, 0
1372, 1183367, 1, 0
2205, 1271265, 1, 0
2209, 947515, 1, 0
2383, 1121386, 1, 0
2386, 1024869, 1, 0
2542, 1069150, 1, 0
3359, 1248315, 1, 0
4116, 2638069, 1, 0
4298, 2820242, 1, 0
4508, 3030294, 1, 0
4608, 3129589, 1, 0
4608, 3129846, 1, 0
4617, 3138607, 1, 0
4763, 3284124, 1, 0
4789, 3310847, 1, 0
5108, 3476944, 1, 0
5416, 3208413, 1, 0
5739, 3352991, 1, 0
5868, 3218262, 1, 0
6021, 3293178, 1, 0
6251, 3529207, 1, 0
6507, 3613741, 1, 0
6945, 2396165, 1, 0
7009, 2400983, 1, 0
7591, 2350106, 1, 0
7593, 2361673, 1, 0
7777, 2361227, 1, 0
8146, 2159952, 1, 0
8709, 2691675, 1, 0
8732, 2991099, 1, 0
8761, 3015092, 1, 0
9143, 2833556, 1, 0
9488, 2700052, 1, 0
9674, 2117836, 1, 0
9849, 931981, 1, 0
10036, 798977, 1, 0
10783, 1039086, 1, 0
10783, 1294381, 1, 0
10941, 1451927, 1, 0
11022, 1532885, 1, 0
11729, 1781133, 1, 0
11729, 2238872, 1, 0
11848, 2268825, 1, 0
12837, 2558939, 1, 0
12921, 3246663, 1, 0
12961, 3286829, 1, 0
12962, 3285624, 1, 0
13061, 3318421, 1, 0
13302, 3079469, 1, 0
13775, 2324951, 1, 0
13778, 2048252, 1, 0
14029, 1892978, 1, 0
14349, 1145247, 1, 0
14822, 1760152, 1, 0
14823, 1761667, 1, 0
15011, 1716753, 1, 0
15282, 1732953, 1, 0
15603, 1854809, 1, 0
15751, 1487910, 1, 0
16041, 785995, 1, 0
16259, 463498, 1, 0
16672, 682848, 1, 0
16858, 926987, 1, 0
17015, 898084, 1, 0
17309, 732136, 1, 0
17580, 699673, 1, 0
17763, 794124, 1, 0
18149, 806425, 1, 0
18253, 865230, 1, 0
18684, 898449, 1, 0
18879, 1077812, 1, 0
19000, 1146441, 1, 0
19288, 1186023, 1, 0
19547, 1148446, 1, 0
19791, 899039, 1, 0
20314, 892916, 1, 0
20314, 1005262, 1, 0
20574, 1133539, 1, 0
20874, 1143685, 1, 0
21004, 1201088, 1, 0
21309, 1174304, 1, 0
21621, 955236, 1, 0
21765, 1130648, 1, 0
22033, 1019063, 1, 0
22453, 1281884, 1, 0
22583, 1524959, 1, 0
22845, 1626104, 1, 0
23820, 1863275, 1, 0
23820, 2509344, 1, 0
23941, 2495149, 1, 0
23941, 2495725, 1, 0
24115, 2431678, 1, 0
24298, 2437857, 1, 0
24744, 1765925, 1, 0
24851, 857953, 1, 0
25028, 997376, 1, 0
25266, 987492, 1, 0
25575, 1122103, 1, 0
26194, 1373855, 1, 0
26361, 2059359, 1, 0
26361, 2059574, 1, 0
26730, 2428590, 1, 0
26929, 2467928, 1, 0
27161, 2702690, 1, 0
27430, 2770997, 1, 0
27848, 3099548, 1, 0
27848, 2997092, 1, 0
28250, 2592412, 1, 0
28251, 2625887, 1, 0
28675, 2641864, 1, 0
28873, 2512438, 1, 0
29552, 2492434, 1, 0
29552, 2821311, 1, 0
29552, 2821514, 1, 0
29809, 2661296, 1, 0
30089, 2105600, 1, 0
31083, 2736090, 1, 0
31365, 3513902, 1, 0
31539, 3687002, 1, 0
31539, 3687140, 1, 0
31625, 3773264, 1, 0
31625, 3773464, 1, 0
31750, 3457534, 1, 0
32059, 3300208, 1, 0
32288, 3413556, 1, 0
33014, 3152234, 1, 0
33015, 3462063, 1, 0
33015, 3462137, 1, 0
33682, 3981990, 1, 0
34182, 4478783, 1, 0
34301, 4597488, 1, 0
34440, 4724163, 1, 0
34440, 4721434, 1, 0
34930, 5121027, 1, 0
34930, 5121027, 1, 0
35882, 5925184, 1, 0
35882, 5925267, 1, 0
35994, 6036904, 1, 0
35994, 6036974, 1, 0
36287, 6197094, 1, 0
36287, 6197258, 1, 0
37148, 6065059, 1, 0
37991, 6625370, 1, 0
38141, 6602226, 1, 0
38141, 6602303, 1, 0
38142, 6516934, 1, 0
38142, 6516963, 1, 0
38272, 6646550, 1, 0
38272, 6522962, 1, 0
38653, 6705901, 1, 0
39215, 7012810, 1, 0
39216, 7156693, 1, 0
40142, 7854448, 1, 0
40143, 7747719, 1, 0
40328, 7313144, 1, 0
40328, 7313218, 1, 0
40328, 7313245, 1, 0
40519, 5110592, 1, 0
40838, 2612595, 1, 0
41730, 2262792, 1, 0
41730, 1587513, 1, 0
41731, 1402730, 1, 0
41909, 1345736, 1, 0
42298, 1603650, 1, 0
42299, 1779008, 1, 0
42641, 1802179, 1, 0
42756, 1878021, 1, 0
43298, 1885926, 1, 0
43298, 1567704, 1, 0
43517, 1603385, 1, 0
44059, 1696316, 1, 0
44059, 1759972, 1, 0
44648, 1324596, 1, 0
44649, 1350164, 1, 0
44757, 1365389, 1, 0
45298, 1481180, 1, 0
45298, 1767417, 1, 0
46021, 1498281, 1, 0
46229, 2162657, 1, 0
46229, 2162730, 1, 0
46557, 2136729, 1, 0
46557, 1908682, 1, 0
46768, 1851696, 1, 0
47009, 1575252, 1, 0
49305, 1120235, 1, 0
49305, 2747914, 1, 0
49309, 2751507, 1, 0
49309, 2751618, 1, 0
49461, 2903336, 1, 0
49461, 2903335, 1, 0
49462, 2810585, 1, 0
49462, 2810618, 1, 0
49462, 2810688, 1, 0
49765, 2853361, 1, 0
49766, 3053418, 1, 0
50124, 2831853, 1, 0
50257, 3032009, 1, 0
50591, 2828560, 1, 0
50802, 1389300, 1, 0
51015, 1523037, 1, 0
51281, 1686736, 1, 0
52303, 2159848, 1, 0
53399, 3934571, 1, 0
53743, 4278583, 1, 0
53743, 3977877, 1, 0
53744, 3978085, 1, 0
53744, 3977754, 1, 0
53744, 3977632, 1, 0
53744, 3976985, 1, 0
53744, 3976905, 1, 0
54222, 3897445, 1, 0
54222, 3965129, 1, 0
54331, 3191104, 1, 0
54512, 678270, 1, 0
55203, 1113542, 1, 0
55203, 1459182, 1, 0
56277, 2532443, 1, 0
56346, 2601746, 1, 0
56501, 2755410, 1, 0
56501, 2755163, 1, 0
56528, 2780433, 1, 0
56528, 2780526, 1, 0
56824, 2430727, 1, 0
57120, 983802, 1, 0
57626, 676246, 1, 0
57905, 1367670, 1, 0
57905, 1368015, 1, 0
58007, 1383098, 1, 0
58260, 1527054, 1, 0
58521, 1527750, 1, 0
58942, 1266506, 1, 0
59863, 1257644, 1, 0
59895, 1887474, 1, 0
60088, 2041569, 1, 0
60402, 2227470, 1, 0
60402, 2227433, 1, 0
60402, 2227136, 1, 0
60402, 1812998, 1, 0
448, 259815, 1, 0
884, 315067, 1, 0
885, 696549, 1, 0
1020, 782228, 1, 0
1261, 949711, 1, 0
2208, 930364, 1, 0
2219, 957088, 1, 0
2219, 957244, 1, 0
2385, 1024504, 1, 0
2515, 1076000, 1, 0
3163, 1187254, 1, 0
3359, 1881745, 1, 0
3359, 1881923, 1, 0
3902, 2424362, 1, 0
3906, 2428073, 1, 0
4115, 2534432, 1, 0
4430, 2813197, 1, 0
4589, 3111063, 1, 0
4752, 3180568, 1, 0
5226, 3443580, 1, 0
5281, 3042869, 1, 0
5739, 3274162, 1, 0
6496, 3238975, 1, 0
6510, 3150593, 1, 0
6523, 3163239, 1, 0
6524, 2622042, 1, 0
6820, 2494966, 1, 0
7008, 2399732, 1, 0
7591, 2393855, 1, 0
7593, 2367140, 1, 0
7777, 2222925, 1, 0
8051, 2105941, 1, 0
8759, 2561965, 1, 0
8842, 3095816, 1, 0
8842, 3095865, 1, 0
9153, 2656239, 1, 0
9262, 2622739, 1, 0
9674, 2197013, 1, 0
10066, 1347932, 1, 0
10066, 913188, 1, 0
10348, 995000, 1, 0
10783, 1545547, 1, 0
10783, 1520553, 1, 0
11029, 1396854, 1, 0
11407, 1799599, 1, 0
11729, 2238827, 1, 0
11848, 2268632, 1, 0
12773, 2433047, 1, 0
12774, 3099728, 1, 0
12795, 3120769, 1, 0
12919, 3244922, 1, 0
13120, 3243217, 1, 0
13290, 3085811, 1, 0
13775, 2619175, 1, 0
13778, 2048252, 1, 0
14026, 1800676, 1, 0
14833, 1220813, 1, 0
14834, 1713673, 1, 0
14854, 1714838, 1, 0
15002, 1632786, 1, 0
15282, 1723877, 1, 0
15594, 1836135, 1, 0
15771, 1585721, 1, 0
16041, 773617, 1, 0
16259, 459316, 1, 0
16673, 648784, 1, 0
16820, 925078, 1, 0
17009, 938264, 1, 0
17359, 738476, 1, 0
17568, 714875, 1, 0
17784, 774020, 1, 0
18253, 819401, 1, 0
18253, 890529, 1, 0
18641, 898825, 1, 0
18755, 1072849, 1, 0
19000, 1116626, 1, 0
19312, 1167071, 1, 0
19537, 1151292, 1, 0
19791, 906710, 1, 0
20430, 891097, 1, 0
20430, 1118246, 1, 0
20574, 1082339, 1, 0
20873, 1145838, 1, 0
21017, 1230929, 1, 0
21445, 1200211, 1, 0
21621, 1030720, 1, 0
21765, 1118110, 1, 0
22033, 988063, 1, 0
22453, 1489546, 1, 0
22626, 1538374, 1, 0
22845, 1588604, 1, 0
23941, 1896100, 1, 0
23941, 2495361, 1, 0
23941, 2319716, 1, 0
23941, 2319718, 1, 0
24116, 2263071, 1, 0
24298, 2527632, 1, 0
24744, 1962354, 1, 0
25172, 854526, 1, 0
25266, 967478, 1, 0
25575, 1276606, 1, 0
25575, 1276120, 1, 0
26194, 1405335, 1, 0
26194, 1893093, 1, 0
26361, 1976079, 1, 0
26730, 2243993, 1, 0
26929, 2467563, 1, 0
27161, 2683315, 1, 0
27343, 2727246, 1, 0
27848, 2788994, 1, 0
27849, 2676947, 1, 0
28250, 2440622, 1, 0
28251, 2626124, 1, 0
28675, 2627195, 1, 0
28873, 2512664, 1, 0
29552, 2353089, 1, 0
29552, 2821580, 1, 0
29700, 2770770, 1, 0
29809, 2649666, 1, 0
31365, 2453547, 1, 0
31365, 3514267, 1, 0
31517, 3665641, 1, 0
31749, 3498623, 1, 0
31749, 3498698, 1, 0
31750, 3499147, 1, 0
31792, 3312966, 1, 0
31932, 3452668, 1, 0
32059, 3375757, 1, 0
32394, 3116379, 1, 0
33014, 3461988, 1, 0
33682, 3981802, 1, 0
33682, 3981954, 1, 0
34301, 4597676, 1, 0
34301, 4597874, 1, 0
34440, 4721520, 1, 0
34440, 4721660, 1, 0
34930, 5121259, 1, 0
34930, 5120838, 1, 0
35642, 5832674, 1, 0
35643, 5832709, 1, 0
35709, 5898726, 1, 0
35994, 6036921, 1, 0
37991, 6625357, 1, 0
37991, 6625503, 1, 0
38137, 6619532, 1, 0
38272, 6522789, 1, 0
38272, 6522683, 1, 0
38448, 6697932, 1, 0
38448, 6655369, 1, 0
38653, 6721312, 1, 0
38725, 6792557, 1, 0
38725, 6792630, 1, 0
38726, 6792929, 1, 0
38726, 6793027, 1, 0
39215, 7282091, 1, 0
39216, 7156752, 1, 0
39766, 7340143, 1, 0
39766, 7707106, 1, 0
40142, 7747812, 1, 0
40328, 7313066, 1, 0
40328, 6646081, 1, 0
40519, 5245375, 1, 0
40838, 2492237, 1, 0
41221, 2016208, 1, 0
41730, 1521074, 1, 0
41730, 1402460, 1, 0
42298, 1369877, 1, 0
42299, 1779012, 1, 0
42299, 1779179, 1, 0
42641, 1802523, 1, 0
42758, 1839146, 1, 0
43112, 1783892, 1, 0
43298, 1567632, 1, 0
43517, 1609614, 1, 0
44058, 1771495, 1, 0
44059, 1759833, 1, 0
44648, 1370573, 1, 0
44649, 1350135, 1, 0
44757, 1382377, 1, 0
45328, 1426353, 1, 0
45328, 1269459, 1, 0
46022, 1614889, 1, 0
46229, 2162902, 1, 0
46229, 2162765, 1, 0
46325, 2171472, 1, 0
46556, 2484313, 1, 0
47009, 1937387, 1, 0
47009, 1680750, 1, 0
49294, 1075549, 1, 0
49294, 2737079, 1, 0
49305, 2747813, 1, 0
49305, 2748065, 1, 0
49306, 2748170, 1, 0
49306, 2748208, 1, 0
49461, 2903284, 1, 0
49462, 2810807, 1, 0
49462, 2810840, 1, 0
49765, 2833233, 1, 0
49766, 3053344, 1, 0
50124, 2752262, 1, 0
50257, 2999398, 1, 0
50591, 2195258, 1, 0
50801, 1390700, 1, 0
51240, 1637033, 1, 0
51281, 1819240, 1, 0
52303, 2840521, 1, 0
52303, 2840064, 1, 0
53265, 3801001, 1, 0
53743, 4278753, 1, 0
53743, 4278616, 1, 0
53743, 3977766, 1, 0
53743, 3977893, 1, 0
53744, 3978216, 1, 0
53745, 3976296, 1, 0
54222, 3891837, 1, 0
54222, 3964661, 1, 0
54331, 2970409, 1, 0
54512, 768215, 1, 0
56501, 1264957, 1, 0
56501, 2755475, 1, 0
56505, 2759116, 1, 0
56505, 2759110, 1, 0
56528, 2780601, 1, 0
56528, 2780611, 1, 0
56529, 2781232, 1, 0
56529, 2781261, 1, 0
56818, 2413745, 1, 0
57067, 1364865, 1, 0
57626, 639584, 1, 0
57894, 1356457, 1, 0
57905, 1367135, 1, 0
58007, 1365245, 1, 0
58260, 1516164, 1, 0
58550, 1472467, 1, 0
58942, 1248715, 1, 0
59313, 1400883, 1, 0
59313, 1400891, 1, 0
59895, 1887719, 1, 0
59896, 1887900, 1, 0
60053, 2044270, 1, 0
60402, 2393978, 1, 0
60402, 1802438, 1, 0
