251, 24697, 1, 0
502, 30516, 1, 0
900, 29005, 1, 0
1008, 59519, 1, 0
1292, 38889, 1, 0
1500, 55173, 1, 0
1766, 38140, 1, 0
2009, 50076, 1, 0
2250, 46854, 1, 0
2507, 41640, 1, 0
2751, 33069, 1, 0
3016, 31182, 1, 0
3297, 150233, 1, 0
3500, 324012, 1, 0
3774, 180967, 1, 0
4036, 55492, 1, 0
4250, 54007, 1, 0
4500, 34882, 1, 0
4753, 29310, 1, 0
5004, 31625, 1, 0
5270, 29390, 1, 0
6191, 47741, 1, 0
6191, 826788, 1, 0
6192, 822958, 1, 0
6419, 400572, 1, 0
6502, 89542, 1, 0
6767, 31976, 1, 0
7000, 42356, 1, 0
7251, 27169, 1, 0
7500, 35218, 1, 0
7750, 71554, 1, 0
8008, 27117, 1, 0
8250, 43617, 1, 0
8619, 44581, 1, 0
8767, 56650, 1, 0
9013, 38553, 1, 0
9253, 30498, 1, 0
9566, 75007, 1, 0
9758, 60549, 1, 0
10000, 26171, 1, 0
10252, 28069, 1, 0
10551, 117550, 1, 0
10750, 63758, 1, 0
11046, 61902, 1, 0
11364, 71041, 1, 0
11502, 127457, 1, 0
11756, 26948, 1, 0
12094, 47337, 1, 0
12252, 44043, 1, 0
12501, 29460, 1, 0
12752, 34421, 1, 0
13012, 30306, 1, 0
13258, 32499, 1, 0
13742, 65978, 1, 0
13761, 282833, 1, 0
14082, 242578, 1, 0
14448, 90685, 1, 0
14501, 193315, 1, 0
14782, 37376, 1, 0
15004, 74476, 1, 0
15257, 28899, 1, 0
15511, 50298, 1, 0
15750, 37609, 1, 0
16014, 38600, 1, 0
16253, 51484, 1, 0
16506, 49814, 1, 0
16750, 28480, 1, 0
17288, 43748, 1, 0
17289, 539150, 1, 0
17500, 92198, 1, 0
17751, 26676, 1, 0
18000, 27743, 1, 0
18250, 32237, 1, 0
18515, 27364, 1, 0
18750, 43434, 1, 0
19000, 31040, 1, 0
19252, 27057, 1, 0
19500, 25750, 1, 0
19750, 31990, 1, 0
20001, 26881, 1, 0
20250, 28874, 1, 0
20503, 47855, 1, 0
20751, 27179, 1, 0
21000, 28667, 1, 0
21250, 38841, 1, 0
21515, 37363, 1, 0
21752, 53533, 1, 0
22002, 33485, 1, 0
22292, 30586, 1, 0
22533, 73659, 1, 0
22750, 38121, 1, 0
23007, 27118, 1, 0
23256, 30756, 1, 0
23500, 32380, 1, 0
23752, 26001, 1, 0
24002, 31420, 1, 0
24253, 34877, 1, 0
24551, 45619, 1, 0
24753, 36910, 1, 0
25002, 26468, 1, 0
25262, 39020, 1, 0
25504, 31360, 1, 0
25750, 26755, 1, 0
26001, 33693, 1, 0
26250, 34992, 1, 0
26504, 56227, 1, 0
26756, 26118, 1, 0
27020, 30584, 1, 0
27250, 25652, 1, 0
27504, 30572, 1, 0
27757, 31933, 1, 0
28009, 31400, 1, 0
28270, 34949, 1, 0
28500, 63199, 1, 0
28756, 29856, 1, 0
29002, 29874, 1, 0
29250, 27047, 1, 0
29500, 26554, 1, 0
29750, 30551, 1, 0
30000, 33000, 1, 0
30258, 43798, 1, 0
30501, 68897, 1, 0
30754, 35106, 1, 0
31001, 24514, 1, 0
31258, 28209, 1, 0
31500, 24726, 1, 0
31757, 26472, 1, 0
32002, 30839, 1, 0
32253, 52524, 1, 0
32505, 41681, 1, 0
32810, 80815, 1, 0
33000, 65320, 1, 0
33250, 46054, 1, 0
33502, 58464, 1, 0
33761, 32159, 1, 0
34167, 56050, 1, 0
34389, 152855, 1, 0
34500, 50437, 1, 0
34750, 26620, 1, 0
35014, 32473, 1, 0
35252, 27216, 1, 0
35641, 30984, 1, 0
35857, 89837, 1, 0
36001, 88305, 1, 0
36250, 75272, 1, 0
36500, 43562, 1, 0
36750, 34790, 1, 0
37003, 61462, 1, 0
37327, 34373, 1, 0
37500, 66655, 1, 0
37756, 33483, 1, 0
38001, 39641, 1, 0
38254, 50476, 1, 0
38500, 34858, 1, 0
39047, 98154, 1, 0
39047, 596204, 1, 0
39522, 297562, 1, 0
39523, 415732, 1, 0
39750, 79162, 1, 0
40001, 34133, 1, 0
40261, 126519, 1, 0
40503, 34642, 1, 0
40756, 30191, 1, 0
41000, 28987, 1, 0
41250, 85092, 1, 0
41516, 25406, 1, 0
41872, 29887, 1, 0
42117, 52455, 1, 0
42257, 63410, 1, 0
42506, 31643, 1, 0
42972, 38083, 1, 0
43006, 285390, 1, 0
43253, 31413, 1, 0
43513, 33376, 1, 0
43750, 31725, 1, 0
44050, 42316, 1, 0
44250, 87304, 1, 0
44500, 29643, 1, 0
44751, 24854, 1, 0
45000, 23425, 1, 0
45251, 30728, 1, 0
45507, 31454, 1, 0
45763, 34681, 1, 0
46049, 30233, 1, 0
46257, 64663, 1, 0
46500, 30293, 1, 0
46752, 35269, 1, 0
47016, 31970, 1, 0
47255, 40510, 1, 0
47503, 30944, 1, 0
47800, 31190, 1, 0
48008, 139183, 1, 0
48252, 34544, 1, 0
48500, 30480, 1, 0
48750, 31346, 1, 0
49012, 37644, 1, 0
49250, 43244, 1, 0
49500, 25028, 1, 0
49906, 29571, 1, 0
50003, 118882, 1, 0
50261, 35932, 1, 0
50503, 34254, 1, 0
50846, 43623, 1, 0
51003, 90055, 1, 0
51266, 33176, 1, 0
51500, 35321, 1, 0
51753, 63945, 1, 0
52003, 57711, 1, 0
52250, 32337, 1, 0
52503, 29170, 1, 0
52750, 46896, 1, 0
53002, 95986, 1, 0
53250, 25350, 1, 0
53508, 67360, 1, 0
53828, 46180, 1, 0
54000, 49874, 1, 0
54250, 36821, 1, 0
54501, 87433, 1, 0
54786, 54516, 1, 0
55036, 87152, 1, 0
55263, 74247, 1, 0
55501, 36986, 1, 0
55753, 32045, 1, 0
56004, 55042, 1, 0
56390, 24966, 1, 0
56703, 290333, 1, 0
56772, 315409, 1, 0
57310, 111090, 1, 0
57310, 431154, 1, 0
57549, 107826, 1, 0
57750, 49195, 1, 0
58008, 25630, 1, 0
58255, 30715, 1, 0
58500, 26778, 1, 0
58816, 27656, 1, 0
59000, 51211, 1, 0
59255, 21510, 1, 0
59500, 27969, 1, 0
60665, 70578, 1, 0
60690, 1160609, 1, 0
60690, 1160515, 1, 0
60690, 1160448, 1, 0
60690, 1152953, 1, 0
250, 21334, 1, 0
501, 24917, 1, 0
906, 24739, 1, 0
1016, 59031, 1, 0
1336, 40070, 1, 0
1500, 55333, 1, 0
1766, 36820, 1, 0
2011, 50564, 1, 0
2251, 47189, 1, 0
2501, 37469, 1, 0
2753, 29418, 1, 0
3015, 30774, 1, 0
3283, 75059, 1, 0
3500, 211561, 1, 0
3771, 175176, 1, 0
4035, 43410, 1, 0
4254, 39179, 1, 0
4502, 26795, 1, 0
4753, 29292, 1, 0
5003, 30598, 1, 0
5270, 29604, 1, 0
6194, 38287, 1, 0
6194, 820951, 1, 0
6194, 820869, 1, 0
6281, 359118, 1, 0
6502, 71741, 1, 0
6767, 29403, 1, 0
7000, 36724, 1, 0
7253, 37125, 1, 0
7500, 48088, 1, 0
7750, 100328, 1, 0
8004, 39017, 1, 0
8250, 52754, 1, 0
8500, 37629, 1, 0
8750, 40339, 1, 0
9008, 35178, 1, 0
9252, 30166, 1, 0
9564, 50763, 1, 0
9753, 64148, 1, 0
10000, 27743, 1, 0
10252, 31776, 1, 0
10551, 167104, 1, 0
10750, 68773, 1, 0
11046, 64765, 1, 0
11364, 81671, 1, 0
11501, 136090, 1, 0
11756, 32592, 1, 0
12093, 50385, 1, 0
12254, 40076, 1, 0
12501, 31863, 1, 0
12750, 29687, 1, 0
13002, 25279, 1, 0
13259, 32424, 1, 0
13742, 70471, 1, 0
13761, 286628, 1, 0
14097, 176880, 1, 0
14448, 99338, 1, 0
14501, 159534, 1, 0
14782, 35857, 1, 0
15011, 68563, 1, 0
15257, 26047, 1, 0
15500, 51271, 1, 0
15750, 37707, 1, 0
16010, 37819, 1, 0
16256, 48748, 1, 0
16500, 51076, 1, 0
16750, 24114, 1, 0
17288, 41510, 1, 0
17288, 539077, 1, 0
17508, 72251, 1, 0
17752, 40239, 1, 0
18000, 35059, 1, 0
18250, 45381, 1, 0
18516, 39822, 1, 0
18751, 47646, 1, 0
19000, 30915, 1, 0
19252, 28999, 1, 0
19500, 34300, 1, 0
19750, 32130, 1, 0
20001, 30846, 1, 0
20250, 30032, 1, 0
20508, 53685, 1, 0
20752, 31963, 1, 0
21002, 28904, 1, 0
21250, 38149, 1, 0
21516, 37740, 1, 0
21750, 53932, 1, 0
22002, 32767, 1, 0
22293, 31046, 1, 0
22534, 81482, 1, 0
22758, 38582, 1, 0
23006, 32239, 1, 0
23250, 32864, 1, 0
23505, 32887, 1, 0
23754, 30205, 1, 0
24000, 30306, 1, 0
24250, 33059, 1, 0
24535, 42213, 1, 0
24754, 38807, 1, 0
25000, 25071, 1, 0
25262, 35809, 1, 0
25500, 40991, 1, 0
25750, 26455, 1, 0
26001, 36466, 1, 0
26250, 35548, 1, 0
26500, 65233, 1, 0
26759, 30073, 1, 0
27001, 37201, 1, 0
27257, 32496, 1, 0
27501, 32772, 1, 0
27757, 30486, 1, 0
28003, 32040, 1, 0
28270, 27789, 1, 0
28500, 47228, 1, 0
28752, 28774, 1, 0
29002, 27255, 1, 0
29262, 32766, 1, 0
29505, 31625, 1, 0
29750, 29169, 1, 0
30002, 31496, 1, 0
30261, 45753, 1, 0
30501, 69857, 1, 0
30757, 36301, 1, 0
31001, 29170, 1, 0
31260, 31032, 1, 0
31500, 32851, 1, 0
31756, 32875, 1, 0
32014, 36393, 1, 0
32253, 55563, 1, 0
32513, 39333, 1, 0
32810, 61534, 1, 0
33011, 38646, 1, 0
33257, 27585, 1, 0
33500, 35257, 1, 0
33760, 28426, 1, 0
34104, 41887, 1, 0
34390, 146372, 1, 0
34555, 101907, 1, 0
34750, 59363, 1, 0
35004, 43608, 1, 0
35250, 34192, 1, 0
35516, 25658, 1, 0
35859, 104184, 1, 0
36012, 51486, 1, 0
36251, 31801, 1, 0
36500, 24414, 1, 0
36773, 31400, 1, 0
37002, 49548, 1, 0
37329, 35716, 1, 0
37500, 59949, 1, 0
37755, 31670, 1, 0
38001, 39668, 1, 0
38254, 50498, 1, 0
38500, 35040, 1, 0
39047, 98376, 1, 0
39047, 595976, 1, 0
39524, 284840, 1, 0
39527, 415431, 1, 0
39757, 67437, 1, 0
40007, 37008, 1, 0
40252, 90277, 1, 0
40504, 65444, 1, 0
40757, 40005, 1, 0
41009, 40764, 1, 0
41250, 124993, 1, 0
41514, 26423, 1, 0
41872, 33020, 1, 0
42117, 60399, 1, 0
42257, 68620, 1, 0
42506, 31901, 1, 0
42973, 29632, 1, 0
43000, 191857, 1, 0
43251, 25802, 1, 0
43500, 24627, 1, 0
43750, 34766, 1, 0
44046, 38257, 1, 0
44251, 93800, 1, 0
44502, 30987, 1, 0
44750, 27230, 1, 0
45000, 24803, 1, 0
45251, 29843, 1, 0
45507, 32493, 1, 0
45762, 30821, 1, 0
46052, 30635, 1, 0
46250, 71327, 1, 0
46500, 33046, 1, 0
46761, 34267, 1, 0
47017, 41249, 1, 0
47252, 47870, 1, 0
47503, 26359, 1, 0
47802, 28791, 1, 0
48006, 126102, 1, 0
48260, 33038, 1, 0
48504, 25590, 1, 0
48752, 26695, 1, 0
49012, 34730, 1, 0
49250, 30127, 1, 0
49510, 32233, 1, 0
49882, 67547, 1, 0
50006, 86034, 1, 0
50251, 26704, 1, 0
50503, 29652, 1, 0
50843, 36042, 1, 0
51000, 74446, 1, 0
51258, 29343, 1, 0
51505, 28529, 1, 0
51754, 69122, 1, 0
52000, 53608, 1, 0
52250, 31253, 1, 0
52501, 31121, 1, 0
52754, 37867, 1, 0
53001, 91435, 1, 0
53393, 26624, 1, 0
53504, 48035, 1, 0
53828, 31449, 1, 0
54000, 41277, 1, 0
54250, 28265, 1, 0
54520, 69114, 1, 0
54786, 75171, 1, 0
55037, 71966, 1, 0
55263, 54546, 1, 0
55501, 34489, 1, 0
55750, 27450, 1, 0
56004, 48330, 1, 0
56390, 41035, 1, 0
56713, 300585, 1, 0
56772, 375324, 1, 0
57310, 99010, 1, 0
57310, 431789, 1, 0
57549, 119132, 1, 0
57750, 55677, 1, 0
58030, 32936, 1, 0
58255, 37692, 1, 0
58500, 40345, 1, 0
58826, 44477, 1, 0
59000, 85835, 1, 0
59255, 48046, 1, 0
59500, 51284, 1, 0
60662, 128353, 1, 0
60692, 1175517, 1, 0
60692, 1175273, 1, 0
60692, 1175153, 1, 0
60692, 1168027, 1, 0
251, 46959, 1, 0
500, 34980, 1, 0
908, 41644, 1, 0
1016, 100010, 1, 0
1292, 46262, 1, 0
1500, 53973, 1, 0
1769, 38872, 1, 0
2008, 51167, 1, 0
2250, 47732, 1, 0
2501, 40995, 1, 0
2752, 29410, 1, 0
3016, 33964, 1, 0
3287, 147477, 1, 0
3500, 249477, 1, 0
3774, 176687, 1, 0
4035, 57628, 1, 0
4250, 40087, 1, 0
4500, 26842, 1, 0
4755, 26527, 1, 0
5008, 29822, 1, 0
5280, 26314, 1, 0
6190, 41945, 1, 0
6191, 823253, 1, 0
6191, 823288, 1, 0
6274, 438838, 1, 0
6503, 74687, 1, 0
6768, 37362, 1, 0
7001, 54098, 1, 0
7251, 38297, 1, 0
7500, 47861, 1, 0
7750, 101364, 1, 0
8004, 38545, 1, 0
8250, 50644, 1, 0
8500, 38765, 1, 0
8760, 40378, 1, 0
9008, 33747, 1, 0
9252, 34373, 1, 0
9564, 51433, 1, 0
9754, 62369, 1, 0
10000, 31012, 1, 0
10252, 35626, 1, 0
10528, 56369, 1, 0
10750, 77497, 1, 0
11046, 74439, 1, 0
11376, 80739, 1, 0
11502, 140409, 1, 0
11756, 27806, 1, 0
12093, 44672, 1, 0
12250, 42630, 1, 0
12501, 25994, 1, 0
12750, 27836, 1, 0
13005, 26657, 1, 0
13252, 27334, 1, 0
13745, 64819, 1, 0
13760, 280018, 1, 0
14082, 196226, 1, 0
14448, 82388, 1, 0
14501, 188813, 1, 0
14782, 38508, 1, 0
15000, 92159, 1, 0
15267, 32105, 1, 0
15501, 40363, 1, 0
15750, 25572, 1, 0
16010, 31898, 1, 0
16253, 49033, 1, 0
16502, 46738, 1, 0
16753, 30279, 1, 0
17288, 70554, 1, 0
17288, 558848, 1, 0
17500, 107309, 1, 0
17752, 44072, 1, 0
18009, 34687, 1, 0
18250, 47110, 1, 0
18516, 39242, 1, 0
18751, 42656, 1, 0
19001, 30173, 1, 0
19251, 28278, 1, 0
19502, 26918, 1, 0
19756, 32991, 1, 0
20001, 31007, 1, 0
20250, 38315, 1, 0
20502, 58946, 1, 0
20750, 30665, 1, 0
21000, 27589, 1, 0
21250, 24364, 1, 0
21515, 29204, 1, 0
21752, 36389, 1, 0
22004, 25865, 1, 0
22294, 27123, 1, 0
22532, 83591, 1, 0
22758, 38964, 1, 0
23006, 26035, 1, 0
23250, 26109, 1, 0
23500, 31747, 1, 0
23754, 30462, 1, 0
24002, 28958, 1, 0
24250, 26764, 1, 0
24547, 43094, 1, 0
24753, 40195, 1, 0
25002, 33146, 1, 0
25262, 31977, 1, 0
25508, 42609, 1, 0
25750, 31102, 1, 0
26003, 28619, 1, 0
26250, 33604, 1, 0
26501, 50960, 1, 0
26765, 30699, 1, 0
27001, 37925, 1, 0
27257, 33203, 1, 0
27504, 33091, 1, 0
27757, 28804, 1, 0
28009, 28839, 1, 0
28270, 32526, 1, 0
28500, 53764, 1, 0
28750, 31038, 1, 0
29002, 30104, 1, 0
29250, 27484, 1, 0
29524, 28418, 1, 0
29750, 29732, 1, 0
30005, 27030, 1, 0
30252, 48322, 1, 0
30500, 64006, 1, 0
30751, 26503, 1, 0
31005, 31502, 1, 0
31250, 30784, 1, 0
31500, 28466, 1, 0
31754, 27472, 1, 0
32001, 33217, 1, 0
32255, 55261, 1, 0
32511, 40660, 1, 0
32797, 53448, 1, 0
33011, 40490, 1, 0
33253, 27039, 1, 0
33502, 33230, 1, 0
33760, 26166, 1, 0
34167, 40785, 1, 0
34388, 123630, 1, 0
34500, 44793, 1, 0
34750, 24184, 1, 0
35010, 44844, 1, 0
35252, 40305, 1, 0
35641, 44759, 1, 0
35859, 116464, 1, 0
36003, 101377, 1, 0
36253, 74329, 1, 0
36500, 43065, 1, 0
36773, 36848, 1, 0
37001, 55996, 1, 0
37329, 34115, 1, 0
37501, 65896, 1, 0
37756, 32446, 1, 0
38001, 31498, 1, 0
38253, 43856, 1, 0
38500, 31538, 1, 0
39047, 89010, 1, 0
39048, 584570, 1, 0
39252, 279361, 1, 0
39522, 280124, 1, 0
39750, 72935, 1, 0
40000, 29875, 1, 0
40252, 104709, 1, 0
40504, 32954, 1, 0
40756, 27696, 1, 0
41000, 24963, 1, 0
41250, 67504, 1, 0
41531, 26974, 1, 0
41873, 36367, 1, 0
42117, 57824, 1, 0
42250, 67862, 1, 0
42500, 27879, 1, 0
42947, 29784, 1, 0
43001, 158378, 1, 0
43252, 26470, 1, 0
43500, 25220, 1, 0
43750, 34995, 1, 0
44049, 36327, 1, 0
44252, 80696, 1, 0
44500, 28472, 1, 0
44753, 30855, 1, 0
45002, 35240, 1, 0
45253, 30727, 1, 0
45505, 30240, 1, 0
45750, 35612, 1, 0
46051, 27942, 1, 0
46250, 61454, 1, 0
46500, 28652, 1, 0
46761, 29366, 1, 0
47016, 42222, 1, 0
47250, 47939, 1, 0
47502, 26678, 1, 0
47806, 28994, 1, 0
48007, 149151, 1, 0
48252, 31181, 1, 0
48501, 30523, 1, 0
48753, 30742, 1, 0
49010, 37590, 1, 0
49250, 40939, 1, 0
49500, 31475, 1, 0
49882, 35448, 1, 0
50006, 84687, 1, 0
50251, 28124, 1, 0
50501, 28568, 1, 0
50846, 36277, 1, 0
51003, 94483, 1, 0
51265, 31850, 1, 0
51500, 35131, 1, 0
51754, 65268, 1, 0
52000, 59194, 1, 0
52250, 30361, 1, 0
52501, 26058, 1, 0
52750, 36748, 1, 0
53001, 84856, 1, 0
53250, 30523, 1, 0
53508, 80032, 1, 0
53828, 46147, 1, 0
54000, 50367, 1, 0
54253, 36421, 1, 0
54507, 90509, 1, 0
54786, 48577, 1, 0
55030, 93286, 1, 0
55264, 72865, 1, 0
55510, 42875, 1, 0
55752, 29010, 1, 0
56004, 44671, 1, 0
56391, 56259, 1, 0
56670, 319777, 1, 0
56771, 475900, 1, 0
57310, 94849, 1, 0
57310, 432184, 1, 0
57551, 121445, 1, 0
57758, 55480, 1, 0
58030, 33230, 1, 0
58255, 37728, 1, 0
58500, 41840, 1, 0
58826, 41461, 1, 0
59016, 86321, 1, 0
59255, 48482, 1, 0
59500, 47045, 1, 0
60667, 115757, 1, 0
60692, 1175346, 1, 0
60692, 1175293, 1, 0
60692, 1174998, 1, 0
60692, 1162714, 1, 0
251, 45922, 1, 0
500, 36616, 1, 0
907, 39809, 1, 0
1016, 97616, 1, 0
1292, 48046, 1, 0
1500, 54556, 1, 0
1759, 29868, 1, 0
2008, 27211, 1, 0
2256, 24418, 1, 0
2501, 27249, 1, 0
2752, 26688, 1, 0
3015, 27550, 1, 0
3283, 72458, 1, 0
3500, 181743, 1, 0
3773, 177116, 1, 0
4035, 41778, 1, 0
4250, 44707, 1, 0
4500, 34423, 1, 0
4755, 26635, 1, 0
5012, 28524, 1, 0
5280, 27541, 1, 0
6183, 46044, 1, 0
6194, 826542, 1, 0
6196, 825340, 1, 0
6274, 498251, 1, 0
6503, 78481, 1, 0
6750, 36286, 1, 0
7001, 44653, 1, 0
7251, 24965, 1, 0
7500, 31948, 1, 0
7750, 61677, 1, 0
8004, 26437, 1, 0
8253, 40659, 1, 0
8614, 38310, 1, 0
8750, 44674, 1, 0
9013, 34641, 1, 0
9250, 27726, 1, 0
9564, 49638, 1, 0
9760, 140593, 1, 0
10009, 33250, 1, 0
10262, 38667, 1, 0
10544, 89515, 1, 0
10750, 79298, 1, 0
11047, 83206, 1, 0
11377, 102131, 1, 0
11501, 122436, 1, 0
11756, 34654, 1, 0
12095, 57525, 1, 0
12252, 48150, 1, 0
12501, 31684, 1, 0
12752, 38460, 1, 0
13002, 31223, 1, 0
13261, 27541, 1, 0
13745, 64433, 1, 0
13874, 290025, 1, 0
14082, 144394, 1, 0
14448, 79668, 1, 0
14501, 197275, 1, 0
14782, 33017, 1, 0
15000, 85493, 1, 0
15267, 29002, 1, 0
15501, 39578, 1, 0
15756, 27461, 1, 0
16010, 25416, 1, 0
16256, 51219, 1, 0
16500, 44056, 1, 0
16750, 30386, 1, 0
17288, 51873, 1, 0
17289, 559536, 1, 0
17500, 107920, 1, 0
17751, 33995, 1, 0
18000, 24083, 1, 0
18250, 30092, 1, 0
18515, 25592, 1, 0
18750, 36250, 1, 0
19000, 29279, 1, 0
19250, 32563, 1, 0
19501, 36116, 1, 0
19756, 33895, 1, 0
20001, 28188, 1, 0
20260, 37106, 1, 0
20507, 55967, 1, 0
20750, 27316, 1, 0
21000, 26707, 1, 0
21250, 27675, 1, 0
21515, 32131, 1, 0
21751, 39702, 1, 0
22000, 27419, 1, 0
22292, 26902, 1, 0
22534, 73547, 1, 0
22750, 38892, 1, 0
23006, 32648, 1, 0
23250, 32583, 1, 0
23501, 30290, 1, 0
23751, 29652, 1, 0
24002, 33506, 1, 0
24250, 34857, 1, 0
24547, 43054, 1, 0
24753, 40166, 1, 0
25005, 32406, 1, 0
25262, 37242, 1, 0
25510, 44667, 1, 0
25756, 27986, 1, 0
26001, 26572, 1, 0
26250, 29247, 1, 0
26501, 44447, 1, 0
26756, 25956, 1, 0
27020, 29588, 1, 0
27257, 30901, 1, 0
27504, 31817, 1, 0
27757, 28504, 1, 0
28009, 29592, 1, 0
28270, 33274, 1, 0
28500, 54304, 1, 0
28750, 33436, 1, 0
29020, 32339, 1, 0
29254, 30793, 1, 0
29504, 29156, 1, 0
29750, 30686, 1, 0
30000, 36900, 1, 0
30257, 44512, 1, 0
30500, 47578, 1, 0
30750, 24377, 1, 0
31008, 29465, 1, 0
31250, 29852, 1, 0
31520, 32206, 1, 0
31756, 32103, 1, 0
32002, 37226, 1, 0
32252, 52424, 1, 0
32504, 33946, 1, 0
32810, 79394, 1, 0
33000, 65597, 1, 0
33250, 45545, 1, 0
33502, 57901, 1, 0
33760, 31958, 1, 0
34167, 54151, 1, 0
34387, 150676, 1, 0
34578, 83859, 1, 0
34750, 61217, 1, 0
35004, 42676, 1, 0
35252, 41174, 1, 0
35641, 44582, 1, 0
35857, 112453, 1, 0
36003, 104814, 1, 0
36251, 73306, 1, 0
36509, 28890, 1, 0
36751, 34519, 1, 0
37001, 55900, 1, 0
37327, 36108, 1, 0
37500, 64752, 1, 0
37756, 32235, 1, 0
38001, 31799, 1, 0
38253, 43313, 1, 0
38500, 31072, 1, 0
39047, 85052, 1, 0
39048, 584172, 1, 0
39252, 275893, 1, 0
39522, 178596, 1, 0
39764, 66007, 1, 0
40007, 36257, 1, 0
40262, 112233, 1, 0
40504, 61077, 1, 0
40757, 40654, 1, 0
41009, 40815, 1, 0
41250, 124784, 1, 0
41516, 28492, 1, 0
41872, 34506, 1, 0
42117, 60696, 1, 0
42252, 64316, 1, 0
42503, 28631, 1, 0
42972, 35325, 1, 0
43006, 283798, 1, 0
43253, 32373, 1, 0
43500, 33210, 1, 0
43751, 31435, 1, 0
44043, 37814, 1, 0
44251, 74801, 1, 0
44501, 27278, 1, 0
44753, 34035, 1, 0
45002, 34355, 1, 0
45253, 29284, 1, 0
45511, 29865, 1, 0
45750, 41442, 1, 0
46051, 34343, 1, 0
46250, 74119, 1, 0
46502, 28662, 1, 0
46761, 26805, 1, 0
47014, 31358, 1, 0
47250, 39607, 1, 0
47503, 29321, 1, 0
47800, 33276, 1, 0
48005, 142340, 1, 0
48250, 32483, 1, 0
48505, 26582, 1, 0
48752, 26469, 1, 0
49013, 33800, 1, 0
49250, 37271, 1, 0
49520, 30866, 1, 0
49909, 29287, 1, 0
50003, 133203, 1, 0
50261, 35034, 1, 0
50512, 34433, 1, 0
50852, 38178, 1, 0
51006, 66937, 1, 0
51250, 25540, 1, 0
51500, 28132, 1, 0
51753, 61143, 1, 0
52000, 54364, 1, 0
52261, 29539, 1, 0
52501, 27464, 1, 0
52755, 44459, 1, 0
53007, 114586, 1, 0
53250, 32551, 1, 0
53508, 79198, 1, 0
53828, 38818, 1, 0
54000, 39972, 1, 0
54250, 28737, 1, 0
54508, 70078, 1, 0
54786, 41864, 1, 0
55036, 64282, 1, 0
55263, 66824, 1, 0
55507, 44803, 1, 0
55750, 32745, 1, 0
56004, 50027, 1, 0
56390, 27806, 1, 0
56703, 293391, 1, 0
56773, 308224, 1, 0
57310, 94651, 1, 0
57310, 526849, 1, 0
57552, 133207, 1, 0
57757, 46434, 1, 0
58000, 30100, 1, 0
58256, 33012, 1, 0
58500, 28855, 1, 0
58825, 31397, 1, 0
59016, 86023, 1, 0
59255, 48535, 1, 0
59500, 48537, 1, 0
60667, 110717, 1, 0
60692, 1175432, 1, 0
60692, 1175384, 1, 0
60692, 1175026, 1, 0
60692, 1160570, 1, 0
498, 498435, 1, 0
654, 361930, 1, 0
878, 510374, 1, 0
1075, 689401, 1, 0
1257, 466458, 1, 0
2207, 485435, 1, 0
2208, 950458, 1, 0
2221, 960707, 1, 0
2274, 912930, 1, 0
2517, 1066880, 1, 0
2799, 1120651, 1, 0
3152, 692081, 1, 0
3777, 809424, 1, 0
3904, 1426697, 1, 0
3981, 1503119, 1, 0
4016, 1472773, 1, 0
4297, 1625560, 1, 0
4587, 1949544, 1, 0
4761, 1957534, 1, 0
5158, 2009680, 1, 0
5279, 2093193, 1, 0
5587, 1849664, 1, 0
5865, 1382252, 1, 0
6244, 1384307, 1, 0
6482, 1526197, 1, 0
6509, 1275944, 1, 0
6801, 1062399, 1, 0
7005, 798462, 1, 0
7592, 803745, 1, 0
7594, 1097999, 1, 0
8049, 1210097, 1, 0
8051, 1431789, 1, 0
8730, 1629475, 1, 0
8757, 2136547, 1, 0
8760, 2138552, 1, 0
9141, 2045274, 1, 0
9264, 1349145, 1, 0
9516, 387821, 1, 0
9850, 588416, 1, 0
10012, 753698, 1, 0
10275, 833499, 1, 0
10834, 747954, 1, 0
10834, 893046, 1, 0
11024, 916836, 1, 0
11260, 1072396, 1, 0
11549, 1149057, 1, 0
11812, 1272243, 1, 0
12791, 952760, 1, 0
12835, 1591106, 1, 0
12921, 1676173, 1, 0
12921, 1660843, 1, 0
13092, 1644877, 1, 0
13289, 1650658, 1, 0
13529, 1383660, 1, 0
13752, 649380, 1, 0
14029, 447353, 1, 0
14405, 323637, 1, 0
14823, 654011, 1, 0
14824, 962715, 1, 0
15003, 914771, 1, 0
15284, 423320, 1, 0
15561, 533646, 1, 0
15785, 358255, 1, 0
16008, 152319, 1, 0
16375, 256835, 1, 0
16533, 598184, 1, 0
16759, 803453, 1, 0
17012, 725676, 1, 0
17256, 303938, 1, 0
17503, 162862, 1, 0
17770, 377044, 1, 0
18054, 487088, 1, 0
18254, 469696, 1, 0
18602, 250167, 1, 0
18829, 545444, 1, 0
19006, 523874, 1, 0
19257, 259663, 1, 0
19503, 222636, 1, 0
19797, 250726, 1, 0
20006, 354671, 1, 0
20315, 408915, 1, 0
20575, 575364, 1, 0
20804, 747043, 1, 0
21000, 458967, 1, 0
21250, 213892, 1, 0
21549, 290121, 1, 0
21768, 335992, 1, 0
22025, 134314, 1, 0
22418, 220284, 1, 0
22540, 487799, 1, 0
22757, 294773, 1, 0
23025, 108540, 1, 0
23257, 139679, 1, 0
23655, 199451, 1, 0
23820, 244776, 1, 0
24011, 131137, 1, 0
24271, 450517, 1, 0
24674, 429178, 1, 0
24750, 466328, 1, 0
25215, 134372, 1, 0
25309, 232162, 1, 0
25595, 125520, 1, 0
25775, 207801, 1, 0
26011, 166411, 1, 0
26301, 325698, 1, 0
26520, 360944, 1, 0
26810, 180271, 1, 0
27002, 171207, 1, 0
27286, 125657, 1, 0
27605, 162642, 1, 0
27766, 286476, 1, 0
28251, 277374, 1, 0
28251, 402599, 1, 0
29645, 358455, 1, 0
29700, 1443246, 1, 0
29716, 1459415, 1, 0
29716, 1459600, 1, 0
29716, 1459629, 1, 0
29758, 1277682, 1, 0
30092, 275152, 1, 0
30285, 287317, 1, 0
30588, 180781, 1, 0
30952, 115215, 1, 0
31083, 300573, 1, 0
31750, 312950, 1, 0
31751, 667252, 1, 0
31751, 667281, 1, 0
32059, 407934, 1, 0
32308, 117676, 1, 0
33593, 167359, 1, 0
33593, 1279225, 1, 0
33593, 1279268, 1, 0
33593, 1279239, 1, 0
33682, 1256477, 1, 0
34183, 1087681, 1, 0
34183, 500189, 1, 0
34302, 487833, 1, 0
34538, 88655, 1, 0
34789, 74185, 1, 0
35375, 104893, 1, 0
35375, 496160, 1, 0
35714, 580845, 1, 0
35847, 844515, 1, 0
36225, 579899, 1, 0
36277, 303976, 1, 0
36558, 197020, 1, 0
36817, 136460, 1, 0
37726, 215191, 1, 0
37727, 830429, 1, 0
37992, 1095263, 1, 0
37992, 1095427, 1, 0
38142, 1145074, 1, 0
38305, 877214, 1, 0
38532, 156245, 1, 0
38880, 135720, 1, 0
39023, 162890, 1, 0
39285, 205392, 1, 0
39534, 133893, 1, 0
39878, 204349, 1, 0
40007, 281270, 1, 0
40328, 542653, 1, 0
40585, 289292, 1, 0
40833, 349736, 1, 0
41221, 237040, 1, 0
41358, 252101, 1, 0
41746, 139766, 1, 0
41750, 287156, 1, 0
42137, 299698, 1, 0
42260, 452945, 1, 0
42641, 433418, 1, 0
42855, 285787, 1, 0
43000, 250765, 1, 0
43308, 170268, 1, 0
43534, 276240, 1, 0
44065, 244263, 1, 0
44066, 532353, 1, 0
44817, 531241, 1, 0
44817, 750565, 1, 0
44817, 750632, 1, 0
45006, 428456, 1, 0
45265, 180227, 1, 0
45548, 144135, 1, 0
46058, 236617, 1, 0
46059, 585568, 1, 0
46536, 504919, 1, 0
46536, 365082, 1, 0
46969, 396623, 1, 0
47015, 455699, 1, 0
47350, 581698, 1, 0
47551, 813781, 1, 0
48253, 598394, 1, 0
48274, 679246, 1, 0
48275, 679965, 1, 0
48506, 278220, 1, 0
48773, 124534, 1, 0
49068, 184791, 1, 0
49294, 229037, 1, 0
49631, 244082, 1, 0
49799, 231886, 1, 0
50124, 322437, 1, 0
50288, 286308, 1, 0
50592, 119643, 1, 0
50758, 107256, 1, 0
51022, 189693, 1, 0
51272, 211067, 1, 0
51615, 250774, 1, 0
52303, 358488, 1, 0
52303, 688237, 1, 0
52303, 688134, 1, 0
52554, 382923, 1, 0
52794, 149873, 1, 0
53048, 161540, 1, 0
53276, 176262, 1, 0
53540, 208933, 1, 0
53809, 373271, 1, 0
54222, 335523, 1, 0
54266, 483603, 1, 0
54512, 238954, 1, 0
54775, 178448, 1, 0
55001, 412817, 1, 0
55326, 581682, 1, 0
55799, 156531, 1, 0
55799, 573744, 1, 0
56000, 529153, 1, 0
56349, 190132, 1, 0
56554, 242705, 1, 0
56827, 400066, 1, 0
57166, 238604, 1, 0
57298, 286847, 1, 0
57647, 148321, 1, 0
57869, 700764, 1, 0
58006, 626388, 1, 0
58321, 330699, 1, 0
58528, 215930, 1, 0
58760, 199775, 1, 0
59106, 198624, 1, 0
59309, 400923, 1, 0
59891, 356116, 1, 0
59891, 582400, 1, 0
60003, 562270, 1, 0
60035, 331719, 1, 0
405, 404656, 1, 0
626, 278352, 1, 0
878, 486777, 1, 0
1002, 533668, 1, 0
1260, 147208, 1, 0
1697, 247085, 1, 0
2197, 472184, 1, 0
2197, 901752, 1, 0
2303, 626565, 1, 0
2673, 589903, 1, 0
2847, 251370, 1, 0
3016, 116490, 1, 0
3464, 279543, 1, 0
3778, 327703, 1, 0
3778, 609569, 1, 0
4116, 620483, 1, 0
4298, 151021, 1, 0
4515, 139708, 1, 0
4750, 136415, 1, 0
5158, 197273, 1, 0
5279, 476536, 1, 0
5568, 666694, 1, 0
5886, 559807, 1, 0
6155, 529024, 1, 0
6250, 674050, 1, 0
6618, 258191, 1, 0
6800, 366618, 1, 0
7005, 209309, 1, 0
7391, 432582, 1, 0
7593, 575044, 1, 0
7786, 649158, 1, 0
8049, 459972, 1, 0
8758, 656937, 1, 0
8759, 1014342, 1, 0
8759, 1014330, 1, 0
9237, 587549, 1, 0
9480, 376386, 1, 0
9674, 275326, 1, 0
9768, 458980, 1, 0
10044, 610932, 1, 0
10347, 339251, 1, 0
10782, 453260, 1, 0
10782, 667096, 1, 0
11024, 621219, 1, 0
11549, 163373, 1, 0
11549, 379608, 1, 0
12773, 1602821, 1, 0
12773, 1603015, 1, 0
12773, 1603038, 1, 0
12773, 1602917, 1, 0
12773, 1602900, 1, 0
13015, 1794958, 1, 0
13298, 1289070, 1, 0
14407, 364872, 1, 0
14407, 1390100, 1, 0
14410, 1392191, 1, 0
14410, 1392266, 1, 0
14795, 1456279, 1, 0
14811, 1792796, 1, 0
15706, 1658621, 1, 0
15707, 1299496, 1, 0
15717, 1307835, 1, 0
15783, 1111418, 1, 0
16406, 845455, 1, 0
16406, 699350, 1, 0
16533, 815160, 1, 0
16759, 899725, 1, 0
17241, 947417, 1, 0
17267, 738456, 1, 0
17511, 686343, 1, 0
17932, 719293, 1, 0
18126, 744263, 1, 0
18253, 860744, 1, 0
18505, 880596, 1, 0
19116, 1093353, 1, 0
19130, 1198452, 1, 0
19309, 1104230, 1, 0
19533, 1208597, 1, 0
19981, 998006, 1, 0
20205, 882944, 1, 0
20314, 992379, 1, 0
20599, 1056021, 1, 0
20858, 1150894, 1, 0
21195, 1296064, 1, 0
21261, 1152181, 1, 0
21765, 1093450, 1, 0
21765, 1165838, 1, 0
22943, 1091278, 1, 0
22958, 1745674, 1, 0
22958, 1745666, 1, 0
23025, 1811154, 1, 0
23080, 1862884, 1, 0
23820, 1951800, 1, 0
23820, 2512811, 1, 0
23826, 2489946, 1, 0
24115, 2407665, 1, 0
24302, 2294458, 1, 0
24576, 1061694, 1, 0
25064, 933258, 1, 0
25064, 948096, 1, 0
26730, 1176655, 1, 0
26730, 2427963, 1, 0
26730, 2427854, 1, 0
26730, 2427806, 1, 0
26929, 2625762, 1, 0
26929, 2625570, 1, 0
27043, 2739207, 1, 0
27043, 2739340, 1, 0
27849, 2786767, 1, 0
27849, 2784620, 1, 0
27849, 2634633, 1, 0
28874, 2604200, 1, 0
28874, 2143820, 1, 0
29541, 2810641, 1, 0
29541, 2810839, 1, 0
29703, 2774135, 1, 0
29703, 2773965, 1, 0
29715, 2672051, 1, 0
29757, 2585782, 1, 0
30137, 2340577, 1, 0
30285, 2361165, 1, 0
30588, 2589062, 1, 0
30786, 2836664, 1, 0
31083, 3089575, 1, 0
31524, 3672936, 1, 0
31534, 3682902, 1, 0
32175, 3301169, 1, 0
32175, 3301249, 1, 0
32288, 2746850, 1, 0
34182, 3612964, 1, 0
34182, 4479087, 1, 0
34416, 4700820, 1, 0
34416, 4701076, 1, 0
34440, 4719940, 1, 0
34538, 4781112, 1, 0
34640, 4836408, 1, 0
34640, 4836441, 1, 0
34716, 4912343, 1, 0
35882, 5418882, 1, 0
35882, 5925063, 1, 0
36224, 6267056, 1, 0
36225, 6267176, 1, 0
36379, 6242425, 1, 0
36468, 6331386, 1, 0
36558, 6272981, 1, 0
36558, 6272932, 1, 0
36966, 6042179, 1, 0
38137, 6248186, 1, 0
38137, 6602624, 1, 0
39836, 7660670, 1, 0
39836, 7660745, 1, 0
39836, 7548387, 1, 0
39836, 7548237, 1, 0
40328, 6146332, 1, 0
40329, 6146308, 1, 0
40329, 5912760, 1, 0
40329, 5912779, 1, 0
40425, 5984707, 1, 0
40425, 5886949, 1, 0
40425, 5785212, 1, 0
40425, 5785045, 1, 0
40544, 4085566, 1, 0
41492, 2031536, 1, 0
41492, 1655753, 1, 0
41492, 1655756, 1, 0
41731, 1529438, 1, 0
41909, 1324095, 1, 0
42396, 1450468, 1, 0
42397, 1852333, 1, 0
43040, 1548278, 1, 0
43040, 1548283, 1, 0
43040, 1548306, 1, 0
43330, 1574564, 1, 0
43513, 1620900, 1, 0
44059, 1689460, 1, 0
44059, 1662793, 1, 0
44313, 1272831, 1, 0
44649, 1306007, 1, 0
44818, 1403475, 1, 0
45188, 1475272, 1, 0
45298, 1693638, 1, 0
46557, 1703901, 1, 0
46557, 2214166, 1, 0
46557, 2213962, 1, 0
46557, 2214286, 1, 0
46557, 1908114, 1, 0
46773, 1729659, 1, 0
47071, 1550810, 1, 0
49294, 2237695, 1, 0
49294, 2737035, 1, 0
49305, 2748562, 1, 0
49306, 2748370, 1, 0
49306, 2748436, 1, 0
49306, 2748958, 1, 0
49309, 2751519, 1, 0
49309, 2751242, 1, 0
49462, 2811279, 1, 0
49766, 2820354, 1, 0
49766, 3053675, 1, 0
50489, 2823021, 1, 0
50489, 1195172, 1, 0
50698, 1392544, 1, 0
50801, 1443954, 1, 0
52761, 1969407, 1, 0
52852, 3387701, 1, 0
53743, 4279197, 1, 0
53743, 4279102, 1, 0
53744, 4278903, 1, 0
53744, 4278760, 1, 0
53744, 3977940, 1, 0
53744, 3977900, 1, 0
53744, 3977322, 1, 0
53745, 3977358, 1, 0
53745, 3977273, 1, 0
54223, 3959783, 1, 0
54223, 3733836, 1, 0
54365, 2678258, 1, 0
54778, 827947, 1, 0
55109, 1364873, 1, 0
56134, 2390236, 1, 0
56206, 2462161, 1, 0
56348, 2603655, 1, 0
56348, 2603725, 1, 0
56348, 2603838, 1, 0
56349, 2603876, 1, 0
56501, 2720215, 1, 0
56825, 2494730, 1, 0
57067, 565565, 1, 0
57912, 692226, 1, 0
57912, 1348685, 1, 0
58008, 1425336, 1, 0
58008, 1425289, 1, 0
58260, 1505825, 1, 0
58521, 1509437, 1, 0
59309, 1426804, 1, 0
59309, 1397037, 1, 0
60035, 2027230, 1, 0
60396, 2387924, 1, 0
60396, 2387527, 1, 0
60396, 2387278, 1, 0
60396, 2220898, 1, 0
60396, 1954282, 1, 0
1261, 1261212, 1, 0
1262, 1073240, 1, 0
1262, 1073259, 1, 0
1361, 1172395, 1, 0
1372, 1183484, 1, 0
2205, 1271361, 1, 0
2209, 947583, 1, 0
2383, 1121493, 1, 0
2386, 1025143, 1, 0
2542, 1069319, 1, 0
3359, 1248488, 1, 0
4116, 2638159, 1, 0
4298, 2820296, 1, 0
4508, 3030402, 1, 0
4608, 3129748, 1, 0
4608, 3129914, 1, 0
4617, 3138759, 1, 0
4763, 3284185, 1, 0
4789, 3310907, 1, 0
5108, 3477036, 1, 0
5416, 3208606, 1, 0
5739, 3353160, 1, 0
5868, 3218500, 1, 0
6021, 3293426, 1, 0
6251, 3529257, 1, 0
6507, 3613878, 1, 0
6945, 2396435, 1, 0
7009, 2401113, 1, 0
7591, 2350339, 1, 0
7593, 2361886, 1, 0
7777, 2361389, 1, 0
8146, 2160162, 1, 0
8709, 2691873, 1, 0
8732, 2991227, 1, 0
8761, 3015253, 1, 0
9143, 2833768, 1, 0
9488, 2700203, 1, 0
9674, 2118012, 1, 0
9849, 932162, 1, 0
10036, 799076, 1, 0
10783, 1039197, 1, 0
10783, 1294857, 1, 0
10941, 1452054, 1, 0
11022, 1533042, 1, 0
11729, 1781211, 1, 0
11729, 2238914, 1, 0
11848, 2268947, 1, 0
12837, 2559012, 1, 0
12921, 3246799, 1, 0
12961, 3286984, 1, 0
12962, 3285667, 1, 0
13061, 3318490, 1, 0
13302, 3079643, 1, 0
13775, 2325151, 1, 0
13778, 2048385, 1, 0
14029, 1893134, 1, 0
14349, 1145481, 1, 0
14822, 1760409, 1, 0
14823, 1761825, 1, 0
15011, 1716951, 1, 0
15282, 1733099, 1, 0
15603, 1854964, 1, 0
15751, 1488080, 1, 0
16041, 786223, 1, 0
16259, 463681, 1, 0
16672, 683013, 1, 0
16858, 927202, 1, 0
17015, 898223, 1, 0
17309, 732301, 1, 0
17580, 699827, 1, 0
17763, 794308, 1, 0
18149, 806613, 1, 0
18253, 865451, 1, 0
18684, 898635, 1, 0
18879, 1077991, 1, 0
19000, 1146824, 1, 0
19288, 1186335, 1, 0
19547, 1148565, 1, 0
19791, 899228, 1, 0
20314, 893114, 1, 0
20314, 1005569, 1, 0
20574, 1133725, 1, 0
20874, 1143916, 1, 0
21004, 1201278, 1, 0
21309, 1174465, 1, 0
21621, 955382, 1, 0
21765, 1130734, 1, 0
22033, 1019240, 1, 0
22453, 1282086, 1, 0
22583, 1525173, 1, 0
22845, 1626286, 1, 0
23820, 1863461, 1, 0
23820, 2509508, 1, 0
23941, 2495489, 1, 0
23941, 2495893, 1, 0
24115, 2431789, 1, 0
24298, 2438205, 1, 0
24744, 1766097, 1, 0
24851, 858146, 1, 0
25028, 997535, 1, 0
25266, 987595, 1, 0
25575, 1122161, 1, 0
26194, 1374144, 1, 0
26361, 2059414, 1, 0
26361, 2059614, 1, 0
26730, 2428637, 1, 0
26929, 2468280, 1, 0
27161, 2702962, 1, 0
27430, 2771229, 1, 0
27848, 3099948, 1, 0
27848, 2997335, 1, 0
28250, 2592547, 1, 0
28251, 2626156, 1, 0
28675, 2641996, 1, 0
28873, 2512679, 1, 0
29552, 2492748, 1, 0
29552, 2821377, 1, 0
29552, 2821579, 1, 0
29809, 2661533, 1, 0
30089, 2105707, 1, 0
31083, 2736139, 1, 0
31365, 3514138, 1, 0
31539, 3687335, 1, 0
31539, 3687234, 1, 0
31625, 3773374, 1, 0
31625, 3773551, 1, 0
31750, 3457615, 1, 0
32059, 3300543, 1, 0
32288, 3413710, 1, 0
33014, 3152428, 1, 0
33015, 3462163, 1, 0
33015, 3462193, 1, 0
33682, 3982069, 1, 0
34182, 4479011, 1, 0
34301, 4597728, 1, 0
34440, 4724248, 1, 0
34440, 4721770, 1, 0
34930, 5121321, 1, 0
34930, 5121132, 1, 0
35882, 5925271, 1, 0
35882, 5925328, 1, 0
35994, 6036964, 1, 0
35994, 6037173, 1, 0
36287, 6197315, 1, 0
36287, 6197369, 1, 0
37148, 6065383, 1, 0
37991, 6625564, 1, 0
38141, 6602447, 1, 0
38141, 6602456, 1, 0
38142, 6517198, 1, 0
38142, 6517109, 1, 0
38272, 6646675, 1, 0
38272, 6523081, 1, 0
38653, 6705992, 1, 0
39215, 7012999, 1, 0
39216, 7156784, 1, 0
40142, 7854557, 1, 0
40143, 7747896, 1, 0
40328, 7313353, 1, 0
40328, 7313348, 1, 0
40328, 7313293, 1, 0
40519, 5110779, 1, 0
40838, 2612863, 1, 0
41730, 2262993, 1, 0
41730, 1587770, 1, 0
41731, 1402806, 1, 0
41909, 1345885, 1, 0
42298, 1603713, 1, 0
42299, 1779182, 1, 0
42641, 1802574, 1, 0
42756, 1878101, 1, 0
43298, 1886048, 1, 0
43298, 1567912, 1, 0
43517, 1603526, 1, 0
44059, 1696422, 1, 0
44059, 1760016, 1, 0
44648, 1324750, 1, 0
44649, 1350243, 1, 0
44757, 1365569, 1, 0
45298, 1481313, 1, 0
45298, 1767571, 1, 0
46021, 1498476, 1, 0
46229, 2162732, 1, 0
46229, 2162772, 1, 0
46557, 2136823, 1, 0
46557, 1908774, 1, 0
46768, 1851898, 1, 0
47009, 1575498, 1, 0
49305, 1120401, 1, 0
49305, 2747986, 1, 0
49309, 2751570, 1, 0
49309, 2751661, 1, 0
49461, 2903824, 1, 0
49461, 2903450, 1, 0
49462, 2810684, 1, 0
49462, 2810687, 1, 0
49462, 2810925, 1, 0
49765, 2853667, 1, 0
49766, 3053462, 1, 0
50124, 2832003, 1, 0
50257, 3032505, 1, 0
50591, 2828746, 1, 0
50802, 1389406, 1, 0
51015, 1523172, 1, 0
51281, 1686805, 1, 0
52303, 2159959, 1, 0
53399, 3934816, 1, 0
53743, 4278861, 1, 0
53743, 3977972, 1, 0
53744, 3978317, 1, 0
53744, 3977948, 1, 0
53744, 3977806, 1, 0
53744, 3977249, 1, 0
53744, 3977011, 1, 0
54222, 3897621, 1, 0
54222, 3965162, 1, 0
54331, 3191275, 1, 0
54512, 678365, 1, 0
55203, 1113603, 1, 0
55203, 1459380, 1, 0
56277, 2532475, 1, 0
56346, 2601955, 1, 0
56501, 2755480, 1, 0
56501, 2755498, 1, 0
56528, 2780499, 1, 0
56528, 2780684, 1, 0
56824, 2430839, 1, 0
57120, 983972, 1, 0
57626, 676454, 1, 0
57905, 1367726, 1, 0
57905, 1368051, 1, 0
58007, 1383184, 1, 0
58260, 1527198, 1, 0
58521, 1527852, 1, 0
58942, 1266735, 1, 0
59863, 1257885, 1, 0
59895, 1887590, 1, 0
60088, 2041775, 1, 0
60402, 2227555, 1, 0
60402, 2227462, 1, 0
60402, 2227319, 1, 0
60402, 1813140, 1, 0
448, 447635, 1, 0
884, 315097, 1, 0
885, 696573, 1, 0
1020, 782265, 1, 0
1261, 949751, 1, 0
2208, 930527, 1, 0
2219, 957196, 1, 0
2219, 957296, 1, 0
2385, 1024799, 1, 0
2515, 1076169, 1, 0
3163, 1187355, 1, 0
3359, 1881884, 1, 0
3359, 1881953, 1, 0
3902, 2424397, 1, 0
3906, 2428102, 1, 0
4115, 2534528, 1, 0
4430, 2813270, 1, 0
4589, 3111261, 1, 0
4752, 3180652, 1, 0
5226, 3443663, 1, 0
5281, 3043103, 1, 0
5739, 3274300, 1, 0
6496, 3239152, 1, 0
6510, 3150792, 1, 0
6523, 3163338, 1, 0
6524, 2622258, 1, 0
6820, 2495240, 1, 0
7008, 2399832, 1, 0
7591, 2394033, 1, 0
7593, 2367397, 1, 0
7777, 2223077, 1, 0
8051, 2106064, 1, 0
8759, 2562203, 1, 0
8842, 3095976, 1, 0
8842, 3095973, 1, 0
9153, 2656395, 1, 0
9262, 2622966, 1, 0
9674, 2197231, 1, 0
10066, 1348118, 1, 0
10066, 913341, 1, 0
10348, 995206, 1, 0
10783, 1545682, 1, 0
10783, 1520770, 1, 0
11029, 1396938, 1, 0
11407, 1799713, 1, 0
11729, 2238922, 1, 0
11848, 2268762, 1, 0
12773, 2433141, 1, 0
12774, 3099754, 1, 0
12795, 3120837, 1, 0
12919, 3245047, 1, 0
13120, 3243376, 1, 0
13290, 3085966, 1, 0
13775, 2619372, 1, 0
13778, 2048377, 1, 0
14026, 1800861, 1, 0
14833, 1220958, 1, 0
14834, 1713834, 1, 0
14854, 1715107, 1, 0
15002, 1632979, 1, 0
15282, 1724081, 1, 0
15594, 1836370, 1, 0
15771, 1585937, 1, 0
16041, 773843, 1, 0
16259, 459518, 1, 0
16673, 648898, 1, 0
16820, 925264, 1, 0
17009, 938414, 1, 0
17359, 738630, 1, 0
17568, 715038, 1, 0
17784, 774199, 1, 0
18253, 819573, 1, 0
18253, 890741, 1, 0
18641, 899013, 1, 0
18755, 1073033, 1, 0
19000, 1117089, 1, 0
19312, 1167409, 1, 0
19537, 1151429, 1, 0
19791, 906901, 1, 0
20430, 891290, 1, 0
20430, 1118343, 1, 0
20574, 1082505, 1, 0
20873, 1145965, 1, 0
21017, 1231135, 1, 0
21445, 1200372, 1, 0
21621, 1030828, 1, 0
21765, 1118301, 1, 0
22033, 988263, 1, 0
22453, 1489789, 1, 0
22626, 1538634, 1, 0
22845, 1588838, 1, 0
23941, 1896295, 1, 0
23941, 2495467, 1, 0
23941, 2319818, 1, 0
23941, 2319842, 1, 0
24116, 2263384, 1, 0
24298, 2527726, 1, 0
24744, 1962535, 1, 0
25172, 854610, 1, 0
25266, 967722, 1, 0
25575, 1276792, 1, 0
25575, 1276728, 1, 0
26194, 1405536, 1, 0
26194, 1893151, 1, 0
26361, 1976314, 1, 0
26730, 2244035, 1, 0
26929, 2467891, 1, 0
27161, 2683646, 1, 0
27343, 2727406, 1, 0
27848, 2789240, 1, 0
27849, 2677160, 1, 0
28250, 2440776, 1, 0
28251, 2626174, 1, 0
28675, 2627308, 1, 0
28873, 2512776, 1, 0
29552, 2353217, 1, 0
29552, 2821690, 1, 0
29700, 2770970, 1, 0
29809, 2649812, 1, 0
31365, 2453687, 1, 0
31365, 3514311, 1, 0
31517, 3665916, 1, 0
31749, 3498759, 1, 0
31749, 3498772, 1, 0
31750, 3499175, 1, 0
31792, 3313210, 1, 0
31932, 3452712, 1, 0
32059, 3375878, 1, 0
32394, 3116541, 1, 0
33014, 3462125, 1, 0
33682, 3982078, 1, 0
33682, 3982061, 1, 0
34301, 4597836, 1, 0
34301, 4597987, 1, 0
34440, 4721752, 1, 0
34440, 4721963, 1, 0
34930, 5121381, 1, 0
34930, 5121383, 1, 0
35642, 5832823, 1, 0
35643, 5832874, 1, 0
35709, 5898922, 1, 0
35994, 6037009, 1, 0
37991, 6625587, 1, 0
37991, 6625568, 1, 0
38137, 6619822, 1, 0
38272, 6522889, 1, 0
38272, 6522899, 1, 0
38448, 6697999, 1, 0
38448, 6655643, 1, 0
38653, 6721388, 1, 0
38725, 6792885, 1, 0
38725, 6792931, 1, 0
38726, 6793020, 1, 0
38726, 6793125, 1, 0
39215, 7282182, 1, 0
39216, 7156851, 1, 0
39766, 7340260, 1, 0
39766, 7707204, 1, 0
40142, 7748059, 1, 0
40328, 7313328, 1, 0
40328, 6646333, 1, 0
40519, 5245567, 1, 0
40838, 2492404, 1, 0
41221, 2016396, 1, 0
41730, 1521253, 1, 0
41730, 1402555, 1, 0
42298, 1370046, 1, 0
42299, 1779216, 1, 0
42299, 1779216, 1, 0
42641, 1802594, 1, 0
42758, 1839274, 1, 0
43112, 1783997, 1, 0
43298, 1567751, 1, 0
43517, 1609746, 1, 0
44058, 1771689, 1, 0
44059, 1760036, 1, 0
44648, 1370705, 1, 0
44649, 1350552, 1, 0
44757, 1382563, 1, 0
45328, 1426449, 1, 0
45328, 1269559, 1, 0
46022, 1614987, 1, 0
46229, 2163049, 1, 0
46229, 2162999, 1, 0
46325, 2171598, 1, 0
46556, 2484638, 1, 0
47009, 1937578, 1, 0
47009, 1680898, 1, 0
49294, 1075696, 1, 0
49294, 2737104, 1, 0
49305, 2748353, 1, 0
49305, 2748106, 1, 0
49306, 2748208, 1, 0
49306, 2748244, 1, 0
49461, 2903938, 1, 0
49462, 2810901, 1, 0
49462, 2811064, 1, 0
49765, 2833392, 1, 0
49766, 3053382, 1, 0
50124, 2752462, 1, 0
50257, 2999501, 1, 0
50591, 2195462, 1, 0
50801, 1390794, 1, 0
51240, 1637117, 1, 0
51281, 1819471, 1, 0
52303, 2840658, 1, 0
52303, 2840713, 1, 0
53265, 3801100, 1, 0
53743, 4278983, 1, 0
53743, 4278980, 1, 0
53743, 3977861, 1, 0
53743, 3977938, 1, 0
53744, 3978291, 1, 0
53745, 3976423, 1, 0
54222, 3891990, 1, 0
54222, 3965196, 1, 0
54331, 2970598, 1, 0
54512, 768294, 1, 0
56501, 1265028, 1, 0
56501, 2755525, 1, 0
56505, 2759495, 1, 0
56505, 2759322, 1, 0
56528, 2780756, 1, 0
56528, 2780729, 1, 0
56529, 2781308, 1, 0
56529, 2781337, 1, 0
56818, 2413865, 1, 0
57067, 1365049, 1, 0
57626, 639726, 1, 0
57894, 1356509, 1, 0
57905, 1367785, 1, 0
58007, 1365441, 1, 0
58260, 1516381, 1, 0
58550, 1472628, 1, 0
58942, 1248856, 1, 0
59313, 1401013, 1, 0
59313, 1401113, 1, 0
59895, 1887883, 1, 0
59896, 1888145, 1, 0
60053, 2044707, 1, 0
60402, 2394112, 1, 0
60402, 1802615, 1, 0
