251, 3806, 1, 0
500, 3937, 1, 0
751, 4036, 1, 0
1001, 3756, 1, 0
1250, 4598, 1, 0
1500, 7336, 1, 0
1750, 3550, 1, 0
2000, 4294, 1, 0
2253, 3825, 1, 0
2507, 3825, 1, 0
2750, 3836, 1, 0
3002, 4045, 1, 0
3250, 3637, 1, 0
3503, 6996, 1, 0
3752, 3999, 1, 0
4000, 4339, 1, 0
4300, 6371, 1, 0
4501, 9545, 1, 0
4753, 3748, 1, 0
5001, 4045, 1, 0
5252, 3733, 1, 0
5501, 3803, 1, 0
5751, 4095, 1, 0
6001, 3711, 1, 0
6252, 3784, 1, 0
6502, 3896, 1, 0
6752, 4135, 1, 0
7002, 3902, 1, 0
7250, 3909, 1, 0
7502, 6003, 1, 0
7750, 3909, 1, 0
8003, 3756, 1, 0
8252, 4148, 1, 0
8503, 3895, 1, 0
8751, 3690, 1, 0
9006, 4034, 1, 0
9252, 3540, 1, 0
9508, 4565, 1, 0
9753, 4342, 1, 0
10001, 3745, 1, 0
10339, 25942, 1, 0
10503, 3548, 1, 0
10752, 3590, 1, 0
11000, 3746, 1, 0
11303, 20168, 1, 0
11500, 3848, 1, 0
11752, 3974, 1, 0
12000, 3751, 1, 0
12251, 4375, 1, 0
12500, 3700, 1, 0
12753, 3653, 1, 0
13002, 3447, 1, 0
13333, 5788, 1, 0
13502, 4202, 1, 0
13751, 3873, 1, 0
14011, 3821, 1, 0
14254, 4102, 1, 0
14508, 4204, 1, 0
14751, 3787, 1, 0
15260, 7814, 1, 0
15264, 4345, 1, 0
15503, 3971, 1, 0
15750, 3724, 1, 0
16002, 3738, 1, 0
16258, 4325, 1, 0
16503, 3751, 1, 0
16754, 4094, 1, 0
17206, 9211, 1, 0
17250, 3377, 1, 0
17501, 3790, 1, 0
17750, 3701, 1, 0
18207, 9308, 1, 0
18251, 4843, 1, 0
18500, 3700, 1, 0
18750, 3617, 1, 0
19001, 3904, 1, 0
19250, 3486, 1, 0
19503, 4058, 1, 0
19750, 3791, 1, 0
20003, 3816, 1, 0
20252, 4350, 1, 0
20507, 4684, 1, 0
20752, 4338, 1, 0
21028, 6252, 1, 0
21253, 6408, 1, 0
21506, 4000, 1, 0
21750, 3989, 1, 0
22003, 3552, 1, 0
22251, 4046, 1, 0
22502, 3622, 1, 0
22751, 3882, 1, 0
23000, 3861, 1, 0
23252, 3803, 1, 0
23504, 3984, 1, 0
23756, 3932, 1, 0
24003, 3776, 1, 0
24250, 7243, 1, 0
24502, 3869, 1, 0
24752, 3895, 1, 0
25001, 3632, 1, 0
25250, 3876, 1, 0
25500, 3897, 1, 0
25752, 3632, 1, 0
26001, 3822, 1, 0
26257, 3981, 1, 0
26503, 3650, 1, 0
26750, 3620, 1, 0
27066, 35166, 1, 0
27253, 3783, 1, 0
27504, 3970, 1, 0
27752, 3933, 1, 0
28002, 62263, 1, 0
28250, 3435, 1, 0
28501, 3526, 1, 0
28752, 3563, 1, 0
29000, 3800, 1, 0
29252, 3985, 1, 0
29509, 3874, 1, 0
30003, 8808, 1, 0
30008, 4885, 1, 0
30250, 3772, 1, 0
30500, 3715, 1, 0
30750, 5189, 1, 0
31001, 4161, 1, 0
31250, 4217, 1, 0
31502, 3742, 1, 0
31955, 9219, 1, 0
32002, 3366, 1, 0
32252, 3893, 1, 0
32501, 3879, 1, 0
32949, 9306, 1, 0
33000, 3411, 1, 0
33285, 6316, 1, 0
33837, 14144, 1, 0
33842, 4930, 1, 0
34007, 9115, 1, 0
34252, 4614, 1, 0
34501, 3816, 1, 0
34762, 4252, 1, 0
35000, 3711, 1, 0
35251, 3721, 1, 0
35501, 3781, 1, 0
35752, 4028, 1, 0
36000, 7278, 1, 0
36255, 3739, 1, 0
36529, 7807, 1, 0
36752, 5047, 1, 0
37000, 4108, 1, 0
37252, 4836, 1, 0
37506, 4218, 1, 0
37753, 4307, 1, 0
38000, 4241, 1, 0
38252, 3925, 1, 0
38502, 4153, 1, 0
38842, 16139, 1, 0
39000, 4033, 1, 0
39250, 6579, 1, 0
39537, 6501, 1, 0
39837, 6807, 1, 0
40000, 3676, 1, 0
40251, 3667, 1, 0
40505, 4288, 1, 0
40753, 4194, 1, 0
41003, 4132, 1, 0
41250, 4102, 1, 0
41501, 3735, 1, 0
41817, 8753, 1, 0
42000, 3646, 1, 0
42252, 3984, 1, 0
42501, 3936, 1, 0
42771, 67345, 1, 0
43004, 4072, 1, 0
43252, 4112, 1, 0
43501, 3598, 1, 0
43751, 3827, 1, 0
44001, 4219, 1, 0
44252, 3963, 1, 0
44792, 8988, 1, 0
44797, 4387, 1, 0
45001, 7858, 1, 0
45253, 5982, 1, 0
45503, 3876, 1, 0
45751, 3864, 1, 0
46001, 5300, 1, 0
46253, 3910, 1, 0
46702, 8801, 1, 0
46753, 3878, 1, 0
47003, 4534, 1, 0
47280, 4827, 1, 0
47501, 3859, 1, 0
47753, 3801, 1, 0
48004, 4030, 1, 0
48250, 4221, 1, 0
48691, 10490, 1, 0
48826, 26958, 1, 0
49002, 4868, 1, 0
49251, 15540, 1, 0
49500, 4204, 1, 0
49900, 22220, 1, 0
50001, 4032, 1, 0
50250, 4195, 1, 0
50502, 3694, 1, 0
50750, 4487, 1, 0
51002, 3797, 1, 0
51251, 4350, 1, 0
51501, 3892, 1, 0
51750, 3765, 1, 0
52002, 4111, 1, 0
52250, 3914, 1, 0
52503, 3933, 1, 0
52791, 20557, 1, 0
53000, 7719, 1, 0
53253, 3941, 1, 0
53604, 14610, 1, 0
53753, 4360, 1, 0
54001, 3741, 1, 0
54250, 3818, 1, 0
54501, 3957, 1, 0
54754, 4951, 1, 0
55008, 7218, 1, 0
55251, 5608, 1, 0
55501, 4292, 1, 0
55753, 3977, 1, 0
56001, 4196, 1, 0
56251, 8921, 1, 0
56565, 6663, 1, 0
56752, 6893, 1, 0
57000, 3796, 1, 0
57251, 4176, 1, 0
57502, 5324, 1, 0
57751, 4132, 1, 0
58001, 4065, 1, 0
58251, 4370, 1, 0
58501, 5082, 1, 0
58758, 4487, 1, 0
59002, 3856, 1, 0
59260, 4206, 1, 0
59502, 4470, 1, 0
59762, 4454, 1, 0
60000, 4161, 1, 0
252, 3889, 1, 0
502, 4148, 1, 0
751, 4196, 1, 0
1002, 3673, 1, 0
1252, 4603, 1, 0
1500, 7990, 1, 0
1752, 3586, 1, 0
2001, 4418, 1, 0
2252, 3965, 1, 0
2507, 3686, 1, 0
2751, 3918, 1, 0
3002, 4100, 1, 0
3252, 3655, 1, 0
3502, 6937, 1, 0
3751, 3997, 1, 0
4000, 4510, 1, 0
4300, 6369, 1, 0
4500, 9513, 1, 0
4753, 3806, 1, 0
5001, 3984, 1, 0
5252, 3730, 1, 0
5503, 3727, 1, 0
5751, 4115, 1, 0
6000, 3595, 1, 0
6251, 3676, 1, 0
6502, 3842, 1, 0
6751, 4134, 1, 0
7002, 3965, 1, 0
7250, 3924, 1, 0
7501, 5963, 1, 0
7751, 3959, 1, 0
8002, 3963, 1, 0
8250, 4049, 1, 0
8500, 3775, 1, 0
8753, 3697, 1, 0
9006, 3884, 1, 0
9250, 3506, 1, 0
9503, 4429, 1, 0
9750, 4167, 1, 0
10003, 3758, 1, 0
10338, 25755, 1, 0
10502, 3531, 1, 0
10753, 3676, 1, 0
11002, 3645, 1, 0
11312, 20665, 1, 0
11502, 3703, 1, 0
11751, 4137, 1, 0
12000, 3759, 1, 0
12250, 4363, 1, 0
12502, 3689, 1, 0
12750, 3629, 1, 0
13000, 3408, 1, 0
13332, 5721, 1, 0
13500, 4283, 1, 0
13751, 3729, 1, 0
14000, 3546, 1, 0
14256, 4044, 1, 0
14507, 3971, 1, 0
14752, 3803, 1, 0
15260, 7682, 1, 0
15266, 6043, 1, 0
15503, 3883, 1, 0
15753, 3648, 1, 0
16001, 3693, 1, 0
16258, 4002, 1, 0
16502, 3518, 1, 0
16750, 3985, 1, 0
17206, 9898, 1, 0
17252, 3517, 1, 0
17500, 3791, 1, 0
17758, 3722, 1, 0
18207, 9754, 1, 0
18250, 4780, 1, 0
18500, 3771, 1, 0
18751, 3726, 1, 0
19000, 4003, 1, 0
19251, 3680, 1, 0
19500, 4278, 1, 0
19751, 3838, 1, 0
20002, 4028, 1, 0
20254, 4397, 1, 0
20500, 5714, 1, 0
20750, 4875, 1, 0
21027, 6735, 1, 0
21251, 6370, 1, 0
21505, 4093, 1, 0
21752, 4233, 1, 0
22000, 3573, 1, 0
22253, 4067, 1, 0
22502, 3702, 1, 0
22751, 3885, 1, 0
23002, 3901, 1, 0
23252, 3828, 1, 0
23500, 4118, 1, 0
23755, 3969, 1, 0
24002, 3836, 1, 0
24251, 7121, 1, 0
24501, 3879, 1, 0
24753, 3861, 1, 0
25002, 3704, 1, 0
25250, 4049, 1, 0
25500, 4085, 1, 0
25751, 3790, 1, 0
26002, 3909, 1, 0
26257, 4030, 1, 0
26503, 3653, 1, 0
26752, 3598, 1, 0
27067, 34898, 1, 0
27252, 3842, 1, 0
27500, 4058, 1, 0
27750, 3884, 1, 0
28001, 62732, 1, 0
28250, 3403, 1, 0
28502, 3628, 1, 0
28752, 3506, 1, 0
29000, 3686, 1, 0
29252, 3982, 1, 0
29508, 3924, 1, 0
30004, 8683, 1, 0
30009, 5391, 1, 0
30250, 3817, 1, 0
30503, 3933, 1, 0
30751, 5251, 1, 0
31001, 4152, 1, 0
31251, 4218, 1, 0
31503, 3860, 1, 0
31955, 9608, 1, 0
32004, 3770, 1, 0
32250, 3889, 1, 0
32502, 3914, 1, 0
32949, 9722, 1, 0
33003, 3530, 1, 0
33284, 6109, 1, 0
33838, 14937, 1, 0
33842, 4713, 1, 0
34007, 9677, 1, 0
34255, 4575, 1, 0
34502, 3674, 1, 0
34762, 4309, 1, 0
35003, 3936, 1, 0
35250, 3908, 1, 0
35503, 4057, 1, 0
35752, 4141, 1, 0
36000, 7729, 1, 0
36255, 3785, 1, 0
36530, 8070, 1, 0
36750, 5096, 1, 0
37001, 4032, 1, 0
37251, 4694, 1, 0
37506, 4035, 1, 0
37752, 4301, 1, 0
38002, 4003, 1, 0
38250, 3862, 1, 0
38503, 4000, 1, 0
38842, 16112, 1, 0
39000, 3760, 1, 0
39251, 6578, 1, 0
39536, 6619, 1, 0
39838, 6834, 1, 0
40001, 3769, 1, 0
40259, 3723, 1, 0
40506, 4172, 1, 0
40754, 4180, 1, 0
41002, 3929, 1, 0
41251, 4119, 1, 0
41501, 3716, 1, 0
41817, 9002, 1, 0
42003, 3720, 1, 0
42251, 4037, 1, 0
42503, 3864, 1, 0
42771, 89187, 1, 0
43004, 4073, 1, 0
43251, 4035, 1, 0
43502, 3568, 1, 0
43753, 3838, 1, 0
44002, 4210, 1, 0
44250, 3980, 1, 0
44768, 8761, 1, 0
44794, 25397, 1, 0
45001, 7681, 1, 0
45253, 5967, 1, 0
45500, 3787, 1, 0
45753, 3867, 1, 0
46000, 5488, 1, 0
46250, 3881, 1, 0
46693, 8674, 1, 0
46750, 4069, 1, 0
47004, 4503, 1, 0
47279, 4817, 1, 0
47500, 3779, 1, 0
47750, 3722, 1, 0
48000, 3831, 1, 0
48252, 4110, 1, 0
48693, 11012, 1, 0
48826, 26449, 1, 0
49000, 4708, 1, 0
49251, 13929, 1, 0
49502, 4029, 1, 0
49899, 22003, 1, 0
50002, 3943, 1, 0
50251, 4129, 1, 0
50501, 3661, 1, 0
50750, 4273, 1, 0
51000, 3669, 1, 0
51252, 4320, 1, 0
51501, 3704, 1, 0
51751, 3548, 1, 0
52000, 4143, 1, 0
52251, 3844, 1, 0
52500, 4062, 1, 0
52791, 19373, 1, 0
53003, 7288, 1, 0
53253, 3960, 1, 0
53604, 14033, 1, 0
53751, 4583, 1, 0
54000, 3687, 1, 0
54251, 3798, 1, 0
54500, 4053, 1, 0
54754, 4968, 1, 0
55009, 7251, 1, 0
55252, 5380, 1, 0
55501, 4262, 1, 0
55750, 3938, 1, 0
56001, 4172, 1, 0
56253, 8372, 1, 0
56556, 6578, 1, 0
56753, 6548, 1, 0
57000, 3775, 1, 0
57251, 3974, 1, 0
57500, 5277, 1, 0
57750, 4077, 1, 0
58002, 3975, 1, 0
58255, 4205, 1, 0
58502, 4913, 1, 0
58759, 4337, 1, 0
59000, 3751, 1, 0
59259, 4161, 1, 0
59500, 4448, 1, 0
59761, 4191, 1, 0
60002, 4202, 1, 0
250, 3785, 1, 0
501, 4027, 1, 0
752, 4099, 1, 0
1000, 3854, 1, 0
1250, 4293, 1, 0
1501, 7589, 1, 0
1750, 3543, 1, 0
2000, 4295, 1, 0
2250, 3883, 1, 0
2507, 3764, 1, 0
2750, 3718, 1, 0
3002, 3929, 1, 0
3253, 3510, 1, 0
3502, 7101, 1, 0
3751, 3652, 1, 0
4001, 4284, 1, 0
4300, 6357, 1, 0
4502, 9606, 1, 0
4752, 3713, 1, 0
5001, 4055, 1, 0
5250, 3708, 1, 0
5501, 3783, 1, 0
5751, 4020, 1, 0
6002, 3728, 1, 0
6250, 3625, 1, 0
6500, 3961, 1, 0
6750, 4081, 1, 0
7000, 3944, 1, 0
7251, 3902, 1, 0
7500, 6066, 1, 0
7750, 4017, 1, 0
8000, 3771, 1, 0
8250, 4010, 1, 0
8503, 3815, 1, 0
8753, 3663, 1, 0
9006, 3941, 1, 0
9252, 3656, 1, 0
9504, 4738, 1, 0
9754, 4278, 1, 0
10001, 3837, 1, 0
10338, 25970, 1, 0
10501, 3510, 1, 0
10752, 3682, 1, 0
11001, 3747, 1, 0
11312, 20750, 1, 0
11501, 3750, 1, 0
11751, 4161, 1, 0
12003, 3731, 1, 0
12252, 4439, 1, 0
12500, 3746, 1, 0
12751, 3609, 1, 0
13002, 3385, 1, 0
13333, 5782, 1, 0
13502, 4334, 1, 0
13752, 3710, 1, 0
14001, 3597, 1, 0
14256, 4089, 1, 0
14508, 3859, 1, 0
14753, 3878, 1, 0
15260, 7780, 1, 0
15265, 5160, 1, 0
15504, 3904, 1, 0
15753, 3592, 1, 0
16001, 3526, 1, 0
16257, 4187, 1, 0
16500, 3554, 1, 0
16752, 3914, 1, 0
17207, 9092, 1, 0
17251, 3402, 1, 0
17502, 3778, 1, 0
17750, 3689, 1, 0
18207, 9922, 1, 0
18251, 5467, 1, 0
18504, 3819, 1, 0
18750, 3711, 1, 0
19002, 3980, 1, 0
19252, 3658, 1, 0
19500, 4408, 1, 0
19752, 3808, 1, 0
20003, 4023, 1, 0
20253, 4454, 1, 0
20515, 5784, 1, 0
20753, 4548, 1, 0
21027, 6687, 1, 0
21250, 6342, 1, 0
21505, 4025, 1, 0
21750, 4143, 1, 0
22006, 3641, 1, 0
22250, 4055, 1, 0
22501, 3665, 1, 0
22750, 3877, 1, 0
23000, 4015, 1, 0
23252, 3863, 1, 0
23500, 4055, 1, 0
23757, 3939, 1, 0
24000, 3843, 1, 0
24251, 7157, 1, 0
24502, 3897, 1, 0
24752, 3903, 1, 0
25001, 3754, 1, 0
25252, 3899, 1, 0
25500, 3992, 1, 0
25752, 3804, 1, 0
26000, 3854, 1, 0
26257, 4066, 1, 0
26502, 3685, 1, 0
26753, 3573, 1, 0
27067, 34874, 1, 0
27252, 3925, 1, 0
27501, 4001, 1, 0
27752, 4037, 1, 0
28001, 62267, 1, 0
28251, 3448, 1, 0
28500, 3548, 1, 0
28751, 3422, 1, 0
29000, 3700, 1, 0
29252, 3985, 1, 0
29508, 3872, 1, 0
30004, 8669, 1, 0
30009, 5248, 1, 0
30250, 3747, 1, 0
30500, 3777, 1, 0
30752, 5029, 1, 0
31001, 4137, 1, 0
31252, 4032, 1, 0
31503, 3774, 1, 0
31956, 9048, 1, 0
32001, 3224, 1, 0
32250, 3811, 1, 0
32502, 3859, 1, 0
32949, 9502, 1, 0
33002, 3804, 1, 0
33285, 5988, 1, 0
33837, 14137, 1, 0
33840, 3849, 1, 0
34006, 8700, 1, 0
34251, 4355, 1, 0
34500, 3711, 1, 0
34760, 4041, 1, 0
35001, 3809, 1, 0
35252, 3787, 1, 0
35500, 3807, 1, 0
35750, 4016, 1, 0
36002, 7172, 1, 0
36255, 3706, 1, 0
36530, 7622, 1, 0
36751, 4889, 1, 0
37000, 4068, 1, 0
37250, 4701, 1, 0
37507, 4053, 1, 0
37750, 4333, 1, 0
38002, 4166, 1, 0
38251, 3888, 1, 0
38502, 4162, 1, 0
38833, 15006, 1, 0
39001, 4083, 1, 0
39250, 6704, 1, 0
39537, 6518, 1, 0
39838, 6967, 1, 0
40002, 3643, 1, 0
40259, 3754, 1, 0
40506, 4033, 1, 0
40752, 4231, 1, 0
41001, 4189, 1, 0
41251, 4152, 1, 0
41500, 3707, 1, 0
41817, 8317, 1, 0
42000, 3639, 1, 0
42253, 4058, 1, 0
42500, 3975, 1, 0
42772, 67762, 1, 0
43004, 4199, 1, 0
43252, 3990, 1, 0
43502, 3556, 1, 0
43752, 3823, 1, 0
44003, 4229, 1, 0
44250, 4047, 1, 0
44792, 9167, 1, 0
44797, 4496, 1, 0
45001, 7547, 1, 0
45250, 5628, 1, 0
45502, 3752, 1, 0
45751, 4003, 1, 0
46001, 5411, 1, 0
46251, 3827, 1, 0
46702, 9002, 1, 0
46752, 3823, 1, 0
47004, 4478, 1, 0
47278, 4880, 1, 0
47500, 4017, 1, 0
47751, 3788, 1, 0
48002, 3955, 1, 0
48251, 4211, 1, 0
48694, 10517, 1, 0
48826, 33010, 1, 0
49002, 5006, 1, 0
49251, 13849, 1, 0
49501, 4079, 1, 0
49899, 23416, 1, 0
50002, 4091, 1, 0
50250, 4253, 1, 0
50502, 3632, 1, 0
50750, 4420, 1, 0
51003, 3808, 1, 0
51250, 4396, 1, 0
51500, 3889, 1, 0
51752, 3684, 1, 0
52002, 4016, 1, 0
52251, 3944, 1, 0
52501, 4075, 1, 0
52790, 20678, 1, 0
53004, 7333, 1, 0
53252, 3804, 1, 0
53604, 14071, 1, 0
53750, 4536, 1, 0
54003, 3765, 1, 0
54250, 3785, 1, 0
54501, 3964, 1, 0
54752, 4720, 1, 0
55009, 7101, 1, 0
55252, 5615, 1, 0
55501, 4132, 1, 0
55751, 4008, 1, 0
56001, 4231, 1, 0
56253, 8962, 1, 0
56565, 6781, 1, 0
56753, 6688, 1, 0
57003, 3708, 1, 0
57252, 3947, 1, 0
57501, 5266, 1, 0
57752, 4175, 1, 0
58000, 3855, 1, 0
58250, 4132, 1, 0
58500, 4609, 1, 0
58759, 4299, 1, 0
59002, 3834, 1, 0
59259, 4133, 1, 0
59502, 4391, 1, 0
59761, 4168, 1, 0
60002, 3985, 1, 0
251, 3808, 1, 0
500, 3879, 1, 0
751, 4031, 1, 0
1001, 3822, 1, 0
1250, 4276, 1, 0
1502, 7625, 1, 0
1751, 3539, 1, 0
2001, 4296, 1, 0
2253, 4035, 1, 0
2508, 3729, 1, 0
2752, 3871, 1, 0
3000, 3974, 1, 0
3252, 3589, 1, 0
3503, 7140, 1, 0
3750, 3734, 1, 0
4001, 4233, 1, 0
4300, 6481, 1, 0
4501, 10031, 1, 0
4753, 3638, 1, 0
5001, 4043, 1, 0
5250, 3752, 1, 0
5500, 3714, 1, 0
5753, 3999, 1, 0
6003, 3720, 1, 0
6252, 3820, 1, 0
6502, 4009, 1, 0
6752, 4014, 1, 0
7000, 3928, 1, 0
7250, 3896, 1, 0
7500, 5921, 1, 0
7751, 3914, 1, 0
8003, 3797, 1, 0
8250, 4038, 1, 0
8502, 3793, 1, 0
8753, 3734, 1, 0
9004, 3975, 1, 0
9251, 3666, 1, 0
9506, 4380, 1, 0
9752, 4130, 1, 0
10000, 3742, 1, 0
10339, 26046, 1, 0
10502, 8586, 1, 0
10751, 3695, 1, 0
11004, 3707, 1, 0
11312, 20495, 1, 0
11503, 3723, 1, 0
11750, 4181, 1, 0
12003, 3865, 1, 0
12250, 4481, 1, 0
12501, 3727, 1, 0
12753, 3635, 1, 0
13002, 3595, 1, 0
13324, 5728, 1, 0
13500, 4395, 1, 0
13750, 3771, 1, 0
14001, 3616, 1, 0
14256, 4032, 1, 0
14507, 3906, 1, 0
14753, 3839, 1, 0
15261, 7915, 1, 0
15266, 4477, 1, 0
15503, 3941, 1, 0
15751, 3585, 1, 0
16000, 3585, 1, 0
16258, 4363, 1, 0
16500, 3637, 1, 0
16751, 3971, 1, 0
17206, 9082, 1, 0
17251, 3498, 1, 0
17502, 3843, 1, 0
17750, 3633, 1, 0
18206, 9675, 1, 0
18253, 4669, 1, 0
18501, 3749, 1, 0
18751, 3718, 1, 0
19003, 3973, 1, 0
19253, 3606, 1, 0
19501, 4130, 1, 0
19750, 3928, 1, 0
20000, 4143, 1, 0
20253, 4509, 1, 0
20500, 5591, 1, 0
20751, 4890, 1, 0
21027, 6724, 1, 0
21251, 6368, 1, 0
21506, 4091, 1, 0
21750, 4270, 1, 0
22000, 3550, 1, 0
22251, 3971, 1, 0
22502, 3680, 1, 0
22752, 3776, 1, 0
23000, 3734, 1, 0
23250, 3770, 1, 0
23501, 3913, 1, 0
23757, 3866, 1, 0
24003, 3944, 1, 0
24252, 6725, 1, 0
24500, 3976, 1, 0
24750, 3835, 1, 0
25001, 3673, 1, 0
25252, 3842, 1, 0
25501, 3884, 1, 0
25751, 3660, 1, 0
26002, 3791, 1, 0
26258, 3973, 1, 0
26502, 3632, 1, 0
26753, 3568, 1, 0
27057, 38055, 1, 0
27251, 3935, 1, 0
27501, 4024, 1, 0
27752, 3906, 1, 0
28001, 62233, 1, 0
28250, 3443, 1, 0
28501, 3617, 1, 0
28752, 3473, 1, 0
29000, 3743, 1, 0
29251, 4087, 1, 0
29510, 3850, 1, 0
30003, 8963, 1, 0
30013, 9474, 1, 0
30251, 3699, 1, 0
30503, 3864, 1, 0
30751, 5043, 1, 0
31002, 4163, 1, 0
31252, 4298, 1, 0
31500, 3867, 1, 0
31954, 9447, 1, 0
32002, 3388, 1, 0
32251, 3935, 1, 0
32502, 3840, 1, 0
32949, 9930, 1, 0
33000, 3905, 1, 0
33285, 6050, 1, 0
33838, 14149, 1, 0
33842, 4491, 1, 0
34007, 9154, 1, 0
34251, 4593, 1, 0
34501, 3762, 1, 0
34762, 4194, 1, 0
35001, 3908, 1, 0
35251, 3954, 1, 0
35501, 4005, 1, 0
35753, 3991, 1, 0
36002, 7748, 1, 0
36254, 3869, 1, 0
36530, 7851, 1, 0
36752, 5161, 1, 0
37000, 4033, 1, 0
37252, 4844, 1, 0
37507, 4086, 1, 0
37750, 4327, 1, 0
38001, 4100, 1, 0
38250, 3813, 1, 0
38500, 4141, 1, 0
38842, 15527, 1, 0
39001, 4053, 1, 0
39252, 6588, 1, 0
39537, 6776, 1, 0
39829, 6607, 1, 0
40000, 3698, 1, 0
40259, 3741, 1, 0
40506, 4166, 1, 0
40753, 4249, 1, 0
41001, 4108, 1, 0
41251, 4148, 1, 0
41500, 3820, 1, 0
41817, 8768, 1, 0
42002, 3607, 1, 0
42251, 4071, 1, 0
42503, 3916, 1, 0
42771, 89305, 1, 0
43002, 4113, 1, 0
43251, 3995, 1, 0
43501, 3547, 1, 0
43751, 3827, 1, 0
44000, 4209, 1, 0
44250, 4022, 1, 0
44792, 9016, 1, 0
44797, 4664, 1, 0
45003, 7900, 1, 0
45254, 5680, 1, 0
45502, 3801, 1, 0
45751, 4070, 1, 0
46001, 5523, 1, 0
46251, 3772, 1, 0
46703, 8677, 1, 0
46751, 3667, 1, 0
47004, 4502, 1, 0
47280, 4911, 1, 0
47503, 3886, 1, 0
47750, 3784, 1, 0
48000, 3963, 1, 0
48252, 4171, 1, 0
48693, 10761, 1, 0
48825, 32966, 1, 0
49002, 4619, 1, 0
49252, 15602, 1, 0
49500, 4051, 1, 0
49898, 23415, 1, 0
50002, 3985, 1, 0
50253, 4159, 1, 0
50503, 3652, 1, 0
50752, 4440, 1, 0
51001, 3873, 1, 0
51251, 4363, 1, 0
51502, 3790, 1, 0
51750, 3684, 1, 0
52000, 4016, 1, 0
52251, 3846, 1, 0
52500, 3883, 1, 0
52789, 20624, 1, 0
53003, 7608, 1, 0
53251, 3856, 1, 0
53604, 14115, 1, 0
53753, 4620, 1, 0
54003, 3666, 1, 0
54251, 3853, 1, 0
54502, 3917, 1, 0
54752, 4675, 1, 0
55010, 7344, 1, 0
55251, 5592, 1, 0
55509, 4344, 1, 0
55751, 3827, 1, 0
56001, 4079, 1, 0
56252, 8645, 1, 0
56565, 6791, 1, 0
56753, 6688, 1, 0
57003, 3819, 1, 0
57252, 4069, 1, 0
57501, 5401, 1, 0
57750, 4137, 1, 0
58002, 3797, 1, 0
58251, 4423, 1, 0
58502, 5203, 1, 0
58759, 4411, 1, 0
59001, 3888, 1, 0
59259, 4217, 1, 0
59502, 4387, 1, 0
59761, 4445, 1, 0
60003, 4303, 1, 0
338, 334741, 1, 0
500, 10816, 1, 0
756, 15023, 1, 0
1143, 48350, 1, 0
1250, 11946, 1, 0
1509, 13613, 1, 0
1767, 12843, 1, 0
2000, 12261, 1, 0
2255, 14143, 1, 0
2505, 14689, 1, 0
2755, 13864, 1, 0
3006, 13197, 1, 0
3271, 20384, 1, 0
3518, 19003, 1, 0
3758, 23941, 1, 0
4019, 20098, 1, 0
4251, 21063, 1, 0
4518, 33262, 1, 0
4785, 24267, 1, 0
5082, 21216, 1, 0
5267, 15431, 1, 0
5589, 20111, 1, 0
5772, 15157, 1, 0
6008, 23602, 1, 0
6286, 17354, 1, 0
6513, 16231, 1, 0
6756, 16201, 1, 0
7009, 19380, 1, 0
7281, 67937, 1, 0
7500, 16846, 1, 0
7756, 21361, 1, 0
8001, 18772, 1, 0
8261, 23622, 1, 0
8514, 19457, 1, 0
8949, 39527, 1, 0
9041, 30485, 1, 0
9264, 24773, 1, 0
9504, 24027, 1, 0
10109, 40318, 1, 0
10116, 6927, 1, 0
10253, 22821, 1, 0
10517, 17534, 1, 0
10758, 15053, 1, 0
11000, 20155, 1, 0
11264, 20269, 1, 0
11505, 24075, 1, 0
11763, 43106, 1, 0
12022, 23457, 1, 0
12267, 81630, 1, 0
12514, 17658, 1, 0
12752, 19795, 1, 0
13010, 43016, 1, 0
13256, 22342, 1, 0
13517, 23675, 1, 0
13751, 29240, 1, 0
14015, 20254, 1, 0
14252, 39605, 1, 0
14528, 27507, 1, 0
14755, 28402, 1, 0
15168, 51626, 1, 0
15312, 143462, 1, 0
15508, 21772, 1, 0
15804, 49367, 1, 0
16004, 66670, 1, 0
16258, 21134, 1, 0
16505, 27434, 1, 0
16768, 21840, 1, 0
17038, 22518, 1, 0
17254, 19650, 1, 0
17529, 27475, 1, 0
17762, 17852, 1, 0
18065, 30313, 1, 0
18271, 51463, 1, 0
18511, 26698, 1, 0
18761, 35614, 1, 0
19009, 20666, 1, 0
19271, 21845, 1, 0
19525, 28166, 1, 0
19760, 58666, 1, 0
20066, 306533, 1, 0
20276, 19061, 1, 0
20534, 25703, 1, 0
20752, 18201, 1, 0
21001, 20742, 1, 0
21252, 20835, 1, 0
21520, 15737, 1, 0
21754, 29336, 1, 0
22206, 45113, 1, 0
22262, 18898, 1, 0
22517, 19565, 1, 0
22756, 18344, 1, 0
23002, 20493, 1, 0
23262, 17291, 1, 0
23511, 12463, 1, 0
23756, 18835, 1, 0
24012, 18248, 1, 0
24254, 20143, 1, 0
24512, 17195, 1, 0
24787, 17153, 1, 0
25031, 27063, 1, 0
25268, 23716, 1, 0
25504, 16836, 1, 0
25754, 17815, 1, 0
26002, 14592, 1, 0
26252, 17869, 1, 0
26500, 16507, 1, 0
26752, 20990, 1, 0
27011, 23474, 1, 0
27254, 15195, 1, 0
27515, 16284, 1, 0
27771, 21328, 1, 0
28136, 36522, 1, 0
28257, 15065, 1, 0
28510, 22960, 1, 0
28754, 24371, 1, 0
29003, 16588, 1, 0
29266, 16408, 1, 0
29504, 14876, 1, 0
29757, 21103, 1, 0
30004, 15420, 1, 0
30271, 20492, 1, 0
30512, 21886, 1, 0
30759, 17638, 1, 0
31023, 37650, 1, 0
31272, 27654, 1, 0
31537, 26467, 1, 0
31792, 42452, 1, 0
32002, 20984, 1, 0
32253, 22828, 1, 0
32503, 27729, 1, 0
32774, 38757, 1, 0
33006, 21017, 1, 0
33282, 19742, 1, 0
33769, 162371, 1, 0
34208, 438880, 1, 0
34215, 6418, 1, 0
34430, 214944, 1, 0
34507, 25859, 1, 0
34888, 25332, 1, 0
35024, 22742, 1, 0
35278, 31744, 1, 0
35537, 32316, 1, 0
35775, 26404, 1, 0
36402, 89544, 1, 0
36617, 214925, 1, 0
36798, 181716, 1, 0
36815, 16232, 1, 0
37139, 162193, 1, 0
37575, 145189, 1, 0
37676, 101539, 1, 0
37780, 34473, 1, 0
38009, 32711, 1, 0
38264, 36375, 1, 0
38510, 30726, 1, 0
38752, 48440, 1, 0
39006, 28168, 1, 0
39258, 22907, 1, 0
39501, 20210, 1, 0
39867, 33262, 1, 0
40007, 20004, 1, 0
40250, 20240, 1, 0
40508, 25813, 1, 0
40773, 37873, 1, 0
41006, 23208, 1, 0
41419, 58999, 1, 0
41510, 22624, 1, 0
41752, 18668, 1, 0
42028, 19629, 1, 0
42260, 19358, 1, 0
42509, 20727, 1, 0
42777, 19093, 1, 0
43019, 17288, 1, 0
43289, 38592, 1, 0
43510, 24465, 1, 0
43754, 34929, 1, 0
44002, 19071, 1, 0
44254, 20940, 1, 0
44526, 27164, 1, 0
44765, 19897, 1, 0
45026, 21722, 1, 0
45402, 62721, 1, 0
45566, 81986, 1, 0
45766, 18130, 1, 0
46024, 28669, 1, 0
46612, 147067, 1, 0
46629, 16279, 1, 0
46753, 20654, 1, 0
47021, 29844, 1, 0
47333, 51957, 1, 0
47502, 24034, 1, 0
47763, 21770, 1, 0
48021, 21451, 1, 0
48250, 57317, 1, 0
48522, 90699, 1, 0
48769, 30784, 1, 0
49015, 24619, 1, 0
49260, 22214, 1, 0
49587, 32764, 1, 0
49769, 20163, 1, 0
50017, 24750, 1, 0
50265, 35424, 1, 0
50507, 26912, 1, 0
50759, 27971, 1, 0
51006, 22448, 1, 0
51288, 140977, 1, 0
51521, 38749, 1, 0
51765, 17446, 1, 0
52001, 15690, 1, 0
52253, 15736, 1, 0
52503, 14666, 1, 0
52755, 14019, 1, 0
53079, 17943, 1, 0
53335, 21307, 1, 0
53508, 86728, 1, 0
53750, 11489, 1, 0
54003, 13309, 1, 0
54261, 14330, 1, 0
54510, 13802, 1, 0
54770, 14401, 1, 0
55043, 19506, 1, 0
55262, 12143, 1, 0
55545, 28319, 1, 0
55753, 12953, 1, 0
56015, 16356, 1, 0
56279, 14635, 1, 0
56502, 18605, 1, 0
56761, 13613, 1, 0
57004, 15165, 1, 0
57268, 20315, 1, 0
57506, 13195, 1, 0
57777, 15010, 1, 0
58010, 29171, 1, 0
58284, 27320, 1, 0
58502, 36429, 1, 0
58765, 16401, 1, 0
59006, 14136, 1, 0
59250, 14371, 1, 0
59504, 12655, 1, 0
59755, 12542, 1, 0
60004, 11822, 1, 0
337, 333319, 1, 0
502, 10988, 1, 0
756, 14927, 1, 0
1143, 48428, 1, 0
1250, 11902, 1, 0
1508, 13562, 1, 0
1750, 12668, 1, 0
2001, 12553, 1, 0
2252, 13944, 1, 0
2505, 14829, 1, 0
2754, 13839, 1, 0
3005, 13922, 1, 0
3270, 20333, 1, 0
3517, 19048, 1, 0
3760, 24250, 1, 0
4019, 19928, 1, 0
4253, 21171, 1, 0
4518, 33134, 1, 0
4782, 23978, 1, 0
5081, 22992, 1, 0
5268, 15558, 1, 0
5588, 19991, 1, 0
5751, 13579, 1, 0
6006, 25476, 1, 0
6284, 17339, 1, 0
6513, 16366, 1, 0
6754, 14161, 1, 0
7009, 19551, 1, 0
7286, 69222, 1, 0
7504, 15552, 1, 0
7755, 20926, 1, 0
8001, 16374, 1, 0
8261, 21630, 1, 0
8509, 17709, 1, 0
8952, 36948, 1, 0
9039, 28735, 1, 0
9253, 19483, 1, 0
9507, 21147, 1, 0
10108, 40042, 1, 0
10116, 7520, 1, 0
10284, 23995, 1, 0
10514, 16429, 1, 0
10758, 15200, 1, 0
11004, 18904, 1, 0
11253, 20792, 1, 0
11508, 23084, 1, 0
11765, 36748, 1, 0
12022, 21389, 1, 0
12265, 80949, 1, 0
12509, 17424, 1, 0
12753, 20285, 1, 0
13010, 42864, 1, 0
13258, 19039, 1, 0
13515, 28591, 1, 0
13750, 23470, 1, 0
14013, 20161, 1, 0
14268, 36449, 1, 0
14528, 23615, 1, 0
14752, 22406, 1, 0
15167, 51892, 1, 0
15311, 144053, 1, 0
15509, 19704, 1, 0
15799, 48369, 1, 0
16006, 41285, 1, 0
16258, 21013, 1, 0
16502, 27066, 1, 0
16767, 18902, 1, 0
17001, 23397, 1, 0
17253, 19374, 1, 0
17528, 25022, 1, 0
17762, 16653, 1, 0
18063, 30107, 1, 0
18268, 51266, 1, 0
18521, 31510, 1, 0
18762, 34486, 1, 0
19008, 27277, 1, 0
19273, 24037, 1, 0
19525, 28053, 1, 0
19762, 59234, 1, 0
20066, 304254, 1, 0
20274, 23014, 1, 0
20527, 21067, 1, 0
20780, 18034, 1, 0
21033, 21124, 1, 0
21254, 20005, 1, 0
21520, 16609, 1, 0
21751, 25716, 1, 0
22204, 41110, 1, 0
22261, 19236, 1, 0
22503, 16109, 1, 0
22755, 17953, 1, 0
23007, 19374, 1, 0
23256, 15571, 1, 0
23518, 13084, 1, 0
23757, 10813, 1, 0
24015, 11734, 1, 0
24250, 10637, 1, 0
24511, 10879, 1, 0
24767, 10625, 1, 0
25028, 17422, 1, 0
25252, 12381, 1, 0
25514, 12464, 1, 0
25769, 14154, 1, 0
26002, 11632, 1, 0
26265, 11963, 1, 0
26522, 12800, 1, 0
26752, 12773, 1, 0
27009, 14263, 1, 0
27253, 13533, 1, 0
27587, 18529, 1, 0
27870, 70672, 1, 0
28028, 79215, 1, 0
28256, 22763, 1, 0
28510, 15884, 1, 0
28753, 12731, 1, 0
29000, 14541, 1, 0
29266, 19004, 1, 0
29505, 14914, 1, 0
29757, 13968, 1, 0
30002, 15286, 1, 0
30257, 16955, 1, 0
30513, 17051, 1, 0
30759, 12277, 1, 0
31024, 33120, 1, 0
31267, 18698, 1, 0
31533, 17709, 1, 0
31787, 42357, 1, 0
32001, 15227, 1, 0
32251, 16691, 1, 0
32503, 27922, 1, 0
32773, 33794, 1, 0
33011, 23773, 1, 0
33259, 20603, 1, 0
33768, 127184, 1, 0
33784, 16452, 1, 0
34212, 427633, 1, 0
34429, 108681, 1, 0
34569, 70080, 1, 0
34887, 79493, 1, 0
35040, 25383, 1, 0
35277, 29651, 1, 0
35537, 32435, 1, 0
35769, 23178, 1, 0
36010, 17213, 1, 0
36402, 391585, 1, 0
36622, 220169, 1, 0
36756, 16699, 1, 0
37136, 54293, 1, 0
37250, 14222, 1, 0
37576, 163106, 1, 0
37775, 39839, 1, 0
38009, 23353, 1, 0
38262, 14047, 1, 0
38510, 20617, 1, 0
38756, 22328, 1, 0
39001, 22255, 1, 0
39532, 88468, 1, 0
39540, 8281, 1, 0
39874, 111310, 1, 0
40005, 18732, 1, 0
40258, 15779, 1, 0
40513, 23200, 1, 0
40770, 28463, 1, 0
41006, 18139, 1, 0
41431, 42476, 1, 0
41528, 24271, 1, 0
41757, 20820, 1, 0
42012, 31885, 1, 0
42260, 22484, 1, 0
42502, 24160, 1, 0
42763, 29041, 1, 0
43002, 23878, 1, 0
43284, 56323, 1, 0
43585, 75322, 1, 0
43784, 33059, 1, 0
44036, 25241, 1, 0
44254, 21736, 1, 0
44504, 27716, 1, 0
44762, 28666, 1, 0
45022, 18541, 1, 0
45397, 62628, 1, 0
45562, 27386, 1, 0
45781, 27377, 1, 0
46000, 24295, 1, 0
46612, 122488, 1, 0
46628, 15991, 1, 0
46770, 20188, 1, 0
47007, 26308, 1, 0
47319, 52024, 1, 0
47502, 22882, 1, 0
47763, 21720, 1, 0
48039, 21204, 1, 0
48251, 42324, 1, 0
48522, 67790, 1, 0
48751, 25386, 1, 0
49016, 24066, 1, 0
49285, 24439, 1, 0
49588, 30311, 1, 0
49762, 19278, 1, 0
50018, 23248, 1, 0
50250, 38789, 1, 0
50501, 27805, 1, 0
50759, 28696, 1, 0
51006, 24646, 1, 0
51310, 151774, 1, 0
51514, 68238, 1, 0
51765, 22785, 1, 0
52025, 21609, 1, 0
52267, 20149, 1, 0
52519, 25189, 1, 0
52757, 18333, 1, 0
53079, 29258, 1, 0
53413, 83425, 1, 0
53505, 92137, 1, 0
53764, 21563, 1, 0
54003, 26483, 1, 0
54258, 19640, 1, 0
54510, 14753, 1, 0
54751, 16113, 1, 0
55043, 32318, 1, 0
55262, 15693, 1, 0
55542, 55985, 1, 0
55753, 23406, 1, 0
56014, 21674, 1, 0
56250, 23590, 1, 0
56502, 21004, 1, 0
56760, 21512, 1, 0
57040, 23274, 1, 0
57264, 22430, 1, 0
57531, 22188, 1, 0
57777, 24589, 1, 0
58010, 38810, 1, 0
58395, 64169, 1, 0
58526, 32656, 1, 0
58760, 23423, 1, 0
59005, 24466, 1, 0
59256, 17889, 1, 0
59519, 21884, 1, 0
59755, 16835, 1, 0
60013, 25794, 1, 0
338, 335743, 1, 0
500, 10777, 1, 0
782, 21705, 1, 0
1144, 90373, 1, 0
1270, 63365, 1, 0
1510, 29884, 1, 0
1766, 25577, 1, 0
2020, 21211, 1, 0
2274, 31661, 1, 0
2563, 20634, 1, 0
2834, 45146, 1, 0
3005, 42767, 1, 0
3267, 10074, 1, 0
3504, 11272, 1, 0
3756, 16761, 1, 0
4002, 10655, 1, 0
4279, 12037, 1, 0
4503, 20311, 1, 0
4763, 12370, 1, 0
5044, 20057, 1, 0
5268, 12425, 1, 0
5508, 13330, 1, 0
5750, 10956, 1, 0
6004, 18146, 1, 0
6258, 15876, 1, 0
6514, 14207, 1, 0
6757, 14246, 1, 0
7054, 42502, 1, 0
7285, 17700, 1, 0
7526, 34378, 1, 0
7754, 12677, 1, 0
8003, 27599, 1, 0
8250, 13690, 1, 0
8527, 16292, 1, 0
8953, 28394, 1, 0
9041, 29171, 1, 0
9266, 16108, 1, 0
9507, 17187, 1, 0
10251, 123955, 1, 0
10287, 36135, 1, 0
10313, 25819, 1, 0
10581, 33513, 1, 0
10794, 53039, 1, 0
11000, 25750, 1, 0
11272, 19410, 1, 0
11507, 19616, 1, 0
11784, 19705, 1, 0
12002, 16747, 1, 0
12265, 37589, 1, 0
12500, 16733, 1, 0
12772, 17031, 1, 0
13010, 39640, 1, 0
13256, 20419, 1, 0
13517, 14501, 1, 0
13784, 26669, 1, 0
14009, 16060, 1, 0
14263, 42230, 1, 0
14508, 18887, 1, 0
14768, 15230, 1, 0
15161, 39368, 1, 0
15311, 74965, 1, 0
15505, 16086, 1, 0
15796, 29114, 1, 0
16006, 35044, 1, 0
16265, 16161, 1, 0
16500, 19537, 1, 0
16766, 16622, 1, 0
17000, 16669, 1, 0
17285, 20340, 1, 0
17505, 19971, 1, 0
17761, 17027, 1, 0
18064, 25265, 1, 0
18267, 50762, 1, 0
18519, 17971, 1, 0
18762, 20224, 1, 0
19045, 20215, 1, 0
19250, 22702, 1, 0
19500, 20810, 1, 0
19762, 37431, 1, 0
20062, 37422, 1, 0
20250, 15657, 1, 0
20510, 17343, 1, 0
20775, 20312, 1, 0
21031, 21301, 1, 0
21251, 14660, 1, 0
21519, 14103, 1, 0
21757, 18267, 1, 0
22206, 26409, 1, 0
22259, 13165, 1, 0
22500, 11449, 1, 0
22750, 11367, 1, 0
23006, 13453, 1, 0
23256, 12498, 1, 0
23520, 13161, 1, 0
23757, 19747, 1, 0
24001, 16256, 1, 0
24250, 20715, 1, 0
24511, 16283, 1, 0
24784, 16052, 1, 0
25030, 27365, 1, 0
25267, 21501, 1, 0
25512, 16289, 1, 0
25753, 17208, 1, 0
26002, 14643, 1, 0
26252, 16673, 1, 0
26522, 15818, 1, 0
26752, 19191, 1, 0
27013, 21695, 1, 0
27250, 14832, 1, 0
27515, 16507, 1, 0
27768, 22981, 1, 0
28136, 33478, 1, 0
28257, 13402, 1, 0
28509, 22926, 1, 0
28753, 22099, 1, 0
29002, 16601, 1, 0
29268, 16589, 1, 0
29504, 15722, 1, 0
29757, 19481, 1, 0
30004, 15411, 1, 0
30250, 18879, 1, 0
30513, 20235, 1, 0
30759, 16368, 1, 0
31024, 37841, 1, 0
31251, 28306, 1, 0
31536, 28565, 1, 0
31791, 42350, 1, 0
32002, 19242, 1, 0
32295, 26587, 1, 0
32501, 29360, 1, 0
32773, 54487, 1, 0
33011, 19788, 1, 0
33281, 19233, 1, 0
33764, 120728, 1, 0
33773, 9362, 1, 0
34211, 438355, 1, 0
34431, 109834, 1, 0
34509, 25940, 1, 0
34893, 25614, 1, 0
35002, 27119, 1, 0
35281, 34807, 1, 0
35537, 32026, 1, 0
35779, 30193, 1, 0
36077, 42653, 1, 0
36600, 522896, 1, 0
36616, 16091, 1, 0
36815, 198115, 1, 0
37142, 163931, 1, 0
37576, 216739, 1, 0
37676, 100350, 1, 0
37780, 34514, 1, 0
38009, 38133, 1, 0
38261, 35969, 1, 0
38510, 31103, 1, 0
38751, 48196, 1, 0
39006, 25471, 1, 0
39275, 22409, 1, 0
39501, 18859, 1, 0
39866, 36481, 1, 0
40008, 20242, 1, 0
40262, 19478, 1, 0
40514, 25167, 1, 0
40775, 32605, 1, 0
41006, 25692, 1, 0
41459, 64649, 1, 0
41508, 16486, 1, 0
41758, 17851, 1, 0
42027, 20683, 1, 0
42260, 19358, 1, 0
42508, 20641, 1, 0
42781, 19502, 1, 0
43020, 18340, 1, 0
43289, 38482, 1, 0
43510, 22013, 1, 0
43757, 35309, 1, 0
44007, 19230, 1, 0
44254, 20560, 1, 0
44518, 29322, 1, 0
44765, 18946, 1, 0
45028, 21892, 1, 0
45403, 62556, 1, 0
45566, 81483, 1, 0
45755, 17162, 1, 0
46024, 26904, 1, 0
46613, 147058, 1, 0
46629, 16735, 1, 0
46755, 20864, 1, 0
47022, 29630, 1, 0
47334, 52036, 1, 0
47503, 24081, 1, 0
47764, 21730, 1, 0
48038, 22866, 1, 0
48251, 53261, 1, 0
48523, 90651, 1, 0
48751, 32463, 1, 0
49015, 26398, 1, 0
49282, 22280, 1, 0
49588, 30541, 1, 0
49751, 20291, 1, 0
50017, 24225, 1, 0
50251, 38875, 1, 0
50508, 25694, 1, 0
50760, 31530, 1, 0
51007, 24661, 1, 0
51288, 281422, 1, 0
51515, 56715, 1, 0
51765, 24951, 1, 0
52026, 21694, 1, 0
52264, 18344, 1, 0
52503, 23818, 1, 0
52758, 17005, 1, 0
53080, 24734, 1, 0
53337, 51482, 1, 0
53506, 84110, 1, 0
53766, 18563, 1, 0
54003, 23704, 1, 0
54261, 18452, 1, 0
54513, 15694, 1, 0
54752, 14054, 1, 0
55044, 29134, 1, 0
55260, 16637, 1, 0
55545, 47519, 1, 0
55751, 22857, 1, 0
56015, 21934, 1, 0
56252, 23743, 1, 0
56503, 20884, 1, 0
56765, 23774, 1, 0
57037, 24673, 1, 0
57269, 21151, 1, 0
57507, 19748, 1, 0
57777, 24520, 1, 0
58010, 38938, 1, 0
58395, 76975, 1, 0
58526, 32627, 1, 0
58761, 21301, 1, 0
59009, 22604, 1, 0
59261, 17971, 1, 0
59535, 19514, 1, 0
59753, 18180, 1, 0
60018, 22043, 1, 0
338, 335290, 1, 0
500, 10782, 1, 0
782, 21703, 1, 0
1144, 90442, 1, 0
1270, 63222, 1, 0
1510, 29882, 1, 0
1763, 28096, 1, 0
2023, 20010, 1, 0
2274, 12512, 1, 0
2504, 12764, 1, 0
2754, 13898, 1, 0
3003, 12438, 1, 0
3267, 10131, 1, 0
3503, 13874, 1, 0
3758, 14937, 1, 0
4003, 12878, 1, 0
4254, 10919, 1, 0
4504, 22666, 1, 0
4763, 13645, 1, 0
5006, 12106, 1, 0
5268, 13072, 1, 0
5565, 21221, 1, 0
5751, 11604, 1, 0
6004, 18061, 1, 0
6258, 15870, 1, 0
6516, 14316, 1, 0
6825, 21998, 1, 0
7056, 38527, 1, 0
7285, 17590, 1, 0
7503, 14566, 1, 0
7783, 15520, 1, 0
8019, 16829, 1, 0
8264, 12226, 1, 0
8513, 15550, 1, 0
8952, 25827, 1, 0
9041, 29413, 1, 0
9252, 16204, 1, 0
9506, 16955, 1, 0
10113, 101107, 1, 0
10120, 7317, 1, 0
10252, 21853, 1, 0
10517, 17648, 1, 0
10758, 15059, 1, 0
11002, 16257, 1, 0
11254, 15708, 1, 0
11507, 19490, 1, 0
11784, 19720, 1, 0
12001, 16664, 1, 0
12269, 53639, 1, 0
12500, 17724, 1, 0
12772, 24778, 1, 0
13015, 40335, 1, 0
13256, 17232, 1, 0
13517, 16269, 1, 0
13780, 18806, 1, 0
14013, 14485, 1, 0
14263, 41715, 1, 0
14508, 20422, 1, 0
14772, 14632, 1, 0
15166, 32851, 1, 0
15308, 70756, 1, 0
15505, 16379, 1, 0
15803, 29762, 1, 0
16010, 51867, 1, 0
16269, 16135, 1, 0
16500, 19264, 1, 0
16766, 16620, 1, 0
17038, 22593, 1, 0
17290, 25258, 1, 0
17508, 24119, 1, 0
17828, 45757, 1, 0
18119, 72729, 1, 0
18268, 74216, 1, 0
18519, 20955, 1, 0
18753, 19472, 1, 0
19003, 17777, 1, 0
19270, 22306, 1, 0
19503, 21131, 1, 0
19839, 48020, 1, 0
20067, 113589, 1, 0
20268, 20126, 1, 0
20531, 18745, 1, 0
20775, 30442, 1, 0
21030, 18201, 1, 0
21265, 19615, 1, 0
21514, 17757, 1, 0
21750, 19616, 1, 0
22206, 28489, 1, 0
22259, 13220, 1, 0
22500, 12663, 1, 0
22751, 13938, 1, 0
23007, 13476, 1, 0
23256, 15501, 1, 0
23511, 14176, 1, 0
23756, 10186, 1, 0
24002, 12937, 1, 0
24254, 11424, 1, 0
24512, 13570, 1, 0
24787, 12473, 1, 0
25031, 18726, 1, 0
25253, 13897, 1, 0
25513, 13684, 1, 0
25753, 15956, 1, 0
26001, 13037, 1, 0
26286, 12934, 1, 0
26510, 22413, 1, 0
26751, 15049, 1, 0
27009, 16100, 1, 0
27254, 15284, 1, 0
27515, 14462, 1, 0
27755, 14138, 1, 0
28136, 29269, 1, 0
28257, 15120, 1, 0
28512, 14162, 1, 0
28752, 21720, 1, 0
29003, 16726, 1, 0
29266, 18775, 1, 0
29504, 16987, 1, 0
29757, 14048, 1, 0
30004, 15427, 1, 0
30259, 19608, 1, 0
30517, 17150, 1, 0
30759, 34570, 1, 0
31010, 31384, 1, 0
31250, 21819, 1, 0
31533, 17649, 1, 0
31792, 64596, 1, 0
32001, 14943, 1, 0
32251, 19234, 1, 0
32562, 28224, 1, 0
32774, 35239, 1, 0
33008, 19551, 1, 0
33282, 17085, 1, 0
33768, 121450, 1, 0
34007, 238903, 1, 0
34212, 204697, 1, 0
34427, 53862, 1, 0
34521, 15538, 1, 0
34888, 26212, 1, 0
35001, 18903, 1, 0
35276, 21077, 1, 0
35541, 37936, 1, 0
35769, 18934, 1, 0
36403, 45274, 1, 0
36617, 214060, 1, 0
36674, 56990, 1, 0
36753, 13200, 1, 0
37137, 54773, 1, 0
37315, 29611, 1, 0
37575, 260167, 1, 0
37756, 36298, 1, 0
38009, 22973, 1, 0
38258, 41351, 1, 0
38502, 17471, 1, 0
38838, 55951, 1, 0
39006, 16751, 1, 0
39277, 16902, 1, 0
39519, 17313, 1, 0
39861, 28440, 1, 0
40005, 15992, 1, 0
40262, 17136, 1, 0
40514, 20929, 1, 0
40756, 26858, 1, 0
41005, 19201, 1, 0
41431, 42547, 1, 0
41502, 14142, 1, 0
41757, 23192, 1, 0
42027, 33756, 1, 0
42260, 19385, 1, 0
42502, 21923, 1, 0
42757, 28340, 1, 0
43002, 20421, 1, 0
43292, 36200, 1, 0
43586, 73383, 1, 0
43784, 33015, 1, 0
44036, 25241, 1, 0
44254, 19783, 1, 0
44504, 24976, 1, 0
44764, 23597, 1, 0
45020, 18248, 1, 0
45397, 62956, 1, 0
45567, 28261, 1, 0
45768, 20015, 1, 0
46012, 12845, 1, 0
46387, 37510, 1, 0
46611, 28010, 1, 0
46756, 11086, 1, 0
47020, 14654, 1, 0
47253, 9283, 1, 0
47503, 10879, 1, 0
47765, 11868, 1, 0
48001, 12405, 1, 0
48252, 20944, 1, 0
48520, 12700, 1, 0
48754, 11727, 1, 0
49015, 14431, 1, 0
49264, 20777, 1, 0
49585, 15263, 1, 0
49752, 11929, 1, 0
50002, 12441, 1, 0
50256, 18138, 1, 0
50506, 13138, 1, 0
50756, 10418, 1, 0
51007, 12496, 1, 0
51290, 141750, 1, 0
51516, 37583, 1, 0
51765, 15570, 1, 0
52004, 15890, 1, 0
52253, 12444, 1, 0
52505, 14802, 1, 0
52758, 14048, 1, 0
53078, 17762, 1, 0
53337, 21569, 1, 0
53506, 84213, 1, 0
53750, 11623, 1, 0
54003, 13280, 1, 0
54262, 16153, 1, 0
54515, 14082, 1, 0
54756, 16001, 1, 0
55044, 20557, 1, 0
55263, 12871, 1, 0
55546, 28248, 1, 0
55767, 13853, 1, 0
56015, 17661, 1, 0
56251, 14742, 1, 0
56503, 18000, 1, 0
56761, 19787, 1, 0
57001, 18446, 1, 0
57265, 20259, 1, 0
57507, 16147, 1, 0
57758, 14747, 1, 0
58010, 27995, 1, 0
58392, 38184, 1, 0
58543, 37659, 1, 0
58761, 16722, 1, 0
59006, 16312, 1, 0
59250, 17447, 1, 0
59535, 15800, 1, 0
59756, 15756, 1, 0
60116, 19995, 1, 0
