250, 18128, 0, 0
250, 18665, 1, 0
500, 18064, 0, 0
500, 18974, 1, 0
750, 16154, 0, 0
750, 17085, 1, 0
1000, 32257, 0, 0
1000, 34552, 1, 0
1250, 18242, 0, 0
1250, 19262, 1, 0
1500, 14519, 0, 0
1500, 17741, 1, 0
1750, 20170, 0, 0
1750, 23620, 1, 0
2001, 37413, 0, 0
2001, 40598, 1, 0
2251, 21420, 0, 0
2251, 21915, 1, 0
2500, 17977, 0, 0
2500, 18579, 1, 0
2824, 10298, 0, 0
2824, 19796, 1, 0
3000, 24222, 0, 0
3000, 27148, 1, 0
3250, 13039, 0, 0
3250, 13775, 1, 0
3500, 13730, 0, 0
3500, 14458, 1, 0
3775, 81439, 0, 0
3775, 63660, 1, 0
4001, 13340, 0, 0
4001, 19574, 1, 0
4250, 16247, 0, 0
4250, 17130, 1, 0
4562, 16631, 0, 0
4562, 17908, 1, 0
4750, 53972, 0, 0
4750, 63807, 1, 0
5000, 10807, 0, 0
5000, 16132, 1, 0
5253, 9717, 0, 0
5253, 13745, 1, 0
5521, 14274, 0, 0
5521, 15449, 1, 0
5750, 70960, 0, 0
5750, 65762, 1, 0
6001, 17280, 0, 0
6001, 17726, 1, 0
6250, 6248, 0, 0
6250, 13282, 1, 0
6511, 15218, 0, 0
6511, 15872, 1, 0
6830, 29057, 0, 0
6830, 37094, 1, 0
7000, 29407, 0, 0
7000, 39620, 1, 0
7250, 8240, 0, 0
7250, 13582, 1, 0
7501, 13037, 0, 0
7501, 16125, 1, 0
7750, 29773, 0, 0
7750, 28316, 1, 0
8000, 17840, 0, 0
8000, 18194, 1, 0
8250, 10132, 0, 0
8250, 15728, 1, 0
8500, 11629, 0, 0
8500, 15494, 1, 0
8888, 44466, 0, 0
8888, 56405, 1, 0
9000, 42833, 0, 0
9000, 35471, 1, 0
9250, 16499, 0, 0
9250, 17237, 1, 0
9500, 11925, 0, 0
9500, 18620, 1, 0
9792, 7541, 0, 0
9792, 12890, 1, 0
10001, 28780, 0, 0
10001, 29392, 1, 0
10250, 19967, 0, 0
10250, 21277, 1, 0
10500, 19212, 0, 0
10500, 20420, 1, 0
10750, 5731, 0, 0
10750, 42973, 1, 0
11000, 7122, 0, 0
11000, 12020, 1, 0
11250, 16774, 0, 0
11250, 17759, 1, 0
11502, 18509, 0, 0
11502, 20145, 1, 0
11750, 8568, 0, 0
11750, 19932, 1, 0
12000, 10508, 0, 0
12000, 13029, 1, 0
12250, 16553, 0, 0
12250, 17529, 1, 0
12603, 20230, 0, 0
12603, 21469, 1, 0
12750, 10385, 0, 0
12750, 23446, 1, 0
13001, 10492, 0, 0
13001, 14499, 1, 0
13250, 16796, 0, 0
13250, 17676, 1, 0
13635, 17288, 0, 0
13635, 19351, 1, 0
13750, 42595, 0, 0
13750, 41838, 1, 0
14001, 4343, 0, 0
14001, 14350, 1, 0
14250, 18704, 0, 0
14250, 20131, 1, 0
14523, 24743, 0, 0
14523, 24749, 1, 0
14750, 51490, 0, 0
14750, 54842, 1, 0
15000, 16850, 0, 0
15000, 19924, 1, 0
15250, 7022, 0, 0
15250, 12528, 1, 0
15502, 28177, 0, 0
15502, 29332, 1, 0
15752, 60575, 0, 0
15752, 58989, 1, 0
16000, 16056, 0, 0
16000, 16544, 1, 0
16251, 5461, 0, 0
16251, 13509, 1, 0
16535, 17589, 0, 0
16535, 19176, 1, 0
16750, 173690, 0, 0
16750, 144842, 1, 0
17001, 17468, 0, 0
17001, 18246, 1, 0
17250, 16582, 0, 0
17250, 17406, 1, 0
17551, 4062, 0, 0
17551, 15906, 1, 0
17750, 53238, 0, 0
17750, 47623, 1, 0
18000, 19977, 0, 0
18000, 20309, 1, 0
18250, 16369, 0, 0
18250, 17461, 1, 0
18549, 18204, 0, 0
18549, 19844, 1, 0
18750, 15928, 0, 0
18750, 22299, 1, 0
19000, 13240, 0, 0
19000, 16399, 1, 0
19250, 17147, 0, 0
19250, 18117, 1, 0
19506, 22955, 0, 0
19506, 27096, 1, 0
19750, 33453, 0, 0
19750, 33298, 1, 0
20000, 8885, 0, 0
20000, 12590, 1, 0
20286, 17460, 0, 0
20286, 19657, 1, 0
20502, 46905, 0, 0
20502, 47213, 1, 0
20763, 35105, 0, 0
20763, 32314, 1, 0
21002, 30909, 0, 0
21002, 34077, 1, 0
21259, 25017, 0, 0
21259, 30953, 1, 0
21500, 2131, 0, 0
21500, 35557, 1, 0
21750, 11066, 0, 0
21750, 19430, 1, 0
22000, 16514, 0, 0
22000, 17675, 1, 0
22250, 18653, 0, 0
22250, 20082, 1, 0
22500, 11607, 0, 0
22500, 28864, 1, 0
22750, 7097, 0, 0
22750, 12175, 1, 0
23001, 17286, 0, 0
23001, 17919, 1, 0
23250, 18785, 0, 0
23250, 19837, 1, 0
23500, 2536, 0, 0
23500, 33008, 1, 0
23750, 8083, 0, 0
23750, 14921, 1, 0
24007, 16653, 0, 0
24007, 17582, 1, 0
24251, 21507, 0, 0
24251, 21409, 1, 0
24500, 10547, 0, 0
24500, 36193, 1, 0
24750, 8253, 0, 0
24750, 10910, 1, 0
25000, 15761, 0, 0
25000, 16468, 1, 0
25250, 25681, 0, 0
25250, 25060, 1, 0
25501, 44531, 0, 0
25501, 47268, 1, 0
25750, 2707, 0, 0
25750, 19928, 1, 0
26000, 13674, 0, 0
26000, 17954, 1, 0
26250, 21219, 0, 0
26250, 21895, 1, 0
26500, 48496, 0, 0
26500, 54030, 1, 0
26750, 17109, 0, 0
26750, 21752, 1, 0
27000, 1367, 0, 0
27000, 35159, 1, 0
27371, 10967, 0, 0
27371, 20143, 1, 0
27501, 45343, 0, 0
27501, 40899, 1, 0
27750, 16975, 0, 0
27750, 17791, 1, 0
28000, 17888, 0, 0
28000, 18665, 1, 0
28250, 8669, 0, 0
28250, 11532, 1, 0
28571, 31071, 0, 0
28571, 33204, 1, 0
28750, 21120, 0, 0
28750, 21394, 1, 0
29000, 15608, 0, 0
29000, 16246, 1, 0
29251, 3887, 0, 0
29251, 14426, 1, 0
29531, 25583, 0, 0
29531, 25245, 1, 0
29750, 37741, 0, 0
29750, 35346, 1, 0
30000, 14945, 0, 0
30000, 15655, 1, 0
30266, 13183, 0, 0
30266, 17071, 1, 0
30500, 14573, 0, 0
30500, 17506, 1, 0
30750, 21377, 0, 0
30750, 22235, 1, 0
31000, 17161, 0, 0
31000, 17778, 1, 0
31250, 18297, 0, 0
31250, 19092, 1, 0
31500, 37390, 0, 0
31500, 48732, 1, 0
31750, 5780, 0, 0
31750, 13285, 1, 0
32000, 18403, 0, 0
32000, 19624, 1, 0
32276, 19142, 0, 0
32276, 19753, 1, 0
32500, 27000, 0, 0
32500, 31604, 1, 0
32750, 5869, 0, 0
32750, 13286, 1, 0
33001, 18190, 0, 0
33001, 18795, 1, 0
33316, 23922, 0, 0
33316, 27651, 1, 0
33501, 55760, 0, 0
33501, 46677, 1, 0
33751, 14199, 0, 0
33751, 16255, 1, 0
34001, 7212, 0, 0
34001, 13061, 1, 0
34291, 23130, 0, 0
34291, 24807, 1, 0
34570, 26715, 0, 0
34570, 28986, 1, 0
34750, 42836, 0, 0
34750, 45523, 1, 0
35011, 17004, 0, 0
35011, 18076, 1, 0
35250, 21285, 0, 0
35250, 45613, 1, 0
35500, 12033, 0, 0
35500, 16352, 1, 0
35752, 17181, 0, 0
35752, 18132, 1, 0
36000, 20702, 0, 0
36000, 20833, 1, 0
36250, 96290, 0, 0
36250, 94241, 1, 0
36500, 13334, 0, 0
36500, 17216, 1, 0
36750, 8300, 0, 0
36750, 11282, 1, 0
37000, 18615, 0, 0
37000, 20963, 1, 0
37250, 76623, 0, 0
37250, 96170, 1, 0
37500, 16615, 0, 0
37500, 18027, 1, 0
37750, 4170, 0, 0
37750, 13137, 1, 0
38000, 21749, 0, 0
38000, 22076, 1, 0
38406, 17321, 0, 0
38406, 20376, 1, 0
38500, 53139, 0, 0
38500, 67279, 1, 0
38750, 9843, 0, 0
38750, 15870, 1, 0
39000, 7421, 0, 0
39000, 13631, 1, 0
39250, 51809, 0, 0
39250, 62901, 1, 0
39500, 17200, 0, 0
39500, 18169, 1, 0
39752, 19538, 0, 0
39752, 20528, 1, 0
40000, 4822, 0, 0
40000, 14792, 1, 0
40288, 24407, 0, 0
40288, 28766, 1, 0
40502, 21988, 0, 0
40502, 23566, 1, 0
40750, 15396, 0, 0
40750, 15955, 1, 0
41000, 12593, 0, 0
41000, 17895, 1, 0
41250, 17188, 0, 0
41250, 27819, 1, 0
41500, 24544, 0, 0
41500, 24877, 1, 0
41751, 24344, 0, 0
41751, 23856, 1, 0
42000, 26560, 0, 0
42000, 24855, 1, 0
42250, 28124, 0, 0
42250, 33151, 1, 0
42500, 4206, 0, 0
42500, 14715, 1, 0
42750, 16503, 0, 0
42750, 17283, 1, 0
43000, 19224, 0, 0
43000, 19861, 1, 0
43263, 33889, 0, 0
43263, 33981, 1, 0
43500, 7440, 0, 0
43500, 18855, 1, 0
43750, 13819, 0, 0
43750, 16667, 1, 0
44038, 18164, 0, 0
44038, 19312, 1, 0
44250, 41243, 0, 0
44250, 42259, 1, 0
44500, 7039, 0, 0
44500, 13453, 1, 0
44750, 11014, 0, 0
44750, 16130, 1, 0
45000, 32905, 0, 0
45000, 35004, 1, 0
45251, 29362, 0, 0
45251, 46473, 1, 0
45500, 28447, 0, 0
45500, 29696, 1, 0
45751, 3741, 0, 0
45751, 13418, 1, 0
46148, 24829, 0, 0
46148, 25480, 1, 0
46250, 68606, 0, 0
46250, 68236, 1, 0
46502, 20513, 0, 0
46502, 21395, 1, 0
46750, 17340, 0, 0
46750, 19640, 1, 0
47021, 863, 0, 0
47021, 18309, 1, 0
47251, 1361, 0, 0
47251, 44617, 1, 0
47500, 15069, 0, 0
47500, 15892, 1, 0
47750, 14873, 0, 0
47750, 14958, 1, 0
48000, 5473, 0, 0
48000, 17249, 1, 0
48251, 5593, 0, 0
48251, 37700, 1, 0
48501, 19356, 0, 0
48501, 20814, 1, 0
48788, 24169, 0, 0
48788, 26219, 1, 0
49000, 33466, 0, 0
49000, 30345, 1, 0
49261, 9986, 0, 0
49261, 18109, 1, 0
49502, 14137, 0, 0
49502, 18755, 1, 0
49766, 28140, 0, 0
49766, 31136, 1, 0
50000, 31927, 0, 0
50000, 36255, 1, 0
50250, 73608, 0, 0
50250, 94766, 1, 0
50500, 13325, 0, 0
50500, 16230, 1, 0
50750, 4327, 0, 0
50750, 13308, 1, 0
51027, 31559, 0, 0
51027, 34438, 1, 0
51250, 24439, 0, 0
51250, 28672, 1, 0
51502, 23609, 0, 0
51502, 27407, 1, 0
51820, 26630, 0, 0
51820, 28838, 1, 0
52056, 16582, 0, 0
52056, 43693, 1, 0
52250, 8069, 0, 0
52250, 17729, 1, 0
52500, 17391, 0, 0
52500, 18377, 1, 0
52750, 18051, 0, 0
52750, 18889, 1, 0
53003, 43609, 0, 0
53003, 71774, 1, 0
53250, 3521, 0, 0
53250, 14099, 1, 0
53500, 14917, 0, 0
53500, 16129, 1, 0
53751, 17532, 0, 0
53751, 17505, 1, 0
54000, 12426, 0, 0
54000, 22528, 1, 0
54250, 7100, 0, 0
54250, 13913, 1, 0
54500, 24344, 0, 0
54500, 25908, 1, 0
54766, 23912, 0, 0
54766, 25397, 1, 0
55011, 25636, 0, 0
55011, 32029, 1, 0
55250, 18530, 0, 0
55250, 28283, 1, 0
55500, 5444, 0, 0
55500, 13527, 1, 0
55750, 26582, 0, 0
55750, 25907, 1, 0
56001, 57223, 0, 0
56001, 52626, 1, 0
56252, 23635, 0, 0
56252, 25242, 1, 0
56500, 12476, 0, 0
56500, 14504, 1, 0
56805, 10256, 0, 0
56805, 15790, 1, 0
57001, 81393, 0, 0
57001, 100315, 1, 0
57251, 42934, 0, 0
57251, 41254, 1, 0
57500, 20942, 0, 0
57500, 20879, 1, 0
57750, 17730, 0, 0
57750, 18310, 1, 0
58024, 57688, 0, 0
58024, 65596, 1, 0
58250, 7225, 0, 0
58250, 22712, 1, 0
58500, 17540, 0, 0
58500, 19945, 1, 0
58870, 23119, 0, 0
58870, 25062, 1, 0
59001, 40870, 0, 0
59001, 46336, 1, 0
59250, 19162, 0, 0
59250, 20162, 1, 0
59500, 5439, 0, 0
59500, 17363, 1, 0
59750, 19565, 0, 0
59750, 22340, 1, 0
60002, 46831, 0, 0
60002, 40801, 1, 0
60011, 18692, 0, 0
60011, 18461, 1, 0
250, 16110, 0, 0
250, 16707, 1, 0
500, 16740, 0, 0
500, 17015, 1, 0
750, 17100, 0, 0
750, 17653, 1, 0
1001, 30827, 0, 0
1001, 32351, 1, 0
1250, 14920, 0, 0
1250, 15113, 1, 0
1500, 16932, 0, 0
1500, 18288, 1, 0
1750, 27648, 0, 0
1750, 28858, 1, 0
2000, 37386, 0, 0
2000, 42573, 1, 0
2251, 20021, 0, 0
2251, 21344, 1, 0
2500, 16870, 0, 0
2500, 17906, 1, 0
2798, 17164, 0, 0
2798, 18633, 1, 0
3000, 38268, 0, 0
3000, 35128, 1, 0
3251, 20833, 0, 0
3251, 21588, 1, 0
3500, 20986, 0, 0
3500, 22367, 1, 0
3774, 43466, 0, 0
3774, 50697, 1, 0
4000, 33663, 0, 0
4000, 32314, 1, 0
4250, 12850, 0, 0
4250, 18293, 1, 0
4563, 21533, 0, 0
4563, 23239, 1, 0
4750, 72871, 0, 0
4750, 70098, 1, 0
5002, 20101, 0, 0
5002, 20818, 1, 0
5250, 22159, 0, 0
5250, 22685, 1, 0
5521, 18058, 0, 0
5521, 19069, 1, 0
5750, 91576, 0, 0
5750, 91250, 1, 0
6000, 13645, 0, 0
6000, 14632, 1, 0
6250, 22495, 0, 0
6250, 22641, 1, 0
6511, 17662, 0, 0
6511, 19293, 1, 0
6829, 39141, 0, 0
6829, 39644, 1, 0
7000, 34962, 0, 0
7000, 30847, 1, 0
7250, 10942, 0, 0
7250, 15346, 1, 0
7501, 17195, 0, 0
7501, 18812, 1, 0
7750, 23855, 0, 0
7750, 26713, 1, 0
8001, 16536, 0, 0
8001, 17121, 1, 0
8252, 18358, 0, 0
8252, 19424, 1, 0
8500, 11693, 0, 0
8500, 16079, 1, 0
8887, 42878, 0, 0
8887, 43695, 1, 0
9000, 37473, 0, 0
9000, 40154, 1, 0
9251, 15558, 0, 0
9251, 16154, 1, 0
9502, 25817, 0, 0
9502, 30447, 1, 0
9791, 35472, 0, 0
9791, 40710, 1, 0
10001, 16124, 0, 0
10001, 21743, 1, 0
10250, 14706, 0, 0
10250, 15112, 1, 0
10500, 20011, 0, 0
10500, 20125, 1, 0
10750, 66267, 0, 0
10750, 61963, 1, 0
11000, 18446, 0, 0
11000, 19827, 1, 0
11250, 11743, 0, 0
11250, 13478, 1, 0
11502, 18417, 0, 0
11502, 17392, 1, 0
11753, 48716, 0, 0
11753, 48052, 1, 0
12000, 19269, 0, 0
12000, 21440, 1, 0
12250, 17093, 0, 0
12250, 17544, 1, 0
12603, 16521, 0, 0
12603, 19352, 1, 0
12751, 40531, 0, 0
12751, 41936, 1, 0
13001, 20179, 0, 0
13001, 22084, 1, 0
13250, 17498, 0, 0
13250, 18233, 1, 0
13635, 20041, 0, 0
13635, 22373, 1, 0
13750, 46731, 0, 0
13750, 54156, 1, 0
14001, 28335, 0, 0
14001, 28622, 1, 0
14250, 14181, 0, 0
14250, 15524, 1, 0
14521, 22438, 0, 0
14521, 23623, 1, 0
14750, 47108, 0, 0
14750, 51235, 1, 0
15000, 20527, 0, 0
15000, 20139, 1, 0
15250, 22102, 0, 0
15250, 23195, 1, 0
15500, 18732, 0, 0
15500, 23663, 1, 0
15751, 5868, 0, 0
15751, 35783, 1, 0
16000, 17499, 0, 0
16000, 18104, 1, 0
16251, 19096, 0, 0
16251, 20522, 1, 0
16535, 23023, 0, 0
16535, 23336, 1, 0
16750, 142570, 0, 0
16750, 132238, 1, 0
17000, 17749, 0, 0
17000, 17265, 1, 0
17250, 11786, 0, 0
17250, 13573, 1, 0
17518, 20848, 0, 0
17518, 20857, 1, 0
17750, 52330, 0, 0
17750, 44030, 1, 0
18000, 17749, 0, 0
18000, 19548, 1, 0
18250, 17432, 0, 0
18250, 18457, 1, 0
18549, 5695, 0, 0
18549, 12647, 1, 0
18750, 32593, 0, 0
18750, 30985, 1, 0
19001, 19321, 0, 0
19001, 19821, 1, 0
19250, 20786, 0, 0
19250, 21802, 1, 0
19506, 26591, 0, 0
19506, 26157, 1, 0
19750, 15900, 0, 0
19750, 25461, 1, 0
20000, 14038, 0, 0
20000, 16501, 1, 0
20286, 12993, 0, 0
20286, 13853, 1, 0
20501, 28277, 0, 0
20501, 31762, 1, 0
20752, 14110, 0, 0
20752, 19012, 1, 0
21000, 11007, 0, 0
21000, 30252, 1, 0
21259, 27066, 0, 0
21259, 30420, 1, 0
21503, 40601, 0, 0
21503, 37727, 1, 0
21750, 19273, 0, 0
21750, 21219, 1, 0
22000, 16607, 0, 0
22000, 17313, 1, 0
22250, 11280, 0, 0
22250, 14323, 1, 0
22502, 39677, 0, 0
22502, 47752, 1, 0
22750, 22511, 0, 0
22750, 24156, 1, 0
23000, 19030, 0, 0
23000, 19090, 1, 0
23250, 17395, 0, 0
23250, 18431, 1, 0
23502, 48858, 0, 0
23502, 49837, 1, 0
23750, 20271, 0, 0
23750, 21861, 1, 0
24012, 17531, 0, 0
24012, 18447, 1, 0
24312, 25486, 0, 0
24312, 25767, 1, 0
24500, 57405, 0, 0
24500, 62941, 1, 0
24751, 37500, 0, 0
24751, 38231, 1, 0
25000, 19469, 0, 0
25000, 19705, 1, 0
25252, 12962, 0, 0
25252, 17138, 1, 0
25500, 34121, 0, 0
25500, 39856, 1, 0
25750, 19234, 0, 0
25750, 19845, 1, 0
26000, 18299, 0, 0
26000, 18924, 1, 0
26250, 18749, 0, 0
26250, 18959, 1, 0
26501, 10351, 0, 0
26501, 22563, 1, 0
26750, 19723, 0, 0
26750, 19854, 1, 0
27000, 48034, 0, 0
27000, 45702, 1, 0
27371, 17982, 0, 0
27371, 18780, 1, 0
27501, 43130, 0, 0
27501, 46806, 1, 0
27751, 17665, 0, 0
27751, 18703, 1, 0
28000, 13015, 0, 0
28000, 14820, 1, 0
28250, 22710, 0, 0
28250, 24107, 1, 0
28571, 27604, 0, 0
28571, 27304, 1, 0
28750, 25604, 0, 0
28750, 21840, 1, 0
29000, 15469, 0, 0
29000, 16356, 1, 0
29250, 14330, 0, 0
29250, 16931, 1, 0
29531, 28672, 0, 0
29531, 30603, 1, 0
29750, 39129, 0, 0
29750, 37116, 1, 0
30001, 20458, 0, 0
30001, 20554, 1, 0
30266, 20198, 0, 0
30266, 25175, 1, 0
30500, 44946, 0, 0
30500, 36662, 1, 0
30750, 19735, 0, 0
30750, 20833, 1, 0
31000, 14945, 0, 0
31000, 15274, 1, 0
31250, 15517, 0, 0
31250, 16457, 1, 0
31504, 33657, 0, 0
31504, 50005, 1, 0
31750, 20341, 0, 0
31750, 20886, 1, 0
32000, 18445, 0, 0
32000, 19561, 1, 0
32276, 15974, 0, 0
32276, 18189, 1, 0
32500, 31257, 0, 0
32500, 36273, 1, 0
32750, 19743, 0, 0
32750, 20838, 1, 0
33001, 16011, 0, 0
33001, 16935, 1, 0
33316, 25467, 0, 0
33316, 25505, 1, 0
33501, 48791, 0, 0
33501, 43836, 1, 0
33751, 16279, 0, 0
33751, 18058, 1, 0
34000, 22522, 0, 0
34000, 23189, 1, 0
34291, 30933, 0, 0
34291, 31406, 1, 0
34570, 54975, 0, 0
34570, 48206, 1, 0
34750, 44744, 0, 0
34750, 47418, 1, 0
35028, 17726, 0, 0
35028, 18480, 1, 0
35255, 61124, 0, 0
35255, 65473, 1, 0
35500, 21073, 0, 0
35500, 23436, 1, 0
35751, 14891, 0, 0
35751, 16057, 1, 0
36000, 17633, 0, 0
36000, 18303, 1, 0
36250, 71461, 0, 0
36250, 71408, 1, 0
36503, 18084, 0, 0
36503, 18292, 1, 0
36750, 19463, 0, 0
36750, 20215, 1, 0
37000, 19884, 0, 0
37000, 21210, 1, 0
37252, 81474, 0, 0
37252, 116944, 1, 0
37502, 20098, 0, 0
37502, 21252, 1, 0
37750, 21130, 0, 0
37750, 21986, 1, 0
38001, 20222, 0, 0
38001, 22189, 1, 0
38308, 18751, 0, 0
38308, 17690, 1, 0
38500, 49579, 0, 0
38500, 80164, 1, 0
38754, 17029, 0, 0
38754, 18431, 1, 0
39000, 23209, 0, 0
39000, 23743, 1, 0
39250, 51974, 0, 0
39250, 48634, 1, 0
39500, 17518, 0, 0
39500, 18623, 1, 0
39751, 19606, 0, 0
39751, 20659, 1, 0
40000, 35210, 0, 0
40000, 34829, 1, 0
40288, 20387, 0, 0
40288, 23749, 1, 0
40502, 28133, 0, 0
40502, 26313, 1, 0
40750, 16915, 0, 0
40750, 18589, 1, 0
41000, 34707, 0, 0
41000, 38821, 1, 0
41250, 50612, 0, 0
41250, 59041, 1, 0
41500, 26954, 0, 0
41500, 28314, 1, 0
41750, 23028, 0, 0
41750, 24798, 1, 0
42065, 21511, 0, 0
42065, 21033, 1, 0
42250, 51807, 0, 0
42250, 41100, 1, 0
42500, 23972, 0, 0
42500, 25016, 1, 0
42750, 16510, 0, 0
42750, 16935, 1, 0
43001, 17445, 0, 0
43001, 18316, 1, 0
43263, 32275, 0, 0
43263, 39696, 1, 0
43500, 27048, 0, 0
43500, 26159, 1, 0
43751, 18489, 0, 0
43751, 18594, 1, 0
44038, 22177, 0, 0
44038, 22624, 1, 0
44250, 47626, 0, 0
44250, 41794, 1, 0
44500, 20824, 0, 0
44500, 20996, 1, 0
44751, 25531, 0, 0
44751, 25516, 1, 0
45000, 38077, 0, 0
45000, 32965, 1, 0
45251, 23343, 0, 0
45251, 46080, 1, 0
45500, 23208, 0, 0
45500, 25417, 1, 0
45751, 18902, 0, 0
45751, 19953, 1, 0
46148, 28004, 0, 0
46148, 29658, 1, 0
46252, 52538, 0, 0
46252, 66184, 1, 0
46500, 20108, 0, 0
46500, 21002, 1, 0
46751, 11128, 0, 0
46751, 14816, 1, 0
47021, 15963, 0, 0
47021, 18152, 1, 0
47250, 49736, 0, 0
47250, 60245, 1, 0
47501, 20430, 0, 0
47501, 21028, 1, 0
47750, 17227, 0, 0
47750, 18109, 1, 0
48038, 24178, 0, 0
48038, 28662, 1, 0
48250, 21688, 0, 0
48250, 42375, 1, 0
48500, 18120, 0, 0
48500, 18457, 1, 0
48780, 18764, 0, 0
48780, 19904, 1, 0
49001, 32475, 0, 0
49001, 33974, 1, 0
49262, 20569, 0, 0
49262, 23557, 1, 0
49500, 18348, 0, 0
49500, 21609, 1, 0
49765, 11864, 0, 0
49765, 16525, 1, 0
50000, 31182, 0, 0
50000, 29466, 1, 0
50250, 68002, 0, 0
50250, 67276, 1, 0
50501, 13738, 0, 0
50501, 14401, 1, 0
50750, 38014, 0, 0
50750, 40243, 1, 0
51026, 40113, 0, 0
51026, 44509, 1, 0
51251, 10159, 0, 0
51251, 21107, 1, 0
51500, 25217, 0, 0
51500, 26019, 1, 0
51820, 28956, 0, 0
51820, 30050, 1, 0
52056, 52128, 0, 0
52056, 63595, 1, 0
52250, 23892, 0, 0
52250, 25493, 1, 0
52500, 24711, 0, 0
52500, 26495, 1, 0
52750, 9531, 0, 0
52750, 16798, 1, 0
53000, 46544, 0, 0
53000, 67452, 1, 0
53250, 30766, 0, 0
53250, 30203, 1, 0
53500, 22924, 0, 0
53500, 23777, 1, 0
53751, 18690, 0, 0
53751, 19408, 1, 0
54003, 26079, 0, 0
54003, 30705, 1, 0
54250, 10397, 0, 0
54250, 21190, 1, 0
54501, 19510, 0, 0
54501, 20628, 1, 0
54766, 21442, 0, 0
54766, 21844, 1, 0
55011, 24464, 0, 0
55011, 30527, 1, 0
55261, 32594, 0, 0
55261, 32046, 1, 0
55500, 35042, 0, 0
55500, 34306, 1, 0
55750, 5492, 0, 0
55750, 19995, 1, 0
56001, 47052, 0, 0
56001, 40750, 1, 0
56250, 19659, 0, 0
56250, 20195, 1, 0
56500, 17896, 0, 0
56500, 18675, 1, 0
56801, 33142, 0, 0
56801, 35192, 1, 0
57001, 84630, 0, 0
57001, 87865, 1, 0
57250, 5017, 0, 0
57250, 23447, 1, 0
57500, 13855, 0, 0
57500, 15205, 1, 0
57752, 15800, 0, 0
57752, 16732, 1, 0
58024, 23781, 0, 0
58024, 28603, 1, 0
58250, 34681, 0, 0
58250, 44460, 1, 0
58501, 8052, 0, 0
58501, 13137, 1, 0
58873, 25124, 0, 0
58873, 27610, 1, 0
59000, 32011, 0, 0
59000, 43355, 1, 0
59251, 17719, 0, 0
59251, 18488, 1, 0
59500, 19766, 0, 0
59500, 20281, 1, 0
59750, 8246, 0, 0
59750, 16544, 1, 0
60000, 48317, 0, 0
60000, 47336, 1, 0
60015, 24877, 0, 0
60015, 25140, 1, 0
250, 15468, 0, 0
250, 15900, 1, 0
500, 16404, 0, 0
500, 17076, 1, 0
750, 15815, 0, 0
750, 16582, 1, 0
1000, 29623, 0, 0
1000, 34099, 1, 0
1250, 13750, 0, 0
1250, 14612, 1, 0
1500, 14720, 0, 0
1500, 16373, 1, 0
1751, 23879, 0, 0
1751, 24968, 1, 0
2000, 30715, 0, 0
2000, 37101, 1, 0
2251, 17919, 0, 0
2251, 18907, 1, 0
2500, 16731, 0, 0
2500, 17676, 1, 0
2824, 21416, 0, 0
2824, 22817, 1, 0
3001, 30510, 0, 0
3001, 26423, 1, 0
3250, 15814, 0, 0
3250, 16723, 1, 0
3500, 15737, 0, 0
3500, 16413, 1, 0
3775, 65775, 0, 0
3775, 70571, 1, 0
4001, 20735, 0, 0
4001, 23611, 1, 0
4251, 15222, 0, 0
4251, 15789, 1, 0
4562, 14602, 0, 0
4562, 15395, 1, 0
4750, 61218, 0, 0
4750, 64182, 1, 0
5000, 14119, 0, 0
5000, 14674, 1, 0
5253, 15306, 0, 0
5253, 15215, 1, 0
5508, 13461, 0, 0
5508, 14574, 1, 0
5750, 80056, 0, 0
5750, 73862, 1, 0
6001, 17035, 0, 0
6001, 17755, 1, 0
6250, 15594, 0, 0
6250, 16519, 1, 0
6511, 16175, 0, 0
6511, 17011, 1, 0
6829, 35691, 0, 0
6829, 34325, 1, 0
7000, 28103, 0, 0
7000, 34901, 1, 0
7250, 17070, 0, 0
7250, 18143, 1, 0
7501, 19275, 0, 0
7501, 21295, 1, 0
7751, 17343, 0, 0
7751, 20077, 1, 0
8000, 16086, 0, 0
8000, 16665, 1, 0
8250, 17309, 0, 0
8250, 17938, 1, 0
8500, 23223, 0, 0
8500, 24162, 1, 0
8887, 47057, 0, 0
8887, 45353, 1, 0
9000, 46429, 0, 0
9000, 45269, 1, 0
9250, 16669, 0, 0
9250, 18180, 1, 0
9502, 29286, 0, 0
9502, 28342, 1, 0
9791, 23636, 0, 0
9791, 26092, 1, 0
10001, 32234, 0, 0
10001, 34361, 1, 0
10250, 15606, 0, 0
10250, 16602, 1, 0
10501, 18685, 0, 0
10501, 17787, 1, 0
10750, 48821, 0, 0
10750, 49523, 1, 0
11000, 18910, 0, 0
11000, 20333, 1, 0
11250, 19208, 0, 0
11250, 19926, 1, 0
11502, 21706, 0, 0
11502, 22511, 1, 0
11750, 52259, 0, 0
11750, 59797, 1, 0
12002, 18302, 0, 0
12002, 20485, 1, 0
12250, 15180, 0, 0
12250, 15192, 1, 0
12604, 20264, 0, 0
12604, 23278, 1, 0
12750, 30881, 0, 0
12750, 38225, 1, 0
13001, 20131, 0, 0
13001, 21291, 1, 0
13250, 15978, 0, 0
13250, 16861, 1, 0
13635, 15461, 0, 0
13635, 20629, 1, 0
13750, 38345, 0, 0
13750, 52407, 1, 0
14001, 22296, 0, 0
14001, 22503, 1, 0
14250, 18175, 0, 0
14250, 19501, 1, 0
14522, 23820, 0, 0
14522, 25659, 1, 0
14750, 41449, 0, 0
14750, 45937, 1, 0
15000, 20380, 0, 0
15000, 21489, 1, 0
15250, 18470, 0, 0
15250, 17557, 1, 0
15500, 23298, 0, 0
15500, 23759, 1, 0
15752, 64413, 0, 0
15752, 66516, 1, 0
16000, 16976, 0, 0
16000, 17844, 1, 0
16252, 18456, 0, 0
16252, 19335, 1, 0
16535, 21520, 0, 0
16535, 22207, 1, 0
16752, 96656, 0, 0
16752, 84202, 1, 0
17000, 17560, 0, 0
17000, 18089, 1, 0
17250, 18462, 0, 0
17250, 19664, 1, 0
17551, 27621, 0, 0
17551, 25772, 1, 0
17750, 29225, 0, 0
17750, 38680, 1, 0
18000, 19168, 0, 0
18000, 19820, 1, 0
18250, 13364, 0, 0
18250, 17213, 1, 0
18549, 19824, 0, 0
18549, 22308, 1, 0
18750, 37730, 0, 0
18750, 38541, 1, 0
19000, 19529, 0, 0
19000, 20852, 1, 0
19250, 17319, 0, 0
19250, 17829, 1, 0
19506, 27952, 0, 0
19506, 24784, 1, 0
19750, 18697, 0, 0
19750, 21531, 1, 0
20000, 19977, 0, 0
20000, 20746, 1, 0
20286, 20856, 0, 0
20286, 22494, 1, 0
20502, 56583, 0, 0
20502, 58085, 1, 0
20765, 26209, 0, 0
20765, 30615, 1, 0
21000, 29501, 0, 0
21000, 29520, 1, 0
21259, 10694, 0, 0
21259, 25234, 1, 0
21500, 22844, 0, 0
21500, 24945, 1, 0
21750, 15019, 0, 0
21750, 15949, 1, 0
22001, 20318, 0, 0
22001, 21555, 1, 0
22251, 23981, 0, 0
22251, 25579, 1, 0
22500, 65039, 0, 0
22500, 65061, 1, 0
22750, 21924, 0, 0
22750, 24229, 1, 0
23000, 19807, 0, 0
23000, 20417, 1, 0
23251, 19508, 0, 0
23251, 20506, 1, 0
23502, 60949, 0, 0
23502, 64869, 1, 0
23750, 32006, 0, 0
23750, 34035, 1, 0
24012, 18666, 0, 0
24012, 19669, 1, 0
24251, 18742, 0, 0
24251, 18994, 1, 0
24500, 24968, 0, 0
24500, 21650, 1, 0
24750, 28980, 0, 0
24750, 25191, 1, 0
25000, 16518, 0, 0
25000, 16865, 1, 0
25252, 19999, 0, 0
25252, 20111, 1, 0
25500, 23303, 0, 0
25500, 35151, 1, 0
25750, 13318, 0, 0
25750, 13729, 1, 0
26000, 15967, 0, 0
26000, 16776, 1, 0
26251, 18116, 0, 0
26251, 19040, 1, 0
26500, 32328, 0, 0
26500, 25545, 1, 0
26750, 18906, 0, 0
26750, 19329, 1, 0
27003, 61994, 0, 0
27003, 73994, 1, 0
27322, 26542, 0, 0
27322, 26218, 1, 0
27500, 48371, 0, 0
27500, 48380, 1, 0
27750, 17339, 0, 0
27750, 18378, 1, 0
28001, 16115, 0, 0
28001, 17655, 1, 0
28251, 24622, 0, 0
28251, 24208, 1, 0
28571, 32782, 0, 0
28571, 36095, 1, 0
28750, 27998, 0, 0
28750, 27395, 1, 0
29000, 18627, 0, 0
29000, 19057, 1, 0
29251, 26449, 0, 0
29251, 27894, 1, 0
29624, 27540, 0, 0
29624, 27561, 1, 0
29750, 30520, 0, 0
29750, 36444, 1, 0
30001, 16060, 0, 0
30001, 15696, 1, 0
30266, 14755, 0, 0
30266, 18071, 1, 0
30500, 39690, 0, 0
30500, 32911, 1, 0
30750, 22970, 0, 0
30750, 23985, 1, 0
31001, 16447, 0, 0
31001, 17274, 1, 0
31250, 16660, 0, 0
31250, 17240, 1, 0
31500, 28550, 0, 0
31500, 35111, 1, 0
31751, 20167, 0, 0
31751, 21524, 1, 0
32001, 18392, 0, 0
32001, 20499, 1, 0
32276, 17575, 0, 0
32276, 18629, 1, 0
32500, 33801, 0, 0
32500, 34314, 1, 0
32750, 20050, 0, 0
32750, 20608, 1, 0
33001, 17830, 0, 0
33001, 18749, 1, 0
33315, 25565, 0, 0
33315, 26191, 1, 0
33500, 58878, 0, 0
33500, 46322, 1, 0
33752, 16663, 0, 0
33752, 17577, 1, 0
34000, 22594, 0, 0
34000, 24240, 1, 0
34291, 24288, 0, 0
34291, 23646, 1, 0
34570, 20871, 0, 0
34570, 32464, 1, 0
34750, 45137, 0, 0
34750, 49081, 1, 0
35027, 17267, 0, 0
35027, 18312, 1, 0
35260, 63566, 0, 0
35260, 72208, 1, 0
35500, 30925, 0, 0
35500, 33162, 1, 0
35750, 19127, 0, 0
35750, 20196, 1, 0
36000, 21224, 0, 0
36000, 23745, 1, 0
36250, 85152, 0, 0
36250, 75631, 1, 0
36503, 15840, 0, 0
36503, 16894, 1, 0
36751, 20438, 0, 0
36751, 21123, 1, 0
37002, 23459, 0, 0
37002, 23845, 1, 0
37250, 85088, 0, 0
37250, 120643, 1, 0
37501, 19156, 0, 0
37501, 19644, 1, 0
37750, 24148, 0, 0
37750, 24949, 1, 0
38000, 16413, 0, 0
38000, 19718, 1, 0
38307, 21690, 0, 0
38307, 20332, 1, 0
38500, 62533, 0, 0
38500, 64500, 1, 0
38755, 19545, 0, 0
38755, 20299, 1, 0
39000, 24694, 0, 0
39000, 24903, 1, 0
39250, 53394, 0, 0
39250, 49478, 1, 0
39500, 17158, 0, 0
39500, 17265, 1, 0
39750, 13812, 0, 0
39750, 16271, 1, 0
40000, 40501, 0, 0
40000, 40486, 1, 0
40288, 22459, 0, 0
40288, 22066, 1, 0
40502, 26538, 0, 0
40502, 26899, 1, 0
40751, 16326, 0, 0
40751, 17093, 1, 0
41001, 27887, 0, 0
41001, 24400, 1, 0
41251, 35196, 0, 0
41251, 33849, 1, 0
41500, 11698, 0, 0
41500, 12344, 1, 0
41751, 13490, 0, 0
41751, 13845, 1, 0
42001, 16750, 0, 0
42001, 19017, 1, 0
42250, 22673, 0, 0
42250, 27426, 1, 0
42501, 25766, 0, 0
42501, 26402, 1, 0
42751, 17169, 0, 0
42751, 17821, 1, 0
43000, 19620, 0, 0
43000, 19948, 1, 0
43263, 33733, 0, 0
43263, 34996, 1, 0
43500, 38623, 0, 0
43500, 29963, 1, 0
43750, 16694, 0, 0
43750, 17203, 1, 0
44000, 18063, 0, 0
44000, 18789, 1, 0
44250, 34317, 0, 0
44250, 41077, 1, 0
44500, 17410, 0, 0
44500, 17589, 1, 0
44750, 16521, 0, 0
44750, 18148, 1, 0
45000, 39716, 0, 0
45000, 34214, 1, 0
45251, 18402, 0, 0
45251, 29403, 1, 0
45500, 31565, 0, 0
45500, 27271, 1, 0
45751, 19169, 0, 0
45751, 20017, 1, 0
46148, 21235, 0, 0
46148, 23913, 1, 0
46252, 51909, 0, 0
46252, 43280, 1, 0
46500, 15360, 0, 0
46500, 16208, 1, 0
46750, 14442, 0, 0
46750, 15313, 1, 0
47021, 19823, 0, 0
47021, 21715, 1, 0
47250, 38203, 0, 0
47250, 60286, 1, 0
47501, 20305, 0, 0
47501, 21329, 1, 0
47751, 21907, 0, 0
47751, 22409, 1, 0
48000, 29335, 0, 0
48000, 28139, 1, 0
48251, 75654, 0, 0
48251, 76588, 1, 0
48500, 16277, 0, 0
48500, 16527, 1, 0
48788, 20092, 0, 0
48788, 21788, 1, 0
49000, 29448, 0, 0
49000, 41199, 1, 0
49261, 21700, 0, 0
49261, 21838, 1, 0
49501, 23577, 0, 0
49501, 24433, 1, 0
49781, 12119, 0, 0
49781, 21144, 1, 0
50000, 65208, 0, 0
50000, 62974, 1, 0
50250, 115904, 0, 0
50250, 146289, 1, 0
50500, 20900, 0, 0
50500, 21349, 1, 0
50750, 34253, 0, 0
50750, 36567, 1, 0
51027, 47563, 0, 0
51027, 40735, 1, 0
51250, 25431, 0, 0
51250, 26690, 1, 0
51500, 26383, 0, 0
51500, 25957, 1, 0
51820, 15537, 0, 0
51820, 18396, 1, 0
52056, 48743, 0, 0
52056, 57263, 1, 0
52250, 24617, 0, 0
52250, 35440, 1, 0
52500, 18508, 0, 0
52500, 19276, 1, 0
52751, 18632, 0, 0
52751, 19875, 1, 0
53003, 71644, 0, 0
53003, 65197, 1, 0
53250, 37932, 0, 0
53250, 31704, 1, 0
53500, 11226, 0, 0
53500, 22450, 1, 0
53751, 23006, 0, 0
53751, 23324, 1, 0
54001, 31875, 0, 0
54001, 31272, 1, 0
54250, 36720, 0, 0
54250, 40072, 1, 0
54500, 23154, 0, 0
54500, 25935, 1, 0
54771, 22385, 0, 0
54771, 23583, 1, 0
55011, 30860, 0, 0
55011, 39048, 1, 0
55254, 18939, 0, 0
55254, 18871, 1, 0
55501, 36351, 0, 0
55501, 38648, 1, 0
55750, 33471, 0, 0
55750, 35941, 1, 0
56001, 50575, 0, 0
56001, 56127, 1, 0
56250, 19209, 0, 0
56250, 19852, 1, 0
56500, 14801, 0, 0
56500, 15762, 1, 0
56805, 9321, 0, 0
56805, 16332, 1, 0
57001, 82402, 0, 0
57001, 89631, 1, 0
57250, 36366, 0, 0
57250, 37850, 1, 0
57500, 16087, 0, 0
57500, 16880, 1, 0
57750, 16521, 0, 0
57750, 16967, 1, 0
58024, 31618, 0, 0
58024, 37573, 1, 0
58250, 15716, 0, 0
58250, 20141, 1, 0
58501, 21487, 0, 0
58501, 23577, 1, 0
58869, 25775, 0, 0
58869, 27638, 1, 0
59000, 40164, 0, 0
59000, 37654, 1, 0
59250, 17776, 0, 0
59250, 18510, 1, 0
59500, 12132, 0, 0
59500, 14881, 1, 0
59750, 22723, 0, 0
59750, 23055, 1, 0
60001, 33289, 0, 0
60001, 36348, 1, 0
60015, 24688, 0, 0
60015, 23163, 1, 0
250, 17490, 0, 0
250, 18292, 1, 0
500, 17181, 0, 0
500, 17716, 1, 0
750, 16324, 0, 0
750, 17017, 1, 0
1000, 36022, 0, 0
1000, 38837, 1, 0
1250, 14255, 0, 0
1250, 16685, 1, 0
1500, 16981, 0, 0
1500, 17697, 1, 0
1750, 21607, 0, 0
1750, 23393, 1, 0
2000, 35495, 0, 0
2000, 34013, 1, 0
2250, 19707, 0, 0
2250, 20644, 1, 0
2500, 15305, 0, 0
2500, 15939, 1, 0
2798, 15350, 0, 0
2798, 17790, 1, 0
3003, 34422, 0, 0
3003, 33772, 1, 0
3251, 20950, 0, 0
3251, 21943, 1, 0
3500, 20684, 0, 0
3500, 20893, 1, 0
3774, 45286, 0, 0
3774, 51741, 1, 0
4001, 31747, 0, 0
4001, 30631, 1, 0
4250, 19103, 0, 0
4250, 18485, 1, 0
4563, 19566, 0, 0
4563, 21491, 1, 0
4750, 71335, 0, 0
4750, 72920, 1, 0
5000, 21893, 0, 0
5000, 23299, 1, 0
5253, 20517, 0, 0
5253, 21121, 1, 0
5521, 18994, 0, 0
5521, 20708, 1, 0
5750, 83173, 0, 0
5750, 114692, 1, 0
6000, 16447, 0, 0
6000, 18585, 1, 0
6251, 19463, 0, 0
6251, 20480, 1, 0
6511, 16647, 0, 0
6511, 18469, 1, 0
6830, 49672, 0, 0
6830, 74370, 1, 0
7000, 43622, 0, 0
7000, 36812, 1, 0
7251, 17232, 0, 0
7251, 18533, 1, 0
7501, 15375, 0, 0
7501, 16173, 1, 0
7750, 52482, 0, 0
7750, 52558, 1, 0
8001, 15340, 0, 0
8001, 16170, 1, 0
8250, 17539, 0, 0
8250, 18293, 1, 0
8500, 20715, 0, 0
8500, 23232, 1, 0
8887, 24547, 0, 0
8887, 23432, 1, 0
9000, 36012, 0, 0
9000, 41690, 1, 0
9250, 16242, 0, 0
9250, 16983, 1, 0
9502, 20907, 0, 0
9502, 25074, 1, 0
9792, 32253, 0, 0
9792, 33444, 1, 0
10000, 26261, 0, 0
10000, 28469, 1, 0
10250, 14154, 0, 0
10250, 14360, 1, 0
10501, 19024, 0, 0
10501, 18960, 1, 0
10751, 105577, 0, 0
10751, 79990, 1, 0
11000, 23352, 0, 0
11000, 23099, 1, 0
11250, 18800, 0, 0
11250, 20622, 1, 0
11502, 20718, 0, 0
11502, 24497, 1, 0
11750, 15870, 0, 0
11750, 24695, 1, 0
12001, 19103, 0, 0
12001, 19422, 1, 0
12250, 16887, 0, 0
12250, 17759, 1, 0
12603, 18258, 0, 0
12603, 22255, 1, 0
12750, 39222, 0, 0
12750, 36556, 1, 0
13001, 8542, 0, 0
13001, 13474, 1, 0
13250, 15381, 0, 0
13250, 16069, 1, 0
13635, 17948, 0, 0
13635, 19920, 1, 0
13751, 51465, 0, 0
13751, 41957, 1, 0
14000, 20850, 0, 0
14000, 21103, 1, 0
14250, 10017, 0, 0
14250, 11168, 1, 0
14521, 21160, 0, 0
14521, 24961, 1, 0
14750, 41276, 0, 0
14750, 53185, 1, 0
15003, 21463, 0, 0
15003, 20380, 1, 0
15250, 19350, 0, 0
15250, 21068, 1, 0
15529, 7633, 0, 0
15529, 15742, 1, 0
15750, 50735, 0, 0
15750, 58265, 1, 0
16000, 15600, 0, 0
16000, 16599, 1, 0
16251, 19129, 0, 0
16251, 19975, 1, 0
16535, 18674, 0, 0
16535, 19880, 1, 0
16750, 45226, 0, 0
16750, 42146, 1, 0
17001, 7823, 0, 0
17001, 13677, 1, 0
17250, 16403, 0, 0
17250, 17262, 1, 0
17551, 22521, 0, 0
17551, 27880, 1, 0
17750, 42002, 0, 0
17750, 39013, 1, 0
18000, 8056, 0, 0
18000, 11569, 1, 0
18251, 16921, 0, 0
18251, 17873, 1, 0
18550, 19759, 0, 0
18550, 22600, 1, 0
18750, 35280, 0, 0
18750, 34631, 1, 0
19000, 15133, 0, 0
19000, 16760, 1, 0
19250, 6755, 0, 0
19250, 15036, 1, 0
19547, 39695, 0, 0
19547, 42052, 1, 0
19750, 29777, 0, 0
19750, 33629, 1, 0
20000, 16897, 0, 0
20000, 17316, 1, 0
20286, 5633, 0, 0
20286, 20467, 1, 0
20501, 1706, 0, 0
20501, 52451, 1, 0
20763, 20639, 0, 0
20763, 22357, 1, 0
21000, 29824, 0, 0
21000, 31096, 1, 0
21259, 31690, 0, 0
21259, 32113, 1, 0
21500, 48053, 0, 0
21500, 40630, 1, 0
21751, 14441, 0, 0
21751, 21198, 1, 0
22002, 3673, 0, 0
22002, 19535, 1, 0
22251, 23445, 0, 0
22251, 22165, 1, 0
22500, 54198, 0, 0
22500, 62804, 1, 0
22750, 22839, 0, 0
22750, 24940, 1, 0
23000, 8665, 0, 0
23000, 13184, 1, 0
23250, 7620, 0, 0
23250, 14050, 1, 0
23501, 44341, 0, 0
23501, 48457, 1, 0
23750, 27843, 0, 0
23750, 27521, 1, 0
24006, 13042, 0, 0
24006, 15778, 1, 0
24250, 2869, 0, 0
24250, 16564, 1, 0
24501, 19618, 0, 0
24501, 24520, 1, 0
24751, 31285, 0, 0
24751, 28816, 1, 0
25000, 17923, 0, 0
25000, 18307, 1, 0
25250, 2686, 0, 0
25250, 19979, 1, 0
25500, 6981, 0, 0
25500, 32763, 1, 0
25750, 20861, 0, 0
25750, 21539, 1, 0
26000, 16802, 0, 0
26000, 17563, 1, 0
26250, 4015, 0, 0
26250, 11972, 1, 0
26500, 24928, 0, 0
26500, 22594, 1, 0
26750, 22497, 0, 0
26750, 25236, 1, 0
27000, 61067, 0, 0
27000, 54628, 1, 0
27371, 17278, 0, 0
27371, 21586, 1, 0
27500, 1060, 0, 0
27500, 24869, 1, 0
27750, 9514, 0, 0
27750, 14089, 1, 0
28000, 16233, 0, 0
28000, 17019, 1, 0
28250, 7329, 0, 0
28250, 14335, 1, 0
28571, 6838, 0, 0
28571, 20420, 1, 0
28750, 29773, 0, 0
28750, 27895, 1, 0
29001, 19330, 0, 0
29001, 20046, 1, 0
29250, 13369, 0, 0
29250, 18253, 1, 0
29624, 3073, 0, 0
29624, 23831, 1, 0
29750, 8227, 0, 0
29750, 36502, 1, 0
30000, 19241, 0, 0
30000, 20658, 1, 0
30266, 21414, 0, 0
30266, 27944, 1, 0
30500, 41089, 0, 0
30500, 38780, 1, 0
30750, 5939, 0, 0
30750, 8953, 1, 0
31000, 13640, 0, 0
31000, 14433, 1, 0
31250, 14311, 0, 0
31250, 14334, 1, 0
31500, 3215, 0, 0
31500, 17728, 1, 0
31750, 15712, 0, 0
31750, 17662, 1, 0
32000, 18379, 0, 0
32000, 18841, 1, 0
32276, 7952, 0, 0
32276, 13547, 1, 0
32500, 4917, 0, 0
32500, 20054, 1, 0
32750, 19079, 0, 0
32750, 19573, 1, 0
33000, 17152, 0, 0
33000, 18011, 1, 0
33315, 3130, 0, 0
33315, 13726, 1, 0
33500, 19644, 0, 0
33500, 42351, 1, 0
33750, 15276, 0, 0
33750, 15979, 1, 0
34000, 12730, 0, 0
34000, 15027, 1, 0
34291, 2109, 0, 0
34291, 12763, 1, 0
34570, 29478, 0, 0
34570, 30877, 1, 0
34751, 49480, 0, 0
34751, 51394, 1, 0
35028, 18282, 0, 0
35028, 19307, 1, 0
35250, 39004, 0, 0
35250, 49014, 1, 0
35500, 2320, 0, 0
35500, 11769, 1, 0
35750, 15100, 0, 0
35750, 15500, 1, 0
36000, 9417, 0, 0
36000, 15948, 1, 0
36250, 1406, 0, 0
36250, 25488, 1, 0
36500, 13582, 0, 0
36500, 16314, 1, 0
36750, 21257, 0, 0
36750, 21790, 1, 0
37000, 9567, 0, 0
37000, 15643, 1, 0
37250, 1012, 0, 0
37250, 34467, 1, 0
37501, 10550, 0, 0
37501, 14518, 1, 0
37750, 16856, 0, 0
37750, 17860, 1, 0
38003, 3452, 0, 0
38003, 10417, 1, 0
38406, 16145, 0, 0
38406, 18482, 1, 0
38500, 60335, 0, 0
38500, 62620, 1, 0
38755, 19467, 0, 0
38755, 19230, 1, 0
39000, 7273, 0, 0
39000, 10842, 1, 0
39250, 13068, 0, 0
39250, 29474, 1, 0
39500, 17385, 0, 0
39500, 18277, 1, 0
39750, 17765, 0, 0
39750, 19054, 1, 0
40000, 3451, 0, 0
40000, 11793, 1, 0
40288, 24259, 0, 0
40288, 25529, 1, 0
40503, 26135, 0, 0
40503, 29743, 1, 0
40750, 13586, 0, 0
40750, 16829, 1, 0
41001, 1270, 0, 0
41001, 24845, 1, 0
41251, 4164, 0, 0
41251, 38493, 1, 0
41500, 26478, 0, 0
41500, 26534, 1, 0
41752, 24961, 0, 0
41752, 25529, 1, 0
42000, 30813, 0, 0
42000, 27256, 1, 0
42250, 11872, 0, 0
42250, 14948, 1, 0
42501, 9174, 0, 0
42501, 11716, 1, 0
42751, 15259, 0, 0
42751, 16112, 1, 0
43000, 6302, 0, 0
43000, 12621, 1, 0
43263, 1311, 0, 0
43263, 19178, 1, 0
43500, 23093, 0, 0
43500, 26420, 1, 0
43751, 18438, 0, 0
43751, 19297, 1, 0
44000, 2439, 0, 0
44000, 17715, 1, 0
44251, 1311, 0, 0
44251, 28973, 1, 0
44500, 21735, 0, 0
44500, 22587, 1, 0
44750, 22768, 0, 0
44750, 24981, 1, 0
45000, 10699, 0, 0
45000, 17101, 1, 0
45250, 4326, 0, 0
45250, 45167, 1, 0
45500, 9346, 0, 0
45500, 13044, 1, 0
45751, 18927, 0, 0
45751, 19599, 1, 0
46148, 14160, 0, 0
46148, 23019, 1, 0
46250, 1265, 0, 0
46250, 54385, 1, 0
46500, 2160, 0, 0
46500, 19220, 1, 0
46750, 22683, 0, 0
46750, 23316, 1, 0
47021, 18627, 0, 0
47021, 20523, 1, 0
47250, 36328, 0, 0
47250, 55659, 1, 0
47500, 911, 0, 0
47500, 19872, 1, 0
47750, 5662, 0, 0
47750, 21055, 1, 0
48038, 23739, 0, 0
48038, 30916, 1, 0
48250, 75990, 0, 0
48250, 82600, 1, 0
48500, 9522, 0, 0
48500, 13953, 1, 0
48788, 2401, 0, 0
48788, 12736, 1, 0
49001, 28629, 0, 0
49001, 31100, 1, 0
49262, 26220, 0, 0
49262, 28096, 1, 0
49500, 6359, 0, 0
49500, 13823, 1, 0
49781, 7384, 0, 0
49781, 13248, 1, 0
50001, 56089, 0, 0
50001, 56825, 1, 0
50251, 97208, 0, 0
50251, 108047, 1, 0
50500, 22278, 0, 0
50500, 20449, 1, 0
50750, 2213, 0, 0
50750, 12308, 1, 0
51004, 9129, 0, 0
51004, 21489, 1, 0
51252, 26973, 0, 0
51252, 30525, 1, 0
51500, 7835, 0, 0
51500, 15997, 1, 0
51820, 1732, 0, 0
51820, 12558, 1, 0
52056, 62584, 0, 0
52056, 60669, 1, 0
52250, 32698, 0, 0
52250, 25143, 1, 0
52500, 3876, 0, 0
52500, 10770, 1, 0
52750, 8771, 0, 0
52750, 13835, 1, 0
53000, 88587, 0, 0
53000, 62392, 1, 0
53250, 5145, 0, 0
53250, 12510, 1, 0
53500, 905, 0, 0
53500, 18142, 1, 0
53753, 22492, 0, 0
53753, 25751, 1, 0
54000, 6817, 0, 0
54000, 21253, 1, 0
54251, 2293, 0, 0
54251, 11225, 1, 0
54500, 14195, 0, 0
54500, 17417, 1, 0
54771, 1015, 0, 0
54771, 11856, 1, 0
55011, 3438, 0, 0
55011, 16776, 1, 0
55250, 18282, 0, 0
55250, 23311, 1, 0
55500, 1555, 0, 0
55500, 11567, 1, 0
55750, 12687, 0, 0
55750, 22243, 1, 0
56000, 31256, 0, 0
56000, 25190, 1, 0
56250, 1180, 0, 0
56250, 12329, 1, 0
56500, 8192, 0, 0
56500, 14130, 1, 0
56803, 8105, 0, 0
56803, 26466, 1, 0
57000, 1427, 0, 0
57000, 58891, 1, 0
57250, 1969, 0, 0
57250, 24942, 1, 0
57500, 8428, 0, 0
57500, 17202, 1, 0
57750, 15737, 0, 0
57750, 16826, 1, 0
58024, 7583, 0, 0
58024, 25543, 1, 0
58250, 13300, 0, 0
58250, 28047, 1, 0
58500, 10946, 0, 0
58500, 12986, 1, 0
58870, 10954, 0, 0
58870, 21484, 1, 0
59000, 2071, 0, 0
59000, 37345, 1, 0
59250, 1286, 0, 0
59250, 17959, 1, 0
59500, 15809, 0, 0
59500, 21392, 1, 0
59750, 3801, 0, 0
59750, 10660, 1, 0
60000, 3897, 0, 0
60000, 19851, 1, 0
60017, 25318, 0, 0
60017, 25671, 1, 0
