250, 18023, 0, 0
250, 18520, 1, 0
500, 17961, 0, 0
500, 18836, 1, 0
750, 16051, 0, 0
750, 16956, 1, 0
1000, 32161, 0, 0
1000, 34418, 1, 0
1250, 18148, 0, 0
1250, 19134, 1, 0
1500, 14386, 0, 0
1500, 17606, 1, 0
1750, 20055, 0, 0
1750, 23482, 1, 0
2001, 37287, 0, 0
2001, 40466, 1, 0
2251, 21285, 0, 0
2251, 21775, 1, 0
2500, 17851, 0, 0
2500, 18442, 1, 0
2824, 10183, 0, 0
2824, 19649, 1, 0
3000, 24092, 0, 0
3000, 27005, 1, 0
3250, 12923, 0, 0
3250, 13632, 1, 0
3500, 13618, 0, 0
3500, 14325, 1, 0
3775, 81331, 0, 0
3775, 63489, 1, 0
4001, 13241, 0, 0
4001, 19443, 1, 0
4250, 16151, 0, 0
4250, 17015, 1, 0
4562, 16520, 0, 0
4562, 17772, 1, 0
4750, 53876, 0, 0
4750, 63688, 1, 0
5000, 10705, 0, 0
5000, 16010, 1, 0
5253, 9633, 0, 0
5253, 13621, 1, 0
5521, 14183, 0, 0
5521, 15327, 1, 0
5750, 70866, 0, 0
5750, 65677, 1, 0
6001, 17147, 0, 0
6001, 17587, 1, 0
6250, 6154, 0, 0
6250, 13159, 1, 0
6511, 15103, 0, 0
6511, 15731, 1, 0
6830, 28961, 0, 0
6830, 36970, 1, 0
7000, 29281, 0, 0
7000, 39486, 1, 0
7250, 8135, 0, 0
7250, 13448, 1, 0
7501, 12945, 0, 0
7501, 16004, 1, 0
7750, 29678, 0, 0
7750, 28190, 1, 0
8000, 17745, 0, 0
8000, 18073, 1, 0
8250, 10038, 0, 0
8250, 15611, 1, 0
8500, 11540, 0, 0
8500, 15388, 1, 0
8888, 44375, 0, 0
8888, 56279, 1, 0
9000, 42726, 0, 0
9000, 35355, 1, 0
9250, 16413, 0, 0
9250, 17119, 1, 0
9500, 11836, 0, 0
9500, 18503, 1, 0
9792, 7441, 0, 0
9792, 12782, 1, 0
10001, 28652, 0, 0
10001, 29245, 1, 0
10250, 19842, 0, 0
10250, 21121, 1, 0
10500, 19106, 0, 0
10500, 20266, 1, 0
10750, 5648, 0, 0
10750, 42842, 1, 0
11000, 7048, 0, 0
11000, 11910, 1, 0
11250, 16681, 0, 0
11250, 17628, 1, 0
11502, 18403, 0, 0
11502, 20019, 1, 0
11750, 8477, 0, 0
11750, 19813, 1, 0
12000, 10417, 0, 0
12000, 12916, 1, 0
12250, 16441, 0, 0
12250, 17413, 1, 0
12603, 20126, 0, 0
12603, 21351, 1, 0
12750, 10275, 0, 0
12750, 23306, 1, 0
13001, 10374, 0, 0
13001, 14352, 1, 0
13250, 16687, 0, 0
13250, 17547, 1, 0
13635, 17168, 0, 0
13635, 19221, 1, 0
13750, 42480, 0, 0
13750, 41713, 1, 0
14001, 4244, 0, 0
14001, 14219, 1, 0
14250, 18596, 0, 0
14250, 20001, 1, 0
14523, 24633, 0, 0
14523, 24616, 1, 0
14750, 51382, 0, 0
14750, 54701, 1, 0
15000, 16741, 0, 0
15000, 19791, 1, 0
15250, 6918, 0, 0
15250, 12410, 1, 0
15502, 27996, 0, 0
15502, 29157, 1, 0
15752, 60471, 0, 0
15752, 58825, 1, 0
16000, 15938, 0, 0
16000, 16388, 1, 0
16251, 5358, 0, 0
16251, 13381, 1, 0
16535, 17461, 0, 0
16535, 19025, 1, 0
16750, 173582, 0, 0
16750, 144705, 1, 0
17001, 17363, 0, 0
17001, 18107, 1, 0
17250, 16473, 0, 0
17250, 17277, 1, 0
17551, 3970, 0, 0
17551, 15776, 1, 0
17750, 53115, 0, 0
17750, 47488, 1, 0
18000, 19874, 0, 0
18000, 20170, 1, 0
18250, 16254, 0, 0
18250, 17339, 1, 0
18549, 18090, 0, 0
18549, 19715, 1, 0
18750, 15820, 0, 0
18750, 22177, 1, 0
19000, 13126, 0, 0
19000, 16267, 1, 0
19250, 17026, 0, 0
19250, 17988, 1, 0
19506, 22833, 0, 0
19506, 26947, 1, 0
19750, 33334, 0, 0
19750, 33166, 1, 0
20000, 8783, 0, 0
20000, 12463, 1, 0
20286, 17343, 0, 0
20286, 19506, 1, 0
20502, 46770, 0, 0
20502, 47086, 1, 0
20763, 34991, 0, 0
20763, 32187, 1, 0
21002, 30798, 0, 0
21002, 33933, 1, 0
21259, 24896, 0, 0
21259, 30804, 1, 0
21500, 2045, 0, 0
21500, 35410, 1, 0
21750, 10976, 0, 0
21750, 19312, 1, 0
22000, 16430, 0, 0
22000, 17563, 1, 0
22250, 18555, 0, 0
22250, 19976, 1, 0
22500, 11500, 0, 0
22500, 28757, 1, 0
22750, 6994, 0, 0
22750, 12070, 1, 0
23001, 17159, 0, 0
23001, 17779, 1, 0
23250, 18656, 0, 0
23250, 19699, 1, 0
23500, 2456, 0, 0
23500, 32878, 1, 0
23750, 8000, 0, 0
23750, 14790, 1, 0
24007, 16562, 0, 0
24007, 17459, 1, 0
24251, 21406, 0, 0
24251, 21288, 1, 0
24500, 10449, 0, 0
24500, 36073, 1, 0
24750, 8166, 0, 0
24750, 10802, 1, 0
25000, 15660, 0, 0
25000, 16351, 1, 0
25250, 25571, 0, 0
25250, 24924, 1, 0
25501, 44436, 0, 0
25501, 47133, 1, 0
25750, 2598, 0, 0
25750, 19788, 1, 0
26000, 13573, 0, 0
26000, 17815, 1, 0
26250, 21114, 0, 0
26250, 21758, 1, 0
26500, 48396, 0, 0
26500, 53914, 1, 0
26750, 17005, 0, 0
26750, 21634, 1, 0
27000, 1286, 0, 0
27000, 35047, 1, 0
27371, 10878, 0, 0
27371, 20014, 1, 0
27501, 45259, 0, 0
27501, 40787, 1, 0
27750, 16877, 0, 0
27750, 17687, 1, 0
28000, 17788, 0, 0
28000, 18553, 1, 0
28250, 8559, 0, 0
28250, 11434, 1, 0
28571, 30956, 0, 0
28571, 33074, 1, 0
28750, 20996, 0, 0
28750, 21259, 1, 0
29000, 15490, 0, 0
29000, 16096, 1, 0
29251, 3788, 0, 0
29251, 14282, 1, 0
29531, 25476, 0, 0
29531, 25104, 1, 0
29750, 37643, 0, 0
29750, 35217, 1, 0
30000, 14845, 0, 0
30000, 15522, 1, 0
30266, 13083, 0, 0
30266, 16938, 1, 0
30500, 14492, 0, 0
30500, 17399, 1, 0
30750, 21282, 0, 0
30750, 22124, 1, 0
31000, 17071, 0, 0
31000, 17652, 1, 0
31250, 18204, 0, 0
31250, 18972, 1, 0
31500, 37295, 0, 0
31500, 48616, 1, 0
31750, 5684, 0, 0
31750, 13170, 1, 0
32000, 18297, 0, 0
32000, 19492, 1, 0
32276, 19035, 0, 0
32276, 19616, 1, 0
32500, 26887, 0, 0
32500, 31479, 1, 0
32750, 5781, 0, 0
32750, 13154, 1, 0
33001, 18100, 0, 0
33001, 18669, 1, 0
33316, 23833, 0, 0
33316, 27541, 1, 0
33501, 55670, 0, 0
33501, 46576, 1, 0
33751, 14109, 0, 0
33751, 16122, 1, 0
34001, 7129, 0, 0
34001, 12957, 1, 0
34291, 23040, 0, 0
34291, 24690, 1, 0
34570, 26629, 0, 0
34570, 28861, 1, 0
34750, 42746, 0, 0
34750, 45409, 1, 0
35011, 16910, 0, 0
35011, 17956, 1, 0
35250, 21176, 0, 0
35250, 45503, 1, 0
35500, 11933, 0, 0
35500, 16245, 1, 0
35752, 17062, 0, 0
35752, 17976, 1, 0
36000, 20577, 0, 0
36000, 20687, 1, 0
36250, 96179, 0, 0
36250, 94081, 1, 0
36500, 13229, 0, 0
36500, 17083, 1, 0
36750, 8203, 0, 0
36750, 11165, 1, 0
37000, 18499, 0, 0
37000, 20831, 1, 0
37250, 76507, 0, 0
37250, 96042, 1, 0
37500, 16507, 0, 0
37500, 17900, 1, 0
37750, 4078, 0, 0
37750, 13011, 1, 0
38000, 21647, 0, 0
38000, 21948, 1, 0
38406, 17210, 0, 0
38406, 20247, 1, 0
38500, 53045, 0, 0
38500, 67148, 1, 0
38750, 9742, 0, 0
38750, 15743, 1, 0
39000, 7326, 0, 0
39000, 13493, 1, 0
39250, 51707, 0, 0
39250, 62780, 1, 0
39500, 17083, 0, 0
39500, 18038, 1, 0
39752, 19431, 0, 0
39752, 20400, 1, 0
40000, 4743, 0, 0
40000, 14660, 1, 0
40288, 24325, 0, 0
40288, 28649, 1, 0
40502, 21887, 0, 0
40502, 23449, 1, 0
40750, 15305, 0, 0
40750, 15842, 1, 0
41000, 12497, 0, 0
41000, 17775, 1, 0
41250, 17094, 0, 0
41250, 27707, 1, 0
41500, 24441, 0, 0
41500, 24740, 1, 0
41751, 24241, 0, 0
41751, 23731, 1, 0
42000, 26454, 0, 0
42000, 24733, 1, 0
42250, 28020, 0, 0
42250, 33024, 1, 0
42500, 4110, 0, 0
42500, 14600, 1, 0
42750, 16397, 0, 0
42750, 17162, 1, 0
43000, 19117, 0, 0
43000, 19724, 1, 0
43263, 33776, 0, 0
43263, 33847, 1, 0
43500, 7353, 0, 0
43500, 18736, 1, 0
43750, 13728, 0, 0
43750, 16549, 1, 0
44038, 18077, 0, 0
44038, 19185, 1, 0
44250, 41147, 0, 0
44250, 42132, 1, 0
44500, 6954, 0, 0
44500, 13346, 1, 0
44750, 10923, 0, 0
44750, 16018, 1, 0
45000, 32803, 0, 0
45000, 34883, 1, 0
45251, 29295, 0, 0
45251, 46354, 1, 0
45500, 28354, 0, 0
45500, 29575, 1, 0
45751, 3650, 0, 0
45751, 13297, 1, 0
46148, 24729, 0, 0
46148, 25358, 1, 0
46250, 68502, 0, 0
46250, 68106, 1, 0
46502, 20399, 0, 0
46502, 21260, 1, 0
46750, 17236, 0, 0
46750, 19512, 1, 0
47021, 773, 0, 0
47021, 18185, 1, 0
47251, 1276, 0, 0
47251, 44495, 1, 0
47500, 14966, 0, 0
47500, 15759, 1, 0
47750, 14777, 0, 0
47750, 14827, 1, 0
48000, 5387, 0, 0
48000, 17134, 1, 0
48251, 5512, 0, 0
48251, 37593, 1, 0
48501, 19250, 0, 0
48501, 20699, 1, 0
48788, 24062, 0, 0
48788, 26095, 1, 0
49000, 33369, 0, 0
49000, 30231, 1, 0
49261, 9898, 0, 0
49261, 17990, 1, 0
49502, 14046, 0, 0
49502, 18645, 1, 0
49766, 28042, 0, 0
49766, 31008, 1, 0
50000, 31825, 0, 0
50000, 36151, 1, 0
50250, 73507, 0, 0
50250, 94640, 1, 0
50500, 13231, 0, 0
50500, 16114, 1, 0
50750, 4254, 0, 0
50750, 13216, 1, 0
51027, 31465, 0, 0
51027, 34319, 1, 0
51250, 24338, 0, 0
51250, 28546, 1, 0
51502, 23491, 0, 0
51502, 27287, 1, 0
51820, 26517, 0, 0
51820, 28707, 1, 0
52056, 16478, 0, 0
52056, 43590, 1, 0
52250, 7985, 0, 0
52250, 17642, 1, 0
52500, 17298, 0, 0
52500, 18267, 1, 0
52750, 17946, 0, 0
52750, 18776, 1, 0
53003, 43520, 0, 0
53003, 71673, 1, 0
53250, 3430, 0, 0
53250, 13988, 1, 0
53500, 14817, 0, 0
53500, 15997, 1, 0
53751, 17412, 0, 0
53751, 17368, 1, 0
54000, 12329, 0, 0
54000, 22389, 1, 0
54250, 7014, 0, 0
54250, 13793, 1, 0
54500, 24246, 0, 0
54500, 25781, 1, 0
54766, 23807, 0, 0
54766, 25278, 1, 0
55011, 25535, 0, 0
55011, 31916, 1, 0
55250, 18435, 0, 0
55250, 28161, 1, 0
55500, 5356, 0, 0
55500, 13418, 1, 0
55750, 26482, 0, 0
55750, 25803, 1, 0
56001, 57131, 0, 0
56001, 52502, 1, 0
56252, 23523, 0, 0
56252, 25115, 1, 0
56500, 12385, 0, 0
56500, 14389, 1, 0
56805, 10155, 0, 0
56805, 15682, 1, 0
57001, 81303, 0, 0
57001, 100213, 1, 0
57251, 42822, 0, 0
57251, 41133, 1, 0
57500, 20838, 0, 0
57500, 20761, 1, 0
57750, 17627, 0, 0
57750, 18199, 1, 0
58024, 57605, 0, 0
58024, 65480, 1, 0
58250, 7126, 0, 0
58250, 22615, 1, 0
58500, 17445, 0, 0
58500, 19810, 1, 0
58870, 23020, 0, 0
58870, 24945, 1, 0
59001, 40772, 0, 0
59001, 46225, 1, 0
59250, 19052, 0, 0
59250, 20040, 1, 0
59500, 5351, 0, 0
59500, 17264, 1, 0
59750, 19474, 0, 0
59750, 22234, 1, 0
60002, 46723, 0, 0
60002, 40673, 1, 0
60011, 18597, 0, 0
60011, 18327, 1, 0
250, 15999, 0, 0
250, 16563, 1, 0
500, 16630, 0, 0
500, 16878, 1, 0
750, 16998, 0, 0
750, 17518, 1, 0
1001, 30730, 0, 0
1001, 32231, 1, 0
1250, 14825, 0, 0
1250, 14981, 1, 0
1500, 16832, 0, 0
1500, 18160, 1, 0
1750, 27549, 0, 0
1750, 28726, 1, 0
2000, 37272, 0, 0
2000, 42440, 1, 0
2251, 19901, 0, 0
2251, 21214, 1, 0
2500, 16756, 0, 0
2500, 17771, 1, 0
2798, 17051, 0, 0
2798, 18482, 1, 0
3000, 38133, 0, 0
3000, 34943, 1, 0
3251, 20712, 0, 0
3251, 21436, 1, 0
3500, 20853, 0, 0
3500, 22219, 1, 0
3774, 43357, 0, 0
3774, 50530, 1, 0
4000, 33530, 0, 0
4000, 32162, 1, 0
4250, 12726, 0, 0
4250, 18157, 1, 0
4563, 21425, 0, 0
4563, 23110, 1, 0
4750, 72770, 0, 0
4750, 69968, 1, 0
5002, 19994, 0, 0
5002, 20695, 1, 0
5250, 22048, 0, 0
5250, 22539, 1, 0
5521, 17948, 0, 0
5521, 18953, 1, 0
5750, 91417, 0, 0
5750, 91108, 1, 0
6000, 13491, 0, 0
6000, 14332, 1, 0
6250, 22403, 0, 0
6250, 22516, 1, 0
6511, 17562, 0, 0
6511, 19164, 1, 0
6829, 39048, 0, 0
6829, 39517, 1, 0
7000, 34854, 0, 0
7000, 30706, 1, 0
7250, 10840, 0, 0
7250, 15228, 1, 0
7501, 17101, 0, 0
7501, 18685, 1, 0
7750, 23761, 0, 0
7750, 26593, 1, 0
8001, 16439, 0, 0
8001, 17003, 1, 0
8252, 18257, 0, 0
8252, 19294, 1, 0
8500, 11595, 0, 0
8500, 15951, 1, 0
8887, 42738, 0, 0
8887, 43560, 1, 0
9000, 37355, 0, 0
9000, 40024, 1, 0
9251, 15436, 0, 0
9251, 16013, 1, 0
9502, 25696, 0, 0
9502, 30297, 1, 0
9791, 35334, 0, 0
9791, 40555, 1, 0
10001, 16020, 0, 0
10001, 21602, 1, 0
10250, 14589, 0, 0
10250, 14971, 1, 0
10500, 19888, 0, 0
10500, 19985, 1, 0
10750, 66155, 0, 0
10750, 61811, 1, 0
11000, 18324, 0, 0
11000, 19682, 1, 0
11250, 11617, 0, 0
11250, 13333, 1, 0
11502, 18282, 0, 0
11502, 17251, 1, 0
11753, 48589, 0, 0
11753, 47871, 1, 0
12000, 19150, 0, 0
12000, 21293, 1, 0
12250, 16982, 0, 0
12250, 17403, 1, 0
12603, 16418, 0, 0
12603, 19232, 1, 0
12751, 40434, 0, 0
12751, 41780, 1, 0
13001, 20074, 0, 0
13001, 21960, 1, 0
13250, 17407, 0, 0
13250, 18112, 1, 0
13635, 19944, 0, 0
13635, 22253, 1, 0
13750, 46645, 0, 0
13750, 54023, 1, 0
14001, 28221, 0, 0
14001, 28484, 1, 0
14250, 14083, 0, 0
14250, 15394, 1, 0
14521, 22336, 0, 0
14521, 23506, 1, 0
14750, 46996, 0, 0
14750, 51087, 1, 0
15000, 20432, 0, 0
15000, 20022, 1, 0
15250, 21992, 0, 0
15250, 23065, 1, 0
15500, 18618, 0, 0
15500, 23525, 1, 0
15751, 5779, 0, 0
15751, 35643, 1, 0
16000, 17391, 0, 0
16000, 17972, 1, 0
16251, 18995, 0, 0
16251, 20392, 1, 0
16535, 22920, 0, 0
16535, 23213, 1, 0
16750, 142469, 0, 0
16750, 132080, 1, 0
17000, 17648, 0, 0
17000, 17132, 1, 0
17250, 11692, 0, 0
17250, 13458, 1, 0
17518, 20749, 0, 0
17518, 20721, 1, 0
17750, 52234, 0, 0
17750, 43898, 1, 0
18000, 17652, 0, 0
18000, 19424, 1, 0
18250, 17333, 0, 0
18250, 18325, 1, 0
18549, 5604, 0, 0
18549, 12540, 1, 0
18750, 32492, 0, 0
18750, 30871, 1, 0
19001, 19230, 0, 0
19001, 19702, 1, 0
19250, 20685, 0, 0
19250, 21685, 1, 0
19506, 26491, 0, 0
19506, 26047, 1, 0
19750, 15821, 0, 0
19750, 25352, 1, 0
20000, 13941, 0, 0
20000, 16380, 1, 0
20286, 12899, 0, 0
20286, 13727, 1, 0
20501, 28175, 0, 0
20501, 31633, 1, 0
20752, 14002, 0, 0
20752, 18880, 1, 0
21000, 10897, 0, 0
21000, 30118, 1, 0
21259, 26955, 0, 0
21259, 30260, 1, 0
21503, 40499, 0, 0
21503, 37578, 1, 0
21750, 19170, 0, 0
21750, 21087, 1, 0
22000, 16502, 0, 0
22000, 17195, 1, 0
22250, 11188, 0, 0
22250, 14211, 1, 0
22502, 39577, 0, 0
22502, 47625, 1, 0
22750, 22399, 0, 0
22750, 24020, 1, 0
23000, 18934, 0, 0
23000, 18958, 1, 0
23250, 17287, 0, 0
23250, 18292, 1, 0
23502, 48726, 0, 0
23502, 49725, 1, 0
23750, 20174, 0, 0
23750, 21754, 1, 0
24012, 17430, 0, 0
24012, 18326, 1, 0
24312, 25384, 0, 0
24312, 25632, 1, 0
24500, 57313, 0, 0
24500, 62794, 1, 0
24751, 37394, 0, 0
24751, 38098, 1, 0
25000, 19357, 0, 0
25000, 19570, 1, 0
25252, 12866, 0, 0
25252, 17006, 1, 0
25500, 34003, 0, 0
25500, 39704, 1, 0
25750, 19124, 0, 0
25750, 19701, 1, 0
26000, 18184, 0, 0
26000, 18784, 1, 0
26250, 18628, 0, 0
26250, 18814, 1, 0
26501, 10243, 0, 0
26501, 22449, 1, 0
26750, 19628, 0, 0
26750, 19743, 1, 0
27000, 47953, 0, 0
27000, 45590, 1, 0
27371, 17885, 0, 0
27371, 18667, 1, 0
27501, 43034, 0, 0
27501, 46703, 1, 0
27751, 17566, 0, 0
27751, 18588, 1, 0
28000, 12924, 0, 0
28000, 14707, 1, 0
28250, 22611, 0, 0
28250, 23970, 1, 0
28571, 27505, 0, 0
28571, 27181, 1, 0
28750, 25503, 0, 0
28750, 21702, 1, 0
29000, 15364, 0, 0
29000, 16222, 1, 0
29250, 14227, 0, 0
29250, 16795, 1, 0
29531, 28556, 0, 0
29531, 30472, 1, 0
29750, 39013, 0, 0
29750, 36988, 1, 0
30001, 20360, 0, 0
30001, 20430, 1, 0
30266, 20100, 0, 0
30266, 25050, 1, 0
30500, 44844, 0, 0
30500, 36542, 1, 0
30750, 19630, 0, 0
30750, 20709, 1, 0
31000, 14834, 0, 0
31000, 15156, 1, 0
31250, 15412, 0, 0
31250, 16333, 1, 0
31504, 33557, 0, 0
31504, 49867, 1, 0
31750, 20241, 0, 0
31750, 20754, 1, 0
32000, 18338, 0, 0
32000, 19432, 1, 0
32276, 15861, 0, 0
32276, 18068, 1, 0
32500, 31145, 0, 0
32500, 36159, 1, 0
32750, 19640, 0, 0
32750, 20723, 1, 0
33001, 15907, 0, 0
33001, 16805, 1, 0
33316, 25365, 0, 0
33316, 25392, 1, 0
33501, 48680, 0, 0
33501, 43716, 1, 0
33751, 16184, 0, 0
33751, 17933, 1, 0
34000, 22428, 0, 0
34000, 23058, 1, 0
34291, 30837, 0, 0
34291, 31319, 1, 0
34570, 54866, 0, 0
34570, 48105, 1, 0
34750, 44647, 0, 0
34750, 47310, 1, 0
35028, 17633, 0, 0
35028, 18363, 1, 0
35255, 61021, 0, 0
35255, 65370, 1, 0
35500, 20978, 0, 0
35500, 23327, 1, 0
35751, 14776, 0, 0
35751, 15916, 1, 0
36000, 17526, 0, 0
36000, 18188, 1, 0
36250, 71361, 0, 0
36250, 71291, 1, 0
36503, 17975, 0, 0
36503, 18166, 1, 0
36750, 19355, 0, 0
36750, 20101, 1, 0
37000, 19762, 0, 0
37000, 21058, 1, 0
37252, 81342, 0, 0
37252, 116800, 1, 0
37502, 19964, 0, 0
37502, 21105, 1, 0
37750, 21000, 0, 0
37750, 21831, 1, 0
38001, 20096, 0, 0
38001, 22027, 1, 0
38308, 18630, 0, 0
38308, 17545, 1, 0
38500, 49454, 0, 0
38500, 80029, 1, 0
38754, 16922, 0, 0
38754, 18308, 1, 0
39000, 23072, 0, 0
39000, 23619, 1, 0
39250, 51869, 0, 0
39250, 48496, 1, 0
39500, 17418, 0, 0
39500, 18494, 1, 0
39751, 19503, 0, 0
39751, 20530, 1, 0
40000, 35114, 0, 0
40000, 34701, 1, 0
40288, 20281, 0, 0
40288, 23641, 1, 0
40502, 28026, 0, 0
40502, 26185, 1, 0
40750, 16815, 0, 0
40750, 18469, 1, 0
41000, 34600, 0, 0
41000, 38706, 1, 0
41250, 50516, 0, 0
41250, 58907, 1, 0
41500, 26847, 0, 0
41500, 28182, 1, 0
41750, 22926, 0, 0
41750, 24667, 1, 0
42065, 21399, 0, 0
42065, 20898, 1, 0
42250, 51706, 0, 0
42250, 40973, 1, 0
42500, 23872, 0, 0
42500, 24896, 1, 0
42750, 16396, 0, 0
42750, 16813, 1, 0
43001, 17338, 0, 0
43001, 18189, 1, 0
43263, 32148, 0, 0
43263, 39581, 1, 0
43500, 26941, 0, 0
43500, 26032, 1, 0
43751, 18402, 0, 0
43751, 18475, 1, 0
44038, 22070, 0, 0
44038, 22511, 1, 0
44250, 47531, 0, 0
44250, 41677, 1, 0
44500, 20727, 0, 0
44500, 20882, 1, 0
44751, 25439, 0, 0
44751, 25389, 1, 0
45000, 37972, 0, 0
45000, 32855, 1, 0
45251, 23248, 0, 0
45251, 45994, 1, 0
45500, 23108, 0, 0
45500, 25316, 1, 0
45751, 18807, 0, 0
45751, 19835, 1, 0
46148, 27914, 0, 0
46148, 29541, 1, 0
46252, 52434, 0, 0
46252, 66056, 1, 0
46500, 20002, 0, 0
46500, 20870, 1, 0
46751, 11027, 0, 0
46751, 14705, 1, 0
47021, 15852, 0, 0
47021, 18023, 1, 0
47250, 49625, 0, 0
47250, 60115, 1, 0
47501, 20321, 0, 0
47501, 20885, 1, 0
47750, 17117, 0, 0
47750, 17980, 1, 0
48038, 24082, 0, 0
48038, 28536, 1, 0
48250, 21608, 0, 0
48250, 42250, 1, 0
48500, 18031, 0, 0
48500, 18334, 1, 0
48780, 18667, 0, 0
48780, 19788, 1, 0
49001, 32365, 0, 0
49001, 33876, 1, 0
49262, 20470, 0, 0
49262, 23436, 1, 0
49500, 18252, 0, 0
49500, 21491, 1, 0
49765, 11774, 0, 0
49765, 16428, 1, 0
50000, 31090, 0, 0
50000, 29350, 1, 0
50250, 67899, 0, 0
50250, 67146, 1, 0
50501, 13636, 0, 0
50501, 14282, 1, 0
50750, 37905, 0, 0
50750, 40139, 1, 0
51026, 40017, 0, 0
51026, 44393, 1, 0
51251, 10064, 0, 0
51251, 20996, 1, 0
51500, 25109, 0, 0
51500, 25881, 1, 0
51820, 28836, 0, 0
51820, 29928, 1, 0
52056, 52006, 0, 0
52056, 63480, 1, 0
52250, 23777, 0, 0
52250, 25358, 1, 0
52500, 24600, 0, 0
52500, 26369, 1, 0
52750, 9441, 0, 0
52750, 16663, 1, 0
53000, 46447, 0, 0
53000, 67329, 1, 0
53250, 30677, 0, 0
53250, 30091, 1, 0
53500, 22820, 0, 0
53500, 23643, 1, 0
53751, 18591, 0, 0
53751, 19285, 1, 0
54003, 25985, 0, 0
54003, 30588, 1, 0
54250, 10292, 0, 0
54250, 21071, 1, 0
54501, 19397, 0, 0
54501, 20484, 1, 0
54766, 21326, 0, 0
54766, 21707, 1, 0
55011, 24329, 0, 0
55011, 30395, 1, 0
55261, 32477, 0, 0
55261, 31910, 1, 0
55500, 34928, 0, 0
55500, 34177, 1, 0
55750, 5406, 0, 0
55750, 19873, 1, 0
56001, 46958, 0, 0
56001, 40623, 1, 0
56250, 19561, 0, 0
56250, 20071, 1, 0
56500, 17789, 0, 0
56500, 18548, 1, 0
56801, 33052, 0, 0
56801, 35085, 1, 0
57001, 84521, 0, 0
57001, 87763, 1, 0
57250, 4934, 0, 0
57250, 23338, 1, 0
57500, 13766, 0, 0
57500, 15094, 1, 0
57752, 15712, 0, 0
57752, 16616, 1, 0
58024, 23690, 0, 0
58024, 28487, 1, 0
58250, 34577, 0, 0
58250, 44344, 1, 0
58501, 7957, 0, 0
58501, 13030, 1, 0
58873, 25010, 0, 0
58873, 27487, 1, 0
59000, 31912, 0, 0
59000, 43244, 1, 0
59251, 17613, 0, 0
59251, 18361, 1, 0
59500, 19648, 0, 0
59500, 20162, 1, 0
59750, 8160, 0, 0
59750, 16442, 1, 0
60000, 48216, 0, 0
60000, 47218, 1, 0
60015, 24771, 0, 0
60015, 25000, 1, 0
250, 17369, 0, 0
250, 18139, 1, 0
500, 17060, 0, 0
500, 17551, 1, 0
750, 16207, 0, 0
750, 16872, 1, 0
1000, 35887, 0, 0
1000, 38704, 1, 0
1250, 14149, 0, 0
1250, 16557, 1, 0
1500, 16869, 0, 0
1500, 17545, 1, 0
1750, 21490, 0, 0
1750, 23254, 1, 0
2000, 35391, 0, 0
2000, 33873, 1, 0
2250, 19586, 0, 0
2250, 20506, 1, 0
2500, 15192, 0, 0
2500, 15804, 1, 0
2798, 15245, 0, 0
2798, 17650, 1, 0
3003, 34287, 0, 0
3003, 33598, 1, 0
3251, 20839, 0, 0
3251, 21805, 1, 0
3500, 20571, 0, 0
3500, 20757, 1, 0
3774, 45145, 0, 0
3774, 51584, 1, 0
4001, 31634, 0, 0
4001, 30491, 1, 0
4250, 18990, 0, 0
4250, 18343, 1, 0
4563, 19441, 0, 0
4563, 21342, 1, 0
4750, 71225, 0, 0
4750, 72779, 1, 0
5000, 21773, 0, 0
5000, 23157, 1, 0
5253, 20378, 0, 0
5253, 20974, 1, 0
5521, 18870, 0, 0
5521, 20570, 1, 0
5750, 83030, 0, 0
5750, 114528, 1, 0
6000, 16346, 0, 0
6000, 18442, 1, 0
6251, 19347, 0, 0
6251, 20331, 1, 0
6511, 16527, 0, 0
6511, 18338, 1, 0
6830, 49572, 0, 0
6830, 74274, 1, 0
7000, 43529, 0, 0
7000, 36680, 1, 0
7251, 17120, 0, 0
7251, 18390, 1, 0
7501, 15271, 0, 0
7501, 16062, 1, 0
7750, 52380, 0, 0
7750, 52422, 1, 0
8001, 15236, 0, 0
8001, 16040, 1, 0
8250, 17433, 0, 0
8250, 18177, 1, 0
8500, 20611, 0, 0
8500, 23117, 1, 0
8887, 24464, 0, 0
8887, 23326, 1, 0
9000, 35911, 0, 0
9000, 41566, 1, 0
9250, 16142, 0, 0
9250, 16861, 1, 0
9502, 20802, 0, 0
9502, 24945, 1, 0
9792, 32147, 0, 0
9792, 33293, 1, 0
10000, 26153, 0, 0
10000, 28333, 1, 0
10250, 14058, 0, 0
10250, 14231, 1, 0
10501, 18904, 0, 0
10501, 18826, 1, 0
10751, 105464, 0, 0
10751, 79835, 1, 0
11000, 23229, 0, 0
11000, 22956, 1, 0
11250, 18677, 0, 0
11250, 20486, 1, 0
11502, 20590, 0, 0
11502, 24352, 1, 0
11750, 15759, 0, 0
11750, 24583, 1, 0
12001, 18992, 0, 0
12001, 19286, 1, 0
12250, 16779, 0, 0
12250, 17638, 1, 0
12603, 18161, 0, 0
12603, 22135, 1, 0
12750, 39119, 0, 0
12750, 36413, 1, 0
13001, 8433, 0, 0
13001, 13349, 1, 0
13250, 15298, 0, 0
13250, 15961, 1, 0
13635, 17844, 0, 0
13635, 19802, 1, 0
13751, 51368, 0, 0
13751, 41819, 1, 0
14000, 20741, 0, 0
14000, 20969, 1, 0
14250, 9927, 0, 0
14250, 11044, 1, 0
14521, 21054, 0, 0
14521, 24826, 1, 0
14750, 41145, 0, 0
14750, 53009, 1, 0
15003, 21349, 0, 0
15003, 20262, 1, 0
15250, 19238, 0, 0
15250, 20937, 1, 0
15529, 7540, 0, 0
15529, 15629, 1, 0
15750, 50637, 0, 0
15750, 58135, 1, 0
16000, 15496, 0, 0
16000, 16474, 1, 0
16251, 19033, 0, 0
16251, 19861, 1, 0
16535, 18562, 0, 0
16535, 19742, 1, 0
16750, 45151, 0, 0
16750, 42032, 1, 0
17001, 7733, 0, 0
17001, 13562, 1, 0
17250, 16314, 0, 0
17250, 17146, 1, 0
17551, 22428, 0, 0
17551, 27763, 1, 0
17750, 41897, 0, 0
17750, 38891, 1, 0
18000, 7972, 0, 0
18000, 11443, 1, 0
18251, 16817, 0, 0
18251, 17734, 1, 0
18550, 19657, 0, 0
18550, 22461, 1, 0
18750, 35174, 0, 0
18750, 34500, 1, 0
19000, 15026, 0, 0
19000, 16629, 1, 0
19250, 6657, 0, 0
19250, 14920, 1, 0
19547, 39574, 0, 0
19547, 41911, 1, 0
19750, 29665, 0, 0
19750, 33496, 1, 0
20000, 16796, 0, 0
20000, 17190, 1, 0
20286, 5519, 0, 0
20286, 20335, 1, 0
20501, 1593, 0, 0
20501, 52339, 1, 0
20763, 20515, 0, 0
20763, 22213, 1, 0
21000, 29697, 0, 0
21000, 30945, 1, 0
21259, 31571, 0, 0
21259, 31972, 1, 0
21500, 47936, 0, 0
21500, 40474, 1, 0
21751, 14337, 0, 0
21751, 21072, 1, 0
22002, 3574, 0, 0
22002, 19417, 1, 0
22251, 23342, 0, 0
22251, 22042, 1, 0
22500, 54092, 0, 0
22500, 62671, 1, 0
22750, 22742, 0, 0
22750, 24812, 1, 0
23000, 8581, 0, 0
23000, 13074, 1, 0
23250, 7523, 0, 0
23250, 13930, 1, 0
23501, 44244, 0, 0
23501, 48312, 1, 0
23750, 27734, 0, 0
23750, 27391, 1, 0
24006, 12946, 0, 0
24006, 15652, 1, 0
24250, 2776, 0, 0
24250, 16454, 1, 0
24501, 19532, 0, 0
24501, 24411, 1, 0
24751, 31181, 0, 0
24751, 28695, 1, 0
25000, 17831, 0, 0
25000, 18186, 1, 0
25250, 2596, 0, 0
25250, 19842, 1, 0
25500, 6894, 0, 0
25500, 32642, 1, 0
25750, 20728, 0, 0
25750, 21386, 1, 0
26000, 16683, 0, 0
26000, 17410, 1, 0
26250, 3913, 0, 0
26250, 11851, 1, 0
26500, 24832, 0, 0
26500, 22457, 1, 0
26750, 22399, 0, 0
26750, 25114, 1, 0
27000, 60966, 0, 0
27000, 54492, 1, 0
27371, 17188, 0, 0
27371, 21455, 1, 0
27500, 979, 0, 0
27500, 24751, 1, 0
27750, 9415, 0, 0
27750, 13974, 1, 0
28000, 16128, 0, 0
28000, 16898, 1, 0
28250, 7222, 0, 0
28250, 14233, 1, 0
28571, 6757, 0, 0
28571, 20326, 1, 0
28750, 29661, 0, 0
28750, 27760, 1, 0
29001, 19222, 0, 0
29001, 19922, 1, 0
29250, 13272, 0, 0
29250, 18139, 1, 0
29624, 2976, 0, 0
29624, 23720, 1, 0
29750, 8139, 0, 0
29750, 36386, 1, 0
30000, 19126, 0, 0
30000, 20529, 1, 0
30266, 21314, 0, 0
30266, 27836, 1, 0
30500, 40982, 0, 0
30500, 38662, 1, 0
30750, 5860, 0, 0
30750, 8847, 1, 0
31000, 13525, 0, 0
31000, 14308, 1, 0
31250, 14207, 0, 0
31250, 14207, 1, 0
31500, 3134, 0, 0
31500, 17617, 1, 0
31750, 15603, 0, 0
31750, 17528, 1, 0
32000, 18259, 0, 0
32000, 18701, 1, 0
32276, 7853, 0, 0
32276, 13431, 1, 0
32500, 4822, 0, 0
32500, 19951, 1, 0
32750, 18977, 0, 0
32750, 19453, 1, 0
33000, 17058, 0, 0
33000, 17887, 1, 0
33315, 3054, 0, 0
33315, 13617, 1, 0
33500, 19559, 0, 0
33500, 42250, 1, 0
33750, 15182, 0, 0
33750, 15859, 1, 0
34000, 12629, 0, 0
34000, 14934, 1, 0
34291, 2020, 0, 0
34291, 12654, 1, 0
34570, 29379, 0, 0
34570, 30755, 1, 0
34751, 49389, 0, 0
34751, 51282, 1, 0
35028, 18189, 0, 0
35028, 19185, 1, 0
35250, 38920, 0, 0
35250, 48898, 1, 0
35500, 2243, 0, 0
35500, 11658, 1, 0
35750, 15008, 0, 0
35750, 15379, 1, 0
36000, 9327, 0, 0
36000, 15832, 1, 0
36250, 1331, 0, 0
36250, 25382, 1, 0
36500, 13491, 0, 0
36500, 16187, 1, 0
36750, 21155, 0, 0
36750, 21665, 1, 0
37000, 9480, 0, 0
37000, 15528, 1, 0
37250, 941, 0, 0
37250, 34369, 1, 0
37501, 10462, 0, 0
37501, 14402, 1, 0
37750, 16759, 0, 0
37750, 17739, 1, 0
38003, 3385, 0, 0
38003, 10306, 1, 0
38406, 16042, 0, 0
38406, 18342, 1, 0
38500, 60241, 0, 0
38500, 62493, 1, 0
38755, 19355, 0, 0
38755, 19092, 1, 0
39000, 7164, 0, 0
39000, 10724, 1, 0
39250, 12979, 0, 0
39250, 29368, 1, 0
39500, 17292, 0, 0
39500, 18156, 1, 0
39750, 17673, 0, 0
39750, 18940, 1, 0
40000, 3369, 0, 0
40000, 11681, 1, 0
40288, 24172, 0, 0
40288, 25420, 1, 0
40503, 26042, 0, 0
40503, 29620, 1, 0
40750, 13504, 0, 0
40750, 16721, 1, 0
41001, 1184, 0, 0
41001, 24720, 1, 0
41251, 4086, 0, 0
41251, 38364, 1, 0
41500, 26342, 0, 0
41500, 26402, 1, 0
41752, 24844, 0, 0
41752, 25394, 1, 0
42000, 30695, 0, 0
42000, 27115, 1, 0
42250, 11769, 0, 0
42250, 14853, 1, 0
42501, 9081, 0, 0
42501, 11621, 1, 0
42751, 15170, 0, 0
42751, 15975, 1, 0
43000, 6220, 0, 0
43000, 12502, 1, 0
43263, 1234, 0, 0
43263, 19061, 1, 0
43500, 22978, 0, 0
43500, 26285, 1, 0
43751, 18326, 0, 0
43751, 19166, 1, 0
44000, 2333, 0, 0
44000, 17601, 1, 0
44251, 1213, 0, 0
44251, 28858, 1, 0
44500, 21632, 0, 0
44500, 22466, 1, 0
44750, 22668, 0, 0
44750, 24863, 1, 0
45000, 10619, 0, 0
45000, 16982, 1, 0
45250, 4246, 0, 0
45250, 45064, 1, 0
45500, 9253, 0, 0
45500, 12932, 1, 0
45751, 18827, 0, 0
45751, 19475, 1, 0
46148, 14069, 0, 0
46148, 22907, 1, 0
46250, 1166, 0, 0
46250, 54259, 1, 0
46500, 2066, 0, 0
46500, 19098, 1, 0
46750, 22572, 0, 0
46750, 23180, 1, 0
47021, 18517, 0, 0
47021, 20388, 1, 0
47250, 36220, 0, 0
47250, 55514, 1, 0
47500, 812, 0, 0
47500, 19733, 1, 0
47750, 5561, 0, 0
47750, 20913, 1, 0
48038, 23629, 0, 0
48038, 30774, 1, 0
48250, 75884, 0, 0
48250, 82470, 1, 0
48500, 9437, 0, 0
48500, 13840, 1, 0
48788, 2315, 0, 0
48788, 12618, 1, 0
49001, 28522, 0, 0
49001, 30979, 1, 0
49262, 26111, 0, 0
49262, 27964, 1, 0
49500, 6262, 0, 0
49500, 13703, 1, 0
49781, 7298, 0, 0
49781, 13133, 1, 0
50001, 55982, 0, 0
50001, 56688, 1, 0
50251, 97093, 0, 0
50251, 107924, 1, 0
50500, 22175, 0, 0
50500, 20328, 1, 0
50750, 2135, 0, 0
50750, 12198, 1, 0
51004, 9044, 0, 0
51004, 21385, 1, 0
51252, 26875, 0, 0
51252, 30401, 1, 0
51500, 7755, 0, 0
51500, 15875, 1, 0
51820, 1644, 0, 0
51820, 12437, 1, 0
52056, 62470, 0, 0
52056, 60535, 1, 0
52250, 32583, 0, 0
52250, 25015, 1, 0
52500, 3773, 0, 0
52500, 10648, 1, 0
52750, 8682, 0, 0
52750, 13708, 1, 0
53000, 88473, 0, 0
53000, 62249, 1, 0
53250, 5053, 0, 0
53250, 12393, 1, 0
53500, 800, 0, 0
53500, 18022, 1, 0
53753, 22388, 0, 0
53753, 25613, 1, 0
54000, 6724, 0, 0
54000, 21138, 1, 0
54251, 2207, 0, 0
54251, 11123, 1, 0
54500, 14101, 0, 0
54500, 17300, 1, 0
54771, 937, 0, 0
54771, 11733, 1, 0
55011, 3362, 0, 0
55011, 16648, 1, 0
55250, 18181, 0, 0
55250, 23193, 1, 0
55500, 1460, 0, 0
55500, 11471, 1, 0
55750, 12587, 0, 0
55750, 22126, 1, 0
56000, 31177, 0, 0
56000, 25080, 1, 0
56250, 1097, 0, 0
56250, 12211, 1, 0
56500, 8104, 0, 0
56500, 14008, 1, 0
56803, 8001, 0, 0
56803, 26338, 1, 0
57000, 1340, 0, 0
57000, 58777, 1, 0
57250, 1866, 0, 0
57250, 24816, 1, 0
57500, 8318, 0, 0
57500, 17073, 1, 0
57750, 15640, 0, 0
57750, 16687, 1, 0
58024, 7502, 0, 0
58024, 25429, 1, 0
58250, 13199, 0, 0
58250, 27921, 1, 0
58500, 10858, 0, 0
58500, 12865, 1, 0
58870, 10867, 0, 0
58870, 21370, 1, 0
59000, 1980, 0, 0
59000, 37228, 1, 0
59250, 1188, 0, 0
59250, 17832, 1, 0
59500, 15718, 0, 0
59500, 21262, 1, 0
59750, 3706, 0, 0
59750, 10544, 1, 0
60000, 3812, 0, 0
60000, 19729, 1, 0
60017, 25208, 0, 0
60017, 25527, 1, 0
250, 15330, 0, 0
250, 15751, 1, 0
500, 16268, 0, 0
500, 16933, 1, 0
750, 15688, 0, 0
750, 16426, 1, 0
1000, 29507, 0, 0
1000, 33928, 1, 0
1250, 13631, 0, 0
1250, 14495, 1, 0
1500, 14629, 0, 0
1500, 16258, 1, 0
1751, 23791, 0, 0
1751, 24846, 1, 0
2000, 30628, 0, 0
2000, 36985, 1, 0
2251, 17836, 0, 0
2251, 18787, 1, 0
2500, 16627, 0, 0
2500, 17554, 1, 0
2824, 21304, 0, 0
2824, 22687, 1, 0
3001, 30383, 0, 0
3001, 26268, 1, 0
3250, 15705, 0, 0
3250, 16584, 1, 0
3500, 15634, 0, 0
3500, 16275, 1, 0
3775, 65674, 0, 0
3775, 70449, 1, 0
4001, 20628, 0, 0
4001, 23486, 1, 0
4251, 15120, 0, 0
4251, 15648, 1, 0
4562, 14491, 0, 0
4562, 15238, 1, 0
4750, 61108, 0, 0
4750, 64050, 1, 0
5000, 14008, 0, 0
5000, 14525, 1, 0
5253, 15193, 0, 0
5253, 15091, 1, 0
5508, 13356, 0, 0
5508, 14460, 1, 0
5750, 79953, 0, 0
5750, 73749, 1, 0
6001, 16863, 0, 0
6001, 17568, 1, 0
6250, 15502, 0, 0
6250, 16384, 1, 0
6511, 16054, 0, 0
6511, 16870, 1, 0
6829, 35582, 0, 0
6829, 34193, 1, 0
7000, 27976, 0, 0
7000, 34754, 1, 0
7250, 16932, 0, 0
7250, 17990, 1, 0
7501, 19162, 0, 0
7501, 21168, 1, 0
7751, 17241, 0, 0
7751, 19946, 1, 0
8000, 15981, 0, 0
8000, 16538, 1, 0
8250, 17203, 0, 0
8250, 17808, 1, 0
8500, 23108, 0, 0
8500, 24048, 1, 0
8887, 46957, 0, 0
8887, 45235, 1, 0
9000, 46334, 0, 0
9000, 45144, 1, 0
9250, 16561, 0, 0
9250, 18058, 1, 0
9502, 29180, 0, 0
9502, 28183, 1, 0
9791, 23526, 0, 0
9791, 25956, 1, 0
10001, 32112, 0, 0
10001, 34218, 1, 0
10250, 15508, 0, 0
10250, 16478, 1, 0
10501, 18599, 0, 0
10501, 17660, 1, 0
10750, 48725, 0, 0
10750, 49414, 1, 0
11000, 18811, 0, 0
11000, 20222, 1, 0
11250, 19092, 0, 0
11250, 19802, 1, 0
11502, 21589, 0, 0
11502, 22384, 1, 0
11750, 52149, 0, 0
11750, 59655, 1, 0
12002, 18207, 0, 0
12002, 20360, 1, 0
12250, 15085, 0, 0
12250, 15079, 1, 0
12604, 20159, 0, 0
12604, 23148, 1, 0
12750, 30770, 0, 0
12750, 38062, 1, 0
13001, 19994, 0, 0
13001, 21112, 1, 0
13250, 15858, 0, 0
13250, 16724, 1, 0
13635, 15343, 0, 0
13635, 20497, 1, 0
13750, 38244, 0, 0
13750, 52268, 1, 0
14001, 22173, 0, 0
14001, 22358, 1, 0
14250, 18069, 0, 0
14250, 19374, 1, 0
14522, 23717, 0, 0
14522, 25519, 1, 0
14750, 41320, 0, 0
14750, 45763, 1, 0
15000, 20279, 0, 0
15000, 21355, 1, 0
15250, 18364, 0, 0
15250, 17442, 1, 0
15500, 23186, 0, 0
15500, 23646, 1, 0
15752, 64296, 0, 0
15752, 66385, 1, 0
16000, 16872, 0, 0
16000, 17717, 1, 0
16252, 18356, 0, 0
16252, 19216, 1, 0
16535, 21416, 0, 0
16535, 22086, 1, 0
16752, 96569, 0, 0
16752, 84067, 1, 0
17000, 17445, 0, 0
17000, 17943, 1, 0
17250, 18347, 0, 0
17250, 19526, 1, 0
17551, 27505, 0, 0
17551, 25633, 1, 0
17750, 29104, 0, 0
17750, 38547, 1, 0
18000, 19053, 0, 0
18000, 19684, 1, 0
18250, 13261, 0, 0
18250, 17089, 1, 0
18549, 19714, 0, 0
18549, 22183, 1, 0
18750, 37631, 0, 0
18750, 38432, 1, 0
19000, 19427, 0, 0
19000, 20740, 1, 0
19250, 17193, 0, 0
19250, 17713, 1, 0
19506, 27845, 0, 0
19506, 24659, 1, 0
19750, 18605, 0, 0
19750, 21399, 1, 0
20000, 19864, 0, 0
20000, 20637, 1, 0
20286, 20744, 0, 0
20286, 22387, 1, 0
20502, 56441, 0, 0
20502, 57991, 1, 0
20765, 26095, 0, 0
20765, 30475, 1, 0
21000, 29389, 0, 0
21000, 29372, 1, 0
21259, 10597, 0, 0
21259, 25115, 1, 0
21500, 22753, 0, 0
21500, 24812, 1, 0
21750, 14920, 0, 0
21750, 15823, 1, 0
22001, 20218, 0, 0
22001, 21419, 1, 0
22251, 23887, 0, 0
22251, 25467, 1, 0
22500, 64921, 0, 0
22500, 64932, 1, 0
22750, 21821, 0, 0
22750, 24094, 1, 0
23000, 19700, 0, 0
23000, 20295, 1, 0
23251, 19408, 0, 0
23251, 20390, 1, 0
23502, 60850, 0, 0
23502, 64732, 1, 0
23750, 31902, 0, 0
23750, 33901, 1, 0
24012, 18571, 0, 0
24012, 19544, 1, 0
24251, 18640, 0, 0
24251, 18883, 1, 0
24500, 24870, 0, 0
24500, 21520, 1, 0
24750, 28879, 0, 0
24750, 25065, 1, 0
25000, 16425, 0, 0
25000, 16737, 1, 0
25252, 19894, 0, 0
25252, 19985, 1, 0
25500, 23205, 0, 0
25500, 35029, 1, 0
25750, 13206, 0, 0
25750, 13589, 1, 0
26000, 15843, 0, 0
26000, 16641, 1, 0
26251, 18006, 0, 0
26251, 18903, 1, 0
26500, 32201, 0, 0
26500, 25406, 1, 0
26750, 18798, 0, 0
26750, 19196, 1, 0
27003, 61906, 0, 0
27003, 73871, 1, 0
27322, 26451, 0, 0
27322, 26087, 1, 0
27500, 48281, 0, 0
27500, 48253, 1, 0
27750, 17248, 0, 0
27750, 18265, 1, 0
28001, 16030, 0, 0
28001, 17539, 1, 0
28251, 24542, 0, 0
28251, 24082, 1, 0
28571, 32675, 0, 0
28571, 35971, 1, 0
28750, 27865, 0, 0
28750, 27244, 1, 0
29000, 18489, 0, 0
29000, 18905, 1, 0
29251, 26313, 0, 0
29251, 27744, 1, 0
29624, 27413, 0, 0
29624, 27410, 1, 0
29750, 30394, 0, 0
29750, 36305, 1, 0
30001, 15939, 0, 0
30001, 15545, 1, 0
30266, 14661, 0, 0
30266, 17945, 1, 0
30500, 39586, 0, 0
30500, 32800, 1, 0
30750, 22856, 0, 0
30750, 23867, 1, 0
31001, 16337, 0, 0
31001, 17160, 1, 0
31250, 16550, 0, 0
31250, 17115, 1, 0
31500, 28443, 0, 0
31500, 35002, 1, 0
31751, 20080, 0, 0
31751, 21405, 1, 0
32001, 18295, 0, 0
32001, 20383, 1, 0
32276, 17492, 0, 0
32276, 18520, 1, 0
32500, 33710, 0, 0
32500, 34186, 1, 0
32750, 19944, 0, 0
32750, 20482, 1, 0
33001, 17730, 0, 0
33001, 18623, 1, 0
33315, 25455, 0, 0
33315, 26063, 1, 0
33500, 58772, 0, 0
33500, 46184, 1, 0
33752, 16548, 0, 0
33752, 17445, 1, 0
34000, 22487, 0, 0
34000, 24096, 1, 0
34291, 24180, 0, 0
34291, 23522, 1, 0
34570, 20766, 0, 0
34570, 32345, 1, 0
34750, 45031, 0, 0
34750, 48957, 1, 0
35027, 17181, 0, 0
35027, 18191, 1, 0
35260, 63495, 0, 0
35260, 72105, 1, 0
35500, 30831, 0, 0
35500, 33055, 1, 0
35750, 19018, 0, 0
35750, 20041, 1, 0
36000, 21122, 0, 0
36000, 23638, 1, 0
36250, 85033, 0, 0
36250, 75503, 1, 0
36503, 15750, 0, 0
36503, 16778, 1, 0
36751, 20320, 0, 0
36751, 21003, 1, 0
37002, 23336, 0, 0
37002, 23701, 1, 0
37250, 84981, 0, 0
37250, 120492, 1, 0
37501, 19037, 0, 0
37501, 19506, 1, 0
37750, 24021, 0, 0
37750, 24794, 1, 0
38000, 16306, 0, 0
38000, 19585, 1, 0
38307, 21576, 0, 0
38307, 20191, 1, 0
38500, 62432, 0, 0
38500, 64360, 1, 0
38755, 19443, 0, 0
38755, 20167, 1, 0
39000, 24547, 0, 0
39000, 24730, 1, 0
39250, 53285, 0, 0
39250, 49356, 1, 0
39500, 17053, 0, 0
39500, 17142, 1, 0
39750, 13711, 0, 0
39750, 16142, 1, 0
40000, 40386, 0, 0
40000, 40345, 1, 0
40288, 22356, 0, 0
40288, 21920, 1, 0
40502, 26426, 0, 0
40502, 26772, 1, 0
40751, 16227, 0, 0
40751, 16974, 1, 0
41001, 27785, 0, 0
41001, 24277, 1, 0
41251, 35099, 0, 0
41251, 33730, 1, 0
41500, 11608, 0, 0
41500, 12227, 1, 0
41751, 13395, 0, 0
41751, 13720, 1, 0
42001, 16654, 0, 0
42001, 18897, 1, 0
42250, 22579, 0, 0
42250, 27315, 1, 0
42501, 25673, 0, 0
42501, 26291, 1, 0
42751, 17076, 0, 0
42751, 17696, 1, 0
43000, 19516, 0, 0
43000, 19820, 1, 0
43263, 33641, 0, 0
43263, 34872, 1, 0
43500, 38535, 0, 0
43500, 29838, 1, 0
43750, 16608, 0, 0
43750, 17081, 1, 0
44000, 17975, 0, 0
44000, 18678, 1, 0
44250, 34242, 0, 0
44250, 40958, 1, 0
44500, 17325, 0, 0
44500, 17475, 1, 0
44750, 16430, 0, 0
44750, 18033, 1, 0
45000, 39611, 0, 0
45000, 34079, 1, 0
45251, 18327, 0, 0
45251, 29272, 1, 0
45500, 31441, 0, 0
45500, 27126, 1, 0
45751, 19043, 0, 0
45751, 19869, 1, 0
46148, 21125, 0, 0
46148, 23776, 1, 0
46252, 51790, 0, 0
46252, 43128, 1, 0
46500, 15241, 0, 0
46500, 16065, 1, 0
46750, 14331, 0, 0
46750, 15180, 1, 0
47021, 19701, 0, 0
47021, 21584, 1, 0
47250, 38093, 0, 0
47250, 60151, 1, 0
47501, 20181, 0, 0
47501, 21183, 1, 0
47751, 21774, 0, 0
47751, 22273, 1, 0
48000, 29214, 0, 0
48000, 27983, 1, 0
48251, 75532, 0, 0
48251, 76464, 1, 0
48500, 16184, 0, 0
48500, 16417, 1, 0
48788, 19995, 0, 0
48788, 21664, 1, 0
49000, 29342, 0, 0
49000, 41089, 1, 0
49261, 21609, 0, 0
49261, 21724, 1, 0
49501, 23486, 0, 0
49501, 24315, 1, 0
49781, 12031, 0, 0
49781, 21015, 1, 0
50000, 65086, 0, 0
50000, 62848, 1, 0
50250, 115786, 0, 0
50250, 146125, 1, 0
50500, 20787, 0, 0
50500, 21210, 1, 0
50750, 34141, 0, 0
50750, 36422, 1, 0
51027, 47459, 0, 0
51027, 40614, 1, 0
51250, 25333, 0, 0
51250, 26555, 1, 0
51500, 26280, 0, 0
51500, 25820, 1, 0
51820, 15446, 0, 0
51820, 18264, 1, 0
52056, 48645, 0, 0
52056, 57131, 1, 0
52250, 24515, 0, 0
52250, 35320, 1, 0
52500, 18416, 0, 0
52500, 19169, 1, 0
52751, 18536, 0, 0
52751, 19759, 1, 0
53003, 71547, 0, 0
53003, 65079, 1, 0
53250, 37835, 0, 0
53250, 31574, 1, 0
53500, 11121, 0, 0
53500, 22320, 1, 0
53751, 22898, 0, 0
53751, 23189, 1, 0
54001, 31784, 0, 0
54001, 31161, 1, 0
54250, 36632, 0, 0
54250, 39950, 1, 0
54500, 23054, 0, 0
54500, 25809, 1, 0
54771, 22282, 0, 0
54771, 23467, 1, 0
55011, 30757, 0, 0
55011, 38904, 1, 0
55254, 18848, 0, 0
55254, 18760, 1, 0
55501, 36233, 0, 0
55501, 38518, 1, 0
55750, 33373, 0, 0
55750, 35820, 1, 0
56001, 50479, 0, 0
56001, 55993, 1, 0
56250, 19100, 0, 0
56250, 19722, 1, 0
56500, 14684, 0, 0
56500, 15644, 1, 0
56805, 9219, 0, 0
56805, 16222, 1, 0
57001, 82281, 0, 0
57001, 89527, 1, 0
57250, 36235, 0, 0
57250, 37725, 1, 0
57500, 15980, 0, 0
57500, 16748, 1, 0
57750, 16411, 0, 0
57750, 16841, 1, 0
58024, 31496, 0, 0
58024, 37430, 1, 0
58250, 15617, 0, 0
58250, 20015, 1, 0
58501, 21375, 0, 0
58501, 23437, 1, 0
58869, 25672, 0, 0
58869, 27512, 1, 0
59000, 40054, 0, 0
59000, 37524, 1, 0
59250, 17678, 0, 0
59250, 18372, 1, 0
59500, 12044, 0, 0
59500, 14774, 1, 0
59750, 22618, 0, 0
59750, 22936, 1, 0
60001, 33203, 0, 0
60001, 36233, 1, 0
60015, 24585, 0, 0
60015, 23010, 1, 0
