252, 49073, 1, 0
518, 119024, 1, 0
797, 210459, 1, 0
1036, 228058, 1, 0
1351, 823166, 1, 0
1516, 163985, 1, 0
1861, 73174, 1, 0
2257, 161686, 1, 0
2257, 359285, 1, 0
2942, 239368, 1, 0
2942, 1307841, 1, 0
3000, 491617, 1, 0
3296, 72890, 1, 0
3586, 106728, 1, 0
3878, 274116, 1, 0
4009, 267179, 1, 0
4577, 240393, 1, 0
4582, 4326, 1, 0
4753, 257442, 1, 0
5440, 279091, 1, 0
5440, 1539448, 1, 0
5617, 784801, 1, 0
5750, 171867, 1, 0
6079, 125826, 1, 0
6534, 323570, 1, 0
6535, 834120, 1, 0
6754, 220429, 1, 0
7499, 136461, 1, 0
7506, 589450, 1, 0
7506, 559525, 1, 0
7764, 168934, 1, 0
8051, 138308, 1, 0
8318, 100508, 1, 0
8906, 427580, 1, 0
8907, 855015, 1, 0
9018, 262145, 1, 0
9368, 89627, 1, 0
9653, 303259, 1, 0
9835, 102676, 1, 0
11119, 227317, 1, 0
11119, 1426994, 1, 0
11119, 1430432, 1, 0
11120, 1423782, 1, 0
11120, 1281615, 1, 0
11252, 266482, 1, 0
11521, 64741, 1, 0
12478, 96078, 1, 0
12479, 901577, 1, 0
12481, 3469, 1, 0
12511, 427280, 1, 0
13522, 206818, 1, 0
13522, 973930, 1, 0
13522, 973953, 1, 0
13522, 969182, 1, 0
13824, 185016, 1, 0
14450, 627763, 1, 0
14451, 924545, 1, 0
14500, 223453, 1, 0
14798, 88608, 1, 0
15013, 115751, 1, 0
15630, 191780, 1, 0
15631, 1046735, 1, 0
16734, 163293, 1, 0
16734, 1055716, 1, 0
16735, 1033264, 1, 0
16735, 1008913, 1, 0
16751, 575338, 1, 0
17007, 167002, 1, 0
18207, 78818, 1, 0
18431, 1422397, 1, 0
18453, 1435912, 1, 0
18455, 1434467, 1, 0
18455, 248343, 1, 0
18502, 668560, 1, 0
19371, 70220, 1, 0
19371, 772595, 1, 0
19371, 773270, 1, 0
19529, 139738, 1, 0
20430, 205771, 1, 0
20431, 967977, 1, 0
20433, 961411, 1, 0
21799, 379202, 1, 0
21800, 2270243, 1, 0
21801, 1367951, 1, 0
21801, 1367929, 1, 0
21801, 1366903, 1, 0
21801, 1365892, 1, 0
22002, 213907, 1, 0
22571, 22809, 1, 0
22573, 532960, 1, 0
23540, 248158, 1, 0
23540, 962326, 1, 0
23544, 3822, 1, 0
23570, 990760, 1, 0
24347, 265683, 1, 0
24376, 783746, 1, 0
24376, 779833, 1, 0
24506, 146345, 1, 0
24948, 51596, 1, 0
25553, 184153, 1, 0
25553, 1131256, 1, 0
25553, 1129709, 1, 0
25798, 303456, 1, 0
26005, 93843, 1, 0
26288, 38409, 1, 0
27069, 72195, 1, 0
27070, 603576, 1, 0
27070, 603684, 1, 0
27379, 964589, 1, 0
27996, 1506127, 1, 0
27998, 928224, 1, 0
28000, 1679911, 1, 0
28250, 899947, 1, 0
29500, 71119, 1, 0
29502, 1047248, 1, 0
29502, 1041809, 1, 0
29502, 1047408, 1, 0
29502, 1044675, 1, 0
29924, 408966, 1, 0
30223, 129633, 1, 0
30250, 82438, 1, 0
31220, 48335, 1, 0
31220, 985552, 1, 0
31221, 985753, 1, 0
31250, 404974, 1, 0
31502, 51011, 1, 0
32502, 1060650, 1, 0
32502, 1027034, 1, 0
32502, 1057985, 1, 0
32502, 1026831, 1, 0
32803, 113934, 1, 0
33038, 79309, 1, 0
33310, 68788, 1, 0
33672, 88321, 1, 0
34374, 589044, 1, 0
34374, 1570331, 1, 0
34374, 1430402, 1, 0
35136, 1438792, 1, 0
35138, 1667614, 1, 0
35139, 764796, 1, 0
35250, 379385, 1, 0
36777, 38102, 1, 0
36777, 1444461, 1, 0
36777, 1444205, 1, 0
36834, 1496293, 1, 0
37035, 1699872, 1, 0
37037, 1696008, 1, 0
37037, 1695779, 1, 0
37989, 210324, 1, 0
37991, 875895, 1, 0
37991, 874706, 1, 0
38000, 525370, 1, 0
38250, 52385, 1, 0
38509, 92912, 1, 0
38910, 48490, 1, 0
39564, 63191, 1, 0
39564, 1445174, 1, 0
39564, 1432390, 1, 0
39780, 823594, 1, 0
40137, 2000920, 1, 0
40262, 486824, 1, 0
41082, 150536, 1, 0
41082, 928973, 1, 0
41084, 930243, 1, 0
41309, 150829, 1, 0
42746, 39716, 1, 0
42747, 1434802, 1, 0
42747, 1430972, 1, 0
42747, 1423887, 1, 0
42747, 1434653, 1, 0
42750, 1347671, 1, 0
43018, 434807, 1, 0
43250, 51690, 1, 0
43517, 46761, 1, 0
43848, 31606, 1, 0
45017, 301030, 1, 0
45021, 1172252, 1, 0
45022, 1172661, 1, 0
45022, 1789201, 1, 0
45023, 1785562, 1, 0
45924, 420443, 1, 0
45925, 887030, 1, 0
45925, 886399, 1, 0
46003, 621523, 1, 0
46288, 73718, 1, 0
46838, 305013, 1, 0
46839, 911791, 1, 0
47002, 140523, 1, 0
47632, 40475, 1, 0
47640, 624627, 1, 0
47768, 167218, 1, 0
48172, 82942, 1, 0
48279, 85319, 1, 0
48909, 72662, 1, 0
48910, 683173, 1, 0
49279, 575412, 1, 0
49281, 989004, 1, 0
49516, 150118, 1, 0
49761, 51403, 1, 0
50987, 128084, 1, 0
50988, 1467574, 1, 0
50988, 1466212, 1, 0
50988, 1466072, 1, 0
51004, 553195, 1, 0
51296, 130018, 1, 0
51514, 121397, 1, 0
52389, 143290, 1, 0
52393, 867877, 1, 0
52393, 867576, 1, 0
52540, 214132, 1, 0
52816, 41768, 1, 0
53055, 76310, 1, 0
54105, 112838, 1, 0
54360, 1764158, 1, 0
54363, 1762639, 1, 0
54363, 1547200, 1, 0
54363, 1767682, 1, 0
55816, 202338, 1, 0
55817, 1392648, 1, 0
55817, 1391090, 1, 0
55817, 1384492, 1, 0
55817, 1380845, 1, 0
55817, 1380201, 1, 0
56001, 128649, 1, 0
57172, 80936, 1, 0
57173, 1237745, 1, 0
57173, 1236275, 1, 0
57173, 1235876, 1, 0
57382, 232650, 1, 0
57500, 45191, 1, 0
57750, 61756, 1, 0
58276, 94834, 1, 0
58276, 527679, 1, 0
59512, 632594, 1, 0
59515, 1779834, 1, 0
59516, 1780161, 1, 0
59516, 1768613, 1, 0
59516, 1768470, 1, 0
59790, 316552, 1, 0
60170, 34943, 1, 0
60415, 615790, 1, 0
60415, 561034, 1, 0
898, 70037, 1, 0
898, 69374, 1, 0
898, 69933, 1, 0
1010, 100829, 1, 0
1257, 148219, 1, 0
1501, 190434, 1, 0
1752, 212752, 1, 0
2000, 153913, 1, 0
2250, 172300, 1, 0
2505, 245201, 1, 0
2758, 149719, 1, 0
3007, 120630, 1, 0
3335, 152268, 1, 0
5030, 501071, 1, 0
5056, 1703810, 1, 0
5073, 1699567, 1, 0
5075, 1902959, 1, 0
5076, 2078052, 1, 0
5081, 2313478, 1, 0
5085, 1897908, 1, 0
5250, 776346, 1, 0
5505, 564445, 1, 0
5751, 300219, 1, 0
6000, 161646, 1, 0
6250, 154479, 1, 0
6511, 244378, 1, 0
6779, 73640, 1, 0
7001, 199823, 1, 0
7494, 173671, 1, 0
8155, 1281407, 1, 0
8155, 1024113, 1, 0
8156, 1021134, 1, 0
8252, 813693, 1, 0
8507, 507194, 1, 0
8762, 237166, 1, 0
9001, 116440, 1, 0
9256, 129042, 1, 0
9500, 332184, 1, 0
9753, 205794, 1, 0
10004, 130305, 1, 0
10250, 125970, 1, 0
10500, 283575, 1, 0
10753, 186731, 1, 0
11000, 121068, 1, 0
12142, 200421, 1, 0
12166, 1075402, 1, 0
12167, 1093271, 1, 0
12167, 1059955, 1, 0
12266, 410147, 1, 0
12500, 462818, 1, 0
12761, 359902, 1, 0
13010, 276659, 1, 0
13263, 155135, 1, 0
13500, 169977, 1, 0
13754, 134702, 1, 0
14010, 120213, 1, 0
14473, 198495, 1, 0
14661, 705894, 1, 0
14761, 653461, 1, 0
15000, 494971, 1, 0
15254, 255197, 1, 0
15510, 182871, 1, 0
15757, 142825, 1, 0
16006, 175117, 1, 0
16259, 140881, 1, 0
16501, 242393, 1, 0
16784, 146299, 1, 0
17004, 200363, 1, 0
17900, 500724, 1, 0
17901, 796710, 1, 0
17901, 907292, 1, 0
18007, 772270, 1, 0
18253, 600118, 1, 0
18504, 266095, 1, 0
18751, 195497, 1, 0
19000, 138794, 1, 0
19264, 133543, 1, 0
19504, 164289, 1, 0
19758, 190090, 1, 0
20076, 232024, 1, 0
20258, 191614, 1, 0
20920, 304963, 1, 0
20922, 957934, 1, 0
21002, 930886, 1, 0
21251, 297885, 1, 0
21502, 305123, 1, 0
21766, 144333, 1, 0
22013, 142893, 1, 0
22254, 162543, 1, 0
22505, 179461, 1, 0
22750, 152142, 1, 0
23653, 273722, 1, 0
23653, 847683, 1, 0
23654, 847632, 1, 0
23751, 832217, 1, 0
24012, 351479, 1, 0
24261, 225204, 1, 0
24504, 200891, 1, 0
24778, 127549, 1, 0
25004, 190188, 1, 0
25290, 184043, 1, 0
25521, 175516, 1, 0
25751, 130398, 1, 0
26620, 164774, 1, 0
26621, 717149, 1, 0
26638, 1013216, 1, 0
26873, 649293, 1, 0
27042, 992039, 1, 0
27250, 893084, 1, 0
27511, 182350, 1, 0
27756, 146070, 1, 0
28000, 158021, 1, 0
28261, 122108, 1, 0
28500, 206461, 1, 0
28752, 131212, 1, 0
29010, 187557, 1, 0
29263, 169216, 1, 0
29551, 142444, 1, 0
29776, 230187, 1, 0
30451, 205008, 1, 0
30451, 768205, 1, 0
30505, 923994, 1, 0
30756, 405609, 1, 0
31015, 496032, 1, 0
31250, 202425, 1, 0
31502, 200813, 1, 0
31763, 129132, 1, 0
32000, 209892, 1, 0
32255, 134783, 1, 0
32566, 100548, 1, 0
33362, 255480, 1, 0
33362, 1362521, 1, 0
33363, 657194, 1, 0
33523, 599030, 1, 0
33762, 338894, 1, 0
34000, 622089, 1, 0
34270, 183216, 1, 0
34501, 98667, 1, 0
34752, 174268, 1, 0
35010, 148590, 1, 0
35250, 225741, 1, 0
35506, 249766, 1, 0
36711, 236637, 1, 0
36713, 1075958, 1, 0
36722, 1327023, 1, 0
36722, 1289159, 1, 0
36750, 1304521, 1, 0
37017, 554355, 1, 0
37259, 259714, 1, 0
37511, 171379, 1, 0
37754, 186109, 1, 0
38008, 279642, 1, 0
38261, 280029, 1, 0
38510, 148136, 1, 0
39258, 222329, 1, 0
39258, 901240, 1, 0
39258, 724343, 1, 0
39505, 502976, 1, 0
39792, 106841, 1, 0
40003, 174651, 1, 0
40252, 178854, 1, 0
40502, 196716, 1, 0
40759, 136538, 1, 0
41006, 270982, 1, 0
41259, 170516, 1, 0
41529, 165103, 1, 0
42111, 329732, 1, 0
42111, 613034, 1, 0
42251, 561457, 1, 0
42514, 168082, 1, 0
42750, 346605, 1, 0
43000, 203491, 1, 0
43255, 207542, 1, 0
43501, 171967, 1, 0
43768, 147536, 1, 0
44003, 298755, 1, 0
44257, 203355, 1, 0
44512, 214750, 1, 0
44775, 139067, 1, 0
45345, 657937, 1, 0
45345, 925830, 1, 0
45504, 603882, 1, 0
45757, 303145, 1, 0
46003, 238486, 1, 0
46250, 138827, 1, 0
46504, 130819, 1, 0
46750, 164232, 1, 0
47015, 321017, 1, 0
47257, 232245, 1, 0
47502, 288669, 1, 0
47830, 230543, 1, 0
48019, 474503, 1, 0
48261, 327562, 1, 0
48517, 221148, 1, 0
48757, 112177, 1, 0
49007, 134838, 1, 0
49266, 237439, 1, 0
49504, 260920, 1, 0
49754, 269349, 1, 0
50001, 255253, 1, 0
50261, 352110, 1, 0
50679, 111621, 1, 0
51247, 575821, 1, 0
51247, 888217, 1, 0
51257, 935911, 1, 0
51516, 375126, 1, 0
51768, 235788, 1, 0
52022, 268654, 1, 0
52251, 318292, 1, 0
52512, 164761, 1, 0
52750, 176504, 1, 0
53264, 190396, 1, 0
53264, 449059, 1, 0
53656, 391031, 1, 0
54001, 1184059, 1, 0
54002, 1212599, 1, 0
54260, 459925, 1, 0
54506, 176150, 1, 0
54751, 229927, 1, 0
55005, 183395, 1, 0
55251, 121176, 1, 0
55509, 191244, 1, 0
55753, 272631, 1, 0
56216, 139711, 1, 0
56252, 422858, 1, 0
57150, 196116, 1, 0
57159, 816854, 1, 0
57174, 904834, 1, 0
57250, 716187, 1, 0
57500, 490119, 1, 0
57772, 390219, 1, 0
58016, 104117, 1, 0
58257, 225578, 1, 0
58504, 226577, 1, 0
58752, 215435, 1, 0
59027, 136532, 1, 0
59252, 448453, 1, 0
59698, 434321, 1, 0
59752, 428138, 1, 0
60004, 698847, 1, 0
60148, 689799, 1, 0
329, 147840, 1, 0
508, 234774, 1, 0
756, 224744, 1, 0
1040, 181187, 1, 0
1251, 255103, 1, 0
1521, 166418, 1, 0
1764, 259805, 1, 0
2013, 503190, 1, 0
2251, 357443, 1, 0
2506, 275142, 1, 0
2793, 250591, 1, 0
3610, 421315, 1, 0
3611, 935963, 1, 0
3611, 910827, 1, 0
3763, 924756, 1, 0
4038, 470099, 1, 0
4252, 378586, 1, 0
4508, 378032, 1, 0
4753, 242573, 1, 0
5005, 191442, 1, 0
5251, 228867, 1, 0
5500, 191442, 1, 0
5801, 172823, 1, 0
6018, 294990, 1, 0
6260, 291020, 1, 0
6565, 292473, 1, 0
7450, 273612, 1, 0
7451, 967990, 1, 0
7452, 1028434, 1, 0
7561, 917544, 1, 0
7756, 607641, 1, 0
8001, 172742, 1, 0
8250, 209667, 1, 0
8602, 166052, 1, 0
8774, 342527, 1, 0
9037, 357369, 1, 0
9295, 322299, 1, 0
9520, 175670, 1, 0
9761, 265058, 1, 0
10000, 166624, 1, 0
10261, 261532, 1, 0
10506, 193894, 1, 0
11494, 323950, 1, 0
11495, 1167637, 1, 0
11495, 922112, 1, 0
11505, 1021013, 1, 0
11760, 741915, 1, 0
12022, 249340, 1, 0
12259, 194195, 1, 0
12513, 211473, 1, 0
12753, 266736, 1, 0
13010, 253472, 1, 0
13257, 241015, 1, 0
13500, 228041, 1, 0
14347, 352025, 1, 0
14364, 915829, 1, 0
14365, 855593, 1, 0
14504, 626080, 1, 0
14752, 502252, 1, 0
15004, 184142, 1, 0
15252, 159791, 1, 0
15500, 196670, 1, 0
15807, 196844, 1, 0
16005, 251799, 1, 0
16251, 281972, 1, 0
16570, 234344, 1, 0
17335, 189839, 1, 0
17342, 1053488, 1, 0
17344, 855276, 1, 0
17504, 847244, 1, 0
17750, 422708, 1, 0
18006, 242927, 1, 0
18268, 180522, 1, 0
18512, 203938, 1, 0
18834, 215455, 1, 0
19016, 350769, 1, 0
19251, 232270, 1, 0
19501, 124717, 1, 0
19800, 341152, 1, 0
20555, 1200910, 1, 0
20555, 1241355, 1, 0
20557, 1185809, 1, 0
20762, 764077, 1, 0
21020, 121216, 1, 0
21252, 158418, 1, 0
21504, 282982, 1, 0
21785, 338832, 1, 0
22006, 213431, 1, 0
22252, 151557, 1, 0
23187, 161028, 1, 0
23188, 1043335, 1, 0
23191, 810396, 1, 0
23270, 953005, 1, 0
23504, 599588, 1, 0
23759, 197660, 1, 0
24008, 275051, 1, 0
24250, 258865, 1, 0
24500, 185639, 1, 0
24750, 227026, 1, 0
25077, 237305, 1, 0
25283, 303078, 1, 0
25595, 215966, 1, 0
25951, 505750, 1, 0
26000, 570258, 1, 0
26250, 359913, 1, 0
26501, 268552, 1, 0
26762, 176943, 1, 0
27009, 216513, 1, 0
27282, 180944, 1, 0
27618, 176323, 1, 0
27777, 454132, 1, 0
28075, 279112, 1, 0
28256, 246476, 1, 0
28995, 238791, 1, 0
28996, 783502, 1, 0
29008, 799882, 1, 0
29251, 517929, 1, 0
29521, 158497, 1, 0
29752, 241328, 1, 0
30009, 155467, 1, 0
30250, 193943, 1, 0
30592, 116437, 1, 0
30752, 153925, 1, 0
31006, 368826, 1, 0
31263, 343756, 1, 0
32063, 396018, 1, 0
32063, 909526, 1, 0
32064, 972333, 1, 0
32250, 673048, 1, 0
32510, 174394, 1, 0
32771, 135932, 1, 0
33021, 201088, 1, 0
33330, 280125, 1, 0
33522, 577092, 1, 0
33793, 530994, 1, 0
34012, 272119, 1, 0
34250, 245995, 1, 0
34500, 180341, 1, 0
34752, 238879, 1, 0
35007, 175001, 1, 0
36136, 364064, 1, 0
36136, 1250379, 1, 0
36137, 1174065, 1, 0
36145, 1321203, 1, 0
36276, 1205165, 1, 0
36537, 464495, 1, 0
36755, 146993, 1, 0
37022, 240426, 1, 0
37255, 177237, 1, 0
37508, 266151, 1, 0
37770, 182842, 1, 0
38029, 148531, 1, 0
38744, 214939, 1, 0
38745, 974589, 1, 0
38845, 854223, 1, 0
39007, 524533, 1, 0
39251, 250704, 1, 0
39507, 155482, 1, 0
39750, 127810, 1, 0
40004, 181898, 1, 0
40318, 260919, 1, 0
40623, 438726, 1, 0
40752, 461070, 1, 0
41016, 176209, 1, 0
41262, 172461, 1, 0
42078, 345592, 1, 0
42079, 1160738, 1, 0
42079, 679520, 1, 0
42260, 604182, 1, 0
42505, 352335, 1, 0
42752, 200274, 1, 0
43013, 158312, 1, 0
43258, 170009, 1, 0
43583, 275225, 1, 0
43752, 220916, 1, 0
44025, 137471, 1, 0
44811, 253978, 1, 0
44812, 857696, 1, 0
44812, 707932, 1, 0
45000, 580759, 1, 0
45251, 303195, 1, 0
45523, 221163, 1, 0
45758, 158739, 1, 0
46017, 174278, 1, 0
46252, 249523, 1, 0
46527, 195835, 1, 0
46755, 326926, 1, 0
47002, 211125, 1, 0
47704, 424541, 1, 0
47705, 945777, 1, 0
47759, 873773, 1, 0
48000, 272975, 1, 0
48251, 177568, 1, 0
48537, 318884, 1, 0
48761, 237018, 1, 0
49016, 136811, 1, 0
49251, 218741, 1, 0
49505, 282216, 1, 0
49750, 217600, 1, 0
50051, 220816, 1, 0
50728, 409514, 1, 0
50729, 867875, 1, 0
50751, 809991, 1, 0
51011, 395787, 1, 0
51263, 157471, 1, 0
51511, 170322, 1, 0
51758, 193672, 1, 0
52135, 162587, 1, 0
52665, 514864, 1, 0
52745, 938813, 1, 0
52762, 879734, 1, 0
53003, 275613, 1, 0
53250, 177295, 1, 0
53502, 154809, 1, 0
53758, 151802, 1, 0
54000, 167474, 1, 0
54262, 211716, 1, 0
54502, 473905, 1, 0
54750, 273232, 1, 0
55544, 276555, 1, 0
55545, 869583, 1, 0
55554, 854427, 1, 0
55759, 684234, 1, 0
56003, 237465, 1, 0
56335, 183627, 1, 0
56500, 294295, 1, 0
56767, 154337, 1, 0
57027, 167638, 1, 0
57276, 268843, 1, 0
57550, 138843, 1, 0
57753, 182663, 1, 0
58527, 135738, 1, 0
58528, 718622, 1, 0
58536, 727250, 1, 0
58790, 526291, 1, 0
59012, 211167, 1, 0
59254, 348961, 1, 0
59511, 202138, 1, 0
59762, 203896, 1, 0
60000, 250951, 1, 0
60233, 410990, 1, 0
