251, 121435, 1, 0
579, 301530, 1, 0
754, 370889, 1, 0
1026, 445245, 1, 0
1338, 428625, 1, 0
1543, 376592, 1, 0
1831, 423378, 1, 0
2001, 429965, 1, 0
2404, 405011, 1, 0
2920, 625807, 1, 0
2922, 923838, 1, 0
3094, 971407, 1, 0
3793, 1078454, 1, 0
3794, 1387050, 1, 0
3795, 1387071, 1, 0
5164, 973521, 1, 0
5165, 2068903, 1, 0
5166, 2068220, 1, 0
5167, 1990823, 1, 0
5168, 2067638, 1, 0
5261, 1910377, 1, 0
5664, 1470571, 1, 0
5854, 1530675, 1, 0
6732, 805369, 1, 0
6733, 1382423, 1, 0
6733, 1381784, 1, 0
6828, 1480367, 1, 0
7759, 1020638, 1, 0
7762, 1030133, 1, 0
7763, 1025573, 1, 0
7764, 1030858, 1, 0
8069, 1076136, 1, 0
8307, 968078, 1, 0
8841, 431151, 1, 0
8870, 688578, 1, 0
9013, 711826, 1, 0
9492, 749428, 1, 0
9501, 1082281, 1, 0
9863, 664721, 1, 0
10464, 549438, 1, 0
10465, 969354, 1, 0
10528, 927710, 1, 0
10843, 835204, 1, 0
11060, 424519, 1, 0
11274, 487929, 1, 0
11638, 348292, 1, 0
11791, 367675, 1, 0
12012, 521680, 1, 0
12337, 530645, 1, 0
12552, 777547, 1, 0
12849, 781830, 1, 0
13105, 487241, 1, 0
13603, 732413, 1, 0
13604, 1047162, 1, 0
13960, 1160461, 1, 0
14020, 1057223, 1, 0
14351, 872725, 1, 0
14657, 791089, 1, 0
15685, 878053, 1, 0
15686, 1663276, 1, 0
15687, 1666007, 1, 0
15688, 1337220, 1, 0
15779, 1258403, 1, 0
16207, 1222620, 1, 0
16455, 1447968, 1, 0
16555, 866693, 1, 0
16828, 937328, 1, 0
17194, 1502432, 1, 0
17372, 1449008, 1, 0
17547, 1507726, 1, 0
18163, 1271187, 1, 0
18164, 1604618, 1, 0
18272, 1129178, 1, 0
19012, 941077, 1, 0
19014, 1462923, 1, 0
19014, 1462481, 1, 0
19250, 1126779, 1, 0
19778, 966521, 1, 0
19779, 1414970, 1, 0
20009, 1075720, 1, 0
20950, 900166, 1, 0
20951, 1171628, 1, 0
20952, 1171928, 1, 0
21252, 1107543, 1, 0
21253, 1157254, 1, 0
21958, 1400383, 1, 0
21959, 1878704, 1, 0
22001, 1204011, 1, 0
22839, 1078965, 1, 0
22840, 1587224, 1, 0
22841, 1585324, 1, 0
23039, 986365, 1, 0
23384, 1040308, 1, 0
23543, 438229, 1, 0
23781, 336712, 1, 0
24011, 386868, 1, 0
24826, 410709, 1, 0
24896, 882596, 1, 0
24897, 883467, 1, 0
25037, 868612, 1, 0
25777, 1562315, 1, 0
25778, 1562601, 1, 0
25779, 1561120, 1, 0
26084, 1942590, 1, 0
26667, 2026443, 1, 0
26669, 2450067, 1, 0
26822, 2065341, 1, 0
27117, 1782024, 1, 0
27251, 760985, 1, 0
27586, 460715, 1, 0
27759, 453776, 1, 0
28009, 413213, 1, 0
28250, 329711, 1, 0
28556, 305482, 1, 0
28812, 427240, 1, 0
29014, 526825, 1, 0
29566, 459743, 1, 0
29567, 847095, 1, 0
29845, 747945, 1, 0
30623, 1036283, 1, 0
30624, 1609517, 1, 0
30624, 1606356, 1, 0
30943, 1235193, 1, 0
31126, 1327230, 1, 0
31513, 1200880, 1, 0
31515, 891424, 1, 0
32189, 1005935, 1, 0
32190, 1557049, 1, 0
32333, 1413209, 1, 0
33071, 976891, 1, 0
33073, 883629, 1, 0
33073, 879677, 1, 0
33877, 790816, 1, 0
33878, 1423576, 1, 0
33879, 807576, 1, 0
34022, 861397, 1, 0
34736, 1043465, 1, 0
34737, 1630218, 1, 0
34825, 1385768, 1, 0
35795, 928744, 1, 0
35797, 1684478, 1, 0
35798, 1689542, 1, 0
35799, 1689113, 1, 0
36052, 1365675, 1, 0
36719, 1298513, 1, 0
36720, 1886245, 1, 0
36970, 1001913, 1, 0
37679, 1005846, 1, 0
37681, 962009, 1, 0
37682, 962448, 1, 0
38388, 927917, 1, 0
38389, 1406356, 1, 0
38390, 1407631, 1, 0
39270, 803705, 1, 0
39271, 1555954, 1, 0
39272, 1546432, 1, 0
39273, 1561161, 1, 0
39508, 1400459, 1, 0
39750, 663662, 1, 0
40109, 378793, 1, 0
40251, 549609, 1, 0
40529, 433770, 1, 0
40793, 540135, 1, 0
41131, 952482, 1, 0
42296, 1148676, 1, 0
42297, 2181387, 1, 0
42298, 2122949, 1, 0
42299, 2121622, 1, 0
42300, 2054686, 1, 0
42628, 2099100, 1, 0
43421, 1580842, 1, 0
43422, 1122294, 1, 0
43423, 1120845, 1, 0
43605, 876717, 1, 0
43911, 973937, 1, 0
44048, 510589, 1, 0
44254, 548307, 1, 0
44687, 439196, 1, 0
44759, 638630, 1, 0
45528, 627461, 1, 0
45530, 842800, 1, 0
45533, 844245, 1, 0
45752, 870154, 1, 0
46461, 1088743, 1, 0
46462, 1605086, 1, 0
47250, 1104918, 1, 0
47251, 789296, 1, 0
47253, 787522, 1, 0
47255, 791852, 1, 0
48082, 913855, 1, 0
48084, 1586305, 1, 0
48085, 1586706, 1, 0
48978, 1008525, 1, 0
48980, 1559688, 1, 0
48981, 1559789, 1, 0
49150, 1302973, 1, 0
49342, 1072661, 1, 0
50079, 1344022, 1, 0
50080, 1890349, 1, 0
50081, 1889460, 1, 0
50250, 1357939, 1, 0
50678, 1073608, 1, 0
50911, 832131, 1, 0
51059, 835087, 1, 0
51765, 934919, 1, 0
51766, 1498192, 1, 0
51767, 1498336, 1, 0
52004, 855213, 1, 0
52341, 462125, 1, 0
52614, 561121, 1, 0
52750, 610789, 1, 0
53031, 486574, 1, 0
53310, 527418, 1, 0
53734, 540176, 1, 0
54554, 726355, 1, 0
54555, 1342587, 1, 0
54556, 1344723, 1, 0
54557, 1241980, 1, 0
54955, 1335245, 1, 0
55534, 1679357, 1, 0
55536, 2104363, 1, 0
55538, 2100182, 1, 0
55836, 1773369, 1, 0
56004, 1055161, 1, 0
56609, 357934, 1, 0
56611, 606133, 1, 0
56861, 543249, 1, 0
57072, 847467, 1, 0
57304, 538776, 1, 0
57725, 453821, 1, 0
57772, 659740, 1, 0
58667, 719984, 1, 0
58669, 1254181, 1, 0
58671, 1253657, 1, 0
58905, 1119188, 1, 0
59151, 1167481, 1, 0
59586, 1809764, 1, 0
59586, 1805653, 1, 0
59786, 1305333, 1, 0
60316, 1147815, 1, 0
60754, 1847561, 1, 0
60754, 1842846, 1, 0
60754, 1841853, 1, 0
60754, 1172632, 1, 0
