251, 9625, 0, 0
505, 8171, 0, 0
755, 8342, 0, 0
1002, 8486, 0, 0
1258, 8241, 0, 0
1505, 8497, 0, 0
1754, 8300, 0, 0
2008, 8447, 0, 0
2256, 8537, 0, 0
2502, 8776, 0, 0
2751, 8275, 0, 0
3004, 8418, 0, 0
3251, 8221, 0, 0
3502, 8619, 0, 0
3752, 8617, 0, 0
4001, 8269, 0, 0
4252, 8970, 0, 0
4508, 8503, 0, 0
4755, 8512, 0, 0
5000, 8713, 0, 0
5252, 8387, 0, 0
5503, 8657, 0, 0
5754, 8639, 0, 0
6004, 8609, 0, 0
6250, 8446, 0, 0
6505, 8470, 0, 0
6751, 8477, 0, 0
7004, 9012, 0, 0
7250, 8480, 0, 0
7500, 8057, 0, 0
7752, 8382, 0, 0
8004, 8665, 0, 0
8250, 8476, 0, 0
8509, 8597, 0, 0
8758, 8579, 0, 0
9004, 8184, 0, 0
9256, 8369, 0, 0
9503, 8502, 0, 0
9755, 8413, 0, 0
10002, 8799, 0, 0
10256, 8436, 0, 0
10506, 8305, 0, 0
10750, 8415, 0, 0
11003, 8403, 0, 0
11253, 8323, 0, 0
11501, 8831, 0, 0
11756, 8513, 0, 0
12007, 8339, 0, 0
12256, 8019, 0, 0
12502, 8172, 0, 0
12756, 8737, 0, 0
13002, 8197, 0, 0
13256, 8187, 0, 0
13506, 7770, 0, 0
13751, 8734, 0, 0
14006, 9104, 0, 0
14251, 8738, 0, 0
14504, 8413, 0, 0
14754, 8594, 0, 0
15007, 8442, 0, 0
15255, 8825, 0, 0
15508, 8403, 0, 0
15757, 8596, 0, 0
16008, 8325, 0, 0
16257, 8891, 0, 0
16507, 8036, 0, 0
16755, 8853, 0, 0
17007, 7866, 0, 0
17250, 8067, 0, 0
17502, 8406, 0, 0
17757, 8462, 0, 0
18001, 8146, 0, 0
18254, 8402, 0, 0
18502, 8241, 0, 0
18756, 8453, 0, 0
19009, 8723, 0, 0
19255, 8475, 0, 0
19501, 8171, 0, 0
19753, 8686, 0, 0
20004, 8331, 0, 0
20254, 8038, 0, 0
20506, 8390, 0, 0
20753, 8507, 0, 0
21000, 8489, 0, 0
21251, 8654, 0, 0
21505, 8732, 0, 0
21755, 8602, 0, 0
22004, 8576, 0, 0
22251, 8488, 0, 0
22505, 8190, 0, 0
22753, 8245, 0, 0
23004, 8642, 0, 0
23254, 8027, 0, 0
23502, 8254, 0, 0
23753, 8351, 0, 0
24002, 8575, 0, 0
24256, 8451, 0, 0
24504, 8244, 0, 0
24759, 8793, 0, 0
25003, 8112, 0, 0
25258, 8474, 0, 0
25506, 8256, 0, 0
25756, 8597, 0, 0
26004, 8835, 0, 0
26256, 8403, 0, 0
26505, 8571, 0, 0
26752, 8225, 0, 0
27001, 8266, 0, 0
27259, 8594, 0, 0
27508, 8556, 0, 0
27751, 8104, 0, 0
28007, 8495, 0, 0
28252, 8754, 0, 0
28500, 8253, 0, 0
28757, 8832, 0, 0
29000, 8075, 0, 0
29257, 8282, 0, 0
29507, 8050, 0, 0
29750, 8360, 0, 0
30004, 8455, 0, 0
30255, 8963, 0, 0
30503, 8517, 0, 0
30754, 8085, 0, 0
31002, 8264, 0, 0
31255, 8409, 0, 0
31506, 8068, 0, 0
31755, 8037, 0, 0
32004, 8566, 0, 0
32258, 8733, 0, 0
32500, 8321, 0, 0
32757, 8283, 0, 0
33005, 8542, 0, 0
33253, 8233, 0, 0
33504, 8351, 0, 0
33756, 8126, 0, 0
34004, 8248, 0, 0
34253, 8005, 0, 0
34500, 8520, 0, 0
34750, 8595, 0, 0
35003, 8140, 0, 0
35254, 7840, 0, 0
35502, 8239, 0, 0
35754, 8384, 0, 0
36003, 8285, 0, 0
36250, 8498, 0, 0
36508, 8307, 0, 0
36755, 8522, 0, 0
37007, 8654, 0, 0
37254, 8216, 0, 0
37506, 8670, 0, 0
37750, 8135, 0, 0
38001, 8638, 0, 0
38257, 8811, 0, 0
38502, 8427, 0, 0
38754, 8681, 0, 0
39001, 8213, 0, 0
39256, 8205, 0, 0
39506, 8060, 0, 0
39755, 8273, 0, 0
40008, 8135, 0, 0
40252, 8415, 0, 0
40501, 8021, 0, 0
40754, 8134, 0, 0
41006, 8663, 0, 0
41250, 8116, 0, 0
41504, 7926, 0, 0
41752, 8270, 0, 0
42007, 7942, 0, 0
42258, 8339, 0, 0
42508, 8316, 0, 0
42756, 8261, 0, 0
43006, 8058, 0, 0
43256, 8584, 0, 0
43502, 8495, 0, 0
43753, 8058, 0, 0
44007, 7703, 0, 0
44250, 8646, 0, 0
44502, 8390, 0, 0
44756, 8754, 0, 0
45002, 8456, 0, 0
45254, 8985, 0, 0
45505, 8640, 0, 0
45756, 8355, 0, 0
46003, 9108, 0, 0
46255, 8379, 0, 0
46506, 8083, 0, 0
46754, 7990, 0, 0
47003, 8567, 0, 0
47259, 8813, 0, 0
47505, 8799, 0, 0
47751, 8173, 0, 0
48007, 8794, 0, 0
48256, 8293, 0, 0
48507, 8357, 0, 0
48753, 8452, 0, 0
49003, 8603, 0, 0
49256, 8421, 0, 0
49505, 8305, 0, 0
49750, 8408, 0, 0
50006, 8240, 0, 0
50252, 8473, 0, 0
50507, 8787, 0, 0
50754, 8218, 0, 0
51007, 8145, 0, 0
51256, 8029, 0, 0
51500, 8119, 0, 0
51750, 8312, 0, 0
52002, 8378, 0, 0
52256, 8187, 0, 0
52502, 8465, 0, 0
52752, 7774, 0, 0
53003, 8099, 0, 0
53255, 8118, 0, 0
53505, 8593, 0, 0
53750, 8137, 0, 0
54004, 8192, 0, 0
54252, 8526, 0, 0
54506, 8200, 0, 0
54753, 8187, 0, 0
55002, 8292, 0, 0
55253, 8102, 0, 0
55502, 7993, 0, 0
55755, 8141, 0, 0
56001, 8205, 0, 0
56256, 7947, 0, 0
56506, 8591, 0, 0
56756, 8061, 0, 0
57006, 8607, 0, 0
57255, 8295, 0, 0
57503, 7984, 0, 0
57750, 7944, 0, 0
58008, 8289, 0, 0
58254, 8467, 0, 0
58500, 7927, 0, 0
58756, 8517, 0, 0
59000, 8116, 0, 0
59253, 8147, 0, 0
59500, 7947, 0, 0
59756, 8263, 0, 0
60000, 7858, 0, 0
254, 9747, 0, 0
500, 8172, 0, 0
752, 8124, 0, 0
1002, 8589, 0, 0
1257, 8210, 0, 0
1504, 8517, 0, 0
1756, 8096, 0, 0
2002, 8478, 0, 0
2250, 8234, 0, 0
2504, 8471, 0, 0
2755, 8058, 0, 0
3008, 8419, 0, 0
3258, 8321, 0, 0
3505, 8507, 0, 0
3759, 8728, 0, 0
4000, 8321, 0, 0
4253, 8696, 0, 0
4500, 8503, 0, 0
4757, 8268, 0, 0
5000, 8663, 0, 0
5255, 8204, 0, 0
5505, 8610, 0, 0
5758, 8430, 0, 0
6000, 8619, 0, 0
6251, 8355, 0, 0
6503, 8683, 0, 0
6753, 8604, 0, 0
7004, 8935, 0, 0
7258, 8441, 0, 0
7502, 7870, 0, 0
7756, 8734, 0, 0
8000, 8397, 0, 0
8252, 8406, 0, 0
8507, 8469, 0, 0
8755, 8545, 0, 0
9003, 8539, 0, 0
9257, 8437, 0, 0
9500, 8382, 0, 0
9750, 8299, 0, 0
10008, 8577, 0, 0
10257, 8302, 0, 0
10506, 8294, 0, 0
10754, 8506, 0, 0
11003, 8305, 0, 0
11252, 8552, 0, 0
11506, 8738, 0, 0
11754, 8550, 0, 0
12001, 8511, 0, 0
12252, 8067, 0, 0
12505, 8131, 0, 0
12750, 8735, 0, 0
13002, 8118, 0, 0
13256, 8439, 0, 0
13500, 7159, 0, 0
13753, 8418, 0, 0
14008, 9089, 0, 0
14251, 8672, 0, 0
14508, 8545, 0, 0
14756, 8277, 0, 0
15004, 8517, 0, 0
15254, 8928, 0, 0
15507, 8421, 0, 0
15756, 8560, 0, 0
16006, 8305, 0, 0
16254, 8554, 0, 0
16504, 8048, 0, 0
16754, 8579, 0, 0
17006, 8126, 0, 0
17250, 8403, 0, 0
17501, 8622, 0, 0
17757, 7995, 0, 0
18007, 8315, 0, 0
18255, 8521, 0, 0
18504, 8586, 0, 0
18751, 8485, 0, 0
19002, 8355, 0, 0
19258, 8238, 0, 0
19507, 8297, 0, 0
19751, 8105, 0, 0
20005, 8182, 0, 0
20251, 8181, 0, 0
20507, 8270, 0, 0
20751, 8368, 0, 0
21007, 8823, 0, 0
21259, 8687, 0, 0
21511, 8964, 0, 0
21750, 9171, 0, 0
22001, 8054, 0, 0
22256, 8502, 0, 0
22503, 8211, 0, 0
22754, 8345, 0, 0
23005, 8641, 0, 0
23256, 8100, 0, 0
23500, 8114, 0, 0
23753, 8399, 0, 0
24000, 8222, 0, 0
24259, 8341, 0, 0
24502, 8378, 0, 0
24757, 8468, 0, 0
25007, 8033, 0, 0
25255, 8251, 0, 0
25508, 8420, 0, 0
25758, 8605, 0, 0
26008, 8599, 0, 0
26250, 8344, 0, 0
26502, 8388, 0, 0
26754, 8366, 0, 0
27007, 8163, 0, 0
27255, 8534, 0, 0
27502, 8506, 0, 0
27758, 7983, 0, 0
28003, 8412, 0, 0
28253, 8603, 0, 0
28500, 8524, 0, 0
28751, 8621, 0, 0
29005, 7918, 0, 0
29252, 8505, 0, 0
29506, 8198, 0, 0
29751, 8403, 0, 0
30001, 8063, 0, 0
30258, 8834, 0, 0
30500, 8326, 0, 0
30751, 7843, 0, 0
31002, 8085, 0, 0
31251, 8268, 0, 0
31500, 8308, 0, 0
31755, 8191, 0, 0
32000, 8140, 0, 0
32257, 8563, 0, 0
32500, 8371, 0, 0
32751, 8361, 0, 0
33001, 8315, 0, 0
33250, 7993, 0, 0
33505, 8231, 0, 0
33755, 8585, 0, 0
34006, 8358, 0, 0
34253, 7951, 0, 0
34500, 8216, 0, 0
34755, 8481, 0, 0
35003, 8235, 0, 0
35253, 8079, 0, 0
35500, 8212, 0, 0
35757, 8019, 0, 0
36008, 8074, 0, 0
36250, 8054, 0, 0
36507, 8256, 0, 0
36754, 8501, 0, 0
37003, 8292, 0, 0
37256, 7902, 0, 0
37507, 8343, 0, 0
37753, 8477, 0, 0
38000, 8474, 0, 0
38250, 8914, 0, 0
38503, 8419, 0, 0
38753, 8330, 0, 0
39007, 8180, 0, 0
39254, 8482, 0, 0
39504, 8051, 0, 0
39753, 8306, 0, 0
40002, 8000, 0, 0
40257, 8226, 0, 0
40508, 8634, 0, 0
40751, 8368, 0, 0
41003, 8653, 0, 0
41253, 8058, 0, 0
41500, 8214, 0, 0
41752, 8118, 0, 0
42006, 8173, 0, 0
42252, 8170, 0, 0
42506, 8767, 0, 0
42755, 8287, 0, 0
43001, 8157, 0, 0
43252, 8648, 0, 0
43507, 8215, 0, 0
43750, 8376, 0, 0
44009, 7813, 0, 0
44252, 8361, 0, 0
44506, 8747, 0, 0
44751, 8173, 0, 0
45010, 8597, 0, 0
45250, 8559, 0, 0
45500, 8306, 0, 0
45754, 8203, 0, 0
46001, 8804, 0, 0
46251, 8317, 0, 0
46502, 8340, 0, 0
46755, 8406, 0, 0
47003, 8546, 0, 0
47254, 8627, 0, 0
47504, 8320, 0, 0
47753, 8034, 0, 0
48000, 7945, 0, 0
48252, 8108, 0, 0
48506, 8194, 0, 0
48752, 8450, 0, 0
49000, 8838, 0, 0
49252, 8391, 0, 0
49505, 8425, 0, 0
49752, 8224, 0, 0
50004, 8086, 0, 0
50257, 8163, 0, 0
50506, 8560, 0, 0
50756, 8329, 0, 0
51006, 7773, 0, 0
51256, 8348, 0, 0
51505, 7991, 0, 0
51755, 8632, 0, 0
52006, 8341, 0, 0
52255, 8009, 0, 0
52506, 8358, 0, 0
52754, 7975, 0, 0
53006, 8113, 0, 0
53252, 7918, 0, 0
53503, 8357, 0, 0
53754, 8073, 0, 0
54008, 8457, 0, 0
54250, 8635, 0, 0
54504, 8185, 0, 0
54756, 8357, 0, 0
55009, 8418, 0, 0
55251, 8057, 0, 0
55508, 8266, 0, 0
55753, 8175, 0, 0
56007, 8443, 0, 0
56257, 7782, 0, 0
56503, 8214, 0, 0
56759, 8509, 0, 0
57006, 8213, 0, 0
57251, 8161, 0, 0
57505, 7911, 0, 0
57756, 7842, 0, 0
58001, 8131, 0, 0
58251, 8600, 0, 0
58505, 7918, 0, 0
58753, 8534, 0, 0
59005, 8140, 0, 0
59256, 8330, 0, 0
59501, 7899, 0, 0
59758, 8259, 0, 0
60001, 8101, 0, 0
250, 9588, 0, 0
504, 8150, 0, 0
753, 8306, 0, 0
1004, 8629, 0, 0
1256, 8392, 0, 0
1501, 8426, 0, 0
1756, 8219, 0, 0
2001, 8425, 0, 0
2256, 8479, 0, 0
2501, 8732, 0, 0
2752, 8351, 0, 0
3006, 8195, 0, 0
3251, 8120, 0, 0
3502, 8659, 0, 0
3757, 8779, 0, 0
4001, 8677, 0, 0
4250, 8600, 0, 0
4500, 8599, 0, 0
4755, 8775, 0, 0
5002, 8790, 0, 0
5257, 8483, 0, 0
5505, 8530, 0, 0
5756, 8660, 0, 0
6005, 8868, 0, 0
6253, 8264, 0, 0
6503, 8902, 0, 0
6754, 8350, 0, 0
7003, 8558, 0, 0
7252, 8286, 0, 0
7506, 8179, 0, 0
7756, 8604, 0, 0
8005, 8890, 0, 0
8251, 8779, 0, 0
8507, 8226, 0, 0
8757, 8332, 0, 0
9003, 8776, 0, 0
9256, 8682, 0, 0
9504, 8529, 0, 0
9757, 8143, 0, 0
10003, 8775, 0, 0
10256, 8719, 0, 0
10502, 8481, 0, 0
10754, 8651, 0, 0
11006, 8377, 0, 0
11254, 8565, 0, 0
11502, 8815, 0, 0
11755, 8434, 0, 0
12003, 8540, 0, 0
12251, 7958, 0, 0
12506, 7969, 0, 0
12756, 8607, 0, 0
13001, 8129, 0, 0
13256, 8221, 0, 0
13500, 7626, 0, 0
13753, 8706, 0, 0
14000, 9132, 0, 0
14252, 8364, 0, 0
14500, 8528, 0, 0
14751, 8364, 0, 0
15004, 8428, 0, 0
15252, 8839, 0, 0
15502, 8294, 0, 0
15755, 8425, 0, 0
16005, 8601, 0, 0
16256, 8635, 0, 0
16505, 8032, 0, 0
16753, 8242, 0, 0
17005, 8127, 0, 0
17251, 8451, 0, 0
17507, 8519, 0, 0
17751, 8386, 0, 0
18001, 8337, 0, 0
18250, 8872, 0, 0
18503, 8711, 0, 0
18752, 8565, 0, 0
19000, 8837, 0, 0
19255, 8477, 0, 0
19502, 7971, 0, 0
19754, 8663, 0, 0
20005, 8088, 0, 0
20253, 7972, 0, 0
20504, 8365, 0, 0
20750, 8463, 0, 0
21002, 8393, 0, 0
21254, 8358, 0, 0
21504, 8339, 0, 0
21751, 8787, 0, 0
22007, 8506, 0, 0
22255, 8559, 0, 0
22504, 8543, 0, 0
22752, 8250, 0, 0
23002, 8637, 0, 0
23255, 8125, 0, 0
23505, 8321, 0, 0
23750, 8156, 0, 0
24004, 8747, 0, 0
24259, 8474, 0, 0
24501, 8050, 0, 0
24752, 8355, 0, 0
25001, 8029, 0, 0
25250, 8272, 0, 0
25504, 8441, 0, 0
25758, 8731, 0, 0
26008, 8620, 0, 0
26257, 8020, 0, 0
26500, 8376, 0, 0
26753, 8126, 0, 0
27000, 8217, 0, 0
27253, 8711, 0, 0
27501, 8537, 0, 0
27756, 7962, 0, 0
28000, 8396, 0, 0
28257, 8827, 0, 0
28506, 8289, 0, 0
28758, 8671, 0, 0
29001, 7844, 0, 0
29252, 8344, 0, 0
29508, 8236, 0, 0
29754, 8169, 0, 0
30007, 8719, 0, 0
30258, 8632, 0, 0
30506, 8265, 0, 0
30751, 7870, 0, 0
31007, 8246, 0, 0
31251, 7857, 0, 0
31503, 8377, 0, 0
31750, 8245, 0, 0
32008, 8562, 0, 0
32252, 8127, 0, 0
32503, 8352, 0, 0
32757, 8438, 0, 0
33002, 8426, 0, 0
33251, 8021, 0, 0
33502, 8083, 0, 0
33755, 8407, 0, 0
34009, 8199, 0, 0
34256, 8502, 0, 0
34508, 8363, 0, 0
34758, 8316, 0, 0
35006, 8272, 0, 0
35251, 8145, 0, 0
35507, 8259, 0, 0
35755, 8235, 0, 0
36000, 8167, 0, 0
36254, 8151, 0, 0
36501, 8217, 0, 0
36758, 8570, 0, 0
37003, 8141, 0, 0
37255, 8102, 0, 0
37507, 8399, 0, 0
37751, 8696, 0, 0
38000, 8570, 0, 0
38256, 8820, 0, 0
38507, 8647, 0, 0
38751, 8371, 0, 0
39008, 8549, 0, 0
39254, 7926, 0, 0
39506, 8380, 0, 0
39754, 8561, 0, 0
40000, 8167, 0, 0
40252, 8670, 0, 0
40508, 8829, 0, 0
40757, 8571, 0, 0
41002, 8716, 0, 0
41251, 8291, 0, 0
41502, 7842, 0, 0
41757, 8184, 0, 0
42003, 7925, 0, 0
42259, 8239, 0, 0
42506, 8217, 0, 0
42756, 8343, 0, 0
43002, 7924, 0, 0
43252, 8578, 0, 0
43503, 8083, 0, 0
43754, 8371, 0, 0
44007, 7866, 0, 0
44255, 8567, 0, 0
44504, 8261, 0, 0
44756, 8691, 0, 0
45003, 8504, 0, 0
45251, 8515, 0, 0
45507, 8244, 0, 0
45758, 8100, 0, 0
46002, 8681, 0, 0
46253, 8354, 0, 0
46506, 8150, 0, 0
46751, 8405, 0, 0
47002, 8662, 0, 0
47254, 8681, 0, 0
47503, 8257, 0, 0
47753, 8340, 0, 0
48009, 8497, 0, 0
48257, 7984, 0, 0
48507, 8334, 0, 0
48758, 8631, 0, 0
49002, 8707, 0, 0
49257, 8470, 0, 0
49504, 8228, 0, 0
49753, 8298, 0, 0
50001, 8233, 0, 0
50253, 8107, 0, 0
50509, 8522, 0, 0
50755, 8179, 0, 0
51004, 8021, 0, 0
51251, 8513, 0, 0
51501, 8045, 0, 0
51756, 8485, 0, 0
52007, 8347, 0, 0
52254, 7964, 0, 0
52507, 8391, 0, 0
52750, 8097, 0, 0
53003, 7666, 0, 0
53254, 8338, 0, 0
53501, 8228, 0, 0
53752, 8062, 0, 0
54007, 8228, 0, 0
54251, 8699, 0, 0
54507, 7974, 0, 0
54752, 8427, 0, 0
55008, 8257, 0, 0
55252, 8095, 0, 0
55507, 8218, 0, 0
55752, 7902, 0, 0
56003, 8334, 0, 0
56255, 7876, 0, 0
56501, 8186, 0, 0
56759, 8566, 0, 0
57001, 8619, 0, 0
57257, 7750, 0, 0
57503, 7935, 0, 0
57756, 8139, 0, 0
58003, 7932, 0, 0
58255, 8394, 0, 0
58503, 8246, 0, 0
58752, 8581, 0, 0
59006, 8180, 0, 0
59250, 8123, 0, 0
59507, 8009, 0, 0
59752, 8407, 0, 0
60005, 8175, 0, 0
251, 9619, 0, 0
506, 8220, 0, 0
756, 8301, 0, 0
1006, 8325, 0, 0
1257, 8340, 0, 0
1502, 8438, 0, 0
1750, 8270, 0, 0
2000, 8312, 0, 0
2254, 8440, 0, 0
2500, 8466, 0, 0
2755, 8219, 0, 0
3003, 8232, 0, 0
3255, 8124, 0, 0
3507, 8652, 0, 0
3751, 8728, 0, 0
4000, 8539, 0, 0
4253, 9046, 0, 0
4500, 8476, 0, 0
4753, 8437, 0, 0
5002, 8549, 0, 0
5255, 8167, 0, 0
5506, 8636, 0, 0
5753, 8514, 0, 0
6003, 8903, 0, 0
6253, 8303, 0, 0
6503, 8620, 0, 0
6755, 8652, 0, 0
7001, 8777, 0, 0
7250, 8288, 0, 0
7503, 8135, 0, 0
7755, 8697, 0, 0
8007, 8651, 0, 0
8256, 8568, 0, 0
8502, 8187, 0, 0
8755, 8694, 0, 0
9008, 8431, 0, 0
9259, 8638, 0, 0
9504, 8450, 0, 0
9750, 8459, 0, 0
10007, 8532, 0, 0
10257, 8627, 0, 0
10503, 8185, 0, 0
10752, 8566, 0, 0
11006, 8719, 0, 0
11252, 8493, 0, 0
11502, 8589, 0, 0
11757, 8500, 0, 0
12005, 8540, 0, 0
12256, 8050, 0, 0
12504, 7993, 0, 0
12752, 8546, 0, 0
13002, 8303, 0, 0
13257, 8215, 0, 0
13506, 7764, 0, 0
13756, 8304, 0, 0
14004, 9170, 0, 0
14252, 8540, 0, 0
14505, 8442, 0, 0
14752, 8793, 0, 0
15006, 8171, 0, 0
15259, 8408, 0, 0
15505, 8788, 0, 0
15753, 8535, 0, 0
16005, 8391, 0, 0
16252, 8807, 0, 0
16502, 8024, 0, 0
16755, 8707, 0, 0
17000, 7908, 0, 0
17253, 8410, 0, 0
17508, 8494, 0, 0
17750, 8317, 0, 0
18005, 8207, 0, 0
18254, 8873, 0, 0
18501, 8516, 0, 0
18752, 8326, 0, 0
19004, 8679, 0, 0
19252, 8270, 0, 0
19505, 8127, 0, 0
19753, 8245, 0, 0
20007, 7921, 0, 0
20251, 7883, 0, 0
20503, 8368, 0, 0
20757, 8171, 0, 0
21002, 8747, 0, 0
21255, 8721, 0, 0
21505, 8038, 0, 0
21754, 8563, 0, 0
22002, 8236, 0, 0
22256, 8179, 0, 0
22500, 8142, 0, 0
22750, 8316, 0, 0
23008, 8853, 0, 0
23252, 8421, 0, 0
23505, 8406, 0, 0
23756, 8093, 0, 0
24007, 8645, 0, 0
24251, 8390, 0, 0
24506, 8466, 0, 0
24754, 8255, 0, 0
25004, 8064, 0, 0
25255, 8612, 0, 0
25502, 8222, 0, 0
25757, 8788, 0, 0
26001, 8688, 0, 0
26255, 8192, 0, 0
26504, 8538, 0, 0
26750, 8205, 0, 0
27005, 8212, 0, 0
27253, 8525, 0, 0
27504, 8657, 0, 0
27757, 7872, 0, 0
28008, 8355, 0, 0
28256, 8535, 0, 0
28507, 8637, 0, 0
28752, 8433, 0, 0
29003, 8071, 0, 0
29250, 8503, 0, 0
29503, 8171, 0, 0
29755, 8101, 0, 0
30000, 8447, 0, 0
30250, 8598, 0, 0
30501, 8339, 0, 0
30756, 8224, 0, 0
31001, 8139, 0, 0
31255, 8163, 0, 0
31504, 8300, 0, 0
31750, 8177, 0, 0
32002, 8380, 0, 0
32257, 8505, 0, 0
32505, 8230, 0, 0
32754, 8296, 0, 0
33002, 8523, 0, 0
33251, 8037, 0, 0
33501, 8582, 0, 0
33755, 8456, 0, 0
34002, 8518, 0, 0
34253, 8609, 0, 0
34504, 8092, 0, 0
34754, 8321, 0, 0
35003, 8290, 0, 0
35252, 8012, 0, 0
35505, 8147, 0, 0
35751, 8183, 0, 0
36007, 8231, 0, 0
36250, 8360, 0, 0
36500, 8601, 0, 0
36756, 8530, 0, 0
37007, 8350, 0, 0
37254, 8515, 0, 0
37503, 8266, 0, 0
37753, 8598, 0, 0
38005, 8403, 0, 0
38256, 8959, 0, 0
38503, 8483, 0, 0
38758, 8486, 0, 0
39004, 8166, 0, 0
39254, 8323, 0, 0
39505, 8363, 0, 0
39756, 8344, 0, 0
40006, 8311, 0, 0
40257, 8351, 0, 0
40501, 8706, 0, 0
40750, 8012, 0, 0
41005, 8506, 0, 0
41253, 8523, 0, 0
41508, 8212, 0, 0
41756, 8243, 0, 0
42002, 7908, 0, 0
42251, 8602, 0, 0
42500, 8559, 0, 0
42751, 8329, 0, 0
43005, 8203, 0, 0
43257, 8654, 0, 0
43500, 8081, 0, 0
43750, 8345, 0, 0
44006, 7959, 0, 0
44250, 8701, 0, 0
44503, 8437, 0, 0
44751, 8525, 0, 0
45005, 8456, 0, 0
45254, 8559, 0, 0
45503, 8593, 0, 0
45750, 8197, 0, 0
46000, 8598, 0, 0
46250, 8331, 0, 0
46501, 8093, 0, 0
46752, 8326, 0, 0
47008, 8816, 0, 0
47257, 8872, 0, 0
47503, 8476, 0, 0
47756, 8417, 0, 0
48006, 8062, 0, 0
48255, 8287, 0, 0
48503, 8517, 0, 0
48752, 8281, 0, 0
49002, 8913, 0, 0
49250, 8533, 0, 0
49506, 8537, 0, 0
49754, 8232, 0, 0
50005, 8356, 0, 0
50251, 8176, 0, 0
50503, 8691, 0, 0
50752, 8261, 0, 0
51001, 7772, 0, 0
51255, 8184, 0, 0
51505, 8062, 0, 0
51754, 8282, 0, 0
52003, 8556, 0, 0
52252, 8027, 0, 0
52503, 8348, 0, 0
52756, 7880, 0, 0
53005, 8013, 0, 0
53258, 8149, 0, 0
53502, 8715, 0, 0
53753, 8087, 0, 0
54004, 8319, 0, 0
54260, 8545, 0, 0
54500, 7714, 0, 0
54750, 8306, 0, 0
55001, 8379, 0, 0
55256, 7942, 0, 0
55502, 7928, 0, 0
55754, 8370, 0, 0
56006, 8394, 0, 0
56254, 7973, 0, 0
56504, 8322, 0, 0
56753, 8584, 0, 0
57000, 8491, 0, 0
57254, 8450, 0, 0
57508, 8168, 0, 0
57755, 7718, 0, 0
58008, 7889, 0, 0
58251, 8654, 0, 0
58503, 8123, 0, 0
58755, 8374, 0, 0
59000, 8158, 0, 0
59257, 8022, 0, 0
59501, 8088, 0, 0
59755, 8175, 0, 0
60007, 8129, 0, 0
