320, 25, 0, 0
570, 28, 0, 0
820, 15, 0, 0
1070, 25, 0, 0
1320, 15, 0, 0
1570, 18, 0, 0
1820, 15, 0, 0
2070, 18, 0, 0
2320, 28, 0, 0
2570, 31, 0, 0
2820, 15, 0, 0
3071, 9, 0, 0
3321, 18, 0, 0
3571, 15, 0, 0
3821, 21, 0, 0
4071, 21, 0, 0
4321, 18, 0, 0
4571, 24, 0, 0
4821, 21, 0, 0
5071, 15, 0, 0
5321, 31, 0, 0
5571, 34, 0, 0
5821, 18, 0, 0
6072, 12, 0, 0
6322, 9, 0, 0
6572, 34, 0, 0
6822, 46, 0, 0
7072, 24, 0, 0
7322, 12, 0, 0
7572, 15, 0, 0
7822, 15, 0, 0
8072, 21, 0, 0
8322, 15, 0, 0
8572, 21, 0, 0
8823, 18, 0, 0
9073, 15, 0, 0
9323, 27, 0, 0
9573, 24, 0, 0
9823, 18, 0, 0
10073, 40, 0, 0
10323, 21, 0, 0
10573, 9, 0, 0
10823, 24, 0, 0
11073, 30, 0, 0
11323, 6, 0, 0
11574, 24, 0, 0
11824, 6, 0, 0
12074, 3, 0, 0
12324, 27, 0, 0
12574, 21, 0, 0
12824, 18, 0, 0
13074, 9, 0, 0
13324, 18, 0, 0
13574, 18, 0, 0
13824, 18, 0, 0
14074, 21, 0, 0
14324, 6, 0, 0
14575, 24, 0, 0
14825, 46, 0, 0
15075, 21, 0, 0
15325, 18, 0, 0
15575, 30, 0, 0
15825, 30, 0, 0
16075, 18, 0, 0
16325, 33, 0, 0
16575, 30, 0, 0
16825, 15, 0, 0
17075, 24, 0, 0
17325, 6, 0, 0
17576, 36, 0, 0
17826, 12, 0, 0
18076, 24, 0, 0
18326, 24, 0, 0
18576, 24, 0, 0
18826, 21, 0, 0
19076, 33, 0, 0
19326, 33, 0, 0
19576, 33, 0, 0
19826, 15, 0, 0
20076, 27, 0, 0
20327, 18, 0, 0
20577, 12, 0, 0
20827, 18, 0, 0
21077, 12, 0, 0
21327, 30, 0, 0
21577, 21, 0, 0
21827, 27, 0, 0
22077, 39, 0, 0
22327, 15, 0, 0
22577, 15, 0, 0
22827, 27, 0, 0
23078, 27, 0, 0
23328, 9, 0, 0
23578, 6, 0, 0
23828, 30, 0, 0
24078, 33, 0, 0
24328, 30, 0, 0
24578, 15, 0, 0
24828, 9, 0, 0
25078, 15, 0, 0
25328, 21, 0, 0
25578, 27, 0, 0
25828, 3, 0, 0
26079, 9, 0, 0
26329, 18, 0, 0
26579, 6, 0, 0
26829, 3, 0, 0
27329, 6, 0, 0
27579, 9, 0, 0
27829, 21, 0, 0
28079, 21, 0, 0
28329, 12, 0, 0
28579, 6, 0, 0
29580, 15, 0, 0
29830, 9, 0, 0
30080, 15, 0, 0
30330, 3, 0, 0
30580, 27, 0, 0
30830, 27, 0, 0
31080, 12, 0, 0
31330, 36, 0, 0
31580, 24, 0, 0
31831, 12, 0, 0
32081, 6, 0, 0
32331, 36, 0, 0
32581, 18, 0, 0
32831, 21, 0, 0
33081, 30, 0, 0
33331, 9, 0, 0
33581, 3, 0, 0
33831, 3, 0, 0
34081, 36, 0, 0
34331, 3, 0, 0
34582, 12, 0, 0
34832, 15, 0, 0
35082, 9, 0, 0
35332, 27, 0, 0
35582, 12, 0, 0
35832, 15, 0, 0
36082, 9, 0, 0
36332, 15, 0, 0
36582, 15, 0, 0
36832, 6, 0, 0
37082, 3, 0, 0
37332, 21, 0, 0
37583, 24, 0, 0
37833, 18, 0, 0
38083, 24, 0, 0
38333, 15, 0, 0
38583, 9, 0, 0
38833, 3, 0, 0
39083, 9, 0, 0
39333, 3, 0, 0
39583, 24, 0, 0
39833, 21, 0, 0
40083, 21, 0, 0
40334, 5, 0, 0
40584, 14, 0, 0
40834, 5, 0, 0
41084, 23, 0, 0
41334, 23, 0, 0
41584, 20, 0, 0
41834, 14, 0, 0
42084, 8, 0, 0
42334, 5, 0, 0
42584, 2, 0, 0
43335, 8, 0, 0
43835, 2, 0, 0
44085, 14, 0, 0
44335, 8, 0, 0
44585, 11, 0, 0
44835, 14, 0, 0
45085, 20, 0, 0
45335, 14, 0, 0
45585, 11, 0, 0
45835, 17, 0, 0
46086, 23, 0, 0
46336, 29, 0, 0
46586, 26, 0, 0
46836, 35, 0, 0
47086, 35, 0, 0
47336, 26, 0, 0
47586, 20, 0, 0
47836, 38, 0, 0
48086, 53, 0, 0
48336, 14, 0, 0
48836, 5, 0, 0
49087, 5, 0, 0
49337, 14, 0, 0
49587, 8, 0, 0
49837, 2, 0, 0
50087, 2, 0, 0
50337, 11, 0, 0
50587, 2, 0, 0
50837, 17, 0, 0
51087, 26, 0, 0
51337, 26, 0, 0
51587, 26, 0, 0
51838, 20, 0, 0
52088, 26, 0, 0
52338, 20, 0, 0
52588, 26, 0, 0
52838, 23, 0, 0
53088, 32, 0, 0
53338, 35, 0, 0
53588, 23, 0, 0
53838, 23, 0, 0
54088, 17, 0, 0
54338, 23, 0, 0
54588, 17, 0, 0
54839, 20, 0, 0
55089, 17, 0, 0
55339, 20, 0, 0
55589, 20, 0, 0
55839, 14, 0, 0
56089, 17, 0, 0
56339, 14, 0, 0
56589, 11, 0, 0
56839, 26, 0, 0
57089, 26, 0, 0
57339, 17, 0, 0
57590, 14, 0, 0
57840, 41, 0, 0
58090, 26, 0, 0
58340, 35, 0, 0
58590, 29, 0, 0
58840, 23, 0, 0
59090, 29, 0, 0
59340, 29, 0, 0
59590, 38, 0, 0
59840, 26, 0, 0
60090, 20, 0, 0
320, 18, 0, 0
570, 21, 0, 0
820, 18, 0, 0
1070, 18, 0, 0
1320, 21, 0, 0
1570, 28, 0, 0
1820, 15, 0, 0
2070, 21, 0, 0
2320, 21, 0, 0
2570, 21, 0, 0
2820, 31, 0, 0
3071, 28, 0, 0
3321, 18, 0, 0
3571, 9, 0, 0
3821, 15, 0, 0
4071, 34, 0, 0
4321, 15, 0, 0
4571, 21, 0, 0
4821, 28, 0, 0
5071, 15, 0, 0
5321, 21, 0, 0
5571, 15, 0, 0
5821, 15, 0, 0
6072, 27, 0, 0
6322, 27, 0, 0
6572, 3, 0, 0
6822, 18, 0, 0
7072, 24, 0, 0
7322, 34, 0, 0
7572, 18, 0, 0
7822, 31, 0, 0
8072, 21, 0, 0
8322, 27, 0, 0
8572, 24, 0, 0
8823, 31, 0, 0
9073, 27, 0, 0
9323, 15, 0, 0
9573, 21, 0, 0
9823, 15, 0, 0
10073, 24, 0, 0
10323, 15, 0, 0
10573, 18, 0, 0
10823, 12, 0, 0
11073, 18, 0, 0
11323, 27, 0, 0
11573, 21, 0, 0
11824, 30, 0, 0
12074, 37, 0, 0
12324, 37, 0, 0
12574, 21, 0, 0
12824, 27, 0, 0
13074, 21, 0, 0
13324, 15, 0, 0
13574, 24, 0, 0
13824, 24, 0, 0
14074, 12, 0, 0
14324, 15, 0, 0
14575, 24, 0, 0
14825, 3, 0, 0
15075, 3, 0, 0
15325, 12, 0, 0
15575, 12, 0, 0
15825, 3, 0, 0
16075, 15, 0, 0
16325, 24, 0, 0
16575, 18, 0, 0
16825, 21, 0, 0
17075, 24, 0, 0
17325, 15, 0, 0
17576, 21, 0, 0
17826, 27, 0, 0
18076, 24, 0, 0
18326, 9, 0, 0
18576, 21, 0, 0
18826, 21, 0, 0
19076, 9, 0, 0
19326, 36, 0, 0
19576, 21, 0, 0
19826, 24, 0, 0
20076, 15, 0, 0
20327, 15, 0, 0
20577, 18, 0, 0
20827, 3, 0, 0
21077, 24, 0, 0
21327, 18, 0, 0
21577, 27, 0, 0
21827, 21, 0, 0
22077, 15, 0, 0
22327, 24, 0, 0
22577, 18, 0, 0
22827, 39, 0, 0
23077, 33, 0, 0
23328, 21, 0, 0
23578, 9, 0, 0
23828, 6, 0, 0
24078, 12, 0, 0
24328, 21, 0, 0
24578, 21, 0, 0
24828, 15, 0, 0
25078, 18, 0, 0
25328, 30, 0, 0
25578, 18, 0, 0
25828, 15, 0, 0
26079, 6, 0, 0
26329, 24, 0, 0
26579, 24, 0, 0
26829, 24, 0, 0
27079, 30, 0, 0
27329, 24, 0, 0
27579, 18, 0, 0
28079, 3, 0, 0
28329, 3, 0, 0
28579, 21, 0, 0
29080, 24, 0, 0
29330, 12, 0, 0
29580, 18, 0, 0
29830, 15, 0, 0
30080, 21, 0, 0
30330, 15, 0, 0
30580, 3, 0, 0
30830, 15, 0, 0
31080, 27, 0, 0
31330, 18, 0, 0
31580, 12, 0, 0
31831, 15, 0, 0
32081, 18, 0, 0
32331, 15, 0, 0
32581, 12, 0, 0
32831, 3, 0, 0
33331, 3, 0, 0
33831, 18, 0, 0
34081, 9, 0, 0
34331, 12, 0, 0
34581, 21, 0, 0
34832, 21, 0, 0
35082, 9, 0, 0
35332, 6, 0, 0
35582, 6, 0, 0
35832, 6, 0, 0
36082, 12, 0, 0
36332, 18, 0, 0
36582, 12, 0, 0
36832, 18, 0, 0
37082, 18, 0, 0
37332, 6, 0, 0
37582, 3, 0, 0
37833, 3, 0, 0
38083, 6, 0, 0
38333, 18, 0, 0
38583, 27, 0, 0
38833, 30, 0, 0
39083, 30, 0, 0
39333, 42, 0, 0
39583, 30, 0, 0
39833, 21, 0, 0
40083, 9, 0, 0
40333, 3, 0, 0
40584, 8, 0, 0
40834, 14, 0, 0
41084, 17, 0, 0
41334, 8, 0, 0
41584, 14, 0, 0
41834, 11, 0, 0
42084, 8, 0, 0
42334, 8, 0, 0
42584, 14, 0, 0
42834, 14, 0, 0
43084, 23, 0, 0
43334, 14, 0, 0
43585, 29, 0, 0
43835, 26, 0, 0
44085, 14, 0, 0
44335, 26, 0, 0
44585, 20, 0, 0
44835, 14, 0, 0
45085, 11, 0, 0
45335, 23, 0, 0
45585, 17, 0, 0
45835, 11, 0, 0
46085, 17, 0, 0
46336, 11, 0, 0
46586, 17, 0, 0
47086, 2, 0, 0
47336, 11, 0, 0
47586, 14, 0, 0
47836, 2, 0, 0
48586, 11, 0, 0
48836, 14, 0, 0
49087, 17, 0, 0
49337, 23, 0, 0
49587, 11, 0, 0
49837, 32, 0, 0
50087, 32, 0, 0
50337, 26, 0, 0
50587, 35, 0, 0
50837, 17, 0, 0
51087, 14, 0, 0
51337, 23, 0, 0
51587, 17, 0, 0
51837, 11, 0, 0
52088, 14, 0, 0
52338, 23, 0, 0
52588, 29, 0, 0
52838, 32, 0, 0
53088, 32, 0, 0
53338, 26, 0, 0
53588, 29, 0, 0
53838, 32, 0, 0
54088, 17, 0, 0
54338, 11, 0, 0
54588, 14, 0, 0
54838, 5, 0, 0
55089, 20, 0, 0
55339, 17, 0, 0
55589, 23, 0, 0
55839, 17, 0, 0
56089, 23, 0, 0
56339, 17, 0, 0
56589, 11, 0, 0
56839, 8, 0, 0
57089, 5, 0, 0
57339, 26, 0, 0
57589, 14, 0, 0
57840, 8, 0, 0
58090, 5, 0, 0
58590, 2, 0, 0
58840, 11, 0, 0
59090, 8, 0, 0
59340, 14, 0, 0
59590, 5, 0, 0
60340, 2, 0, 0
320, 25, 0, 0
570, 12, 0, 0
820, 28, 0, 0
1070, 31, 0, 0
1320, 25, 0, 0
1570, 21, 0, 0
1820, 25, 0, 0
2070, 21, 0, 0
2320, 18, 0, 0
2570, 9, 0, 0
2820, 15, 0, 0
3070, 25, 0, 0
3321, 37, 0, 0
3571, 31, 0, 0
3821, 15, 0, 0
4071, 15, 0, 0
4321, 28, 0, 0
4571, 21, 0, 0
4821, 28, 0, 0
5071, 28, 0, 0
5321, 12, 0, 0
5571, 12, 0, 0
5821, 28, 0, 0
6071, 18, 0, 0
6322, 31, 0, 0
6572, 27, 0, 0
6822, 6, 0, 0
7072, 12, 0, 0
7322, 24, 0, 0
7572, 24, 0, 0
7822, 27, 0, 0
8072, 27, 0, 0
8322, 21, 0, 0
8572, 24, 0, 0
8822, 27, 0, 0
9073, 27, 0, 0
9323, 27, 0, 0
9573, 34, 0, 0
9823, 21, 0, 0
10073, 6, 0, 0
10323, 24, 0, 0
10573, 43, 0, 0
10823, 30, 0, 0
11073, 27, 0, 0
11323, 27, 0, 0
11573, 27, 0, 0
11823, 30, 0, 0
12074, 18, 0, 0
12324, 9, 0, 0
12574, 21, 0, 0
12824, 15, 0, 0
13074, 30, 0, 0
13324, 27, 0, 0
13574, 27, 0, 0
13824, 37, 0, 0
14074, 37, 0, 0
14324, 30, 0, 0
14574, 15, 0, 0
14825, 15, 0, 0
15075, 30, 0, 0
15325, 30, 0, 0
15575, 27, 0, 0
15825, 40, 0, 0
16075, 36, 0, 0
16325, 15, 0, 0
16575, 12, 0, 0
16825, 30, 0, 0
17075, 21, 0, 0
17325, 24, 0, 0
17575, 21, 0, 0
17826, 21, 0, 0
18076, 18, 0, 0
18326, 18, 0, 0
18576, 21, 0, 0
18826, 15, 0, 0
19076, 9, 0, 0
19326, 9, 0, 0
19576, 12, 0, 0
19826, 24, 0, 0
20076, 21, 0, 0
20326, 39, 0, 0
20577, 36, 0, 0
20827, 33, 0, 0
21077, 24, 0, 0
21327, 21, 0, 0
21577, 24, 0, 0
21827, 27, 0, 0
22077, 24, 0, 0
22327, 30, 0, 0
22577, 21, 0, 0
22827, 3, 0, 0
23077, 6, 0, 0
23327, 30, 0, 0
23578, 24, 0, 0
24078, 9, 0, 0
24328, 3, 0, 0
24578, 9, 0, 0
24828, 18, 0, 0
25078, 36, 0, 0
25328, 15, 0, 0
25578, 15, 0, 0
25828, 15, 0, 0
26078, 9, 0, 0
26329, 24, 0, 0
26579, 15, 0, 0
26829, 24, 0, 0
27079, 15, 0, 0
27329, 27, 0, 0
27579, 21, 0, 0
27829, 3, 0, 0
28079, 12, 0, 0
28329, 39, 0, 0
28579, 39, 0, 0
28829, 12, 0, 0
29079, 3, 0, 0
29330, 42, 0, 0
29580, 27, 0, 0
29830, 15, 0, 0
30080, 6, 0, 0
30330, 30, 0, 0
30580, 27, 0, 0
30830, 18, 0, 0
31080, 21, 0, 0
31330, 15, 0, 0
31580, 18, 0, 0
31830, 24, 0, 0
32081, 48, 0, 0
32331, 9, 0, 0
32581, 24, 0, 0
32831, 9, 0, 0
33081, 9, 0, 0
33331, 18, 0, 0
33581, 51, 0, 0
33831, 21, 0, 0
34081, 12, 0, 0
34331, 24, 0, 0
34581, 12, 0, 0
34831, 21, 0, 0
35082, 36, 0, 0
35332, 9, 0, 0
35582, 24, 0, 0
35832, 15, 0, 0
36082, 21, 0, 0
36332, 18, 0, 0
36582, 9, 0, 0
36832, 15, 0, 0
37082, 18, 0, 0
37332, 9, 0, 0
37582, 24, 0, 0
37833, 12, 0, 0
38083, 18, 0, 0
38333, 21, 0, 0
38583, 33, 0, 0
38833, 12, 0, 0
39083, 18, 0, 0
39333, 21, 0, 0
39583, 3, 0, 0
40083, 15, 0, 0
40333, 18, 0, 0
40583, 12, 0, 0
40834, 5, 0, 0
41084, 2, 0, 0
41334, 2, 0, 0
41584, 11, 0, 0
41834, 5, 0, 0
42084, 23, 0, 0
42334, 14, 0, 0
42584, 20, 0, 0
42834, 23, 0, 0
43084, 26, 0, 0
43334, 17, 0, 0
43585, 8, 0, 0
43835, 2, 0, 0
44085, 11, 0, 0
44335, 17, 0, 0
44585, 14, 0, 0
44835, 11, 0, 0
45085, 17, 0, 0
45335, 8, 0, 0
45585, 8, 0, 0
45835, 5, 0, 0
46085, 11, 0, 0
46335, 20, 0, 0
46586, 14, 0, 0
46836, 20, 0, 0
47086, 17, 0, 0
47336, 14, 0, 0
47586, 11, 0, 0
47836, 17, 0, 0
48086, 8, 0, 0
48336, 35, 0, 0
48586, 35, 0, 0
48836, 38, 0, 0
49086, 20, 0, 0
49337, 29, 0, 0
49587, 23, 0, 0
49837, 29, 0, 0
50087, 26, 0, 0
50337, 20, 0, 0
50587, 5, 0, 0
50837, 14, 0, 0
51087, 11, 0, 0
51337, 14, 0, 0
51587, 35, 0, 0
51837, 44, 0, 0
52087, 29, 0, 0
52338, 17, 0, 0
52588, 11, 0, 0
52838, 8, 0, 0
53088, 5, 0, 0
53338, 8, 0, 0
53588, 23, 0, 0
53838, 14, 0, 0
54088, 23, 0, 0
54338, 14, 0, 0
54588, 29, 0, 0
54838, 26, 0, 0
55089, 11, 0, 0
55339, 23, 0, 0
55589, 20, 0, 0
55839, 32, 0, 0
56089, 26, 0, 0
56339, 32, 0, 0
56589, 23, 0, 0
56839, 29, 0, 0
57089, 11, 0, 0
57339, 17, 0, 0
57589, 26, 0, 0
57839, 26, 0, 0
58090, 29, 0, 0
58340, 29, 0, 0
58590, 20, 0, 0
58840, 23, 0, 0
59090, 14, 0, 0
59340, 29, 0, 0
59590, 14, 0, 0
59840, 23, 0, 0
60090, 20, 0, 0
320, 31, 0, 0
570, 25, 0, 0
820, 25, 0, 0
1070, 12, 0, 0
1320, 25, 0, 0
1570, 18, 0, 0
1820, 31, 0, 0
2070, 21, 0, 0
2320, 21, 0, 0
2570, 25, 0, 0
2820, 25, 0, 0
3070, 25, 0, 0
3321, 12, 0, 0
3571, 28, 0, 0
3821, 31, 0, 0
4071, 21, 0, 0
4321, 24, 0, 0
4571, 21, 0, 0
4821, 9, 0, 0
5071, 28, 0, 0
5321, 21, 0, 0
5571, 21, 0, 0
5821, 28, 0, 0
6071, 28, 0, 0
6322, 18, 0, 0
6572, 21, 0, 0
6822, 15, 0, 0
7072, 24, 0, 0
7322, 15, 0, 0
7572, 21, 0, 0
7822, 15, 0, 0
8072, 12, 0, 0
8322, 21, 0, 0
8572, 18, 0, 0
8822, 9, 0, 0
9073, 15, 0, 0
9323, 15, 0, 0
9573, 9, 0, 0
9823, 24, 0, 0
10073, 18, 0, 0
10323, 24, 0, 0
10573, 15, 0, 0
10823, 18, 0, 0
11073, 9, 0, 0
11323, 27, 0, 0
11573, 9, 0, 0
11823, 18, 0, 0
12074, 27, 0, 0
12324, 15, 0, 0
12574, 21, 0, 0
12824, 21, 0, 0
13074, 27, 0, 0
13324, 21, 0, 0
13574, 15, 0, 0
13824, 6, 0, 0
14074, 15, 0, 0
14324, 33, 0, 0
14574, 18, 0, 0
14825, 24, 0, 0
15075, 30, 0, 0
15325, 24, 0, 0
15575, 15, 0, 0
15825, 15, 0, 0
16075, 12, 0, 0
16325, 12, 0, 0
16575, 24, 0, 0
16825, 18, 0, 0
17075, 15, 0, 0
17325, 46, 0, 0
17575, 3, 0, 0
17826, 24, 0, 0
18076, 18, 0, 0
18326, 30, 0, 0
18576, 21, 0, 0
18826, 27, 0, 0
19076, 33, 0, 0
19326, 3, 0, 0
19576, 21, 0, 0
19826, 21, 0, 0
20076, 18, 0, 0
20326, 12, 0, 0
20577, 18, 0, 0
20827, 30, 0, 0
21077, 27, 0, 0
21327, 15, 0, 0
21577, 12, 0, 0
21827, 9, 0, 0
22077, 6, 0, 0
22327, 18, 0, 0
22577, 30, 0, 0
22827, 15, 0, 0
23077, 15, 0, 0
23327, 21, 0, 0
23578, 48, 0, 0
23828, 48, 0, 0
24078, 30, 0, 0
24328, 27, 0, 0
24578, 42, 0, 0
24828, 36, 0, 0
25078, 15, 0, 0
25328, 6, 0, 0
25578, 21, 0, 0
25828, 9, 0, 0
26329, 12, 0, 0
26579, 18, 0, 0
26829, 24, 0, 0
27079, 24, 0, 0
27329, 15, 0, 0
27579, 18, 0, 0
27829, 27, 0, 0
28079, 45, 0, 0
28329, 33, 0, 0
28579, 9, 0, 0
28829, 57, 0, 0
29079, 45, 0, 0
29330, 24, 0, 0
29580, 15, 0, 0
29830, 12, 0, 0
30080, 21, 0, 0
30330, 27, 0, 0
30580, 27, 0, 0
30830, 27, 0, 0
31080, 15, 0, 0
31330, 9, 0, 0
31580, 15, 0, 0
31830, 27, 0, 0
32081, 15, 0, 0
32331, 9, 0, 0
32581, 15, 0, 0
32831, 39, 0, 0
33081, 30, 0, 0
33331, 18, 0, 0
33581, 15, 0, 0
33831, 30, 0, 0
34081, 12, 0, 0
34331, 30, 0, 0
34581, 27, 0, 0
34831, 21, 0, 0
35082, 9, 0, 0
35332, 18, 0, 0
35582, 18, 0, 0
35832, 12, 0, 0
36082, 12, 0, 0
36332, 21, 0, 0
36582, 33, 0, 0
36832, 39, 0, 0
37082, 30, 0, 0
37332, 21, 0, 0
37582, 18, 0, 0
37833, 33, 0, 0
38083, 33, 0, 0
38333, 27, 0, 0
38583, 21, 0, 0
38833, 39, 0, 0
39083, 27, 0, 0
39333, 21, 0, 0
39583, 9, 0, 0
39833, 18, 0, 0
40083, 3, 0, 0
40333, 36, 0, 0
40583, 39, 0, 0
40834, 32, 0, 0
41084, 38, 0, 0
41334, 41, 0, 0
41584, 29, 0, 0
41834, 47, 0, 0
42084, 44, 0, 0
42334, 56, 0, 0
42584, 35, 0, 0
42834, 38, 0, 0
43084, 17, 0, 0
43334, 35, 0, 0
43585, 35, 0, 0
43835, 41, 0, 0
44085, 32, 0, 0
44335, 29, 0, 0
44585, 32, 0, 0
44835, 35, 0, 0
45085, 35, 0, 0
45335, 26, 0, 0
45585, 35, 0, 0
45835, 38, 0, 0
46085, 26, 0, 0
46335, 23, 0, 0
46586, 20, 0, 0
46836, 11, 0, 0
47086, 20, 0, 0
47336, 23, 0, 0
47586, 32, 0, 0
47836, 23, 0, 0
48086, 2, 0, 0
48336, 11, 0, 0
48586, 20, 0, 0
48836, 20, 0, 0
49086, 23, 0, 0
49337, 5, 0, 0
49587, 8, 0, 0
49837, 14, 0, 0
50087, 14, 0, 0
50337, 20, 0, 0
50587, 32, 0, 0
50837, 32, 0, 0
51087, 29, 0, 0
51337, 14, 0, 0
51587, 8, 0, 0
51837, 2, 0, 0
52087, 11, 0, 0
52338, 20, 0, 0
52588, 14, 0, 0
52838, 17, 0, 0
53088, 11, 0, 0
53338, 11, 0, 0
53588, 8, 0, 0
53838, 8, 0, 0
54088, 23, 0, 0
54338, 35, 0, 0
54588, 20, 0, 0
54838, 20, 0, 0
55089, 32, 0, 0
55339, 20, 0, 0
55589, 17, 0, 0
55839, 17, 0, 0
56089, 14, 0, 0
56339, 20, 0, 0
56589, 29, 0, 0
56839, 11, 0, 0
57089, 26, 0, 0
57339, 8, 0, 0
57589, 20, 0, 0
57839, 8, 0, 0
58090, 20, 0, 0
58340, 17, 0, 0
58590, 26, 0, 0
58840, 26, 0, 0
59090, 29, 0, 0
59340, 2, 0, 0
59590, 2, 0, 0
59840, 23, 0, 0
60090, 17, 0, 0
519, 14, 0, 0
769, 11, 0, 0
1019, 22, 0, 0
1269, 18, 0, 0
1519, 18, 0, 0
1769, 18, 0, 0
2019, 29, 0, 0
2269, 7, 0, 0
2519, 7, 0, 0
2769, 14, 0, 0
3019, 26, 0, 0
3269, 11, 0, 0
3520, 14, 0, 0
3770, 18, 0, 0
4020, 11, 0, 0
4270, 22, 0, 0
4520, 11, 0, 0
4770, 3, 0, 0
5020, 14, 0, 0
5270, 18, 0, 0
5520, 33, 0, 0
5770, 29, 0, 0
6020, 22, 0, 0
6270, 25, 0, 0
6521, 33, 0, 0
6771, 11, 0, 0
7021, 14, 0, 0
7271, 7, 0, 0
7521, 18, 0, 0
7771, 11, 0, 0
8021, 11, 0, 0
8271, 11, 0, 0
8521, 11, 0, 0
8771, 14, 0, 0
9021, 7, 0, 0
9272, 11, 0, 0
9522, 7, 0, 0
9772, 14, 0, 0
10022, 18, 0, 0
10272, 22, 0, 0
10522, 14, 0, 0
10772, 47, 0, 0
11022, 25, 0, 0
11272, 22, 0, 0
11522, 11, 0, 0
11772, 22, 0, 0
12022, 18, 0, 0
12273, 14, 0, 0
12523, 14, 0, 0
12773, 7, 0, 0
13023, 7, 0, 0
13273, 10, 0, 0
13523, 18, 0, 0
13773, 10, 0, 0
14023, 14, 0, 0
14273, 18, 0, 0
14523, 25, 0, 0
14773, 25, 0, 0
15024, 25, 0, 0
15274, 32, 0, 0
15524, 40, 0, 0
15774, 32, 0, 0
16024, 3, 0, 0
16274, 25, 0, 0
16524, 18, 0, 0
16774, 10, 0, 0
17024, 18, 0, 0
17274, 3, 0, 0
17524, 3, 0, 0
17774, 14, 0, 0
18025, 10, 0, 0
18275, 7, 0, 0
18525, 14, 0, 0
18775, 7, 0, 0
19025, 7, 0, 0
19275, 3, 0, 0
19525, 14, 0, 0
19775, 7, 0, 0
20025, 14, 0, 0
20275, 29, 0, 0
20525, 18, 0, 0
20776, 10, 0, 0
21026, 25, 0, 0
21276, 10, 0, 0
21526, 25, 0, 0
21776, 14, 0, 0
22026, 21, 0, 0
22276, 21, 0, 0
22526, 36, 0, 0
22776, 25, 0, 0
23026, 28, 0, 0
23276, 7, 0, 0
23777, 25, 0, 0
24027, 25, 0, 0
24277, 21, 0, 0
24527, 21, 0, 0
24777, 21, 0, 0
25027, 10, 0, 0
25277, 43, 0, 0
25527, 14, 0, 0
25777, 18, 0, 0
26027, 21, 0, 0
26277, 25, 0, 0
26528, 21, 0, 0
26778, 17, 0, 0
27028, 17, 0, 0
27278, 14, 0, 0
27528, 17, 0, 0
27778, 17, 0, 0
28028, 28, 0, 0
28278, 21, 0, 0
28528, 21, 0, 0
28778, 25, 0, 0
29028, 14, 0, 0
29278, 14, 0, 0
29529, 17, 0, 0
29779, 14, 0, 0
30029, 10, 0, 0
30279, 28, 0, 0
30529, 21, 0, 0
30779, 39, 0, 0
31029, 25, 0, 0
31279, 28, 0, 0
31529, 10, 0, 0
31779, 21, 0, 0
32029, 21, 0, 0
32280, 28, 0, 0
32530, 21, 0, 0
32780, 10, 0, 0
33030, 21, 0, 0
33280, 42, 0, 0
33530, 7, 0, 0
33780, 14, 0, 0
34030, 14, 0, 0
34280, 21, 0, 0
34530, 17, 0, 0
34780, 17, 0, 0
35030, 17, 0, 0
35281, 14, 0, 0
35531, 32, 0, 0
35781, 35, 0, 0
36031, 21, 0, 0
36281, 14, 0, 0
36531, 21, 0, 0
36781, 28, 0, 0
37031, 14, 0, 0
37281, 21, 0, 0
37531, 21, 0, 0
37781, 3, 0, 0
38031, 7, 0, 0
38282, 3, 0, 0
38532, 21, 0, 0
38782, 28, 0, 0
39032, 17, 0, 0
39282, 17, 0, 0
39532, 46, 0, 0
39782, 49, 0, 0
40032, 42, 0, 0
40282, 21, 0, 0
40532, 31, 0, 0
40782, 35, 0, 0
41033, 31, 0, 0
41283, 38, 0, 0
41533, 7, 0, 0
41783, 17, 0, 0
42033, 7, 0, 0
42283, 3, 0, 0
42533, 7, 0, 0
42783, 21, 0, 0
43033, 21, 0, 0
43283, 3, 0, 0
43533, 17, 0, 0
43784, 10, 0, 0
44034, 14, 0, 0
44284, 10, 0, 0
44534, 10, 0, 0
44784, 24, 0, 0
45034, 17, 0, 0
45284, 10, 0, 0
45534, 10, 0, 0
45784, 17, 0, 0
46034, 7, 0, 0
46284, 3, 0, 0
46534, 17, 0, 0
46785, 17, 0, 0
47035, 14, 0, 0
47285, 17, 0, 0
47535, 24, 0, 0
47785, 17, 0, 0
48035, 21, 0, 0
48285, 31, 0, 0
48535, 38, 0, 0
48785, 14, 0, 0
49035, 7, 0, 0
49285, 3, 0, 0
49536, 6, 0, 0
50036, 13, 0, 0
50286, 6, 0, 0
50536, 13, 0, 0
50786, 6, 0, 0
51036, 13, 0, 0
51286, 17, 0, 0
51536, 6, 0, 0
51786, 17, 0, 0
52286, 10, 0, 0
52537, 10, 0, 0
52787, 10, 0, 0
53037, 13, 0, 0
53287, 13, 0, 0
53537, 17, 0, 0
53787, 24, 0, 0
54037, 20, 0, 0
54287, 24, 0, 0
54537, 6, 0, 0
54787, 13, 0, 0
55037, 17, 0, 0
55288, 6, 0, 0
55538, 3, 0, 0
55788, 13, 0, 0
56038, 24, 0, 0
56288, 10, 0, 0
56538, 3, 0, 0
56788, 6, 0, 0
57038, 6, 0, 0
57538, 10, 0, 0
57788, 10, 0, 0
58038, 10, 0, 0
58289, 17, 0, 0
58539, 17, 0, 0
58789, 24, 0, 0
59039, 31, 0, 0
59289, 27, 0, 0
59539, 20, 0, 0
59789, 17, 0, 0
60039, 20, 0, 0
268, 11, 0, 0
519, 37, 0, 0
769, 22, 0, 0
1019, 7, 0, 0
1269, 3, 0, 0
1519, 14, 0, 0
1769, 22, 0, 0
2019, 11, 0, 0
2269, 11, 0, 0
2519, 22, 0, 0
2769, 22, 0, 0
3019, 7, 0, 0
3269, 3, 0, 0
3520, 7, 0, 0
3770, 22, 0, 0
4020, 33, 0, 0
4270, 18, 0, 0
4520, 11, 0, 0
4770, 18, 0, 0
5020, 22, 0, 0
5270, 33, 0, 0
5520, 7, 0, 0
5770, 25, 0, 0
6020, 33, 0, 0
6270, 22, 0, 0
6521, 18, 0, 0
6771, 33, 0, 0
7021, 14, 0, 0
7271, 22, 0, 0
7521, 11, 0, 0
7771, 18, 0, 0
8021, 22, 0, 0
8271, 18, 0, 0
8521, 25, 0, 0
8771, 22, 0, 0
9021, 7, 0, 0
9272, 25, 0, 0
9522, 11, 0, 0
9772, 22, 0, 0
10022, 22, 0, 0
10272, 14, 0, 0
10522, 33, 0, 0
10772, 25, 0, 0
11022, 25, 0, 0
11272, 14, 0, 0
11522, 11, 0, 0
11772, 14, 0, 0
12022, 11, 0, 0
12273, 32, 0, 0
12523, 25, 0, 0
12773, 47, 0, 0
13023, 40, 0, 0
13273, 25, 0, 0
13523, 14, 0, 0
13773, 14, 0, 0
14023, 14, 0, 0
14273, 7, 0, 0
14523, 18, 0, 0
14773, 7, 0, 0
15024, 21, 0, 0
15274, 3, 0, 0
15774, 7, 0, 0
16024, 14, 0, 0
16274, 29, 0, 0
16524, 40, 0, 0
16774, 7, 0, 0
17024, 25, 0, 0
17274, 21, 0, 0
17524, 10, 0, 0
17774, 14, 0, 0
18025, 40, 0, 0
18275, 25, 0, 0
18525, 18, 0, 0
18775, 25, 0, 0
19025, 29, 0, 0
19275, 25, 0, 0
19525, 18, 0, 0
19775, 29, 0, 0
20025, 25, 0, 0
20275, 18, 0, 0
20525, 18, 0, 0
20776, 7, 0, 0
21026, 28, 0, 0
21276, 28, 0, 0
21526, 7, 0, 0
21776, 10, 0, 0
22026, 21, 0, 0
22276, 21, 0, 0
22776, 14, 0, 0
23026, 18, 0, 0
23276, 10, 0, 0
23526, 36, 0, 0
23777, 14, 0, 0
24027, 28, 0, 0
24277, 18, 0, 0
24527, 32, 0, 0
24777, 39, 0, 0
25027, 21, 0, 0
25277, 10, 0, 0
25527, 21, 0, 0
25777, 14, 0, 0
26027, 7, 0, 0
26277, 18, 0, 0
26528, 3, 0, 0
26778, 21, 0, 0
27028, 10, 0, 0
27278, 25, 0, 0
27528, 10, 0, 0
27778, 17, 0, 0
28028, 21, 0, 0
28278, 14, 0, 0
28528, 10, 0, 0
28778, 10, 0, 0
29028, 43, 0, 0
29278, 28, 0, 0
29529, 17, 0, 0
29779, 10, 0, 0
30029, 21, 0, 0
30279, 17, 0, 0
30529, 32, 0, 0
30779, 35, 0, 0
31029, 14, 0, 0
31279, 21, 0, 0
31529, 25, 0, 0
31779, 17, 0, 0
32029, 21, 0, 0
32280, 14, 0, 0
32530, 28, 0, 0
32780, 25, 0, 0
33030, 17, 0, 0
33280, 25, 0, 0
33530, 21, 0, 0
33780, 39, 0, 0
34030, 28, 0, 0
34280, 28, 0, 0
34530, 25, 0, 0
34780, 32, 0, 0
35030, 35, 0, 0
35281, 32, 0, 0
35531, 32, 0, 0
35781, 17, 0, 0
36031, 39, 0, 0
36281, 42, 0, 0
36531, 42, 0, 0
36781, 39, 0, 0
37031, 24, 0, 0
37281, 7, 0, 0
37531, 17, 0, 0
37781, 32, 0, 0
38031, 32, 0, 0
38282, 24, 0, 0
38532, 28, 0, 0
38782, 17, 0, 0
39032, 42, 0, 0
39282, 21, 0, 0
39532, 17, 0, 0
39782, 17, 0, 0
40032, 17, 0, 0
40282, 24, 0, 0
40532, 28, 0, 0
40782, 14, 0, 0
41033, 21, 0, 0
41283, 17, 0, 0
41533, 3, 0, 0
41783, 14, 0, 0
42033, 10, 0, 0
42283, 10, 0, 0
42533, 14, 0, 0
42783, 3, 0, 0
43033, 7, 0, 0
43283, 14, 0, 0
43533, 3, 0, 0
43784, 14, 0, 0
44034, 3, 0, 0
44284, 7, 0, 0
44534, 3, 0, 0
44784, 10, 0, 0
45034, 10, 0, 0
45284, 14, 0, 0
45534, 14, 0, 0
45784, 14, 0, 0
46034, 14, 0, 0
46284, 24, 0, 0
46534, 14, 0, 0
46785, 17, 0, 0
47035, 14, 0, 0
47285, 7, 0, 0
47535, 14, 0, 0
47785, 14, 0, 0
48035, 3, 0, 0
48285, 10, 0, 0
48535, 7, 0, 0
48785, 24, 0, 0
49035, 24, 0, 0
49285, 28, 0, 0
49536, 24, 0, 0
49786, 31, 0, 0
50036, 27, 0, 0
50286, 20, 0, 0
50536, 27, 0, 0
50786, 17, 0, 0
51036, 34, 0, 0
51286, 24, 0, 0
51536, 34, 0, 0
51786, 13, 0, 0
52036, 10, 0, 0
52286, 13, 0, 0
52537, 31, 0, 0
52787, 17, 0, 0
53037, 10, 0, 0
53287, 17, 0, 0
53537, 13, 0, 0
53787, 6, 0, 0
54037, 20, 0, 0
54287, 24, 0, 0
54537, 24, 0, 0
54787, 10, 0, 0
55037, 27, 0, 0
55288, 20, 0, 0
55538, 24, 0, 0
55788, 10, 0, 0
56038, 38, 0, 0
56288, 24, 0, 0
56538, 24, 0, 0
56788, 34, 0, 0
57038, 52, 0, 0
57288, 24, 0, 0
57538, 27, 0, 0
57788, 38, 0, 0
58038, 38, 0, 0
58289, 51, 0, 0
58539, 27, 0, 0
58789, 27, 0, 0
59039, 24, 0, 0
59289, 10, 0, 0
59539, 34, 0, 0
59789, 34, 0, 0
60039, 20, 0, 0
268, 11, 0, 0
518, 29, 0, 0
769, 11, 0, 0
1019, 22, 0, 0
1269, 18, 0, 0
1519, 18, 0, 0
1769, 18, 0, 0
2019, 14, 0, 0
2269, 18, 0, 0
2519, 11, 0, 0
2769, 22, 0, 0
3019, 3, 0, 0
3269, 7, 0, 0
3520, 7, 0, 0
3770, 18, 0, 0
4020, 18, 0, 0
4270, 33, 0, 0
4520, 22, 0, 0
4770, 37, 0, 0
5020, 18, 0, 0
5270, 22, 0, 0
5520, 25, 0, 0
5770, 11, 0, 0
6020, 14, 0, 0
6270, 22, 0, 0
6521, 29, 0, 0
6771, 22, 0, 0
7021, 25, 0, 0
7271, 25, 0, 0
7521, 18, 0, 0
7771, 33, 0, 0
8021, 18, 0, 0
8271, 40, 0, 0
8521, 14, 0, 0
8771, 14, 0, 0
9021, 33, 0, 0
9271, 44, 0, 0
9522, 14, 0, 0
9772, 25, 0, 0
10022, 25, 0, 0
10272, 25, 0, 0
10522, 14, 0, 0
10772, 3, 0, 0
11022, 3, 0, 0
11272, 14, 0, 0
11522, 29, 0, 0
11772, 29, 0, 0
12022, 14, 0, 0
12273, 10, 0, 0
12523, 14, 0, 0
12773, 3, 0, 0
13023, 10, 0, 0
13273, 18, 0, 0
13523, 21, 0, 0
13773, 3, 0, 0
14023, 21, 0, 0
14273, 18, 0, 0
14523, 7, 0, 0
14773, 14, 0, 0
15023, 32, 0, 0
15274, 14, 0, 0
15524, 29, 0, 0
15774, 14, 0, 0
16024, 10, 0, 0
16274, 7, 0, 0
16524, 14, 0, 0
16774, 10, 0, 0
17024, 3, 0, 0
17274, 14, 0, 0
17524, 21, 0, 0
17774, 18, 0, 0
18025, 14, 0, 0
18275, 3, 0, 0
18525, 3, 0, 0
18775, 7, 0, 0
19025, 10, 0, 0
19275, 14, 0, 0
19525, 25, 0, 0
19775, 29, 0, 0
20025, 18, 0, 0
20275, 18, 0, 0
20525, 18, 0, 0
20775, 29, 0, 0
21026, 10, 0, 0
21276, 18, 0, 0
21526, 28, 0, 0
21776, 32, 0, 0
22026, 3, 0, 0
22276, 7, 0, 0
22526, 18, 0, 0
22776, 10, 0, 0
23026, 10, 0, 0
23276, 28, 0, 0
23526, 28, 0, 0
23777, 28, 0, 0
24027, 25, 0, 0
24277, 14, 0, 0
24527, 10, 0, 0
24777, 7, 0, 0
25027, 10, 0, 0
25277, 3, 0, 0
25777, 14, 0, 0
26527, 3, 0, 0
26778, 3, 0, 0
27028, 7, 0, 0
27278, 14, 0, 0
27528, 3, 0, 0
27778, 10, 0, 0
28028, 7, 0, 0
28278, 7, 0, 0
28528, 17, 0, 0
28778, 17, 0, 0
29028, 7, 0, 0
29278, 7, 0, 0
29529, 21, 0, 0
29779, 3, 0, 0
30029, 3, 0, 0
30279, 7, 0, 0
30529, 14, 0, 0
30779, 14, 0, 0
31029, 28, 0, 0
31279, 14, 0, 0
31529, 21, 0, 0
31779, 21, 0, 0
32029, 17, 0, 0
32279, 10, 0, 0
32530, 25, 0, 0
32780, 17, 0, 0
33030, 17, 0, 0
33280, 14, 0, 0
33530, 32, 0, 0
33780, 25, 0, 0
34030, 7, 0, 0
34280, 14, 0, 0
34530, 7, 0, 0
34780, 14, 0, 0
35030, 14, 0, 0
35281, 21, 0, 0
35531, 7, 0, 0
35781, 14, 0, 0
36031, 28, 0, 0
36281, 17, 0, 0
36531, 10, 0, 0
36781, 21, 0, 0
37031, 24, 0, 0
37281, 21, 0, 0
37531, 10, 0, 0
37781, 7, 0, 0
38031, 17, 0, 0
38282, 14, 0, 0
38532, 10, 0, 0
41033, 7, 0, 0
41283, 10, 0, 0
41533, 35, 0, 0
41783, 21, 0, 0
42033, 21, 0, 0
42283, 31, 0, 0
42533, 17, 0, 0
42783, 14, 0, 0
43033, 42, 0, 0
43283, 31, 0, 0
43533, 42, 0, 0
43783, 31, 0, 0
44034, 21, 0, 0
44284, 35, 0, 0
44534, 28, 0, 0
44784, 31, 0, 0
45034, 28, 0, 0
45284, 35, 0, 0
45534, 42, 0, 0
45784, 28, 0, 0
46034, 10, 0, 0
46284, 31, 0, 0
46534, 28, 0, 0
46784, 24, 0, 0
47035, 21, 0, 0
47285, 14, 0, 0
47535, 14, 0, 0
47785, 14, 0, 0
48035, 14, 0, 0
48285, 3, 0, 0
49285, 10, 0, 0
49536, 7, 0, 0
49786, 10, 0, 0
50036, 3, 0, 0
50286, 24, 0, 0
50536, 17, 0, 0
50786, 17, 0, 0
51036, 20, 0, 0
51286, 17, 0, 0
51536, 17, 0, 0
51786, 10, 0, 0
52036, 10, 0, 0
52286, 6, 0, 0
52537, 27, 0, 0
52787, 6, 0, 0
53037, 24, 0, 0
53287, 13, 0, 0
53537, 13, 0, 0
53787, 17, 0, 0
54037, 41, 0, 0
54287, 6, 0, 0
54537, 17, 0, 0
54787, 13, 0, 0
55037, 17, 0, 0
55287, 17, 0, 0
55538, 27, 0, 0
55788, 24, 0, 0
56038, 13, 0, 0
56288, 17, 0, 0
56538, 24, 0, 0
56788, 27, 0, 0
57038, 6, 0, 0
57288, 17, 0, 0
57538, 6, 0, 0
58038, 10, 0, 0
58289, 10, 0, 0
58789, 3, 0, 0
59289, 3, 0, 0
59539, 10, 0, 0
59789, 6, 0, 0
60289, 3, 0, 0
268, 18, 0, 0
518, 14, 0, 0
769, 29, 0, 0
1019, 11, 0, 0
1269, 29, 0, 0
1519, 18, 0, 0
1769, 18, 0, 0
2019, 26, 0, 0
2269, 18, 0, 0
2519, 11, 0, 0
2769, 29, 0, 0
3019, 33, 0, 0
3269, 33, 0, 0
3520, 18, 0, 0
3770, 25, 0, 0
4020, 7, 0, 0
4270, 14, 0, 0
4520, 14, 0, 0
4770, 14, 0, 0
5020, 22, 0, 0
5270, 18, 0, 0
5520, 37, 0, 0
5770, 18, 0, 0
6020, 29, 0, 0
6270, 29, 0, 0
6521, 22, 0, 0
6771, 29, 0, 0
7021, 22, 0, 0
7271, 14, 0, 0
7521, 25, 0, 0
7771, 25, 0, 0
8021, 7, 0, 0
8271, 7, 0, 0
8521, 18, 0, 0
9021, 29, 0, 0
9271, 18, 0, 0
9522, 22, 0, 0
9772, 18, 0, 0
10022, 14, 0, 0
10272, 11, 0, 0
10522, 14, 0, 0
10772, 7, 0, 0
11022, 11, 0, 0
11272, 18, 0, 0
11522, 36, 0, 0
11772, 29, 0, 0
12022, 29, 0, 0
12273, 14, 0, 0
12523, 10, 0, 0
12773, 25, 0, 0
13023, 29, 0, 0
13273, 21, 0, 0
13523, 10, 0, 0
13773, 3, 0, 0
14023, 25, 0, 0
14273, 7, 0, 0
14523, 18, 0, 0
14773, 29, 0, 0
15023, 21, 0, 0
15274, 10, 0, 0
15524, 3, 0, 0
15774, 3, 0, 0
16024, 14, 0, 0
16274, 10, 0, 0
16524, 14, 0, 0
16774, 7, 0, 0
17024, 25, 0, 0
17274, 25, 0, 0
17524, 21, 0, 0
17774, 3, 0, 0
18025, 14, 0, 0
18275, 10, 0, 0
18525, 25, 0, 0
18775, 25, 0, 0
19025, 21, 0, 0
19275, 10, 0, 0
19525, 18, 0, 0
19775, 18, 0, 0
20025, 3, 0, 0
20275, 7, 0, 0
20525, 14, 0, 0
20775, 21, 0, 0
21026, 21, 0, 0
21276, 25, 0, 0
21526, 7, 0, 0
21776, 14, 0, 0
22026, 10, 0, 0
22276, 21, 0, 0
22526, 36, 0, 0
22776, 14, 0, 0
23026, 25, 0, 0
23276, 18, 0, 0
23526, 32, 0, 0
23777, 25, 0, 0
24027, 3, 0, 0
24277, 7, 0, 0
24527, 10, 0, 0
24777, 18, 0, 0
25027, 7, 0, 0
25277, 14, 0, 0
25527, 18, 0, 0
25777, 18, 0, 0
26027, 39, 0, 0
26277, 28, 0, 0
26528, 14, 0, 0
26778, 17, 0, 0
27028, 25, 0, 0
27278, 21, 0, 0
27528, 32, 0, 0
27778, 21, 0, 0
28028, 21, 0, 0
28278, 39, 0, 0
28528, 25, 0, 0
28778, 43, 0, 0
29028, 14, 0, 0
29278, 21, 0, 0
29529, 17, 0, 0
29779, 21, 0, 0
30029, 3, 0, 0
30279, 17, 0, 0
30529, 17, 0, 0
30779, 17, 0, 0
31029, 21, 0, 0
31279, 14, 0, 0
31529, 7, 0, 0
31779, 7, 0, 0
32029, 25, 0, 0
32279, 25, 0, 0
32530, 17, 0, 0
32780, 3, 0, 0
33030, 10, 0, 0
33280, 21, 0, 0
33530, 7, 0, 0
33780, 10, 0, 0
34030, 14, 0, 0
34280, 17, 0, 0
34530, 7, 0, 0
34780, 17, 0, 0
35030, 3, 0, 0
35281, 10, 0, 0
35531, 3, 0, 0
35781, 3, 0, 0
37281, 7, 0, 0
37531, 7, 0, 0
37781, 7, 0, 0
38282, 14, 0, 0
38532, 10, 0, 0
38782, 17, 0, 0
39032, 7, 0, 0
39282, 10, 0, 0
39532, 24, 0, 0
39782, 10, 0, 0
40032, 7, 0, 0
40282, 21, 0, 0
40532, 17, 0, 0
41033, 17, 0, 0
41283, 21, 0, 0
41533, 10, 0, 0
41783, 31, 0, 0
42033, 17, 0, 0
42283, 10, 0, 0
42533, 24, 0, 0
42783, 24, 0, 0
43033, 14, 0, 0
43283, 10, 0, 0
43533, 17, 0, 0
43783, 10, 0, 0
44034, 10, 0, 0
44284, 10, 0, 0
44534, 3, 0, 0
44784, 17, 0, 0
45034, 7, 0, 0
45284, 7, 0, 0
45534, 7, 0, 0
45784, 10, 0, 0
46034, 7, 0, 0
46284, 14, 0, 0
46534, 14, 0, 0
46785, 24, 0, 0
47035, 28, 0, 0
47285, 24, 0, 0
47535, 24, 0, 0
47785, 21, 0, 0
48035, 35, 0, 0
48285, 35, 0, 0
48535, 42, 0, 0
48785, 28, 0, 0
49035, 24, 0, 0
49285, 28, 0, 0
49536, 52, 0, 0
49786, 34, 0, 0
50036, 20, 0, 0
50286, 34, 0, 0
50536, 17, 0, 0
50786, 17, 0, 0
51036, 17, 0, 0
51286, 20, 0, 0
51536, 17, 0, 0
51786, 17, 0, 0
52036, 20, 0, 0
52286, 31, 0, 0
52537, 17, 0, 0
52787, 24, 0, 0
53037, 24, 0, 0
53287, 13, 0, 0
53537, 24, 0, 0
53787, 13, 0, 0
54037, 13, 0, 0
54287, 13, 0, 0
54537, 34, 0, 0
54787, 17, 0, 0
55037, 17, 0, 0
55287, 27, 0, 0
55538, 20, 0, 0
55788, 10, 0, 0
56038, 6, 0, 0
56288, 13, 0, 0
56538, 17, 0, 0
56788, 20, 0, 0
57038, 10, 0, 0
57288, 13, 0, 0
57538, 17, 0, 0
57788, 6, 0, 0
58038, 24, 0, 0
58289, 10, 0, 0
58539, 3, 0, 0
58789, 17, 0, 0
59039, 17, 0, 0
59289, 13, 0, 0
59539, 10, 0, 0
59789, 10, 0, 0
60039, 17, 0, 0
250, 16, 0, 0
500, 16, 0, 0
750, 20, 0, 0
1000, 16, 0, 0
1251, 31, 0, 0
1500, 20, 0, 0
1750, 32, 0, 0
2000, 20, 0, 0
2250, 28, 0, 0
2500, 24, 0, 0
2750, 24, 0, 0
3000, 16, 0, 0
3250, 12, 0, 0
3500, 8, 0, 0
3750, 12, 0, 0
4000, 4, 0, 0
4250, 32, 0, 0
4500, 16, 0, 0
4750, 16, 0, 0
5000, 16, 0, 0
5250, 32, 0, 0
5500, 32, 0, 0
5750, 32, 0, 0
6000, 24, 0, 0
6250, 36, 0, 0
6500, 24, 0, 0
6750, 24, 0, 0
7001, 3, 0, 0
7250, 4, 0, 0
7500, 20, 0, 0
7750, 8, 0, 0
8000, 28, 0, 0
8250, 40, 0, 0
8500, 16, 0, 0
8750, 16, 0, 0
9000, 16, 0, 0
9250, 28, 0, 0
9500, 40, 0, 0
9751, 19, 0, 0
10000, 24, 0, 0
10250, 12, 0, 0
10500, 24, 0, 0
10750, 16, 0, 0
11000, 20, 0, 0
11250, 40, 0, 0
11500, 36, 0, 0
11750, 28, 0, 0
12000, 40, 0, 0
12250, 16, 0, 0
12500, 24, 0, 0
12751, 23, 0, 0
13000, 16, 0, 0
13250, 16, 0, 0
13500, 4, 0, 0
13750, 20, 0, 0
14000, 24, 0, 0
14250, 28, 0, 0
14500, 24, 0, 0
14750, 8, 0, 0
15000, 12, 0, 0
15250, 36, 0, 0
15501, 16, 0, 0
15750, 16, 0, 0
16000, 12, 0, 0
16250, 28, 0, 0
16500, 24, 0, 0
16750, 32, 0, 0
17000, 8, 0, 0
17250, 16, 0, 0
17500, 24, 0, 0
17750, 20, 0, 0
18000, 20, 0, 0
18250, 32, 0, 0
18501, 11, 0, 0
18750, 60, 0, 0
19000, 24, 0, 0
19250, 32, 0, 0
19500, 36, 0, 0
19750, 24, 0, 0
20000, 12, 0, 0
20250, 28, 0, 0
20500, 28, 0, 0
20750, 44, 0, 0
21000, 28, 0, 0
21250, 36, 0, 0
21500, 36, 0, 0
22000, 24, 0, 0
22250, 24, 0, 0
22500, 32, 0, 0
22750, 36, 0, 0
23000, 20, 0, 0
23250, 32, 0, 0
23500, 36, 0, 0
23750, 8, 0, 0
24000, 24, 0, 0
24251, 31, 0, 0
24500, 8, 0, 0
24750, 8, 0, 0
25000, 16, 0, 0
25250, 16, 0, 0
25500, 36, 0, 0
25750, 44, 0, 0
26000, 20, 0, 0
26250, 32, 0, 0
26500, 20, 0, 0
26750, 20, 0, 0
27000, 32, 0, 0
27250, 16, 0, 0
27500, 28, 0, 0
27750, 40, 0, 0
28000, 28, 0, 0
28250, 32, 0, 0
28500, 12, 0, 0
28750, 20, 0, 0
29000, 28, 0, 0
29250, 24, 0, 0
29500, 12, 0, 0
29750, 16, 0, 0
30001, 15, 0, 0
30250, 12, 0, 0
30500, 36, 0, 0
30750, 32, 0, 0
31000, 32, 0, 0
31250, 16, 0, 0
31500, 20, 0, 0
31750, 12, 0, 0
32000, 20, 0, 0
32250, 24, 0, 0
32500, 24, 0, 0
32750, 28, 0, 0
33000, 20, 0, 0
33250, 16, 0, 0
33500, 36, 0, 0
33750, 12, 0, 0
34000, 24, 0, 0
34250, 16, 0, 0
34500, 20, 0, 0
34750, 12, 0, 0
35000, 24, 0, 0
35250, 16, 0, 0
35500, 64, 0, 0
35751, 27, 0, 0
36000, 16, 0, 0
36250, 16, 0, 0
36500, 28, 0, 0
36750, 40, 0, 0
37000, 28, 0, 0
37250, 32, 0, 0
37500, 28, 0, 0
37750, 36, 0, 0
38000, 28, 0, 0
38250, 56, 0, 0
38500, 40, 0, 0
38750, 32, 0, 0
39000, 24, 0, 0
39250, 16, 0, 0
39500, 28, 0, 0
39750, 36, 0, 0
40000, 32, 0, 0
40250, 16, 0, 0
40500, 24, 0, 0
40750, 24, 0, 0
41000, 20, 0, 0
41250, 4, 0, 0
41501, 11, 0, 0
41750, 8, 0, 0
42000, 8, 0, 0
42250, 16, 0, 0
42750, 8, 0, 0
43000, 4, 0, 0
43250, 16, 0, 0
43500, 36, 0, 0
43750, 16, 0, 0
44001, 35, 0, 0
44250, 20, 0, 0
44500, 12, 0, 0
44750, 16, 0, 0
45000, 20, 0, 0
45250, 40, 0, 0
45500, 20, 0, 0
45750, 20, 0, 0
46000, 12, 0, 0
46250, 20, 0, 0
46500, 8, 0, 0
46750, 36, 0, 0
47000, 24, 0, 0
47251, 15, 0, 0
47500, 24, 0, 0
47750, 12, 0, 0
48000, 36, 0, 0
48250, 20, 0, 0
48500, 8, 0, 0
48750, 12, 0, 0
49000, 20, 0, 0
49250, 20, 0, 0
49500, 4, 0, 0
49750, 8, 0, 0
50000, 20, 0, 0
50250, 32, 0, 0
50500, 36, 0, 0
50750, 12, 0, 0
51000, 36, 0, 0
51250, 28, 0, 0
51500, 48, 0, 0
51750, 8, 0, 0
52000, 20, 0, 0
52250, 40, 0, 0
52500, 56, 0, 0
52750, 44, 0, 0
53001, 51, 0, 0
53250, 64, 0, 0
53500, 40, 0, 0
53750, 36, 0, 0
54000, 48, 0, 0
54250, 40, 0, 0
54500, 28, 0, 0
54750, 32, 0, 0
55000, 12, 0, 0
55250, 20, 0, 0
55500, 20, 0, 0
55750, 20, 0, 0
56000, 16, 0, 0
56250, 36, 0, 0
56500, 32, 0, 0
56750, 36, 0, 0
57000, 36, 0, 0
57250, 20, 0, 0
57500, 24, 0, 0
57750, 20, 0, 0
58000, 16, 0, 0
58250, 28, 0, 0
58500, 4, 0, 0
58751, 27, 0, 0
59000, 16, 0, 0
59250, 16, 0, 0
59500, 16, 0, 0
59750, 20, 0, 0
60000, 20, 0, 0
60250, 4, 0, 0
500, 24, 0, 0
750, 24, 0, 0
1000, 24, 0, 0
1251, 19, 0, 0
1500, 24, 0, 0
1750, 20, 0, 0
2000, 24, 0, 0
2250, 32, 0, 0
2500, 36, 0, 0
2750, 32, 0, 0
3000, 12, 0, 0
3250, 12, 0, 0
3500, 32, 0, 0
3750, 40, 0, 0
4000, 12, 0, 0
4250, 36, 0, 0
4500, 8, 0, 0
4750, 8, 0, 0
5000, 8, 0, 0
5250, 12, 0, 0
5500, 8, 0, 0
5750, 8, 0, 0
6000, 28, 0, 0
6500, 16, 0, 0
6750, 16, 0, 0
7001, 23, 0, 0
7250, 20, 0, 0
7500, 16, 0, 0
7750, 36, 0, 0
8000, 16, 0, 0
8250, 28, 0, 0
8500, 20, 0, 0
8750, 28, 0, 0
9000, 32, 0, 0
9250, 16, 0, 0
9500, 24, 0, 0
9750, 24, 0, 0
10000, 16, 0, 0
10250, 20, 0, 0
10500, 4, 0, 0
10750, 36, 0, 0
11000, 24, 0, 0
11250, 24, 0, 0
11500, 8, 0, 0
11750, 20, 0, 0
12000, 20, 0, 0
12250, 12, 0, 0
12500, 28, 0, 0
12750, 36, 0, 0
13000, 28, 0, 0
13250, 20, 0, 0
13500, 4, 0, 0
13750, 20, 0, 0
14000, 12, 0, 0
14250, 12, 0, 0
14500, 32, 0, 0
14750, 20, 0, 0
15000, 4, 0, 0
15250, 12, 0, 0
15500, 12, 0, 0
15750, 12, 0, 0
16000, 4, 0, 0
16250, 24, 0, 0
16500, 24, 0, 0
16750, 28, 0, 0
17000, 48, 0, 0
17250, 56, 0, 0
17500, 12, 0, 0
17750, 16, 0, 0
18000, 16, 0, 0
18250, 24, 0, 0
18501, 15, 0, 0
18750, 24, 0, 0
19000, 32, 0, 0
19250, 32, 0, 0
19500, 32, 0, 0
20250, 16, 0, 0
20500, 12, 0, 0
20750, 28, 0, 0
21000, 8, 0, 0
21250, 20, 0, 0
21500, 16, 0, 0
21750, 16, 0, 0
22000, 4, 0, 0
22250, 12, 0, 0
22500, 20, 0, 0
22750, 4, 0, 0
23000, 4, 0, 0
23250, 20, 0, 0
23500, 8, 0, 0
23750, 20, 0, 0
24000, 36, 0, 0
24251, 19, 0, 0
24500, 28, 0, 0
24750, 24, 0, 0
25000, 12, 0, 0
25250, 20, 0, 0
25500, 4, 0, 0
25750, 24, 0, 0
26000, 32, 0, 0
26250, 20, 0, 0
26500, 28, 0, 0
26750, 28, 0, 0
27000, 28, 0, 0
27250, 44, 0, 0
27500, 32, 0, 0
27750, 12, 0, 0
28000, 24, 0, 0
28250, 8, 0, 0
28500, 16, 0, 0
28750, 40, 0, 0
29000, 40, 0, 0
29250, 48, 0, 0
29500, 32, 0, 0
29750, 20, 0, 0
30001, 23, 0, 0
30250, 28, 0, 0
30500, 12, 0, 0
30750, 8, 0, 0
31000, 20, 0, 0
31250, 32, 0, 0
31500, 20, 0, 0
31750, 40, 0, 0
32000, 32, 0, 0
32250, 16, 0, 0
32500, 20, 0, 0
32750, 24, 0, 0
33000, 20, 0, 0
33250, 32, 0, 0
33500, 24, 0, 0
33750, 20, 0, 0
34000, 24, 0, 0
34250, 12, 0, 0
34500, 24, 0, 0
34750, 32, 0, 0
35000, 20, 0, 0
35250, 8, 0, 0
35500, 8, 0, 0
35751, 27, 0, 0
36000, 32, 0, 0
36250, 20, 0, 0
36500, 32, 0, 0
36750, 16, 0, 0
37000, 20, 0, 0
37250, 12, 0, 0
37500, 8, 0, 0
37750, 16, 0, 0
38000, 8, 0, 0
38250, 8, 0, 0
38500, 12, 0, 0
38750, 16, 0, 0
39000, 24, 0, 0
39250, 8, 0, 0
39500, 20, 0, 0
39750, 24, 0, 0
40000, 36, 0, 0
40250, 20, 0, 0
40500, 20, 0, 0
40750, 40, 0, 0
41000, 24, 0, 0
41250, 44, 0, 0
41501, 43, 0, 0
41750, 20, 0, 0
42000, 28, 0, 0
42250, 16, 0, 0
42500, 28, 0, 0
42750, 48, 0, 0
43000, 24, 0, 0
43250, 4, 0, 0
43500, 4, 0, 0
43750, 16, 0, 0
44001, 23, 0, 0
44250, 24, 0, 0
44500, 16, 0, 0
44750, 32, 0, 0
45000, 20, 0, 0
45250, 28, 0, 0
45500, 12, 0, 0
45750, 24, 0, 0
46000, 12, 0, 0
46250, 12, 0, 0
46500, 8, 0, 0
46750, 4, 0, 0
47000, 8, 0, 0
47251, 19, 0, 0
47500, 16, 0, 0
47750, 12, 0, 0
48000, 12, 0, 0
48250, 8, 0, 0
48500, 12, 0, 0
48750, 24, 0, 0
49000, 12, 0, 0
49250, 20, 0, 0
49500, 12, 0, 0
49750, 8, 0, 0
50000, 12, 0, 0
50250, 4, 0, 0
50500, 12, 0, 0
50750, 8, 0, 0
51000, 12, 0, 0
51250, 20, 0, 0
51500, 8, 0, 0
51750, 16, 0, 0
52000, 12, 0, 0
52250, 24, 0, 0
52500, 20, 0, 0
52750, 20, 0, 0
53001, 15, 0, 0
53500, 24, 0, 0
53750, 28, 0, 0
54000, 24, 0, 0
54250, 28, 0, 0
54500, 20, 0, 0
54750, 40, 0, 0
55000, 28, 0, 0
55250, 36, 0, 0
55500, 28, 0, 0
55750, 24, 0, 0
56000, 12, 0, 0
56250, 8, 0, 0
56500, 32, 0, 0
56750, 4, 0, 0
57000, 28, 0, 0
57250, 28, 0, 0
57500, 24, 0, 0
57750, 28, 0, 0
58000, 36, 0, 0
58250, 28, 0, 0
58500, 16, 0, 0
58751, 11, 0, 0
59000, 4, 0, 0
59250, 4, 0, 0
59500, 20, 0, 0
59750, 20, 0, 0
60000, 12, 0, 0
60250, 4, 0, 0
250, 8, 0, 0
500, 8, 0, 0
750, 12, 0, 0
1000, 24, 0, 0
1251, 23, 0, 0
1500, 36, 0, 0
1750, 20, 0, 0
2000, 8, 0, 0
2250, 16, 0, 0
2500, 20, 0, 0
2750, 16, 0, 0
3000, 16, 0, 0
3250, 8, 0, 0
3500, 32, 0, 0
3750, 28, 0, 0
4000, 20, 0, 0
4250, 16, 0, 0
4500, 32, 0, 0
4750, 12, 0, 0
5000, 28, 0, 0
5250, 32, 0, 0
5500, 28, 0, 0
5750, 12, 0, 0
6000, 16, 0, 0
6250, 4, 0, 0
6500, 24, 0, 0
6750, 24, 0, 0
7001, 15, 0, 0
7500, 24, 0, 0
7750, 4, 0, 0
8000, 16, 0, 0
8250, 24, 0, 0
8500, 32, 0, 0
8750, 32, 0, 0
9000, 12, 0, 0
9250, 32, 0, 0
9500, 16, 0, 0
9750, 12, 0, 0
10000, 40, 0, 0
10250, 12, 0, 0
10500, 32, 0, 0
10750, 28, 0, 0
11000, 32, 0, 0
11250, 24, 0, 0
11500, 40, 0, 0
11750, 28, 0, 0
12000, 32, 0, 0
12250, 4, 0, 0
12500, 24, 0, 0
12750, 16, 0, 0
13000, 16, 0, 0
13250, 32, 0, 0
13500, 28, 0, 0
13750, 16, 0, 0
14000, 16, 0, 0
14250, 24, 0, 0
14500, 20, 0, 0
14750, 16, 0, 0
15000, 12, 0, 0
15250, 8, 0, 0
15500, 32, 0, 0
15750, 20, 0, 0
16000, 28, 0, 0
16250, 4, 0, 0
16500, 16, 0, 0
16750, 4, 0, 0
17000, 20, 0, 0
17500, 20, 0, 0
17750, 8, 0, 0
18000, 28, 0, 0
18250, 4, 0, 0
18501, 19, 0, 0
18750, 12, 0, 0
19000, 16, 0, 0
19250, 12, 0, 0
19500, 24, 0, 0
19750, 8, 0, 0
20000, 8, 0, 0
20250, 8, 0, 0
20500, 24, 0, 0
20750, 20, 0, 0
21000, 16, 0, 0
21250, 12, 0, 0
21500, 16, 0, 0
21750, 16, 0, 0
22000, 8, 0, 0
22250, 4, 0, 0
22500, 4, 0, 0
22750, 16, 0, 0
23000, 12, 0, 0
23250, 32, 0, 0
23500, 48, 0, 0
23750, 32, 0, 0
24000, 20, 0, 0
24251, 19, 0, 0
24500, 44, 0, 0
24750, 32, 0, 0
25000, 20, 0, 0
25250, 36, 0, 0
25500, 36, 0, 0
25750, 28, 0, 0
26000, 16, 0, 0
26250, 12, 0, 0
26500, 8, 0, 0
26750, 20, 0, 0
27000, 24, 0, 0
27250, 16, 0, 0
27500, 24, 0, 0
27750, 12, 0, 0
28000, 20, 0, 0
28250, 24, 0, 0
28500, 24, 0, 0
28750, 8, 0, 0
29000, 4, 0, 0
29250, 16, 0, 0
29500, 28, 0, 0
29750, 32, 0, 0
30001, 35, 0, 0
30250, 32, 0, 0
30500, 32, 0, 0
30750, 32, 0, 0
31000, 36, 0, 0
31250, 32, 0, 0
31500, 24, 0, 0
31750, 20, 0, 0
32000, 16, 0, 0
32250, 4, 0, 0
32500, 16, 0, 0
32750, 4, 0, 0
33250, 8, 0, 0
33500, 16, 0, 0
33750, 8, 0, 0
34000, 24, 0, 0
34250, 20, 0, 0
34500, 44, 0, 0
34750, 28, 0, 0
35000, 20, 0, 0
35250, 24, 0, 0
35500, 4, 0, 0
35751, 7, 0, 0
36000, 16, 0, 0
36250, 56, 0, 0
36500, 32, 0, 0
36750, 20, 0, 0
37000, 12, 0, 0
37250, 20, 0, 0
37500, 12, 0, 0
37750, 20, 0, 0
38000, 36, 0, 0
38250, 20, 0, 0
38500, 24, 0, 0
38750, 16, 0, 0
39000, 24, 0, 0
39250, 4, 0, 0
39500, 20, 0, 0
39750, 12, 0, 0
40000, 32, 0, 0
40250, 20, 0, 0
40500, 20, 0, 0
40750, 24, 0, 0
41000, 28, 0, 0
41250, 20, 0, 0
41501, 15, 0, 0
41750, 12, 0, 0
42000, 32, 0, 0
42250, 24, 0, 0
42500, 40, 0, 0
42750, 28, 0, 0
43000, 48, 0, 0
43250, 40, 0, 0
43500, 24, 0, 0
43750, 36, 0, 0
44001, 23, 0, 0
44250, 56, 0, 0
44500, 12, 0, 0
44750, 16, 0, 0
45000, 24, 0, 0
45250, 16, 0, 0
45500, 36, 0, 0
45750, 36, 0, 0
46000, 24, 0, 0
46250, 12, 0, 0
46500, 12, 0, 0
46750, 12, 0, 0
47000, 20, 0, 0
47251, 15, 0, 0
47750, 8, 0, 0
48000, 16, 0, 0
48250, 24, 0, 0
48500, 20, 0, 0
48750, 52, 0, 0
49000, 48, 0, 0
49250, 36, 0, 0
49500, 36, 0, 0
49750, 32, 0, 0
50000, 16, 0, 0
50250, 20, 0, 0
50500, 24, 0, 0
50750, 28, 0, 0
51000, 12, 0, 0
51250, 12, 0, 0
51500, 8, 0, 0
51750, 28, 0, 0
52000, 20, 0, 0
52250, 12, 0, 0
52500, 12, 0, 0
52750, 16, 0, 0
53001, 3, 0, 0
53250, 8, 0, 0
53500, 8, 0, 0
53750, 4, 0, 0
54000, 4, 0, 0
54250, 8, 0, 0
54500, 8, 0, 0
54750, 12, 0, 0
55000, 8, 0, 0
55250, 24, 0, 0
55500, 12, 0, 0
55750, 20, 0, 0
56000, 24, 0, 0
56250, 28, 0, 0
56500, 12, 0, 0
56750, 16, 0, 0
57000, 20, 0, 0
57250, 36, 0, 0
57500, 16, 0, 0
57750, 36, 0, 0
58000, 28, 0, 0
58250, 44, 0, 0
58500, 28, 0, 0
58751, 43, 0, 0
59000, 28, 0, 0
59250, 20, 0, 0
59500, 36, 0, 0
59750, 20, 0, 0
60000, 32, 0, 0
60250, 4, 0, 0
500, 8, 0, 0
750, 24, 0, 0
1000, 36, 0, 0
1251, 19, 0, 0
1500, 36, 0, 0
1750, 32, 0, 0
2000, 24, 0, 0
2250, 12, 0, 0
2750, 8, 0, 0
3000, 20, 0, 0
3250, 20, 0, 0
3500, 24, 0, 0
3750, 24, 0, 0
4000, 12, 0, 0
4250, 20, 0, 0
4500, 8, 0, 0
4750, 36, 0, 0
5000, 4, 0, 0
5250, 24, 0, 0
5500, 20, 0, 0
5750, 16, 0, 0
6000, 12, 0, 0
6250, 16, 0, 0
6500, 24, 0, 0
6750, 12, 0, 0
7001, 3, 0, 0
7250, 28, 0, 0
7500, 16, 0, 0
7750, 24, 0, 0
8000, 12, 0, 0
8250, 20, 0, 0
8500, 20, 0, 0
8750, 24, 0, 0
9000, 40, 0, 0
9250, 24, 0, 0
9500, 28, 0, 0
9751, 27, 0, 0
10000, 12, 0, 0
10250, 12, 0, 0
10500, 20, 0, 0
10750, 20, 0, 0
11000, 32, 0, 0
11250, 28, 0, 0
11500, 20, 0, 0
11750, 32, 0, 0
12000, 20, 0, 0
12250, 4, 0, 0
12500, 28, 0, 0
12751, 11, 0, 0
13000, 32, 0, 0
13250, 32, 0, 0
13500, 36, 0, 0
13750, 40, 0, 0
14000, 44, 0, 0
14250, 20, 0, 0
14500, 32, 0, 0
14750, 44, 0, 0
15000, 32, 0, 0
15250, 28, 0, 0
15501, 16, 0, 0
15750, 24, 0, 0
16000, 16, 0, 0
16250, 20, 0, 0
16500, 12, 0, 0
16750, 28, 0, 0
17000, 20, 0, 0
17250, 20, 0, 0
17500, 36, 0, 0
17750, 8, 0, 0
18000, 40, 0, 0
18250, 8, 0, 0
18501, 11, 0, 0
18750, 8, 0, 0
19000, 12, 0, 0
19250, 32, 0, 0
19500, 24, 0, 0
19750, 28, 0, 0
20000, 4, 0, 0
20250, 16, 0, 0
20500, 12, 0, 0
20750, 20, 0, 0
21000, 20, 0, 0
21251, 16, 0, 0
21500, 12, 0, 0
21750, 8, 0, 0
22000, 12, 0, 0
22250, 24, 0, 0
22500, 24, 0, 0
22750, 24, 0, 0
23000, 32, 0, 0
23250, 20, 0, 0
23500, 4, 0, 0
23750, 16, 0, 0
24000, 16, 0, 0
24251, 15, 0, 0
24500, 28, 0, 0
24750, 8, 0, 0
25000, 24, 0, 0
25250, 24, 0, 0
25500, 20, 0, 0
25750, 24, 0, 0
26000, 28, 0, 0
26250, 12, 0, 0
26500, 24, 0, 0
26750, 36, 0, 0
27001, 24, 0, 0
27250, 16, 0, 0
27500, 28, 0, 0
27750, 28, 0, 0
28000, 32, 0, 0
28250, 16, 0, 0
28500, 28, 0, 0
28750, 20, 0, 0
29000, 32, 0, 0
29250, 20, 0, 0
29500, 20, 0, 0
29750, 24, 0, 0
30001, 7, 0, 0
30250, 8, 0, 0
30500, 12, 0, 0
30750, 16, 0, 0
31000, 12, 0, 0
31250, 8, 0, 0
31500, 20, 0, 0
31750, 36, 0, 0
32000, 28, 0, 0
32250, 8, 0, 0
32500, 12, 0, 0
32750, 16, 0, 0
33000, 32, 0, 0
33250, 20, 0, 0
33500, 24, 0, 0
33750, 28, 0, 0
34000, 24, 0, 0
34250, 20, 0, 0
34500, 12, 0, 0
34750, 40, 0, 0
35000, 32, 0, 0
35250, 16, 0, 0
35500, 12, 0, 0
35751, 11, 0, 0
36000, 12, 0, 0
36250, 4, 0, 0
36500, 20, 0, 0
36750, 28, 0, 0
37000, 36, 0, 0
37250, 20, 0, 0
37500, 44, 0, 0
37750, 20, 0, 0
38000, 20, 0, 0
38250, 8, 0, 0
38500, 16, 0, 0
38750, 28, 0, 0
39000, 12, 0, 0
39250, 16, 0, 0
39500, 16, 0, 0
39750, 20, 0, 0
40000, 12, 0, 0
40250, 16, 0, 0
40500, 32, 0, 0
40750, 16, 0, 0
41000, 20, 0, 0
41250, 24, 0, 0
41501, 31, 0, 0
41750, 20, 0, 0
42000, 24, 0, 0
42250, 24, 0, 0
42500, 12, 0, 0
42750, 4, 0, 0
43000, 32, 0, 0
43250, 28, 0, 0
43500, 28, 0, 0
43750, 28, 0, 0
44001, 27, 0, 0
44250, 12, 0, 0
44500, 12, 0, 0
44750, 20, 0, 0
45000, 28, 0, 0
45250, 16, 0, 0
45500, 28, 0, 0
45750, 36, 0, 0
46000, 36, 0, 0
46250, 16, 0, 0
46500, 8, 0, 0
46750, 28, 0, 0
47000, 20, 0, 0
47251, 51, 0, 0
47500, 24, 0, 0
47750, 32, 0, 0
48000, 36, 0, 0
48250, 48, 0, 0
48500, 24, 0, 0
48750, 24, 0, 0
49000, 24, 0, 0
49250, 16, 0, 0
49500, 28, 0, 0
49750, 28, 0, 0
50000, 44, 0, 0
50250, 32, 0, 0
50500, 20, 0, 0
50750, 12, 0, 0
51000, 16, 0, 0
51250, 20, 0, 0
51500, 28, 0, 0
51750, 20, 0, 0
52000, 16, 0, 0
52250, 28, 0, 0
52500, 28, 0, 0
52750, 20, 0, 0
53001, 31, 0, 0
53250, 24, 0, 0
53500, 16, 0, 0
53750, 20, 0, 0
54000, 24, 0, 0
54250, 20, 0, 0
54500, 36, 0, 0
54750, 12, 0, 0
55000, 40, 0, 0
55250, 24, 0, 0
55500, 32, 0, 0
55750, 16, 0, 0
56000, 8, 0, 0
56250, 32, 0, 0
56500, 24, 0, 0
56750, 24, 0, 0
57000, 28, 0, 0
57250, 16, 0, 0
57500, 16, 0, 0
57750, 12, 0, 0
58000, 16, 0, 0
58250, 16, 0, 0
58500, 20, 0, 0
58751, 3, 0, 0
59000, 48, 0, 0
59250, 16, 0, 0
59500, 24, 0, 0
59750, 28, 0, 0
60000, 32, 0, 0
60250, 4, 0, 0
